2025-11-07 15:00:27.875 +01:00 [INF] User profile is available. Using '/Users/jaraazad/.aspnet/DataProtection-Keys' as key repository; keys will not be encrypted at rest.
2025-11-07 15:00:28.390 +01:00 [INF] Applying migration '20251024065541_InitialCreate'.
2025-11-07 15:00:28.480 +01:00 [INF] Applying migration '20251101105657_AddIdentitySupport'.
2025-11-07 15:00:28.547 +01:00 [INF] Applying migration '20251103080324_UpdateNextQuestionSceneDeleteBehavior'.
2025-11-07 15:00:29.491 +01:00 [INF] Now listening on: https://localhost:7025
2025-11-07 15:00:29.491 +01:00 [INF] Now listening on: http://localhost:5262
2025-11-07 15:00:29.495 +01:00 [INF] Application started. Press Ctrl+C to shut down.
2025-11-07 15:00:29.496 +01:00 [INF] Hosting environment: Development
2025-11-07 15:00:29.497 +01:00 [INF] Content root path: /Users/jaraazad/Desktop/Jam
2025-11-07 15:00:29.845 +01:00 [INF] Request starting HTTP/2 GET https://localhost:7025/ - null null
2025-11-07 15:00:29.893 +01:00 [INF] Executing endpoint 'Jam.Controllers.HomeController.Index (Jam)'
2025-11-07 15:00:29.905 +01:00 [INF] Route matched with {action = "Index", controller = "Home", page = "", area = ""}. Executing controller action with signature System.Threading.Tasks.Task`1[Microsoft.AspNetCore.Mvc.IActionResult] Index() on controller Jam.Controllers.HomeController (Jam).
2025-11-07 15:00:29.927 +01:00 [WRN] [HomeController -> Index] Auth cookie invalid or user no longer exists. Redirecting to login.
2025-11-07 15:00:29.933 +01:00 [INF] AuthenticationScheme: Identity.Application signed out.
2025-11-07 15:00:29.935 +01:00 [INF] AuthenticationScheme: Identity.External signed out.
2025-11-07 15:00:29.935 +01:00 [INF] AuthenticationScheme: Identity.TwoFactorUserId signed out.
2025-11-07 15:00:29.936 +01:00 [INF] Executing LocalRedirectResult, redirecting to /Identity/Account/Login.
2025-11-07 15:00:29.940 +01:00 [INF] Executed action Jam.Controllers.HomeController.Index (Jam) in 32.2338ms
2025-11-07 15:00:29.941 +01:00 [INF] Executed endpoint 'Jam.Controllers.HomeController.Index (Jam)'
2025-11-07 15:00:29.954 +01:00 [INF] Request finished HTTP/2 GET https://localhost:7025/ - 302 0 null 107.7477ms
2025-11-07 15:00:29.961 +01:00 [INF] Request starting HTTP/2 GET https://localhost:7025/Identity/Account/Login - null null
2025-11-07 15:00:29.966 +01:00 [INF] Executing endpoint '/Account/Login'
2025-11-07 15:00:29.985 +01:00 [INF] Route matched with {page = "/Account/Login", area = "Identity", action = "", controller = ""}. Executing page /Account/Login
2025-11-07 15:00:29.998 +01:00 [INF] Executing handler method Jam.Areas.Identity.Pages.Account.LoginModel.OnGetAsync - ModelState is "Valid"
2025-11-07 15:00:30.001 +01:00 [INF] AuthenticationScheme: Identity.External signed out.
2025-11-07 15:00:30.002 +01:00 [INF] Executed handler method OnGetAsync, returned result .
2025-11-07 15:00:30.004 +01:00 [INF] Executing an implicit handler method - ModelState is "Valid"
2025-11-07 15:00:30.005 +01:00 [INF] Executed an implicit handler method, returned result Microsoft.AspNetCore.Mvc.RazorPages.PageResult.
2025-11-07 15:00:30.108 +01:00 [INF] Executed page /Account/Login in 123.0347ms
2025-11-07 15:00:30.108 +01:00 [INF] Executed endpoint '/Account/Login'
2025-11-07 15:00:30.112 +01:00 [INF] Request finished HTTP/2 GET https://localhost:7025/Identity/Account/Login - 200 null text/html; charset=utf-8 150.9346ms
2025-11-07 15:00:30.219 +01:00 [INF] Request starting HTTP/2 GET https://localhost:7025/lib/jquery-validation/dist/jquery.validate.min.js - null null
2025-11-07 15:00:30.245 +01:00 [INF] Request starting HTTP/2 GET https://localhost:7025/lib/jquery-validation-unobtrusive/jquery.validate.unobtrusive.min.js - null null
2025-11-07 15:00:30.256 +01:00 [INF] Request finished HTTP/2 GET https://localhost:7025/lib/jquery-validation-unobtrusive/jquery.validate.unobtrusive.min.js - 404 0 null 10.2343ms
2025-11-07 15:00:30.256 +01:00 [INF] Request finished HTTP/2 GET https://localhost:7025/lib/jquery-validation/dist/jquery.validate.min.js - 404 0 null 36.4501ms
2025-11-07 15:00:30.260 +01:00 [INF] Request reached the end of the middleware pipeline without being handled by application code. Request path: GET https://localhost:7025/lib/jquery-validation-unobtrusive/jquery.validate.unobtrusive.min.js, Response status code: 404
2025-11-07 15:00:30.260 +01:00 [INF] Request reached the end of the middleware pipeline without being handled by application code. Request path: GET https://localhost:7025/lib/jquery-validation/dist/jquery.validate.min.js, Response status code: 404
2025-11-07 15:00:30.977 +01:00 [INF] Request starting HTTP/2 POST https://localhost:7025/Identity/Account/Login - application/x-www-form-urlencoded 236
2025-11-07 15:00:30.981 +01:00 [INF] Executing endpoint '/Account/Login'
2025-11-07 15:00:30.981 +01:00 [INF] Route matched with {page = "/Account/Login", area = "Identity", action = "", controller = ""}. Executing page /Account/Login
2025-11-07 15:00:30.996 +01:00 [INF] Executing handler method Jam.Areas.Identity.Pages.Account.LoginModel.OnPostAsync - ModelState is "Valid"
2025-11-07 15:00:31.105 +01:00 [INF] AuthenticationScheme: Identity.Application signed in.
2025-11-07 15:00:31.105 +01:00 [INF] User logged in.
2025-11-07 15:00:31.106 +01:00 [INF] Executed handler method OnPostAsync, returned result Microsoft.AspNetCore.Mvc.LocalRedirectResult.
2025-11-07 15:00:31.106 +01:00 [INF] Executing LocalRedirectResult, redirecting to /.
2025-11-07 15:00:31.106 +01:00 [INF] Executed page /Account/Login in 124.834ms
2025-11-07 15:00:31.106 +01:00 [INF] Executed endpoint '/Account/Login'
2025-11-07 15:00:31.106 +01:00 [INF] Request finished HTTP/2 POST https://localhost:7025/Identity/Account/Login - 302 0 null 129.5076ms
2025-11-07 15:00:31.158 +01:00 [INF] Request starting HTTP/2 GET https://localhost:7025/ - null null
2025-11-07 15:00:31.160 +01:00 [INF] Executing endpoint 'Jam.Controllers.HomeController.Index (Jam)'
2025-11-07 15:00:31.160 +01:00 [INF] Route matched with {action = "Index", controller = "Home", page = "", area = ""}. Executing controller action with signature System.Threading.Tasks.Task`1[Microsoft.AspNetCore.Mvc.IActionResult] Index() on controller Jam.Controllers.HomeController (Jam).
2025-11-07 15:00:31.211 +01:00 [INF] Executing ViewResult, running view Index.
2025-11-07 15:00:31.226 +01:00 [INF] Executed ViewResult - view Index executed in 15.365ms.
2025-11-07 15:00:31.226 +01:00 [INF] Executed action Jam.Controllers.HomeController.Index (Jam) in 66.2457ms
2025-11-07 15:00:31.227 +01:00 [INF] Executed endpoint 'Jam.Controllers.HomeController.Index (Jam)'
2025-11-07 15:00:31.227 +01:00 [INF] Request finished HTTP/2 GET https://localhost:7025/ - 200 null text/html; charset=utf-8 94.1064ms
2025-11-07 15:00:32.477 +01:00 [INF] Request starting HTTP/2 GET https://localhost:7025/StoryCreation/CreateStoryAndIntro - null null
2025-11-07 15:00:32.485 +01:00 [INF] Executing endpoint 'Jam.Controllers.StoryCreationController.CreateStoryAndIntro (Jam)'
2025-11-07 15:00:32.491 +01:00 [INF] Route matched with {action = "CreateStoryAndIntro", controller = "StoryCreation", page = "", area = ""}. Executing controller action with signature Microsoft.AspNetCore.Mvc.IActionResult CreateStoryAndIntro() on controller Jam.Controllers.StoryCreationController (Jam).
2025-11-07 15:00:32.494 +01:00 [INF] Accessing expired session, Key:81240ac2-d632-8b42-bfc2-321f7eaa06ba
2025-11-07 15:00:32.501 +01:00 [INF] Executing ViewResult, running view CreateStoryAndIntro.
2025-11-07 15:00:32.557 +01:00 [INF] Executed ViewResult - view CreateStoryAndIntro executed in 57.1568ms.
2025-11-07 15:00:32.578 +01:00 [INF] Executed action Jam.Controllers.StoryCreationController.CreateStoryAndIntro (Jam) in 87.0956ms
2025-11-07 15:00:32.578 +01:00 [INF] Executed endpoint 'Jam.Controllers.StoryCreationController.CreateStoryAndIntro (Jam)'
2025-11-07 15:00:32.579 +01:00 [INF] Request finished HTTP/2 GET https://localhost:7025/StoryCreation/CreateStoryAndIntro - 200 null text/html; charset=utf-8 101.5491ms
2025-11-07 15:00:36.031 +01:00 [INF] Request starting HTTP/2 GET https://localhost:7025/StoryCreation/CreateStoryAndIntro - null null
2025-11-07 15:00:36.103 +01:00 [INF] Executing endpoint 'Jam.Controllers.StoryCreationController.CreateStoryAndIntro (Jam)'
2025-11-07 15:00:36.103 +01:00 [INF] Route matched with {action = "CreateStoryAndIntro", controller = "StoryCreation", page = "", area = ""}. Executing controller action with signature Microsoft.AspNetCore.Mvc.IActionResult CreateStoryAndIntro() on controller Jam.Controllers.StoryCreationController (Jam).
2025-11-07 15:00:36.104 +01:00 [INF] Accessing expired session, Key:81240ac2-d632-8b42-bfc2-321f7eaa06ba
2025-11-07 15:00:36.105 +01:00 [INF] Executing ViewResult, running view CreateStoryAndIntro.
2025-11-07 15:00:36.161 +01:00 [INF] Executed ViewResult - view CreateStoryAndIntro executed in 56.4787ms.
2025-11-07 15:00:36.207 +01:00 [INF] Executed action Jam.Controllers.StoryCreationController.CreateStoryAndIntro (Jam) in 80.8974ms
2025-11-07 15:00:36.253 +01:00 [INF] Executed endpoint 'Jam.Controllers.StoryCreationController.CreateStoryAndIntro (Jam)'
2025-11-07 15:00:36.256 +01:00 [INF] Request finished HTTP/2 GET https://localhost:7025/StoryCreation/CreateStoryAndIntro - 200 null text/html; charset=utf-8 224.3055ms
2025-11-07 15:00:41.141 +01:00 [INF] Request starting HTTP/2 POST https://localhost:7025/StoryCreation/CreateStoryAndIntro - application/x-www-form-urlencoded 322
2025-11-07 15:00:41.151 +01:00 [INF] Executing endpoint 'Jam.Controllers.StoryCreationController.CreateStoryAndIntro (Jam)'
2025-11-07 15:00:41.164 +01:00 [INF] Route matched with {action = "CreateStoryAndIntro", controller = "StoryCreation", page = "", area = ""}. Executing controller action with signature Microsoft.AspNetCore.Mvc.IActionResult CreateStoryAndIntro(Jam.ViewModels.StoryCreation.CreateStoryAndIntroViewModel, System.String) on controller Jam.Controllers.StoryCreationController (Jam).
2025-11-07 15:00:41.221 +01:00 [INF] Accessing expired session, Key:81240ac2-d632-8b42-bfc2-321f7eaa06ba
2025-11-07 15:00:41.226 +01:00 [INF] Executing ViewResult, running view CreateStoryAndIntro.
2025-11-07 15:00:41.313 +01:00 [INF] Executed ViewResult - view CreateStoryAndIntro executed in 87.3168ms.
2025-11-07 15:00:41.313 +01:00 [INF] Executed action Jam.Controllers.StoryCreationController.CreateStoryAndIntro (Jam) in 148.7353ms
2025-11-07 15:00:41.313 +01:00 [INF] Executed endpoint 'Jam.Controllers.StoryCreationController.CreateStoryAndIntro (Jam)'
2025-11-07 15:00:41.313 +01:00 [INF] Request finished HTTP/2 POST https://localhost:7025/StoryCreation/CreateStoryAndIntro - 200 null text/html; charset=utf-8 192.9999ms
2025-11-07 15:00:42.587 +01:00 [INF] Request starting HTTP/2 POST https://localhost:7025/StoryCreation/CreateStoryAndIntro - application/x-www-form-urlencoded 322
2025-11-07 15:00:42.588 +01:00 [INF] Executing endpoint 'Jam.Controllers.StoryCreationController.CreateStoryAndIntro (Jam)'
2025-11-07 15:00:42.588 +01:00 [INF] Route matched with {action = "CreateStoryAndIntro", controller = "StoryCreation", page = "", area = ""}. Executing controller action with signature Microsoft.AspNetCore.Mvc.IActionResult CreateStoryAndIntro(Jam.ViewModels.StoryCreation.CreateStoryAndIntroViewModel, System.String) on controller Jam.Controllers.StoryCreationController (Jam).
2025-11-07 15:00:42.589 +01:00 [INF] Accessing expired session, Key:81240ac2-d632-8b42-bfc2-321f7eaa06ba
2025-11-07 15:00:42.589 +01:00 [INF] Executing ViewResult, running view CreateStoryAndIntro.
2025-11-07 15:00:42.618 +01:00 [INF] Executed ViewResult - view CreateStoryAndIntro executed in 28.6747ms.
2025-11-07 15:00:42.666 +01:00 [INF] Executed action Jam.Controllers.StoryCreationController.CreateStoryAndIntro (Jam) in 77.8815ms
2025-11-07 15:00:42.666 +01:00 [INF] Executed endpoint 'Jam.Controllers.StoryCreationController.CreateStoryAndIntro (Jam)'
2025-11-07 15:00:42.667 +01:00 [INF] Request finished HTTP/2 POST https://localhost:7025/StoryCreation/CreateStoryAndIntro - 200 null text/html; charset=utf-8 79.8105ms
