2025-11-07 20:31:27.558 +01:00 [INF] User profile is available. Using '/Users/jaraazad/.aspnet/DataProtection-Keys' as key repository; keys will not be encrypted at rest.
2025-11-07 20:31:27.955 +01:00 [INF] Applying migration '20251024065541_InitialCreate'.
2025-11-07 20:31:28.014 +01:00 [INF] Applying migration '20251101105657_AddIdentitySupport'.
2025-11-07 20:31:28.150 +01:00 [INF] Applying migration '20251103080324_UpdateNextQuestionSceneDeleteBehavior'.
2025-11-07 20:31:29.192 +01:00 [INF] Now listening on: https://localhost:7025
2025-11-07 20:31:29.193 +01:00 [INF] Now listening on: http://localhost:5262
2025-11-07 20:31:29.198 +01:00 [INF] Application started. Press Ctrl+C to shut down.
2025-11-07 20:31:29.199 +01:00 [INF] Hosting environment: Development
2025-11-07 20:31:29.199 +01:00 [INF] Content root path: /Users/jaraazad/Desktop/Jam
2025-11-07 20:31:29.594 +01:00 [INF] Request starting HTTP/2 GET https://localhost:7025/ - null null
2025-11-07 20:31:29.648 +01:00 [INF] Executing endpoint 'Jam.Controllers.HomeController.Index (Jam)'
2025-11-07 20:31:29.659 +01:00 [INF] Route matched with {action = "Index", controller = "Home", page = "", area = ""}. Executing controller action with signature System.Threading.Tasks.Task`1[Microsoft.AspNetCore.Mvc.IActionResult] Index() on controller Jam.Controllers.HomeController (Jam).
2025-11-07 20:31:29.675 +01:00 [WRN] [HomeController -> Index] Auth cookie invalid or user no longer exists. Redirecting to login.
2025-11-07 20:31:29.679 +01:00 [INF] AuthenticationScheme: Identity.Application signed out.
2025-11-07 20:31:29.679 +01:00 [INF] AuthenticationScheme: Identity.External signed out.
2025-11-07 20:31:29.680 +01:00 [INF] AuthenticationScheme: Identity.TwoFactorUserId signed out.
2025-11-07 20:31:29.681 +01:00 [INF] Executing LocalRedirectResult, redirecting to /Identity/Account/Login.
2025-11-07 20:31:29.683 +01:00 [INF] Executed action Jam.Controllers.HomeController.Index (Jam) in 20.7092ms
2025-11-07 20:31:29.683 +01:00 [INF] Executed endpoint 'Jam.Controllers.HomeController.Index (Jam)'
2025-11-07 20:31:29.688 +01:00 [INF] Request finished HTTP/2 GET https://localhost:7025/ - 302 0 null 96.0016ms
2025-11-07 20:31:29.694 +01:00 [INF] Request starting HTTP/2 GET https://localhost:7025/Identity/Account/Login - null null
2025-11-07 20:31:29.696 +01:00 [INF] Executing endpoint '/Account/Login'
2025-11-07 20:31:29.707 +01:00 [INF] Route matched with {page = "/Account/Login", area = "Identity", action = "", controller = ""}. Executing page /Account/Login
2025-11-07 20:31:29.717 +01:00 [INF] Executing handler method Jam.Areas.Identity.Pages.Account.LoginModel.OnGetAsync - ModelState is "Valid"
2025-11-07 20:31:29.718 +01:00 [INF] AuthenticationScheme: Identity.External signed out.
2025-11-07 20:31:29.718 +01:00 [INF] Executed handler method OnGetAsync, returned result .
2025-11-07 20:31:29.720 +01:00 [INF] Executing an implicit handler method - ModelState is "Valid"
2025-11-07 20:31:29.720 +01:00 [INF] Executed an implicit handler method, returned result Microsoft.AspNetCore.Mvc.RazorPages.PageResult.
2025-11-07 20:31:29.771 +01:00 [INF] Executed page /Account/Login in 63.9045ms
2025-11-07 20:31:29.772 +01:00 [INF] Executed endpoint '/Account/Login'
2025-11-07 20:31:29.776 +01:00 [INF] Request finished HTTP/2 GET https://localhost:7025/Identity/Account/Login - 200 null text/html; charset=utf-8 82.1528ms
2025-11-07 20:31:29.820 +01:00 [INF] Request starting HTTP/2 GET https://localhost:7025/lib/jquery-validation/dist/jquery.validate.min.js - null null
2025-11-07 20:31:29.820 +01:00 [INF] Request starting HTTP/2 GET https://localhost:7025/lib/jquery-validation-unobtrusive/jquery.validate.unobtrusive.min.js - null null
2025-11-07 20:31:29.823 +01:00 [INF] Request finished HTTP/2 GET https://localhost:7025/lib/jquery-validation-unobtrusive/jquery.validate.unobtrusive.min.js - 404 0 null 2.8066ms
2025-11-07 20:31:29.823 +01:00 [INF] Request finished HTTP/2 GET https://localhost:7025/lib/jquery-validation/dist/jquery.validate.min.js - 404 0 null 2.9237ms
2025-11-07 20:31:29.823 +01:00 [INF] Request reached the end of the middleware pipeline without being handled by application code. Request path: GET https://localhost:7025/lib/jquery-validation/dist/jquery.validate.min.js, Response status code: 404
2025-11-07 20:31:29.824 +01:00 [INF] Request reached the end of the middleware pipeline without being handled by application code. Request path: GET https://localhost:7025/lib/jquery-validation-unobtrusive/jquery.validate.unobtrusive.min.js, Response status code: 404
2025-11-07 20:31:32.581 +01:00 [INF] Request starting HTTP/2 POST https://localhost:7025/Identity/Account/Login - application/x-www-form-urlencoded 236
2025-11-07 20:31:32.619 +01:00 [INF] Executing endpoint '/Account/Login'
2025-11-07 20:31:32.620 +01:00 [INF] Route matched with {page = "/Account/Login", area = "Identity", action = "", controller = ""}. Executing page /Account/Login
2025-11-07 20:31:32.648 +01:00 [INF] Executing handler method Jam.Areas.Identity.Pages.Account.LoginModel.OnPostAsync - ModelState is "Valid"
2025-11-07 20:31:32.767 +01:00 [INF] AuthenticationScheme: Identity.Application signed in.
2025-11-07 20:31:32.767 +01:00 [INF] User logged in.
2025-11-07 20:31:32.768 +01:00 [INF] Executed handler method OnPostAsync, returned result Microsoft.AspNetCore.Mvc.LocalRedirectResult.
2025-11-07 20:31:32.768 +01:00 [INF] Executing LocalRedirectResult, redirecting to /.
2025-11-07 20:31:32.768 +01:00 [INF] Executed page /Account/Login in 148.17ms
2025-11-07 20:31:32.768 +01:00 [INF] Executed endpoint '/Account/Login'
2025-11-07 20:31:32.768 +01:00 [INF] Request finished HTTP/2 POST https://localhost:7025/Identity/Account/Login - 302 0 null 234.2019ms
2025-11-07 20:31:32.823 +01:00 [INF] Request starting HTTP/2 GET https://localhost:7025/ - null null
2025-11-07 20:31:32.825 +01:00 [INF] Executing endpoint 'Jam.Controllers.HomeController.Index (Jam)'
2025-11-07 20:31:32.825 +01:00 [INF] Route matched with {action = "Index", controller = "Home", page = "", area = ""}. Executing controller action with signature System.Threading.Tasks.Task`1[Microsoft.AspNetCore.Mvc.IActionResult] Index() on controller Jam.Controllers.HomeController (Jam).
2025-11-07 20:31:32.877 +01:00 [INF] Executing ViewResult, running view Index.
2025-11-07 20:31:32.894 +01:00 [INF] Executed ViewResult - view Index executed in 17.5708ms.
2025-11-07 20:31:32.897 +01:00 [INF] Executed action Jam.Controllers.HomeController.Index (Jam) in 71.7564ms
2025-11-07 20:31:32.897 +01:00 [INF] Executed endpoint 'Jam.Controllers.HomeController.Index (Jam)'
2025-11-07 20:31:32.897 +01:00 [INF] Request finished HTTP/2 GET https://localhost:7025/ - 200 null text/html; charset=utf-8 99.3991ms
2025-11-07 20:31:33.608 +01:00 [INF] Request starting HTTP/2 GET https://localhost:7025/StoryManagement/StoryDetails?storyId=1 - null null
2025-11-07 20:31:33.615 +01:00 [INF] Executing endpoint 'Jam.Controllers.StoryManagementController.StoryDetails (Jam)'
2025-11-07 20:31:33.623 +01:00 [INF] Route matched with {action = "StoryDetails", controller = "StoryManagement", page = "", area = ""}. Executing controller action with signature System.Threading.Tasks.Task`1[Microsoft.AspNetCore.Mvc.IActionResult] StoryDetails(Int32) on controller Jam.Controllers.StoryManagementController (Jam).
2025-11-07 20:31:33.641 +01:00 [INF] Executing ViewResult, running view StoryDetails.
2025-11-07 20:31:33.650 +01:00 [INF] Executed ViewResult - view StoryDetails executed in 9.3365ms.
2025-11-07 20:31:33.651 +01:00 [INF] Executed action Jam.Controllers.StoryManagementController.StoryDetails (Jam) in 27.6575ms
2025-11-07 20:31:33.651 +01:00 [INF] Executed endpoint 'Jam.Controllers.StoryManagementController.StoryDetails (Jam)'
2025-11-07 20:31:33.651 +01:00 [INF] Request finished HTTP/2 GET https://localhost:7025/StoryManagement/StoryDetails?storyId=1 - 200 null text/html; charset=utf-8 44.1395ms
2025-11-07 20:31:34.757 +01:00 [INF] Request starting HTTP/2 GET https://localhost:7025/ - null null
2025-11-07 20:31:34.759 +01:00 [INF] Executing endpoint 'Jam.Controllers.HomeController.Index (Jam)'
2025-11-07 20:31:34.759 +01:00 [INF] Route matched with {action = "Index", controller = "Home", page = "", area = ""}. Executing controller action with signature System.Threading.Tasks.Task`1[Microsoft.AspNetCore.Mvc.IActionResult] Index() on controller Jam.Controllers.HomeController (Jam).
2025-11-07 20:31:34.767 +01:00 [INF] Executing ViewResult, running view Index.
2025-11-07 20:31:34.770 +01:00 [INF] Executed ViewResult - view Index executed in 3.2482ms.
2025-11-07 20:31:34.793 +01:00 [INF] Executed action Jam.Controllers.HomeController.Index (Jam) in 33.7628ms
2025-11-07 20:31:34.794 +01:00 [INF] Executed endpoint 'Jam.Controllers.HomeController.Index (Jam)'
2025-11-07 20:31:34.794 +01:00 [INF] Request finished HTTP/2 GET https://localhost:7025/ - 200 null text/html; charset=utf-8 36.4552ms
2025-11-07 20:31:37.208 +01:00 [INF] Request starting HTTP/2 GET https://localhost:7025/Identity/Account/Manage - null null
2025-11-07 20:31:37.213 +01:00 [INF] Executing endpoint '/Account/Manage/Index'
2025-11-07 20:31:37.224 +01:00 [INF] Route matched with {page = "/Account/Manage/Index", area = "Identity", action = "", controller = ""}. Executing page /Account/Manage/Index
2025-11-07 20:31:37.228 +01:00 [INF] Executing handler method Jam.Areas.Identity.Pages.Account.Manage.IndexModel.OnGetAsync - ModelState is "Valid"
2025-11-07 20:31:37.245 +01:00 [INF] Executed handler method OnGetAsync, returned result Microsoft.AspNetCore.Mvc.RazorPages.PageResult.
2025-11-07 20:31:37.321 +01:00 [INF] Executed page /Account/Manage/Index in 96.43ms
2025-11-07 20:31:37.321 +01:00 [INF] Request starting HTTP/2 GET https://localhost:7025/lib/jquery-validation/dist/jquery.validate.min.js - null null
2025-11-07 20:31:37.321 +01:00 [INF] Executed endpoint '/Account/Manage/Index'
2025-11-07 20:31:37.403 +01:00 [INF] Request finished HTTP/2 GET https://localhost:7025/Identity/Account/Manage - 200 null text/html; charset=utf-8 217.6063ms
2025-11-07 20:31:37.403 +01:00 [INF] Request starting HTTP/2 GET https://localhost:7025/lib/jquery-validation-unobtrusive/jquery.validate.unobtrusive.min.js - null null
2025-11-07 20:31:37.405 +01:00 [INF] Request finished HTTP/2 GET https://localhost:7025/lib/jquery-validation/dist/jquery.validate.min.js - 404 0 null 83.708ms
2025-11-07 20:31:37.405 +01:00 [INF] Request finished HTTP/2 GET https://localhost:7025/lib/jquery-validation-unobtrusive/jquery.validate.unobtrusive.min.js - 404 0 null 1.8503ms
2025-11-07 20:31:37.405 +01:00 [INF] Request reached the end of the middleware pipeline without being handled by application code. Request path: GET https://localhost:7025/lib/jquery-validation-unobtrusive/jquery.validate.unobtrusive.min.js, Response status code: 404
2025-11-07 20:31:37.405 +01:00 [INF] Request reached the end of the middleware pipeline without being handled by application code. Request path: GET https://localhost:7025/lib/jquery-validation/dist/jquery.validate.min.js, Response status code: 404
2025-11-07 20:31:38.942 +01:00 [INF] Request starting HTTP/2 GET https://localhost:7025/ - null null
2025-11-07 20:31:38.945 +01:00 [INF] Executing endpoint 'Jam.Controllers.HomeController.Index (Jam)'
2025-11-07 20:31:38.946 +01:00 [INF] Route matched with {action = "Index", controller = "Home", page = "", area = ""}. Executing controller action with signature System.Threading.Tasks.Task`1[Microsoft.AspNetCore.Mvc.IActionResult] Index() on controller Jam.Controllers.HomeController (Jam).
2025-11-07 20:31:38.960 +01:00 [INF] Executing ViewResult, running view Index.
2025-11-07 20:31:38.990 +01:00 [INF] Executed ViewResult - view Index executed in 29.7963ms.
2025-11-07 20:31:38.992 +01:00 [INF] Executed action Jam.Controllers.HomeController.Index (Jam) in 45.68ms
2025-11-07 20:31:38.992 +01:00 [INF] Executed endpoint 'Jam.Controllers.HomeController.Index (Jam)'
2025-11-07 20:31:38.993 +01:00 [INF] Request finished HTTP/2 GET https://localhost:7025/ - 200 null text/html; charset=utf-8 50.8381ms
2025-11-07 20:31:42.956 +01:00 [INF] Request starting HTTP/2 POST https://localhost:7025/StoryManagement/DeleteStory - application/x-www-form-urlencoded 244
2025-11-07 20:31:42.963 +01:00 [INF] Executing endpoint 'Jam.Controllers.StoryManagementController.DeleteStory (Jam)'
2025-11-07 20:31:42.970 +01:00 [INF] Route matched with {action = "DeleteStory", controller = "StoryManagement", page = "", area = ""}. Executing controller action with signature System.Threading.Tasks.Task`1[Microsoft.AspNetCore.Mvc.IActionResult] DeleteStory(Int32) on controller Jam.Controllers.StoryManagementController (Jam).
2025-11-07 20:31:42.995 +01:00 [INF] Executing RedirectResult, redirecting to /.
2025-11-07 20:31:42.995 +01:00 [INF] Executed action Jam.Controllers.StoryManagementController.DeleteStory (Jam) in 24.9845ms
2025-11-07 20:31:42.995 +01:00 [INF] Executed endpoint 'Jam.Controllers.StoryManagementController.DeleteStory (Jam)'
2025-11-07 20:31:42.996 +01:00 [INF] Request finished HTTP/2 POST https://localhost:7025/StoryManagement/DeleteStory - 302 0 null 41.0326ms
2025-11-07 20:31:43.049 +01:00 [INF] Request starting HTTP/2 GET https://localhost:7025/ - null null
2025-11-07 20:31:43.051 +01:00 [INF] Executing endpoint 'Jam.Controllers.HomeController.Index (Jam)'
2025-11-07 20:31:43.051 +01:00 [INF] Route matched with {action = "Index", controller = "Home", page = "", area = ""}. Executing controller action with signature System.Threading.Tasks.Task`1[Microsoft.AspNetCore.Mvc.IActionResult] Index() on controller Jam.Controllers.HomeController (Jam).
2025-11-07 20:31:43.059 +01:00 [INF] Executing ViewResult, running view Index.
2025-11-07 20:31:43.162 +01:00 [INF] Executed ViewResult - view Index executed in 52.5176ms.
2025-11-07 20:31:43.162 +01:00 [INF] Executed action Jam.Controllers.HomeController.Index (Jam) in 111.659ms
2025-11-07 20:31:43.163 +01:00 [INF] Executed endpoint 'Jam.Controllers.HomeController.Index (Jam)'
2025-11-07 20:31:43.163 +01:00 [INF] Request finished HTTP/2 GET https://localhost:7025/ - 200 null text/html; charset=utf-8 113.4457ms
2025-11-07 20:31:46.204 +01:00 [INF] Request starting HTTP/2 GET https://localhost:7025/StoryCreation/CreateStoryAndIntro - null null
2025-11-07 20:31:46.231 +01:00 [INF] Executing endpoint 'Jam.Controllers.StoryCreationController.CreateStoryAndIntro (Jam)'
2025-11-07 20:31:46.233 +01:00 [INF] Route matched with {action = "CreateStoryAndIntro", controller = "StoryCreation", page = "", area = ""}. Executing controller action with signature Microsoft.AspNetCore.Mvc.IActionResult CreateStoryAndIntro() on controller Jam.Controllers.StoryCreationController (Jam).
2025-11-07 20:31:46.237 +01:00 [INF] Accessing expired session, Key:81240ac2-d632-8b42-bfc2-321f7eaa06ba
2025-11-07 20:31:46.247 +01:00 [INF] Executing ViewResult, running view CreateStoryAndIntro.
2025-11-07 20:31:46.328 +01:00 [INF] Executed ViewResult - view CreateStoryAndIntro executed in 82.2227ms.
2025-11-07 20:31:46.352 +01:00 [INF] Executed action Jam.Controllers.StoryCreationController.CreateStoryAndIntro (Jam) in 118.9361ms
2025-11-07 20:31:46.378 +01:00 [INF] Executed endpoint 'Jam.Controllers.StoryCreationController.CreateStoryAndIntro (Jam)'
2025-11-07 20:31:46.427 +01:00 [INF] Request finished HTTP/2 GET https://localhost:7025/StoryCreation/CreateStoryAndIntro - 200 null text/html; charset=utf-8 223.2067ms
