2025-11-01 15:51:09.714 +01:00 [INF] User profile is available. Using '/Users/michaelnedgaardisaksen/.aspnet/DataProtection-Keys' as key repository; keys will not be encrypted at rest.
2025-11-01 15:51:10.087 +01:00 [INF] Applying migration '20251024065541_InitialCreate'.
2025-11-01 15:51:10.119 +01:00 [INF] Applying migration '20251101105657_AddIdentitySupport'.
2025-11-01 15:51:11.171 +01:00 [INF] Now listening on: https://localhost:7025
2025-11-01 15:51:11.172 +01:00 [INF] Now listening on: http://localhost:5262
2025-11-01 15:51:11.175 +01:00 [INF] Application started. Press Ctrl+C to shut down.
2025-11-01 15:51:11.176 +01:00 [INF] Hosting environment: Development
2025-11-01 15:51:11.177 +01:00 [INF] Content root path: /Users/michaelnedgaardisaksen/Documents/ITPE3100_Webapplikasjoner/Demo-Jam/Jam
2025-11-01 15:51:11.610 +01:00 [INF] Request starting HTTP/2 GET https://localhost:7025/ - null null
2025-11-01 15:51:11.639 +01:00 [INF] Executing endpoint 'Jam.Controllers.HomeController.Index (Jam)'
2025-11-01 15:51:11.652 +01:00 [INF] Route matched with {action = "Index", controller = "Home", page = "", area = ""}. Executing controller action with signature System.Threading.Tasks.Task`1[Microsoft.AspNetCore.Mvc.IActionResult] Index() on controller Jam.Controllers.HomeController (Jam).
2025-11-01 15:51:11.657 +01:00 [WRN] [HomeController -> Index] User not logged in, redirecting to Login page.
2025-11-01 15:51:11.664 +01:00 [INF] Executing RedirectResult, redirecting to /Account/Login.
2025-11-01 15:51:11.666 +01:00 [INF] Executed action Jam.Controllers.HomeController.Index (Jam) in 12.1602ms
2025-11-01 15:51:11.667 +01:00 [INF] Executed endpoint 'Jam.Controllers.HomeController.Index (Jam)'
2025-11-01 15:51:11.668 +01:00 [INF] Request finished HTTP/2 GET https://localhost:7025/ - 302 0 null 59.6882ms
2025-11-01 15:51:11.714 +01:00 [INF] Request starting HTTP/2 GET https://localhost:7025/Account/Login - null null
2025-11-01 15:51:11.716 +01:00 [INF] Executing endpoint 'HTTP: GET /Account/Login'
2025-11-01 15:51:11.716 +01:00 [INF] Executed endpoint 'HTTP: GET /Account/Login'
2025-11-01 15:51:11.716 +01:00 [INF] Request finished HTTP/2 GET https://localhost:7025/Account/Login - 302 0 null 2.2142ms
2025-11-01 15:51:11.743 +01:00 [INF] Request starting HTTP/2 GET https://localhost:7025/Identity/Account/Login - null null
2025-11-01 15:51:11.746 +01:00 [INF] Executing endpoint '/Account/Login'
2025-11-01 15:51:11.765 +01:00 [INF] Route matched with {page = "/Account/Login", area = "Identity", action = "", controller = ""}. Executing page /Account/Login
2025-11-01 15:51:11.773 +01:00 [INF] Executing handler method Jam.Areas.Identity.Pages.Account.LoginModel.OnGetAsync - ModelState is "Valid"
2025-11-01 15:51:11.776 +01:00 [INF] AuthenticationScheme: Identity.External signed out.
2025-11-01 15:51:11.776 +01:00 [INF] Executed handler method OnGetAsync, returned result .
2025-11-01 15:51:11.777 +01:00 [INF] Executing an implicit handler method - ModelState is "Valid"
2025-11-01 15:51:11.778 +01:00 [INF] Executed an implicit handler method, returned result Microsoft.AspNetCore.Mvc.RazorPages.PageResult.
2025-11-01 15:51:11.832 +01:00 [INF] Executed page /Account/Login in 66.8992ms
2025-11-01 15:51:11.832 +01:00 [INF] Executed endpoint '/Account/Login'
2025-11-01 15:51:11.833 +01:00 [INF] Request finished HTTP/2 GET https://localhost:7025/Identity/Account/Login - 200 null text/html; charset=utf-8 89.3082ms
2025-11-01 15:51:12.285 +01:00 [INF] Request starting HTTP/2 GET https://localhost:7025/lib/jquery-validation-unobtrusive/jquery.validate.unobtrusive.min.js - null null
2025-11-01 15:51:12.260 +01:00 [INF] Request starting HTTP/2 GET https://localhost:7025/lib/jquery-validation/dist/jquery.validate.min.js - null null
2025-11-01 15:51:12.288 +01:00 [INF] Request finished HTTP/2 GET https://localhost:7025/lib/jquery-validation-unobtrusive/jquery.validate.unobtrusive.min.js - 404 0 null 27.8841ms
2025-11-01 15:51:12.288 +01:00 [INF] Request finished HTTP/2 GET https://localhost:7025/lib/jquery-validation/dist/jquery.validate.min.js - 404 0 null 78.0374ms
2025-11-01 15:51:12.289 +01:00 [INF] Request reached the end of the middleware pipeline without being handled by application code. Request path: GET https://localhost:7025/lib/jquery-validation/dist/jquery.validate.min.js, Response status code: 404
2025-11-01 15:51:12.289 +01:00 [INF] Request reached the end of the middleware pipeline without being handled by application code. Request path: GET https://localhost:7025/lib/jquery-validation-unobtrusive/jquery.validate.unobtrusive.min.js, Response status code: 404
2025-11-01 15:52:14.553 +01:00 [INF] Request starting HTTP/2 POST https://localhost:7025/Identity/Account/Login - application/x-www-form-urlencoded 267
2025-11-01 15:52:14.566 +01:00 [INF] Executing endpoint '/Account/Login'
2025-11-01 15:52:14.569 +01:00 [INF] Route matched with {page = "/Account/Login", area = "Identity", action = "", controller = ""}. Executing page /Account/Login
2025-11-01 15:52:14.612 +01:00 [INF] Executing handler method Jam.Areas.Identity.Pages.Account.LoginModel.OnPostAsync - ModelState is "Valid"
2025-11-01 15:52:14.624 +01:00 [INF] Executed handler method OnPostAsync, returned result Microsoft.AspNetCore.Mvc.RazorPages.PageResult.
2025-11-01 15:52:14.709 +01:00 [INF] Executed page /Account/Login in 139.0282ms
2025-11-01 15:52:14.735 +01:00 [INF] Request starting HTTP/2 GET https://localhost:7025/lib/jquery-validation/dist/jquery.validate.min.js - null null
2025-11-01 15:52:14.760 +01:00 [INF] Request starting HTTP/2 GET https://localhost:7025/lib/jquery-validation-unobtrusive/jquery.validate.unobtrusive.min.js - null null
2025-11-01 15:52:14.813 +01:00 [INF] Executed endpoint '/Account/Login'
2025-11-01 15:52:14.813 +01:00 [INF] Request finished HTTP/2 GET https://localhost:7025/lib/jquery-validation/dist/jquery.validate.min.js - 404 0 null 104.2851ms
2025-11-01 15:52:14.813 +01:00 [INF] Request finished HTTP/2 GET https://localhost:7025/lib/jquery-validation-unobtrusive/jquery.validate.unobtrusive.min.js - 404 0 null 52.888ms
2025-11-01 15:52:14.813 +01:00 [INF] Request reached the end of the middleware pipeline without being handled by application code. Request path: GET https://localhost:7025/lib/jquery-validation/dist/jquery.validate.min.js, Response status code: 404
2025-11-01 15:52:14.814 +01:00 [INF] Request reached the end of the middleware pipeline without being handled by application code. Request path: GET https://localhost:7025/lib/jquery-validation-unobtrusive/jquery.validate.unobtrusive.min.js, Response status code: 404
2025-11-01 15:52:14.849 +01:00 [INF] Request finished HTTP/2 POST https://localhost:7025/Identity/Account/Login - 200 null text/html; charset=utf-8 345.7548ms
2025-11-01 15:52:51.152 +01:00 [INF] Request starting HTTP/2 GET https://localhost:7025/Identity/Account/Register - null null
2025-11-01 15:52:51.183 +01:00 [INF] Executing endpoint '/Account/Register'
2025-11-01 15:52:51.192 +01:00 [INF] Route matched with {page = "/Account/Register", area = "Identity", action = "", controller = ""}. Executing page /Account/Register
2025-11-01 15:52:51.194 +01:00 [INF] Executing handler method Jam.Areas.Identity.Pages.Account.RegisterModel.OnGetAsync - ModelState is "Valid"
2025-11-01 15:52:51.194 +01:00 [INF] Executed handler method OnGetAsync, returned result .
2025-11-01 15:52:51.195 +01:00 [INF] Executing an implicit handler method - ModelState is "Valid"
2025-11-01 15:52:51.195 +01:00 [INF] Executed an implicit handler method, returned result Microsoft.AspNetCore.Mvc.RazorPages.PageResult.
2025-11-01 15:52:51.362 +01:00 [INF] Executed page /Account/Register in 170.0842ms
2025-11-01 15:52:51.362 +01:00 [INF] Request starting HTTP/2 GET https://localhost:7025/lib/jquery-validation/dist/jquery.validate.min.js - null null
2025-11-01 15:52:51.362 +01:00 [INF] Request starting HTTP/2 GET https://localhost:7025/lib/jquery-validation-unobtrusive/jquery.validate.unobtrusive.min.js - null null
2025-11-01 15:52:51.364 +01:00 [INF] Executed endpoint '/Account/Register'
2025-11-01 15:52:51.364 +01:00 [INF] Request finished HTTP/2 GET https://localhost:7025/lib/jquery-validation-unobtrusive/jquery.validate.unobtrusive.min.js - 404 0 null 1.4193ms
2025-11-01 15:52:51.364 +01:00 [INF] Request reached the end of the middleware pipeline without being handled by application code. Request path: GET https://localhost:7025/lib/jquery-validation-unobtrusive/jquery.validate.unobtrusive.min.js, Response status code: 404
2025-11-01 15:52:51.364 +01:00 [INF] Request finished HTTP/2 GET https://localhost:7025/lib/jquery-validation/dist/jquery.validate.min.js - 404 0 null 1.4216ms
2025-11-01 15:52:51.364 +01:00 [INF] Request reached the end of the middleware pipeline without being handled by application code. Request path: GET https://localhost:7025/lib/jquery-validation/dist/jquery.validate.min.js, Response status code: 404
2025-11-01 15:52:51.364 +01:00 [INF] Request finished HTTP/2 GET https://localhost:7025/Identity/Account/Register - 200 null text/html; charset=utf-8 212.0612ms
2025-11-01 15:53:25.390 +01:00 [INF] Request starting HTTP/2 POST https://localhost:7025/Identity/Account/Register - application/x-www-form-urlencoded 282
2025-11-01 15:53:25.438 +01:00 [INF] Executing endpoint '/Account/Register'
2025-11-01 15:53:25.439 +01:00 [INF] Route matched with {page = "/Account/Register", area = "Identity", action = "", controller = ""}. Executing page /Account/Register
2025-11-01 15:53:25.445 +01:00 [INF] Executing handler method Jam.Areas.Identity.Pages.Account.RegisterModel.OnPostAsync - ModelState is "Valid"
2025-11-01 15:53:25.536 +01:00 [INF] User created a new account with password.
2025-11-01 15:53:25.563 +01:00 [INF] AuthenticationScheme: Identity.Application signed in.
2025-11-01 15:53:25.563 +01:00 [INF] Executed handler method OnPostAsync, returned result Microsoft.AspNetCore.Mvc.LocalRedirectResult.
2025-11-01 15:53:25.563 +01:00 [INF] Executing LocalRedirectResult, redirecting to /.
2025-11-01 15:53:25.563 +01:00 [INF] Executed page /Account/Register in 124.5574ms
2025-11-01 15:53:25.564 +01:00 [INF] Executed endpoint '/Account/Register'
2025-11-01 15:53:25.564 +01:00 [INF] Request finished HTTP/2 POST https://localhost:7025/Identity/Account/Register - 302 0 null 197.0642ms
2025-11-01 15:53:25.568 +01:00 [INF] Request starting HTTP/2 GET https://localhost:7025/ - null null
2025-11-01 15:53:25.570 +01:00 [INF] Executing endpoint 'Jam.Controllers.HomeController.Index (Jam)'
2025-11-01 15:53:25.570 +01:00 [INF] Route matched with {action = "Index", controller = "Home", page = "", area = ""}. Executing controller action with signature System.Threading.Tasks.Task`1[Microsoft.AspNetCore.Mvc.IActionResult] Index() on controller Jam.Controllers.HomeController (Jam).
2025-11-01 15:53:25.597 +01:00 [INF] Executing ViewResult, running view Index.
2025-11-01 15:53:25.601 +01:00 [INF] Executed ViewResult - view Index executed in 5.5873ms.
2025-11-01 15:53:25.601 +01:00 [INF] Executed action Jam.Controllers.HomeController.Index (Jam) in 31.6345ms
2025-11-01 15:53:25.601 +01:00 [INF] Executed endpoint 'Jam.Controllers.HomeController.Index (Jam)'
2025-11-01 15:53:25.602 +01:00 [INF] Request finished HTTP/2 GET https://localhost:7025/ - 200 null text/html; charset=utf-8 33.4562ms
