2025-11-02 16:41:23.499 +01:00 [INF] User profile is available. Using '/Users/michaelnedgaardisaksen/.aspnet/DataProtection-Keys' as key repository; keys will not be encrypted at rest.
2025-11-02 16:41:23.884 +01:00 [INF] Applying migration '20251024065541_InitialCreate'.
2025-11-02 16:41:23.921 +01:00 [INF] Applying migration '20251101105657_AddIdentitySupport'.
2025-11-02 16:41:25.411 +01:00 [INF] Now listening on: https://localhost:7025
2025-11-02 16:41:25.417 +01:00 [INF] Now listening on: http://localhost:5262
2025-11-02 16:41:25.424 +01:00 [INF] Application started. Press Ctrl+C to shut down.
2025-11-02 16:41:25.446 +01:00 [INF] Hosting environment: Development
2025-11-02 16:41:25.470 +01:00 [INF] Content root path: /Users/michaelnedgaardisaksen/Documents/ITPE3100_Webapplikasjoner/Demo-Jam/Jam
2025-11-02 16:41:25.753 +01:00 [INF] Request starting HTTP/2 GET https://localhost:7025/ - null null
2025-11-02 16:41:25.832 +01:00 [INF] Executing endpoint 'Jam.Controllers.HomeController.Index (Jam)'
2025-11-02 16:41:25.848 +01:00 [INF] Route matched with {action = "Index", controller = "Home", page = "", area = ""}. Executing controller action with signature System.Threading.Tasks.Task`1[Microsoft.AspNetCore.Mvc.IActionResult] Index() on controller Jam.Controllers.HomeController (Jam).
2025-11-02 16:41:25.884 +01:00 [WRN] [HomeController -> Index] Auth cookie invalid or user no longer exists. Redirecting to login.
2025-11-02 16:41:25.898 +01:00 [INF] AuthenticationScheme: Identity.Application signed out.
2025-11-02 16:41:25.900 +01:00 [INF] AuthenticationScheme: Identity.External signed out.
2025-11-02 16:41:25.901 +01:00 [INF] AuthenticationScheme: Identity.TwoFactorUserId signed out.
2025-11-02 16:41:25.903 +01:00 [INF] Executing LocalRedirectResult, redirecting to /Identity/Account/Login.
2025-11-02 16:41:25.906 +01:00 [INF] Executed action Jam.Controllers.HomeController.Index (Jam) in 55.5403ms
2025-11-02 16:41:25.907 +01:00 [INF] Executed endpoint 'Jam.Controllers.HomeController.Index (Jam)'
2025-11-02 16:41:25.910 +01:00 [INF] Request finished HTTP/2 GET https://localhost:7025/ - 302 0 null 160.3035ms
2025-11-02 16:41:25.972 +01:00 [INF] Request starting HTTP/2 GET https://localhost:7025/Identity/Account/Login - null null
2025-11-02 16:41:25.993 +01:00 [INF] Executing endpoint '/Account/Login'
2025-11-02 16:41:26.023 +01:00 [INF] Route matched with {page = "/Account/Login", area = "Identity", action = "", controller = ""}. Executing page /Account/Login
2025-11-02 16:41:26.044 +01:00 [INF] Executing handler method Jam.Areas.Identity.Pages.Account.LoginModel.OnGetAsync - ModelState is "Valid"
2025-11-02 16:41:26.046 +01:00 [INF] AuthenticationScheme: Identity.External signed out.
2025-11-02 16:41:26.046 +01:00 [INF] Executed handler method OnGetAsync, returned result .
2025-11-02 16:41:26.048 +01:00 [INF] Executing an implicit handler method - ModelState is "Valid"
2025-11-02 16:41:26.048 +01:00 [INF] Executed an implicit handler method, returned result Microsoft.AspNetCore.Mvc.RazorPages.PageResult.
2025-11-02 16:41:26.168 +01:00 [INF] Executed page /Account/Login in 144.5317ms
2025-11-02 16:41:26.171 +01:00 [INF] Executed endpoint '/Account/Login'
2025-11-02 16:41:26.174 +01:00 [INF] Request finished HTTP/2 GET https://localhost:7025/Identity/Account/Login - 200 null text/html; charset=utf-8 202.1686ms
2025-11-02 16:41:26.179 +01:00 [INF] Request starting HTTP/2 GET https://localhost:7025/lib/jquery-validation/dist/jquery.validate.min.js - null null
2025-11-02 16:41:26.183 +01:00 [INF] Request starting HTTP/2 GET https://localhost:7025/lib/jquery-validation-unobtrusive/jquery.validate.unobtrusive.min.js - null null
2025-11-02 16:41:26.191 +01:00 [INF] Request finished HTTP/2 GET https://localhost:7025/lib/jquery-validation-unobtrusive/jquery.validate.unobtrusive.min.js - 404 0 null 7.6519ms
2025-11-02 16:41:26.191 +01:00 [INF] Request finished HTTP/2 GET https://localhost:7025/lib/jquery-validation/dist/jquery.validate.min.js - 404 0 null 11.8871ms
2025-11-02 16:41:26.191 +01:00 [INF] Request reached the end of the middleware pipeline without being handled by application code. Request path: GET https://localhost:7025/lib/jquery-validation-unobtrusive/jquery.validate.unobtrusive.min.js, Response status code: 404
2025-11-02 16:41:26.192 +01:00 [INF] Request reached the end of the middleware pipeline without being handled by application code. Request path: GET https://localhost:7025/lib/jquery-validation/dist/jquery.validate.min.js, Response status code: 404
2025-11-02 16:41:38.638 +01:00 [INF] Request starting HTTP/2 GET https://localhost:7025/Identity/Account/Register - null null
2025-11-02 16:41:38.648 +01:00 [INF] Executing endpoint '/Account/Register'
2025-11-02 16:41:38.663 +01:00 [INF] Route matched with {page = "/Account/Register", area = "Identity", action = "", controller = ""}. Executing page /Account/Register
2025-11-02 16:41:38.672 +01:00 [INF] Executing handler method Jam.Areas.Identity.Pages.Account.RegisterModel.OnGetAsync - ModelState is "Valid"
2025-11-02 16:41:38.673 +01:00 [INF] Executed handler method OnGetAsync, returned result .
2025-11-02 16:41:38.673 +01:00 [INF] Executing an implicit handler method - ModelState is "Valid"
2025-11-02 16:41:38.673 +01:00 [INF] Executed an implicit handler method, returned result Microsoft.AspNetCore.Mvc.RazorPages.PageResult.
2025-11-02 16:41:38.762 +01:00 [INF] Executed page /Account/Register in 50.757ms
2025-11-02 16:41:38.789 +01:00 [INF] Request starting HTTP/2 GET https://localhost:7025/lib/jquery-validation/dist/jquery.validate.min.js - null null
2025-11-02 16:41:38.789 +01:00 [INF] Request starting HTTP/2 GET https://localhost:7025/lib/jquery-validation-unobtrusive/jquery.validate.unobtrusive.min.js - null null
2025-11-02 16:41:38.764 +01:00 [INF] Executed endpoint '/Account/Register'
2025-11-02 16:41:38.790 +01:00 [INF] Request finished HTTP/2 GET https://localhost:7025/Identity/Account/Register - 200 null text/html; charset=utf-8 177.8899ms
2025-11-02 16:41:38.790 +01:00 [INF] Request finished HTTP/2 GET https://localhost:7025/lib/jquery-validation/dist/jquery.validate.min.js - 404 0 null 1.2962ms
2025-11-02 16:41:38.790 +01:00 [INF] Request finished HTTP/2 GET https://localhost:7025/lib/jquery-validation-unobtrusive/jquery.validate.unobtrusive.min.js - 404 0 null 1.295ms
2025-11-02 16:41:38.791 +01:00 [INF] Request reached the end of the middleware pipeline without being handled by application code. Request path: GET https://localhost:7025/lib/jquery-validation-unobtrusive/jquery.validate.unobtrusive.min.js, Response status code: 404
2025-11-02 16:41:38.791 +01:00 [INF] Request reached the end of the middleware pipeline without being handled by application code. Request path: GET https://localhost:7025/lib/jquery-validation/dist/jquery.validate.min.js, Response status code: 404
2025-11-02 16:41:42.522 +01:00 [INF] Request starting HTTP/2 GET https://localhost:7025/Identity/Account/Login - null null
2025-11-02 16:41:42.524 +01:00 [INF] Executing endpoint '/Account/Login'
2025-11-02 16:41:42.526 +01:00 [INF] Route matched with {page = "/Account/Login", area = "Identity", action = "", controller = ""}. Executing page /Account/Login
2025-11-02 16:41:42.529 +01:00 [INF] Executing handler method Jam.Areas.Identity.Pages.Account.LoginModel.OnGetAsync - ModelState is "Valid"
2025-11-02 16:41:42.529 +01:00 [INF] AuthenticationScheme: Identity.External signed out.
2025-11-02 16:41:42.530 +01:00 [INF] Executed handler method OnGetAsync, returned result .
2025-11-02 16:41:42.530 +01:00 [INF] Executing an implicit handler method - ModelState is "Valid"
2025-11-02 16:41:42.530 +01:00 [INF] Executed an implicit handler method, returned result Microsoft.AspNetCore.Mvc.RazorPages.PageResult.
2025-11-02 16:41:42.652 +01:00 [INF] Executed page /Account/Login in 126.0992ms
2025-11-02 16:41:42.653 +01:00 [INF] Executed endpoint '/Account/Login'
2025-11-02 16:41:42.653 +01:00 [INF] Request finished HTTP/2 GET https://localhost:7025/Identity/Account/Login - 200 null text/html; charset=utf-8 156.1927ms
2025-11-02 16:41:42.661 +01:00 [INF] Request starting HTTP/2 GET https://localhost:7025/lib/jquery-validation/dist/jquery.validate.min.js - null null
2025-11-02 16:41:42.661 +01:00 [INF] Request starting HTTP/2 GET https://localhost:7025/lib/jquery-validation-unobtrusive/jquery.validate.unobtrusive.min.js - null null
2025-11-02 16:41:42.691 +01:00 [INF] Request finished HTTP/2 GET https://localhost:7025/lib/jquery-validation/dist/jquery.validate.min.js - 404 0 null 29.7323ms
2025-11-02 16:41:42.691 +01:00 [INF] Request finished HTTP/2 GET https://localhost:7025/lib/jquery-validation-unobtrusive/jquery.validate.unobtrusive.min.js - 404 0 null 29.5827ms
2025-11-02 16:41:42.691 +01:00 [INF] Request reached the end of the middleware pipeline without being handled by application code. Request path: GET https://localhost:7025/lib/jquery-validation/dist/jquery.validate.min.js, Response status code: 404
2025-11-02 16:41:42.691 +01:00 [INF] Request reached the end of the middleware pipeline without being handled by application code. Request path: GET https://localhost:7025/lib/jquery-validation-unobtrusive/jquery.validate.unobtrusive.min.js, Response status code: 404
2025-11-02 16:41:46.030 +01:00 [INF] Request starting HTTP/2 GET https://localhost:7025/Identity/Account/Register?returnUrl=%2F - null null
2025-11-02 16:41:46.031 +01:00 [INF] Executing endpoint '/Account/Register'
2025-11-02 16:41:46.031 +01:00 [INF] Route matched with {page = "/Account/Register", area = "Identity", action = "", controller = ""}. Executing page /Account/Register
2025-11-02 16:41:46.043 +01:00 [INF] Executing handler method Jam.Areas.Identity.Pages.Account.RegisterModel.OnGetAsync - ModelState is "Valid"
2025-11-02 16:41:46.043 +01:00 [INF] Executed handler method OnGetAsync, returned result .
2025-11-02 16:41:46.043 +01:00 [INF] Executing an implicit handler method - ModelState is "Valid"
2025-11-02 16:41:46.043 +01:00 [INF] Executed an implicit handler method, returned result Microsoft.AspNetCore.Mvc.RazorPages.PageResult.
2025-11-02 16:41:46.121 +01:00 [INF] Executed page /Account/Register in 89.9924ms
2025-11-02 16:41:46.143 +01:00 [INF] Executed endpoint '/Account/Register'
2025-11-02 16:41:46.213 +01:00 [INF] Request starting HTTP/2 GET https://localhost:7025/lib/jquery-validation/dist/jquery.validate.min.js - null null
2025-11-02 16:41:46.213 +01:00 [INF] Request starting HTTP/2 GET https://localhost:7025/lib/jquery-validation-unobtrusive/jquery.validate.unobtrusive.min.js - null null
2025-11-02 16:41:46.213 +01:00 [INF] Request finished HTTP/2 GET https://localhost:7025/Identity/Account/Register?returnUrl=%2F - 200 null text/html; charset=utf-8 158.001ms
2025-11-02 16:41:46.214 +01:00 [INF] Request finished HTTP/2 GET https://localhost:7025/lib/jquery-validation/dist/jquery.validate.min.js - 404 0 null 0.8554ms
2025-11-02 16:41:46.214 +01:00 [INF] Request finished HTTP/2 GET https://localhost:7025/lib/jquery-validation-unobtrusive/jquery.validate.unobtrusive.min.js - 404 0 null 0.624ms
2025-11-02 16:41:46.214 +01:00 [INF] Request reached the end of the middleware pipeline without being handled by application code. Request path: GET https://localhost:7025/lib/jquery-validation-unobtrusive/jquery.validate.unobtrusive.min.js, Response status code: 404
2025-11-02 16:41:46.214 +01:00 [INF] Request reached the end of the middleware pipeline without being handled by application code. Request path: GET https://localhost:7025/lib/jquery-validation/dist/jquery.validate.min.js, Response status code: 404
2025-11-02 16:41:48.695 +01:00 [INF] Request starting HTTP/2 GET https://localhost:7025/Identity/Account/Login - null null
2025-11-02 16:41:48.696 +01:00 [INF] Executing endpoint '/Account/Login'
2025-11-02 16:41:48.697 +01:00 [INF] Route matched with {page = "/Account/Login", area = "Identity", action = "", controller = ""}. Executing page /Account/Login
2025-11-02 16:41:48.699 +01:00 [INF] Executing handler method Jam.Areas.Identity.Pages.Account.LoginModel.OnGetAsync - ModelState is "Valid"
2025-11-02 16:41:48.700 +01:00 [INF] AuthenticationScheme: Identity.External signed out.
2025-11-02 16:41:48.700 +01:00 [INF] Executed handler method OnGetAsync, returned result .
2025-11-02 16:41:48.700 +01:00 [INF] Executing an implicit handler method - ModelState is "Valid"
2025-11-02 16:41:48.700 +01:00 [INF] Executed an implicit handler method, returned result Microsoft.AspNetCore.Mvc.RazorPages.PageResult.
2025-11-02 16:41:48.799 +01:00 [INF] Executed page /Account/Login in 101.5232ms
2025-11-02 16:41:48.799 +01:00 [INF] Executed endpoint '/Account/Login'
2025-11-02 16:41:48.800 +01:00 [INF] Request finished HTTP/2 GET https://localhost:7025/Identity/Account/Login - 200 null text/html; charset=utf-8 105.0988ms
2025-11-02 16:41:48.800 +01:00 [INF] Request starting HTTP/2 GET https://localhost:7025/lib/jquery-validation/dist/jquery.validate.min.js - null null
2025-11-02 16:41:48.800 +01:00 [INF] Request starting HTTP/2 GET https://localhost:7025/lib/jquery-validation-unobtrusive/jquery.validate.unobtrusive.min.js - null null
2025-11-02 16:41:48.801 +01:00 [INF] Request finished HTTP/2 GET https://localhost:7025/lib/jquery-validation-unobtrusive/jquery.validate.unobtrusive.min.js - 404 0 null 0.8076ms
2025-11-02 16:41:48.801 +01:00 [INF] Request finished HTTP/2 GET https://localhost:7025/lib/jquery-validation/dist/jquery.validate.min.js - 404 0 null 0.8279ms
2025-11-02 16:41:48.801 +01:00 [INF] Request reached the end of the middleware pipeline without being handled by application code. Request path: GET https://localhost:7025/lib/jquery-validation-unobtrusive/jquery.validate.unobtrusive.min.js, Response status code: 404
2025-11-02 16:41:48.801 +01:00 [INF] Request reached the end of the middleware pipeline without being handled by application code. Request path: GET https://localhost:7025/lib/jquery-validation/dist/jquery.validate.min.js, Response status code: 404
2025-11-02 16:42:09.505 +01:00 [INF] Request starting HTTP/2 POST https://localhost:7025/Identity/Account/Login - application/x-www-form-urlencoded 267
2025-11-02 16:42:09.566 +01:00 [INF] Executing endpoint '/Account/Login'
2025-11-02 16:42:09.567 +01:00 [INF] Route matched with {page = "/Account/Login", area = "Identity", action = "", controller = ""}. Executing page /Account/Login
2025-11-02 16:42:09.583 +01:00 [INF] Executing handler method Jam.Areas.Identity.Pages.Account.LoginModel.OnPostAsync - ModelState is "Valid"
2025-11-02 16:42:09.700 +01:00 [INF] AuthenticationScheme: Identity.Application signed in.
2025-11-02 16:42:09.700 +01:00 [INF] User logged in.
2025-11-02 16:42:09.700 +01:00 [INF] Executed handler method OnPostAsync, returned result Microsoft.AspNetCore.Mvc.LocalRedirectResult.
2025-11-02 16:42:09.701 +01:00 [INF] Executing LocalRedirectResult, redirecting to /.
2025-11-02 16:42:09.701 +01:00 [INF] Executed page /Account/Login in 134.1613ms
2025-11-02 16:42:09.701 +01:00 [INF] Executed endpoint '/Account/Login'
2025-11-02 16:42:09.701 +01:00 [INF] Request finished HTTP/2 POST https://localhost:7025/Identity/Account/Login - 302 0 null 245.1804ms
2025-11-02 16:42:09.731 +01:00 [INF] Request starting HTTP/2 GET https://localhost:7025/ - null null
2025-11-02 16:42:09.732 +01:00 [INF] Executing endpoint 'Jam.Controllers.HomeController.Index (Jam)'
2025-11-02 16:42:09.732 +01:00 [INF] Route matched with {action = "Index", controller = "Home", page = "", area = ""}. Executing controller action with signature System.Threading.Tasks.Task`1[Microsoft.AspNetCore.Mvc.IActionResult] Index() on controller Jam.Controllers.HomeController (Jam).
2025-11-02 16:42:09.759 +01:00 [INF] Executing ViewResult, running view Index.
2025-11-02 16:42:09.797 +01:00 [INF] Executed ViewResult - view Index executed in 38.7369ms.
2025-11-02 16:42:09.798 +01:00 [INF] Executed action Jam.Controllers.HomeController.Index (Jam) in 65.2031ms
2025-11-02 16:42:09.798 +01:00 [INF] Executed endpoint 'Jam.Controllers.HomeController.Index (Jam)'
2025-11-02 16:42:09.798 +01:00 [INF] Request finished HTTP/2 GET https://localhost:7025/ - 200 null text/html; charset=utf-8 91.9127ms
2025-11-02 16:42:14.443 +01:00 [INF] Request starting HTTP/2 GET https://localhost:7025/Identity/Account/Manage - null null
2025-11-02 16:42:14.447 +01:00 [INF] Executing endpoint '/Account/Manage/Index'
2025-11-02 16:42:14.454 +01:00 [INF] Route matched with {page = "/Account/Manage/Index", area = "Identity", action = "", controller = ""}. Executing page /Account/Manage/Index
2025-11-02 16:42:14.457 +01:00 [INF] Executing handler method Jam.Areas.Identity.Pages.Account.Manage.IndexModel.OnGetAsync - ModelState is "Valid"
2025-11-02 16:42:14.465 +01:00 [INF] Executed handler method OnGetAsync, returned result Microsoft.AspNetCore.Mvc.RazorPages.PageResult.
2025-11-02 16:42:14.514 +01:00 [INF] Executed page /Account/Manage/Index in 60.3904ms
2025-11-02 16:42:14.514 +01:00 [INF] Executed endpoint '/Account/Manage/Index'
2025-11-02 16:42:14.515 +01:00 [INF] Request finished HTTP/2 GET https://localhost:7025/Identity/Account/Manage - 200 null text/html; charset=utf-8 72.3344ms
2025-11-02 16:42:14.527 +01:00 [INF] Request starting HTTP/2 GET https://localhost:7025/lib/jquery-validation/dist/jquery.validate.min.js - null null
2025-11-02 16:42:14.527 +01:00 [INF] Request starting HTTP/2 GET https://localhost:7025/lib/jquery-validation-unobtrusive/jquery.validate.unobtrusive.min.js - null null
2025-11-02 16:42:14.529 +01:00 [INF] Request finished HTTP/2 GET https://localhost:7025/lib/jquery-validation/dist/jquery.validate.min.js - 404 0 null 1.4509ms
2025-11-02 16:42:14.529 +01:00 [INF] Request finished HTTP/2 GET https://localhost:7025/lib/jquery-validation-unobtrusive/jquery.validate.unobtrusive.min.js - 404 0 null 1.6022ms
2025-11-02 16:42:14.529 +01:00 [INF] Request reached the end of the middleware pipeline without being handled by application code. Request path: GET https://localhost:7025/lib/jquery-validation/dist/jquery.validate.min.js, Response status code: 404
2025-11-02 16:42:14.529 +01:00 [INF] Request reached the end of the middleware pipeline without being handled by application code. Request path: GET https://localhost:7025/lib/jquery-validation-unobtrusive/jquery.validate.unobtrusive.min.js, Response status code: 404
2025-11-02 16:42:16.280 +01:00 [INF] Request starting HTTP/2 GET https://localhost:7025/Identity/Account/Manage/Email - null null
2025-11-02 16:42:16.308 +01:00 [INF] Executing endpoint '/Account/Manage/Email'
2025-11-02 16:42:16.314 +01:00 [INF] Route matched with {page = "/Account/Manage/Email", area = "Identity", action = "", controller = ""}. Executing page /Account/Manage/Email
2025-11-02 16:42:16.316 +01:00 [INF] Executing handler method Jam.Areas.Identity.Pages.Account.Manage.EmailModel.OnGetAsync - ModelState is "Valid"
2025-11-02 16:42:16.324 +01:00 [INF] Executed handler method OnGetAsync, returned result Microsoft.AspNetCore.Mvc.RazorPages.PageResult.
2025-11-02 16:42:16.394 +01:00 [INF] Executed page /Account/Manage/Email in 80.2046ms
2025-11-02 16:42:16.421 +01:00 [INF] Executed endpoint '/Account/Manage/Email'
2025-11-02 16:42:16.446 +01:00 [INF] Request finished HTTP/2 GET https://localhost:7025/Identity/Account/Manage/Email - 200 null text/html; charset=utf-8 186.7555ms
2025-11-02 16:42:16.446 +01:00 [INF] Request starting HTTP/2 GET https://localhost:7025/lib/jquery-validation/dist/jquery.validate.min.js - null null
2025-11-02 16:42:16.446 +01:00 [INF] Request starting HTTP/2 GET https://localhost:7025/lib/jquery-validation-unobtrusive/jquery.validate.unobtrusive.min.js - null null
2025-11-02 16:42:16.469 +01:00 [INF] Request finished HTTP/2 GET https://localhost:7025/lib/jquery-validation-unobtrusive/jquery.validate.unobtrusive.min.js - 404 0 null 23.4427ms
2025-11-02 16:42:16.469 +01:00 [INF] Request finished HTTP/2 GET https://localhost:7025/lib/jquery-validation/dist/jquery.validate.min.js - 404 0 null 23.6235ms
2025-11-02 16:42:16.469 +01:00 [INF] Request reached the end of the middleware pipeline without being handled by application code. Request path: GET https://localhost:7025/lib/jquery-validation-unobtrusive/jquery.validate.unobtrusive.min.js, Response status code: 404
2025-11-02 16:42:16.469 +01:00 [INF] Request reached the end of the middleware pipeline without being handled by application code. Request path: GET https://localhost:7025/lib/jquery-validation/dist/jquery.validate.min.js, Response status code: 404
2025-11-02 16:42:17.278 +01:00 [INF] Request starting HTTP/2 GET https://localhost:7025/Identity/Account/Manage/ChangePassword - null null
2025-11-02 16:42:17.313 +01:00 [INF] Executing endpoint '/Account/Manage/ChangePassword'
2025-11-02 16:42:17.317 +01:00 [INF] Route matched with {page = "/Account/Manage/ChangePassword", area = "Identity", action = "", controller = ""}. Executing page /Account/Manage/ChangePassword
2025-11-02 16:42:17.318 +01:00 [INF] Executing handler method Jam.Areas.Identity.Pages.Account.Manage.ChangePasswordModel.OnGetAsync - ModelState is "Valid"
2025-11-02 16:42:17.322 +01:00 [INF] Executed handler method OnGetAsync, returned result Microsoft.AspNetCore.Mvc.RazorPages.PageResult.
2025-11-02 16:42:17.359 +01:00 [INF] Executed page /Account/Manage/ChangePassword in 41.8991ms
2025-11-02 16:42:17.359 +01:00 [INF] Executed endpoint '/Account/Manage/ChangePassword'
2025-11-02 16:42:17.360 +01:00 [INF] Request finished HTTP/2 GET https://localhost:7025/Identity/Account/Manage/ChangePassword - 200 null text/html; charset=utf-8 82.5087ms
2025-11-02 16:42:17.383 +01:00 [INF] Request starting HTTP/2 GET https://localhost:7025/lib/jquery-validation-unobtrusive/jquery.validate.unobtrusive.min.js - null null
2025-11-02 16:42:17.383 +01:00 [INF] Request starting HTTP/2 GET https://localhost:7025/lib/jquery-validation/dist/jquery.validate.min.js - null null
2025-11-02 16:42:17.457 +01:00 [INF] Request finished HTTP/2 GET https://localhost:7025/lib/jquery-validation/dist/jquery.validate.min.js - 404 0 null 73.8742ms
2025-11-02 16:42:17.457 +01:00 [INF] Request reached the end of the middleware pipeline without being handled by application code. Request path: GET https://localhost:7025/lib/jquery-validation/dist/jquery.validate.min.js, Response status code: 404
2025-11-02 16:42:17.457 +01:00 [INF] Request finished HTTP/2 GET https://localhost:7025/lib/jquery-validation-unobtrusive/jquery.validate.unobtrusive.min.js - 404 0 null 73.8725ms
2025-11-02 16:42:17.457 +01:00 [INF] Request reached the end of the middleware pipeline without being handled by application code. Request path: GET https://localhost:7025/lib/jquery-validation-unobtrusive/jquery.validate.unobtrusive.min.js, Response status code: 404
2025-11-02 16:42:18.757 +01:00 [INF] Request starting HTTP/2 GET https://localhost:7025/Identity/Account/Manage/Email - null null
2025-11-02 16:42:18.786 +01:00 [INF] Executing endpoint '/Account/Manage/Email'
2025-11-02 16:42:18.786 +01:00 [INF] Route matched with {page = "/Account/Manage/Email", area = "Identity", action = "", controller = ""}. Executing page /Account/Manage/Email
2025-11-02 16:42:18.787 +01:00 [INF] Executing handler method Jam.Areas.Identity.Pages.Account.Manage.EmailModel.OnGetAsync - ModelState is "Valid"
2025-11-02 16:42:18.792 +01:00 [INF] Executed handler method OnGetAsync, returned result Microsoft.AspNetCore.Mvc.RazorPages.PageResult.
2025-11-02 16:42:18.892 +01:00 [INF] Executed page /Account/Manage/Email in 105.6944ms
2025-11-02 16:42:18.893 +01:00 [INF] Executed endpoint '/Account/Manage/Email'
2025-11-02 16:42:18.940 +01:00 [INF] Request starting HTTP/2 GET https://localhost:7025/lib/jquery-validation/dist/jquery.validate.min.js - null null
2025-11-02 16:42:18.965 +01:00 [INF] Request starting HTTP/2 GET https://localhost:7025/lib/jquery-validation-unobtrusive/jquery.validate.unobtrusive.min.js - null null
2025-11-02 16:42:18.991 +01:00 [INF] Request finished HTTP/2 GET https://localhost:7025/Identity/Account/Manage/Email - 200 null text/html; charset=utf-8 208.3184ms
2025-11-02 16:42:18.992 +01:00 [INF] Request finished HTTP/2 GET https://localhost:7025/lib/jquery-validation/dist/jquery.validate.min.js - 404 0 null 52.6878ms
2025-11-02 16:42:18.992 +01:00 [INF] Request finished HTTP/2 GET https://localhost:7025/lib/jquery-validation-unobtrusive/jquery.validate.unobtrusive.min.js - 404 0 null 27.1274ms
2025-11-02 16:42:18.993 +01:00 [INF] Request reached the end of the middleware pipeline without being handled by application code. Request path: GET https://localhost:7025/lib/jquery-validation-unobtrusive/jquery.validate.unobtrusive.min.js, Response status code: 404
2025-11-02 16:42:18.993 +01:00 [INF] Request reached the end of the middleware pipeline without being handled by application code. Request path: GET https://localhost:7025/lib/jquery-validation/dist/jquery.validate.min.js, Response status code: 404
2025-11-02 16:42:19.644 +01:00 [INF] Request starting HTTP/2 GET https://localhost:7025/Identity/Account/Manage - null null
2025-11-02 16:42:19.646 +01:00 [INF] Executing endpoint '/Account/Manage/Index'
2025-11-02 16:42:19.646 +01:00 [INF] Route matched with {page = "/Account/Manage/Index", area = "Identity", action = "", controller = ""}. Executing page /Account/Manage/Index
2025-11-02 16:42:19.646 +01:00 [INF] Executing handler method Jam.Areas.Identity.Pages.Account.Manage.IndexModel.OnGetAsync - ModelState is "Valid"
2025-11-02 16:42:19.650 +01:00 [INF] Executed handler method OnGetAsync, returned result Microsoft.AspNetCore.Mvc.RazorPages.PageResult.
2025-11-02 16:42:19.654 +01:00 [INF] Executed page /Account/Manage/Index in 7.6449ms
2025-11-02 16:42:19.654 +01:00 [INF] Executed endpoint '/Account/Manage/Index'
2025-11-02 16:42:19.654 +01:00 [INF] Request finished HTTP/2 GET https://localhost:7025/Identity/Account/Manage - 200 null text/html; charset=utf-8 34.1725ms
2025-11-02 16:42:19.672 +01:00 [INF] Request starting HTTP/2 GET https://localhost:7025/lib/jquery-validation/dist/jquery.validate.min.js - null null
2025-11-02 16:42:19.672 +01:00 [INF] Request starting HTTP/2 GET https://localhost:7025/lib/jquery-validation-unobtrusive/jquery.validate.unobtrusive.min.js - null null
2025-11-02 16:42:19.699 +01:00 [INF] Request finished HTTP/2 GET https://localhost:7025/lib/jquery-validation/dist/jquery.validate.min.js - 404 0 null 26.7489ms
2025-11-02 16:42:19.699 +01:00 [INF] Request finished HTTP/2 GET https://localhost:7025/lib/jquery-validation-unobtrusive/jquery.validate.unobtrusive.min.js - 404 0 null 26.5828ms
2025-11-02 16:42:19.699 +01:00 [INF] Request reached the end of the middleware pipeline without being handled by application code. Request path: GET https://localhost:7025/lib/jquery-validation/dist/jquery.validate.min.js, Response status code: 404
2025-11-02 16:42:19.699 +01:00 [INF] Request reached the end of the middleware pipeline without being handled by application code. Request path: GET https://localhost:7025/lib/jquery-validation-unobtrusive/jquery.validate.unobtrusive.min.js, Response status code: 404
2025-11-02 16:42:20.912 +01:00 [INF] Request starting HTTP/2 GET https://localhost:7025/ - null null
2025-11-02 16:42:20.914 +01:00 [INF] Executing endpoint 'Jam.Controllers.HomeController.Index (Jam)'
2025-11-02 16:42:20.915 +01:00 [INF] Route matched with {action = "Index", controller = "Home", page = "", area = ""}. Executing controller action with signature System.Threading.Tasks.Task`1[Microsoft.AspNetCore.Mvc.IActionResult] Index() on controller Jam.Controllers.HomeController (Jam).
2025-11-02 16:42:20.926 +01:00 [INF] Executing ViewResult, running view Index.
2025-11-02 16:42:20.996 +01:00 [INF] Executed ViewResult - view Index executed in 69.9902ms.
2025-11-02 16:42:20.997 +01:00 [INF] Executed action Jam.Controllers.HomeController.Index (Jam) in 82.0513ms
2025-11-02 16:42:20.997 +01:00 [INF] Executed endpoint 'Jam.Controllers.HomeController.Index (Jam)'
2025-11-02 16:42:20.997 +01:00 [INF] Request finished HTTP/2 GET https://localhost:7025/ - 200 null text/html; charset=utf-8 85.2678ms
