2025-11-07 14:42:14.180 +01:00 [INF] User profile is available. Using '/Users/jaraazad/.aspnet/DataProtection-Keys' as key repository; keys will not be encrypted at rest.
2025-11-07 14:42:14.681 +01:00 [INF] Applying migration '20251024065541_InitialCreate'.
2025-11-07 14:42:14.728 +01:00 [INF] Applying migration '20251101105657_AddIdentitySupport'.
2025-11-07 14:42:14.778 +01:00 [INF] Applying migration '20251103080324_UpdateNextQuestionSceneDeleteBehavior'.
2025-11-07 14:42:15.838 +01:00 [INF] Now listening on: https://localhost:7025
2025-11-07 14:42:15.839 +01:00 [INF] Now listening on: http://localhost:5262
2025-11-07 14:42:15.843 +01:00 [INF] Application started. Press Ctrl+C to shut down.
2025-11-07 14:42:15.844 +01:00 [INF] Hosting environment: Development
2025-11-07 14:42:15.845 +01:00 [INF] Content root path: /Users/jaraazad/Desktop/Jam
2025-11-07 14:42:16.210 +01:00 [INF] Request starting HTTP/2 GET https://localhost:7025/ - null null
2025-11-07 14:42:16.248 +01:00 [INF] Executing endpoint 'Jam.Controllers.HomeController.Index (Jam)'
2025-11-07 14:42:16.258 +01:00 [INF] Route matched with {action = "Index", controller = "Home", page = "", area = ""}. Executing controller action with signature System.Threading.Tasks.Task`1[Microsoft.AspNetCore.Mvc.IActionResult] Index() on controller Jam.Controllers.HomeController (Jam).
2025-11-07 14:42:16.270 +01:00 [WRN] [HomeController -> Index] Auth cookie invalid or user no longer exists. Redirecting to login.
2025-11-07 14:42:16.273 +01:00 [INF] AuthenticationScheme: Identity.Application signed out.
2025-11-07 14:42:16.274 +01:00 [INF] AuthenticationScheme: Identity.External signed out.
2025-11-07 14:42:16.274 +01:00 [INF] AuthenticationScheme: Identity.TwoFactorUserId signed out.
2025-11-07 14:42:16.275 +01:00 [INF] Executing LocalRedirectResult, redirecting to /Identity/Account/Login.
2025-11-07 14:42:16.277 +01:00 [INF] Executed action Jam.Controllers.HomeController.Index (Jam) in 17.3072ms
2025-11-07 14:42:16.278 +01:00 [INF] Executed endpoint 'Jam.Controllers.HomeController.Index (Jam)'
2025-11-07 14:42:16.283 +01:00 [INF] Request finished HTTP/2 GET https://localhost:7025/ - 302 0 null 74.8968ms
2025-11-07 14:42:16.289 +01:00 [INF] Request starting HTTP/2 GET https://localhost:7025/Identity/Account/Login - null null
2025-11-07 14:42:16.295 +01:00 [INF] Executing endpoint '/Account/Login'
2025-11-07 14:42:16.307 +01:00 [INF] Route matched with {page = "/Account/Login", area = "Identity", action = "", controller = ""}. Executing page /Account/Login
2025-11-07 14:42:16.315 +01:00 [INF] Executing handler method Jam.Areas.Identity.Pages.Account.LoginModel.OnGetAsync - ModelState is "Valid"
2025-11-07 14:42:16.316 +01:00 [INF] AuthenticationScheme: Identity.External signed out.
2025-11-07 14:42:16.316 +01:00 [INF] Executed handler method OnGetAsync, returned result .
2025-11-07 14:42:16.318 +01:00 [INF] Executing an implicit handler method - ModelState is "Invalid"
2025-11-07 14:42:16.318 +01:00 [INF] Executed an implicit handler method, returned result Microsoft.AspNetCore.Mvc.RazorPages.PageResult.
2025-11-07 14:42:16.374 +01:00 [INF] Executed page /Account/Login in 66.5918ms
2025-11-07 14:42:16.375 +01:00 [INF] Executed endpoint '/Account/Login'
2025-11-07 14:42:16.466 +01:00 [INF] Request starting HTTP/2 GET https://localhost:7025/lib/jquery-validation/dist/jquery.validate.min.js - null null
2025-11-07 14:42:16.466 +01:00 [INF] Request starting HTTP/2 GET https://localhost:7025/lib/jquery-validation-unobtrusive/jquery.validate.unobtrusive.min.js - null null
2025-11-07 14:42:16.470 +01:00 [INF] Request finished HTTP/2 GET https://localhost:7025/Identity/Account/Login - 200 null text/html; charset=utf-8 180.4881ms
2025-11-07 14:42:16.471 +01:00 [INF] Request finished HTTP/2 GET https://localhost:7025/lib/jquery-validation-unobtrusive/jquery.validate.unobtrusive.min.js - 404 0 null 4.4835ms
2025-11-07 14:42:16.471 +01:00 [INF] Request finished HTTP/2 GET https://localhost:7025/lib/jquery-validation/dist/jquery.validate.min.js - 404 0 null 4.4928ms
2025-11-07 14:42:16.472 +01:00 [INF] Request reached the end of the middleware pipeline without being handled by application code. Request path: GET https://localhost:7025/lib/jquery-validation/dist/jquery.validate.min.js, Response status code: 404
2025-11-07 14:42:16.472 +01:00 [INF] Request reached the end of the middleware pipeline without being handled by application code. Request path: GET https://localhost:7025/lib/jquery-validation-unobtrusive/jquery.validate.unobtrusive.min.js, Response status code: 404
2025-11-07 14:42:20.464 +01:00 [INF] Request starting HTTP/2 POST https://localhost:7025/Identity/Account/Login - application/x-www-form-urlencoded 236
2025-11-07 14:42:20.544 +01:00 [INF] Executing endpoint '/Account/Login'
2025-11-07 14:42:20.546 +01:00 [INF] Route matched with {page = "/Account/Login", area = "Identity", action = "", controller = ""}. Executing page /Account/Login
2025-11-07 14:42:20.571 +01:00 [INF] Executing handler method Jam.Areas.Identity.Pages.Account.LoginModel.OnPostAsync - ModelState is "Valid"
2025-11-07 14:42:20.696 +01:00 [INF] AuthenticationScheme: Identity.Application signed in.
2025-11-07 14:42:20.697 +01:00 [INF] User logged in.
2025-11-07 14:42:20.697 +01:00 [INF] Executed handler method OnPostAsync, returned result Microsoft.AspNetCore.Mvc.LocalRedirectResult.
2025-11-07 14:42:20.697 +01:00 [INF] Executing LocalRedirectResult, redirecting to /.
2025-11-07 14:42:20.697 +01:00 [INF] Executed page /Account/Login in 151.8037ms
2025-11-07 14:42:20.698 +01:00 [INF] Executed endpoint '/Account/Login'
2025-11-07 14:42:20.698 +01:00 [INF] Request finished HTTP/2 POST https://localhost:7025/Identity/Account/Login - 302 0 null 233.6211ms
2025-11-07 14:42:20.727 +01:00 [INF] Request starting HTTP/2 GET https://localhost:7025/ - null null
2025-11-07 14:42:20.728 +01:00 [INF] Executing endpoint 'Jam.Controllers.HomeController.Index (Jam)'
2025-11-07 14:42:20.728 +01:00 [INF] Route matched with {action = "Index", controller = "Home", page = "", area = ""}. Executing controller action with signature System.Threading.Tasks.Task`1[Microsoft.AspNetCore.Mvc.IActionResult] Index() on controller Jam.Controllers.HomeController (Jam).
2025-11-07 14:42:20.777 +01:00 [INF] Executing ViewResult, running view Index.
2025-11-07 14:42:20.794 +01:00 [INF] Executed ViewResult - view Index executed in 17.9087ms.
2025-11-07 14:42:20.794 +01:00 [INF] Executed action Jam.Controllers.HomeController.Index (Jam) in 65.9655ms
2025-11-07 14:42:20.795 +01:00 [INF] Executed endpoint 'Jam.Controllers.HomeController.Index (Jam)'
2025-11-07 14:42:20.795 +01:00 [INF] Request finished HTTP/2 GET https://localhost:7025/ - 200 null text/html; charset=utf-8 68.3977ms
2025-11-07 14:42:21.848 +01:00 [INF] Request starting HTTP/2 GET https://localhost:7025/StoryEditing/EditStory?storyId=1 - null null
2025-11-07 14:42:21.854 +01:00 [INF] Executing endpoint 'Jam.Controllers.StoryEditingController.EditStory (Jam)'
2025-11-07 14:42:21.863 +01:00 [INF] Route matched with {action = "EditStory", controller = "StoryEditing", page = "", area = ""}. Executing controller action with signature System.Threading.Tasks.Task`1[Microsoft.AspNetCore.Mvc.IActionResult] EditStory(Int32) on controller Jam.Controllers.StoryEditingController (Jam).
2025-11-07 14:42:21.881 +01:00 [INF] Executing ViewResult, running view EditStory.
2025-11-07 14:42:21.978 +01:00 [INF] Executed ViewResult - view EditStory executed in 96.9973ms.
2025-11-07 14:42:22.105 +01:00 [INF] Executed action Jam.Controllers.StoryEditingController.EditStory (Jam) in 242.1595ms
2025-11-07 14:42:22.105 +01:00 [INF] Executed endpoint 'Jam.Controllers.StoryEditingController.EditStory (Jam)'
2025-11-07 14:42:22.106 +01:00 [INF] Request finished HTTP/2 GET https://localhost:7025/StoryEditing/EditStory?storyId=1 - 200 null text/html; charset=utf-8 261.686ms
2025-11-07 14:42:22.876 +01:00 [INF] Request starting HTTP/2 GET https://localhost:7025/StoryEditing/EditQuestionScenes?storyId=1 - null null
2025-11-07 14:42:22.879 +01:00 [INF] Executing endpoint 'Jam.Controllers.StoryEditingController.EditQuestionScenes (Jam)'
2025-11-07 14:42:22.882 +01:00 [INF] Route matched with {action = "EditQuestionScenes", controller = "StoryEditing", page = "", area = ""}. Executing controller action with signature System.Threading.Tasks.Task`1[Microsoft.AspNetCore.Mvc.IActionResult] EditQuestionScenes(Int32) on controller Jam.Controllers.StoryEditingController (Jam).
2025-11-07 14:42:22.943 +01:00 [INF] Executing ViewResult, running view EditQuestionScenes.
2025-11-07 14:42:23.027 +01:00 [INF] Executed ViewResult - view EditQuestionScenes executed in 84.3064ms.
2025-11-07 14:42:23.028 +01:00 [INF] Executed action Jam.Controllers.StoryEditingController.EditQuestionScenes (Jam) in 145.5478ms
2025-11-07 14:42:23.028 +01:00 [INF] Executed endpoint 'Jam.Controllers.StoryEditingController.EditQuestionScenes (Jam)'
2025-11-07 14:42:23.028 +01:00 [INF] Request finished HTTP/2 GET https://localhost:7025/StoryEditing/EditQuestionScenes?storyId=1 - 200 null text/html; charset=utf-8 151.7651ms
2025-11-07 14:42:26.955 +01:00 [INF] Request starting HTTP/2 POST https://localhost:7025/StoryEditing/DeleteQuestion?storyId=1&questionSceneId=3 - application/x-www-form-urlencoded 6488
2025-11-07 14:42:26.958 +01:00 [INF] Executing endpoint 'Jam.Controllers.StoryEditingController.DeleteQuestion (Jam)'
2025-11-07 14:42:26.963 +01:00 [INF] Route matched with {action = "DeleteQuestion", controller = "StoryEditing", page = "", area = ""}. Executing controller action with signature System.Threading.Tasks.Task`1[Microsoft.AspNetCore.Mvc.IActionResult] DeleteQuestion(Int32, Int32) on controller Jam.Controllers.StoryEditingController (Jam).
2025-11-07 14:42:26.973 +01:00 [INF] 🟢 DeleteQuestion CALLED: storyId=1, questionSceneId=3
2025-11-07 14:42:27.006 +01:00 [INF] [SceneRepository -> DeleteQuestionScene] Deleted scene 3, linked previous=null → next=2
2025-11-07 14:42:27.036 +01:00 [WRN] [SceneRepository -> DeleteQuestionScene] Scene not found with id 3
2025-11-07 14:42:27.037 +01:00 [INF] Executing RedirectResult, redirecting to /StoryEditing/EditQuestionScenes?storyId=1.
2025-11-07 14:42:27.037 +01:00 [INF] Executed action Jam.Controllers.StoryEditingController.DeleteQuestion (Jam) in 74.3003ms
2025-11-07 14:42:27.038 +01:00 [INF] Executed endpoint 'Jam.Controllers.StoryEditingController.DeleteQuestion (Jam)'
2025-11-07 14:42:27.038 +01:00 [INF] Request finished HTTP/2 POST https://localhost:7025/StoryEditing/DeleteQuestion?storyId=1&questionSceneId=3 - 302 0 null 82.6249ms
2025-11-07 14:42:27.044 +01:00 [INF] Request starting HTTP/2 GET https://localhost:7025/StoryEditing/EditQuestionScenes?storyId=1 - null null
2025-11-07 14:42:27.044 +01:00 [INF] Executing endpoint 'Jam.Controllers.StoryEditingController.EditQuestionScenes (Jam)'
2025-11-07 14:42:27.045 +01:00 [INF] Route matched with {action = "EditQuestionScenes", controller = "StoryEditing", page = "", area = ""}. Executing controller action with signature System.Threading.Tasks.Task`1[Microsoft.AspNetCore.Mvc.IActionResult] EditQuestionScenes(Int32) on controller Jam.Controllers.StoryEditingController (Jam).
2025-11-07 14:42:27.049 +01:00 [INF] Executing ViewResult, running view EditQuestionScenes.
2025-11-07 14:42:27.139 +01:00 [INF] Executed ViewResult - view EditQuestionScenes executed in 89.6245ms.
2025-11-07 14:42:27.139 +01:00 [INF] Executed action Jam.Controllers.StoryEditingController.EditQuestionScenes (Jam) in 94.5011ms
2025-11-07 14:42:27.139 +01:00 [INF] Executed endpoint 'Jam.Controllers.StoryEditingController.EditQuestionScenes (Jam)'
2025-11-07 14:42:27.139 +01:00 [INF] Request finished HTTP/2 GET https://localhost:7025/StoryEditing/EditQuestionScenes?storyId=1 - 200 null text/html; charset=utf-8 95.3996ms
2025-11-07 14:42:28.634 +01:00 [INF] Request starting HTTP/2 POST https://localhost:7025/StoryEditing/EditQuestionScenes?storyId=1 - application/x-www-form-urlencoded 3065
2025-11-07 14:42:28.661 +01:00 [INF] Executing endpoint 'Jam.Controllers.StoryEditingController.EditQuestionScenes (Jam)'
2025-11-07 14:42:28.670 +01:00 [INF] Route matched with {action = "EditQuestionScenes", controller = "StoryEditing", page = "", area = ""}. Executing controller action with signature System.Threading.Tasks.Task`1[Microsoft.AspNetCore.Mvc.IActionResult] EditQuestionScenes(System.Collections.Generic.List`1[Jam.ViewModels.QuestionSceneBaseViewModel]) on controller Jam.Controllers.StoryEditingController (Jam).
2025-11-07 14:42:28.682 +01:00 [INF] Executing RedirectResult, redirecting to /StoryEditing/EditQuestionScenes?storyId=1.
2025-11-07 14:42:28.683 +01:00 [INF] Executed action Jam.Controllers.StoryEditingController.EditQuestionScenes (Jam) in 12.7883ms
2025-11-07 14:42:28.683 +01:00 [INF] Executed endpoint 'Jam.Controllers.StoryEditingController.EditQuestionScenes (Jam)'
2025-11-07 14:42:28.683 +01:00 [INF] Request finished HTTP/2 POST https://localhost:7025/StoryEditing/EditQuestionScenes?storyId=1 - 302 0 null 71.1157ms
2025-11-07 14:42:28.689 +01:00 [INF] Request starting HTTP/2 GET https://localhost:7025/StoryEditing/EditQuestionScenes?storyId=1 - null null
2025-11-07 14:42:28.690 +01:00 [INF] Executing endpoint 'Jam.Controllers.StoryEditingController.EditQuestionScenes (Jam)'
2025-11-07 14:42:28.690 +01:00 [INF] Route matched with {action = "EditQuestionScenes", controller = "StoryEditing", page = "", area = ""}. Executing controller action with signature System.Threading.Tasks.Task`1[Microsoft.AspNetCore.Mvc.IActionResult] EditQuestionScenes(Int32) on controller Jam.Controllers.StoryEditingController (Jam).
2025-11-07 14:42:28.694 +01:00 [INF] Executing ViewResult, running view EditQuestionScenes.
2025-11-07 14:42:28.771 +01:00 [INF] Executed ViewResult - view EditQuestionScenes executed in 77.6498ms.
2025-11-07 14:42:28.772 +01:00 [INF] Executed action Jam.Controllers.StoryEditingController.EditQuestionScenes (Jam) in 81.7597ms
2025-11-07 14:42:28.772 +01:00 [INF] Executed endpoint 'Jam.Controllers.StoryEditingController.EditQuestionScenes (Jam)'
2025-11-07 14:42:28.772 +01:00 [INF] Request finished HTTP/2 GET https://localhost:7025/StoryEditing/EditQuestionScenes?storyId=1 - 200 null text/html; charset=utf-8 83.6253ms
2025-11-07 14:42:30.560 +01:00 [INF] Request starting HTTP/2 POST https://localhost:7025/StoryEditing/EditQuestionScenes?storyId=1 - application/x-www-form-urlencoded 3065
2025-11-07 14:42:30.562 +01:00 [INF] Executing endpoint 'Jam.Controllers.StoryEditingController.EditQuestionScenes (Jam)'
2025-11-07 14:42:30.562 +01:00 [INF] Route matched with {action = "EditQuestionScenes", controller = "StoryEditing", page = "", area = ""}. Executing controller action with signature System.Threading.Tasks.Task`1[Microsoft.AspNetCore.Mvc.IActionResult] EditQuestionScenes(System.Collections.Generic.List`1[Jam.ViewModels.QuestionSceneBaseViewModel]) on controller Jam.Controllers.StoryEditingController (Jam).
2025-11-07 14:42:30.564 +01:00 [INF] Executing RedirectResult, redirecting to /StoryEditing/EditQuestionScenes?storyId=1.
2025-11-07 14:42:30.565 +01:00 [INF] Executed action Jam.Controllers.StoryEditingController.EditQuestionScenes (Jam) in 2.6895ms
2025-11-07 14:42:30.565 +01:00 [INF] Executed endpoint 'Jam.Controllers.StoryEditingController.EditQuestionScenes (Jam)'
2025-11-07 14:42:30.565 +01:00 [INF] Request finished HTTP/2 POST https://localhost:7025/StoryEditing/EditQuestionScenes?storyId=1 - 302 0 null 4.8598ms
2025-11-07 14:42:30.569 +01:00 [INF] Request starting HTTP/2 GET https://localhost:7025/StoryEditing/EditQuestionScenes?storyId=1 - null null
2025-11-07 14:42:30.570 +01:00 [INF] Executing endpoint 'Jam.Controllers.StoryEditingController.EditQuestionScenes (Jam)'
2025-11-07 14:42:30.570 +01:00 [INF] Route matched with {action = "EditQuestionScenes", controller = "StoryEditing", page = "", area = ""}. Executing controller action with signature System.Threading.Tasks.Task`1[Microsoft.AspNetCore.Mvc.IActionResult] EditQuestionScenes(Int32) on controller Jam.Controllers.StoryEditingController (Jam).
2025-11-07 14:42:30.576 +01:00 [INF] Executing ViewResult, running view EditQuestionScenes.
2025-11-07 14:42:30.663 +01:00 [INF] Executed ViewResult - view EditQuestionScenes executed in 86.3027ms.
2025-11-07 14:42:30.688 +01:00 [INF] Executed action Jam.Controllers.StoryEditingController.EditQuestionScenes (Jam) in 118.4163ms
2025-11-07 14:42:30.709 +01:00 [INF] Executed endpoint 'Jam.Controllers.StoryEditingController.EditQuestionScenes (Jam)'
2025-11-07 14:42:30.709 +01:00 [INF] Request finished HTTP/2 GET https://localhost:7025/StoryEditing/EditQuestionScenes?storyId=1 - 200 null text/html; charset=utf-8 140.6793ms
