2025-11-06 15:09:03.669 +01:00 [INF] User profile is available. Using '/Users/jaraazad/.aspnet/DataProtection-Keys' as key repository; keys will not be encrypted at rest.
2025-11-06 15:09:04.143 +01:00 [INF] Applying migration '20251024065541_InitialCreate'.
2025-11-06 15:09:04.298 +01:00 [INF] Applying migration '20251101105657_AddIdentitySupport'.
2025-11-06 15:09:04.386 +01:00 [INF] Applying migration '20251103080324_UpdateNextQuestionSceneDeleteBehavior'.
2025-11-06 15:09:05.505 +01:00 [INF] Now listening on: https://localhost:7025
2025-11-06 15:09:05.506 +01:00 [INF] Now listening on: http://localhost:5262
2025-11-06 15:09:05.510 +01:00 [INF] Application started. Press Ctrl+C to shut down.
2025-11-06 15:09:05.511 +01:00 [INF] Hosting environment: Development
2025-11-06 15:09:05.511 +01:00 [INF] Content root path: /Users/jaraazad/Desktop/Jam
2025-11-06 15:09:05.813 +01:00 [INF] Request starting HTTP/2 GET https://localhost:7025/ - null null
2025-11-06 15:09:05.837 +01:00 [INF] Authorization failed. These requirements were not met:
DenyAnonymousAuthorizationRequirement: Requires an authenticated user.
2025-11-06 15:09:05.843 +01:00 [INF] AuthenticationScheme: Identity.Application was challenged.
2025-11-06 15:09:05.845 +01:00 [INF] Request finished HTTP/2 GET https://localhost:7025/ - 302 0 null 32.257ms
2025-11-06 15:09:05.880 +01:00 [INF] Request starting HTTP/2 GET https://localhost:7025/Identity/Account/Login?ReturnUrl=%2F - null null
2025-11-06 15:09:05.887 +01:00 [INF] Executing endpoint '/Account/Login'
2025-11-06 15:09:05.904 +01:00 [INF] Route matched with {page = "/Account/Login", area = "Identity", action = "", controller = ""}. Executing page /Account/Login
2025-11-06 15:09:05.914 +01:00 [INF] Executing handler method Jam.Areas.Identity.Pages.Account.LoginModel.OnGetAsync - ModelState is "Valid"
2025-11-06 15:09:05.919 +01:00 [INF] AuthenticationScheme: Identity.External signed out.
2025-11-06 15:09:05.919 +01:00 [INF] Executed handler method OnGetAsync, returned result .
2025-11-06 15:09:05.921 +01:00 [INF] Executing an implicit handler method - ModelState is "Valid"
2025-11-06 15:09:05.921 +01:00 [INF] Executed an implicit handler method, returned result Microsoft.AspNetCore.Mvc.RazorPages.PageResult.
2025-11-06 15:09:05.981 +01:00 [INF] Executed page /Account/Login in 75.0154ms
2025-11-06 15:09:05.981 +01:00 [INF] Executed endpoint '/Account/Login'
2025-11-06 15:09:05.985 +01:00 [INF] Request finished HTTP/2 GET https://localhost:7025/Identity/Account/Login?ReturnUrl=%2F - 200 null text/html; charset=utf-8 105.4041ms
2025-11-06 15:09:06.326 +01:00 [INF] Request starting HTTP/2 GET https://localhost:7025/lib/jquery-validation/dist/jquery.validate.min.js - null null
2025-11-06 15:09:06.328 +01:00 [INF] Request starting HTTP/2 GET https://localhost:7025/lib/jquery-validation-unobtrusive/jquery.validate.unobtrusive.min.js - null null
2025-11-06 15:09:06.334 +01:00 [INF] Request finished HTTP/2 GET https://localhost:7025/lib/jquery-validation/dist/jquery.validate.min.js - 404 0 null 8.3402ms
2025-11-06 15:09:06.334 +01:00 [INF] Request finished HTTP/2 GET https://localhost:7025/lib/jquery-validation-unobtrusive/jquery.validate.unobtrusive.min.js - 404 0 null 6.3245ms
2025-11-06 15:09:06.335 +01:00 [INF] Request reached the end of the middleware pipeline without being handled by application code. Request path: GET https://localhost:7025/lib/jquery-validation/dist/jquery.validate.min.js, Response status code: 404
2025-11-06 15:09:06.337 +01:00 [INF] Request reached the end of the middleware pipeline without being handled by application code. Request path: GET https://localhost:7025/lib/jquery-validation-unobtrusive/jquery.validate.unobtrusive.min.js, Response status code: 404
2025-11-06 15:09:07.142 +01:00 [INF] Request starting HTTP/2 POST https://localhost:7025/Identity/Account/Login?ReturnUrl=%2F - application/x-www-form-urlencoded 236
2025-11-06 15:09:07.148 +01:00 [INF] Executing endpoint '/Account/Login'
2025-11-06 15:09:07.149 +01:00 [INF] Route matched with {page = "/Account/Login", area = "Identity", action = "", controller = ""}. Executing page /Account/Login
2025-11-06 15:09:07.169 +01:00 [INF] Executing handler method Jam.Areas.Identity.Pages.Account.LoginModel.OnPostAsync - ModelState is "Valid"
2025-11-06 15:09:07.279 +01:00 [INF] AuthenticationScheme: Identity.Application signed in.
2025-11-06 15:09:07.280 +01:00 [INF] User logged in.
2025-11-06 15:09:07.281 +01:00 [INF] Executed handler method OnPostAsync, returned result Microsoft.AspNetCore.Mvc.LocalRedirectResult.
2025-11-06 15:09:07.281 +01:00 [INF] Executing LocalRedirectResult, redirecting to /.
2025-11-06 15:09:07.282 +01:00 [INF] Executed page /Account/Login in 132.752ms
2025-11-06 15:09:07.282 +01:00 [INF] Executed endpoint '/Account/Login'
2025-11-06 15:09:07.286 +01:00 [INF] Request finished HTTP/2 POST https://localhost:7025/Identity/Account/Login?ReturnUrl=%2F - 302 0 null 144.2245ms
2025-11-06 15:09:07.287 +01:00 [INF] Request starting HTTP/2 GET https://localhost:7025/ - null null
2025-11-06 15:09:07.289 +01:00 [INF] Executing endpoint 'Jam.Controllers.HomeController.Index (Jam)'
2025-11-06 15:09:07.294 +01:00 [INF] Route matched with {action = "Index", controller = "Home", page = "", area = ""}. Executing controller action with signature System.Threading.Tasks.Task`1[Microsoft.AspNetCore.Mvc.IActionResult] Index() on controller Jam.Controllers.HomeController (Jam).
2025-11-06 15:09:07.351 +01:00 [INF] Executing ViewResult, running view Index.
2025-11-06 15:09:07.366 +01:00 [INF] Executed ViewResult - view Index executed in 16.1742ms.
2025-11-06 15:09:07.367 +01:00 [INF] Executed action Jam.Controllers.HomeController.Index (Jam) in 73.0117ms
2025-11-06 15:09:07.367 +01:00 [INF] Executed endpoint 'Jam.Controllers.HomeController.Index (Jam)'
2025-11-06 15:09:07.367 +01:00 [INF] Request finished HTTP/2 GET https://localhost:7025/ - 200 null text/html; charset=utf-8 80.9877ms
2025-11-06 15:09:09.562 +01:00 [INF] Request starting HTTP/2 GET https://localhost:7025/StoryEditing/EditStory?storyId=1 - null null
2025-11-06 15:09:09.567 +01:00 [INF] Executing endpoint 'Jam.Controllers.StoryEditingController.EditStory (Jam)'
2025-11-06 15:09:09.574 +01:00 [INF] Route matched with {action = "EditStory", controller = "StoryEditing", page = "", area = ""}. Executing controller action with signature System.Threading.Tasks.Task`1[Microsoft.AspNetCore.Mvc.IActionResult] EditStory(Int32) on controller Jam.Controllers.StoryEditingController (Jam).
2025-11-06 15:09:09.593 +01:00 [INF] Executing ViewResult, running view EditStory.
2025-11-06 15:09:09.704 +01:00 [INF] Executed ViewResult - view EditStory executed in 110.9085ms.
2025-11-06 15:09:09.705 +01:00 [INF] Executed action Jam.Controllers.StoryEditingController.EditStory (Jam) in 130.3404ms
2025-11-06 15:09:09.706 +01:00 [INF] Executed endpoint 'Jam.Controllers.StoryEditingController.EditStory (Jam)'
2025-11-06 15:09:09.706 +01:00 [INF] Request finished HTTP/2 GET https://localhost:7025/StoryEditing/EditStory?storyId=1 - 200 null text/html; charset=utf-8 166.6707ms
2025-11-06 15:09:10.611 +01:00 [INF] Request starting HTTP/2 GET https://localhost:7025/StoryEditing/EditQuestionScenes?storyId=1 - null null
2025-11-06 15:09:10.616 +01:00 [INF] Executing endpoint 'Jam.Controllers.StoryEditingController.EditQuestionScenes (Jam)'
2025-11-06 15:09:10.620 +01:00 [INF] Route matched with {action = "EditQuestionScenes", controller = "StoryEditing", page = "", area = ""}. Executing controller action with signature System.Threading.Tasks.Task`1[Microsoft.AspNetCore.Mvc.IActionResult] EditQuestionScenes(Int32) on controller Jam.Controllers.StoryEditingController (Jam).
2025-11-06 15:09:10.697 +01:00 [INF] Executing ViewResult, running view EditQuestionScenes.
2025-11-06 15:09:10.752 +01:00 [INF] Executed ViewResult - view EditQuestionScenes executed in 54.9174ms.
2025-11-06 15:09:10.801 +01:00 [INF] Executed action Jam.Controllers.StoryEditingController.EditQuestionScenes (Jam) in 180.853ms
2025-11-06 15:09:10.827 +01:00 [INF] Executed endpoint 'Jam.Controllers.StoryEditingController.EditQuestionScenes (Jam)'
2025-11-06 15:09:10.827 +01:00 [INF] Request finished HTTP/2 GET https://localhost:7025/StoryEditing/EditQuestionScenes?storyId=1 - 200 null text/html; charset=utf-8 216.9637ms
