2025-11-07 19:04:19.973 +01:00 [INF] User profile is available. Using '/Users/jaraazad/.aspnet/DataProtection-Keys' as key repository; keys will not be encrypted at rest.
2025-11-07 19:04:20.491 +01:00 [INF] Applying migration '20251024065541_InitialCreate'.
2025-11-07 19:04:20.551 +01:00 [INF] Applying migration '20251101105657_AddIdentitySupport'.
2025-11-07 19:04:20.603 +01:00 [INF] Applying migration '20251103080324_UpdateNextQuestionSceneDeleteBehavior'.
2025-11-07 19:04:21.595 +01:00 [INF] Now listening on: https://localhost:7025
2025-11-07 19:04:21.595 +01:00 [INF] Now listening on: http://localhost:5262
2025-11-07 19:04:21.600 +01:00 [INF] Application started. Press Ctrl+C to shut down.
2025-11-07 19:04:21.601 +01:00 [INF] Hosting environment: Development
2025-11-07 19:04:21.601 +01:00 [INF] Content root path: /Users/jaraazad/Desktop/Jam
2025-11-07 19:04:22.115 +01:00 [INF] Request starting HTTP/2 GET https://localhost:7025/ - null null
2025-11-07 19:04:22.160 +01:00 [INF] Executing endpoint 'Jam.Controllers.HomeController.Index (Jam)'
2025-11-07 19:04:22.171 +01:00 [INF] Route matched with {action = "Index", controller = "Home", page = "", area = ""}. Executing controller action with signature System.Threading.Tasks.Task`1[Microsoft.AspNetCore.Mvc.IActionResult] Index() on controller Jam.Controllers.HomeController (Jam).
2025-11-07 19:04:22.187 +01:00 [WRN] [HomeController -> Index] Auth cookie invalid or user no longer exists. Redirecting to login.
2025-11-07 19:04:22.191 +01:00 [INF] AuthenticationScheme: Identity.Application signed out.
2025-11-07 19:04:22.192 +01:00 [INF] AuthenticationScheme: Identity.External signed out.
2025-11-07 19:04:22.192 +01:00 [INF] AuthenticationScheme: Identity.TwoFactorUserId signed out.
2025-11-07 19:04:22.194 +01:00 [INF] Executing LocalRedirectResult, redirecting to /Identity/Account/Login.
2025-11-07 19:04:22.196 +01:00 [INF] Executed action Jam.Controllers.HomeController.Index (Jam) in 22.5846ms
2025-11-07 19:04:22.196 +01:00 [INF] Executed endpoint 'Jam.Controllers.HomeController.Index (Jam)'
2025-11-07 19:04:22.202 +01:00 [INF] Request finished HTTP/2 GET https://localhost:7025/ - 302 0 null 87.8122ms
2025-11-07 19:04:22.208 +01:00 [INF] Request starting HTTP/2 GET https://localhost:7025/Identity/Account/Login - null null
2025-11-07 19:04:22.214 +01:00 [INF] Executing endpoint '/Account/Login'
2025-11-07 19:04:22.227 +01:00 [INF] Route matched with {page = "/Account/Login", area = "Identity", action = "", controller = ""}. Executing page /Account/Login
2025-11-07 19:04:22.235 +01:00 [INF] Executing handler method Jam.Areas.Identity.Pages.Account.LoginModel.OnGetAsync - ModelState is "Valid"
2025-11-07 19:04:22.236 +01:00 [INF] AuthenticationScheme: Identity.External signed out.
2025-11-07 19:04:22.236 +01:00 [INF] Executed handler method OnGetAsync, returned result .
2025-11-07 19:04:22.237 +01:00 [INF] Executing an implicit handler method - ModelState is "Valid"
2025-11-07 19:04:22.237 +01:00 [INF] Executed an implicit handler method, returned result Microsoft.AspNetCore.Mvc.RazorPages.PageResult.
2025-11-07 19:04:22.332 +01:00 [INF] Executed page /Account/Login in 104.515ms
2025-11-07 19:04:22.333 +01:00 [INF] Executed endpoint '/Account/Login'
2025-11-07 19:04:22.337 +01:00 [INF] Request finished HTTP/2 GET https://localhost:7025/Identity/Account/Login - 200 null text/html; charset=utf-8 129.4747ms
2025-11-07 19:04:22.361 +01:00 [INF] Request starting HTTP/2 GET https://localhost:7025/lib/jquery-validation/dist/jquery.validate.min.js - null null
2025-11-07 19:04:22.361 +01:00 [INF] Request starting HTTP/2 GET https://localhost:7025/lib/jquery-validation-unobtrusive/jquery.validate.unobtrusive.min.js - null null
2025-11-07 19:04:22.367 +01:00 [INF] Request finished HTTP/2 GET https://localhost:7025/lib/jquery-validation/dist/jquery.validate.min.js - 404 0 null 5.6836ms
2025-11-07 19:04:22.367 +01:00 [INF] Request finished HTTP/2 GET https://localhost:7025/lib/jquery-validation-unobtrusive/jquery.validate.unobtrusive.min.js - 404 0 null 5.1783ms
2025-11-07 19:04:22.375 +01:00 [INF] Request reached the end of the middleware pipeline without being handled by application code. Request path: GET https://localhost:7025/lib/jquery-validation-unobtrusive/jquery.validate.unobtrusive.min.js, Response status code: 404
2025-11-07 19:04:22.376 +01:00 [INF] Request reached the end of the middleware pipeline without being handled by application code. Request path: GET https://localhost:7025/lib/jquery-validation/dist/jquery.validate.min.js, Response status code: 404
2025-11-07 19:04:26.942 +01:00 [INF] Request starting HTTP/2 POST https://localhost:7025/Identity/Account/Login - application/x-www-form-urlencoded 236
2025-11-07 19:04:26.952 +01:00 [INF] Executing endpoint '/Account/Login'
2025-11-07 19:04:26.953 +01:00 [INF] Route matched with {page = "/Account/Login", area = "Identity", action = "", controller = ""}. Executing page /Account/Login
2025-11-07 19:04:26.974 +01:00 [INF] Executing handler method Jam.Areas.Identity.Pages.Account.LoginModel.OnPostAsync - ModelState is "Valid"
2025-11-07 19:04:27.145 +01:00 [INF] AuthenticationScheme: Identity.Application signed in.
2025-11-07 19:04:27.145 +01:00 [INF] User logged in.
2025-11-07 19:04:27.146 +01:00 [INF] Executed handler method OnPostAsync, returned result Microsoft.AspNetCore.Mvc.LocalRedirectResult.
2025-11-07 19:04:27.146 +01:00 [INF] Executing LocalRedirectResult, redirecting to /.
2025-11-07 19:04:27.146 +01:00 [INF] Executed page /Account/Login in 192.9964ms
2025-11-07 19:04:27.146 +01:00 [INF] Executed endpoint '/Account/Login'
2025-11-07 19:04:27.146 +01:00 [INF] Request finished HTTP/2 POST https://localhost:7025/Identity/Account/Login - 302 0 null 273.2458ms
2025-11-07 19:04:27.175 +01:00 [INF] Request starting HTTP/2 GET https://localhost:7025/ - null null
2025-11-07 19:04:27.177 +01:00 [INF] Executing endpoint 'Jam.Controllers.HomeController.Index (Jam)'
2025-11-07 19:04:27.178 +01:00 [INF] Route matched with {action = "Index", controller = "Home", page = "", area = ""}. Executing controller action with signature System.Threading.Tasks.Task`1[Microsoft.AspNetCore.Mvc.IActionResult] Index() on controller Jam.Controllers.HomeController (Jam).
2025-11-07 19:04:27.226 +01:00 [INF] Executing ViewResult, running view Index.
2025-11-07 19:04:27.245 +01:00 [INF] Executed ViewResult - view Index executed in 20.8176ms.
2025-11-07 19:04:27.274 +01:00 [INF] Executed action Jam.Controllers.HomeController.Index (Jam) in 96.2033ms
2025-11-07 19:04:27.274 +01:00 [INF] Executed endpoint 'Jam.Controllers.HomeController.Index (Jam)'
2025-11-07 19:04:27.276 +01:00 [INF] Request finished HTTP/2 GET https://localhost:7025/ - 200 null text/html; charset=utf-8 100.2828ms
2025-11-07 19:04:28.080 +01:00 [INF] Request starting HTTP/2 GET https://localhost:7025/StoryEditing/EditStory?storyId=1 - null null
2025-11-07 19:04:28.086 +01:00 [INF] Executing endpoint 'Jam.Controllers.StoryEditingController.EditStory (Jam)'
2025-11-07 19:04:28.089 +01:00 [INF] Route matched with {action = "EditStory", controller = "StoryEditing", page = "", area = ""}. Executing controller action with signature System.Threading.Tasks.Task`1[Microsoft.AspNetCore.Mvc.IActionResult] EditStory(Int32) on controller Jam.Controllers.StoryEditingController (Jam).
2025-11-07 19:04:28.100 +01:00 [INF] Executing ViewResult, running view EditStory.
2025-11-07 19:04:28.152 +01:00 [INF] Executed ViewResult - view EditStory executed in 51.7832ms.
2025-11-07 19:04:28.177 +01:00 [INF] Executed action Jam.Controllers.StoryEditingController.EditStory (Jam) in 88.0441ms
2025-11-07 19:04:28.177 +01:00 [INF] Executed endpoint 'Jam.Controllers.StoryEditingController.EditStory (Jam)'
2025-11-07 19:04:28.178 +01:00 [INF] Request finished HTTP/2 GET https://localhost:7025/StoryEditing/EditStory?storyId=1 - 200 null text/html; charset=utf-8 97.4189ms
2025-11-07 19:04:28.762 +01:00 [INF] Request starting HTTP/2 GET https://localhost:7025/StoryEditing/EditQuestionScenes?storyId=1 - null null
2025-11-07 19:04:28.765 +01:00 [INF] Executing endpoint 'Jam.Controllers.StoryEditingController.EditQuestionScenes (Jam)'
2025-11-07 19:04:28.770 +01:00 [INF] Route matched with {action = "EditQuestionScenes", controller = "StoryEditing", page = "", area = ""}. Executing controller action with signature System.Threading.Tasks.Task`1[Microsoft.AspNetCore.Mvc.IActionResult] EditQuestionScenes(Int32) on controller Jam.Controllers.StoryEditingController (Jam).
2025-11-07 19:04:28.864 +01:00 [INF] Executing ViewResult, running view EditQuestionScenes.
2025-11-07 19:04:29.014 +01:00 [INF] Executed ViewResult - view EditQuestionScenes executed in 150.7094ms.
2025-11-07 19:04:29.014 +01:00 [INF] Executed action Jam.Controllers.StoryEditingController.EditQuestionScenes (Jam) in 243.9976ms
2025-11-07 19:04:29.014 +01:00 [INF] Executed endpoint 'Jam.Controllers.StoryEditingController.EditQuestionScenes (Jam)'
2025-11-07 19:04:29.015 +01:00 [INF] Request finished HTTP/2 GET https://localhost:7025/StoryEditing/EditQuestionScenes?storyId=1 - 200 null text/html; charset=utf-8 252.1642ms
2025-11-07 19:04:31.707 +01:00 [INF] Request starting HTTP/2 POST https://localhost:7025/StoryEditing/DeleteQuestion?storyId=1&questionSceneId=3 - application/x-www-form-urlencoded 6488
2025-11-07 19:04:31.781 +01:00 [INF] Request finished HTTP/2 POST https://localhost:7025/StoryEditing/DeleteQuestion?storyId=1&questionSceneId=3 - 404 0 null 73.3058ms
2025-11-07 19:04:31.781 +01:00 [INF] Request reached the end of the middleware pipeline without being handled by application code. Request path: POST https://localhost:7025/StoryEditing/DeleteQuestion, Response status code: 404
