2025-11-07 13:57:03.812 +01:00 [INF] User profile is available. Using '/Users/jaraazad/.aspnet/DataProtection-Keys' as key repository; keys will not be encrypted at rest.
2025-11-07 13:57:04.361 +01:00 [INF] Applying migration '20251024065541_InitialCreate'.
2025-11-07 13:57:04.426 +01:00 [INF] Applying migration '20251101105657_AddIdentitySupport'.
2025-11-07 13:57:04.494 +01:00 [INF] Applying migration '20251103080324_UpdateNextQuestionSceneDeleteBehavior'.
2025-11-07 13:57:05.535 +01:00 [INF] Now listening on: https://localhost:7025
2025-11-07 13:57:05.535 +01:00 [INF] Now listening on: http://localhost:5262
2025-11-07 13:57:05.541 +01:00 [INF] Application started. Press Ctrl+C to shut down.
2025-11-07 13:57:05.542 +01:00 [INF] Hosting environment: Development
2025-11-07 13:57:05.542 +01:00 [INF] Content root path: /Users/jaraazad/Desktop/Jam
2025-11-07 13:57:05.892 +01:00 [INF] Request starting HTTP/2 GET https://localhost:7025/ - null null
2025-11-07 13:57:05.922 +01:00 [INF] Executing endpoint 'Jam.Controllers.HomeController.Index (Jam)'
2025-11-07 13:57:05.931 +01:00 [INF] Route matched with {action = "Index", controller = "Home", page = "", area = ""}. Executing controller action with signature System.Threading.Tasks.Task`1[Microsoft.AspNetCore.Mvc.IActionResult] Index() on controller Jam.Controllers.HomeController (Jam).
2025-11-07 13:57:05.943 +01:00 [WRN] [HomeController -> Index] Auth cookie invalid or user no longer exists. Redirecting to login.
2025-11-07 13:57:05.946 +01:00 [INF] AuthenticationScheme: Identity.Application signed out.
2025-11-07 13:57:05.947 +01:00 [INF] AuthenticationScheme: Identity.External signed out.
2025-11-07 13:57:05.947 +01:00 [INF] AuthenticationScheme: Identity.TwoFactorUserId signed out.
2025-11-07 13:57:05.948 +01:00 [INF] Executing LocalRedirectResult, redirecting to /Identity/Account/Login.
2025-11-07 13:57:05.950 +01:00 [INF] Executed action Jam.Controllers.HomeController.Index (Jam) in 17.6054ms
2025-11-07 13:57:05.951 +01:00 [INF] Executed endpoint 'Jam.Controllers.HomeController.Index (Jam)'
2025-11-07 13:57:05.957 +01:00 [INF] Request finished HTTP/2 GET https://localhost:7025/ - 302 0 null 65.9459ms
2025-11-07 13:57:05.987 +01:00 [INF] Request starting HTTP/2 GET https://localhost:7025/Identity/Account/Login - null null
2025-11-07 13:57:05.994 +01:00 [INF] Executing endpoint '/Account/Login'
2025-11-07 13:57:06.005 +01:00 [INF] Route matched with {page = "/Account/Login", area = "Identity", action = "", controller = ""}. Executing page /Account/Login
2025-11-07 13:57:06.013 +01:00 [INF] Executing handler method Jam.Areas.Identity.Pages.Account.LoginModel.OnGetAsync - ModelState is "Valid"
2025-11-07 13:57:06.014 +01:00 [INF] AuthenticationScheme: Identity.External signed out.
2025-11-07 13:57:06.014 +01:00 [INF] Executed handler method OnGetAsync, returned result .
2025-11-07 13:57:06.015 +01:00 [INF] Executing an implicit handler method - ModelState is "Valid"
2025-11-07 13:57:06.015 +01:00 [INF] Executed an implicit handler method, returned result Microsoft.AspNetCore.Mvc.RazorPages.PageResult.
2025-11-07 13:57:06.068 +01:00 [INF] Executed page /Account/Login in 62.8829ms
2025-11-07 13:57:06.069 +01:00 [INF] Executed endpoint '/Account/Login'
2025-11-07 13:57:06.076 +01:00 [INF] Request finished HTTP/2 GET https://localhost:7025/Identity/Account/Login - 200 null text/html; charset=utf-8 89.3641ms
2025-11-07 13:57:06.086 +01:00 [INF] Request starting HTTP/2 GET https://localhost:7025/lib/jquery-validation-unobtrusive/jquery.validate.unobtrusive.min.js - null null
2025-11-07 13:57:06.086 +01:00 [INF] Request starting HTTP/2 GET https://localhost:7025/lib/jquery-validation/dist/jquery.validate.min.js - null null
2025-11-07 13:57:06.111 +01:00 [INF] Request finished HTTP/2 GET https://localhost:7025/lib/jquery-validation-unobtrusive/jquery.validate.unobtrusive.min.js - 404 0 null 24.895ms
2025-11-07 13:57:06.111 +01:00 [INF] Request finished HTTP/2 GET https://localhost:7025/lib/jquery-validation/dist/jquery.validate.min.js - 404 0 null 24.7244ms
2025-11-07 13:57:06.111 +01:00 [INF] Request reached the end of the middleware pipeline without being handled by application code. Request path: GET https://localhost:7025/lib/jquery-validation/dist/jquery.validate.min.js, Response status code: 404
2025-11-07 13:57:06.111 +01:00 [INF] Request reached the end of the middleware pipeline without being handled by application code. Request path: GET https://localhost:7025/lib/jquery-validation-unobtrusive/jquery.validate.unobtrusive.min.js, Response status code: 404
2025-11-07 13:57:06.914 +01:00 [INF] Request starting HTTP/2 POST https://localhost:7025/Identity/Account/Login - application/x-www-form-urlencoded 236
2025-11-07 13:57:06.925 +01:00 [INF] Executing endpoint '/Account/Login'
2025-11-07 13:57:06.927 +01:00 [INF] Route matched with {page = "/Account/Login", area = "Identity", action = "", controller = ""}. Executing page /Account/Login
2025-11-07 13:57:06.950 +01:00 [INF] Executing handler method Jam.Areas.Identity.Pages.Account.LoginModel.OnPostAsync - ModelState is "Valid"
2025-11-07 13:57:07.084 +01:00 [INF] AuthenticationScheme: Identity.Application signed in.
2025-11-07 13:57:07.084 +01:00 [INF] User logged in.
2025-11-07 13:57:07.085 +01:00 [INF] Executed handler method OnPostAsync, returned result Microsoft.AspNetCore.Mvc.LocalRedirectResult.
2025-11-07 13:57:07.085 +01:00 [INF] Executing LocalRedirectResult, redirecting to /.
2025-11-07 13:57:07.085 +01:00 [INF] Executed page /Account/Login in 158.315ms
2025-11-07 13:57:07.085 +01:00 [INF] Executed endpoint '/Account/Login'
2025-11-07 13:57:07.085 +01:00 [INF] Request finished HTTP/2 POST https://localhost:7025/Identity/Account/Login - 302 0 null 171.076ms
2025-11-07 13:57:07.089 +01:00 [INF] Request starting HTTP/2 GET https://localhost:7025/ - null null
2025-11-07 13:57:07.091 +01:00 [INF] Executing endpoint 'Jam.Controllers.HomeController.Index (Jam)'
2025-11-07 13:57:07.091 +01:00 [INF] Route matched with {action = "Index", controller = "Home", page = "", area = ""}. Executing controller action with signature System.Threading.Tasks.Task`1[Microsoft.AspNetCore.Mvc.IActionResult] Index() on controller Jam.Controllers.HomeController (Jam).
2025-11-07 13:57:07.140 +01:00 [INF] Executing ViewResult, running view Index.
2025-11-07 13:57:07.157 +01:00 [INF] Executed ViewResult - view Index executed in 17.9346ms.
2025-11-07 13:57:07.160 +01:00 [INF] Executed action Jam.Controllers.HomeController.Index (Jam) in 68.2405ms
2025-11-07 13:57:07.160 +01:00 [INF] Executed endpoint 'Jam.Controllers.HomeController.Index (Jam)'
2025-11-07 13:57:07.160 +01:00 [INF] Request finished HTTP/2 GET https://localhost:7025/ - 200 null text/html; charset=utf-8 71.0021ms
2025-11-07 13:57:08.598 +01:00 [INF] Request starting HTTP/2 GET https://localhost:7025/StoryEditing/EditStory?storyId=1 - null null
2025-11-07 13:57:08.604 +01:00 [INF] Executing endpoint 'Jam.Controllers.StoryEditingController.EditStory (Jam)'
2025-11-07 13:57:08.611 +01:00 [INF] Route matched with {action = "EditStory", controller = "StoryEditing", page = "", area = ""}. Executing controller action with signature System.Threading.Tasks.Task`1[Microsoft.AspNetCore.Mvc.IActionResult] EditStory(Int32) on controller Jam.Controllers.StoryEditingController (Jam).
2025-11-07 13:57:08.632 +01:00 [INF] Executing ViewResult, running view EditStory.
2025-11-07 13:57:08.739 +01:00 [INF] Executed ViewResult - view EditStory executed in 108.0161ms.
2025-11-07 13:57:08.740 +01:00 [INF] Executed action Jam.Controllers.StoryEditingController.EditStory (Jam) in 128.5015ms
2025-11-07 13:57:08.740 +01:00 [INF] Executed endpoint 'Jam.Controllers.StoryEditingController.EditStory (Jam)'
2025-11-07 13:57:08.740 +01:00 [INF] Request finished HTTP/2 GET https://localhost:7025/StoryEditing/EditStory?storyId=1 - 200 null text/html; charset=utf-8 142.9205ms
2025-11-07 13:57:09.818 +01:00 [INF] Request starting HTTP/2 GET https://localhost:7025/StoryEditing/EditQuestionScenes?storyId=1 - null null
2025-11-07 13:57:09.822 +01:00 [INF] Executing endpoint 'Jam.Controllers.StoryEditingController.EditQuestionScenes (Jam)'
2025-11-07 13:57:09.827 +01:00 [INF] Route matched with {action = "EditQuestionScenes", controller = "StoryEditing", page = "", area = ""}. Executing controller action with signature System.Threading.Tasks.Task`1[Microsoft.AspNetCore.Mvc.IActionResult] EditQuestionScenes(Int32) on controller Jam.Controllers.StoryEditingController (Jam).
2025-11-07 13:57:09.898 +01:00 [INF] Executing ViewResult, running view EditQuestionScenes.
2025-11-07 13:57:09.952 +01:00 [INF] Executed ViewResult - view EditQuestionScenes executed in 54.3905ms.
2025-11-07 13:57:09.952 +01:00 [INF] Executed action Jam.Controllers.StoryEditingController.EditQuestionScenes (Jam) in 125.0655ms
2025-11-07 13:57:09.953 +01:00 [INF] Executed endpoint 'Jam.Controllers.StoryEditingController.EditQuestionScenes (Jam)'
2025-11-07 13:57:09.953 +01:00 [INF] Request finished HTTP/2 GET https://localhost:7025/StoryEditing/EditQuestionScenes?storyId=1 - 200 null text/html; charset=utf-8 134.7988ms
2025-11-07 13:57:11.905 +01:00 [INF] Request starting HTTP/2 GET https://localhost:7025/StoryEditing/GetQuestionScenePartial?index=4&storyId=1 - null null
2025-11-07 13:57:11.909 +01:00 [INF] Executing endpoint 'Jam.Controllers.StoryEditingController.GetQuestionScenePartial (Jam)'
2025-11-07 13:57:11.912 +01:00 [INF] Route matched with {action = "GetQuestionScenePartial", controller = "StoryEditing", page = "", area = ""}. Executing controller action with signature Microsoft.AspNetCore.Mvc.IActionResult GetQuestionScenePartial(Int32, Int32) on controller Jam.Controllers.StoryEditingController (Jam).
2025-11-07 13:57:11.918 +01:00 [INF] Executing PartialViewResult, running view ~/Views/Shared/_QuestionScenePartial.cshtml.
2025-11-07 13:57:11.928 +01:00 [INF] Executed PartialViewResult - view ~/Views/Shared/_QuestionScenePartial.cshtml executed in 10.5445ms.
2025-11-07 13:57:11.928 +01:00 [INF] Executed action Jam.Controllers.StoryEditingController.GetQuestionScenePartial (Jam) in 15.506ms
2025-11-07 13:57:11.928 +01:00 [INF] Executed endpoint 'Jam.Controllers.StoryEditingController.GetQuestionScenePartial (Jam)'
2025-11-07 13:57:11.928 +01:00 [INF] Request finished HTTP/2 GET https://localhost:7025/StoryEditing/GetQuestionScenePartial?index=4&storyId=1 - 200 null text/html; charset=utf-8 45.8674ms
2025-11-07 13:57:21.379 +01:00 [INF] Request starting HTTP/2 POST https://localhost:7025/StoryEditing/EditQuestionScenes - application/x-www-form-urlencoded 6794
2025-11-07 13:57:21.380 +01:00 [INF] Executing endpoint 'Jam.Controllers.StoryEditingController.EditQuestionScenes (Jam)'
2025-11-07 13:57:21.384 +01:00 [INF] Route matched with {action = "EditQuestionScenes", controller = "StoryEditing", page = "", area = ""}. Executing controller action with signature System.Threading.Tasks.Task`1[Microsoft.AspNetCore.Mvc.IActionResult] EditQuestionScenes(System.Collections.Generic.List`1[Jam.ViewModels.QuestionSceneBaseViewModel]) on controller Jam.Controllers.StoryEditingController (Jam).
2025-11-07 13:57:21.426 +01:00 [INF] Executing RedirectResult, redirecting to /StoryEditing/EditQuestionScenes?storyId=1.
2025-11-07 13:57:21.427 +01:00 [INF] Executed action Jam.Controllers.StoryEditingController.EditQuestionScenes (Jam) in 42.8881ms
2025-11-07 13:57:21.427 +01:00 [INF] Executed endpoint 'Jam.Controllers.StoryEditingController.EditQuestionScenes (Jam)'
2025-11-07 13:57:21.427 +01:00 [INF] Request finished HTTP/2 POST https://localhost:7025/StoryEditing/EditQuestionScenes - 302 0 null 47.9346ms
2025-11-07 13:57:21.481 +01:00 [INF] Request starting HTTP/2 GET https://localhost:7025/StoryEditing/EditQuestionScenes?storyId=1 - null null
2025-11-07 13:57:21.506 +01:00 [INF] Executing endpoint 'Jam.Controllers.StoryEditingController.EditQuestionScenes (Jam)'
2025-11-07 13:57:21.506 +01:00 [INF] Route matched with {action = "EditQuestionScenes", controller = "StoryEditing", page = "", area = ""}. Executing controller action with signature System.Threading.Tasks.Task`1[Microsoft.AspNetCore.Mvc.IActionResult] EditQuestionScenes(Int32) on controller Jam.Controllers.StoryEditingController (Jam).
2025-11-07 13:57:21.514 +01:00 [INF] Executing ViewResult, running view EditQuestionScenes.
2025-11-07 13:57:21.650 +01:00 [INF] Executed ViewResult - view EditQuestionScenes executed in 136.1483ms.
2025-11-07 13:57:21.651 +01:00 [INF] Executed action Jam.Controllers.StoryEditingController.EditQuestionScenes (Jam) in 144.3047ms
2025-11-07 13:57:21.651 +01:00 [INF] Executed endpoint 'Jam.Controllers.StoryEditingController.EditQuestionScenes (Jam)'
2025-11-07 13:57:21.651 +01:00 [INF] Request finished HTTP/2 GET https://localhost:7025/StoryEditing/EditQuestionScenes?storyId=1 - 200 null text/html; charset=utf-8 195.8145ms
