2025-11-07 14:44:59.403 +01:00 [INF] User profile is available. Using '/Users/jaraazad/.aspnet/DataProtection-Keys' as key repository; keys will not be encrypted at rest.
2025-11-07 14:44:59.902 +01:00 [INF] Applying migration '20251024065541_InitialCreate'.
2025-11-07 14:44:59.961 +01:00 [INF] Applying migration '20251101105657_AddIdentitySupport'.
2025-11-07 14:45:00.052 +01:00 [INF] Applying migration '20251103080324_UpdateNextQuestionSceneDeleteBehavior'.
2025-11-07 14:45:00.993 +01:00 [INF] Now listening on: https://localhost:7025
2025-11-07 14:45:00.993 +01:00 [INF] Now listening on: http://localhost:5262
2025-11-07 14:45:00.998 +01:00 [INF] Application started. Press Ctrl+C to shut down.
2025-11-07 14:45:00.999 +01:00 [INF] Hosting environment: Development
2025-11-07 14:45:00.999 +01:00 [INF] Content root path: /Users/jaraazad/Desktop/Jam
2025-11-07 14:45:01.462 +01:00 [INF] Request starting HTTP/2 GET https://localhost:7025/ - null null
2025-11-07 14:45:01.505 +01:00 [INF] Executing endpoint 'Jam.Controllers.HomeController.Index (Jam)'
2025-11-07 14:45:01.515 +01:00 [INF] Route matched with {action = "Index", controller = "Home", page = "", area = ""}. Executing controller action with signature System.Threading.Tasks.Task`1[Microsoft.AspNetCore.Mvc.IActionResult] Index() on controller Jam.Controllers.HomeController (Jam).
2025-11-07 14:45:01.529 +01:00 [WRN] [HomeController -> Index] Auth cookie invalid or user no longer exists. Redirecting to login.
2025-11-07 14:45:01.533 +01:00 [INF] AuthenticationScheme: Identity.Application signed out.
2025-11-07 14:45:01.534 +01:00 [INF] AuthenticationScheme: Identity.External signed out.
2025-11-07 14:45:01.535 +01:00 [INF] AuthenticationScheme: Identity.TwoFactorUserId signed out.
2025-11-07 14:45:01.537 +01:00 [INF] Executing LocalRedirectResult, redirecting to /Identity/Account/Login.
2025-11-07 14:45:01.540 +01:00 [INF] Executed action Jam.Controllers.HomeController.Index (Jam) in 22.516ms
2025-11-07 14:45:01.540 +01:00 [INF] Executed endpoint 'Jam.Controllers.HomeController.Index (Jam)'
2025-11-07 14:45:01.543 +01:00 [INF] Request finished HTTP/2 GET https://localhost:7025/ - 302 0 null 82.1996ms
2025-11-07 14:45:01.559 +01:00 [INF] Request starting HTTP/2 GET https://localhost:7025/Identity/Account/Login - null null
2025-11-07 14:45:01.587 +01:00 [INF] Executing endpoint '/Account/Login'
2025-11-07 14:45:01.601 +01:00 [INF] Route matched with {page = "/Account/Login", area = "Identity", action = "", controller = ""}. Executing page /Account/Login
2025-11-07 14:45:01.615 +01:00 [INF] Executing handler method Jam.Areas.Identity.Pages.Account.LoginModel.OnGetAsync - ModelState is "Valid"
2025-11-07 14:45:01.618 +01:00 [INF] AuthenticationScheme: Identity.External signed out.
2025-11-07 14:45:01.619 +01:00 [INF] Executed handler method OnGetAsync, returned result .
2025-11-07 14:45:01.621 +01:00 [INF] Executing an implicit handler method - ModelState is "Invalid"
2025-11-07 14:45:01.621 +01:00 [INF] Executed an implicit handler method, returned result Microsoft.AspNetCore.Mvc.RazorPages.PageResult.
2025-11-07 14:45:01.691 +01:00 [INF] Executed page /Account/Login in 89.6828ms
2025-11-07 14:45:01.691 +01:00 [INF] Executed endpoint '/Account/Login'
2025-11-07 14:45:01.696 +01:00 [INF] Request finished HTTP/2 GET https://localhost:7025/Identity/Account/Login - 200 null text/html; charset=utf-8 137.0973ms
2025-11-07 14:45:01.868 +01:00 [INF] Request starting HTTP/2 GET https://localhost:7025/lib/jquery-validation-unobtrusive/jquery.validate.unobtrusive.min.js - null null
2025-11-07 14:45:01.865 +01:00 [INF] Request starting HTTP/2 GET https://localhost:7025/lib/jquery-validation/dist/jquery.validate.min.js - null null
2025-11-07 14:45:01.878 +01:00 [INF] Request finished HTTP/2 GET https://localhost:7025/lib/jquery-validation/dist/jquery.validate.min.js - 404 0 null 12.24ms
2025-11-07 14:45:01.878 +01:00 [INF] Request finished HTTP/2 GET https://localhost:7025/lib/jquery-validation-unobtrusive/jquery.validate.unobtrusive.min.js - 404 0 null 9.6483ms
2025-11-07 14:45:01.878 +01:00 [INF] Request reached the end of the middleware pipeline without being handled by application code. Request path: GET https://localhost:7025/lib/jquery-validation/dist/jquery.validate.min.js, Response status code: 404
2025-11-07 14:45:01.879 +01:00 [INF] Request reached the end of the middleware pipeline without being handled by application code. Request path: GET https://localhost:7025/lib/jquery-validation-unobtrusive/jquery.validate.unobtrusive.min.js, Response status code: 404
2025-11-07 14:45:06.229 +01:00 [INF] Request starting HTTP/2 POST https://localhost:7025/Identity/Account/Login - application/x-www-form-urlencoded 236
2025-11-07 14:45:06.239 +01:00 [INF] Executing endpoint '/Account/Login'
2025-11-07 14:45:06.241 +01:00 [INF] Route matched with {page = "/Account/Login", area = "Identity", action = "", controller = ""}. Executing page /Account/Login
2025-11-07 14:45:06.273 +01:00 [INF] Executing handler method Jam.Areas.Identity.Pages.Account.LoginModel.OnPostAsync - ModelState is "Valid"
2025-11-07 14:45:06.392 +01:00 [INF] AuthenticationScheme: Identity.Application signed in.
2025-11-07 14:45:06.393 +01:00 [INF] User logged in.
2025-11-07 14:45:06.393 +01:00 [INF] Executed handler method OnPostAsync, returned result Microsoft.AspNetCore.Mvc.LocalRedirectResult.
2025-11-07 14:45:06.393 +01:00 [INF] Executing LocalRedirectResult, redirecting to /.
2025-11-07 14:45:06.394 +01:00 [INF] Executed page /Account/Login in 152.806ms
2025-11-07 14:45:06.394 +01:00 [INF] Executed endpoint '/Account/Login'
2025-11-07 14:45:06.394 +01:00 [INF] Request finished HTTP/2 POST https://localhost:7025/Identity/Account/Login - 302 0 null 191.2512ms
2025-11-07 14:45:06.423 +01:00 [INF] Request starting HTTP/2 GET https://localhost:7025/ - null null
2025-11-07 14:45:06.425 +01:00 [INF] Executing endpoint 'Jam.Controllers.HomeController.Index (Jam)'
2025-11-07 14:45:06.425 +01:00 [INF] Route matched with {action = "Index", controller = "Home", page = "", area = ""}. Executing controller action with signature System.Threading.Tasks.Task`1[Microsoft.AspNetCore.Mvc.IActionResult] Index() on controller Jam.Controllers.HomeController (Jam).
2025-11-07 14:45:06.473 +01:00 [INF] Executing ViewResult, running view Index.
2025-11-07 14:45:06.491 +01:00 [INF] Executed ViewResult - view Index executed in 19.5185ms.
2025-11-07 14:45:06.538 +01:00 [INF] Executed action Jam.Controllers.HomeController.Index (Jam) in 112.6232ms
2025-11-07 14:45:06.538 +01:00 [INF] Executed endpoint 'Jam.Controllers.HomeController.Index (Jam)'
2025-11-07 14:45:06.539 +01:00 [INF] Request finished HTTP/2 GET https://localhost:7025/ - 200 null text/html; charset=utf-8 139.7497ms
2025-11-07 14:45:07.577 +01:00 [INF] Request starting HTTP/2 GET https://localhost:7025/StoryEditing/EditStory?storyId=1 - null null
2025-11-07 14:45:07.583 +01:00 [INF] Executing endpoint 'Jam.Controllers.StoryEditingController.EditStory (Jam)'
2025-11-07 14:45:07.590 +01:00 [INF] Route matched with {action = "EditStory", controller = "StoryEditing", page = "", area = ""}. Executing controller action with signature System.Threading.Tasks.Task`1[Microsoft.AspNetCore.Mvc.IActionResult] EditStory(Int32) on controller Jam.Controllers.StoryEditingController (Jam).
2025-11-07 14:45:07.608 +01:00 [INF] Executing ViewResult, running view EditStory.
2025-11-07 14:45:07.689 +01:00 [INF] Executed ViewResult - view EditStory executed in 81.0722ms.
2025-11-07 14:45:07.689 +01:00 [INF] Executed action Jam.Controllers.StoryEditingController.EditStory (Jam) in 98.8016ms
2025-11-07 14:45:07.689 +01:00 [INF] Executed endpoint 'Jam.Controllers.StoryEditingController.EditStory (Jam)'
2025-11-07 14:45:07.690 +01:00 [INF] Request finished HTTP/2 GET https://localhost:7025/StoryEditing/EditStory?storyId=1 - 200 null text/html; charset=utf-8 137.916ms
2025-11-07 14:45:08.344 +01:00 [INF] Request starting HTTP/2 GET https://localhost:7025/StoryEditing/EditQuestionScenes?storyId=1 - null null
2025-11-07 14:45:08.347 +01:00 [INF] Executing endpoint 'Jam.Controllers.StoryEditingController.EditQuestionScenes (Jam)'
2025-11-07 14:45:08.352 +01:00 [INF] Route matched with {action = "EditQuestionScenes", controller = "StoryEditing", page = "", area = ""}. Executing controller action with signature System.Threading.Tasks.Task`1[Microsoft.AspNetCore.Mvc.IActionResult] EditQuestionScenes(Int32) on controller Jam.Controllers.StoryEditingController (Jam).
2025-11-07 14:45:08.421 +01:00 [INF] Executing ViewResult, running view EditQuestionScenes.
2025-11-07 14:45:08.492 +01:00 [INF] Executed ViewResult - view EditQuestionScenes executed in 71.3121ms.
2025-11-07 14:45:08.492 +01:00 [INF] Executed action Jam.Controllers.StoryEditingController.EditQuestionScenes (Jam) in 139.7034ms
2025-11-07 14:45:08.492 +01:00 [INF] Executed endpoint 'Jam.Controllers.StoryEditingController.EditQuestionScenes (Jam)'
2025-11-07 14:45:08.492 +01:00 [INF] Request finished HTTP/2 GET https://localhost:7025/StoryEditing/EditQuestionScenes?storyId=1 - 200 null text/html; charset=utf-8 173.1968ms
2025-11-07 14:45:10.230 +01:00 [INF] Request starting HTTP/2 POST https://localhost:7025/StoryEditing/EditQuestionScenes?storyId=1 - application/x-www-form-urlencoded 6488
2025-11-07 14:45:10.303 +01:00 [INF] Executing endpoint 'Jam.Controllers.StoryEditingController.EditQuestionScenes (Jam)'
2025-11-07 14:45:10.309 +01:00 [INF] Route matched with {action = "EditQuestionScenes", controller = "StoryEditing", page = "", area = ""}. Executing controller action with signature System.Threading.Tasks.Task`1[Microsoft.AspNetCore.Mvc.IActionResult] EditQuestionScenes(System.Collections.Generic.List`1[Jam.ViewModels.QuestionSceneBaseViewModel]) on controller Jam.Controllers.StoryEditingController (Jam).
2025-11-07 14:45:10.406 +01:00 [INF] Executing RedirectResult, redirecting to /StoryEditing/EditQuestionScenes?storyId=1.
2025-11-07 14:45:10.406 +01:00 [INF] Executed action Jam.Controllers.StoryEditingController.EditQuestionScenes (Jam) in 96.8052ms
2025-11-07 14:45:10.406 +01:00 [INF] Executed endpoint 'Jam.Controllers.StoryEditingController.EditQuestionScenes (Jam)'
2025-11-07 14:45:10.406 +01:00 [INF] Request finished HTTP/2 POST https://localhost:7025/StoryEditing/EditQuestionScenes?storyId=1 - 302 0 null 175.6915ms
2025-11-07 14:45:10.436 +01:00 [INF] Request starting HTTP/2 GET https://localhost:7025/StoryEditing/EditQuestionScenes?storyId=1 - null null
2025-11-07 14:45:10.437 +01:00 [INF] Executing endpoint 'Jam.Controllers.StoryEditingController.EditQuestionScenes (Jam)'
2025-11-07 14:45:10.437 +01:00 [INF] Route matched with {action = "EditQuestionScenes", controller = "StoryEditing", page = "", area = ""}. Executing controller action with signature System.Threading.Tasks.Task`1[Microsoft.AspNetCore.Mvc.IActionResult] EditQuestionScenes(Int32) on controller Jam.Controllers.StoryEditingController (Jam).
2025-11-07 14:45:10.441 +01:00 [INF] Executing ViewResult, running view EditQuestionScenes.
2025-11-07 14:45:10.605 +01:00 [INF] Executed ViewResult - view EditQuestionScenes executed in 164.1524ms.
2025-11-07 14:45:10.605 +01:00 [INF] Executed action Jam.Controllers.StoryEditingController.EditQuestionScenes (Jam) in 167.832ms
2025-11-07 14:45:10.605 +01:00 [INF] Executed endpoint 'Jam.Controllers.StoryEditingController.EditQuestionScenes (Jam)'
2025-11-07 14:45:10.605 +01:00 [INF] Request finished HTTP/2 GET https://localhost:7025/StoryEditing/EditQuestionScenes?storyId=1 - 200 null text/html; charset=utf-8 168.7239ms
2025-11-07 14:45:15.478 +01:00 [INF] Request starting HTTP/2 POST https://localhost:7025/StoryEditing/DeleteQuestion?storyId=1&questionSceneId=4 - application/x-www-form-urlencoded 6488
2025-11-07 14:45:15.552 +01:00 [INF] Executing endpoint 'Jam.Controllers.StoryEditingController.DeleteQuestion (Jam)'
2025-11-07 14:45:15.561 +01:00 [INF] Route matched with {action = "DeleteQuestion", controller = "StoryEditing", page = "", area = ""}. Executing controller action with signature System.Threading.Tasks.Task`1[Microsoft.AspNetCore.Mvc.IActionResult] DeleteQuestion(Int32, Int32) on controller Jam.Controllers.StoryEditingController (Jam).
2025-11-07 14:45:15.569 +01:00 [INF] 🟢 DeleteQuestion CALLED: storyId=1, questionSceneId=4
2025-11-07 14:45:15.597 +01:00 [INF] [SceneRepository -> DeleteQuestionScene] Deleted scene 4, linked previous=null → next=3
2025-11-07 14:45:15.607 +01:00 [WRN] [SceneRepository -> DeleteQuestionScene] Scene not found with id 4
2025-11-07 14:45:15.607 +01:00 [INF] Executing RedirectResult, redirecting to /StoryEditing/EditQuestionScenes?storyId=1.
2025-11-07 14:45:15.608 +01:00 [INF] Executed action Jam.Controllers.StoryEditingController.DeleteQuestion (Jam) in 46.0824ms
2025-11-07 14:45:15.608 +01:00 [INF] Executed endpoint 'Jam.Controllers.StoryEditingController.DeleteQuestion (Jam)'
2025-11-07 14:45:15.608 +01:00 [INF] Request finished HTTP/2 POST https://localhost:7025/StoryEditing/DeleteQuestion?storyId=1&questionSceneId=4 - 302 0 null 130.7042ms
2025-11-07 14:45:15.616 +01:00 [INF] Request starting HTTP/2 GET https://localhost:7025/StoryEditing/EditQuestionScenes?storyId=1 - null null
2025-11-07 14:45:15.617 +01:00 [INF] Executing endpoint 'Jam.Controllers.StoryEditingController.EditQuestionScenes (Jam)'
2025-11-07 14:45:15.617 +01:00 [INF] Route matched with {action = "EditQuestionScenes", controller = "StoryEditing", page = "", area = ""}. Executing controller action with signature System.Threading.Tasks.Task`1[Microsoft.AspNetCore.Mvc.IActionResult] EditQuestionScenes(Int32) on controller Jam.Controllers.StoryEditingController (Jam).
2025-11-07 14:45:15.623 +01:00 [INF] Executing ViewResult, running view EditQuestionScenes.
2025-11-07 14:45:15.700 +01:00 [INF] Executed ViewResult - view EditQuestionScenes executed in 77.2821ms.
2025-11-07 14:45:15.700 +01:00 [INF] Executed action Jam.Controllers.StoryEditingController.EditQuestionScenes (Jam) in 82.8692ms
2025-11-07 14:45:15.700 +01:00 [INF] Executed endpoint 'Jam.Controllers.StoryEditingController.EditQuestionScenes (Jam)'
2025-11-07 14:45:15.701 +01:00 [INF] Request finished HTTP/2 GET https://localhost:7025/StoryEditing/EditQuestionScenes?storyId=1 - 200 null text/html; charset=utf-8 84.0579ms
2025-11-07 14:45:17.410 +01:00 [INF] Request starting HTTP/2 POST https://localhost:7025/StoryEditing/EditQuestionScenes?storyId=1 - application/x-www-form-urlencoded 4690
2025-11-07 14:45:17.412 +01:00 [INF] Executing endpoint 'Jam.Controllers.StoryEditingController.EditQuestionScenes (Jam)'
2025-11-07 14:45:17.412 +01:00 [INF] Route matched with {action = "EditQuestionScenes", controller = "StoryEditing", page = "", area = ""}. Executing controller action with signature System.Threading.Tasks.Task`1[Microsoft.AspNetCore.Mvc.IActionResult] EditQuestionScenes(System.Collections.Generic.List`1[Jam.ViewModels.QuestionSceneBaseViewModel]) on controller Jam.Controllers.StoryEditingController (Jam).
2025-11-07 14:45:17.455 +01:00 [INF] Executing RedirectResult, redirecting to /StoryEditing/EditQuestionScenes?storyId=1.
2025-11-07 14:45:17.455 +01:00 [INF] Executed action Jam.Controllers.StoryEditingController.EditQuestionScenes (Jam) in 43.4045ms
2025-11-07 14:45:17.455 +01:00 [INF] Executed endpoint 'Jam.Controllers.StoryEditingController.EditQuestionScenes (Jam)'
2025-11-07 14:45:17.455 +01:00 [INF] Request finished HTTP/2 POST https://localhost:7025/StoryEditing/EditQuestionScenes?storyId=1 - 302 0 null 45.4444ms
2025-11-07 14:45:17.459 +01:00 [INF] Request starting HTTP/2 GET https://localhost:7025/StoryEditing/EditQuestionScenes?storyId=1 - null null
2025-11-07 14:45:17.459 +01:00 [INF] Executing endpoint 'Jam.Controllers.StoryEditingController.EditQuestionScenes (Jam)'
2025-11-07 14:45:17.459 +01:00 [INF] Route matched with {action = "EditQuestionScenes", controller = "StoryEditing", page = "", area = ""}. Executing controller action with signature System.Threading.Tasks.Task`1[Microsoft.AspNetCore.Mvc.IActionResult] EditQuestionScenes(Int32) on controller Jam.Controllers.StoryEditingController (Jam).
2025-11-07 14:45:17.464 +01:00 [INF] Executing ViewResult, running view EditQuestionScenes.
2025-11-07 14:45:17.552 +01:00 [INF] Executed ViewResult - view EditQuestionScenes executed in 88.4759ms.
2025-11-07 14:45:17.552 +01:00 [INF] Executed action Jam.Controllers.StoryEditingController.EditQuestionScenes (Jam) in 93.1501ms
2025-11-07 14:45:17.553 +01:00 [INF] Executed endpoint 'Jam.Controllers.StoryEditingController.EditQuestionScenes (Jam)'
2025-11-07 14:45:17.553 +01:00 [INF] Request finished HTTP/2 GET https://localhost:7025/StoryEditing/EditQuestionScenes?storyId=1 - 200 null text/html; charset=utf-8 94.6199ms
