2025-11-05 19:05:24.275 +01:00 [INF] User profile is available. Using '/Users/michaelnedgaardisaksen/.aspnet/DataProtection-Keys' as key repository; keys will not be encrypted at rest.
2025-11-05 19:05:24.963 +01:00 [INF] Applying migration '20251024065541_InitialCreate'.
2025-11-05 19:05:25.033 +01:00 [INF] Applying migration '20251101105657_AddIdentitySupport'.
2025-11-05 19:05:25.096 +01:00 [INF] Applying migration '20251103080324_UpdateNextQuestionSceneDeleteBehavior'.
2025-11-05 19:05:27.134 +01:00 [INF] Now listening on: https://localhost:7025
2025-11-05 19:05:27.156 +01:00 [INF] Now listening on: http://localhost:5262
2025-11-05 19:05:27.165 +01:00 [INF] Application started. Press Ctrl+C to shut down.
2025-11-05 19:05:27.169 +01:00 [INF] Hosting environment: Development
2025-11-05 19:05:27.170 +01:00 [INF] Content root path: /Users/michaelnedgaardisaksen/Documents/ITPE3100_Webapplikasjoner/Demo-Jam/Jam
2025-11-05 19:05:28.773 +01:00 [INF] Request starting HTTP/2 GET https://localhost:7025/ - null null
2025-11-05 19:05:28.878 +01:00 [INF] AuthenticationScheme: Identity.Application signed out.
2025-11-05 19:05:28.880 +01:00 [INF] AuthenticationScheme: Identity.External signed out.
2025-11-05 19:05:28.882 +01:00 [INF] AuthenticationScheme: Identity.TwoFactorUserId signed out.
2025-11-05 19:05:28.882 +01:00 [INF] AuthenticationScheme: Identity.TwoFactorRememberMe signed out.
2025-11-05 19:05:28.888 +01:00 [INF] Identity.Application was not authenticated. Failure message: No principal.
2025-11-05 19:05:28.894 +01:00 [INF] Authorization failed. These requirements were not met:
DenyAnonymousAuthorizationRequirement: Requires an authenticated user.
2025-11-05 19:05:28.897 +01:00 [INF] AuthenticationScheme: Identity.Application was challenged.
2025-11-05 19:05:28.901 +01:00 [INF] Request finished HTTP/2 GET https://localhost:7025/ - 302 0 null 129.4513ms
2025-11-05 19:05:28.924 +01:00 [INF] Request starting HTTP/2 GET https://localhost:7025/Identity/Account/Login?ReturnUrl=%2F - null null
2025-11-05 19:05:28.968 +01:00 [INF] Executing endpoint '/Account/Login'
2025-11-05 19:05:28.998 +01:00 [INF] Route matched with {page = "/Account/Login", area = "Identity", action = "", controller = ""}. Executing page /Account/Login
2025-11-05 19:05:29.011 +01:00 [INF] Executing handler method Jam.Areas.Identity.Pages.Account.LoginModel.OnGetAsync - ModelState is "Valid"
2025-11-05 19:05:29.016 +01:00 [INF] AuthenticationScheme: Identity.External signed out.
2025-11-05 19:05:29.016 +01:00 [INF] Executed handler method OnGetAsync, returned result .
2025-11-05 19:05:29.018 +01:00 [INF] Executing an implicit handler method - ModelState is "Valid"
2025-11-05 19:05:29.019 +01:00 [INF] Executed an implicit handler method, returned result Microsoft.AspNetCore.Mvc.RazorPages.PageResult.
2025-11-05 19:05:29.106 +01:00 [INF] Executed page /Account/Login in 101.343ms
2025-11-05 19:05:29.106 +01:00 [INF] Executed endpoint '/Account/Login'
2025-11-05 19:05:29.110 +01:00 [INF] Request finished HTTP/2 GET https://localhost:7025/Identity/Account/Login?ReturnUrl=%2F - 200 null text/html; charset=utf-8 186.1082ms
2025-11-05 19:05:29.193 +01:00 [INF] Request starting HTTP/2 GET https://localhost:7025/lib/jquery-validation/dist/jquery.validate.min.js - null null
2025-11-05 19:05:29.194 +01:00 [INF] Request starting HTTP/2 GET https://localhost:7025/lib/jquery-validation-unobtrusive/jquery.validate.unobtrusive.min.js - null null
2025-11-05 19:05:29.199 +01:00 [INF] Request finished HTTP/2 GET https://localhost:7025/lib/jquery-validation-unobtrusive/jquery.validate.unobtrusive.min.js - 404 0 null 4.9845ms
2025-11-05 19:05:29.199 +01:00 [INF] Request finished HTTP/2 GET https://localhost:7025/lib/jquery-validation/dist/jquery.validate.min.js - 404 0 null 5.9874ms
2025-11-05 19:05:29.199 +01:00 [INF] Request reached the end of the middleware pipeline without being handled by application code. Request path: GET https://localhost:7025/lib/jquery-validation-unobtrusive/jquery.validate.unobtrusive.min.js, Response status code: 404
2025-11-05 19:05:29.199 +01:00 [INF] Request reached the end of the middleware pipeline without being handled by application code. Request path: GET https://localhost:7025/lib/jquery-validation/dist/jquery.validate.min.js, Response status code: 404
2025-11-05 19:05:40.253 +01:00 [INF] Request starting HTTP/2 POST https://localhost:7025/Identity/Account/Login?ReturnUrl=%2F - application/x-www-form-urlencoded 236
2025-11-05 19:05:40.291 +01:00 [INF] Executing endpoint '/Account/Login'
2025-11-05 19:05:40.294 +01:00 [INF] Route matched with {page = "/Account/Login", area = "Identity", action = "", controller = ""}. Executing page /Account/Login
2025-11-05 19:05:40.324 +01:00 [INF] Executing handler method Jam.Areas.Identity.Pages.Account.LoginModel.OnPostAsync - ModelState is "Valid"
2025-11-05 19:05:40.437 +01:00 [INF] AuthenticationScheme: Identity.Application signed in.
2025-11-05 19:05:40.438 +01:00 [INF] User logged in.
2025-11-05 19:05:40.438 +01:00 [INF] Executed handler method OnPostAsync, returned result Microsoft.AspNetCore.Mvc.LocalRedirectResult.
2025-11-05 19:05:40.439 +01:00 [INF] Executing LocalRedirectResult, redirecting to /.
2025-11-05 19:05:40.439 +01:00 [INF] Executed page /Account/Login in 144.8296ms
2025-11-05 19:05:40.439 +01:00 [INF] Executed endpoint '/Account/Login'
2025-11-05 19:05:40.440 +01:00 [INF] Request finished HTTP/2 POST https://localhost:7025/Identity/Account/Login?ReturnUrl=%2F - 302 0 null 261.2787ms
2025-11-05 19:05:40.445 +01:00 [INF] Request starting HTTP/2 GET https://localhost:7025/ - null null
2025-11-05 19:05:40.472 +01:00 [INF] Executing endpoint 'Jam.Controllers.HomeController.Index (Jam)'
2025-11-05 19:05:40.477 +01:00 [INF] Route matched with {action = "Index", controller = "Home", page = "", area = ""}. Executing controller action with signature System.Threading.Tasks.Task`1[Microsoft.AspNetCore.Mvc.IActionResult] Index() on controller Jam.Controllers.HomeController (Jam).
2025-11-05 19:05:40.502 +01:00 [INF] Executing ViewResult, running view Index.
2025-11-05 19:05:40.584 +01:00 [INF] Executed ViewResult - view Index executed in 81.8707ms.
2025-11-05 19:05:40.618 +01:00 [INF] Executed action Jam.Controllers.HomeController.Index (Jam) in 140.477ms
2025-11-05 19:05:40.618 +01:00 [INF] Executed endpoint 'Jam.Controllers.HomeController.Index (Jam)'
2025-11-05 19:05:40.619 +01:00 [INF] Request finished HTTP/2 GET https://localhost:7025/ - 200 null text/html; charset=utf-8 173.6513ms
2025-11-05 19:05:44.671 +01:00 [INF] Request starting HTTP/2 GET https://localhost:7025/StoryCreation/CreateStoryAndIntro - null null
2025-11-05 19:05:44.731 +01:00 [INF] Executing endpoint 'Jam.Controllers.StoryCreationController.CreateStoryAndIntro (Jam)'
2025-11-05 19:05:44.735 +01:00 [INF] Route matched with {action = "CreateStoryAndIntro", controller = "StoryCreation", page = "", area = ""}. Executing controller action with signature Microsoft.AspNetCore.Mvc.IActionResult CreateStoryAndIntro() on controller Jam.Controllers.StoryCreationController (Jam).
2025-11-05 19:05:44.739 +01:00 [INF] Accessing expired session, Key:3be7d2fd-c41a-b817-1826-9b98a558bcb4
2025-11-05 19:05:44.746 +01:00 [INF] Executing ViewResult, running view CreateStoryAndIntro.
2025-11-05 19:05:44.874 +01:00 [INF] Executed ViewResult - view CreateStoryAndIntro executed in 128.5425ms.
2025-11-05 19:05:44.875 +01:00 [INF] Executed action Jam.Controllers.StoryCreationController.CreateStoryAndIntro (Jam) in 139.693ms
2025-11-05 19:05:44.875 +01:00 [INF] Executed endpoint 'Jam.Controllers.StoryCreationController.CreateStoryAndIntro (Jam)'
2025-11-05 19:05:44.875 +01:00 [INF] Request finished HTTP/2 GET https://localhost:7025/StoryCreation/CreateStoryAndIntro - 200 null text/html; charset=utf-8 203.8895ms
2025-11-05 19:06:02.708 +01:00 [INF] Request starting HTTP/2 POST https://localhost:7025/StoryCreation/CreateStoryAndIntro - application/x-www-form-urlencoded 347
2025-11-05 19:06:02.742 +01:00 [INF] Executing endpoint 'Jam.Controllers.StoryCreationController.CreateStoryAndIntro (Jam)'
2025-11-05 19:06:02.753 +01:00 [INF] Route matched with {action = "CreateStoryAndIntro", controller = "StoryCreation", page = "", area = ""}. Executing controller action with signature Microsoft.AspNetCore.Mvc.IActionResult CreateStoryAndIntro(Jam.ViewModels.StoryCreation.CreateStoryAndIntroViewModel) on controller Jam.Controllers.StoryCreationController (Jam).
2025-11-05 19:06:02.762 +01:00 [INF] Accessing expired session, Key:3be7d2fd-c41a-b817-1826-9b98a558bcb4
2025-11-05 19:06:02.781 +01:00 [INF] Executing RedirectResult, redirecting to /StoryCreation/CreateQuestionScenes.
2025-11-05 19:06:02.781 +01:00 [INF] Executed action Jam.Controllers.StoryCreationController.CreateStoryAndIntro (Jam) in 28.2789ms
2025-11-05 19:06:02.781 +01:00 [INF] Executed endpoint 'Jam.Controllers.StoryCreationController.CreateStoryAndIntro (Jam)'
2025-11-05 19:06:02.782 +01:00 [INF] Session started; Key:3be7d2fd-c41a-b817-1826-9b98a558bcb4, Id:a100cf42-e9c4-61a9-c73e-7dd3ee956123
2025-11-05 19:06:02.782 +01:00 [INF] Request finished HTTP/2 POST https://localhost:7025/StoryCreation/CreateStoryAndIntro - 302 0 null 125.5257ms
2025-11-05 19:06:02.787 +01:00 [INF] Request starting HTTP/2 GET https://localhost:7025/StoryCreation/CreateQuestionScenes - null null
2025-11-05 19:06:02.787 +01:00 [INF] Executing endpoint 'Jam.Controllers.StoryCreationController.CreateQuestionScenes (Jam)'
2025-11-05 19:06:02.788 +01:00 [INF] Route matched with {action = "CreateQuestionScenes", controller = "StoryCreation", page = "", area = ""}. Executing controller action with signature Microsoft.AspNetCore.Mvc.IActionResult CreateQuestionScenes() on controller Jam.Controllers.StoryCreationController (Jam).
2025-11-05 19:06:02.791 +01:00 [INF] Executing ViewResult, running view CreateQuestionScenes.
2025-11-05 19:06:02.832 +01:00 [INF] Executed ViewResult - view CreateQuestionScenes executed in 41.2382ms.
2025-11-05 19:06:02.854 +01:00 [INF] Executed action Jam.Controllers.StoryCreationController.CreateQuestionScenes (Jam) in 66.563ms
2025-11-05 19:06:02.854 +01:00 [INF] Executed endpoint 'Jam.Controllers.StoryCreationController.CreateQuestionScenes (Jam)'
2025-11-05 19:06:02.854 +01:00 [INF] Request finished HTTP/2 GET https://localhost:7025/StoryCreation/CreateQuestionScenes - 200 null text/html; charset=utf-8 67.8583ms
2025-11-05 19:06:21.144 +01:00 [INF] Request starting HTTP/2 POST https://localhost:7025/StoryCreation/CreateQuestionScenes - application/x-www-form-urlencoded 828
2025-11-05 19:06:21.148 +01:00 [INF] Executing endpoint 'Jam.Controllers.StoryCreationController.CreateQuestionScenes (Jam)'
2025-11-05 19:06:21.155 +01:00 [INF] Route matched with {action = "CreateQuestionScenes", controller = "StoryCreation", page = "", area = ""}. Executing controller action with signature Microsoft.AspNetCore.Mvc.IActionResult CreateQuestionScenes(Jam.ViewModels.StoryCreation.CreateMultipleQuestionScenesViewModel, System.String) on controller Jam.Controllers.StoryCreationController (Jam).
2025-11-05 19:06:21.162 +01:00 [INF] Executing ViewResult, running view CreateQuestionScenes.
2025-11-05 19:06:21.263 +01:00 [INF] Executed ViewResult - view CreateQuestionScenes executed in 100.3656ms.
2025-11-05 19:06:21.314 +01:00 [INF] Executed action Jam.Controllers.StoryCreationController.CreateQuestionScenes (Jam) in 158.8058ms
2025-11-05 19:06:21.314 +01:00 [INF] Executed endpoint 'Jam.Controllers.StoryCreationController.CreateQuestionScenes (Jam)'
2025-11-05 19:06:21.314 +01:00 [INF] Request finished HTTP/2 POST https://localhost:7025/StoryCreation/CreateQuestionScenes - 200 null text/html; charset=utf-8 170.233ms
2025-11-05 19:06:48.319 +01:00 [INF] Request starting HTTP/2 POST https://localhost:7025/StoryCreation/CreateQuestionScenes - application/x-www-form-urlencoded 828
2025-11-05 19:06:48.351 +01:00 [INF] Executing endpoint 'Jam.Controllers.StoryCreationController.CreateQuestionScenes (Jam)'
2025-11-05 19:06:48.352 +01:00 [INF] Route matched with {action = "CreateQuestionScenes", controller = "StoryCreation", page = "", area = ""}. Executing controller action with signature Microsoft.AspNetCore.Mvc.IActionResult CreateQuestionScenes(Jam.ViewModels.StoryCreation.CreateMultipleQuestionScenesViewModel, System.String) on controller Jam.Controllers.StoryCreationController (Jam).
2025-11-05 19:06:48.356 +01:00 [INF] Executing ViewResult, running view CreateQuestionScenes.
2025-11-05 19:06:48.487 +01:00 [INF] Executed ViewResult - view CreateQuestionScenes executed in 106.6269ms.
2025-11-05 19:06:48.488 +01:00 [INF] Executed action Jam.Controllers.StoryCreationController.CreateQuestionScenes (Jam) in 136.4935ms
2025-11-05 19:06:48.488 +01:00 [INF] Executed endpoint 'Jam.Controllers.StoryCreationController.CreateQuestionScenes (Jam)'
2025-11-05 19:06:48.489 +01:00 [INF] Request finished HTTP/2 POST https://localhost:7025/StoryCreation/CreateQuestionScenes - 200 null text/html; charset=utf-8 195.6438ms
