2025-11-07 20:02:23.771 +01:00 [INF] User profile is available. Using '/Users/jaraazad/.aspnet/DataProtection-Keys' as key repository; keys will not be encrypted at rest.
2025-11-07 20:02:24.261 +01:00 [INF] Applying migration '20251024065541_InitialCreate'.
2025-11-07 20:02:24.321 +01:00 [INF] Applying migration '20251101105657_AddIdentitySupport'.
2025-11-07 20:02:24.360 +01:00 [INF] Applying migration '20251103080324_UpdateNextQuestionSceneDeleteBehavior'.
2025-11-07 20:02:25.456 +01:00 [INF] Now listening on: https://localhost:7025
2025-11-07 20:02:25.578 +01:00 [INF] Now listening on: http://localhost:5262
2025-11-07 20:02:25.644 +01:00 [INF] Application started. Press Ctrl+C to shut down.
2025-11-07 20:02:25.655 +01:00 [INF] Hosting environment: Development
2025-11-07 20:02:25.657 +01:00 [INF] Content root path: /Users/jaraazad/Desktop/Jam
2025-11-07 20:02:25.798 +01:00 [INF] Request starting HTTP/2 GET https://localhost:7025/ - null null
2025-11-07 20:02:25.832 +01:00 [INF] Executing endpoint 'Jam.Controllers.HomeController.Index (Jam)'
2025-11-07 20:02:25.840 +01:00 [INF] Route matched with {action = "Index", controller = "Home", page = "", area = ""}. Executing controller action with signature System.Threading.Tasks.Task`1[Microsoft.AspNetCore.Mvc.IActionResult] Index() on controller Jam.Controllers.HomeController (Jam).
2025-11-07 20:02:25.854 +01:00 [WRN] [HomeController -> Index] Auth cookie invalid or user no longer exists. Redirecting to login.
2025-11-07 20:02:25.857 +01:00 [INF] AuthenticationScheme: Identity.Application signed out.
2025-11-07 20:02:25.858 +01:00 [INF] AuthenticationScheme: Identity.External signed out.
2025-11-07 20:02:25.858 +01:00 [INF] AuthenticationScheme: Identity.TwoFactorUserId signed out.
2025-11-07 20:02:25.859 +01:00 [INF] Executing LocalRedirectResult, redirecting to /Identity/Account/Login.
2025-11-07 20:02:25.862 +01:00 [INF] Executed action Jam.Controllers.HomeController.Index (Jam) in 19.5749ms
2025-11-07 20:02:25.862 +01:00 [INF] Executed endpoint 'Jam.Controllers.HomeController.Index (Jam)'
2025-11-07 20:02:25.868 +01:00 [INF] Request finished HTTP/2 GET https://localhost:7025/ - 302 0 null 70.4559ms
2025-11-07 20:02:25.922 +01:00 [INF] Request starting HTTP/2 GET https://localhost:7025/Identity/Account/Login - null null
2025-11-07 20:02:25.925 +01:00 [INF] Executing endpoint '/Account/Login'
2025-11-07 20:02:25.939 +01:00 [INF] Route matched with {page = "/Account/Login", area = "Identity", action = "", controller = ""}. Executing page /Account/Login
2025-11-07 20:02:25.947 +01:00 [INF] Executing handler method Jam.Areas.Identity.Pages.Account.LoginModel.OnGetAsync - ModelState is "Valid"
2025-11-07 20:02:25.948 +01:00 [INF] AuthenticationScheme: Identity.External signed out.
2025-11-07 20:02:25.949 +01:00 [INF] Executed handler method OnGetAsync, returned result .
2025-11-07 20:02:25.950 +01:00 [INF] Executing an implicit handler method - ModelState is "Valid"
2025-11-07 20:02:25.950 +01:00 [INF] Executed an implicit handler method, returned result Microsoft.AspNetCore.Mvc.RazorPages.PageResult.
2025-11-07 20:02:26.002 +01:00 [INF] Executed page /Account/Login in 62.7124ms
2025-11-07 20:02:26.002 +01:00 [INF] Executed endpoint '/Account/Login'
2025-11-07 20:02:26.005 +01:00 [INF] Request finished HTTP/2 GET https://localhost:7025/Identity/Account/Login - 200 null text/html; charset=utf-8 82.8598ms
2025-11-07 20:02:26.015 +01:00 [INF] Request starting HTTP/2 GET https://localhost:7025/lib/jquery-validation/dist/jquery.validate.min.js - null null
2025-11-07 20:02:26.114 +01:00 [INF] Request starting HTTP/2 GET https://localhost:7025/lib/jquery-validation-unobtrusive/jquery.validate.unobtrusive.min.js - null null
2025-11-07 20:02:26.117 +01:00 [INF] Request finished HTTP/2 GET https://localhost:7025/lib/jquery-validation-unobtrusive/jquery.validate.unobtrusive.min.js - 404 0 null 2.7812ms
2025-11-07 20:02:26.117 +01:00 [INF] Request finished HTTP/2 GET https://localhost:7025/lib/jquery-validation/dist/jquery.validate.min.js - 404 0 null 102.161ms
2025-11-07 20:02:26.117 +01:00 [INF] Request reached the end of the middleware pipeline without being handled by application code. Request path: GET https://localhost:7025/lib/jquery-validation/dist/jquery.validate.min.js, Response status code: 404
2025-11-07 20:02:26.117 +01:00 [INF] Request reached the end of the middleware pipeline without being handled by application code. Request path: GET https://localhost:7025/lib/jquery-validation-unobtrusive/jquery.validate.unobtrusive.min.js, Response status code: 404
2025-11-07 20:02:27.028 +01:00 [INF] Request starting HTTP/2 POST https://localhost:7025/Identity/Account/Login - application/x-www-form-urlencoded 236
2025-11-07 20:02:27.081 +01:00 [INF] Executing endpoint '/Account/Login'
2025-11-07 20:02:27.081 +01:00 [INF] Route matched with {page = "/Account/Login", area = "Identity", action = "", controller = ""}. Executing page /Account/Login
2025-11-07 20:02:27.098 +01:00 [INF] Executing handler method Jam.Areas.Identity.Pages.Account.LoginModel.OnPostAsync - ModelState is "Valid"
2025-11-07 20:02:27.224 +01:00 [INF] AuthenticationScheme: Identity.Application signed in.
2025-11-07 20:02:27.225 +01:00 [INF] User logged in.
2025-11-07 20:02:27.225 +01:00 [INF] Executed handler method OnPostAsync, returned result Microsoft.AspNetCore.Mvc.LocalRedirectResult.
2025-11-07 20:02:27.225 +01:00 [INF] Executing LocalRedirectResult, redirecting to /.
2025-11-07 20:02:27.225 +01:00 [INF] Executed page /Account/Login in 144.0556ms
2025-11-07 20:02:27.226 +01:00 [INF] Executed endpoint '/Account/Login'
2025-11-07 20:02:27.226 +01:00 [INF] Request finished HTTP/2 POST https://localhost:7025/Identity/Account/Login - 302 0 null 198.3077ms
2025-11-07 20:02:27.229 +01:00 [INF] Request starting HTTP/2 GET https://localhost:7025/ - null null
2025-11-07 20:02:27.231 +01:00 [INF] Executing endpoint 'Jam.Controllers.HomeController.Index (Jam)'
2025-11-07 20:02:27.231 +01:00 [INF] Route matched with {action = "Index", controller = "Home", page = "", area = ""}. Executing controller action with signature System.Threading.Tasks.Task`1[Microsoft.AspNetCore.Mvc.IActionResult] Index() on controller Jam.Controllers.HomeController (Jam).
2025-11-07 20:02:27.285 +01:00 [INF] Executing ViewResult, running view Index.
2025-11-07 20:02:27.307 +01:00 [INF] Executed ViewResult - view Index executed in 23.2443ms.
2025-11-07 20:02:27.337 +01:00 [INF] Executed action Jam.Controllers.HomeController.Index (Jam) in 106.1929ms
2025-11-07 20:02:27.339 +01:00 [INF] Executed endpoint 'Jam.Controllers.HomeController.Index (Jam)'
2025-11-07 20:02:27.367 +01:00 [INF] Request finished HTTP/2 GET https://localhost:7025/ - 200 null text/html; charset=utf-8 112.9284ms
2025-11-07 20:02:28.409 +01:00 [INF] Request starting HTTP/2 GET https://localhost:7025/StoryCreation/CreateStoryAndIntro - null null
2025-11-07 20:02:28.439 +01:00 [INF] Executing endpoint 'Jam.Controllers.StoryCreationController.CreateStoryAndIntro (Jam)'
2025-11-07 20:02:28.441 +01:00 [INF] Route matched with {action = "CreateStoryAndIntro", controller = "StoryCreation", page = "", area = ""}. Executing controller action with signature Microsoft.AspNetCore.Mvc.IActionResult CreateStoryAndIntro() on controller Jam.Controllers.StoryCreationController (Jam).
2025-11-07 20:02:28.442 +01:00 [INF] Accessing expired session, Key:81240ac2-d632-8b42-bfc2-321f7eaa06ba
2025-11-07 20:02:28.446 +01:00 [INF] Executing ViewResult, running view CreateStoryAndIntro.
2025-11-07 20:02:28.542 +01:00 [INF] Executed ViewResult - view CreateStoryAndIntro executed in 96.5515ms.
2025-11-07 20:02:28.542 +01:00 [INF] Executed action Jam.Controllers.StoryCreationController.CreateStoryAndIntro (Jam) in 101.6644ms
2025-11-07 20:02:28.542 +01:00 [INF] Executed endpoint 'Jam.Controllers.StoryCreationController.CreateStoryAndIntro (Jam)'
2025-11-07 20:02:28.543 +01:00 [INF] Request finished HTTP/2 GET https://localhost:7025/StoryCreation/CreateStoryAndIntro - 200 null text/html; charset=utf-8 134.1828ms
2025-11-07 20:02:33.840 +01:00 [INF] Request starting HTTP/2 POST https://localhost:7025/StoryCreation/CreateStoryAndIntro - application/x-www-form-urlencoded 303
2025-11-07 20:02:33.846 +01:00 [INF] Executing endpoint 'Jam.Controllers.StoryCreationController.CreateStoryAndIntro (Jam)'
2025-11-07 20:02:33.855 +01:00 [INF] Route matched with {action = "CreateStoryAndIntro", controller = "StoryCreation", page = "", area = ""}. Executing controller action with signature Microsoft.AspNetCore.Mvc.IActionResult CreateStoryAndIntro(Jam.ViewModels.StoryCreation.CreateStoryAndIntroViewModel, System.String) on controller Jam.Controllers.StoryCreationController (Jam).
2025-11-07 20:02:33.862 +01:00 [INF] Accessing expired session, Key:81240ac2-d632-8b42-bfc2-321f7eaa06ba
2025-11-07 20:02:33.895 +01:00 [INF] Executing RedirectResult, redirecting to /StoryCreation/CreateQuestionScenes.
2025-11-07 20:02:33.895 +01:00 [INF] Executed action Jam.Controllers.StoryCreationController.CreateStoryAndIntro (Jam) in 39.8683ms
2025-11-07 20:02:33.895 +01:00 [INF] Executed endpoint 'Jam.Controllers.StoryCreationController.CreateStoryAndIntro (Jam)'
2025-11-07 20:02:33.895 +01:00 [INF] Session started; Key:81240ac2-d632-8b42-bfc2-321f7eaa06ba, Id:77a642e1-cab0-5eac-d174-c4519fce2a97
2025-11-07 20:02:33.896 +01:00 [INF] Request finished HTTP/2 POST https://localhost:7025/StoryCreation/CreateStoryAndIntro - 302 0 null 106.8752ms
2025-11-07 20:02:33.978 +01:00 [INF] Request starting HTTP/2 GET https://localhost:7025/StoryCreation/CreateQuestionScenes - null null
2025-11-07 20:02:33.979 +01:00 [INF] Executing endpoint 'Jam.Controllers.StoryCreationController.CreateQuestionScenes (Jam)'
2025-11-07 20:02:33.981 +01:00 [INF] Route matched with {action = "CreateQuestionScenes", controller = "StoryCreation", page = "", area = ""}. Executing controller action with signature Microsoft.AspNetCore.Mvc.IActionResult CreateQuestionScenes() on controller Jam.Controllers.StoryCreationController (Jam).
2025-11-07 20:02:33.988 +01:00 [INF] Executing ViewResult, running view CreateQuestionScenes.
2025-11-07 20:02:34.045 +01:00 [INF] Executed ViewResult - view CreateQuestionScenes executed in 57.5567ms.
2025-11-07 20:02:34.045 +01:00 [INF] Executed action Jam.Controllers.StoryCreationController.CreateQuestionScenes (Jam) in 64.4016ms
2025-11-07 20:02:34.045 +01:00 [INF] Executed endpoint 'Jam.Controllers.StoryCreationController.CreateQuestionScenes (Jam)'
2025-11-07 20:02:34.045 +01:00 [INF] Request finished HTTP/2 GET https://localhost:7025/StoryCreation/CreateQuestionScenes - 200 null text/html; charset=utf-8 92.973ms
2025-11-07 20:02:35.611 +01:00 [INF] Request starting HTTP/2 POST https://localhost:7025/StoryCreation/DeleteQuestionInline - application/x-www-form-urlencoded 776
2025-11-07 20:02:35.613 +01:00 [INF] Executing endpoint 'Jam.Controllers.StoryCreationController.DeleteQuestionInline (Jam)'
2025-11-07 20:02:35.619 +01:00 [INF] Route matched with {action = "DeleteQuestionInline", controller = "StoryCreation", page = "", area = ""}. Executing controller action with signature Microsoft.AspNetCore.Mvc.IActionResult DeleteQuestionInline(Jam.ViewModels.StoryCreation.CreateMultipleQuestionScenesViewModel, Int32) on controller Jam.Controllers.StoryCreationController (Jam).
2025-11-07 20:02:35.626 +01:00 [INF] Executing ViewResult, running view CreateQuestionScenes.
2025-11-07 20:02:35.718 +01:00 [INF] Executed ViewResult - view CreateQuestionScenes executed in 91.4845ms.
2025-11-07 20:02:35.718 +01:00 [INF] Executed action Jam.Controllers.StoryCreationController.DeleteQuestionInline (Jam) in 99.0884ms
2025-11-07 20:02:35.718 +01:00 [INF] Executed endpoint 'Jam.Controllers.StoryCreationController.DeleteQuestionInline (Jam)'
2025-11-07 20:02:35.718 +01:00 [INF] Request finished HTTP/2 POST https://localhost:7025/StoryCreation/DeleteQuestionInline - 200 null text/html; charset=utf-8 107.3318ms
