2025-11-09 16:42:55.122 +01:00 [INF] User profile is available. Using '/Users/jaraazad/.aspnet/DataProtection-Keys' as key repository; keys will not be encrypted at rest.
2025-11-09 16:42:55.720 +01:00 [INF] Applying migration '20251024065541_InitialCreate'.
2025-11-09 16:42:55.754 +01:00 [INF] Applying migration '20251101105657_AddIdentitySupport'.
2025-11-09 16:42:55.793 +01:00 [INF] Applying migration '20251103080324_UpdateNextQuestionSceneDeleteBehavior'.
2025-11-09 16:42:56.693 +01:00 [INF] Now listening on: https://localhost:7025
2025-11-09 16:42:56.694 +01:00 [INF] Now listening on: http://localhost:5262
2025-11-09 16:42:56.698 +01:00 [INF] Application started. Press Ctrl+C to shut down.
2025-11-09 16:42:56.699 +01:00 [INF] Hosting environment: Development
2025-11-09 16:42:56.700 +01:00 [INF] Content root path: /Users/jaraazad/Desktop/Jam
2025-11-09 16:42:56.945 +01:00 [INF] Request starting HTTP/2 GET https://localhost:7025/ - null null
2025-11-09 16:42:56.975 +01:00 [INF] Executing endpoint 'Jam.Controllers.HomeController.Index (Jam)'
2025-11-09 16:42:56.982 +01:00 [INF] Route matched with {action = "Index", controller = "Home", page = "", area = ""}. Executing controller action with signature System.Threading.Tasks.Task`1[Microsoft.AspNetCore.Mvc.IActionResult] Index() on controller Jam.Controllers.HomeController (Jam).
2025-11-09 16:42:56.994 +01:00 [WRN] [HomeController -> Index] Auth cookie invalid or user no longer exists. Redirecting to login.
2025-11-09 16:42:56.997 +01:00 [INF] AuthenticationScheme: Identity.Application signed out.
2025-11-09 16:42:56.998 +01:00 [INF] AuthenticationScheme: Identity.External signed out.
2025-11-09 16:42:56.998 +01:00 [INF] AuthenticationScheme: Identity.TwoFactorUserId signed out.
2025-11-09 16:42:56.999 +01:00 [INF] Executing LocalRedirectResult, redirecting to /Identity/Account/Login.
2025-11-09 16:42:57.001 +01:00 [INF] Executed action Jam.Controllers.HomeController.Index (Jam) in 17.6247ms
2025-11-09 16:42:57.002 +01:00 [INF] Executed endpoint 'Jam.Controllers.HomeController.Index (Jam)'
2025-11-09 16:42:57.008 +01:00 [INF] Request finished HTTP/2 GET https://localhost:7025/ - 302 0 null 64.6045ms
2025-11-09 16:42:57.012 +01:00 [INF] Request starting HTTP/2 GET https://localhost:7025/Identity/Account/Login - null null
2025-11-09 16:42:57.014 +01:00 [INF] Executing endpoint '/Account/Login'
2025-11-09 16:42:57.023 +01:00 [INF] Route matched with {page = "/Account/Login", area = "Identity", action = "", controller = ""}. Executing page /Account/Login
2025-11-09 16:42:57.030 +01:00 [INF] Executing handler method Jam.Areas.Identity.Pages.Account.LoginModel.OnGetAsync - ModelState is "Valid"
2025-11-09 16:42:57.031 +01:00 [INF] AuthenticationScheme: Identity.External signed out.
2025-11-09 16:42:57.031 +01:00 [INF] Executed handler method OnGetAsync, returned result .
2025-11-09 16:42:57.033 +01:00 [INF] Executing an implicit handler method - ModelState is "Valid"
2025-11-09 16:42:57.033 +01:00 [INF] Executed an implicit handler method, returned result Microsoft.AspNetCore.Mvc.RazorPages.PageResult.
2025-11-09 16:42:57.082 +01:00 [INF] Executed page /Account/Login in 58.9449ms
2025-11-09 16:42:57.082 +01:00 [INF] Executed endpoint '/Account/Login'
2025-11-09 16:42:57.084 +01:00 [INF] Request finished HTTP/2 GET https://localhost:7025/Identity/Account/Login - 200 null text/html; charset=utf-8 71.9727ms
2025-11-09 16:42:57.095 +01:00 [INF] Request starting HTTP/2 GET https://localhost:7025/lib/jquery-validation/dist/jquery.validate.min.js - null null
2025-11-09 16:42:57.096 +01:00 [INF] Request starting HTTP/2 GET https://localhost:7025/lib/jquery-validation-unobtrusive/jquery.validate.unobtrusive.min.js - null null
2025-11-09 16:42:57.105 +01:00 [INF] Request finished HTTP/2 GET https://localhost:7025/lib/jquery-validation-unobtrusive/jquery.validate.unobtrusive.min.js - 404 0 null 9.2206ms
2025-11-09 16:42:57.105 +01:00 [INF] Request finished HTTP/2 GET https://localhost:7025/lib/jquery-validation/dist/jquery.validate.min.js - 404 0 null 9.3819ms
2025-11-09 16:42:57.106 +01:00 [INF] Request reached the end of the middleware pipeline without being handled by application code. Request path: GET https://localhost:7025/lib/jquery-validation/dist/jquery.validate.min.js, Response status code: 404
2025-11-09 16:42:57.106 +01:00 [INF] Request reached the end of the middleware pipeline without being handled by application code. Request path: GET https://localhost:7025/lib/jquery-validation-unobtrusive/jquery.validate.unobtrusive.min.js, Response status code: 404
2025-11-09 16:42:58.029 +01:00 [INF] Request starting HTTP/2 POST https://localhost:7025/Identity/Account/Login - application/x-www-form-urlencoded 236
2025-11-09 16:42:58.036 +01:00 [INF] Executing endpoint '/Account/Login'
2025-11-09 16:42:58.038 +01:00 [INF] Route matched with {page = "/Account/Login", area = "Identity", action = "", controller = ""}. Executing page /Account/Login
2025-11-09 16:42:58.070 +01:00 [INF] Executing handler method Jam.Areas.Identity.Pages.Account.LoginModel.OnPostAsync - ModelState is "Valid"
2025-11-09 16:42:58.240 +01:00 [INF] AuthenticationScheme: Identity.Application signed in.
2025-11-09 16:42:58.240 +01:00 [INF] User logged in.
2025-11-09 16:42:58.241 +01:00 [INF] Executed handler method OnPostAsync, returned result Microsoft.AspNetCore.Mvc.LocalRedirectResult.
2025-11-09 16:42:58.241 +01:00 [INF] Executing LocalRedirectResult, redirecting to /.
2025-11-09 16:42:58.241 +01:00 [INF] Executed page /Account/Login in 203.492ms
2025-11-09 16:42:58.241 +01:00 [INF] Executed endpoint '/Account/Login'
2025-11-09 16:42:58.241 +01:00 [INF] Request finished HTTP/2 POST https://localhost:7025/Identity/Account/Login - 302 0 null 213.0676ms
2025-11-09 16:42:58.246 +01:00 [INF] Request starting HTTP/2 GET https://localhost:7025/ - null null
2025-11-09 16:42:58.248 +01:00 [INF] Executing endpoint 'Jam.Controllers.HomeController.Index (Jam)'
2025-11-09 16:42:58.248 +01:00 [INF] Route matched with {action = "Index", controller = "Home", page = "", area = ""}. Executing controller action with signature System.Threading.Tasks.Task`1[Microsoft.AspNetCore.Mvc.IActionResult] Index() on controller Jam.Controllers.HomeController (Jam).
2025-11-09 16:42:58.296 +01:00 [INF] Executing ViewResult, running view Index.
2025-11-09 16:42:58.313 +01:00 [INF] Executed ViewResult - view Index executed in 17.6357ms.
2025-11-09 16:42:58.314 +01:00 [INF] Executed action Jam.Controllers.HomeController.Index (Jam) in 65.9845ms
2025-11-09 16:42:58.315 +01:00 [INF] Executed endpoint 'Jam.Controllers.HomeController.Index (Jam)'
2025-11-09 16:42:58.326 +01:00 [INF] Request finished HTTP/2 GET https://localhost:7025/ - 200 null text/html; charset=utf-8 80.5086ms
2025-11-09 16:42:59.111 +01:00 [INF] Request starting HTTP/2 GET https://localhost:7025/StoryEditing/EditStory?storyId=1 - null null
2025-11-09 16:42:59.118 +01:00 [INF] Executing endpoint 'Jam.Controllers.StoryEditingController.EditStory (Jam)'
2025-11-09 16:42:59.127 +01:00 [INF] Route matched with {action = "EditStory", controller = "StoryEditing", page = "", area = ""}. Executing controller action with signature System.Threading.Tasks.Task`1[Microsoft.AspNetCore.Mvc.IActionResult] EditStory(Int32) on controller Jam.Controllers.StoryEditingController (Jam).
2025-11-09 16:42:59.148 +01:00 [INF] Executing ViewResult, running view EditStory.
2025-11-09 16:42:59.179 +01:00 [INF] Executed ViewResult - view EditStory executed in 31.9677ms.
2025-11-09 16:42:59.205 +01:00 [INF] Executed action Jam.Controllers.StoryEditingController.EditStory (Jam) in 77.664ms
2025-11-09 16:42:59.206 +01:00 [INF] Executed endpoint 'Jam.Controllers.StoryEditingController.EditStory (Jam)'
2025-11-09 16:42:59.227 +01:00 [INF] Request finished HTTP/2 GET https://localhost:7025/StoryEditing/EditStory?storyId=1 - 200 null text/html; charset=utf-8 116.9769ms
2025-11-09 16:42:59.715 +01:00 [INF] Request starting HTTP/2 GET https://localhost:7025/StoryEditing/EditQuestionScenes?storyId=1 - null null
2025-11-09 16:42:59.717 +01:00 [INF] Executing endpoint 'Jam.Controllers.StoryEditingController.EditQuestionScenes (Jam)'
2025-11-09 16:42:59.720 +01:00 [INF] Route matched with {action = "EditQuestionScenes", controller = "StoryEditing", page = "", area = ""}. Executing controller action with signature System.Threading.Tasks.Task`1[Microsoft.AspNetCore.Mvc.IActionResult] EditQuestionScenes(Int32) on controller Jam.Controllers.StoryEditingController (Jam).
2025-11-09 16:42:59.760 +01:00 [INF] Executing ViewResult, running view EditQuestionScenes.
2025-11-09 16:42:59.798 +01:00 [INF] Executed ViewResult - view EditQuestionScenes executed in 38.4826ms.
2025-11-09 16:42:59.874 +01:00 [INF] Executed action Jam.Controllers.StoryEditingController.EditQuestionScenes (Jam) in 129.1081ms
2025-11-09 16:42:59.875 +01:00 [INF] Executed endpoint 'Jam.Controllers.StoryEditingController.EditQuestionScenes (Jam)'
2025-11-09 16:42:59.875 +01:00 [INF] Request finished HTTP/2 GET https://localhost:7025/StoryEditing/EditQuestionScenes?storyId=1 - 200 null text/html; charset=utf-8 160.2616ms
2025-11-09 16:43:01.445 +01:00 [INF] Request starting HTTP/2 GET https://localhost:7025/StoryEditing/GetEditQuestionScenePartial?index=4&questionNumber=5 - null null
2025-11-09 16:43:01.447 +01:00 [INF] Executing endpoint 'Jam.Controllers.StoryEditingController.GetEditQuestionScenePartial (Jam)'
2025-11-09 16:43:01.451 +01:00 [INF] Route matched with {action = "GetEditQuestionScenePartial", controller = "StoryEditing", page = "", area = ""}. Executing controller action with signature Microsoft.AspNetCore.Mvc.IActionResult GetEditQuestionScenePartial(Int32, Int32) on controller Jam.Controllers.StoryEditingController (Jam).
2025-11-09 16:43:01.455 +01:00 [INF] Executing PartialViewResult, running view ~/Views/Shared/_EditQuestionScenePartial.cshtml.
2025-11-09 16:43:01.502 +01:00 [INF] Executed PartialViewResult - view ~/Views/Shared/_EditQuestionScenePartial.cshtml executed in 48.1772ms.
2025-11-09 16:43:01.503 +01:00 [INF] Executed action Jam.Controllers.StoryEditingController.GetEditQuestionScenePartial (Jam) in 51.0974ms
2025-11-09 16:43:01.503 +01:00 [INF] Executed endpoint 'Jam.Controllers.StoryEditingController.GetEditQuestionScenePartial (Jam)'
2025-11-09 16:43:01.503 +01:00 [INF] Request finished HTTP/2 GET https://localhost:7025/StoryEditing/GetEditQuestionScenePartial?index=4&questionNumber=5 - 200 null text/html; charset=utf-8 57.5476ms
2025-11-09 16:43:02.993 +01:00 [INF] Request starting HTTP/2 POST https://localhost:7025/StoryEditing/EditQuestionScenes - application/x-www-form-urlencoded 6853
2025-11-09 16:43:02.994 +01:00 [INF] Executing endpoint 'Jam.Controllers.StoryEditingController.EditQuestionScenes (Jam)'
2025-11-09 16:43:03.000 +01:00 [INF] Route matched with {action = "EditQuestionScenes", controller = "StoryEditing", page = "", area = ""}. Executing controller action with signature System.Threading.Tasks.Task`1[Microsoft.AspNetCore.Mvc.IActionResult] EditQuestionScenes(Int32, System.Collections.Generic.List`1[Jam.ViewModels.QuestionSceneBaseViewModel], System.String) on controller Jam.Controllers.StoryEditingController (Jam).
2025-11-09 16:43:03.018 +01:00 [INF] Executing ViewResult, running view EditQuestionScenes.
2025-11-09 16:43:03.263 +01:00 [INF] Executed ViewResult - view EditQuestionScenes executed in 245.6284ms.
2025-11-09 16:43:03.263 +01:00 [INF] Executed action Jam.Controllers.StoryEditingController.EditQuestionScenes (Jam) in 263.0678ms
2025-11-09 16:43:03.263 +01:00 [INF] Executed endpoint 'Jam.Controllers.StoryEditingController.EditQuestionScenes (Jam)'
2025-11-09 16:43:03.264 +01:00 [INF] Request finished HTTP/2 POST https://localhost:7025/StoryEditing/EditQuestionScenes - 200 null text/html; charset=utf-8 271.2462ms
2025-11-09 16:43:14.563 +01:00 [INF] Request starting HTTP/2 POST https://localhost:7025/StoryEditing/EditQuestionScenes - application/x-www-form-urlencoded 6930
2025-11-09 16:43:14.568 +01:00 [INF] Executing endpoint 'Jam.Controllers.StoryEditingController.EditQuestionScenes (Jam)'
2025-11-09 16:43:14.569 +01:00 [INF] Route matched with {action = "EditQuestionScenes", controller = "StoryEditing", page = "", area = ""}. Executing controller action with signature System.Threading.Tasks.Task`1[Microsoft.AspNetCore.Mvc.IActionResult] EditQuestionScenes(Int32, System.Collections.Generic.List`1[Jam.ViewModels.QuestionSceneBaseViewModel], System.String) on controller Jam.Controllers.StoryEditingController (Jam).
2025-11-09 16:43:14.578 +01:00 [INF] Executing ViewResult, running view EditQuestionScenes.
2025-11-09 16:43:14.712 +01:00 [INF] Executed ViewResult - view EditQuestionScenes executed in 134.2751ms.
2025-11-09 16:43:14.712 +01:00 [INF] Executed action Jam.Controllers.StoryEditingController.EditQuestionScenes (Jam) in 143.1997ms
2025-11-09 16:43:14.713 +01:00 [INF] Executed endpoint 'Jam.Controllers.StoryEditingController.EditQuestionScenes (Jam)'
2025-11-09 16:43:14.713 +01:00 [INF] Request finished HTTP/2 POST https://localhost:7025/StoryEditing/EditQuestionScenes - 200 null text/html; charset=utf-8 199.8328ms
2025-11-09 16:43:24.080 +01:00 [INF] Request starting HTTP/2 POST https://localhost:7025/StoryEditing/EditQuestionScenes - application/x-www-form-urlencoded 6930
2025-11-09 16:43:24.086 +01:00 [INF] Executing endpoint 'Jam.Controllers.StoryEditingController.EditQuestionScenes (Jam)'
2025-11-09 16:43:24.087 +01:00 [INF] Route matched with {action = "EditQuestionScenes", controller = "StoryEditing", page = "", area = ""}. Executing controller action with signature System.Threading.Tasks.Task`1[Microsoft.AspNetCore.Mvc.IActionResult] EditQuestionScenes(Int32, System.Collections.Generic.List`1[Jam.ViewModels.QuestionSceneBaseViewModel], System.String) on controller Jam.Controllers.StoryEditingController (Jam).
2025-11-09 16:43:24.092 +01:00 [INF] Executing ViewResult, running view EditQuestionScenes.
2025-11-09 16:43:24.363 +01:00 [INF] Executed ViewResult - view EditQuestionScenes executed in 245.8966ms.
2025-11-09 16:43:24.364 +01:00 [INF] Executed action Jam.Controllers.StoryEditingController.EditQuestionScenes (Jam) in 276.7654ms
2025-11-09 16:43:24.364 +01:00 [INF] Executed endpoint 'Jam.Controllers.StoryEditingController.EditQuestionScenes (Jam)'
2025-11-09 16:43:24.364 +01:00 [INF] Request finished HTTP/2 POST https://localhost:7025/StoryEditing/EditQuestionScenes - 200 null text/html; charset=utf-8 284.6838ms
