2025-11-07 13:54:47.483 +01:00 [INF] User profile is available. Using '/Users/jaraazad/.aspnet/DataProtection-Keys' as key repository; keys will not be encrypted at rest.
2025-11-07 13:54:48.001 +01:00 [INF] Applying migration '20251024065541_InitialCreate'.
2025-11-07 13:54:48.042 +01:00 [INF] Applying migration '20251101105657_AddIdentitySupport'.
2025-11-07 13:54:48.255 +01:00 [INF] Applying migration '20251103080324_UpdateNextQuestionSceneDeleteBehavior'.
2025-11-07 13:54:49.319 +01:00 [INF] Now listening on: https://localhost:7025
2025-11-07 13:54:49.320 +01:00 [INF] Now listening on: http://localhost:5262
2025-11-07 13:54:49.349 +01:00 [INF] Application started. Press Ctrl+C to shut down.
2025-11-07 13:54:49.350 +01:00 [INF] Hosting environment: Development
2025-11-07 13:54:49.351 +01:00 [INF] Content root path: /Users/jaraazad/Desktop/Jam
2025-11-07 13:54:49.502 +01:00 [INF] Request starting HTTP/2 GET https://localhost:7025/ - null null
2025-11-07 13:54:49.529 +01:00 [INF] Executing endpoint 'Jam.Controllers.HomeController.Index (Jam)'
2025-11-07 13:54:49.536 +01:00 [INF] Route matched with {action = "Index", controller = "Home", page = "", area = ""}. Executing controller action with signature System.Threading.Tasks.Task`1[Microsoft.AspNetCore.Mvc.IActionResult] Index() on controller Jam.Controllers.HomeController (Jam).
2025-11-07 13:54:49.548 +01:00 [WRN] [HomeController -> Index] Auth cookie invalid or user no longer exists. Redirecting to login.
2025-11-07 13:54:49.551 +01:00 [INF] AuthenticationScheme: Identity.Application signed out.
2025-11-07 13:54:49.551 +01:00 [INF] AuthenticationScheme: Identity.External signed out.
2025-11-07 13:54:49.552 +01:00 [INF] AuthenticationScheme: Identity.TwoFactorUserId signed out.
2025-11-07 13:54:49.553 +01:00 [INF] Executing LocalRedirectResult, redirecting to /Identity/Account/Login.
2025-11-07 13:54:49.555 +01:00 [INF] Executed action Jam.Controllers.HomeController.Index (Jam) in 16.6137ms
2025-11-07 13:54:49.555 +01:00 [INF] Executed endpoint 'Jam.Controllers.HomeController.Index (Jam)'
2025-11-07 13:54:49.562 +01:00 [INF] Request finished HTTP/2 GET https://localhost:7025/ - 302 0 null 61.0896ms
2025-11-07 13:54:49.614 +01:00 [INF] Request starting HTTP/2 GET https://localhost:7025/Identity/Account/Login - null null
2025-11-07 13:54:49.619 +01:00 [INF] Executing endpoint '/Account/Login'
2025-11-07 13:54:49.632 +01:00 [INF] Route matched with {page = "/Account/Login", area = "Identity", action = "", controller = ""}. Executing page /Account/Login
2025-11-07 13:54:49.640 +01:00 [INF] Executing handler method Jam.Areas.Identity.Pages.Account.LoginModel.OnGetAsync - ModelState is "Valid"
2025-11-07 13:54:49.642 +01:00 [INF] AuthenticationScheme: Identity.External signed out.
2025-11-07 13:54:49.642 +01:00 [INF] Executed handler method OnGetAsync, returned result .
2025-11-07 13:54:49.644 +01:00 [INF] Executing an implicit handler method - ModelState is "Valid"
2025-11-07 13:54:49.644 +01:00 [INF] Executed an implicit handler method, returned result Microsoft.AspNetCore.Mvc.RazorPages.PageResult.
2025-11-07 13:54:49.698 +01:00 [INF] Executed page /Account/Login in 65.5136ms
2025-11-07 13:54:49.698 +01:00 [INF] Executed endpoint '/Account/Login'
2025-11-07 13:54:49.703 +01:00 [INF] Request finished HTTP/2 GET https://localhost:7025/Identity/Account/Login - 200 null text/html; charset=utf-8 89.2864ms
2025-11-07 13:54:49.711 +01:00 [INF] Request starting HTTP/2 GET https://localhost:7025/lib/jquery-validation/dist/jquery.validate.min.js - null null
2025-11-07 13:54:49.733 +01:00 [INF] Request starting HTTP/2 GET https://localhost:7025/lib/jquery-validation-unobtrusive/jquery.validate.unobtrusive.min.js - null null
2025-11-07 13:54:49.735 +01:00 [INF] Request finished HTTP/2 GET https://localhost:7025/lib/jquery-validation-unobtrusive/jquery.validate.unobtrusive.min.js - 404 0 null 2.2848ms
2025-11-07 13:54:49.735 +01:00 [INF] Request finished HTTP/2 GET https://localhost:7025/lib/jquery-validation/dist/jquery.validate.min.js - 404 0 null 23.8881ms
2025-11-07 13:54:49.736 +01:00 [INF] Request reached the end of the middleware pipeline without being handled by application code. Request path: GET https://localhost:7025/lib/jquery-validation-unobtrusive/jquery.validate.unobtrusive.min.js, Response status code: 404
2025-11-07 13:54:49.736 +01:00 [INF] Request reached the end of the middleware pipeline without being handled by application code. Request path: GET https://localhost:7025/lib/jquery-validation/dist/jquery.validate.min.js, Response status code: 404
2025-11-07 13:54:50.286 +01:00 [INF] Request starting HTTP/2 POST https://localhost:7025/Identity/Account/Login - application/x-www-form-urlencoded 236
2025-11-07 13:54:50.292 +01:00 [INF] Executing endpoint '/Account/Login'
2025-11-07 13:54:50.292 +01:00 [INF] Route matched with {page = "/Account/Login", area = "Identity", action = "", controller = ""}. Executing page /Account/Login
2025-11-07 13:54:50.307 +01:00 [INF] Executing handler method Jam.Areas.Identity.Pages.Account.LoginModel.OnPostAsync - ModelState is "Valid"
2025-11-07 13:54:50.429 +01:00 [INF] AuthenticationScheme: Identity.Application signed in.
2025-11-07 13:54:50.430 +01:00 [INF] User logged in.
2025-11-07 13:54:50.430 +01:00 [INF] Executed handler method OnPostAsync, returned result Microsoft.AspNetCore.Mvc.LocalRedirectResult.
2025-11-07 13:54:50.430 +01:00 [INF] Executing LocalRedirectResult, redirecting to /.
2025-11-07 13:54:50.430 +01:00 [INF] Executed page /Account/Login in 138.1704ms
2025-11-07 13:54:50.430 +01:00 [INF] Executed endpoint '/Account/Login'
2025-11-07 13:54:50.431 +01:00 [INF] Request finished HTTP/2 POST https://localhost:7025/Identity/Account/Login - 302 0 null 144.3962ms
2025-11-07 13:54:50.458 +01:00 [INF] Request starting HTTP/2 GET https://localhost:7025/ - null null
2025-11-07 13:54:50.460 +01:00 [INF] Executing endpoint 'Jam.Controllers.HomeController.Index (Jam)'
2025-11-07 13:54:50.460 +01:00 [INF] Route matched with {action = "Index", controller = "Home", page = "", area = ""}. Executing controller action with signature System.Threading.Tasks.Task`1[Microsoft.AspNetCore.Mvc.IActionResult] Index() on controller Jam.Controllers.HomeController (Jam).
2025-11-07 13:54:50.537 +01:00 [INF] Executing ViewResult, running view Index.
2025-11-07 13:54:50.553 +01:00 [INF] Executed ViewResult - view Index executed in 17.2065ms.
2025-11-07 13:54:50.554 +01:00 [INF] Executed action Jam.Controllers.HomeController.Index (Jam) in 94.1282ms
2025-11-07 13:54:50.554 +01:00 [INF] Executed endpoint 'Jam.Controllers.HomeController.Index (Jam)'
2025-11-07 13:54:50.554 +01:00 [INF] Request finished HTTP/2 GET https://localhost:7025/ - 200 null text/html; charset=utf-8 121.3203ms
2025-11-07 13:54:51.499 +01:00 [INF] Request starting HTTP/2 GET https://localhost:7025/StoryEditing/EditStory?storyId=1 - null null
2025-11-07 13:54:51.506 +01:00 [INF] Executing endpoint 'Jam.Controllers.StoryEditingController.EditStory (Jam)'
2025-11-07 13:54:51.514 +01:00 [INF] Route matched with {action = "EditStory", controller = "StoryEditing", page = "", area = ""}. Executing controller action with signature System.Threading.Tasks.Task`1[Microsoft.AspNetCore.Mvc.IActionResult] EditStory(Int32) on controller Jam.Controllers.StoryEditingController (Jam).
2025-11-07 13:54:51.534 +01:00 [INF] Executing ViewResult, running view EditStory.
2025-11-07 13:54:51.641 +01:00 [INF] Executed ViewResult - view EditStory executed in 107.2474ms.
2025-11-07 13:54:51.665 +01:00 [INF] Executed action Jam.Controllers.StoryEditingController.EditStory (Jam) in 151.1722ms
2025-11-07 13:54:51.665 +01:00 [INF] Executed endpoint 'Jam.Controllers.StoryEditingController.EditStory (Jam)'
2025-11-07 13:54:51.665 +01:00 [INF] Request finished HTTP/2 GET https://localhost:7025/StoryEditing/EditStory?storyId=1 - 200 null text/html; charset=utf-8 166.739ms
2025-11-07 13:54:52.480 +01:00 [INF] Request starting HTTP/2 GET https://localhost:7025/StoryEditing/EditQuestionScenes?storyId=1 - null null
2025-11-07 13:54:52.483 +01:00 [INF] Executing endpoint 'Jam.Controllers.StoryEditingController.EditQuestionScenes (Jam)'
2025-11-07 13:54:52.488 +01:00 [INF] Route matched with {action = "EditQuestionScenes", controller = "StoryEditing", page = "", area = ""}. Executing controller action with signature System.Threading.Tasks.Task`1[Microsoft.AspNetCore.Mvc.IActionResult] EditQuestionScenes(Int32) on controller Jam.Controllers.StoryEditingController (Jam).
2025-11-07 13:54:52.559 +01:00 [INF] Executing ViewResult, running view EditQuestionScenes.
2025-11-07 13:54:52.659 +01:00 [INF] Executed ViewResult - view EditQuestionScenes executed in 100.6782ms.
2025-11-07 13:54:52.659 +01:00 [INF] Executed action Jam.Controllers.StoryEditingController.EditQuestionScenes (Jam) in 170.7212ms
2025-11-07 13:54:52.659 +01:00 [INF] Executed endpoint 'Jam.Controllers.StoryEditingController.EditQuestionScenes (Jam)'
2025-11-07 13:54:52.659 +01:00 [INF] Request finished HTTP/2 GET https://localhost:7025/StoryEditing/EditQuestionScenes?storyId=1 - 200 null text/html; charset=utf-8 179.9043ms
2025-11-07 13:54:58.258 +01:00 [INF] Request starting HTTP/2 GET https://localhost:7025/StoryEditing/GetQuestionScenePartial?index=4&storyId=1 - null null
2025-11-07 13:54:58.263 +01:00 [INF] Executing endpoint 'Jam.Controllers.StoryEditingController.GetQuestionScenePartial (Jam)'
2025-11-07 13:54:58.268 +01:00 [INF] Route matched with {action = "GetQuestionScenePartial", controller = "StoryEditing", page = "", area = ""}. Executing controller action with signature Microsoft.AspNetCore.Mvc.IActionResult GetQuestionScenePartial(Int32, Int32) on controller Jam.Controllers.StoryEditingController (Jam).
2025-11-07 13:54:58.273 +01:00 [INF] Executing PartialViewResult, running view ~/Views/Shared/_QuestionScenePartial.cshtml.
2025-11-07 13:54:58.309 +01:00 [INF] Executed PartialViewResult - view ~/Views/Shared/_QuestionScenePartial.cshtml executed in 36.4202ms.
2025-11-07 13:54:58.309 +01:00 [INF] Executed action Jam.Controllers.StoryEditingController.GetQuestionScenePartial (Jam) in 40.9178ms
2025-11-07 13:54:58.309 +01:00 [INF] Executed endpoint 'Jam.Controllers.StoryEditingController.GetQuestionScenePartial (Jam)'
2025-11-07 13:54:58.309 +01:00 [INF] Request finished HTTP/2 GET https://localhost:7025/StoryEditing/GetQuestionScenePartial?index=4&storyId=1 - 200 null text/html; charset=utf-8 52.0832ms
2025-11-07 13:55:08.064 +01:00 [INF] Request starting HTTP/2 POST https://localhost:7025/StoryEditing/EditQuestionScenes - application/x-www-form-urlencoded 6791
2025-11-07 13:55:08.190 +01:00 [INF] Executing endpoint 'Jam.Controllers.StoryEditingController.EditQuestionScenes (Jam)'
2025-11-07 13:55:08.199 +01:00 [INF] Route matched with {action = "EditQuestionScenes", controller = "StoryEditing", page = "", area = ""}. Executing controller action with signature System.Threading.Tasks.Task`1[Microsoft.AspNetCore.Mvc.IActionResult] EditQuestionScenes(System.Collections.Generic.List`1[Jam.ViewModels.QuestionSceneBaseViewModel]) on controller Jam.Controllers.StoryEditingController (Jam).
2025-11-07 13:55:08.276 +01:00 [INF] Executing RedirectResult, redirecting to /StoryEditing/EditQuestionScenes?storyId=1.
2025-11-07 13:55:08.277 +01:00 [INF] Executed action Jam.Controllers.StoryEditingController.EditQuestionScenes (Jam) in 77.2289ms
2025-11-07 13:55:08.277 +01:00 [INF] Executed endpoint 'Jam.Controllers.StoryEditingController.EditQuestionScenes (Jam)'
2025-11-07 13:55:08.277 +01:00 [INF] Request finished HTTP/2 POST https://localhost:7025/StoryEditing/EditQuestionScenes - 302 0 null 213.3302ms
2025-11-07 13:55:08.305 +01:00 [INF] Request starting HTTP/2 GET https://localhost:7025/StoryEditing/EditQuestionScenes?storyId=1 - null null
2025-11-07 13:55:08.331 +01:00 [INF] Executing endpoint 'Jam.Controllers.StoryEditingController.EditQuestionScenes (Jam)'
2025-11-07 13:55:08.331 +01:00 [INF] Route matched with {action = "EditQuestionScenes", controller = "StoryEditing", page = "", area = ""}. Executing controller action with signature System.Threading.Tasks.Task`1[Microsoft.AspNetCore.Mvc.IActionResult] EditQuestionScenes(Int32) on controller Jam.Controllers.StoryEditingController (Jam).
2025-11-07 13:55:08.335 +01:00 [INF] Executing ViewResult, running view EditQuestionScenes.
2025-11-07 13:55:08.392 +01:00 [INF] Executed ViewResult - view EditQuestionScenes executed in 56.7279ms.
2025-11-07 13:55:08.392 +01:00 [INF] Executed action Jam.Controllers.StoryEditingController.EditQuestionScenes (Jam) in 61.4596ms
2025-11-07 13:55:08.392 +01:00 [INF] Executed endpoint 'Jam.Controllers.StoryEditingController.EditQuestionScenes (Jam)'
2025-11-07 13:55:08.393 +01:00 [INF] Request finished HTTP/2 GET https://localhost:7025/StoryEditing/EditQuestionScenes?storyId=1 - 200 null text/html; charset=utf-8 109.43ms
2025-11-07 13:55:33.875 +01:00 [INF] Request starting HTTP/2 POST https://localhost:7025/StoryEditing/EditQuestionScenes - application/x-www-form-urlencoded 2027
2025-11-07 13:55:33.937 +01:00 [INF] Executing endpoint 'Jam.Controllers.StoryEditingController.EditQuestionScenes (Jam)'
2025-11-07 13:55:33.938 +01:00 [INF] Route matched with {action = "EditQuestionScenes", controller = "StoryEditing", page = "", area = ""}. Executing controller action with signature System.Threading.Tasks.Task`1[Microsoft.AspNetCore.Mvc.IActionResult] EditQuestionScenes(System.Collections.Generic.List`1[Jam.ViewModels.QuestionSceneBaseViewModel]) on controller Jam.Controllers.StoryEditingController (Jam).
2025-11-07 13:55:33.966 +01:00 [INF] Executing RedirectResult, redirecting to /StoryEditing/EditQuestionScenes?storyId=1.
2025-11-07 13:55:33.967 +01:00 [INF] Executed action Jam.Controllers.StoryEditingController.EditQuestionScenes (Jam) in 28.8573ms
2025-11-07 13:55:33.967 +01:00 [INF] Executed endpoint 'Jam.Controllers.StoryEditingController.EditQuestionScenes (Jam)'
2025-11-07 13:55:33.967 +01:00 [INF] Request finished HTTP/2 POST https://localhost:7025/StoryEditing/EditQuestionScenes - 302 0 null 92.0456ms
2025-11-07 13:55:33.972 +01:00 [INF] Request starting HTTP/2 GET https://localhost:7025/StoryEditing/EditQuestionScenes?storyId=1 - null null
2025-11-07 13:55:33.973 +01:00 [INF] Executing endpoint 'Jam.Controllers.StoryEditingController.EditQuestionScenes (Jam)'
2025-11-07 13:55:33.973 +01:00 [INF] Route matched with {action = "EditQuestionScenes", controller = "StoryEditing", page = "", area = ""}. Executing controller action with signature System.Threading.Tasks.Task`1[Microsoft.AspNetCore.Mvc.IActionResult] EditQuestionScenes(Int32) on controller Jam.Controllers.StoryEditingController (Jam).
2025-11-07 13:55:33.979 +01:00 [INF] Executing ViewResult, running view EditQuestionScenes.
2025-11-07 13:55:34.116 +01:00 [INF] Executed ViewResult - view EditQuestionScenes executed in 137.2883ms.
2025-11-07 13:55:34.142 +01:00 [INF] Executed action Jam.Controllers.StoryEditingController.EditQuestionScenes (Jam) in 168.5797ms
2025-11-07 13:55:34.143 +01:00 [INF] Executed endpoint 'Jam.Controllers.StoryEditingController.EditQuestionScenes (Jam)'
2025-11-07 13:55:34.143 +01:00 [INF] Request finished HTTP/2 GET https://localhost:7025/StoryEditing/EditQuestionScenes?storyId=1 - 200 null text/html; charset=utf-8 170.8672ms
