2025-11-07 20:32:01.107 +01:00 [INF] User profile is available. Using '/Users/jaraazad/.aspnet/DataProtection-Keys' as key repository; keys will not be encrypted at rest.
2025-11-07 20:32:01.669 +01:00 [INF] Applying migration '20251024065541_InitialCreate'.
2025-11-07 20:32:01.825 +01:00 [INF] Applying migration '20251101105657_AddIdentitySupport'.
2025-11-07 20:32:01.866 +01:00 [INF] Applying migration '20251103080324_UpdateNextQuestionSceneDeleteBehavior'.
2025-11-07 20:32:02.749 +01:00 [INF] Now listening on: https://localhost:7025
2025-11-07 20:32:02.749 +01:00 [INF] Now listening on: http://localhost:5262
2025-11-07 20:32:02.754 +01:00 [INF] Application started. Press Ctrl+C to shut down.
2025-11-07 20:32:02.755 +01:00 [INF] Hosting environment: Development
2025-11-07 20:32:02.780 +01:00 [INF] Content root path: /Users/jaraazad/Desktop/Jam
2025-11-07 20:32:03.023 +01:00 [INF] Request starting HTTP/2 GET https://localhost:7025/ - null null
2025-11-07 20:32:03.050 +01:00 [INF] Executing endpoint 'Jam.Controllers.HomeController.Index (Jam)'
2025-11-07 20:32:03.057 +01:00 [INF] Route matched with {action = "Index", controller = "Home", page = "", area = ""}. Executing controller action with signature System.Threading.Tasks.Task`1[Microsoft.AspNetCore.Mvc.IActionResult] Index() on controller Jam.Controllers.HomeController (Jam).
2025-11-07 20:32:03.070 +01:00 [WRN] [HomeController -> Index] Auth cookie invalid or user no longer exists. Redirecting to login.
2025-11-07 20:32:03.073 +01:00 [INF] AuthenticationScheme: Identity.Application signed out.
2025-11-07 20:32:03.074 +01:00 [INF] AuthenticationScheme: Identity.External signed out.
2025-11-07 20:32:03.075 +01:00 [INF] AuthenticationScheme: Identity.TwoFactorUserId signed out.
2025-11-07 20:32:03.075 +01:00 [INF] Executing LocalRedirectResult, redirecting to /Identity/Account/Login.
2025-11-07 20:32:03.078 +01:00 [INF] Executed action Jam.Controllers.HomeController.Index (Jam) in 18.9071ms
2025-11-07 20:32:03.078 +01:00 [INF] Executed endpoint 'Jam.Controllers.HomeController.Index (Jam)'
2025-11-07 20:32:03.083 +01:00 [INF] Request finished HTTP/2 GET https://localhost:7025/ - 302 0 null 61.4093ms
2025-11-07 20:32:03.087 +01:00 [INF] Request starting HTTP/2 GET https://localhost:7025/Identity/Account/Login - null null
2025-11-07 20:32:03.091 +01:00 [INF] Executing endpoint '/Account/Login'
2025-11-07 20:32:03.102 +01:00 [INF] Route matched with {page = "/Account/Login", area = "Identity", action = "", controller = ""}. Executing page /Account/Login
2025-11-07 20:32:03.109 +01:00 [INF] Executing handler method Jam.Areas.Identity.Pages.Account.LoginModel.OnGetAsync - ModelState is "Valid"
2025-11-07 20:32:03.110 +01:00 [INF] AuthenticationScheme: Identity.External signed out.
2025-11-07 20:32:03.110 +01:00 [INF] Executed handler method OnGetAsync, returned result .
2025-11-07 20:32:03.111 +01:00 [INF] Executing an implicit handler method - ModelState is "Valid"
2025-11-07 20:32:03.112 +01:00 [INF] Executed an implicit handler method, returned result Microsoft.AspNetCore.Mvc.RazorPages.PageResult.
2025-11-07 20:32:03.172 +01:00 [INF] Executed page /Account/Login in 69.9821ms
2025-11-07 20:32:03.175 +01:00 [INF] Executed endpoint '/Account/Login'
2025-11-07 20:32:03.185 +01:00 [INF] Request starting HTTP/2 GET https://localhost:7025/lib/jquery-validation-unobtrusive/jquery.validate.unobtrusive.min.js - null null
2025-11-07 20:32:03.186 +01:00 [INF] Request starting HTTP/2 GET https://localhost:7025/lib/jquery-validation/dist/jquery.validate.min.js - null null
2025-11-07 20:32:03.199 +01:00 [INF] Request finished HTTP/2 GET https://localhost:7025/lib/jquery-validation-unobtrusive/jquery.validate.unobtrusive.min.js - 404 0 null 13.7973ms
2025-11-07 20:32:03.200 +01:00 [INF] Request finished HTTP/2 GET https://localhost:7025/Identity/Account/Login - 200 null text/html; charset=utf-8 112.2592ms
2025-11-07 20:32:03.200 +01:00 [INF] Request finished HTTP/2 GET https://localhost:7025/lib/jquery-validation/dist/jquery.validate.min.js - 404 0 null 14.8403ms
2025-11-07 20:32:03.200 +01:00 [INF] Request reached the end of the middleware pipeline without being handled by application code. Request path: GET https://localhost:7025/lib/jquery-validation/dist/jquery.validate.min.js, Response status code: 404
2025-11-07 20:32:03.200 +01:00 [INF] Request reached the end of the middleware pipeline without being handled by application code. Request path: GET https://localhost:7025/lib/jquery-validation-unobtrusive/jquery.validate.unobtrusive.min.js, Response status code: 404
2025-11-07 20:32:32.461 +01:00 [INF] Request starting HTTP/2 POST https://localhost:7025/Identity/Account/Login - application/x-www-form-urlencoded 236
2025-11-07 20:32:32.472 +01:00 [INF] Executing endpoint '/Account/Login'
2025-11-07 20:32:32.474 +01:00 [INF] Route matched with {page = "/Account/Login", area = "Identity", action = "", controller = ""}. Executing page /Account/Login
2025-11-07 20:32:32.505 +01:00 [INF] Executing handler method Jam.Areas.Identity.Pages.Account.LoginModel.OnPostAsync - ModelState is "Valid"
2025-11-07 20:32:32.628 +01:00 [INF] AuthenticationScheme: Identity.Application signed in.
2025-11-07 20:32:32.629 +01:00 [INF] User logged in.
2025-11-07 20:32:32.629 +01:00 [INF] Executed handler method OnPostAsync, returned result Microsoft.AspNetCore.Mvc.LocalRedirectResult.
2025-11-07 20:32:32.630 +01:00 [INF] Executing LocalRedirectResult, redirecting to /.
2025-11-07 20:32:32.630 +01:00 [INF] Executed page /Account/Login in 155.5795ms
2025-11-07 20:32:32.630 +01:00 [INF] Executed endpoint '/Account/Login'
2025-11-07 20:32:32.630 +01:00 [INF] Request finished HTTP/2 POST https://localhost:7025/Identity/Account/Login - 302 0 null 191.1684ms
2025-11-07 20:32:32.634 +01:00 [INF] Request starting HTTP/2 GET https://localhost:7025/ - null null
2025-11-07 20:32:32.635 +01:00 [INF] Executing endpoint 'Jam.Controllers.HomeController.Index (Jam)'
2025-11-07 20:32:32.635 +01:00 [INF] Route matched with {action = "Index", controller = "Home", page = "", area = ""}. Executing controller action with signature System.Threading.Tasks.Task`1[Microsoft.AspNetCore.Mvc.IActionResult] Index() on controller Jam.Controllers.HomeController (Jam).
2025-11-07 20:32:32.687 +01:00 [INF] Executing ViewResult, running view Index.
2025-11-07 20:32:32.709 +01:00 [INF] Executed ViewResult - view Index executed in 23.3781ms.
2025-11-07 20:32:32.713 +01:00 [INF] Executed action Jam.Controllers.HomeController.Index (Jam) in 77.1033ms
2025-11-07 20:32:32.713 +01:00 [INF] Executed endpoint 'Jam.Controllers.HomeController.Index (Jam)'
2025-11-07 20:32:32.714 +01:00 [INF] Request finished HTTP/2 GET https://localhost:7025/ - 200 null text/html; charset=utf-8 80.0697ms
2025-11-07 20:32:35.815 +01:00 [INF] Request starting HTTP/2 GET https://localhost:7025/StoryManagement/StoryDetails?storyId=1 - null null
2025-11-07 20:32:35.825 +01:00 [INF] Executing endpoint 'Jam.Controllers.StoryManagementController.StoryDetails (Jam)'
2025-11-07 20:32:35.828 +01:00 [INF] Route matched with {action = "StoryDetails", controller = "StoryManagement", page = "", area = ""}. Executing controller action with signature System.Threading.Tasks.Task`1[Microsoft.AspNetCore.Mvc.IActionResult] StoryDetails(Int32) on controller Jam.Controllers.StoryManagementController (Jam).
2025-11-07 20:32:35.841 +01:00 [INF] Executing ViewResult, running view StoryDetails.
2025-11-07 20:32:35.900 +01:00 [INF] Executed ViewResult - view StoryDetails executed in 59.8225ms.
2025-11-07 20:32:35.900 +01:00 [INF] Executed action Jam.Controllers.StoryManagementController.StoryDetails (Jam) in 71.9205ms
2025-11-07 20:32:35.901 +01:00 [INF] Executed endpoint 'Jam.Controllers.StoryManagementController.StoryDetails (Jam)'
2025-11-07 20:32:35.901 +01:00 [INF] Request finished HTTP/2 GET https://localhost:7025/StoryManagement/StoryDetails?storyId=1 - 200 null text/html; charset=utf-8 86.1362ms
2025-11-07 20:32:37.706 +01:00 [INF] Request starting HTTP/2 GET https://localhost:7025/StoryEditing/EditStory?storyId=1 - null null
2025-11-07 20:32:37.755 +01:00 [INF] Executing endpoint 'Jam.Controllers.StoryEditingController.EditStory (Jam)'
2025-11-07 20:32:37.760 +01:00 [INF] Route matched with {action = "EditStory", controller = "StoryEditing", page = "", area = ""}. Executing controller action with signature System.Threading.Tasks.Task`1[Microsoft.AspNetCore.Mvc.IActionResult] EditStory(Int32) on controller Jam.Controllers.StoryEditingController (Jam).
2025-11-07 20:32:37.769 +01:00 [INF] Executing ViewResult, running view EditStory.
2025-11-07 20:32:37.828 +01:00 [INF] Executed ViewResult - view EditStory executed in 59.8157ms.
2025-11-07 20:32:37.853 +01:00 [INF] Executed action Jam.Controllers.StoryEditingController.EditStory (Jam) in 93.038ms
2025-11-07 20:32:37.854 +01:00 [INF] Executed endpoint 'Jam.Controllers.StoryEditingController.EditStory (Jam)'
2025-11-07 20:32:37.855 +01:00 [INF] Request finished HTTP/2 GET https://localhost:7025/StoryEditing/EditStory?storyId=1 - 200 null text/html; charset=utf-8 148.568ms
2025-11-07 20:32:38.722 +01:00 [INF] Request starting HTTP/2 GET https://localhost:7025/StoryEditing/EditQuestionScenes?storyId=1 - null null
2025-11-07 20:32:38.753 +01:00 [INF] Executing endpoint 'Jam.Controllers.StoryEditingController.EditQuestionScenes (Jam)'
2025-11-07 20:32:38.757 +01:00 [INF] Route matched with {action = "EditQuestionScenes", controller = "StoryEditing", page = "", area = ""}. Executing controller action with signature System.Threading.Tasks.Task`1[Microsoft.AspNetCore.Mvc.IActionResult] EditQuestionScenes(Int32) on controller Jam.Controllers.StoryEditingController (Jam).
2025-11-07 20:32:38.845 +01:00 [INF] Executing ViewResult, running view EditQuestionScenes.
2025-11-07 20:32:38.955 +01:00 [INF] Executed ViewResult - view EditQuestionScenes executed in 110.1355ms.
2025-11-07 20:32:38.955 +01:00 [INF] Executed action Jam.Controllers.StoryEditingController.EditQuestionScenes (Jam) in 197.6291ms
2025-11-07 20:32:38.955 +01:00 [INF] Executed endpoint 'Jam.Controllers.StoryEditingController.EditQuestionScenes (Jam)'
2025-11-07 20:32:38.955 +01:00 [INF] Request finished HTTP/2 GET https://localhost:7025/StoryEditing/EditQuestionScenes?storyId=1 - 200 null text/html; charset=utf-8 233.8739ms
