2025-11-06 12:42:10.709 +01:00 [INF] User profile is available. Using '/Users/michaelnedgaardisaksen/.aspnet/DataProtection-Keys' as key repository; keys will not be encrypted at rest.
2025-11-06 12:42:11.077 +01:00 [INF] Applying migration '20251024065541_InitialCreate'.
2025-11-06 12:42:11.129 +01:00 [INF] Applying migration '20251101105657_AddIdentitySupport'.
2025-11-06 12:42:11.328 +01:00 [INF] Applying migration '20251103080324_UpdateNextQuestionSceneDeleteBehavior'.
2025-11-06 12:42:12.663 +01:00 [INF] Now listening on: https://localhost:7025
2025-11-06 12:42:12.664 +01:00 [INF] Now listening on: http://localhost:5262
2025-11-06 12:42:12.674 +01:00 [INF] Application started. Press Ctrl+C to shut down.
2025-11-06 12:42:12.676 +01:00 [INF] Hosting environment: Development
2025-11-06 12:42:12.676 +01:00 [INF] Content root path: /Users/michaelnedgaardisaksen/Documents/ITPE3100_Webapplikasjoner/Demo-Jam/Jam
2025-11-06 12:42:13.193 +01:00 [INF] Request starting HTTP/2 GET https://localhost:7025/ - null null
2025-11-06 12:42:13.244 +01:00 [INF] Executing endpoint 'Jam.Controllers.HomeController.Index (Jam)'
2025-11-06 12:42:13.257 +01:00 [INF] Route matched with {action = "Index", controller = "Home", page = "", area = ""}. Executing controller action with signature System.Threading.Tasks.Task`1[Microsoft.AspNetCore.Mvc.IActionResult] Index() on controller Jam.Controllers.HomeController (Jam).
2025-11-06 12:42:13.304 +01:00 [WRN] [HomeController -> Index] Auth cookie invalid or user no longer exists. Redirecting to login.
2025-11-06 12:42:13.312 +01:00 [INF] AuthenticationScheme: Identity.Application signed out.
2025-11-06 12:42:13.314 +01:00 [INF] AuthenticationScheme: Identity.External signed out.
2025-11-06 12:42:13.314 +01:00 [INF] AuthenticationScheme: Identity.TwoFactorUserId signed out.
2025-11-06 12:42:13.316 +01:00 [INF] Executing LocalRedirectResult, redirecting to /Identity/Account/Login.
2025-11-06 12:42:13.319 +01:00 [INF] Executed action Jam.Controllers.HomeController.Index (Jam) in 58.9987ms
2025-11-06 12:42:13.320 +01:00 [INF] Executed endpoint 'Jam.Controllers.HomeController.Index (Jam)'
2025-11-06 12:42:13.325 +01:00 [INF] Request finished HTTP/2 GET https://localhost:7025/ - 302 0 null 134.5833ms
2025-11-06 12:42:13.381 +01:00 [INF] Request starting HTTP/2 GET https://localhost:7025/Identity/Account/Login - null null
2025-11-06 12:42:13.388 +01:00 [INF] Executing endpoint '/Account/Login'
2025-11-06 12:42:13.414 +01:00 [INF] Route matched with {page = "/Account/Login", area = "Identity", action = "", controller = ""}. Executing page /Account/Login
2025-11-06 12:42:13.427 +01:00 [INF] Executing handler method Jam.Areas.Identity.Pages.Account.LoginModel.OnGetAsync - ModelState is "Valid"
2025-11-06 12:42:13.429 +01:00 [INF] AuthenticationScheme: Identity.External signed out.
2025-11-06 12:42:13.430 +01:00 [INF] Executed handler method OnGetAsync, returned result .
2025-11-06 12:42:13.432 +01:00 [INF] Executing an implicit handler method - ModelState is "Valid"
2025-11-06 12:42:13.432 +01:00 [INF] Executed an implicit handler method, returned result Microsoft.AspNetCore.Mvc.RazorPages.PageResult.
2025-11-06 12:42:13.518 +01:00 [INF] Executed page /Account/Login in 103.3114ms
2025-11-06 12:42:13.518 +01:00 [INF] Executed endpoint '/Account/Login'
2025-11-06 12:42:13.519 +01:00 [INF] Request finished HTTP/2 GET https://localhost:7025/Identity/Account/Login - 200 null text/html; charset=utf-8 138.2221ms
2025-11-06 12:42:13.676 +01:00 [INF] Request starting HTTP/2 GET https://localhost:7025/lib/jquery-validation/dist/jquery.validate.min.js - null null
2025-11-06 12:42:13.677 +01:00 [INF] Request starting HTTP/2 GET https://localhost:7025/lib/jquery-validation-unobtrusive/jquery.validate.unobtrusive.min.js - null null
2025-11-06 12:42:13.681 +01:00 [INF] Request finished HTTP/2 GET https://localhost:7025/lib/jquery-validation/dist/jquery.validate.min.js - 404 0 null 4.6223ms
2025-11-06 12:42:13.681 +01:00 [INF] Request finished HTTP/2 GET https://localhost:7025/lib/jquery-validation-unobtrusive/jquery.validate.unobtrusive.min.js - 404 0 null 3.5845ms
2025-11-06 12:42:13.681 +01:00 [INF] Request reached the end of the middleware pipeline without being handled by application code. Request path: GET https://localhost:7025/lib/jquery-validation/dist/jquery.validate.min.js, Response status code: 404
2025-11-06 12:42:13.682 +01:00 [INF] Request reached the end of the middleware pipeline without being handled by application code. Request path: GET https://localhost:7025/lib/jquery-validation-unobtrusive/jquery.validate.unobtrusive.min.js, Response status code: 404
2025-11-06 12:42:20.483 +01:00 [INF] Request starting HTTP/2 POST https://localhost:7025/Identity/Account/Login - application/x-www-form-urlencoded 236
2025-11-06 12:42:20.517 +01:00 [INF] Executing endpoint '/Account/Login'
2025-11-06 12:42:20.518 +01:00 [INF] Route matched with {page = "/Account/Login", area = "Identity", action = "", controller = ""}. Executing page /Account/Login
2025-11-06 12:42:20.545 +01:00 [INF] Executing handler method Jam.Areas.Identity.Pages.Account.LoginModel.OnPostAsync - ModelState is "Valid"
2025-11-06 12:42:20.649 +01:00 [INF] AuthenticationScheme: Identity.Application signed in.
2025-11-06 12:42:20.649 +01:00 [INF] User logged in.
2025-11-06 12:42:20.650 +01:00 [INF] Executed handler method OnPostAsync, returned result Microsoft.AspNetCore.Mvc.LocalRedirectResult.
2025-11-06 12:42:20.650 +01:00 [INF] Executing LocalRedirectResult, redirecting to /.
2025-11-06 12:42:20.650 +01:00 [INF] Executed page /Account/Login in 131.4742ms
2025-11-06 12:42:20.650 +01:00 [INF] Executed endpoint '/Account/Login'
2025-11-06 12:42:20.650 +01:00 [INF] Request finished HTTP/2 POST https://localhost:7025/Identity/Account/Login - 302 0 null 216.2942ms
2025-11-06 12:42:20.680 +01:00 [INF] Request starting HTTP/2 GET https://localhost:7025/ - null null
2025-11-06 12:42:20.682 +01:00 [INF] Executing endpoint 'Jam.Controllers.HomeController.Index (Jam)'
2025-11-06 12:42:20.682 +01:00 [INF] Route matched with {action = "Index", controller = "Home", page = "", area = ""}. Executing controller action with signature System.Threading.Tasks.Task`1[Microsoft.AspNetCore.Mvc.IActionResult] Index() on controller Jam.Controllers.HomeController (Jam).
2025-11-06 12:42:20.705 +01:00 [INF] Executing ViewResult, running view Index.
2025-11-06 12:42:20.742 +01:00 [INF] Executed ViewResult - view Index executed in 37.5852ms.
2025-11-06 12:42:20.743 +01:00 [INF] Executed action Jam.Controllers.HomeController.Index (Jam) in 61.2899ms
2025-11-06 12:42:20.743 +01:00 [INF] Executed endpoint 'Jam.Controllers.HomeController.Index (Jam)'
2025-11-06 12:42:20.745 +01:00 [INF] Request finished HTTP/2 GET https://localhost:7025/ - 200 null text/html; charset=utf-8 64.485ms
2025-11-06 12:42:25.188 +01:00 [INF] Request starting HTTP/2 GET https://localhost:7025/StoryPlaying/SelectStory - null null
2025-11-06 12:42:25.194 +01:00 [INF] Executing endpoint 'Jam.Controllers.StoryPlayingController.SelectStory (Jam)'
2025-11-06 12:42:25.201 +01:00 [INF] Route matched with {action = "SelectStory", controller = "StoryPlaying", page = "", area = ""}. Executing controller action with signature System.Threading.Tasks.Task`1[Microsoft.AspNetCore.Mvc.IActionResult] SelectStory() on controller Jam.Controllers.StoryPlayingController (Jam).
2025-11-06 12:42:25.220 +01:00 [INF] Executing ViewResult, running view SelectStory.
2025-11-06 12:42:25.302 +01:00 [INF] Executed ViewResult - view SelectStory executed in 82.733ms.
2025-11-06 12:42:25.303 +01:00 [INF] Executed action Jam.Controllers.StoryPlayingController.SelectStory (Jam) in 101.5356ms
2025-11-06 12:42:25.303 +01:00 [INF] Executed endpoint 'Jam.Controllers.StoryPlayingController.SelectStory (Jam)'
2025-11-06 12:42:25.303 +01:00 [INF] Request finished HTTP/2 GET https://localhost:7025/StoryPlaying/SelectStory - 200 null text/html; charset=utf-8 115.71ms
2025-11-06 12:43:14.836 +01:00 [INF] Request starting HTTP/2 GET https://localhost:7025/StoryPlaying/StartStory?storyId=1 - null null
2025-11-06 12:43:14.847 +01:00 [INF] Executing endpoint 'Jam.Controllers.StoryPlayingController.StartStory (Jam)'
2025-11-06 12:43:14.856 +01:00 [INF] Route matched with {action = "StartStory", controller = "StoryPlaying", page = "", area = ""}. Executing controller action with signature System.Threading.Tasks.Task`1[Microsoft.AspNetCore.Mvc.IActionResult] StartStory(Int32) on controller Jam.Controllers.StoryPlayingController (Jam).
2025-11-06 12:43:14.916 +01:00 [INF] Executing RedirectResult, redirecting to /StoryPlaying/PlayScene?sceneId=3&SceneType=Intro&sessionId=3.
2025-11-06 12:43:14.916 +01:00 [INF] Executed action Jam.Controllers.StoryPlayingController.StartStory (Jam) in 60.6867ms
2025-11-06 12:43:14.917 +01:00 [INF] Executed endpoint 'Jam.Controllers.StoryPlayingController.StartStory (Jam)'
2025-11-06 12:43:14.917 +01:00 [INF] Request finished HTTP/2 GET https://localhost:7025/StoryPlaying/StartStory?storyId=1 - 302 0 null 81.209ms
2025-11-06 12:43:14.967 +01:00 [INF] Request starting HTTP/2 GET https://localhost:7025/StoryPlaying/PlayScene?sceneId=3&SceneType=Intro&sessionId=3 - null null
2025-11-06 12:43:14.968 +01:00 [INF] Executing endpoint 'Jam.Controllers.StoryPlayingController.PlayScene (Jam)'
2025-11-06 12:43:14.971 +01:00 [INF] Route matched with {action = "PlayScene", controller = "StoryPlaying", page = "", area = ""}. Executing controller action with signature System.Threading.Tasks.Task`1[Microsoft.AspNetCore.Mvc.IActionResult] PlayScene(Int32, Jam.Models.Enums.SceneType, Int32) on controller Jam.Controllers.StoryPlayingController (Jam).
2025-11-06 12:43:14.980 +01:00 [INF] Executing ViewResult, running view PlayScene.
2025-11-06 12:43:15.021 +01:00 [INF] Executed ViewResult - view PlayScene executed in 41.395ms.
2025-11-06 12:43:15.072 +01:00 [INF] Executed action Jam.Controllers.StoryPlayingController.PlayScene (Jam) in 101.3358ms
2025-11-06 12:43:15.124 +01:00 [INF] Executed endpoint 'Jam.Controllers.StoryPlayingController.PlayScene (Jam)'
2025-11-06 12:43:15.242 +01:00 [INF] Request starting HTTP/2 GET https://localhost:7025/lib/jquery-validation-unobtrusive/jquery.validate.unobtrusive.min.js - null null
2025-11-06 12:43:15.242 +01:00 [INF] Request starting HTTP/2 GET https://localhost:7025/lib/jquery-validation/dist/jquery.validate.min.js - null null
2025-11-06 12:43:15.275 +01:00 [INF] Request finished HTTP/2 GET https://localhost:7025/StoryPlaying/PlayScene?sceneId=3&SceneType=Intro&sessionId=3 - 200 null text/html; charset=utf-8 307.7987ms
2025-11-06 12:43:15.279 +01:00 [INF] Request finished HTTP/2 GET https://localhost:7025/lib/jquery-validation/dist/jquery.validate.min.js - 404 0 null 58.1599ms
2025-11-06 12:43:15.279 +01:00 [INF] Request finished HTTP/2 GET https://localhost:7025/lib/jquery-validation-unobtrusive/jquery.validate.unobtrusive.min.js - 404 0 null 58.1473ms
2025-11-06 12:43:15.279 +01:00 [INF] Request reached the end of the middleware pipeline without being handled by application code. Request path: GET https://localhost:7025/lib/jquery-validation/dist/jquery.validate.min.js, Response status code: 404
2025-11-06 12:43:15.282 +01:00 [INF] Request reached the end of the middleware pipeline without being handled by application code. Request path: GET https://localhost:7025/lib/jquery-validation-unobtrusive/jquery.validate.unobtrusive.min.js, Response status code: 404
2025-11-06 12:43:33.446 +01:00 [INF] Request starting HTTP/2 GET https://localhost:7025/StoryPlaying/StartStory?storyId=2 - null null
2025-11-06 12:43:33.450 +01:00 [INF] Executing endpoint 'Jam.Controllers.StoryPlayingController.StartStory (Jam)'
2025-11-06 12:43:33.451 +01:00 [INF] Route matched with {action = "StartStory", controller = "StoryPlaying", page = "", area = ""}. Executing controller action with signature System.Threading.Tasks.Task`1[Microsoft.AspNetCore.Mvc.IActionResult] StartStory(Int32) on controller Jam.Controllers.StoryPlayingController (Jam).
2025-11-06 12:43:33.458 +01:00 [INF] Executing ViewResult, running view StartPrivateStory.
2025-11-06 12:43:33.547 +01:00 [INF] Executed ViewResult - view StartPrivateStory executed in 89.3717ms.
2025-11-06 12:43:33.643 +01:00 [INF] Executed action Jam.Controllers.StoryPlayingController.StartStory (Jam) in 192.1849ms
2025-11-06 12:43:33.644 +01:00 [INF] Executed endpoint 'Jam.Controllers.StoryPlayingController.StartStory (Jam)'
2025-11-06 12:43:33.644 +01:00 [INF] Request finished HTTP/2 GET https://localhost:7025/StoryPlaying/StartStory?storyId=2 - 200 null text/html; charset=utf-8 222.3114ms
2025-11-06 12:43:40.937 +01:00 [INF] Request starting HTTP/2 GET https://localhost:7025/StoryPlaying/StartStory?storyId=2 - null null
2025-11-06 12:43:40.965 +01:00 [INF] Executing endpoint 'Jam.Controllers.StoryPlayingController.StartStory (Jam)'
2025-11-06 12:43:40.965 +01:00 [INF] Route matched with {action = "StartStory", controller = "StoryPlaying", page = "", area = ""}. Executing controller action with signature System.Threading.Tasks.Task`1[Microsoft.AspNetCore.Mvc.IActionResult] StartStory(Int32) on controller Jam.Controllers.StoryPlayingController (Jam).
2025-11-06 12:43:40.971 +01:00 [INF] Executing ViewResult, running view StartPrivateStory.
2025-11-06 12:43:41.098 +01:00 [INF] Executed ViewResult - view StartPrivateStory executed in 127.2243ms.
2025-11-06 12:43:41.125 +01:00 [INF] Executed action Jam.Controllers.StoryPlayingController.StartStory (Jam) in 158.5484ms
2025-11-06 12:43:41.132 +01:00 [INF] Executed endpoint 'Jam.Controllers.StoryPlayingController.StartStory (Jam)'
2025-11-06 12:43:41.133 +01:00 [INF] Request finished HTTP/2 GET https://localhost:7025/StoryPlaying/StartStory?storyId=2 - 200 null text/html; charset=utf-8 195.9524ms
2025-11-06 12:44:03.358 +01:00 [INF] Request starting HTTP/2 GET https://localhost:7025/StoryPlaying/StartStory?storyId=2 - null null
2025-11-06 12:44:03.366 +01:00 [INF] Executing endpoint 'Jam.Controllers.StoryPlayingController.StartStory (Jam)'
2025-11-06 12:44:03.367 +01:00 [INF] Route matched with {action = "StartStory", controller = "StoryPlaying", page = "", area = ""}. Executing controller action with signature System.Threading.Tasks.Task`1[Microsoft.AspNetCore.Mvc.IActionResult] StartStory(Int32) on controller Jam.Controllers.StoryPlayingController (Jam).
2025-11-06 12:44:03.377 +01:00 [INF] Executing ViewResult, running view StartPrivateStory.
2025-11-06 12:44:03.459 +01:00 [INF] Executed ViewResult - view StartPrivateStory executed in 56.4228ms.
2025-11-06 12:44:03.532 +01:00 [INF] Executed action Jam.Controllers.StoryPlayingController.StartStory (Jam) in 140.1104ms
2025-11-06 12:44:03.533 +01:00 [INF] Executed endpoint 'Jam.Controllers.StoryPlayingController.StartStory (Jam)'
2025-11-06 12:44:03.533 +01:00 [INF] Request finished HTTP/2 GET https://localhost:7025/StoryPlaying/StartStory?storyId=2 - 200 null text/html; charset=utf-8 175.4545ms
2025-11-06 12:45:31.833 +01:00 [INF] Request starting HTTP/2 GET https://localhost:7025/Identity/Account/Manage - null null
2025-11-06 12:45:31.843 +01:00 [INF] Executing endpoint '/Account/Manage/Index'
2025-11-06 12:45:31.854 +01:00 [INF] Route matched with {page = "/Account/Manage/Index", area = "Identity", action = "", controller = ""}. Executing page /Account/Manage/Index
2025-11-06 12:45:31.858 +01:00 [INF] Executing handler method Jam.Areas.Identity.Pages.Account.Manage.IndexModel.OnGetAsync - ModelState is "Valid"
2025-11-06 12:45:31.867 +01:00 [INF] Executed handler method OnGetAsync, returned result Microsoft.AspNetCore.Mvc.RazorPages.PageResult.
2025-11-06 12:45:31.994 +01:00 [INF] Executed page /Account/Manage/Index in 139.4206ms
2025-11-06 12:45:32.070 +01:00 [INF] Executed endpoint '/Account/Manage/Index'
2025-11-06 12:45:32.072 +01:00 [INF] Request finished HTTP/2 GET https://localhost:7025/Identity/Account/Manage - 200 null text/html; charset=utf-8 240.2885ms
2025-11-06 12:45:32.101 +01:00 [INF] Request starting HTTP/2 GET https://localhost:7025/lib/jquery-validation/dist/jquery.validate.min.js - null null
2025-11-06 12:45:32.101 +01:00 [INF] Request starting HTTP/2 GET https://localhost:7025/lib/jquery-validation-unobtrusive/jquery.validate.unobtrusive.min.js - null null
2025-11-06 12:45:32.154 +01:00 [INF] Request finished HTTP/2 GET https://localhost:7025/lib/jquery-validation/dist/jquery.validate.min.js - 404 0 null 52.9703ms
2025-11-06 12:45:32.154 +01:00 [INF] Request finished HTTP/2 GET https://localhost:7025/lib/jquery-validation-unobtrusive/jquery.validate.unobtrusive.min.js - 404 0 null 52.9703ms
2025-11-06 12:45:32.154 +01:00 [INF] Request reached the end of the middleware pipeline without being handled by application code. Request path: GET https://localhost:7025/lib/jquery-validation-unobtrusive/jquery.validate.unobtrusive.min.js, Response status code: 404
2025-11-06 12:45:32.154 +01:00 [INF] Request reached the end of the middleware pipeline without being handled by application code. Request path: GET https://localhost:7025/lib/jquery-validation/dist/jquery.validate.min.js, Response status code: 404
2025-11-06 12:45:41.370 +01:00 [INF] Request starting HTTP/2 GET https://localhost:7025/Identity/Account/Manage/Email - null null
2025-11-06 12:45:41.398 +01:00 [INF] Executing endpoint '/Account/Manage/Email'
2025-11-06 12:45:41.402 +01:00 [INF] Route matched with {page = "/Account/Manage/Email", area = "Identity", action = "", controller = ""}. Executing page /Account/Manage/Email
2025-11-06 12:45:41.403 +01:00 [INF] Executing handler method Jam.Areas.Identity.Pages.Account.Manage.EmailModel.OnGetAsync - ModelState is "Valid"
2025-11-06 12:45:41.419 +01:00 [INF] Executed handler method OnGetAsync, returned result Microsoft.AspNetCore.Mvc.RazorPages.PageResult.
2025-11-06 12:45:41.490 +01:00 [INF] Executed page /Account/Manage/Email in 87.5597ms
2025-11-06 12:45:41.540 +01:00 [INF] Executed endpoint '/Account/Manage/Email'
2025-11-06 12:45:41.541 +01:00 [INF] Request finished HTTP/2 GET https://localhost:7025/Identity/Account/Manage/Email - 200 null text/html; charset=utf-8 171.0715ms
2025-11-06 12:45:41.542 +01:00 [INF] Request starting HTTP/2 GET https://localhost:7025/lib/jquery-validation/dist/jquery.validate.min.js - null null
2025-11-06 12:45:41.593 +01:00 [INF] Request starting HTTP/2 GET https://localhost:7025/lib/jquery-validation-unobtrusive/jquery.validate.unobtrusive.min.js - null null
2025-11-06 12:45:41.594 +01:00 [INF] Request finished HTTP/2 GET https://localhost:7025/lib/jquery-validation-unobtrusive/jquery.validate.unobtrusive.min.js - 404 0 null 26.8627ms
2025-11-06 12:45:41.594 +01:00 [INF] Request finished HTTP/2 GET https://localhost:7025/lib/jquery-validation/dist/jquery.validate.min.js - 404 0 null 52.6466ms
2025-11-06 12:45:41.594 +01:00 [INF] Request reached the end of the middleware pipeline without being handled by application code. Request path: GET https://localhost:7025/lib/jquery-validation-unobtrusive/jquery.validate.unobtrusive.min.js, Response status code: 404
2025-11-06 12:45:41.594 +01:00 [INF] Request reached the end of the middleware pipeline without being handled by application code. Request path: GET https://localhost:7025/lib/jquery-validation/dist/jquery.validate.min.js, Response status code: 404
2025-11-06 12:45:42.803 +01:00 [INF] Request starting HTTP/2 GET https://localhost:7025/Identity/Account/Manage/ChangePassword - null null
2025-11-06 12:45:42.832 +01:00 [INF] Executing endpoint '/Account/Manage/ChangePassword'
2025-11-06 12:45:42.839 +01:00 [INF] Route matched with {page = "/Account/Manage/ChangePassword", area = "Identity", action = "", controller = ""}. Executing page /Account/Manage/ChangePassword
2025-11-06 12:45:42.840 +01:00 [INF] Executing handler method Jam.Areas.Identity.Pages.Account.Manage.ChangePasswordModel.OnGetAsync - ModelState is "Valid"
2025-11-06 12:45:42.845 +01:00 [INF] Executed handler method OnGetAsync, returned result Microsoft.AspNetCore.Mvc.RazorPages.PageResult.
2025-11-06 12:45:42.914 +01:00 [INF] Executed page /Account/Manage/ChangePassword in 74.9949ms
2025-11-06 12:45:42.914 +01:00 [INF] Request starting HTTP/2 GET https://localhost:7025/lib/jquery-validation/dist/jquery.validate.min.js - null null
2025-11-06 12:45:42.914 +01:00 [INF] Executed endpoint '/Account/Manage/ChangePassword'
2025-11-06 12:45:42.914 +01:00 [INF] Request starting HTTP/2 GET https://localhost:7025/lib/jquery-validation-unobtrusive/jquery.validate.unobtrusive.min.js - null null
2025-11-06 12:45:42.991 +01:00 [INF] Request finished HTTP/2 GET https://localhost:7025/Identity/Account/Manage/ChangePassword - 200 null text/html; charset=utf-8 184.7606ms
2025-11-06 12:45:42.992 +01:00 [INF] Request finished HTTP/2 GET https://localhost:7025/lib/jquery-validation-unobtrusive/jquery.validate.unobtrusive.min.js - 404 0 null 77.3501ms
2025-11-06 12:45:42.992 +01:00 [INF] Request finished HTTP/2 GET https://localhost:7025/lib/jquery-validation/dist/jquery.validate.min.js - 404 0 null 77.6306ms
2025-11-06 12:45:42.992 +01:00 [INF] Request reached the end of the middleware pipeline without being handled by application code. Request path: GET https://localhost:7025/lib/jquery-validation-unobtrusive/jquery.validate.unobtrusive.min.js, Response status code: 404
2025-11-06 12:45:42.992 +01:00 [INF] Request reached the end of the middleware pipeline without being handled by application code. Request path: GET https://localhost:7025/lib/jquery-validation/dist/jquery.validate.min.js, Response status code: 404
