2025-10-30 12:00:20.524 +01:00 [INF] Applying migration '20251024065541_InitialCreate'.
2025-10-30 12:00:20.922 +01:00 [INF] User profile is available. Using '/Users/michaelnedgaardisaksen/.aspnet/DataProtection-Keys' as key repository; keys will not be encrypted at rest.
2025-10-30 12:00:21.120 +01:00 [INF] Now listening on: https://localhost:7025
2025-10-30 12:00:21.121 +01:00 [INF] Now listening on: http://localhost:5262
2025-10-30 12:00:21.124 +01:00 [INF] Application started. Press Ctrl+C to shut down.
2025-10-30 12:00:21.125 +01:00 [INF] Hosting environment: Development
2025-10-30 12:00:21.125 +01:00 [INF] Content root path: /Users/michaelnedgaardisaksen/Documents/ITPE3100_Webapplikasjoner/Demo-Jam/Jam
2025-10-30 12:00:21.409 +01:00 [INF] Request starting HTTP/2 GET https://localhost:7025/ - null null
2025-10-30 12:00:21.435 +01:00 [INF] Executing endpoint 'Jam.Controllers.HomeController.Index (Jam)'
2025-10-30 12:00:21.444 +01:00 [INF] Route matched with {action = "Index", controller = "Home"}. Executing controller action with signature System.Threading.Tasks.Task`1[Microsoft.AspNetCore.Mvc.IActionResult] Index() on controller Jam.Controllers.HomeController (Jam).
2025-10-30 12:00:21.529 +01:00 [INF] Executing ViewResult, running view Index.
2025-10-30 12:00:21.568 +01:00 [INF] Executed ViewResult - view Index executed in 38.0919ms.
2025-10-30 12:00:21.570 +01:00 [INF] Executed action Jam.Controllers.HomeController.Index (Jam) in 125.7743ms
2025-10-30 12:00:21.570 +01:00 [INF] Executed endpoint 'Jam.Controllers.HomeController.Index (Jam)'
2025-10-30 12:00:21.575 +01:00 [INF] Request finished HTTP/2 GET https://localhost:7025/ - 200 null text/html; charset=utf-8 166.5212ms
2025-10-30 12:00:26.527 +01:00 [INF] Request starting HTTP/2 GET https://localhost:7025/StoryEditing/Edit?storyId=1 - null null
2025-10-30 12:00:26.530 +01:00 [INF] Executing endpoint 'Jam.Controllers.StoryEditingController.Edit (Jam)'
2025-10-30 12:00:26.540 +01:00 [INF] Route matched with {action = "Edit", controller = "StoryEditing"}. Executing controller action with signature System.Threading.Tasks.Task`1[Microsoft.AspNetCore.Mvc.IActionResult] Edit(Int32) on controller Jam.Controllers.StoryEditingController (Jam).
2025-10-30 12:00:26.605 +01:00 [INF] Executing ViewResult, running view Edit.
2025-10-30 12:00:26.743 +01:00 [INF] Executed ViewResult - view Edit executed in 138.7262ms.
2025-10-30 12:00:26.744 +01:00 [INF] Executed action Jam.Controllers.StoryEditingController.Edit (Jam) in 203.3034ms
2025-10-30 12:00:26.744 +01:00 [INF] Executed endpoint 'Jam.Controllers.StoryEditingController.Edit (Jam)'
2025-10-30 12:00:26.744 +01:00 [INF] Request finished HTTP/2 GET https://localhost:7025/StoryEditing/Edit?storyId=1 - 200 null text/html; charset=utf-8 217.3716ms
2025-10-30 12:00:34.131 +01:00 [INF] Request starting HTTP/2 POST https://localhost:7025/StoryEditing/UpdateStory - application/x-www-form-urlencoded 427
2025-10-30 12:00:34.183 +01:00 [INF] Executing endpoint 'Jam.Controllers.StoryEditingController.UpdateStory (Jam)'
2025-10-30 12:00:34.210 +01:00 [INF] Route matched with {action = "UpdateStory", controller = "StoryEditing"}. Executing controller action with signature System.Threading.Tasks.Task`1[Microsoft.AspNetCore.Mvc.IActionResult] UpdateStory(Jam.ViewModels.StoryEditing.StoryEditOverviewViewModel) on controller Jam.Controllers.StoryEditingController (Jam).
2025-10-30 12:00:34.226 +01:00 [INF] Executing ViewResult, running view Edit.
2025-10-30 12:00:34.229 +01:00 [INF] Executed ViewResult - view Edit executed in 3.033ms.
2025-10-30 12:00:34.229 +01:00 [INF] Executed action Jam.Controllers.StoryEditingController.UpdateStory (Jam) in 18.4579ms
2025-10-30 12:00:34.229 +01:00 [INF] Executed endpoint 'Jam.Controllers.StoryEditingController.UpdateStory (Jam)'
2025-10-30 12:00:34.229 +01:00 [INF] Request finished HTTP/2 POST https://localhost:7025/StoryEditing/UpdateStory - 200 null text/html; charset=utf-8 98.7926ms
2025-10-30 12:00:41.421 +01:00 [INF] Request starting HTTP/2 GET https://localhost:7025/ - null null
2025-10-30 12:00:41.423 +01:00 [INF] Executing endpoint 'Jam.Controllers.HomeController.Index (Jam)'
2025-10-30 12:00:41.423 +01:00 [INF] Route matched with {action = "Index", controller = "Home"}. Executing controller action with signature System.Threading.Tasks.Task`1[Microsoft.AspNetCore.Mvc.IActionResult] Index() on controller Jam.Controllers.HomeController (Jam).
2025-10-30 12:00:41.444 +01:00 [INF] Executing ViewResult, running view Index.
2025-10-30 12:00:41.446 +01:00 [INF] Executed ViewResult - view Index executed in 2.4851ms.
2025-10-30 12:00:41.497 +01:00 [INF] Executed action Jam.Controllers.HomeController.Index (Jam) in 73.2722ms
2025-10-30 12:00:41.522 +01:00 [INF] Executed endpoint 'Jam.Controllers.HomeController.Index (Jam)'
2025-10-30 12:00:41.523 +01:00 [INF] Request finished HTTP/2 GET https://localhost:7025/ - 200 null text/html; charset=utf-8 101.9495ms
2025-10-30 12:00:48.341 +01:00 [INF] Request starting HTTP/2 GET https://localhost:7025/StoryEditing/Edit?storyId=1 - null null
2025-10-30 12:00:48.363 +01:00 [INF] Executing endpoint 'Jam.Controllers.StoryEditingController.Edit (Jam)'
2025-10-30 12:00:48.364 +01:00 [INF] Route matched with {action = "Edit", controller = "StoryEditing"}. Executing controller action with signature System.Threading.Tasks.Task`1[Microsoft.AspNetCore.Mvc.IActionResult] Edit(Int32) on controller Jam.Controllers.StoryEditingController (Jam).
2025-10-30 12:00:48.382 +01:00 [INF] Executing ViewResult, running view Edit.
2025-10-30 12:00:48.435 +01:00 [INF] Executed ViewResult - view Edit executed in 53.5016ms.
2025-10-30 12:00:48.461 +01:00 [INF] Executed action Jam.Controllers.StoryEditingController.Edit (Jam) in 97.679ms
2025-10-30 12:00:48.462 +01:00 [INF] Executed endpoint 'Jam.Controllers.StoryEditingController.Edit (Jam)'
2025-10-30 12:00:48.462 +01:00 [INF] Request finished HTTP/2 GET https://localhost:7025/StoryEditing/Edit?storyId=1 - 200 null text/html; charset=utf-8 120.9812ms
