2025-11-06 14:21:44.577 +01:00 [INF] User profile is available. Using '/Users/jaraazad/.aspnet/DataProtection-Keys' as key repository; keys will not be encrypted at rest.
2025-11-06 14:21:45.099 +01:00 [INF] Applying migration '20251024065541_InitialCreate'.
2025-11-06 14:21:45.138 +01:00 [INF] Applying migration '20251101105657_AddIdentitySupport'.
2025-11-06 14:21:45.184 +01:00 [INF] Applying migration '20251103080324_UpdateNextQuestionSceneDeleteBehavior'.
2025-11-06 14:21:46.214 +01:00 [INF] Now listening on: https://localhost:7025
2025-11-06 14:21:46.215 +01:00 [INF] Now listening on: http://localhost:5262
2025-11-06 14:21:46.242 +01:00 [INF] Application started. Press Ctrl+C to shut down.
2025-11-06 14:21:46.243 +01:00 [INF] Hosting environment: Development
2025-11-06 14:21:46.243 +01:00 [INF] Content root path: /Users/jaraazad/Desktop/Jam
2025-11-06 14:21:46.612 +01:00 [INF] Request starting HTTP/2 GET https://localhost:7025/ - null null
2025-11-06 14:21:46.646 +01:00 [INF] Executing endpoint 'Jam.Controllers.HomeController.Index (Jam)'
2025-11-06 14:21:46.655 +01:00 [INF] Route matched with {action = "Index", controller = "Home", page = "", area = ""}. Executing controller action with signature System.Threading.Tasks.Task`1[Microsoft.AspNetCore.Mvc.IActionResult] Index() on controller Jam.Controllers.HomeController (Jam).
2025-11-06 14:21:46.675 +01:00 [WRN] [HomeController -> Index] Auth cookie invalid or user no longer exists. Redirecting to login.
2025-11-06 14:21:46.679 +01:00 [INF] AuthenticationScheme: Identity.Application signed out.
2025-11-06 14:21:46.680 +01:00 [INF] AuthenticationScheme: Identity.External signed out.
2025-11-06 14:21:46.680 +01:00 [INF] AuthenticationScheme: Identity.TwoFactorUserId signed out.
2025-11-06 14:21:46.682 +01:00 [INF] Executing LocalRedirectResult, redirecting to /Identity/Account/Login.
2025-11-06 14:21:46.684 +01:00 [INF] Executed action Jam.Controllers.HomeController.Index (Jam) in 27.2576ms
2025-11-06 14:21:46.685 +01:00 [INF] Executed endpoint 'Jam.Controllers.HomeController.Index (Jam)'
2025-11-06 14:21:46.689 +01:00 [INF] Request finished HTTP/2 GET https://localhost:7025/ - 302 0 null 78.1676ms
2025-11-06 14:21:46.709 +01:00 [INF] Request starting HTTP/2 GET https://localhost:7025/Identity/Account/Login - null null
2025-11-06 14:21:46.756 +01:00 [INF] Executing endpoint '/Account/Login'
2025-11-06 14:21:46.767 +01:00 [INF] Route matched with {page = "/Account/Login", area = "Identity", action = "", controller = ""}. Executing page /Account/Login
2025-11-06 14:21:46.777 +01:00 [INF] Executing handler method Jam.Areas.Identity.Pages.Account.LoginModel.OnGetAsync - ModelState is "Valid"
2025-11-06 14:21:46.788 +01:00 [INF] AuthenticationScheme: Identity.External signed out.
2025-11-06 14:21:46.790 +01:00 [INF] Executed handler method OnGetAsync, returned result .
2025-11-06 14:21:46.792 +01:00 [INF] Executing an implicit handler method - ModelState is "Valid"
2025-11-06 14:21:46.792 +01:00 [INF] Executed an implicit handler method, returned result Microsoft.AspNetCore.Mvc.RazorPages.PageResult.
2025-11-06 14:21:46.850 +01:00 [INF] Executed page /Account/Login in 82.5979ms
2025-11-06 14:21:46.850 +01:00 [INF] Executed endpoint '/Account/Login'
2025-11-06 14:21:46.852 +01:00 [INF] Request finished HTTP/2 GET https://localhost:7025/Identity/Account/Login - 200 null text/html; charset=utf-8 142.338ms
2025-11-06 14:21:47.197 +01:00 [INF] Request starting HTTP/2 GET https://localhost:7025/lib/jquery-validation/dist/jquery.validate.min.js - null null
2025-11-06 14:21:47.198 +01:00 [INF] Request starting HTTP/2 GET https://localhost:7025/lib/jquery-validation-unobtrusive/jquery.validate.unobtrusive.min.js - null null
2025-11-06 14:21:47.203 +01:00 [INF] Request finished HTTP/2 GET https://localhost:7025/lib/jquery-validation/dist/jquery.validate.min.js - 404 0 null 31.0739ms
2025-11-06 14:21:47.203 +01:00 [INF] Request finished HTTP/2 GET https://localhost:7025/lib/jquery-validation-unobtrusive/jquery.validate.unobtrusive.min.js - 404 0 null 5.6157ms
2025-11-06 14:21:47.204 +01:00 [INF] Request reached the end of the middleware pipeline without being handled by application code. Request path: GET https://localhost:7025/lib/jquery-validation-unobtrusive/jquery.validate.unobtrusive.min.js, Response status code: 404
2025-11-06 14:21:47.204 +01:00 [INF] Request reached the end of the middleware pipeline without being handled by application code. Request path: GET https://localhost:7025/lib/jquery-validation/dist/jquery.validate.min.js, Response status code: 404
2025-11-06 14:21:51.146 +01:00 [INF] Request starting HTTP/2 POST https://localhost:7025/Identity/Account/Login - application/x-www-form-urlencoded 236
2025-11-06 14:21:51.155 +01:00 [INF] Executing endpoint '/Account/Login'
2025-11-06 14:21:51.157 +01:00 [INF] Route matched with {page = "/Account/Login", area = "Identity", action = "", controller = ""}. Executing page /Account/Login
2025-11-06 14:21:51.187 +01:00 [INF] Executing handler method Jam.Areas.Identity.Pages.Account.LoginModel.OnPostAsync - ModelState is "Valid"
2025-11-06 14:21:51.302 +01:00 [INF] AuthenticationScheme: Identity.Application signed in.
2025-11-06 14:21:51.303 +01:00 [INF] User logged in.
2025-11-06 14:21:51.303 +01:00 [INF] Executed handler method OnPostAsync, returned result Microsoft.AspNetCore.Mvc.LocalRedirectResult.
2025-11-06 14:21:51.303 +01:00 [INF] Executing LocalRedirectResult, redirecting to /.
2025-11-06 14:21:51.304 +01:00 [INF] Executed page /Account/Login in 146.2039ms
2025-11-06 14:21:51.304 +01:00 [INF] Executed endpoint '/Account/Login'
2025-11-06 14:21:51.304 +01:00 [INF] Request finished HTTP/2 POST https://localhost:7025/Identity/Account/Login - 302 0 null 229.5299ms
2025-11-06 14:21:51.410 +01:00 [INF] Request starting HTTP/2 GET https://localhost:7025/ - null null
2025-11-06 14:21:51.412 +01:00 [INF] Executing endpoint 'Jam.Controllers.HomeController.Index (Jam)'
2025-11-06 14:21:51.413 +01:00 [INF] Route matched with {action = "Index", controller = "Home", page = "", area = ""}. Executing controller action with signature System.Threading.Tasks.Task`1[Microsoft.AspNetCore.Mvc.IActionResult] Index() on controller Jam.Controllers.HomeController (Jam).
2025-11-06 14:21:51.444 +01:00 [INF] Executing ViewResult, running view Index.
2025-11-06 14:21:51.484 +01:00 [INF] Executed ViewResult - view Index executed in 17.2074ms.
2025-11-06 14:21:51.493 +01:00 [INF] Executed action Jam.Controllers.HomeController.Index (Jam) in 79.6316ms
2025-11-06 14:21:51.494 +01:00 [INF] Executed endpoint 'Jam.Controllers.HomeController.Index (Jam)'
2025-11-06 14:21:51.494 +01:00 [INF] Request finished HTTP/2 GET https://localhost:7025/ - 200 null text/html; charset=utf-8 109.1398ms
2025-11-06 14:21:52.164 +01:00 [INF] Request starting HTTP/2 GET https://localhost:7025/StoryCreation/CreateStoryAndIntro - null null
2025-11-06 14:21:52.196 +01:00 [INF] Executing endpoint 'Jam.Controllers.StoryCreationController.CreateStoryAndIntro (Jam)'
2025-11-06 14:21:52.198 +01:00 [INF] Route matched with {action = "CreateStoryAndIntro", controller = "StoryCreation", page = "", area = ""}. Executing controller action with signature Microsoft.AspNetCore.Mvc.IActionResult CreateStoryAndIntro() on controller Jam.Controllers.StoryCreationController (Jam).
2025-11-06 14:21:52.202 +01:00 [INF] Accessing expired session, Key:2d0cc344-df3d-072e-4af7-3508e4f5cd8c
2025-11-06 14:21:52.210 +01:00 [INF] Executing ViewResult, running view CreateStoryAndIntro.
2025-11-06 14:21:52.240 +01:00 [INF] Executed ViewResult - view CreateStoryAndIntro executed in 31.3349ms.
2025-11-06 14:21:52.241 +01:00 [INF] Executed action Jam.Controllers.StoryCreationController.CreateStoryAndIntro (Jam) in 42.4077ms
2025-11-06 14:21:52.242 +01:00 [INF] Executed endpoint 'Jam.Controllers.StoryCreationController.CreateStoryAndIntro (Jam)'
2025-11-06 14:21:52.248 +01:00 [INF] Request finished HTTP/2 GET https://localhost:7025/StoryCreation/CreateStoryAndIntro - 200 null text/html; charset=utf-8 83.3667ms
2025-11-06 14:21:54.638 +01:00 [INF] Request starting HTTP/2 POST https://localhost:7025/StoryCreation/CreateStoryAndIntro - application/x-www-form-urlencoded 304
2025-11-06 14:21:54.643 +01:00 [INF] Executing endpoint 'Jam.Controllers.StoryCreationController.CreateStoryAndIntro (Jam)'
2025-11-06 14:21:54.651 +01:00 [INF] Route matched with {action = "CreateStoryAndIntro", controller = "StoryCreation", page = "", area = ""}. Executing controller action with signature Microsoft.AspNetCore.Mvc.IActionResult CreateStoryAndIntro(Jam.ViewModels.StoryCreation.CreateStoryAndIntroViewModel) on controller Jam.Controllers.StoryCreationController (Jam).
2025-11-06 14:21:54.658 +01:00 [INF] Accessing expired session, Key:2d0cc344-df3d-072e-4af7-3508e4f5cd8c
2025-11-06 14:21:54.689 +01:00 [INF] Executing RedirectResult, redirecting to /StoryCreation/CreateQuestionScenes.
2025-11-06 14:21:54.689 +01:00 [INF] Executed action Jam.Controllers.StoryCreationController.CreateStoryAndIntro (Jam) in 37.8363ms
2025-11-06 14:21:54.689 +01:00 [INF] Executed endpoint 'Jam.Controllers.StoryCreationController.CreateStoryAndIntro (Jam)'
2025-11-06 14:21:54.689 +01:00 [INF] Session started; Key:2d0cc344-df3d-072e-4af7-3508e4f5cd8c, Id:4e700457-1d1e-6eec-e851-69baa0b7865c
2025-11-06 14:21:54.689 +01:00 [INF] Request finished HTTP/2 POST https://localhost:7025/StoryCreation/CreateStoryAndIntro - 302 0 null 51.2579ms
2025-11-06 14:21:54.694 +01:00 [INF] Request starting HTTP/2 GET https://localhost:7025/StoryCreation/CreateQuestionScenes - null null
2025-11-06 14:21:54.695 +01:00 [INF] Executing endpoint 'Jam.Controllers.StoryCreationController.CreateQuestionScenes (Jam)'
2025-11-06 14:21:54.696 +01:00 [INF] Route matched with {action = "CreateQuestionScenes", controller = "StoryCreation", page = "", area = ""}. Executing controller action with signature Microsoft.AspNetCore.Mvc.IActionResult CreateQuestionScenes() on controller Jam.Controllers.StoryCreationController (Jam).
2025-11-06 14:21:54.704 +01:00 [INF] Executing ViewResult, running view CreateQuestionScenes.
2025-11-06 14:21:54.760 +01:00 [INF] Executed ViewResult - view CreateQuestionScenes executed in 55.9017ms.
2025-11-06 14:21:54.785 +01:00 [INF] Executed action Jam.Controllers.StoryCreationController.CreateQuestionScenes (Jam) in 89.2747ms
2025-11-06 14:21:54.786 +01:00 [INF] Executed endpoint 'Jam.Controllers.StoryCreationController.CreateQuestionScenes (Jam)'
2025-11-06 14:21:54.786 +01:00 [INF] Request finished HTTP/2 GET https://localhost:7025/StoryCreation/CreateQuestionScenes - 200 null text/html; charset=utf-8 92.134ms
2025-11-06 14:21:55.734 +01:00 [INF] Request starting HTTP/2 GET https://localhost:7025/StoryCreation/GetQuestionScenePartial?index=0 - null null
2025-11-06 14:21:55.735 +01:00 [INF] Executing endpoint 'Jam.Controllers.StoryCreationController.GetQuestionScenePartial (Jam)'
2025-11-06 14:21:55.739 +01:00 [INF] Route matched with {action = "GetQuestionScenePartial", controller = "StoryCreation", page = "", area = ""}. Executing controller action with signature Microsoft.AspNetCore.Mvc.IActionResult GetQuestionScenePartial(Int32) on controller Jam.Controllers.StoryCreationController (Jam).
2025-11-06 14:21:55.747 +01:00 [INF] Executing PartialViewResult, running view _QuestionScenePartial.
2025-11-06 14:21:55.775 +01:00 [INF] Executed PartialViewResult - view _QuestionScenePartial executed in 28.592ms.
2025-11-06 14:21:55.775 +01:00 [INF] Executed action Jam.Controllers.StoryCreationController.GetQuestionScenePartial (Jam) in 36.0746ms
2025-11-06 14:21:55.775 +01:00 [INF] Executed endpoint 'Jam.Controllers.StoryCreationController.GetQuestionScenePartial (Jam)'
2025-11-06 14:21:55.775 +01:00 [INF] Request finished HTTP/2 GET https://localhost:7025/StoryCreation/GetQuestionScenePartial?index=0 - 200 null text/html; charset=utf-8 41.6784ms
