2025-11-06 12:03:11.011 +01:00 [INF] User profile is available. Using '/Users/michaelnedgaardisaksen/.aspnet/DataProtection-Keys' as key repository; keys will not be encrypted at rest.
2025-11-06 12:03:11.546 +01:00 [INF] Applying migration '20251024065541_InitialCreate'.
2025-11-06 12:03:11.590 +01:00 [INF] Applying migration '20251101105657_AddIdentitySupport'.
2025-11-06 12:03:11.649 +01:00 [INF] Applying migration '20251103080324_UpdateNextQuestionSceneDeleteBehavior'.
2025-11-06 12:03:13.125 +01:00 [INF] Now listening on: https://localhost:7025
2025-11-06 12:03:13.126 +01:00 [INF] Now listening on: http://localhost:5262
2025-11-06 12:03:13.129 +01:00 [INF] Application started. Press Ctrl+C to shut down.
2025-11-06 12:03:13.130 +01:00 [INF] Hosting environment: Development
2025-11-06 12:03:13.130 +01:00 [INF] Content root path: /Users/michaelnedgaardisaksen/Documents/ITPE3100_Webapplikasjoner/Demo-Jam/Jam
2025-11-06 12:03:14.758 +01:00 [INF] Request starting HTTP/2 GET https://localhost:7025/ - null null
2025-11-06 12:03:14.839 +01:00 [INF] AuthenticationScheme: Identity.Application signed out.
2025-11-06 12:03:14.840 +01:00 [INF] AuthenticationScheme: Identity.External signed out.
2025-11-06 12:03:14.841 +01:00 [INF] AuthenticationScheme: Identity.TwoFactorUserId signed out.
2025-11-06 12:03:14.841 +01:00 [INF] AuthenticationScheme: Identity.TwoFactorRememberMe signed out.
2025-11-06 12:03:14.844 +01:00 [INF] Identity.Application was not authenticated. Failure message: No principal.
2025-11-06 12:03:14.849 +01:00 [INF] Authorization failed. These requirements were not met:
DenyAnonymousAuthorizationRequirement: Requires an authenticated user.
2025-11-06 12:03:14.851 +01:00 [INF] AuthenticationScheme: Identity.Application was challenged.
2025-11-06 12:03:14.865 +01:00 [INF] Request finished HTTP/2 GET https://localhost:7025/ - 302 0 null 106.8362ms
2025-11-06 12:03:14.925 +01:00 [INF] Request starting HTTP/2 GET https://localhost:7025/Identity/Account/Login?ReturnUrl=%2F - null null
2025-11-06 12:03:14.945 +01:00 [INF] Executing endpoint '/Account/Login'
2025-11-06 12:03:14.961 +01:00 [INF] Route matched with {page = "/Account/Login", area = "Identity", action = "", controller = ""}. Executing page /Account/Login
2025-11-06 12:03:14.972 +01:00 [INF] Executing handler method Jam.Areas.Identity.Pages.Account.LoginModel.OnGetAsync - ModelState is "Valid"
2025-11-06 12:03:14.974 +01:00 [INF] AuthenticationScheme: Identity.External signed out.
2025-11-06 12:03:14.974 +01:00 [INF] Executed handler method OnGetAsync, returned result .
2025-11-06 12:03:14.976 +01:00 [INF] Executing an implicit handler method - ModelState is "Valid"
2025-11-06 12:03:14.976 +01:00 [INF] Executed an implicit handler method, returned result Microsoft.AspNetCore.Mvc.RazorPages.PageResult.
2025-11-06 12:03:15.066 +01:00 [INF] Executed page /Account/Login in 101.6441ms
2025-11-06 12:03:15.067 +01:00 [INF] Executed endpoint '/Account/Login'
2025-11-06 12:03:15.071 +01:00 [INF] Request finished HTTP/2 GET https://localhost:7025/Identity/Account/Login?ReturnUrl=%2F - 200 null text/html; charset=utf-8 146.1243ms
2025-11-06 12:03:15.114 +01:00 [INF] Request starting HTTP/2 GET https://localhost:7025/lib/jquery-validation/dist/jquery.validate.min.js - null null
2025-11-06 12:03:15.138 +01:00 [INF] Request starting HTTP/2 GET https://localhost:7025/lib/jquery-validation-unobtrusive/jquery.validate.unobtrusive.min.js - null null
2025-11-06 12:03:15.142 +01:00 [INF] Request starting HTTP/2 GET https://localhost:7025/js/jquery.validate.unobtrusive.js - null null
2025-11-06 12:03:15.142 +01:00 [INF] Request starting HTTP/2 GET https://localhost:7025/js/jquery.validate.js - null null
2025-11-06 12:03:15.167 +01:00 [INF] Request finished HTTP/2 GET https://localhost:7025/lib/jquery-validation-unobtrusive/jquery.validate.unobtrusive.min.js - 404 0 null 29.4902ms
2025-11-06 12:03:15.167 +01:00 [INF] Request finished HTTP/2 GET https://localhost:7025/lib/jquery-validation/dist/jquery.validate.min.js - 404 0 null 53.2179ms
2025-11-06 12:03:15.168 +01:00 [INF] Request reached the end of the middleware pipeline without being handled by application code. Request path: GET https://localhost:7025/lib/jquery-validation-unobtrusive/jquery.validate.unobtrusive.min.js, Response status code: 404
2025-11-06 12:03:15.168 +01:00 [INF] Request reached the end of the middleware pipeline without being handled by application code. Request path: GET https://localhost:7025/lib/jquery-validation/dist/jquery.validate.min.js, Response status code: 404
2025-11-06 12:03:15.170 +01:00 [INF] The file /js/jquery.validate.unobtrusive.js was not modified
2025-11-06 12:03:15.170 +01:00 [INF] The file /js/jquery.validate.js was not modified
2025-11-06 12:03:15.170 +01:00 [INF] Request finished HTTP/2 GET https://localhost:7025/js/jquery.validate.unobtrusive.js - 304 null text/javascript 28.4826ms
2025-11-06 12:03:15.170 +01:00 [INF] Request finished HTTP/2 GET https://localhost:7025/js/jquery.validate.js - 304 null text/javascript 28.6366ms
2025-11-06 12:03:31.229 +01:00 [INF] Request starting HTTP/2 POST https://localhost:7025/Identity/Account/Login?ReturnUrl=%2F - application/x-www-form-urlencoded 236
2025-11-06 12:03:31.243 +01:00 [INF] Executing endpoint '/Account/Login'
2025-11-06 12:03:31.246 +01:00 [INF] Route matched with {page = "/Account/Login", area = "Identity", action = "", controller = ""}. Executing page /Account/Login
2025-11-06 12:03:31.276 +01:00 [INF] Executing handler method Jam.Areas.Identity.Pages.Account.LoginModel.OnPostAsync - ModelState is "Valid"
2025-11-06 12:03:31.394 +01:00 [INF] AuthenticationScheme: Identity.Application signed in.
2025-11-06 12:03:31.395 +01:00 [INF] User logged in.
2025-11-06 12:03:31.396 +01:00 [INF] Executed handler method OnPostAsync, returned result Microsoft.AspNetCore.Mvc.LocalRedirectResult.
2025-11-06 12:03:31.396 +01:00 [INF] Executing LocalRedirectResult, redirecting to /.
2025-11-06 12:03:31.397 +01:00 [INF] Executed page /Account/Login in 150.7735ms
2025-11-06 12:03:31.397 +01:00 [INF] Executed endpoint '/Account/Login'
2025-11-06 12:03:31.397 +01:00 [INF] Request finished HTTP/2 POST https://localhost:7025/Identity/Account/Login?ReturnUrl=%2F - 302 0 null 242.1356ms
2025-11-06 12:03:31.402 +01:00 [INF] Request starting HTTP/2 GET https://localhost:7025/ - null null
2025-11-06 12:03:31.403 +01:00 [INF] Executing endpoint 'Jam.Controllers.HomeController.Index (Jam)'
2025-11-06 12:03:31.408 +01:00 [INF] Route matched with {action = "Index", controller = "Home", page = "", area = ""}. Executing controller action with signature System.Threading.Tasks.Task`1[Microsoft.AspNetCore.Mvc.IActionResult] Index() on controller Jam.Controllers.HomeController (Jam).
2025-11-06 12:03:31.559 +01:00 [INF] Executing ViewResult, running view Index.
2025-11-06 12:03:31.585 +01:00 [INF] Executed ViewResult - view Index executed in 40.486ms.
2025-11-06 12:03:31.610 +01:00 [INF] Executed action Jam.Controllers.HomeController.Index (Jam) in 202.3348ms
2025-11-06 12:03:31.610 +01:00 [INF] Executed endpoint 'Jam.Controllers.HomeController.Index (Jam)'
2025-11-06 12:03:31.611 +01:00 [INF] Request finished HTTP/2 GET https://localhost:7025/ - 200 null text/html; charset=utf-8 209.4934ms
2025-11-06 12:04:03.206 +01:00 [INF] Request starting HTTP/2 GET https://localhost:7025/StoryManagement/StoryDetails?storyId=1 - null null
2025-11-06 12:04:03.263 +01:00 [INF] Executing endpoint 'Jam.Controllers.StoryManagementController.StoryDetails (Jam)'
2025-11-06 12:04:03.270 +01:00 [INF] Route matched with {action = "StoryDetails", controller = "StoryManagement", page = "", area = ""}. Executing controller action with signature System.Threading.Tasks.Task`1[Microsoft.AspNetCore.Mvc.IActionResult] StoryDetails(Int32) on controller Jam.Controllers.StoryManagementController (Jam).
2025-11-06 12:04:03.287 +01:00 [INF] Executing ViewResult, running view StoryDetails.
2025-11-06 12:04:03.339 +01:00 [INF] Executed ViewResult - view StoryDetails executed in 53.2962ms.
2025-11-06 12:04:03.340 +01:00 [INF] Executed action Jam.Controllers.StoryManagementController.StoryDetails (Jam) in 70.4295ms
2025-11-06 12:04:03.340 +01:00 [INF] Executed endpoint 'Jam.Controllers.StoryManagementController.StoryDetails (Jam)'
2025-11-06 12:04:03.341 +01:00 [INF] Request finished HTTP/2 GET https://localhost:7025/StoryManagement/StoryDetails?storyId=1 - 200 null text/html; charset=utf-8 135.3173ms
2025-11-06 12:04:30.788 +01:00 [INF] Request starting HTTP/2 GET https://localhost:7025/ - null null
2025-11-06 12:04:30.799 +01:00 [INF] Executing endpoint 'Jam.Controllers.HomeController.Index (Jam)'
2025-11-06 12:04:30.800 +01:00 [INF] Route matched with {action = "Index", controller = "Home", page = "", area = ""}. Executing controller action with signature System.Threading.Tasks.Task`1[Microsoft.AspNetCore.Mvc.IActionResult] Index() on controller Jam.Controllers.HomeController (Jam).
2025-11-06 12:04:30.816 +01:00 [INF] Executing ViewResult, running view Index.
2025-11-06 12:04:30.894 +01:00 [INF] Executed ViewResult - view Index executed in 78.253ms.
2025-11-06 12:04:30.944 +01:00 [INF] Executed action Jam.Controllers.HomeController.Index (Jam) in 144.0705ms
2025-11-06 12:04:30.969 +01:00 [INF] Executed endpoint 'Jam.Controllers.HomeController.Index (Jam)'
2025-11-06 12:04:30.970 +01:00 [INF] Request finished HTTP/2 GET https://localhost:7025/ - 200 null text/html; charset=utf-8 202.9155ms
2025-11-06 12:04:33.437 +01:00 [INF] Request starting HTTP/2 GET https://localhost:7025/StoryManagement/StoryDetails?storyId=1 - null null
2025-11-06 12:04:33.466 +01:00 [INF] Executing endpoint 'Jam.Controllers.StoryManagementController.StoryDetails (Jam)'
2025-11-06 12:04:33.466 +01:00 [INF] Route matched with {action = "StoryDetails", controller = "StoryManagement", page = "", area = ""}. Executing controller action with signature System.Threading.Tasks.Task`1[Microsoft.AspNetCore.Mvc.IActionResult] StoryDetails(Int32) on controller Jam.Controllers.StoryManagementController (Jam).
2025-11-06 12:04:33.471 +01:00 [INF] Executing ViewResult, running view StoryDetails.
2025-11-06 12:04:33.527 +01:00 [INF] Executed ViewResult - view StoryDetails executed in 56.4111ms.
2025-11-06 12:04:33.528 +01:00 [INF] Executed action Jam.Controllers.StoryManagementController.StoryDetails (Jam) in 61.5082ms
2025-11-06 12:04:33.528 +01:00 [INF] Executed endpoint 'Jam.Controllers.StoryManagementController.StoryDetails (Jam)'
2025-11-06 12:04:33.529 +01:00 [INF] Request finished HTTP/2 GET https://localhost:7025/StoryManagement/StoryDetails?storyId=1 - 200 null text/html; charset=utf-8 91.9043ms
2025-11-06 12:04:38.348 +01:00 [INF] Request starting HTTP/2 GET https://localhost:7025/ - null null
2025-11-06 12:04:38.352 +01:00 [INF] Executing endpoint 'Jam.Controllers.HomeController.Index (Jam)'
2025-11-06 12:04:38.352 +01:00 [INF] Route matched with {action = "Index", controller = "Home", page = "", area = ""}. Executing controller action with signature System.Threading.Tasks.Task`1[Microsoft.AspNetCore.Mvc.IActionResult] Index() on controller Jam.Controllers.HomeController (Jam).
2025-11-06 12:04:38.362 +01:00 [INF] Executing ViewResult, running view Index.
2025-11-06 12:04:38.418 +01:00 [INF] Executed ViewResult - view Index executed in 56.0597ms.
2025-11-06 12:04:38.419 +01:00 [INF] Executed action Jam.Controllers.HomeController.Index (Jam) in 66.8228ms
2025-11-06 12:04:38.419 +01:00 [INF] Executed endpoint 'Jam.Controllers.HomeController.Index (Jam)'
2025-11-06 12:04:38.419 +01:00 [INF] Request finished HTTP/2 GET https://localhost:7025/ - 200 null text/html; charset=utf-8 70.9283ms
2025-11-06 12:04:39.746 +01:00 [INF] Request starting HTTP/2 GET https://localhost:7025/StoryCreation/CreateStoryAndIntro - null null
2025-11-06 12:04:39.774 +01:00 [INF] Executing endpoint 'Jam.Controllers.StoryCreationController.CreateStoryAndIntro (Jam)'
2025-11-06 12:04:39.778 +01:00 [INF] Route matched with {action = "CreateStoryAndIntro", controller = "StoryCreation", page = "", area = ""}. Executing controller action with signature Microsoft.AspNetCore.Mvc.IActionResult CreateStoryAndIntro() on controller Jam.Controllers.StoryCreationController (Jam).
2025-11-06 12:04:39.781 +01:00 [INF] Accessing expired session, Key:3be7d2fd-c41a-b817-1826-9b98a558bcb4
2025-11-06 12:04:39.788 +01:00 [INF] Executing ViewResult, running view CreateStoryAndIntro.
2025-11-06 12:04:39.844 +01:00 [INF] Executed ViewResult - view CreateStoryAndIntro executed in 57.1228ms.
2025-11-06 12:04:39.870 +01:00 [INF] Executed action Jam.Controllers.StoryCreationController.CreateStoryAndIntro (Jam) in 92.563ms
2025-11-06 12:04:39.896 +01:00 [INF] Executed endpoint 'Jam.Controllers.StoryCreationController.CreateStoryAndIntro (Jam)'
2025-11-06 12:04:39.896 +01:00 [INF] Request finished HTTP/2 GET https://localhost:7025/StoryCreation/CreateStoryAndIntro - 200 null text/html; charset=utf-8 149.734ms
2025-11-06 12:04:48.004 +01:00 [INF] Request starting HTTP/2 POST https://localhost:7025/StoryCreation/CreateStoryAndIntro - application/x-www-form-urlencoded 312
2025-11-06 12:04:48.009 +01:00 [INF] Executing endpoint 'Jam.Controllers.StoryCreationController.CreateStoryAndIntro (Jam)'
2025-11-06 12:04:48.015 +01:00 [INF] Route matched with {action = "CreateStoryAndIntro", controller = "StoryCreation", page = "", area = ""}. Executing controller action with signature Microsoft.AspNetCore.Mvc.IActionResult CreateStoryAndIntro(Jam.ViewModels.StoryCreation.CreateStoryAndIntroViewModel) on controller Jam.Controllers.StoryCreationController (Jam).
2025-11-06 12:04:48.020 +01:00 [INF] Accessing expired session, Key:3be7d2fd-c41a-b817-1826-9b98a558bcb4
2025-11-06 12:04:48.044 +01:00 [INF] Executing RedirectResult, redirecting to /StoryCreation/CreateQuestionScenes.
2025-11-06 12:04:48.044 +01:00 [INF] Executed action Jam.Controllers.StoryCreationController.CreateStoryAndIntro (Jam) in 28.6977ms
2025-11-06 12:04:48.044 +01:00 [INF] Executed endpoint 'Jam.Controllers.StoryCreationController.CreateStoryAndIntro (Jam)'
2025-11-06 12:04:48.044 +01:00 [INF] Session started; Key:3be7d2fd-c41a-b817-1826-9b98a558bcb4, Id:763203a8-352e-e28b-b67a-58f477cbfdb2
2025-11-06 12:04:48.045 +01:00 [INF] Request finished HTTP/2 POST https://localhost:7025/StoryCreation/CreateStoryAndIntro - 302 0 null 40.4575ms
2025-11-06 12:04:48.047 +01:00 [INF] Request starting HTTP/2 GET https://localhost:7025/StoryCreation/CreateQuestionScenes - null null
2025-11-06 12:04:48.048 +01:00 [INF] Executing endpoint 'Jam.Controllers.StoryCreationController.CreateQuestionScenes (Jam)'
2025-11-06 12:04:48.048 +01:00 [INF] Route matched with {action = "CreateQuestionScenes", controller = "StoryCreation", page = "", area = ""}. Executing controller action with signature Microsoft.AspNetCore.Mvc.IActionResult CreateQuestionScenes() on controller Jam.Controllers.StoryCreationController (Jam).
2025-11-06 12:04:48.052 +01:00 [INF] Executing ViewResult, running view CreateQuestionScenes.
2025-11-06 12:04:48.117 +01:00 [INF] Executed ViewResult - view CreateQuestionScenes executed in 65.1244ms.
2025-11-06 12:04:48.142 +01:00 [INF] Executed action Jam.Controllers.StoryCreationController.CreateQuestionScenes (Jam) in 93.749ms
2025-11-06 12:04:48.193 +01:00 [INF] Executed endpoint 'Jam.Controllers.StoryCreationController.CreateQuestionScenes (Jam)'
2025-11-06 12:04:48.193 +01:00 [INF] Request finished HTTP/2 GET https://localhost:7025/StoryCreation/CreateQuestionScenes - 200 null text/html; charset=utf-8 146.235ms
2025-11-06 12:05:42.813 +01:00 [INF] Request starting HTTP/2 POST https://localhost:7025/StoryCreation/CreateQuestionScenes - application/x-www-form-urlencoded 816
2025-11-06 12:05:42.820 +01:00 [INF] Executing endpoint 'Jam.Controllers.StoryCreationController.CreateQuestionScenes (Jam)'
2025-11-06 12:05:42.830 +01:00 [INF] Route matched with {action = "CreateQuestionScenes", controller = "StoryCreation", page = "", area = ""}. Executing controller action with signature Microsoft.AspNetCore.Mvc.IActionResult CreateQuestionScenes(Jam.ViewModels.StoryCreation.CreateMultipleQuestionScenesViewModel, System.String) on controller Jam.Controllers.StoryCreationController (Jam).
2025-11-06 12:05:42.842 +01:00 [INF] Executing RedirectResult, redirecting to /StoryCreation/CreateStoryAndIntro.
2025-11-06 12:05:42.842 +01:00 [INF] Executed action Jam.Controllers.StoryCreationController.CreateQuestionScenes (Jam) in 12.1929ms
2025-11-06 12:05:42.842 +01:00 [INF] Executed endpoint 'Jam.Controllers.StoryCreationController.CreateQuestionScenes (Jam)'
2025-11-06 12:05:42.843 +01:00 [INF] Request finished HTTP/2 POST https://localhost:7025/StoryCreation/CreateQuestionScenes - 302 0 null 30.5934ms
2025-11-06 12:05:42.873 +01:00 [INF] Request starting HTTP/2 GET https://localhost:7025/StoryCreation/CreateStoryAndIntro - null null
2025-11-06 12:05:42.874 +01:00 [INF] Executing endpoint 'Jam.Controllers.StoryCreationController.CreateStoryAndIntro (Jam)'
2025-11-06 12:05:42.874 +01:00 [INF] Route matched with {action = "CreateStoryAndIntro", controller = "StoryCreation", page = "", area = ""}. Executing controller action with signature Microsoft.AspNetCore.Mvc.IActionResult CreateStoryAndIntro() on controller Jam.Controllers.StoryCreationController (Jam).
2025-11-06 12:05:42.876 +01:00 [INF] Executing ViewResult, running view CreateStoryAndIntro.
2025-11-06 12:05:42.951 +01:00 [INF] Executed ViewResult - view CreateStoryAndIntro executed in 75.1397ms.
2025-11-06 12:05:43.005 +01:00 [INF] Executed action Jam.Controllers.StoryCreationController.CreateStoryAndIntro (Jam) in 130.4342ms
2025-11-06 12:05:43.005 +01:00 [INF] Executed endpoint 'Jam.Controllers.StoryCreationController.CreateStoryAndIntro (Jam)'
2025-11-06 12:05:43.008 +01:00 [INF] Request finished HTTP/2 GET https://localhost:7025/StoryCreation/CreateStoryAndIntro - 200 null text/html; charset=utf-8 134.7494ms
2025-11-06 12:06:01.973 +01:00 [INF] Request starting HTTP/2 POST https://localhost:7025/StoryCreation/CreateStoryAndIntro - application/x-www-form-urlencoded 312
2025-11-06 12:06:01.998 +01:00 [INF] Executing endpoint 'Jam.Controllers.StoryCreationController.CreateStoryAndIntro (Jam)'
2025-11-06 12:06:01.998 +01:00 [INF] Route matched with {action = "CreateStoryAndIntro", controller = "StoryCreation", page = "", area = ""}. Executing controller action with signature Microsoft.AspNetCore.Mvc.IActionResult CreateStoryAndIntro(Jam.ViewModels.StoryCreation.CreateStoryAndIntroViewModel) on controller Jam.Controllers.StoryCreationController (Jam).
2025-11-06 12:06:02.000 +01:00 [INF] Executing RedirectResult, redirecting to /StoryCreation/CreateQuestionScenes.
2025-11-06 12:06:02.001 +01:00 [INF] Executed action Jam.Controllers.StoryCreationController.CreateStoryAndIntro (Jam) in 2.3627ms
2025-11-06 12:06:02.001 +01:00 [INF] Executed endpoint 'Jam.Controllers.StoryCreationController.CreateStoryAndIntro (Jam)'
2025-11-06 12:06:02.001 +01:00 [INF] Request finished HTTP/2 POST https://localhost:7025/StoryCreation/CreateStoryAndIntro - 302 0 null 28.4842ms
2025-11-06 12:06:02.029 +01:00 [INF] Request starting HTTP/2 GET https://localhost:7025/StoryCreation/CreateQuestionScenes - null null
2025-11-06 12:06:02.032 +01:00 [INF] Executing endpoint 'Jam.Controllers.StoryCreationController.CreateQuestionScenes (Jam)'
2025-11-06 12:06:02.032 +01:00 [INF] Route matched with {action = "CreateQuestionScenes", controller = "StoryCreation", page = "", area = ""}. Executing controller action with signature Microsoft.AspNetCore.Mvc.IActionResult CreateQuestionScenes() on controller Jam.Controllers.StoryCreationController (Jam).
2025-11-06 12:06:02.034 +01:00 [INF] Executing ViewResult, running view CreateQuestionScenes.
2025-11-06 12:06:02.071 +01:00 [INF] Executed ViewResult - view CreateQuestionScenes executed in 36.7845ms.
2025-11-06 12:06:02.114 +01:00 [INF] Executed action Jam.Controllers.StoryCreationController.CreateQuestionScenes (Jam) in 82.2952ms
2025-11-06 12:06:02.165 +01:00 [INF] Executed endpoint 'Jam.Controllers.StoryCreationController.CreateQuestionScenes (Jam)'
2025-11-06 12:06:02.166 +01:00 [INF] Request finished HTTP/2 GET https://localhost:7025/StoryCreation/CreateQuestionScenes - 200 null text/html; charset=utf-8 137.1169ms
2025-11-06 12:06:06.562 +01:00 [INF] Request starting HTTP/2 POST https://localhost:7025/StoryCreation/CreateQuestionScenes - application/x-www-form-urlencoded 816
2025-11-06 12:06:06.689 +01:00 [INF] Executing endpoint 'Jam.Controllers.StoryCreationController.CreateQuestionScenes (Jam)'
2025-11-06 12:06:06.689 +01:00 [INF] Route matched with {action = "CreateQuestionScenes", controller = "StoryCreation", page = "", area = ""}. Executing controller action with signature Microsoft.AspNetCore.Mvc.IActionResult CreateQuestionScenes(Jam.ViewModels.StoryCreation.CreateMultipleQuestionScenesViewModel, System.String) on controller Jam.Controllers.StoryCreationController (Jam).
2025-11-06 12:06:06.692 +01:00 [INF] Executing RedirectResult, redirecting to /StoryCreation/CreateEndingScenes.
2025-11-06 12:06:06.692 +01:00 [INF] Executed action Jam.Controllers.StoryCreationController.CreateQuestionScenes (Jam) in 2.6458ms
2025-11-06 12:06:06.692 +01:00 [INF] Executed endpoint 'Jam.Controllers.StoryCreationController.CreateQuestionScenes (Jam)'
2025-11-06 12:06:06.692 +01:00 [INF] Request finished HTTP/2 POST https://localhost:7025/StoryCreation/CreateQuestionScenes - 302 0 null 130.6876ms
2025-11-06 12:06:06.697 +01:00 [INF] Request starting HTTP/2 GET https://localhost:7025/StoryCreation/CreateEndingScenes - null null
2025-11-06 12:06:06.697 +01:00 [INF] Executing endpoint 'Jam.Controllers.StoryCreationController.CreateEndingScenes (Jam)'
2025-11-06 12:06:06.699 +01:00 [INF] Route matched with {action = "CreateEndingScenes", controller = "StoryCreation", page = "", area = ""}. Executing controller action with signature Microsoft.AspNetCore.Mvc.IActionResult CreateEndingScenes(System.Nullable`1[System.Int32]) on controller Jam.Controllers.StoryCreationController (Jam).
2025-11-06 12:06:06.701 +01:00 [INF] Executing ViewResult, running view CreateEndingScenes.
2025-11-06 12:06:06.719 +01:00 [INF] Executed ViewResult - view CreateEndingScenes executed in 18.176ms.
2025-11-06 12:06:06.743 +01:00 [INF] Executed action Jam.Controllers.StoryCreationController.CreateEndingScenes (Jam) in 19.9317ms
2025-11-06 12:06:06.769 +01:00 [INF] Executed endpoint 'Jam.Controllers.StoryCreationController.CreateEndingScenes (Jam)'
2025-11-06 12:06:06.769 +01:00 [INF] Request finished HTTP/2 GET https://localhost:7025/StoryCreation/CreateEndingScenes - 200 null text/html; charset=utf-8 72.2321ms
2025-11-06 12:06:10.964 +01:00 [INF] Request starting HTTP/2 GET https://localhost:7025/StoryCreation/CreateQuestionScenes - null null
2025-11-06 12:06:10.966 +01:00 [INF] Executing endpoint 'Jam.Controllers.StoryCreationController.CreateQuestionScenes (Jam)'
2025-11-06 12:06:10.967 +01:00 [INF] Route matched with {action = "CreateQuestionScenes", controller = "StoryCreation", page = "", area = ""}. Executing controller action with signature Microsoft.AspNetCore.Mvc.IActionResult CreateQuestionScenes() on controller Jam.Controllers.StoryCreationController (Jam).
2025-11-06 12:06:10.967 +01:00 [INF] Executing ViewResult, running view CreateQuestionScenes.
2025-11-06 12:06:11.049 +01:00 [INF] Executed ViewResult - view CreateQuestionScenes executed in 82.046ms.
2025-11-06 12:06:11.076 +01:00 [INF] Executed action Jam.Controllers.StoryCreationController.CreateQuestionScenes (Jam) in 83.8146ms
2025-11-06 12:06:11.101 +01:00 [INF] Executed endpoint 'Jam.Controllers.StoryCreationController.CreateQuestionScenes (Jam)'
2025-11-06 12:06:11.126 +01:00 [INF] Request finished HTTP/2 GET https://localhost:7025/StoryCreation/CreateQuestionScenes - 200 null text/html; charset=utf-8 185.7429ms
2025-11-06 12:06:14.373 +01:00 [INF] Request starting HTTP/2 POST https://localhost:7025/StoryCreation/CreateQuestionScenes - application/x-www-form-urlencoded 816
2025-11-06 12:06:14.424 +01:00 [INF] Executing endpoint 'Jam.Controllers.StoryCreationController.CreateQuestionScenes (Jam)'
2025-11-06 12:06:14.424 +01:00 [INF] Route matched with {action = "CreateQuestionScenes", controller = "StoryCreation", page = "", area = ""}. Executing controller action with signature Microsoft.AspNetCore.Mvc.IActionResult CreateQuestionScenes(Jam.ViewModels.StoryCreation.CreateMultipleQuestionScenesViewModel, System.String) on controller Jam.Controllers.StoryCreationController (Jam).
2025-11-06 12:06:14.427 +01:00 [INF] Executing RedirectResult, redirecting to /StoryCreation/CreateEndingScenes.
2025-11-06 12:06:14.427 +01:00 [INF] Executed action Jam.Controllers.StoryCreationController.CreateQuestionScenes (Jam) in 2.594ms
2025-11-06 12:06:14.427 +01:00 [INF] Executed endpoint 'Jam.Controllers.StoryCreationController.CreateQuestionScenes (Jam)'
2025-11-06 12:06:14.427 +01:00 [INF] Request finished HTTP/2 POST https://localhost:7025/StoryCreation/CreateQuestionScenes - 302 0 null 76.7799ms
2025-11-06 12:06:14.456 +01:00 [INF] Request starting HTTP/2 GET https://localhost:7025/StoryCreation/CreateEndingScenes - null null
2025-11-06 12:06:14.479 +01:00 [INF] Executing endpoint 'Jam.Controllers.StoryCreationController.CreateEndingScenes (Jam)'
2025-11-06 12:06:14.480 +01:00 [INF] Route matched with {action = "CreateEndingScenes", controller = "StoryCreation", page = "", area = ""}. Executing controller action with signature Microsoft.AspNetCore.Mvc.IActionResult CreateEndingScenes(System.Nullable`1[System.Int32]) on controller Jam.Controllers.StoryCreationController (Jam).
2025-11-06 12:06:14.480 +01:00 [INF] Executing ViewResult, running view CreateEndingScenes.
2025-11-06 12:06:14.537 +01:00 [INF] Executed ViewResult - view CreateEndingScenes executed in 30.6592ms.
2025-11-06 12:06:14.584 +01:00 [INF] Executed action Jam.Controllers.StoryCreationController.CreateEndingScenes (Jam) in 103.6739ms
2025-11-06 12:06:14.584 +01:00 [INF] Executed endpoint 'Jam.Controllers.StoryCreationController.CreateEndingScenes (Jam)'
2025-11-06 12:06:14.584 +01:00 [INF] Request finished HTTP/2 GET https://localhost:7025/StoryCreation/CreateEndingScenes - 200 null text/html; charset=utf-8 128.4058ms
2025-11-06 12:06:18.627 +01:00 [INF] Request starting HTTP/2 GET https://localhost:7025/StoryCreation/CreateQuestionScenes - null null
2025-11-06 12:06:18.629 +01:00 [INF] Executing endpoint 'Jam.Controllers.StoryCreationController.CreateQuestionScenes (Jam)'
2025-11-06 12:06:18.629 +01:00 [INF] Route matched with {action = "CreateQuestionScenes", controller = "StoryCreation", page = "", area = ""}. Executing controller action with signature Microsoft.AspNetCore.Mvc.IActionResult CreateQuestionScenes() on controller Jam.Controllers.StoryCreationController (Jam).
2025-11-06 12:06:18.630 +01:00 [INF] Executing ViewResult, running view CreateQuestionScenes.
2025-11-06 12:06:18.689 +01:00 [INF] Executed ViewResult - view CreateQuestionScenes executed in 33.664ms.
2025-11-06 12:06:18.740 +01:00 [INF] Executed action Jam.Controllers.StoryCreationController.CreateQuestionScenes (Jam) in 85.2922ms
2025-11-06 12:06:18.741 +01:00 [INF] Executed endpoint 'Jam.Controllers.StoryCreationController.CreateQuestionScenes (Jam)'
2025-11-06 12:06:18.741 +01:00 [INF] Request finished HTTP/2 GET https://localhost:7025/StoryCreation/CreateQuestionScenes - 200 null text/html; charset=utf-8 113.8607ms
2025-11-06 12:06:20.986 +01:00 [INF] Request starting HTTP/2 POST https://localhost:7025/StoryCreation/CreateQuestionScenes - application/x-www-form-urlencoded 816
2025-11-06 12:06:20.989 +01:00 [INF] Executing endpoint 'Jam.Controllers.StoryCreationController.CreateQuestionScenes (Jam)'
2025-11-06 12:06:20.989 +01:00 [INF] Route matched with {action = "CreateQuestionScenes", controller = "StoryCreation", page = "", area = ""}. Executing controller action with signature Microsoft.AspNetCore.Mvc.IActionResult CreateQuestionScenes(Jam.ViewModels.StoryCreation.CreateMultipleQuestionScenesViewModel, System.String) on controller Jam.Controllers.StoryCreationController (Jam).
2025-11-06 12:06:20.991 +01:00 [INF] Executing RedirectResult, redirecting to /StoryCreation/CreateEndingScenes.
2025-11-06 12:06:20.991 +01:00 [INF] Executed action Jam.Controllers.StoryCreationController.CreateQuestionScenes (Jam) in 2.0517ms
2025-11-06 12:06:20.991 +01:00 [INF] Executed endpoint 'Jam.Controllers.StoryCreationController.CreateQuestionScenes (Jam)'
2025-11-06 12:06:20.991 +01:00 [INF] Request finished HTTP/2 POST https://localhost:7025/StoryCreation/CreateQuestionScenes - 302 0 null 5.4808ms
2025-11-06 12:06:20.996 +01:00 [INF] Request starting HTTP/2 GET https://localhost:7025/StoryCreation/CreateEndingScenes - null null
2025-11-06 12:06:20.997 +01:00 [INF] Executing endpoint 'Jam.Controllers.StoryCreationController.CreateEndingScenes (Jam)'
2025-11-06 12:06:20.998 +01:00 [INF] Route matched with {action = "CreateEndingScenes", controller = "StoryCreation", page = "", area = ""}. Executing controller action with signature Microsoft.AspNetCore.Mvc.IActionResult CreateEndingScenes(System.Nullable`1[System.Int32]) on controller Jam.Controllers.StoryCreationController (Jam).
2025-11-06 12:06:20.998 +01:00 [INF] Executing ViewResult, running view CreateEndingScenes.
2025-11-06 12:06:21.025 +01:00 [INF] Executed ViewResult - view CreateEndingScenes executed in 4.3565ms.
2025-11-06 12:06:21.050 +01:00 [INF] Executed action Jam.Controllers.StoryCreationController.CreateEndingScenes (Jam) in 27.2772ms
2025-11-06 12:06:21.050 +01:00 [INF] Executed endpoint 'Jam.Controllers.StoryCreationController.CreateEndingScenes (Jam)'
2025-11-06 12:06:21.051 +01:00 [INF] Request finished HTTP/2 GET https://localhost:7025/StoryCreation/CreateEndingScenes - 200 null text/html; charset=utf-8 54.5776ms
2025-11-06 12:06:29.912 +01:00 [INF] Request starting HTTP/2 POST https://localhost:7025/StoryCreation/CreateEndingScenes - application/x-www-form-urlencoded 286
2025-11-06 12:06:29.914 +01:00 [INF] Executing endpoint 'Jam.Controllers.StoryCreationController.CreateEndingScenes (Jam)'
2025-11-06 12:06:29.919 +01:00 [INF] Route matched with {action = "CreateEndingScenes", controller = "StoryCreation", page = "", area = ""}. Executing controller action with signature System.Threading.Tasks.Task`1[Microsoft.AspNetCore.Mvc.IActionResult] CreateEndingScenes(Jam.ViewModels.Shared.EndingScenesViewModel) on controller Jam.Controllers.StoryCreationController (Jam).
2025-11-06 12:06:29.955 +01:00 [INF] Executing RedirectResult, redirecting to /.
2025-11-06 12:06:29.956 +01:00 [INF] Executed action Jam.Controllers.StoryCreationController.CreateEndingScenes (Jam) in 37.6661ms
2025-11-06 12:06:29.956 +01:00 [INF] Executed endpoint 'Jam.Controllers.StoryCreationController.CreateEndingScenes (Jam)'
2025-11-06 12:06:29.957 +01:00 [INF] Request finished HTTP/2 POST https://localhost:7025/StoryCreation/CreateEndingScenes - 302 0 null 44.4824ms
2025-11-06 12:06:29.986 +01:00 [INF] Request starting HTTP/2 GET https://localhost:7025/ - null null
2025-11-06 12:06:29.986 +01:00 [INF] Executing endpoint 'Jam.Controllers.HomeController.Index (Jam)'
2025-11-06 12:06:29.987 +01:00 [INF] Route matched with {action = "Index", controller = "Home", page = "", area = ""}. Executing controller action with signature System.Threading.Tasks.Task`1[Microsoft.AspNetCore.Mvc.IActionResult] Index() on controller Jam.Controllers.HomeController (Jam).
2025-11-06 12:06:30.016 +01:00 [INF] Executing ViewResult, running view Index.
2025-11-06 12:06:30.017 +01:00 [INF] Executed ViewResult - view Index executed in 1.237ms.
2025-11-06 12:06:30.042 +01:00 [INF] Executed action Jam.Controllers.HomeController.Index (Jam) in 55.1178ms
2025-11-06 12:06:30.042 +01:00 [INF] Executed endpoint 'Jam.Controllers.HomeController.Index (Jam)'
2025-11-06 12:06:30.043 +01:00 [INF] Request finished HTTP/2 GET https://localhost:7025/ - 200 null text/html; charset=utf-8 57.1325ms
2025-11-06 12:06:35.528 +01:00 [INF] Request starting HTTP/2 GET https://localhost:7025/StoryPlaying/SelectStory - null null
2025-11-06 12:06:35.552 +01:00 [INF] Executing endpoint 'Jam.Controllers.StoryPlayingController.SelectStory (Jam)'
2025-11-06 12:06:35.556 +01:00 [INF] Route matched with {action = "SelectStory", controller = "StoryPlaying", page = "", area = ""}. Executing controller action with signature System.Threading.Tasks.Task`1[Microsoft.AspNetCore.Mvc.IActionResult] SelectStory() on controller Jam.Controllers.StoryPlayingController (Jam).
2025-11-06 12:06:35.573 +01:00 [INF] Executing ViewResult, running view SelectStory.
2025-11-06 12:06:35.579 +01:00 [INF] Executed ViewResult - view SelectStory executed in 6.0554ms.
2025-11-06 12:06:35.652 +01:00 [INF] Executed action Jam.Controllers.StoryPlayingController.SelectStory (Jam) in 96.2285ms
2025-11-06 12:06:35.652 +01:00 [INF] Executed endpoint 'Jam.Controllers.StoryPlayingController.SelectStory (Jam)'
2025-11-06 12:06:35.653 +01:00 [INF] Request finished HTTP/2 GET https://localhost:7025/StoryPlaying/SelectStory - 200 null text/html; charset=utf-8 147.1586ms
2025-11-06 12:06:39.638 +01:00 [INF] Request starting HTTP/2 GET https://localhost:7025/StoryPlaying/StartStory?storyId=1 - null null
2025-11-06 12:06:39.642 +01:00 [INF] Executing endpoint 'Jam.Controllers.StoryPlayingController.StartStory (Jam)'
2025-11-06 12:06:39.646 +01:00 [INF] Route matched with {action = "StartStory", controller = "StoryPlaying", page = "", area = ""}. Executing controller action with signature System.Threading.Tasks.Task`1[Microsoft.AspNetCore.Mvc.IActionResult] StartStory(Int32) on controller Jam.Controllers.StoryPlayingController (Jam).
2025-11-06 12:06:39.698 +01:00 [INF] Executing RedirectResult, redirecting to /StoryPlaying/PlayScene?sceneId=3&SceneType=Intro&sessionId=3.
2025-11-06 12:06:39.698 +01:00 [INF] Executed action Jam.Controllers.StoryPlayingController.StartStory (Jam) in 51.5288ms
2025-11-06 12:06:39.698 +01:00 [INF] Executed endpoint 'Jam.Controllers.StoryPlayingController.StartStory (Jam)'
2025-11-06 12:06:39.698 +01:00 [INF] Request finished HTTP/2 GET https://localhost:7025/StoryPlaying/StartStory?storyId=1 - 302 0 null 60.4166ms
2025-11-06 12:06:39.726 +01:00 [INF] Request starting HTTP/2 GET https://localhost:7025/StoryPlaying/PlayScene?sceneId=3&SceneType=Intro&sessionId=3 - null null
2025-11-06 12:06:39.727 +01:00 [INF] Executing endpoint 'Jam.Controllers.StoryPlayingController.PlayScene (Jam)'
2025-11-06 12:06:39.730 +01:00 [INF] Route matched with {action = "PlayScene", controller = "StoryPlaying", page = "", area = ""}. Executing controller action with signature System.Threading.Tasks.Task`1[Microsoft.AspNetCore.Mvc.IActionResult] PlayScene(Int32, Jam.Models.Enums.SceneType, Int32) on controller Jam.Controllers.StoryPlayingController (Jam).
2025-11-06 12:06:39.738 +01:00 [INF] Executing ViewResult, running view PlayScene.
2025-11-06 12:06:39.872 +01:00 [INF] Executed ViewResult - view PlayScene executed in 113.1008ms.
2025-11-06 12:06:39.872 +01:00 [INF] Executed action Jam.Controllers.StoryPlayingController.PlayScene (Jam) in 141.9755ms
2025-11-06 12:06:39.872 +01:00 [INF] Executed endpoint 'Jam.Controllers.StoryPlayingController.PlayScene (Jam)'
2025-11-06 12:06:39.921 +01:00 [INF] Request starting HTTP/2 GET https://localhost:7025/lib/jquery-validation-unobtrusive/jquery.validate.unobtrusive.min.js - null null
2025-11-06 12:06:39.921 +01:00 [INF] Request starting HTTP/2 GET https://localhost:7025/lib/jquery-validation/dist/jquery.validate.min.js - null null
2025-11-06 12:06:39.921 +01:00 [INF] Request finished HTTP/2 GET https://localhost:7025/StoryPlaying/PlayScene?sceneId=3&SceneType=Intro&sessionId=3 - 200 null text/html; charset=utf-8 194.2779ms
2025-11-06 12:06:39.921 +01:00 [INF] Request finished HTTP/2 GET https://localhost:7025/lib/jquery-validation/dist/jquery.validate.min.js - 404 0 null 0.8328ms
2025-11-06 12:06:39.922 +01:00 [INF] Request reached the end of the middleware pipeline without being handled by application code. Request path: GET https://localhost:7025/lib/jquery-validation/dist/jquery.validate.min.js, Response status code: 404
2025-11-06 12:06:39.922 +01:00 [INF] Request finished HTTP/2 GET https://localhost:7025/lib/jquery-validation-unobtrusive/jquery.validate.unobtrusive.min.js - 404 0 null 0.9909ms
2025-11-06 12:06:39.922 +01:00 [INF] Request reached the end of the middleware pipeline without being handled by application code. Request path: GET https://localhost:7025/lib/jquery-validation-unobtrusive/jquery.validate.unobtrusive.min.js, Response status code: 404
2025-11-06 12:06:51.094 +01:00 [INF] Request starting HTTP/2 GET https://localhost:7025/StoryPlaying/StartStory?storyId=2 - null null
2025-11-06 12:06:51.098 +01:00 [INF] Executing endpoint 'Jam.Controllers.StoryPlayingController.StartStory (Jam)'
2025-11-06 12:06:51.099 +01:00 [INF] Route matched with {action = "StartStory", controller = "StoryPlaying", page = "", area = ""}. Executing controller action with signature System.Threading.Tasks.Task`1[Microsoft.AspNetCore.Mvc.IActionResult] StartStory(Int32) on controller Jam.Controllers.StoryPlayingController (Jam).
2025-11-06 12:06:51.109 +01:00 [INF] Executing ViewResult, running view StartPrivateStory.
2025-11-06 12:06:51.123 +01:00 [INF] Executed ViewResult - view StartPrivateStory executed in 15.1051ms.
2025-11-06 12:06:51.123 +01:00 [INF] Executed action Jam.Controllers.StoryPlayingController.StartStory (Jam) in 24.3251ms
2025-11-06 12:06:51.123 +01:00 [INF] Executed endpoint 'Jam.Controllers.StoryPlayingController.StartStory (Jam)'
2025-11-06 12:06:51.124 +01:00 [INF] Request finished HTTP/2 GET https://localhost:7025/StoryPlaying/StartStory?storyId=2 - 200 null text/html; charset=utf-8 52.5598ms
2025-11-06 12:06:59.945 +01:00 [INF] Request starting HTTP/2 GET https://localhost:7025/StoryPlaying/StartStory?storyId=1 - null null
2025-11-06 12:06:59.948 +01:00 [INF] Executing endpoint 'Jam.Controllers.StoryPlayingController.StartStory (Jam)'
2025-11-06 12:06:59.948 +01:00 [INF] Route matched with {action = "StartStory", controller = "StoryPlaying", page = "", area = ""}. Executing controller action with signature System.Threading.Tasks.Task`1[Microsoft.AspNetCore.Mvc.IActionResult] StartStory(Int32) on controller Jam.Controllers.StoryPlayingController (Jam).
2025-11-06 12:06:59.969 +01:00 [INF] Executing RedirectResult, redirecting to /StoryPlaying/PlayScene?sceneId=3&SceneType=Intro&sessionId=4.
2025-11-06 12:06:59.969 +01:00 [INF] Executed action Jam.Controllers.StoryPlayingController.StartStory (Jam) in 21.2064ms
2025-11-06 12:06:59.969 +01:00 [INF] Executed endpoint 'Jam.Controllers.StoryPlayingController.StartStory (Jam)'
2025-11-06 12:06:59.969 +01:00 [INF] Request finished HTTP/2 GET https://localhost:7025/StoryPlaying/StartStory?storyId=1 - 302 0 null 24.2229ms
2025-11-06 12:07:00.051 +01:00 [INF] Request starting HTTP/2 GET https://localhost:7025/StoryPlaying/PlayScene?sceneId=3&SceneType=Intro&sessionId=4 - null null
2025-11-06 12:07:00.052 +01:00 [INF] Executing endpoint 'Jam.Controllers.StoryPlayingController.PlayScene (Jam)'
2025-11-06 12:07:00.052 +01:00 [INF] Route matched with {action = "PlayScene", controller = "StoryPlaying", page = "", area = ""}. Executing controller action with signature System.Threading.Tasks.Task`1[Microsoft.AspNetCore.Mvc.IActionResult] PlayScene(Int32, Jam.Models.Enums.SceneType, Int32) on controller Jam.Controllers.StoryPlayingController (Jam).
2025-11-06 12:07:00.056 +01:00 [INF] Executing ViewResult, running view PlayScene.
2025-11-06 12:07:00.109 +01:00 [INF] Executed ViewResult - view PlayScene executed in 52.7908ms.
2025-11-06 12:07:00.186 +01:00 [INF] Executed action Jam.Controllers.StoryPlayingController.PlayScene (Jam) in 134.2197ms
2025-11-06 12:07:00.210 +01:00 [INF] Executed endpoint 'Jam.Controllers.StoryPlayingController.PlayScene (Jam)'
2025-11-06 12:07:00.210 +01:00 [INF] Request starting HTTP/2 GET https://localhost:7025/lib/jquery-validation-unobtrusive/jquery.validate.unobtrusive.min.js - null null
2025-11-06 12:07:00.210 +01:00 [INF] Request starting HTTP/2 GET https://localhost:7025/lib/jquery-validation/dist/jquery.validate.min.js - null null
2025-11-06 12:07:00.265 +01:00 [INF] Request finished HTTP/2 GET https://localhost:7025/StoryPlaying/PlayScene?sceneId=3&SceneType=Intro&sessionId=4 - 200 null text/html; charset=utf-8 214.0117ms
2025-11-06 12:07:00.344 +01:00 [INF] Request finished HTTP/2 GET https://localhost:7025/lib/jquery-validation-unobtrusive/jquery.validate.unobtrusive.min.js - 404 0 null 134.1389ms
2025-11-06 12:07:00.344 +01:00 [INF] Request finished HTTP/2 GET https://localhost:7025/lib/jquery-validation/dist/jquery.validate.min.js - 404 0 null 134.1339ms
2025-11-06 12:07:00.344 +01:00 [INF] Request reached the end of the middleware pipeline without being handled by application code. Request path: GET https://localhost:7025/lib/jquery-validation-unobtrusive/jquery.validate.unobtrusive.min.js, Response status code: 404
2025-11-06 12:07:00.344 +01:00 [INF] Request reached the end of the middleware pipeline without being handled by application code. Request path: GET https://localhost:7025/lib/jquery-validation/dist/jquery.validate.min.js, Response status code: 404
2025-11-06 12:07:01.548 +01:00 [INF] Request starting HTTP/2 POST https://localhost:7025/StoryPlaying/PlayScene - application/x-www-form-urlencoded 540
2025-11-06 12:07:01.550 +01:00 [INF] Executing endpoint 'Jam.Controllers.StoryPlayingController.PlayScene (Jam)'
2025-11-06 12:07:01.566 +01:00 [INF] Route matched with {action = "PlayScene", controller = "StoryPlaying", page = "", area = ""}. Executing controller action with signature System.Threading.Tasks.Task`1[Microsoft.AspNetCore.Mvc.IActionResult] PlayScene(Jam.ViewModels.StoryPlaying.PlaySceneViewModel) on controller Jam.Controllers.StoryPlayingController (Jam).
2025-11-06 12:07:01.608 +01:00 [INF] Executing RedirectResult, redirecting to /StoryPlaying/PlayScene?sceneId=4&sceneType=Question&sessionId=4.
2025-11-06 12:07:01.608 +01:00 [INF] Executed action Jam.Controllers.StoryPlayingController.PlayScene (Jam) in 42.2589ms
2025-11-06 12:07:01.608 +01:00 [INF] Executed endpoint 'Jam.Controllers.StoryPlayingController.PlayScene (Jam)'
2025-11-06 12:07:01.608 +01:00 [INF] Request finished HTTP/2 POST https://localhost:7025/StoryPlaying/PlayScene - 302 0 null 82.0777ms
2025-11-06 12:07:01.611 +01:00 [INF] Request starting HTTP/2 GET https://localhost:7025/StoryPlaying/PlayScene?sceneId=4&sceneType=Question&sessionId=4 - null null
2025-11-06 12:07:01.612 +01:00 [INF] Executing endpoint 'Jam.Controllers.StoryPlayingController.PlayScene (Jam)'
2025-11-06 12:07:01.612 +01:00 [INF] Route matched with {action = "PlayScene", controller = "StoryPlaying", page = "", area = ""}. Executing controller action with signature System.Threading.Tasks.Task`1[Microsoft.AspNetCore.Mvc.IActionResult] PlayScene(Int32, Jam.Models.Enums.SceneType, Int32) on controller Jam.Controllers.StoryPlayingController (Jam).
2025-11-06 12:07:01.633 +01:00 [INF] Executing ViewResult, running view PlayScene.
2025-11-06 12:07:01.635 +01:00 [INF] Executed ViewResult - view PlayScene executed in 1.7334ms.
2025-11-06 12:07:01.635 +01:00 [INF] Executed action Jam.Controllers.StoryPlayingController.PlayScene (Jam) in 23.188ms
2025-11-06 12:07:01.635 +01:00 [INF] Executed endpoint 'Jam.Controllers.StoryPlayingController.PlayScene (Jam)'
2025-11-06 12:07:01.635 +01:00 [INF] Request finished HTTP/2 GET https://localhost:7025/StoryPlaying/PlayScene?sceneId=4&sceneType=Question&sessionId=4 - 200 null text/html; charset=utf-8 24.027ms
2025-11-06 12:07:01.648 +01:00 [INF] Request starting HTTP/2 GET https://localhost:7025/lib/jquery-validation/dist/jquery.validate.min.js - null null
2025-11-06 12:07:01.649 +01:00 [INF] Request finished HTTP/2 GET https://localhost:7025/lib/jquery-validation/dist/jquery.validate.min.js - 404 0 null 1.3264ms
2025-11-06 12:07:01.649 +01:00 [INF] Request reached the end of the middleware pipeline without being handled by application code. Request path: GET https://localhost:7025/lib/jquery-validation/dist/jquery.validate.min.js, Response status code: 404
2025-11-06 12:07:01.650 +01:00 [INF] Request starting HTTP/2 GET https://localhost:7025/lib/jquery-validation-unobtrusive/jquery.validate.unobtrusive.min.js - null null
2025-11-06 12:07:01.676 +01:00 [INF] Request finished HTTP/2 GET https://localhost:7025/lib/jquery-validation-unobtrusive/jquery.validate.unobtrusive.min.js - 404 0 null 26.292ms
2025-11-06 12:07:01.676 +01:00 [INF] Request reached the end of the middleware pipeline without being handled by application code. Request path: GET https://localhost:7025/lib/jquery-validation-unobtrusive/jquery.validate.unobtrusive.min.js, Response status code: 404
2025-11-06 12:07:07.292 +01:00 [INF] Request starting HTTP/2 POST https://localhost:7025/StoryPlaying/PlayScene - application/x-www-form-urlencoded 645
2025-11-06 12:07:07.295 +01:00 [INF] Executing endpoint 'Jam.Controllers.StoryPlayingController.PlayScene (Jam)'
2025-11-06 12:07:07.296 +01:00 [INF] Route matched with {action = "PlayScene", controller = "StoryPlaying", page = "", area = ""}. Executing controller action with signature System.Threading.Tasks.Task`1[Microsoft.AspNetCore.Mvc.IActionResult] PlayScene(Jam.ViewModels.StoryPlaying.PlaySceneViewModel) on controller Jam.Controllers.StoryPlayingController (Jam).
2025-11-06 12:07:07.324 +01:00 [INF] Executing RedirectResult, redirecting to /StoryPlaying/AnswerFeedback.
2025-11-06 12:07:07.324 +01:00 [INF] Executed action Jam.Controllers.StoryPlayingController.PlayScene (Jam) in 28.276ms
2025-11-06 12:07:07.324 +01:00 [INF] Executed endpoint 'Jam.Controllers.StoryPlayingController.PlayScene (Jam)'
2025-11-06 12:07:07.324 +01:00 [INF] Request finished HTTP/2 POST https://localhost:7025/StoryPlaying/PlayScene - 302 0 null 32.0857ms
2025-11-06 12:07:07.327 +01:00 [INF] Request starting HTTP/2 GET https://localhost:7025/StoryPlaying/AnswerFeedback - null null
2025-11-06 12:07:07.328 +01:00 [INF] Executing endpoint 'Jam.Controllers.StoryPlayingController.AnswerFeedback (Jam)'
2025-11-06 12:07:07.329 +01:00 [INF] Route matched with {action = "AnswerFeedback", controller = "StoryPlaying", page = "", area = ""}. Executing controller action with signature Microsoft.AspNetCore.Mvc.IActionResult AnswerFeedback() on controller Jam.Controllers.StoryPlayingController (Jam).
2025-11-06 12:07:07.331 +01:00 [INF] Executing ViewResult, running view AnswerFeedback.
2025-11-06 12:07:07.363 +01:00 [INF] Executed ViewResult - view AnswerFeedback executed in 32.6056ms.
2025-11-06 12:07:07.363 +01:00 [INF] Executed action Jam.Controllers.StoryPlayingController.AnswerFeedback (Jam) in 34.4847ms
2025-11-06 12:07:07.364 +01:00 [INF] Executed endpoint 'Jam.Controllers.StoryPlayingController.AnswerFeedback (Jam)'
2025-11-06 12:07:07.364 +01:00 [INF] Request finished HTTP/2 GET https://localhost:7025/StoryPlaying/AnswerFeedback - 200 null text/html; charset=utf-8 37.2684ms
2025-11-06 12:07:11.574 +01:00 [INF] Request starting HTTP/2 POST https://localhost:7025/StoryPlaying/AnswerFeedback - application/x-www-form-urlencoded 306
2025-11-06 12:07:11.627 +01:00 [INF] Executing endpoint 'Jam.Controllers.StoryPlayingController.AnswerFeedback (Jam)'
2025-11-06 12:07:11.633 +01:00 [INF] Route matched with {action = "AnswerFeedback", controller = "StoryPlaying", page = "", area = ""}. Executing controller action with signature System.Threading.Tasks.Task`1[Microsoft.AspNetCore.Mvc.IActionResult] AnswerFeedback(Jam.ViewModels.StoryPlaying.AnswerFeedbackViewModel) on controller Jam.Controllers.StoryPlayingController (Jam).
2025-11-06 12:07:11.647 +01:00 [INF] Executing RedirectResult, redirecting to /StoryPlaying/PlayScene?sceneId=3&sceneType=Question&sessionId=4.
2025-11-06 12:07:11.648 +01:00 [INF] Executed action Jam.Controllers.StoryPlayingController.AnswerFeedback (Jam) in 14.0898ms
2025-11-06 12:07:11.648 +01:00 [INF] Executed endpoint 'Jam.Controllers.StoryPlayingController.AnswerFeedback (Jam)'
2025-11-06 12:07:11.648 +01:00 [INF] Request finished HTTP/2 POST https://localhost:7025/StoryPlaying/AnswerFeedback - 302 0 null 99.3479ms
2025-11-06 12:07:11.654 +01:00 [INF] Request starting HTTP/2 GET https://localhost:7025/StoryPlaying/PlayScene?sceneId=3&sceneType=Question&sessionId=4 - null null
2025-11-06 12:07:11.655 +01:00 [INF] Executing endpoint 'Jam.Controllers.StoryPlayingController.PlayScene (Jam)'
2025-11-06 12:07:11.655 +01:00 [INF] Route matched with {action = "PlayScene", controller = "StoryPlaying", page = "", area = ""}. Executing controller action with signature System.Threading.Tasks.Task`1[Microsoft.AspNetCore.Mvc.IActionResult] PlayScene(Int32, Jam.Models.Enums.SceneType, Int32) on controller Jam.Controllers.StoryPlayingController (Jam).
2025-11-06 12:07:11.659 +01:00 [INF] Executing ViewResult, running view PlayScene.
2025-11-06 12:07:11.662 +01:00 [INF] Executed ViewResult - view PlayScene executed in 2.2231ms.
2025-11-06 12:07:11.662 +01:00 [INF] Executed action Jam.Controllers.StoryPlayingController.PlayScene (Jam) in 6.7093ms
2025-11-06 12:07:11.662 +01:00 [INF] Executed endpoint 'Jam.Controllers.StoryPlayingController.PlayScene (Jam)'
2025-11-06 12:07:11.663 +01:00 [INF] Request finished HTTP/2 GET https://localhost:7025/StoryPlaying/PlayScene?sceneId=3&sceneType=Question&sessionId=4 - 200 null text/html; charset=utf-8 8.3546ms
2025-11-06 12:07:11.686 +01:00 [INF] Request starting HTTP/2 GET https://localhost:7025/lib/jquery-validation/dist/jquery.validate.min.js - null null
2025-11-06 12:07:11.835 +01:00 [INF] Request starting HTTP/2 GET https://localhost:7025/lib/jquery-validation-unobtrusive/jquery.validate.unobtrusive.min.js - null null
2025-11-06 12:07:11.854 +01:00 [INF] Request finished HTTP/2 GET https://localhost:7025/lib/jquery-validation/dist/jquery.validate.min.js - 404 0 null 168.1337ms
2025-11-06 12:07:11.855 +01:00 [INF] Request reached the end of the middleware pipeline without being handled by application code. Request path: GET https://localhost:7025/lib/jquery-validation/dist/jquery.validate.min.js, Response status code: 404
2025-11-06 12:07:11.855 +01:00 [INF] Request finished HTTP/2 GET https://localhost:7025/lib/jquery-validation-unobtrusive/jquery.validate.unobtrusive.min.js - 404 0 null 20.2425ms
2025-11-06 12:07:11.855 +01:00 [INF] Request reached the end of the middleware pipeline without being handled by application code. Request path: GET https://localhost:7025/lib/jquery-validation-unobtrusive/jquery.validate.unobtrusive.min.js, Response status code: 404
2025-11-06 12:07:19.513 +01:00 [INF] Request starting HTTP/2 POST https://localhost:7025/StoryPlaying/PlayScene - application/x-www-form-urlencoded 655
2025-11-06 12:07:19.584 +01:00 [INF] Executing endpoint 'Jam.Controllers.StoryPlayingController.PlayScene (Jam)'
2025-11-06 12:07:19.585 +01:00 [INF] Route matched with {action = "PlayScene", controller = "StoryPlaying", page = "", area = ""}. Executing controller action with signature System.Threading.Tasks.Task`1[Microsoft.AspNetCore.Mvc.IActionResult] PlayScene(Jam.ViewModels.StoryPlaying.PlaySceneViewModel) on controller Jam.Controllers.StoryPlayingController (Jam).
2025-11-06 12:07:19.603 +01:00 [INF] Executing RedirectResult, redirecting to /StoryPlaying/AnswerFeedback.
2025-11-06 12:07:19.604 +01:00 [INF] Executed action Jam.Controllers.StoryPlayingController.PlayScene (Jam) in 18.6835ms
2025-11-06 12:07:19.604 +01:00 [INF] Executed endpoint 'Jam.Controllers.StoryPlayingController.PlayScene (Jam)'
2025-11-06 12:07:19.604 +01:00 [INF] Request finished HTTP/2 POST https://localhost:7025/StoryPlaying/PlayScene - 302 0 null 116.3571ms
2025-11-06 12:07:19.635 +01:00 [INF] Request starting HTTP/2 GET https://localhost:7025/StoryPlaying/AnswerFeedback - null null
2025-11-06 12:07:19.660 +01:00 [INF] Executing endpoint 'Jam.Controllers.StoryPlayingController.AnswerFeedback (Jam)'
2025-11-06 12:07:19.661 +01:00 [INF] Route matched with {action = "AnswerFeedback", controller = "StoryPlaying", page = "", area = ""}. Executing controller action with signature Microsoft.AspNetCore.Mvc.IActionResult AnswerFeedback() on controller Jam.Controllers.StoryPlayingController (Jam).
2025-11-06 12:07:19.661 +01:00 [INF] Executing ViewResult, running view AnswerFeedback.
2025-11-06 12:07:19.665 +01:00 [INF] Executed ViewResult - view AnswerFeedback executed in 3.9067ms.
2025-11-06 12:07:19.666 +01:00 [INF] Executed action Jam.Controllers.StoryPlayingController.AnswerFeedback (Jam) in 5.2773ms
2025-11-06 12:07:19.666 +01:00 [INF] Executed endpoint 'Jam.Controllers.StoryPlayingController.AnswerFeedback (Jam)'
2025-11-06 12:07:19.667 +01:00 [INF] Request finished HTTP/2 GET https://localhost:7025/StoryPlaying/AnswerFeedback - 200 null text/html; charset=utf-8 57.7232ms
2025-11-06 12:07:22.284 +01:00 [INF] Request starting HTTP/2 POST https://localhost:7025/StoryPlaying/AnswerFeedback - application/x-www-form-urlencoded 306
2025-11-06 12:07:22.286 +01:00 [INF] Executing endpoint 'Jam.Controllers.StoryPlayingController.AnswerFeedback (Jam)'
2025-11-06 12:07:22.286 +01:00 [INF] Route matched with {action = "AnswerFeedback", controller = "StoryPlaying", page = "", area = ""}. Executing controller action with signature System.Threading.Tasks.Task`1[Microsoft.AspNetCore.Mvc.IActionResult] AnswerFeedback(Jam.ViewModels.StoryPlaying.AnswerFeedbackViewModel) on controller Jam.Controllers.StoryPlayingController (Jam).
2025-11-06 12:07:22.293 +01:00 [INF] Executing RedirectResult, redirecting to /StoryPlaying/PlayScene?sceneId=2&sceneType=Question&sessionId=4.
2025-11-06 12:07:22.293 +01:00 [INF] Executed action Jam.Controllers.StoryPlayingController.AnswerFeedback (Jam) in 7.3132ms
2025-11-06 12:07:22.293 +01:00 [INF] Executed endpoint 'Jam.Controllers.StoryPlayingController.AnswerFeedback (Jam)'
2025-11-06 12:07:22.293 +01:00 [INF] Request finished HTTP/2 POST https://localhost:7025/StoryPlaying/AnswerFeedback - 302 0 null 10.0361ms
2025-11-06 12:07:22.295 +01:00 [INF] Request starting HTTP/2 GET https://localhost:7025/StoryPlaying/PlayScene?sceneId=2&sceneType=Question&sessionId=4 - null null
2025-11-06 12:07:22.296 +01:00 [INF] Executing endpoint 'Jam.Controllers.StoryPlayingController.PlayScene (Jam)'
2025-11-06 12:07:22.296 +01:00 [INF] Route matched with {action = "PlayScene", controller = "StoryPlaying", page = "", area = ""}. Executing controller action with signature System.Threading.Tasks.Task`1[Microsoft.AspNetCore.Mvc.IActionResult] PlayScene(Int32, Jam.Models.Enums.SceneType, Int32) on controller Jam.Controllers.StoryPlayingController (Jam).
2025-11-06 12:07:22.300 +01:00 [INF] Executing ViewResult, running view PlayScene.
2025-11-06 12:07:22.302 +01:00 [INF] Executed ViewResult - view PlayScene executed in 1.6204ms.
2025-11-06 12:07:22.303 +01:00 [INF] Executed action Jam.Controllers.StoryPlayingController.PlayScene (Jam) in 7.1256ms
2025-11-06 12:07:22.303 +01:00 [INF] Executed endpoint 'Jam.Controllers.StoryPlayingController.PlayScene (Jam)'
2025-11-06 12:07:22.304 +01:00 [INF] Request finished HTTP/2 GET https://localhost:7025/StoryPlaying/PlayScene?sceneId=2&sceneType=Question&sessionId=4 - 200 null text/html; charset=utf-8 8.5473ms
2025-11-06 12:07:22.315 +01:00 [INF] Request starting HTTP/2 GET https://localhost:7025/lib/jquery-validation-unobtrusive/jquery.validate.unobtrusive.min.js - null null
2025-11-06 12:07:22.315 +01:00 [INF] Request starting HTTP/2 GET https://localhost:7025/lib/jquery-validation/dist/jquery.validate.min.js - null null
2025-11-06 12:07:22.340 +01:00 [INF] Request finished HTTP/2 GET https://localhost:7025/lib/jquery-validation-unobtrusive/jquery.validate.unobtrusive.min.js - 404 0 null 25.769ms
2025-11-06 12:07:22.340 +01:00 [INF] Request finished HTTP/2 GET https://localhost:7025/lib/jquery-validation/dist/jquery.validate.min.js - 404 0 null 26.5256ms
2025-11-06 12:07:22.340 +01:00 [INF] Request reached the end of the middleware pipeline without being handled by application code. Request path: GET https://localhost:7025/lib/jquery-validation-unobtrusive/jquery.validate.unobtrusive.min.js, Response status code: 404
2025-11-06 12:07:22.340 +01:00 [INF] Request reached the end of the middleware pipeline without being handled by application code. Request path: GET https://localhost:7025/lib/jquery-validation/dist/jquery.validate.min.js, Response status code: 404
2025-11-06 12:07:32.736 +01:00 [INF] Request starting HTTP/2 POST https://localhost:7025/StoryPlaying/PlayScene - application/x-www-form-urlencoded 624
2025-11-06 12:07:32.810 +01:00 [INF] Executing endpoint 'Jam.Controllers.StoryPlayingController.PlayScene (Jam)'
2025-11-06 12:07:32.811 +01:00 [INF] Route matched with {action = "PlayScene", controller = "StoryPlaying", page = "", area = ""}. Executing controller action with signature System.Threading.Tasks.Task`1[Microsoft.AspNetCore.Mvc.IActionResult] PlayScene(Jam.ViewModels.StoryPlaying.PlaySceneViewModel) on controller Jam.Controllers.StoryPlayingController (Jam).
2025-11-06 12:07:32.849 +01:00 [INF] Executing RedirectResult, redirecting to /StoryPlaying/AnswerFeedback.
2025-11-06 12:07:32.850 +01:00 [INF] Executed action Jam.Controllers.StoryPlayingController.PlayScene (Jam) in 38.9977ms
2025-11-06 12:07:32.850 +01:00 [INF] Executed endpoint 'Jam.Controllers.StoryPlayingController.PlayScene (Jam)'
2025-11-06 12:07:32.850 +01:00 [INF] Request finished HTTP/2 POST https://localhost:7025/StoryPlaying/PlayScene - 302 0 null 114.4212ms
2025-11-06 12:07:32.881 +01:00 [INF] Request starting HTTP/2 GET https://localhost:7025/StoryPlaying/AnswerFeedback - null null
2025-11-06 12:07:32.882 +01:00 [INF] Executing endpoint 'Jam.Controllers.StoryPlayingController.AnswerFeedback (Jam)'
2025-11-06 12:07:32.882 +01:00 [INF] Route matched with {action = "AnswerFeedback", controller = "StoryPlaying", page = "", area = ""}. Executing controller action with signature Microsoft.AspNetCore.Mvc.IActionResult AnswerFeedback() on controller Jam.Controllers.StoryPlayingController (Jam).
2025-11-06 12:07:32.882 +01:00 [INF] Executing ViewResult, running view AnswerFeedback.
2025-11-06 12:07:32.884 +01:00 [INF] Executed ViewResult - view AnswerFeedback executed in 2.3521ms.
2025-11-06 12:07:32.909 +01:00 [INF] Executed action Jam.Controllers.StoryPlayingController.AnswerFeedback (Jam) in 26.7665ms
2025-11-06 12:07:32.909 +01:00 [INF] Executed endpoint 'Jam.Controllers.StoryPlayingController.AnswerFeedback (Jam)'
2025-11-06 12:07:32.910 +01:00 [INF] Request finished HTTP/2 GET https://localhost:7025/StoryPlaying/AnswerFeedback - 200 null text/html; charset=utf-8 54.3503ms
2025-11-06 12:07:34.222 +01:00 [INF] Request starting HTTP/2 POST https://localhost:7025/StoryPlaying/AnswerFeedback - application/x-www-form-urlencoded 306
2025-11-06 12:07:34.223 +01:00 [INF] Executing endpoint 'Jam.Controllers.StoryPlayingController.AnswerFeedback (Jam)'
2025-11-06 12:07:34.223 +01:00 [INF] Route matched with {action = "AnswerFeedback", controller = "StoryPlaying", page = "", area = ""}. Executing controller action with signature System.Threading.Tasks.Task`1[Microsoft.AspNetCore.Mvc.IActionResult] AnswerFeedback(Jam.ViewModels.StoryPlaying.AnswerFeedbackViewModel) on controller Jam.Controllers.StoryPlayingController (Jam).
2025-11-06 12:07:34.231 +01:00 [INF] Executing RedirectResult, redirecting to /StoryPlaying/PlayScene?sceneId=1&sceneType=Question&sessionId=4.
2025-11-06 12:07:34.231 +01:00 [INF] Executed action Jam.Controllers.StoryPlayingController.AnswerFeedback (Jam) in 8.2851ms
2025-11-06 12:07:34.231 +01:00 [INF] Executed endpoint 'Jam.Controllers.StoryPlayingController.AnswerFeedback (Jam)'
2025-11-06 12:07:34.232 +01:00 [INF] Request finished HTTP/2 POST https://localhost:7025/StoryPlaying/AnswerFeedback - 302 0 null 9.4452ms
2025-11-06 12:07:34.234 +01:00 [INF] Request starting HTTP/2 GET https://localhost:7025/StoryPlaying/PlayScene?sceneId=1&sceneType=Question&sessionId=4 - null null
2025-11-06 12:07:34.235 +01:00 [INF] Executing endpoint 'Jam.Controllers.StoryPlayingController.PlayScene (Jam)'
2025-11-06 12:07:34.235 +01:00 [INF] Route matched with {action = "PlayScene", controller = "StoryPlaying", page = "", area = ""}. Executing controller action with signature System.Threading.Tasks.Task`1[Microsoft.AspNetCore.Mvc.IActionResult] PlayScene(Int32, Jam.Models.Enums.SceneType, Int32) on controller Jam.Controllers.StoryPlayingController (Jam).
2025-11-06 12:07:34.241 +01:00 [INF] Executing ViewResult, running view PlayScene.
2025-11-06 12:07:34.268 +01:00 [INF] Executed ViewResult - view PlayScene executed in 27.4368ms.
2025-11-06 12:07:34.268 +01:00 [INF] Request starting HTTP/2 GET https://localhost:7025/lib/jquery-validation/dist/jquery.validate.min.js - null null
2025-11-06 12:07:34.268 +01:00 [INF] Request starting HTTP/2 GET https://localhost:7025/lib/jquery-validation-unobtrusive/jquery.validate.unobtrusive.min.js - null null
2025-11-06 12:07:34.293 +01:00 [INF] Executed action Jam.Controllers.StoryPlayingController.PlayScene (Jam) in 58.0672ms
2025-11-06 12:07:34.294 +01:00 [INF] Executed endpoint 'Jam.Controllers.StoryPlayingController.PlayScene (Jam)'
2025-11-06 12:07:34.320 +01:00 [INF] Request finished HTTP/2 GET https://localhost:7025/StoryPlaying/PlayScene?sceneId=1&sceneType=Question&sessionId=4 - 200 null text/html; charset=utf-8 85.9163ms
2025-11-06 12:07:34.320 +01:00 [INF] Request finished HTTP/2 GET https://localhost:7025/lib/jquery-validation-unobtrusive/jquery.validate.unobtrusive.min.js - 404 0 null 51.7705ms
2025-11-06 12:07:34.320 +01:00 [INF] Request finished HTTP/2 GET https://localhost:7025/lib/jquery-validation/dist/jquery.validate.min.js - 404 0 null 51.8162ms
2025-11-06 12:07:34.320 +01:00 [INF] Request reached the end of the middleware pipeline without being handled by application code. Request path: GET https://localhost:7025/lib/jquery-validation-unobtrusive/jquery.validate.unobtrusive.min.js, Response status code: 404
2025-11-06 12:07:34.320 +01:00 [INF] Request reached the end of the middleware pipeline without being handled by application code. Request path: GET https://localhost:7025/lib/jquery-validation/dist/jquery.validate.min.js, Response status code: 404
2025-11-06 12:07:37.275 +01:00 [INF] Request starting HTTP/2 POST https://localhost:7025/StoryPlaying/PlayScene - application/x-www-form-urlencoded 514
2025-11-06 12:07:37.303 +01:00 [INF] Executing endpoint 'Jam.Controllers.StoryPlayingController.PlayScene (Jam)'
2025-11-06 12:07:37.303 +01:00 [INF] Route matched with {action = "PlayScene", controller = "StoryPlaying", page = "", area = ""}. Executing controller action with signature System.Threading.Tasks.Task`1[Microsoft.AspNetCore.Mvc.IActionResult] PlayScene(Jam.ViewModels.StoryPlaying.PlaySceneViewModel) on controller Jam.Controllers.StoryPlayingController (Jam).
2025-11-06 12:07:37.314 +01:00 [INF] Executing RedirectResult, redirecting to /StoryPlaying/AnswerFeedback.
2025-11-06 12:07:37.315 +01:00 [INF] Executed action Jam.Controllers.StoryPlayingController.PlayScene (Jam) in 11.579ms
2025-11-06 12:07:37.315 +01:00 [INF] Executed endpoint 'Jam.Controllers.StoryPlayingController.PlayScene (Jam)'
2025-11-06 12:07:37.315 +01:00 [INF] Request finished HTTP/2 POST https://localhost:7025/StoryPlaying/PlayScene - 302 0 null 40.0419ms
2025-11-06 12:07:37.319 +01:00 [INF] Request starting HTTP/2 GET https://localhost:7025/StoryPlaying/AnswerFeedback - null null
2025-11-06 12:07:37.346 +01:00 [INF] Executing endpoint 'Jam.Controllers.StoryPlayingController.AnswerFeedback (Jam)'
2025-11-06 12:07:37.346 +01:00 [INF] Route matched with {action = "AnswerFeedback", controller = "StoryPlaying", page = "", area = ""}. Executing controller action with signature Microsoft.AspNetCore.Mvc.IActionResult AnswerFeedback() on controller Jam.Controllers.StoryPlayingController (Jam).
2025-11-06 12:07:37.346 +01:00 [INF] Executing ViewResult, running view AnswerFeedback.
2025-11-06 12:07:37.373 +01:00 [INF] Executed ViewResult - view AnswerFeedback executed in 26.6093ms.
2025-11-06 12:07:37.423 +01:00 [INF] Executed action Jam.Controllers.StoryPlayingController.AnswerFeedback (Jam) in 77.5161ms
2025-11-06 12:07:37.424 +01:00 [INF] Executed endpoint 'Jam.Controllers.StoryPlayingController.AnswerFeedback (Jam)'
2025-11-06 12:07:37.424 +01:00 [INF] Request finished HTTP/2 GET https://localhost:7025/StoryPlaying/AnswerFeedback - 200 null text/html; charset=utf-8 104.8127ms
2025-11-06 12:07:38.137 +01:00 [INF] Request starting HTTP/2 POST https://localhost:7025/StoryPlaying/AnswerFeedback - application/x-www-form-urlencoded 303
2025-11-06 12:07:38.138 +01:00 [INF] Executing endpoint 'Jam.Controllers.StoryPlayingController.AnswerFeedback (Jam)'
2025-11-06 12:07:38.138 +01:00 [INF] Route matched with {action = "AnswerFeedback", controller = "StoryPlaying", page = "", area = ""}. Executing controller action with signature System.Threading.Tasks.Task`1[Microsoft.AspNetCore.Mvc.IActionResult] AnswerFeedback(Jam.ViewModels.StoryPlaying.AnswerFeedbackViewModel) on controller Jam.Controllers.StoryPlayingController (Jam).
2025-11-06 12:07:38.180 +01:00 [INF] Executing RedirectResult, redirecting to /StoryPlaying/PlayScene?sceneId=3&sceneType=Ending&sessionId=4.
2025-11-06 12:07:38.180 +01:00 [INF] Executed action Jam.Controllers.StoryPlayingController.AnswerFeedback (Jam) in 42.4968ms
2025-11-06 12:07:38.180 +01:00 [INF] Executed endpoint 'Jam.Controllers.StoryPlayingController.AnswerFeedback (Jam)'
2025-11-06 12:07:38.181 +01:00 [INF] Request finished HTTP/2 POST https://localhost:7025/StoryPlaying/AnswerFeedback - 302 0 null 44.16ms
2025-11-06 12:07:38.184 +01:00 [INF] Request starting HTTP/2 GET https://localhost:7025/StoryPlaying/PlayScene?sceneId=3&sceneType=Ending&sessionId=4 - null null
2025-11-06 12:07:38.210 +01:00 [INF] Executing endpoint 'Jam.Controllers.StoryPlayingController.PlayScene (Jam)'
2025-11-06 12:07:38.210 +01:00 [INF] Route matched with {action = "PlayScene", controller = "StoryPlaying", page = "", area = ""}. Executing controller action with signature System.Threading.Tasks.Task`1[Microsoft.AspNetCore.Mvc.IActionResult] PlayScene(Int32, Jam.Models.Enums.SceneType, Int32) on controller Jam.Controllers.StoryPlayingController (Jam).
2025-11-06 12:07:38.216 +01:00 [INF] Executing ViewResult, running view PlayScene.
2025-11-06 12:07:38.239 +01:00 [INF] Executed ViewResult - view PlayScene executed in 1.2209ms.
2025-11-06 12:07:38.290 +01:00 [INF] Request starting HTTP/2 GET https://localhost:7025/lib/jquery-validation-unobtrusive/jquery.validate.unobtrusive.min.js - null null
2025-11-06 12:07:38.290 +01:00 [INF] Request starting HTTP/2 GET https://localhost:7025/lib/jquery-validation/dist/jquery.validate.min.js - null null
2025-11-06 12:07:38.291 +01:00 [INF] Executed action Jam.Controllers.StoryPlayingController.PlayScene (Jam) in 80.5664ms
2025-11-06 12:07:38.316 +01:00 [INF] Executed endpoint 'Jam.Controllers.StoryPlayingController.PlayScene (Jam)'
2025-11-06 12:07:38.342 +01:00 [INF] Request finished HTTP/2 GET https://localhost:7025/StoryPlaying/PlayScene?sceneId=3&sceneType=Ending&sessionId=4 - 200 null text/html; charset=utf-8 158.7804ms
2025-11-06 12:07:38.343 +01:00 [INF] Request finished HTTP/2 GET https://localhost:7025/lib/jquery-validation-unobtrusive/jquery.validate.unobtrusive.min.js - 404 0 null 52.4667ms
2025-11-06 12:07:38.343 +01:00 [INF] Request finished HTTP/2 GET https://localhost:7025/lib/jquery-validation/dist/jquery.validate.min.js - 404 0 null 77.8598ms
2025-11-06 12:07:38.343 +01:00 [INF] Request reached the end of the middleware pipeline without being handled by application code. Request path: GET https://localhost:7025/lib/jquery-validation-unobtrusive/jquery.validate.unobtrusive.min.js, Response status code: 404
2025-11-06 12:07:38.343 +01:00 [INF] Request reached the end of the middleware pipeline without being handled by application code. Request path: GET https://localhost:7025/lib/jquery-validation/dist/jquery.validate.min.js, Response status code: 404
2025-11-06 12:07:39.846 +01:00 [INF] Request starting HTTP/2 POST https://localhost:7025/StoryPlaying/PlayScene - application/x-www-form-urlencoded 591
2025-11-06 12:07:39.897 +01:00 [INF] Executing endpoint 'Jam.Controllers.StoryPlayingController.PlayScene (Jam)'
2025-11-06 12:07:39.897 +01:00 [INF] Route matched with {action = "PlayScene", controller = "StoryPlaying", page = "", area = ""}. Executing controller action with signature System.Threading.Tasks.Task`1[Microsoft.AspNetCore.Mvc.IActionResult] PlayScene(Jam.ViewModels.StoryPlaying.PlaySceneViewModel) on controller Jam.Controllers.StoryPlayingController (Jam).
2025-11-06 12:07:39.927 +01:00 [INF] Executing RedirectResult, redirecting to /StoryPlaying/FinishStory?sessionId=4.
2025-11-06 12:07:39.927 +01:00 [INF] Executed action Jam.Controllers.StoryPlayingController.PlayScene (Jam) in 29.565ms
2025-11-06 12:07:39.927 +01:00 [INF] Executed endpoint 'Jam.Controllers.StoryPlayingController.PlayScene (Jam)'
2025-11-06 12:07:39.927 +01:00 [INF] Request finished HTTP/2 POST https://localhost:7025/StoryPlaying/PlayScene - 302 0 null 80.8786ms
2025-11-06 12:07:39.955 +01:00 [INF] Request starting HTTP/2 GET https://localhost:7025/StoryPlaying/FinishStory?sessionId=4 - null null
2025-11-06 12:07:39.956 +01:00 [INF] Executing endpoint 'Jam.Controllers.StoryPlayingController.FinishStory (Jam)'
2025-11-06 12:07:39.960 +01:00 [INF] Route matched with {action = "FinishStory", controller = "StoryPlaying", page = "", area = ""}. Executing controller action with signature System.Threading.Tasks.Task`1[Microsoft.AspNetCore.Mvc.IActionResult] FinishStory(Int32) on controller Jam.Controllers.StoryPlayingController (Jam).
2025-11-06 12:07:39.967 +01:00 [INF] Executing ViewResult, running view FinishStory.
2025-11-06 12:07:39.972 +01:00 [INF] Executed ViewResult - view FinishStory executed in 5.619ms.
2025-11-06 12:07:39.972 +01:00 [INF] Executed action Jam.Controllers.StoryPlayingController.FinishStory (Jam) in 12.1366ms
2025-11-06 12:07:39.972 +01:00 [INF] Executed endpoint 'Jam.Controllers.StoryPlayingController.FinishStory (Jam)'
2025-11-06 12:07:39.973 +01:00 [INF] Request finished HTTP/2 GET https://localhost:7025/StoryPlaying/FinishStory?sessionId=4 - 200 null text/html; charset=utf-8 17.5635ms
2025-11-06 12:07:42.522 +01:00 [INF] Request starting HTTP/2 POST https://localhost:7025/StoryPlaying/FinishStory - application/x-www-form-urlencoded 225
2025-11-06 12:07:42.598 +01:00 [INF] Executing endpoint 'Jam.Controllers.StoryPlayingController.FinishStory (Jam)'
2025-11-06 12:07:42.602 +01:00 [INF] Route matched with {action = "FinishStory", controller = "StoryPlaying", page = "", area = ""}. Executing controller action with signature Microsoft.AspNetCore.Mvc.IActionResult FinishStory() on controller Jam.Controllers.StoryPlayingController (Jam).
2025-11-06 12:07:42.602 +01:00 [INF] Executing RedirectResult, redirecting to /.
2025-11-06 12:07:42.603 +01:00 [INF] Executed action Jam.Controllers.StoryPlayingController.FinishStory (Jam) in 0.8264ms
2025-11-06 12:07:42.603 +01:00 [INF] Executed endpoint 'Jam.Controllers.StoryPlayingController.FinishStory (Jam)'
2025-11-06 12:07:42.603 +01:00 [INF] Request finished HTTP/2 POST https://localhost:7025/StoryPlaying/FinishStory - 302 0 null 80.7324ms
2025-11-06 12:07:42.608 +01:00 [INF] Request starting HTTP/2 GET https://localhost:7025/ - null null
2025-11-06 12:07:42.634 +01:00 [INF] Executing endpoint 'Jam.Controllers.HomeController.Index (Jam)'
2025-11-06 12:07:42.635 +01:00 [INF] Route matched with {action = "Index", controller = "Home", page = "", area = ""}. Executing controller action with signature System.Threading.Tasks.Task`1[Microsoft.AspNetCore.Mvc.IActionResult] Index() on controller Jam.Controllers.HomeController (Jam).
2025-11-06 12:07:42.644 +01:00 [INF] Executing ViewResult, running view Index.
2025-11-06 12:07:42.672 +01:00 [INF] Executed ViewResult - view Index executed in 28.1114ms.
2025-11-06 12:07:42.673 +01:00 [INF] Executed action Jam.Controllers.HomeController.Index (Jam) in 38.0545ms
2025-11-06 12:07:42.673 +01:00 [INF] Executed endpoint 'Jam.Controllers.HomeController.Index (Jam)'
2025-11-06 12:07:42.674 +01:00 [INF] Request finished HTTP/2 GET https://localhost:7025/ - 200 null text/html; charset=utf-8 66.3268ms
2025-11-06 12:18:25.704 +01:00 [INF] Request starting HTTP/2 POST https://localhost:7025/Identity/Account/Logout?returnUrl=%2F - application/x-www-form-urlencoded 225
2025-11-06 12:18:25.737 +01:00 [INF] Executing endpoint '/Account/Logout'
2025-11-06 12:18:25.780 +01:00 [INF] Route matched with {page = "/Account/Logout", area = "Identity", action = "", controller = ""}. Executing page /Account/Logout
2025-11-06 12:18:25.788 +01:00 [INF] Executing handler method Jam.Areas.Identity.Pages.Account.LogoutModel.OnPost - ModelState is "Valid"
2025-11-06 12:18:25.794 +01:00 [INF] AuthenticationScheme: Identity.Application signed out.
2025-11-06 12:18:25.794 +01:00 [INF] AuthenticationScheme: Identity.External signed out.
2025-11-06 12:18:25.794 +01:00 [INF] AuthenticationScheme: Identity.TwoFactorUserId signed out.
2025-11-06 12:18:25.801 +01:00 [INF] User logged out.
2025-11-06 12:18:25.804 +01:00 [INF] Executed handler method OnPost, returned result Microsoft.AspNetCore.Mvc.LocalRedirectResult.
2025-11-06 12:18:25.805 +01:00 [INF] Executing LocalRedirectResult, redirecting to /.
2025-11-06 12:18:25.806 +01:00 [INF] Executed page /Account/Logout in 25.4684ms
2025-11-06 12:18:25.806 +01:00 [INF] Executed endpoint '/Account/Logout'
2025-11-06 12:18:25.806 +01:00 [INF] Request finished HTTP/2 POST https://localhost:7025/Identity/Account/Logout?returnUrl=%2F - 302 0 null 128.0567ms
2025-11-06 12:18:25.813 +01:00 [INF] Request starting HTTP/2 GET https://localhost:7025/ - null null
2025-11-06 12:18:25.814 +01:00 [INF] Authorization failed. These requirements were not met:
DenyAnonymousAuthorizationRequirement: Requires an authenticated user.
2025-11-06 12:18:25.816 +01:00 [INF] AuthenticationScheme: Identity.Application was challenged.
2025-11-06 12:18:25.816 +01:00 [INF] Request finished HTTP/2 GET https://localhost:7025/ - 302 0 null 2.9945ms
2025-11-06 12:18:25.817 +01:00 [INF] Request starting HTTP/2 GET https://localhost:7025/Identity/Account/Login?ReturnUrl=%2F - null null
2025-11-06 12:18:25.843 +01:00 [INF] Executing endpoint '/Account/Login'
2025-11-06 12:18:25.844 +01:00 [INF] Route matched with {page = "/Account/Login", area = "Identity", action = "", controller = ""}. Executing page /Account/Login
2025-11-06 12:18:25.845 +01:00 [INF] Executing handler method Jam.Areas.Identity.Pages.Account.LoginModel.OnGetAsync - ModelState is "Valid"
2025-11-06 12:18:25.845 +01:00 [INF] AuthenticationScheme: Identity.External signed out.
2025-11-06 12:18:25.845 +01:00 [INF] Executed handler method OnGetAsync, returned result .
2025-11-06 12:18:25.845 +01:00 [INF] Executing an implicit handler method - ModelState is "Valid"
2025-11-06 12:18:25.845 +01:00 [INF] Executed an implicit handler method, returned result Microsoft.AspNetCore.Mvc.RazorPages.PageResult.
2025-11-06 12:18:25.852 +01:00 [INF] Executed page /Account/Login in 7.4425ms
2025-11-06 12:18:25.852 +01:00 [INF] Executed endpoint '/Account/Login'
2025-11-06 12:18:25.852 +01:00 [INF] Request finished HTTP/2 GET https://localhost:7025/Identity/Account/Login?ReturnUrl=%2F - 200 null text/html; charset=utf-8 34.4064ms
2025-11-06 12:18:25.877 +01:00 [INF] Request starting HTTP/2 GET https://localhost:7025/lib/jquery-validation/dist/jquery.validate.min.js - null null
2025-11-06 12:18:25.877 +01:00 [INF] Request starting HTTP/2 GET https://localhost:7025/lib/jquery-validation-unobtrusive/jquery.validate.unobtrusive.min.js - null null
2025-11-06 12:18:25.953 +01:00 [INF] Request finished HTTP/2 GET https://localhost:7025/lib/jquery-validation/dist/jquery.validate.min.js - 404 0 null 75.7822ms
2025-11-06 12:18:25.953 +01:00 [INF] Request finished HTTP/2 GET https://localhost:7025/lib/jquery-validation-unobtrusive/jquery.validate.unobtrusive.min.js - 404 0 null 75.737ms
2025-11-06 12:18:25.953 +01:00 [INF] Request reached the end of the middleware pipeline without being handled by application code. Request path: GET https://localhost:7025/lib/jquery-validation-unobtrusive/jquery.validate.unobtrusive.min.js, Response status code: 404
2025-11-06 12:18:25.953 +01:00 [INF] Request reached the end of the middleware pipeline without being handled by application code. Request path: GET https://localhost:7025/lib/jquery-validation/dist/jquery.validate.min.js, Response status code: 404
2025-11-06 12:18:28.020 +01:00 [INF] Request starting HTTP/2 GET https://localhost:7025/Identity/Account/Register?returnUrl=%2F - null null
2025-11-06 12:18:28.046 +01:00 [INF] Executing endpoint '/Account/Register'
2025-11-06 12:18:28.059 +01:00 [INF] Route matched with {page = "/Account/Register", area = "Identity", action = "", controller = ""}. Executing page /Account/Register
2025-11-06 12:18:28.061 +01:00 [INF] Executing handler method Jam.Areas.Identity.Pages.Account.RegisterModel.OnGetAsync - ModelState is "Valid"
2025-11-06 12:18:28.063 +01:00 [INF] Executed handler method OnGetAsync, returned result .
2025-11-06 12:18:28.063 +01:00 [INF] Executing an implicit handler method - ModelState is "Valid"
2025-11-06 12:18:28.063 +01:00 [INF] Executed an implicit handler method, returned result Microsoft.AspNetCore.Mvc.RazorPages.PageResult.
2025-11-06 12:18:28.089 +01:00 [INF] Executed page /Account/Register in 30.5167ms
2025-11-06 12:18:28.090 +01:00 [INF] Executed endpoint '/Account/Register'
2025-11-06 12:18:28.090 +01:00 [INF] Request finished HTTP/2 GET https://localhost:7025/Identity/Account/Register?returnUrl=%2F - 200 null text/html; charset=utf-8 70.2182ms
2025-11-06 12:18:28.102 +01:00 [INF] Request starting HTTP/2 GET https://localhost:7025/lib/jquery-validation/dist/jquery.validate.min.js - null null
2025-11-06 12:18:28.127 +01:00 [INF] Request starting HTTP/2 GET https://localhost:7025/lib/jquery-validation-unobtrusive/jquery.validate.unobtrusive.min.js - null null
2025-11-06 12:18:28.174 +01:00 [INF] Request finished HTTP/2 GET https://localhost:7025/lib/jquery-validation/dist/jquery.validate.min.js - 404 0 null 46.3731ms
2025-11-06 12:18:28.174 +01:00 [INF] Request reached the end of the middleware pipeline without being handled by application code. Request path: GET https://localhost:7025/lib/jquery-validation/dist/jquery.validate.min.js, Response status code: 404
2025-11-06 12:18:28.174 +01:00 [INF] Request finished HTTP/2 GET https://localhost:7025/lib/jquery-validation-unobtrusive/jquery.validate.unobtrusive.min.js - 404 0 null 46.9153ms
2025-11-06 12:18:28.174 +01:00 [INF] Request reached the end of the middleware pipeline without being handled by application code. Request path: GET https://localhost:7025/lib/jquery-validation-unobtrusive/jquery.validate.unobtrusive.min.js, Response status code: 404
2025-11-06 12:18:34.291 +01:00 [INF] Request starting HTTP/2 GET https://localhost:7025/Identity/Account/Login - null null
2025-11-06 12:18:34.292 +01:00 [INF] Executing endpoint '/Account/Login'
2025-11-06 12:18:34.292 +01:00 [INF] Route matched with {page = "/Account/Login", area = "Identity", action = "", controller = ""}. Executing page /Account/Login
2025-11-06 12:18:34.293 +01:00 [INF] Executing handler method Jam.Areas.Identity.Pages.Account.LoginModel.OnGetAsync - ModelState is "Valid"
2025-11-06 12:18:34.293 +01:00 [INF] AuthenticationScheme: Identity.External signed out.
2025-11-06 12:18:34.293 +01:00 [INF] Executed handler method OnGetAsync, returned result .
2025-11-06 12:18:34.293 +01:00 [INF] Executing an implicit handler method - ModelState is "Valid"
2025-11-06 12:18:34.293 +01:00 [INF] Executed an implicit handler method, returned result Microsoft.AspNetCore.Mvc.RazorPages.PageResult.
2025-11-06 12:18:34.318 +01:00 [INF] Executed page /Account/Login in 26.4605ms
2025-11-06 12:18:34.319 +01:00 [INF] Executed endpoint '/Account/Login'
2025-11-06 12:18:34.342 +01:00 [INF] Request starting HTTP/2 GET https://localhost:7025/lib/jquery-validation/dist/jquery.validate.min.js - null null
2025-11-06 12:18:34.342 +01:00 [INF] Request finished HTTP/2 GET https://localhost:7025/Identity/Account/Login - 200 null text/html; charset=utf-8 50.8724ms
2025-11-06 12:18:34.342 +01:00 [INF] Request starting HTTP/2 GET https://localhost:7025/lib/jquery-validation-unobtrusive/jquery.validate.unobtrusive.min.js - null null
2025-11-06 12:18:34.343 +01:00 [INF] Request finished HTTP/2 GET https://localhost:7025/lib/jquery-validation/dist/jquery.validate.min.js - 404 0 null 1.3575ms
2025-11-06 12:18:34.343 +01:00 [INF] Request finished HTTP/2 GET https://localhost:7025/lib/jquery-validation-unobtrusive/jquery.validate.unobtrusive.min.js - 404 0 null 1.1043ms
2025-11-06 12:18:34.343 +01:00 [INF] Request reached the end of the middleware pipeline without being handled by application code. Request path: GET https://localhost:7025/lib/jquery-validation/dist/jquery.validate.min.js, Response status code: 404
2025-11-06 12:18:34.343 +01:00 [INF] Request reached the end of the middleware pipeline without being handled by application code. Request path: GET https://localhost:7025/lib/jquery-validation-unobtrusive/jquery.validate.unobtrusive.min.js, Response status code: 404
2025-11-06 12:18:50.611 +01:00 [INF] Request starting HTTP/2 POST https://localhost:7025/Identity/Account/Login - application/x-www-form-urlencoded 242
2025-11-06 12:18:50.688 +01:00 [INF] Executing endpoint '/Account/Login'
2025-11-06 12:18:50.689 +01:00 [INF] Route matched with {page = "/Account/Login", area = "Identity", action = "", controller = ""}. Executing page /Account/Login
2025-11-06 12:18:50.692 +01:00 [INF] Executing handler method Jam.Areas.Identity.Pages.Account.LoginModel.OnPostAsync - ModelState is "Valid"
2025-11-06 12:18:50.784 +01:00 [INF] AuthenticationScheme: Identity.Application signed in.
2025-11-06 12:18:50.784 +01:00 [INF] User logged in.
2025-11-06 12:18:50.784 +01:00 [INF] Executed handler method OnPostAsync, returned result Microsoft.AspNetCore.Mvc.LocalRedirectResult.
2025-11-06 12:18:50.784 +01:00 [INF] Executing LocalRedirectResult, redirecting to /.
2025-11-06 12:18:50.784 +01:00 [INF] Executed page /Account/Login in 95.3758ms
2025-11-06 12:18:50.784 +01:00 [INF] Executed endpoint '/Account/Login'
2025-11-06 12:18:50.784 +01:00 [INF] Request finished HTTP/2 POST https://localhost:7025/Identity/Account/Login - 302 0 null 199.265ms
2025-11-06 12:18:50.791 +01:00 [INF] Request starting HTTP/2 GET https://localhost:7025/ - null null
2025-11-06 12:18:50.792 +01:00 [INF] Executing endpoint 'Jam.Controllers.HomeController.Index (Jam)'
2025-11-06 12:18:50.792 +01:00 [INF] Route matched with {action = "Index", controller = "Home", page = "", area = ""}. Executing controller action with signature System.Threading.Tasks.Task`1[Microsoft.AspNetCore.Mvc.IActionResult] Index() on controller Jam.Controllers.HomeController (Jam).
2025-11-06 12:18:50.800 +01:00 [INF] Executing ViewResult, running view Index.
2025-11-06 12:18:50.802 +01:00 [INF] Executed ViewResult - view Index executed in 2.7541ms.
2025-11-06 12:18:50.828 +01:00 [INF] Executed action Jam.Controllers.HomeController.Index (Jam) in 36.2ms
2025-11-06 12:18:50.854 +01:00 [INF] Executed endpoint 'Jam.Controllers.HomeController.Index (Jam)'
2025-11-06 12:18:50.854 +01:00 [INF] Request finished HTTP/2 GET https://localhost:7025/ - 200 null text/html; charset=utf-8 62.9284ms
2025-11-06 12:18:55.779 +01:00 [INF] Request starting HTTP/2 GET https://localhost:7025/Admin/Users - null null
2025-11-06 12:18:55.819 +01:00 [INF] Executing endpoint 'Jam.Controllers.AdminController.Users (Jam)'
2025-11-06 12:18:55.827 +01:00 [INF] Route matched with {action = "Users", controller = "Admin", page = "", area = ""}. Executing controller action with signature System.Threading.Tasks.Task`1[Microsoft.AspNetCore.Mvc.IActionResult] Users() on controller Jam.Controllers.AdminController (Jam).
2025-11-06 12:18:55.847 +01:00 [INF] Executing ViewResult, running view Users.
2025-11-06 12:18:56.000 +01:00 [INF] Executed ViewResult - view Users executed in 154.1439ms.
2025-11-06 12:18:56.022 +01:00 [INF] Executed action Jam.Controllers.AdminController.Users (Jam) in 194.7165ms
2025-11-06 12:18:56.022 +01:00 [INF] Executed endpoint 'Jam.Controllers.AdminController.Users (Jam)'
2025-11-06 12:18:56.046 +01:00 [INF] Request finished HTTP/2 GET https://localhost:7025/Admin/Users - 200 null text/html; charset=utf-8 339.9808ms
2025-11-06 12:19:06.037 +01:00 [INF] Request starting HTTP/2 GET https://localhost:7025/Admin/Stories - null null
2025-11-06 12:19:06.041 +01:00 [INF] Executing endpoint 'Jam.Controllers.AdminController.Stories (Jam)'
2025-11-06 12:19:06.045 +01:00 [INF] Route matched with {action = "Stories", controller = "Admin", page = "", area = ""}. Executing controller action with signature System.Threading.Tasks.Task`1[Microsoft.AspNetCore.Mvc.IActionResult] Stories() on controller Jam.Controllers.AdminController (Jam).
2025-11-06 12:19:06.067 +01:00 [INF] Executing ViewResult, running view Stories.
2025-11-06 12:19:06.100 +01:00 [INF] Executed ViewResult - view Stories executed in 33.2654ms.
2025-11-06 12:19:06.100 +01:00 [INF] Executed action Jam.Controllers.AdminController.Stories (Jam) in 55.3015ms
2025-11-06 12:19:06.101 +01:00 [INF] Executed endpoint 'Jam.Controllers.AdminController.Stories (Jam)'
2025-11-06 12:19:06.101 +01:00 [INF] Request finished HTTP/2 GET https://localhost:7025/Admin/Stories - 200 null text/html; charset=utf-8 64.2432ms
2025-11-06 12:19:13.178 +01:00 [INF] Request starting HTTP/2 GET https://localhost:7025/StoryManagement/StoryDetails?storyId=1 - null null
2025-11-06 12:19:13.181 +01:00 [INF] Executing endpoint 'Jam.Controllers.StoryManagementController.StoryDetails (Jam)'
2025-11-06 12:19:13.182 +01:00 [INF] Route matched with {action = "StoryDetails", controller = "StoryManagement", page = "", area = ""}. Executing controller action with signature System.Threading.Tasks.Task`1[Microsoft.AspNetCore.Mvc.IActionResult] StoryDetails(Int32) on controller Jam.Controllers.StoryManagementController (Jam).
2025-11-06 12:19:13.188 +01:00 [INF] Executing ViewResult, running view StoryDetails.
2025-11-06 12:19:13.191 +01:00 [INF] Executed ViewResult - view StoryDetails executed in 3.704ms.
2025-11-06 12:19:13.217 +01:00 [INF] Executed action Jam.Controllers.StoryManagementController.StoryDetails (Jam) in 35.7392ms
2025-11-06 12:19:13.243 +01:00 [INF] Executed endpoint 'Jam.Controllers.StoryManagementController.StoryDetails (Jam)'
2025-11-06 12:19:13.244 +01:00 [INF] Request finished HTTP/2 GET https://localhost:7025/StoryManagement/StoryDetails?storyId=1 - 200 null text/html; charset=utf-8 91.711ms
2025-11-06 12:19:18.495 +01:00 [INF] Request starting HTTP/2 GET https://localhost:7025/StoryEditing/EditStory?storyId=1 - null null
2025-11-06 12:19:18.565 +01:00 [INF] Executing endpoint 'Jam.Controllers.StoryEditingController.EditStory (Jam)'
2025-11-06 12:19:18.573 +01:00 [INF] Route matched with {action = "EditStory", controller = "StoryEditing", page = "", area = ""}. Executing controller action with signature System.Threading.Tasks.Task`1[Microsoft.AspNetCore.Mvc.IActionResult] EditStory(Int32) on controller Jam.Controllers.StoryEditingController (Jam).
2025-11-06 12:19:18.582 +01:00 [INF] Executing ViewResult, running view EditStory.
2025-11-06 12:19:18.604 +01:00 [INF] Executed ViewResult - view EditStory executed in 23.0553ms.
2025-11-06 12:19:18.604 +01:00 [INF] Executed action Jam.Controllers.StoryEditingController.EditStory (Jam) in 30.842ms
2025-11-06 12:19:18.604 +01:00 [INF] Executed endpoint 'Jam.Controllers.StoryEditingController.EditStory (Jam)'
2025-11-06 12:19:18.605 +01:00 [INF] Request finished HTTP/2 GET https://localhost:7025/StoryEditing/EditStory?storyId=1 - 200 null text/html; charset=utf-8 135.5833ms
2025-11-06 12:19:21.749 +01:00 [INF] Request starting HTTP/2 GET https://localhost:7025/StoryEditing/EditIntroScene?storyId=1 - null null
2025-11-06 12:19:21.752 +01:00 [INF] Executing endpoint 'Jam.Controllers.StoryEditingController.EditIntroScene (Jam)'
2025-11-06 12:19:21.755 +01:00 [INF] Route matched with {action = "EditIntroScene", controller = "StoryEditing", page = "", area = ""}. Executing controller action with signature System.Threading.Tasks.Task`1[Microsoft.AspNetCore.Mvc.IActionResult] EditIntroScene(Int32) on controller Jam.Controllers.StoryEditingController (Jam).
2025-11-06 12:19:21.761 +01:00 [INF] Executing ViewResult, running view EditIntroScene.
2025-11-06 12:19:21.771 +01:00 [INF] Executed ViewResult - view EditIntroScene executed in 9.8962ms.
2025-11-06 12:19:21.772 +01:00 [INF] Executed action Jam.Controllers.StoryEditingController.EditIntroScene (Jam) in 16.5653ms
2025-11-06 12:19:21.773 +01:00 [INF] Executed endpoint 'Jam.Controllers.StoryEditingController.EditIntroScene (Jam)'
2025-11-06 12:19:21.774 +01:00 [INF] Request finished HTTP/2 GET https://localhost:7025/StoryEditing/EditIntroScene?storyId=1 - 200 null text/html; charset=utf-8 24.9402ms
2025-11-06 12:19:24.294 +01:00 [INF] Request starting HTTP/2 GET https://localhost:7025/StoryEditing/EditQuestionScenes?storyId=1 - null null
2025-11-06 12:19:24.317 +01:00 [INF] Executing endpoint 'Jam.Controllers.StoryEditingController.EditQuestionScenes (Jam)'
2025-11-06 12:19:24.321 +01:00 [INF] Route matched with {action = "EditQuestionScenes", controller = "StoryEditing", page = "", area = ""}. Executing controller action with signature System.Threading.Tasks.Task`1[Microsoft.AspNetCore.Mvc.IActionResult] EditQuestionScenes(Int32) on controller Jam.Controllers.StoryEditingController (Jam).
2025-11-06 12:19:24.349 +01:00 [INF] Executing ViewResult, running view EditQuestionScenes.
2025-11-06 12:19:24.421 +01:00 [INF] Executed ViewResult - view EditQuestionScenes executed in 72.7121ms.
2025-11-06 12:19:24.422 +01:00 [INF] Executed action Jam.Controllers.StoryEditingController.EditQuestionScenes (Jam) in 100.2615ms
2025-11-06 12:19:24.422 +01:00 [INF] Executed endpoint 'Jam.Controllers.StoryEditingController.EditQuestionScenes (Jam)'
2025-11-06 12:19:24.422 +01:00 [INF] Request finished HTTP/2 GET https://localhost:7025/StoryEditing/EditQuestionScenes?storyId=1 - 200 null text/html; charset=utf-8 128.2307ms
2025-11-06 12:19:26.960 +01:00 [INF] Request starting HTTP/2 GET https://localhost:7025/StoryEditing/EditEndingScenes?storyId=1 - null null
2025-11-06 12:19:26.963 +01:00 [INF] Executing endpoint 'Jam.Controllers.StoryEditingController.EditEndingScenes (Jam)'
2025-11-06 12:19:26.968 +01:00 [INF] Route matched with {action = "EditEndingScenes", controller = "StoryEditing", page = "", area = ""}. Executing controller action with signature System.Threading.Tasks.Task`1[Microsoft.AspNetCore.Mvc.IActionResult] EditEndingScenes(Int32) on controller Jam.Controllers.StoryEditingController (Jam).
2025-11-06 12:19:26.986 +01:00 [INF] Executing ViewResult, running view EditEndingScenes.
2025-11-06 12:19:27.016 +01:00 [INF] Executed ViewResult - view EditEndingScenes executed in 30.8183ms.
2025-11-06 12:19:27.063 +01:00 [INF] Executed action Jam.Controllers.StoryEditingController.EditEndingScenes (Jam) in 94.9403ms
2025-11-06 12:19:27.088 +01:00 [INF] Executed endpoint 'Jam.Controllers.StoryEditingController.EditEndingScenes (Jam)'
2025-11-06 12:19:27.089 +01:00 [INF] Request finished HTTP/2 GET https://localhost:7025/StoryEditing/EditEndingScenes?storyId=1 - 200 null text/html; charset=utf-8 152.9925ms
