2025-11-06 14:24:30.261 +01:00 [INF] User profile is available. Using '/Users/jaraazad/.aspnet/DataProtection-Keys' as key repository; keys will not be encrypted at rest.
2025-11-06 14:24:30.871 +01:00 [INF] Applying migration '20251024065541_InitialCreate'.
2025-11-06 14:24:30.907 +01:00 [INF] Applying migration '20251101105657_AddIdentitySupport'.
2025-11-06 14:24:30.948 +01:00 [INF] Applying migration '20251103080324_UpdateNextQuestionSceneDeleteBehavior'.
2025-11-06 14:24:31.976 +01:00 [INF] Now listening on: https://localhost:7025
2025-11-06 14:24:31.976 +01:00 [INF] Now listening on: http://localhost:5262
2025-11-06 14:24:31.981 +01:00 [INF] Application started. Press Ctrl+C to shut down.
2025-11-06 14:24:31.982 +01:00 [INF] Hosting environment: Development
2025-11-06 14:24:31.982 +01:00 [INF] Content root path: /Users/jaraazad/Desktop/Jam
2025-11-06 14:24:32.312 +01:00 [INF] Request starting HTTP/2 GET https://localhost:7025/ - null null
2025-11-06 14:24:32.347 +01:00 [INF] Executing endpoint 'Jam.Controllers.HomeController.Index (Jam)'
2025-11-06 14:24:32.354 +01:00 [INF] Route matched with {action = "Index", controller = "Home", page = "", area = ""}. Executing controller action with signature System.Threading.Tasks.Task`1[Microsoft.AspNetCore.Mvc.IActionResult] Index() on controller Jam.Controllers.HomeController (Jam).
2025-11-06 14:24:32.366 +01:00 [WRN] [HomeController -> Index] Auth cookie invalid or user no longer exists. Redirecting to login.
2025-11-06 14:24:32.370 +01:00 [INF] AuthenticationScheme: Identity.Application signed out.
2025-11-06 14:24:32.371 +01:00 [INF] AuthenticationScheme: Identity.External signed out.
2025-11-06 14:24:32.371 +01:00 [INF] AuthenticationScheme: Identity.TwoFactorUserId signed out.
2025-11-06 14:24:32.372 +01:00 [INF] Executing LocalRedirectResult, redirecting to /Identity/Account/Login.
2025-11-06 14:24:32.374 +01:00 [INF] Executed action Jam.Controllers.HomeController.Index (Jam) in 18.185ms
2025-11-06 14:24:32.374 +01:00 [INF] Executed endpoint 'Jam.Controllers.HomeController.Index (Jam)'
2025-11-06 14:24:32.382 +01:00 [INF] Request finished HTTP/2 GET https://localhost:7025/ - 302 0 null 70.8374ms
2025-11-06 14:24:32.388 +01:00 [INF] Request starting HTTP/2 GET https://localhost:7025/Identity/Account/Login - null null
2025-11-06 14:24:32.390 +01:00 [INF] Executing endpoint '/Account/Login'
2025-11-06 14:24:32.401 +01:00 [INF] Route matched with {page = "/Account/Login", area = "Identity", action = "", controller = ""}. Executing page /Account/Login
2025-11-06 14:24:32.410 +01:00 [INF] Executing handler method Jam.Areas.Identity.Pages.Account.LoginModel.OnGetAsync - ModelState is "Valid"
2025-11-06 14:24:32.411 +01:00 [INF] AuthenticationScheme: Identity.External signed out.
2025-11-06 14:24:32.412 +01:00 [INF] Executed handler method OnGetAsync, returned result .
2025-11-06 14:24:32.414 +01:00 [INF] Executing an implicit handler method - ModelState is "Valid"
2025-11-06 14:24:32.414 +01:00 [INF] Executed an implicit handler method, returned result Microsoft.AspNetCore.Mvc.RazorPages.PageResult.
2025-11-06 14:24:32.503 +01:00 [INF] Executed page /Account/Login in 100.5122ms
2025-11-06 14:24:32.505 +01:00 [INF] Executed endpoint '/Account/Login'
2025-11-06 14:24:32.549 +01:00 [INF] Request starting HTTP/2 GET https://localhost:7025/lib/jquery-validation/dist/jquery.validate.min.js - null null
2025-11-06 14:24:32.578 +01:00 [INF] Request starting HTTP/2 GET https://localhost:7025/lib/jquery-validation-unobtrusive/jquery.validate.unobtrusive.min.js - null null
2025-11-06 14:24:32.581 +01:00 [INF] Request finished HTTP/2 GET https://localhost:7025/Identity/Account/Login - 200 null text/html; charset=utf-8 192.4288ms
2025-11-06 14:24:32.581 +01:00 [INF] Request finished HTTP/2 GET https://localhost:7025/lib/jquery-validation-unobtrusive/jquery.validate.unobtrusive.min.js - 404 0 null 3.2582ms
2025-11-06 14:24:32.581 +01:00 [INF] Request finished HTTP/2 GET https://localhost:7025/lib/jquery-validation/dist/jquery.validate.min.js - 404 0 null 32.3737ms
2025-11-06 14:24:32.582 +01:00 [INF] Request reached the end of the middleware pipeline without being handled by application code. Request path: GET https://localhost:7025/lib/jquery-validation-unobtrusive/jquery.validate.unobtrusive.min.js, Response status code: 404
2025-11-06 14:24:32.583 +01:00 [INF] Request reached the end of the middleware pipeline without being handled by application code. Request path: GET https://localhost:7025/lib/jquery-validation/dist/jquery.validate.min.js, Response status code: 404
2025-11-06 14:24:33.632 +01:00 [INF] Request starting HTTP/2 POST https://localhost:7025/Identity/Account/Login - application/x-www-form-urlencoded 236
2025-11-06 14:24:33.664 +01:00 [INF] Executing endpoint '/Account/Login'
2025-11-06 14:24:33.665 +01:00 [INF] Route matched with {page = "/Account/Login", area = "Identity", action = "", controller = ""}. Executing page /Account/Login
2025-11-06 14:24:33.698 +01:00 [INF] Executing handler method Jam.Areas.Identity.Pages.Account.LoginModel.OnPostAsync - ModelState is "Valid"
2025-11-06 14:24:33.817 +01:00 [INF] AuthenticationScheme: Identity.Application signed in.
2025-11-06 14:24:33.818 +01:00 [INF] User logged in.
2025-11-06 14:24:33.818 +01:00 [INF] Executed handler method OnPostAsync, returned result Microsoft.AspNetCore.Mvc.LocalRedirectResult.
2025-11-06 14:24:33.818 +01:00 [INF] Executing LocalRedirectResult, redirecting to /.
2025-11-06 14:24:33.819 +01:00 [INF] Executed page /Account/Login in 153.1106ms
2025-11-06 14:24:33.819 +01:00 [INF] Executed endpoint '/Account/Login'
2025-11-06 14:24:33.819 +01:00 [INF] Request finished HTTP/2 POST https://localhost:7025/Identity/Account/Login - 302 0 null 234.562ms
2025-11-06 14:24:33.847 +01:00 [INF] Request starting HTTP/2 GET https://localhost:7025/ - null null
2025-11-06 14:24:33.874 +01:00 [INF] Executing endpoint 'Jam.Controllers.HomeController.Index (Jam)'
2025-11-06 14:24:33.875 +01:00 [INF] Route matched with {action = "Index", controller = "Home", page = "", area = ""}. Executing controller action with signature System.Threading.Tasks.Task`1[Microsoft.AspNetCore.Mvc.IActionResult] Index() on controller Jam.Controllers.HomeController (Jam).
2025-11-06 14:24:33.914 +01:00 [INF] Executing ViewResult, running view Index.
2025-11-06 14:24:33.930 +01:00 [INF] Executed ViewResult - view Index executed in 17.0287ms.
2025-11-06 14:24:33.931 +01:00 [INF] Executed action Jam.Controllers.HomeController.Index (Jam) in 56.1486ms
2025-11-06 14:24:33.931 +01:00 [INF] Executed endpoint 'Jam.Controllers.HomeController.Index (Jam)'
2025-11-06 14:24:33.931 +01:00 [INF] Request finished HTTP/2 GET https://localhost:7025/ - 200 null text/html; charset=utf-8 84.2125ms
2025-11-06 14:24:34.689 +01:00 [INF] Request starting HTTP/2 GET https://localhost:7025/StoryCreation/CreateStoryAndIntro - null null
2025-11-06 14:24:34.697 +01:00 [INF] Executing endpoint 'Jam.Controllers.StoryCreationController.CreateStoryAndIntro (Jam)'
2025-11-06 14:24:34.700 +01:00 [INF] Route matched with {action = "CreateStoryAndIntro", controller = "StoryCreation", page = "", area = ""}. Executing controller action with signature Microsoft.AspNetCore.Mvc.IActionResult CreateStoryAndIntro() on controller Jam.Controllers.StoryCreationController (Jam).
2025-11-06 14:24:34.703 +01:00 [INF] Accessing expired session, Key:2d0cc344-df3d-072e-4af7-3508e4f5cd8c
2025-11-06 14:24:34.710 +01:00 [INF] Executing ViewResult, running view CreateStoryAndIntro.
2025-11-06 14:24:34.746 +01:00 [INF] Executed ViewResult - view CreateStoryAndIntro executed in 37.7265ms.
2025-11-06 14:24:34.747 +01:00 [INF] Executed action Jam.Controllers.StoryCreationController.CreateStoryAndIntro (Jam) in 47.0169ms
2025-11-06 14:24:34.748 +01:00 [INF] Executed endpoint 'Jam.Controllers.StoryCreationController.CreateStoryAndIntro (Jam)'
2025-11-06 14:24:34.775 +01:00 [INF] Request finished HTTP/2 GET https://localhost:7025/StoryCreation/CreateStoryAndIntro - 200 null text/html; charset=utf-8 85.8825ms
2025-11-06 14:24:37.439 +01:00 [INF] Request starting HTTP/2 POST https://localhost:7025/StoryCreation/CreateStoryAndIntro - application/x-www-form-urlencoded 304
2025-11-06 14:24:37.445 +01:00 [INF] Executing endpoint 'Jam.Controllers.StoryCreationController.CreateStoryAndIntro (Jam)'
2025-11-06 14:24:37.456 +01:00 [INF] Route matched with {action = "CreateStoryAndIntro", controller = "StoryCreation", page = "", area = ""}. Executing controller action with signature Microsoft.AspNetCore.Mvc.IActionResult CreateStoryAndIntro(Jam.ViewModels.StoryCreation.CreateStoryAndIntroViewModel) on controller Jam.Controllers.StoryCreationController (Jam).
2025-11-06 14:24:37.466 +01:00 [INF] Accessing expired session, Key:2d0cc344-df3d-072e-4af7-3508e4f5cd8c
2025-11-06 14:24:37.494 +01:00 [INF] Executing RedirectResult, redirecting to /StoryCreation/CreateQuestionScenes.
2025-11-06 14:24:37.494 +01:00 [INF] Executed action Jam.Controllers.StoryCreationController.CreateStoryAndIntro (Jam) in 37.2214ms
2025-11-06 14:24:37.494 +01:00 [INF] Executed endpoint 'Jam.Controllers.StoryCreationController.CreateStoryAndIntro (Jam)'
2025-11-06 14:24:37.494 +01:00 [INF] Session started; Key:2d0cc344-df3d-072e-4af7-3508e4f5cd8c, Id:30135c0a-4bb6-a7c1-699e-dc6cdad12c73
2025-11-06 14:24:37.495 +01:00 [INF] Request finished HTTP/2 POST https://localhost:7025/StoryCreation/CreateStoryAndIntro - 302 0 null 55.9057ms
2025-11-06 14:24:37.571 +01:00 [INF] Request starting HTTP/2 GET https://localhost:7025/StoryCreation/CreateQuestionScenes - null null
2025-11-06 14:24:37.573 +01:00 [INF] Executing endpoint 'Jam.Controllers.StoryCreationController.CreateQuestionScenes (Jam)'
2025-11-06 14:24:37.574 +01:00 [INF] Route matched with {action = "CreateQuestionScenes", controller = "StoryCreation", page = "", area = ""}. Executing controller action with signature Microsoft.AspNetCore.Mvc.IActionResult CreateQuestionScenes() on controller Jam.Controllers.StoryCreationController (Jam).
2025-11-06 14:24:37.582 +01:00 [INF] Executing ViewResult, running view CreateQuestionScenes.
2025-11-06 14:24:37.655 +01:00 [INF] Executed ViewResult - view CreateQuestionScenes executed in 74.1702ms.
2025-11-06 14:24:37.726 +01:00 [INF] Executed action Jam.Controllers.StoryCreationController.CreateQuestionScenes (Jam) in 126.22ms
2025-11-06 14:24:37.726 +01:00 [INF] Executed endpoint 'Jam.Controllers.StoryCreationController.CreateQuestionScenes (Jam)'
2025-11-06 14:24:37.726 +01:00 [INF] Request finished HTTP/2 GET https://localhost:7025/StoryCreation/CreateQuestionScenes - 200 null text/html; charset=utf-8 179.8847ms
2025-11-06 14:24:39.647 +01:00 [INF] Request starting HTTP/2 GET https://localhost:7025/StoryCreation/GetQuestionScenePartial?index=2 - null null
2025-11-06 14:24:39.652 +01:00 [INF] Executing endpoint 'Jam.Controllers.StoryCreationController.GetQuestionScenePartial (Jam)'
2025-11-06 14:24:39.657 +01:00 [INF] Route matched with {action = "GetQuestionScenePartial", controller = "StoryCreation", page = "", area = ""}. Executing controller action with signature Microsoft.AspNetCore.Mvc.IActionResult GetQuestionScenePartial(Int32) on controller Jam.Controllers.StoryCreationController (Jam).
2025-11-06 14:24:39.665 +01:00 [INF] Executing PartialViewResult, running view _QuestionScenePartial.
2025-11-06 14:24:39.674 +01:00 [INF] Executed PartialViewResult - view _QuestionScenePartial executed in 9.1329ms.
2025-11-06 14:24:39.699 +01:00 [INF] Executed action Jam.Controllers.StoryCreationController.GetQuestionScenePartial (Jam) in 42.0199ms
2025-11-06 14:24:39.699 +01:00 [INF] Executed endpoint 'Jam.Controllers.StoryCreationController.GetQuestionScenePartial (Jam)'
2025-11-06 14:24:39.699 +01:00 [INF] Request finished HTTP/2 GET https://localhost:7025/StoryCreation/GetQuestionScenePartial?index=2 - 200 null text/html; charset=utf-8 52.5361ms
