2025-11-05 08:03:57.881 +01:00 [INF] User profile is available. Using '/Users/michaelnedgaardisaksen/.aspnet/DataProtection-Keys' as key repository; keys will not be encrypted at rest.
2025-11-05 08:03:58.262 +01:00 [INF] Applying migration '20251024065541_InitialCreate'.
2025-11-05 08:03:58.292 +01:00 [INF] Applying migration '20251101105657_AddIdentitySupport'.
2025-11-05 08:03:58.322 +01:00 [INF] Applying migration '20251103080324_UpdateNextQuestionSceneDeleteBehavior'.
2025-11-05 08:03:59.703 +01:00 [INF] Now listening on: https://localhost:7025
2025-11-05 08:03:59.725 +01:00 [INF] Now listening on: http://localhost:5262
2025-11-05 08:03:59.756 +01:00 [INF] Application started. Press Ctrl+C to shut down.
2025-11-05 08:03:59.758 +01:00 [INF] Hosting environment: Development
2025-11-05 08:03:59.759 +01:00 [INF] Content root path: /Users/michaelnedgaardisaksen/Documents/ITPE3100_Webapplikasjoner/Demo-Jam/Jam
2025-11-05 08:04:01.269 +01:00 [INF] Request starting HTTP/2 GET https://localhost:7025/ - null null
2025-11-05 08:04:01.410 +01:00 [INF] Executing endpoint 'Jam.Controllers.HomeController.Index (Jam)'
2025-11-05 08:04:01.428 +01:00 [INF] Route matched with {action = "Index", controller = "Home", page = "", area = ""}. Executing controller action with signature System.Threading.Tasks.Task`1[Microsoft.AspNetCore.Mvc.IActionResult] Index() on controller Jam.Controllers.HomeController (Jam).
2025-11-05 08:04:01.450 +01:00 [WRN] [HomeController -> Index] Auth cookie invalid or user no longer exists. Redirecting to login.
2025-11-05 08:04:01.462 +01:00 [INF] AuthenticationScheme: Identity.Application signed out.
2025-11-05 08:04:01.466 +01:00 [INF] AuthenticationScheme: Identity.External signed out.
2025-11-05 08:04:01.467 +01:00 [INF] AuthenticationScheme: Identity.TwoFactorUserId signed out.
2025-11-05 08:04:01.469 +01:00 [INF] Executing LocalRedirectResult, redirecting to /Identity/Account/Login.
2025-11-05 08:04:01.473 +01:00 [INF] Executed action Jam.Controllers.HomeController.Index (Jam) in 42.2264ms
2025-11-05 08:04:01.474 +01:00 [INF] Executed endpoint 'Jam.Controllers.HomeController.Index (Jam)'
2025-11-05 08:04:01.478 +01:00 [INF] Request finished HTTP/2 GET https://localhost:7025/ - 302 0 null 214.4759ms
2025-11-05 08:04:01.523 +01:00 [INF] Request starting HTTP/2 GET https://localhost:7025/Identity/Account/Login - null null
2025-11-05 08:04:01.526 +01:00 [INF] Executing endpoint '/Account/Login'
2025-11-05 08:04:01.541 +01:00 [INF] Route matched with {page = "/Account/Login", area = "Identity", action = "", controller = ""}. Executing page /Account/Login
2025-11-05 08:04:01.553 +01:00 [INF] Executing handler method Jam.Areas.Identity.Pages.Account.LoginModel.OnGetAsync - ModelState is "Valid"
2025-11-05 08:04:01.554 +01:00 [INF] AuthenticationScheme: Identity.External signed out.
2025-11-05 08:04:01.555 +01:00 [INF] Executed handler method OnGetAsync, returned result .
2025-11-05 08:04:01.556 +01:00 [INF] Executing an implicit handler method - ModelState is "Valid"
2025-11-05 08:04:01.556 +01:00 [INF] Executed an implicit handler method, returned result Microsoft.AspNetCore.Mvc.RazorPages.PageResult.
2025-11-05 08:04:01.693 +01:00 [INF] Request starting HTTP/2 GET https://localhost:7025/lib/jquery-validation/dist/jquery.validate.min.js - null null
2025-11-05 08:04:01.693 +01:00 [INF] Request starting HTTP/2 GET https://localhost:7025/lib/jquery-validation-unobtrusive/jquery.validate.unobtrusive.min.js - null null
2025-11-05 08:04:01.694 +01:00 [INF] Request starting HTTP/2 GET https://localhost:7025/js/jquery.validate.js - null null
2025-11-05 08:04:01.696 +01:00 [INF] Request starting HTTP/2 GET https://localhost:7025/js/jquery.validate.unobtrusive.js - null null
2025-11-05 08:04:01.699 +01:00 [INF] Request finished HTTP/2 GET https://localhost:7025/lib/jquery-validation/dist/jquery.validate.min.js - 404 0 null 6.251ms
2025-11-05 08:04:01.701 +01:00 [INF] Request reached the end of the middleware pipeline without being handled by application code. Request path: GET https://localhost:7025/lib/jquery-validation/dist/jquery.validate.min.js, Response status code: 404
2025-11-05 08:04:01.707 +01:00 [INF] Request finished HTTP/2 GET https://localhost:7025/lib/jquery-validation-unobtrusive/jquery.validate.unobtrusive.min.js - 404 0 null 13.321ms
2025-11-05 08:04:01.707 +01:00 [INF] Request reached the end of the middleware pipeline without being handled by application code. Request path: GET https://localhost:7025/lib/jquery-validation-unobtrusive/jquery.validate.unobtrusive.min.js, Response status code: 404
2025-11-05 08:04:01.708 +01:00 [INF] Executed page /Account/Login in 166.6057ms
2025-11-05 08:04:01.732 +01:00 [INF] Executed endpoint '/Account/Login'
2025-11-05 08:04:01.743 +01:00 [INF] The file /js/jquery.validate.js was not modified
2025-11-05 08:04:01.743 +01:00 [INF] The file /js/jquery.validate.unobtrusive.js was not modified
2025-11-05 08:04:01.744 +01:00 [INF] Request finished HTTP/2 GET https://localhost:7025/js/jquery.validate.unobtrusive.js - 304 null text/javascript 49.4379ms
2025-11-05 08:04:01.745 +01:00 [INF] Request finished HTTP/2 GET https://localhost:7025/js/jquery.validate.js - 304 null text/javascript 50.935ms
2025-11-05 08:04:01.749 +01:00 [INF] Request finished HTTP/2 GET https://localhost:7025/Identity/Account/Login - 200 null text/html; charset=utf-8 226.3765ms
