2025-11-07 20:14:22.476 +01:00 [INF] User profile is available. Using '/Users/jaraazad/.aspnet/DataProtection-Keys' as key repository; keys will not be encrypted at rest.
2025-11-07 20:14:23.064 +01:00 [INF] Applying migration '20251024065541_InitialCreate'.
2025-11-07 20:14:23.101 +01:00 [INF] Applying migration '20251101105657_AddIdentitySupport'.
2025-11-07 20:14:23.215 +01:00 [INF] Applying migration '20251103080324_UpdateNextQuestionSceneDeleteBehavior'.
2025-11-07 20:14:24.650 +01:00 [INF] Now listening on: https://localhost:7025
2025-11-07 20:14:24.651 +01:00 [INF] Now listening on: http://localhost:5262
2025-11-07 20:14:24.681 +01:00 [INF] Application started. Press Ctrl+C to shut down.
2025-11-07 20:14:24.682 +01:00 [INF] Hosting environment: Development
2025-11-07 20:14:24.683 +01:00 [INF] Content root path: /Users/jaraazad/Desktop/Jam
2025-11-07 20:14:25.114 +01:00 [INF] Request starting HTTP/2 GET https://localhost:7025/ - null null
2025-11-07 20:14:25.150 +01:00 [INF] Executing endpoint 'Jam.Controllers.HomeController.Index (Jam)'
2025-11-07 20:14:25.158 +01:00 [INF] Route matched with {action = "Index", controller = "Home", page = "", area = ""}. Executing controller action with signature System.Threading.Tasks.Task`1[Microsoft.AspNetCore.Mvc.IActionResult] Index() on controller Jam.Controllers.HomeController (Jam).
2025-11-07 20:14:25.172 +01:00 [WRN] [HomeController -> Index] Auth cookie invalid or user no longer exists. Redirecting to login.
2025-11-07 20:14:25.175 +01:00 [INF] AuthenticationScheme: Identity.Application signed out.
2025-11-07 20:14:25.177 +01:00 [INF] AuthenticationScheme: Identity.External signed out.
2025-11-07 20:14:25.177 +01:00 [INF] AuthenticationScheme: Identity.TwoFactorUserId signed out.
2025-11-07 20:14:25.179 +01:00 [INF] Executing LocalRedirectResult, redirecting to /Identity/Account/Login.
2025-11-07 20:14:25.181 +01:00 [INF] Executed action Jam.Controllers.HomeController.Index (Jam) in 21.1169ms
2025-11-07 20:14:25.181 +01:00 [INF] Executed endpoint 'Jam.Controllers.HomeController.Index (Jam)'
2025-11-07 20:14:25.184 +01:00 [INF] Request finished HTTP/2 GET https://localhost:7025/ - 302 0 null 72.1157ms
2025-11-07 20:14:25.220 +01:00 [INF] Request starting HTTP/2 GET https://localhost:7025/Identity/Account/Login - null null
2025-11-07 20:14:25.250 +01:00 [INF] Executing endpoint '/Account/Login'
2025-11-07 20:14:25.262 +01:00 [INF] Route matched with {page = "/Account/Login", area = "Identity", action = "", controller = ""}. Executing page /Account/Login
2025-11-07 20:14:25.271 +01:00 [INF] Executing handler method Jam.Areas.Identity.Pages.Account.LoginModel.OnGetAsync - ModelState is "Valid"
2025-11-07 20:14:25.272 +01:00 [INF] AuthenticationScheme: Identity.External signed out.
2025-11-07 20:14:25.273 +01:00 [INF] Executed handler method OnGetAsync, returned result .
2025-11-07 20:14:25.274 +01:00 [INF] Executing an implicit handler method - ModelState is "Valid"
2025-11-07 20:14:25.274 +01:00 [INF] Executed an implicit handler method, returned result Microsoft.AspNetCore.Mvc.RazorPages.PageResult.
2025-11-07 20:14:25.321 +01:00 [INF] Executed page /Account/Login in 59.0612ms
2025-11-07 20:14:25.322 +01:00 [INF] Executed endpoint '/Account/Login'
2025-11-07 20:14:25.324 +01:00 [INF] Request finished HTTP/2 GET https://localhost:7025/Identity/Account/Login - 200 null text/html; charset=utf-8 103.8312ms
2025-11-07 20:14:25.366 +01:00 [INF] Request starting HTTP/2 GET https://localhost:7025/lib/jquery-validation/dist/jquery.validate.min.js - null null
2025-11-07 20:14:25.413 +01:00 [INF] Request starting HTTP/2 GET https://localhost:7025/lib/jquery-validation-unobtrusive/jquery.validate.unobtrusive.min.js - null null
2025-11-07 20:14:25.416 +01:00 [INF] Request finished HTTP/2 GET https://localhost:7025/lib/jquery-validation/dist/jquery.validate.min.js - 404 0 null 49.8766ms
2025-11-07 20:14:25.416 +01:00 [INF] Request finished HTTP/2 GET https://localhost:7025/lib/jquery-validation-unobtrusive/jquery.validate.unobtrusive.min.js - 404 0 null 3.065ms
2025-11-07 20:14:25.417 +01:00 [INF] Request reached the end of the middleware pipeline without being handled by application code. Request path: GET https://localhost:7025/lib/jquery-validation-unobtrusive/jquery.validate.unobtrusive.min.js, Response status code: 404
2025-11-07 20:14:25.417 +01:00 [INF] Request reached the end of the middleware pipeline without being handled by application code. Request path: GET https://localhost:7025/lib/jquery-validation/dist/jquery.validate.min.js, Response status code: 404
2025-11-07 20:14:36.405 +01:00 [INF] Request starting HTTP/2 POST https://localhost:7025/Identity/Account/Login - application/x-www-form-urlencoded 236
2025-11-07 20:14:36.424 +01:00 [INF] Executing endpoint '/Account/Login'
2025-11-07 20:14:36.426 +01:00 [INF] Route matched with {page = "/Account/Login", area = "Identity", action = "", controller = ""}. Executing page /Account/Login
2025-11-07 20:14:36.456 +01:00 [INF] Executing handler method Jam.Areas.Identity.Pages.Account.LoginModel.OnPostAsync - ModelState is "Valid"
2025-11-07 20:14:36.584 +01:00 [INF] AuthenticationScheme: Identity.Application signed in.
2025-11-07 20:14:36.585 +01:00 [INF] User logged in.
2025-11-07 20:14:36.585 +01:00 [INF] Executed handler method OnPostAsync, returned result Microsoft.AspNetCore.Mvc.LocalRedirectResult.
2025-11-07 20:14:36.586 +01:00 [INF] Executing LocalRedirectResult, redirecting to /.
2025-11-07 20:14:36.588 +01:00 [INF] Executed page /Account/Login in 161.809ms
2025-11-07 20:14:36.588 +01:00 [INF] Executed endpoint '/Account/Login'
2025-11-07 20:14:36.588 +01:00 [INF] Request finished HTTP/2 POST https://localhost:7025/Identity/Account/Login - 302 0 null 233.5414ms
2025-11-07 20:14:36.647 +01:00 [INF] Request starting HTTP/2 GET https://localhost:7025/ - null null
2025-11-07 20:14:36.649 +01:00 [INF] Executing endpoint 'Jam.Controllers.HomeController.Index (Jam)'
2025-11-07 20:14:36.649 +01:00 [INF] Route matched with {action = "Index", controller = "Home", page = "", area = ""}. Executing controller action with signature System.Threading.Tasks.Task`1[Microsoft.AspNetCore.Mvc.IActionResult] Index() on controller Jam.Controllers.HomeController (Jam).
2025-11-07 20:14:36.705 +01:00 [INF] Executing ViewResult, running view Index.
2025-11-07 20:14:36.721 +01:00 [INF] Executed ViewResult - view Index executed in 16.7911ms.
2025-11-07 20:14:36.751 +01:00 [INF] Executed action Jam.Controllers.HomeController.Index (Jam) in 102.3967ms
2025-11-07 20:14:36.752 +01:00 [INF] Executed endpoint 'Jam.Controllers.HomeController.Index (Jam)'
2025-11-07 20:14:36.752 +01:00 [INF] Request finished HTTP/2 GET https://localhost:7025/ - 200 null text/html; charset=utf-8 130.5243ms
2025-11-07 20:14:37.666 +01:00 [INF] Request starting HTTP/2 GET https://localhost:7025/StoryCreation/CreateStoryAndIntro - null null
2025-11-07 20:14:37.672 +01:00 [INF] Executing endpoint 'Jam.Controllers.StoryCreationController.CreateStoryAndIntro (Jam)'
2025-11-07 20:14:37.674 +01:00 [INF] Route matched with {action = "CreateStoryAndIntro", controller = "StoryCreation", page = "", area = ""}. Executing controller action with signature Microsoft.AspNetCore.Mvc.IActionResult CreateStoryAndIntro() on controller Jam.Controllers.StoryCreationController (Jam).
2025-11-07 20:14:37.677 +01:00 [INF] Accessing expired session, Key:81240ac2-d632-8b42-bfc2-321f7eaa06ba
2025-11-07 20:14:37.683 +01:00 [INF] Executing ViewResult, running view CreateStoryAndIntro.
2025-11-07 20:14:37.742 +01:00 [INF] Executed ViewResult - view CreateStoryAndIntro executed in 59.7623ms.
2025-11-07 20:14:37.814 +01:00 [INF] Executed action Jam.Controllers.StoryCreationController.CreateStoryAndIntro (Jam) in 139.4568ms
2025-11-07 20:14:37.839 +01:00 [INF] Executed endpoint 'Jam.Controllers.StoryCreationController.CreateStoryAndIntro (Jam)'
2025-11-07 20:14:37.839 +01:00 [INF] Request finished HTTP/2 GET https://localhost:7025/StoryCreation/CreateStoryAndIntro - 200 null text/html; charset=utf-8 173.69ms
2025-11-07 20:14:41.774 +01:00 [INF] Request starting HTTP/2 POST https://localhost:7025/StoryCreation/CreateStoryAndIntro - application/x-www-form-urlencoded 304
2025-11-07 20:14:41.803 +01:00 [INF] Executing endpoint 'Jam.Controllers.StoryCreationController.CreateStoryAndIntro (Jam)'
2025-11-07 20:14:41.812 +01:00 [INF] Route matched with {action = "CreateStoryAndIntro", controller = "StoryCreation", page = "", area = ""}. Executing controller action with signature Microsoft.AspNetCore.Mvc.IActionResult CreateStoryAndIntro(Jam.ViewModels.StoryCreation.CreateStoryAndIntroViewModel, System.String) on controller Jam.Controllers.StoryCreationController (Jam).
2025-11-07 20:14:41.818 +01:00 [INF] Accessing expired session, Key:81240ac2-d632-8b42-bfc2-321f7eaa06ba
2025-11-07 20:14:41.848 +01:00 [INF] Executing RedirectResult, redirecting to /StoryCreation/CreateQuestionScenes.
2025-11-07 20:14:41.848 +01:00 [INF] Executed action Jam.Controllers.StoryCreationController.CreateStoryAndIntro (Jam) in 36.2525ms
2025-11-07 20:14:41.848 +01:00 [INF] Executed endpoint 'Jam.Controllers.StoryCreationController.CreateStoryAndIntro (Jam)'
2025-11-07 20:14:41.849 +01:00 [INF] Session started; Key:81240ac2-d632-8b42-bfc2-321f7eaa06ba, Id:3effd396-d1f4-8351-8a92-db59c569399c
2025-11-07 20:14:41.849 +01:00 [INF] Request finished HTTP/2 POST https://localhost:7025/StoryCreation/CreateStoryAndIntro - 302 0 null 74.8817ms
2025-11-07 20:14:41.855 +01:00 [INF] Request starting HTTP/2 GET https://localhost:7025/StoryCreation/CreateQuestionScenes - null null
2025-11-07 20:14:41.856 +01:00 [INF] Executing endpoint 'Jam.Controllers.StoryCreationController.CreateQuestionScenes (Jam)'
2025-11-07 20:14:41.857 +01:00 [INF] Route matched with {action = "CreateQuestionScenes", controller = "StoryCreation", page = "", area = ""}. Executing controller action with signature Microsoft.AspNetCore.Mvc.IActionResult CreateQuestionScenes() on controller Jam.Controllers.StoryCreationController (Jam).
2025-11-07 20:14:41.862 +01:00 [INF] Executing ViewResult, running view CreateQuestionScenes.
2025-11-07 20:14:41.958 +01:00 [INF] Executed ViewResult - view CreateQuestionScenes executed in 96.7253ms.
2025-11-07 20:14:41.959 +01:00 [INF] Executed action Jam.Controllers.StoryCreationController.CreateQuestionScenes (Jam) in 101.3236ms
2025-11-07 20:14:41.959 +01:00 [INF] Executed endpoint 'Jam.Controllers.StoryCreationController.CreateQuestionScenes (Jam)'
2025-11-07 20:14:41.959 +01:00 [INF] Request finished HTTP/2 GET https://localhost:7025/StoryCreation/CreateQuestionScenes - 200 null text/html; charset=utf-8 103.3482ms
2025-11-07 20:14:44.953 +01:00 [INF] Request starting HTTP/2 GET https://localhost:7025/StoryCreation/GetQuestionScenePartial?index=1&questionNumber=2 - null null
2025-11-07 20:14:44.957 +01:00 [INF] Executing endpoint 'Jam.Controllers.StoryCreationController.GetQuestionScenePartial (Jam)'
2025-11-07 20:14:44.961 +01:00 [INF] Route matched with {action = "GetQuestionScenePartial", controller = "StoryCreation", page = "", area = ""}. Executing controller action with signature Microsoft.AspNetCore.Mvc.IActionResult GetQuestionScenePartial(Int32, Int32) on controller Jam.Controllers.StoryCreationController (Jam).
2025-11-07 20:14:44.970 +01:00 [INF] Executing PartialViewResult, running view _QuestionScenePartial.
2025-11-07 20:14:44.981 +01:00 [INF] Executed PartialViewResult - view _QuestionScenePartial executed in 11.0292ms.
2025-11-07 20:14:44.981 +01:00 [INF] Executed action Jam.Controllers.StoryCreationController.GetQuestionScenePartial (Jam) in 19.5055ms
2025-11-07 20:14:44.981 +01:00 [INF] Executed endpoint 'Jam.Controllers.StoryCreationController.GetQuestionScenePartial (Jam)'
2025-11-07 20:14:44.981 +01:00 [INF] Request finished HTTP/2 GET https://localhost:7025/StoryCreation/GetQuestionScenePartial?index=1&questionNumber=2 - 200 null text/html; charset=utf-8 52.6372ms
2025-11-07 20:14:47.341 +01:00 [INF] Request starting HTTP/2 POST https://localhost:7025/StoryCreation/DeleteQuestionInline - application/x-www-form-urlencoded 1313
2025-11-07 20:14:47.342 +01:00 [INF] Executing endpoint 'Jam.Controllers.StoryCreationController.DeleteQuestionInline (Jam)'
2025-11-07 20:14:47.346 +01:00 [INF] Route matched with {action = "DeleteQuestionInline", controller = "StoryCreation", page = "", area = ""}. Executing controller action with signature Microsoft.AspNetCore.Mvc.IActionResult DeleteQuestionInline(Jam.ViewModels.StoryCreation.CreateMultipleQuestionScenesViewModel, Int32) on controller Jam.Controllers.StoryCreationController (Jam).
2025-11-07 20:14:47.360 +01:00 [INF] Executing ViewResult, running view CreateQuestionScenes.
2025-11-07 20:14:47.396 +01:00 [INF] Executed ViewResult - view CreateQuestionScenes executed in 36.141ms.
2025-11-07 20:14:47.397 +01:00 [INF] Executed action Jam.Controllers.StoryCreationController.DeleteQuestionInline (Jam) in 50.3301ms
2025-11-07 20:14:47.398 +01:00 [INF] Executed endpoint 'Jam.Controllers.StoryCreationController.DeleteQuestionInline (Jam)'
2025-11-07 20:14:47.399 +01:00 [INF] Request finished HTTP/2 POST https://localhost:7025/StoryCreation/DeleteQuestionInline - 200 null text/html; charset=utf-8 58.2998ms
2025-11-07 20:15:31.337 +01:00 [INF] Request starting HTTP/2 GET https://localhost:7025/StoryEditing/EditStory?storyId=1 - null null
2025-11-07 20:15:31.368 +01:00 [INF] Executing endpoint 'Jam.Controllers.StoryEditingController.EditStory (Jam)'
2025-11-07 20:15:31.375 +01:00 [INF] Route matched with {action = "EditStory", controller = "StoryEditing", page = "", area = ""}. Executing controller action with signature System.Threading.Tasks.Task`1[Microsoft.AspNetCore.Mvc.IActionResult] EditStory(Int32) on controller Jam.Controllers.StoryEditingController (Jam).
2025-11-07 20:15:31.402 +01:00 [INF] Executing ViewResult, running view EditStory.
2025-11-07 20:15:31.447 +01:00 [INF] Executed ViewResult - view EditStory executed in 23.9352ms.
2025-11-07 20:15:31.447 +01:00 [INF] Executed action Jam.Controllers.StoryEditingController.EditStory (Jam) in 72.6488ms
2025-11-07 20:15:31.448 +01:00 [INF] Executed endpoint 'Jam.Controllers.StoryEditingController.EditStory (Jam)'
2025-11-07 20:15:31.449 +01:00 [INF] Request finished HTTP/2 GET https://localhost:7025/StoryEditing/EditStory?storyId=1 - 200 null text/html; charset=utf-8 137.1226ms
2025-11-07 20:15:32.914 +01:00 [INF] Request starting HTTP/2 GET https://localhost:7025/StoryEditing/EditQuestionScenes?storyId=1 - null null
2025-11-07 20:15:32.918 +01:00 [INF] Executing endpoint 'Jam.Controllers.StoryEditingController.EditQuestionScenes (Jam)'
2025-11-07 20:15:32.922 +01:00 [INF] Route matched with {action = "EditQuestionScenes", controller = "StoryEditing", page = "", area = ""}. Executing controller action with signature System.Threading.Tasks.Task`1[Microsoft.AspNetCore.Mvc.IActionResult] EditQuestionScenes(Int32) on controller Jam.Controllers.StoryEditingController (Jam).
2025-11-07 20:15:33.014 +01:00 [INF] Executing ViewResult, running view EditQuestionScenes.
2025-11-07 20:15:33.096 +01:00 [INF] Executed ViewResult - view EditQuestionScenes executed in 81.5932ms.
2025-11-07 20:15:33.096 +01:00 [INF] Executed action Jam.Controllers.StoryEditingController.EditQuestionScenes (Jam) in 173.3422ms
2025-11-07 20:15:33.096 +01:00 [INF] Executed endpoint 'Jam.Controllers.StoryEditingController.EditQuestionScenes (Jam)'
2025-11-07 20:15:33.096 +01:00 [INF] Request finished HTTP/2 GET https://localhost:7025/StoryEditing/EditQuestionScenes?storyId=1 - 200 null text/html; charset=utf-8 181.9962ms
2025-11-07 20:15:36.706 +01:00 [INF] Request starting HTTP/2 GET https://localhost:7025/StoryEditing/GetEditQuestionScenePartial?index=4&questionNumber=5 - null null
2025-11-07 20:15:36.736 +01:00 [INF] Request finished HTTP/2 GET https://localhost:7025/StoryEditing/GetEditQuestionScenePartial?index=4&questionNumber=5 - 404 0 null 29.8783ms
2025-11-07 20:15:36.739 +01:00 [INF] Request reached the end of the middleware pipeline without being handled by application code. Request path: GET https://localhost:7025/StoryEditing/GetEditQuestionScenePartial, Response status code: 404
2025-11-07 20:15:37.774 +01:00 [INF] Request starting HTTP/2 GET https://localhost:7025/StoryEditing/GetEditQuestionScenePartial?index=4&questionNumber=5 - null null
2025-11-07 20:15:37.775 +01:00 [INF] Request finished HTTP/2 GET https://localhost:7025/StoryEditing/GetEditQuestionScenePartial?index=4&questionNumber=5 - 404 0 null 1.4452ms
2025-11-07 20:15:37.775 +01:00 [INF] Request reached the end of the middleware pipeline without being handled by application code. Request path: GET https://localhost:7025/StoryEditing/GetEditQuestionScenePartial, Response status code: 404
2025-11-07 20:15:37.937 +01:00 [INF] Request starting HTTP/2 GET https://localhost:7025/StoryEditing/GetEditQuestionScenePartial?index=4&questionNumber=5 - null null
2025-11-07 20:15:37.939 +01:00 [INF] Request finished HTTP/2 GET https://localhost:7025/StoryEditing/GetEditQuestionScenePartial?index=4&questionNumber=5 - 404 0 null 2.4924ms
2025-11-07 20:15:37.940 +01:00 [INF] Request reached the end of the middleware pipeline without being handled by application code. Request path: GET https://localhost:7025/StoryEditing/GetEditQuestionScenePartial, Response status code: 404
2025-11-07 20:15:38.182 +01:00 [INF] Request starting HTTP/2 GET https://localhost:7025/StoryEditing/GetEditQuestionScenePartial?index=4&questionNumber=5 - null null
2025-11-07 20:15:38.183 +01:00 [INF] Request finished HTTP/2 GET https://localhost:7025/StoryEditing/GetEditQuestionScenePartial?index=4&questionNumber=5 - 404 0 null 1.4149ms
2025-11-07 20:15:38.183 +01:00 [INF] Request reached the end of the middleware pipeline without being handled by application code. Request path: GET https://localhost:7025/StoryEditing/GetEditQuestionScenePartial, Response status code: 404
