2025-11-06 14:51:33.633 +01:00 [INF] User profile is available. Using '/Users/jaraazad/.aspnet/DataProtection-Keys' as key repository; keys will not be encrypted at rest.
2025-11-06 14:51:34.296 +01:00 [INF] Applying migration '20251024065541_InitialCreate'.
2025-11-06 14:51:34.417 +01:00 [INF] Applying migration '20251101105657_AddIdentitySupport'.
2025-11-06 14:51:34.466 +01:00 [INF] Applying migration '20251103080324_UpdateNextQuestionSceneDeleteBehavior'.
2025-11-06 14:51:35.437 +01:00 [INF] Now listening on: https://localhost:7025
2025-11-06 14:51:35.439 +01:00 [INF] Now listening on: http://localhost:5262
2025-11-06 14:51:35.444 +01:00 [INF] Application started. Press Ctrl+C to shut down.
2025-11-06 14:51:35.445 +01:00 [INF] Hosting environment: Development
2025-11-06 14:51:35.446 +01:00 [INF] Content root path: /Users/jaraazad/Desktop/Jam
2025-11-06 14:51:35.720 +01:00 [INF] Request starting HTTP/2 GET https://localhost:7025/ - null null
2025-11-06 14:51:35.751 +01:00 [INF] Executing endpoint 'Jam.Controllers.HomeController.Index (Jam)'
2025-11-06 14:51:35.759 +01:00 [INF] Route matched with {action = "Index", controller = "Home", page = "", area = ""}. Executing controller action with signature System.Threading.Tasks.Task`1[Microsoft.AspNetCore.Mvc.IActionResult] Index() on controller Jam.Controllers.HomeController (Jam).
2025-11-06 14:51:35.771 +01:00 [WRN] [HomeController -> Index] Auth cookie invalid or user no longer exists. Redirecting to login.
2025-11-06 14:51:35.774 +01:00 [INF] AuthenticationScheme: Identity.Application signed out.
2025-11-06 14:51:35.775 +01:00 [INF] AuthenticationScheme: Identity.External signed out.
2025-11-06 14:51:35.775 +01:00 [INF] AuthenticationScheme: Identity.TwoFactorUserId signed out.
2025-11-06 14:51:35.776 +01:00 [INF] Executing LocalRedirectResult, redirecting to /Identity/Account/Login.
2025-11-06 14:51:35.778 +01:00 [INF] Executed action Jam.Controllers.HomeController.Index (Jam) in 17.8101ms
2025-11-06 14:51:35.779 +01:00 [INF] Executed endpoint 'Jam.Controllers.HomeController.Index (Jam)'
2025-11-06 14:51:35.784 +01:00 [INF] Request finished HTTP/2 GET https://localhost:7025/ - 302 0 null 65.3514ms
2025-11-06 14:51:35.841 +01:00 [INF] Request starting HTTP/2 GET https://localhost:7025/Identity/Account/Login - null null
2025-11-06 14:51:35.892 +01:00 [INF] Executing endpoint '/Account/Login'
2025-11-06 14:51:35.902 +01:00 [INF] Route matched with {page = "/Account/Login", area = "Identity", action = "", controller = ""}. Executing page /Account/Login
2025-11-06 14:51:35.909 +01:00 [INF] Executing handler method Jam.Areas.Identity.Pages.Account.LoginModel.OnGetAsync - ModelState is "Valid"
2025-11-06 14:51:35.910 +01:00 [INF] AuthenticationScheme: Identity.External signed out.
2025-11-06 14:51:35.911 +01:00 [INF] Executed handler method OnGetAsync, returned result .
2025-11-06 14:51:35.916 +01:00 [INF] Executing an implicit handler method - ModelState is "Valid"
2025-11-06 14:51:35.917 +01:00 [INF] Executed an implicit handler method, returned result Microsoft.AspNetCore.Mvc.RazorPages.PageResult.
2025-11-06 14:51:35.990 +01:00 [INF] Executed page /Account/Login in 87.8995ms
2025-11-06 14:51:36.016 +01:00 [INF] Executed endpoint '/Account/Login'
2025-11-06 14:51:36.018 +01:00 [INF] Request finished HTTP/2 GET https://localhost:7025/Identity/Account/Login - 200 null text/html; charset=utf-8 177.2464ms
2025-11-06 14:51:36.063 +01:00 [INF] Request starting HTTP/2 GET https://localhost:7025/lib/jquery-validation/dist/jquery.validate.min.js - null null
2025-11-06 14:51:36.089 +01:00 [INF] Request starting HTTP/2 GET https://localhost:7025/lib/jquery-validation-unobtrusive/jquery.validate.unobtrusive.min.js - null null
2025-11-06 14:51:36.091 +01:00 [INF] Request finished HTTP/2 GET https://localhost:7025/lib/jquery-validation/dist/jquery.validate.min.js - 404 0 null 27.8495ms
2025-11-06 14:51:36.091 +01:00 [INF] Request finished HTTP/2 GET https://localhost:7025/lib/jquery-validation-unobtrusive/jquery.validate.unobtrusive.min.js - 404 0 null 2.393ms
2025-11-06 14:51:36.091 +01:00 [INF] Request reached the end of the middleware pipeline without being handled by application code. Request path: GET https://localhost:7025/lib/jquery-validation-unobtrusive/jquery.validate.unobtrusive.min.js, Response status code: 404
2025-11-06 14:51:36.091 +01:00 [INF] Request reached the end of the middleware pipeline without being handled by application code. Request path: GET https://localhost:7025/lib/jquery-validation/dist/jquery.validate.min.js, Response status code: 404
2025-11-06 14:51:36.955 +01:00 [INF] Request starting HTTP/2 POST https://localhost:7025/Identity/Account/Login - application/x-www-form-urlencoded 236
2025-11-06 14:51:36.965 +01:00 [INF] Executing endpoint '/Account/Login'
2025-11-06 14:51:36.967 +01:00 [INF] Route matched with {page = "/Account/Login", area = "Identity", action = "", controller = ""}. Executing page /Account/Login
2025-11-06 14:51:36.992 +01:00 [INF] Executing handler method Jam.Areas.Identity.Pages.Account.LoginModel.OnPostAsync - ModelState is "Valid"
2025-11-06 14:51:37.115 +01:00 [INF] AuthenticationScheme: Identity.Application signed in.
2025-11-06 14:51:37.116 +01:00 [INF] User logged in.
2025-11-06 14:51:37.116 +01:00 [INF] Executed handler method OnPostAsync, returned result Microsoft.AspNetCore.Mvc.LocalRedirectResult.
2025-11-06 14:51:37.116 +01:00 [INF] Executing LocalRedirectResult, redirecting to /.
2025-11-06 14:51:37.116 +01:00 [INF] Executed page /Account/Login in 149.2053ms
2025-11-06 14:51:37.116 +01:00 [INF] Executed endpoint '/Account/Login'
2025-11-06 14:51:37.116 +01:00 [INF] Request finished HTTP/2 POST https://localhost:7025/Identity/Account/Login - 302 0 null 161.1881ms
2025-11-06 14:51:37.147 +01:00 [INF] Request starting HTTP/2 GET https://localhost:7025/ - null null
2025-11-06 14:51:37.174 +01:00 [INF] Executing endpoint 'Jam.Controllers.HomeController.Index (Jam)'
2025-11-06 14:51:37.174 +01:00 [INF] Route matched with {action = "Index", controller = "Home", page = "", area = ""}. Executing controller action with signature System.Threading.Tasks.Task`1[Microsoft.AspNetCore.Mvc.IActionResult] Index() on controller Jam.Controllers.HomeController (Jam).
2025-11-06 14:51:37.209 +01:00 [INF] Executing ViewResult, running view Index.
2025-11-06 14:51:37.226 +01:00 [INF] Executed ViewResult - view Index executed in 18.509ms.
2025-11-06 14:51:37.254 +01:00 [INF] Executed action Jam.Controllers.HomeController.Index (Jam) in 79.8454ms
2025-11-06 14:51:37.255 +01:00 [INF] Executed endpoint 'Jam.Controllers.HomeController.Index (Jam)'
2025-11-06 14:51:37.255 +01:00 [INF] Request finished HTTP/2 GET https://localhost:7025/ - 200 null text/html; charset=utf-8 107.6649ms
2025-11-06 14:51:37.858 +01:00 [INF] Request starting HTTP/2 GET https://localhost:7025/StoryCreation/CreateStoryAndIntro - null null
2025-11-06 14:51:37.863 +01:00 [INF] Executing endpoint 'Jam.Controllers.StoryCreationController.CreateStoryAndIntro (Jam)'
2025-11-06 14:51:37.865 +01:00 [INF] Route matched with {action = "CreateStoryAndIntro", controller = "StoryCreation", page = "", area = ""}. Executing controller action with signature Microsoft.AspNetCore.Mvc.IActionResult CreateStoryAndIntro() on controller Jam.Controllers.StoryCreationController (Jam).
2025-11-06 14:51:37.868 +01:00 [INF] Accessing expired session, Key:2d0cc344-df3d-072e-4af7-3508e4f5cd8c
2025-11-06 14:51:37.873 +01:00 [INF] Executing ViewResult, running view CreateStoryAndIntro.
2025-11-06 14:51:37.927 +01:00 [INF] Executed ViewResult - view CreateStoryAndIntro executed in 54.0459ms.
2025-11-06 14:51:37.974 +01:00 [INF] Executed action Jam.Controllers.StoryCreationController.CreateStoryAndIntro (Jam) in 108.4586ms
2025-11-06 14:51:37.974 +01:00 [INF] Executed endpoint 'Jam.Controllers.StoryCreationController.CreateStoryAndIntro (Jam)'
2025-11-06 14:51:37.974 +01:00 [INF] Request finished HTTP/2 GET https://localhost:7025/StoryCreation/CreateStoryAndIntro - 200 null text/html; charset=utf-8 116.9887ms
2025-11-06 14:51:40.077 +01:00 [INF] Request starting HTTP/2 POST https://localhost:7025/StoryCreation/CreateStoryAndIntro - application/x-www-form-urlencoded 304
2025-11-06 14:51:40.082 +01:00 [INF] Executing endpoint 'Jam.Controllers.StoryCreationController.CreateStoryAndIntro (Jam)'
2025-11-06 14:51:40.089 +01:00 [INF] Route matched with {action = "CreateStoryAndIntro", controller = "StoryCreation", page = "", area = ""}. Executing controller action with signature Microsoft.AspNetCore.Mvc.IActionResult CreateStoryAndIntro(Jam.ViewModels.StoryCreation.CreateStoryAndIntroViewModel) on controller Jam.Controllers.StoryCreationController (Jam).
2025-11-06 14:51:40.096 +01:00 [INF] Accessing expired session, Key:2d0cc344-df3d-072e-4af7-3508e4f5cd8c
2025-11-06 14:51:40.127 +01:00 [INF] Executing RedirectResult, redirecting to /StoryCreation/CreateQuestionScenes.
2025-11-06 14:51:40.127 +01:00 [INF] Executed action Jam.Controllers.StoryCreationController.CreateStoryAndIntro (Jam) in 38.5594ms
2025-11-06 14:51:40.127 +01:00 [INF] Executed endpoint 'Jam.Controllers.StoryCreationController.CreateStoryAndIntro (Jam)'
2025-11-06 14:51:40.128 +01:00 [INF] Session started; Key:2d0cc344-df3d-072e-4af7-3508e4f5cd8c, Id:005e3c74-571d-252e-9c4f-bd8f1d1d55cc
2025-11-06 14:51:40.128 +01:00 [INF] Request finished HTTP/2 POST https://localhost:7025/StoryCreation/CreateStoryAndIntro - 302 0 null 50.9187ms
2025-11-06 14:51:40.157 +01:00 [INF] Request starting HTTP/2 GET https://localhost:7025/StoryCreation/CreateQuestionScenes - null null
2025-11-06 14:51:40.158 +01:00 [INF] Executing endpoint 'Jam.Controllers.StoryCreationController.CreateQuestionScenes (Jam)'
2025-11-06 14:51:40.159 +01:00 [INF] Route matched with {action = "CreateQuestionScenes", controller = "StoryCreation", page = "", area = ""}. Executing controller action with signature Microsoft.AspNetCore.Mvc.IActionResult CreateQuestionScenes() on controller Jam.Controllers.StoryCreationController (Jam).
2025-11-06 14:51:40.165 +01:00 [INF] Executing ViewResult, running view CreateQuestionScenes.
2025-11-06 14:51:40.214 +01:00 [INF] Executed ViewResult - view CreateQuestionScenes executed in 49.5922ms.
2025-11-06 14:51:40.264 +01:00 [INF] Executed action Jam.Controllers.StoryCreationController.CreateQuestionScenes (Jam) in 79.8543ms
2025-11-06 14:51:40.265 +01:00 [INF] Executed endpoint 'Jam.Controllers.StoryCreationController.CreateQuestionScenes (Jam)'
2025-11-06 14:51:40.265 +01:00 [INF] Request finished HTTP/2 GET https://localhost:7025/StoryCreation/CreateQuestionScenes - 200 null text/html; charset=utf-8 131.6439ms
2025-11-06 14:51:42.025 +01:00 [INF] Request starting HTTP/2 GET https://localhost:7025/StoryCreation/GetQuestionScenePartial?index=1 - null null
2025-11-06 14:51:42.027 +01:00 [INF] Executing endpoint 'Jam.Controllers.StoryCreationController.GetQuestionScenePartial (Jam)'
2025-11-06 14:51:42.031 +01:00 [INF] Route matched with {action = "GetQuestionScenePartial", controller = "StoryCreation", page = "", area = ""}. Executing controller action with signature Microsoft.AspNetCore.Mvc.IActionResult GetQuestionScenePartial(Int32) on controller Jam.Controllers.StoryCreationController (Jam).
2025-11-06 14:51:42.039 +01:00 [INF] Executing PartialViewResult, running view _QuestionScenePartial.
2025-11-06 14:51:42.128 +01:00 [INF] Executed PartialViewResult - view _QuestionScenePartial executed in 89.357ms.
2025-11-06 14:51:42.129 +01:00 [INF] Executed action Jam.Controllers.StoryCreationController.GetQuestionScenePartial (Jam) in 98.0747ms
2025-11-06 14:51:42.130 +01:00 [INF] Executed endpoint 'Jam.Controllers.StoryCreationController.GetQuestionScenePartial (Jam)'
2025-11-06 14:51:42.131 +01:00 [INF] Request finished HTTP/2 GET https://localhost:7025/StoryCreation/GetQuestionScenePartial?index=1 - 200 null text/html; charset=utf-8 105.3605ms
