2025-11-07 19:51:20.967 +01:00 [INF] User profile is available. Using '/Users/jaraazad/.aspnet/DataProtection-Keys' as key repository; keys will not be encrypted at rest.
2025-11-07 19:51:21.440 +01:00 [INF] Applying migration '20251024065541_InitialCreate'.
2025-11-07 19:51:21.482 +01:00 [INF] Applying migration '20251101105657_AddIdentitySupport'.
2025-11-07 19:51:21.547 +01:00 [INF] Applying migration '20251103080324_UpdateNextQuestionSceneDeleteBehavior'.
2025-11-07 19:51:22.759 +01:00 [INF] Now listening on: https://localhost:7025
2025-11-07 19:51:22.759 +01:00 [INF] Now listening on: http://localhost:5262
2025-11-07 19:51:22.764 +01:00 [INF] Application started. Press Ctrl+C to shut down.
2025-11-07 19:51:22.765 +01:00 [INF] Hosting environment: Development
2025-11-07 19:51:22.766 +01:00 [INF] Content root path: /Users/jaraazad/Desktop/Jam
2025-11-07 19:51:23.017 +01:00 [INF] Request starting HTTP/2 GET https://localhost:7025/ - null null
2025-11-07 19:51:23.052 +01:00 [INF] Executing endpoint 'Jam.Controllers.HomeController.Index (Jam)'
2025-11-07 19:51:23.061 +01:00 [INF] Route matched with {action = "Index", controller = "Home", page = "", area = ""}. Executing controller action with signature System.Threading.Tasks.Task`1[Microsoft.AspNetCore.Mvc.IActionResult] Index() on controller Jam.Controllers.HomeController (Jam).
2025-11-07 19:51:23.075 +01:00 [WRN] [HomeController -> Index] Auth cookie invalid or user no longer exists. Redirecting to login.
2025-11-07 19:51:23.078 +01:00 [INF] AuthenticationScheme: Identity.Application signed out.
2025-11-07 19:51:23.080 +01:00 [INF] AuthenticationScheme: Identity.External signed out.
2025-11-07 19:51:23.081 +01:00 [INF] AuthenticationScheme: Identity.TwoFactorUserId signed out.
2025-11-07 19:51:23.082 +01:00 [INF] Executing LocalRedirectResult, redirecting to /Identity/Account/Login.
2025-11-07 19:51:23.084 +01:00 [INF] Executed action Jam.Controllers.HomeController.Index (Jam) in 21.0145ms
2025-11-07 19:51:23.085 +01:00 [INF] Executed endpoint 'Jam.Controllers.HomeController.Index (Jam)'
2025-11-07 19:51:23.091 +01:00 [INF] Request finished HTTP/2 GET https://localhost:7025/ - 302 0 null 75.1949ms
2025-11-07 19:51:23.120 +01:00 [INF] Request starting HTTP/2 GET https://localhost:7025/Identity/Account/Login - null null
2025-11-07 19:51:23.150 +01:00 [INF] Executing endpoint '/Account/Login'
2025-11-07 19:51:23.162 +01:00 [INF] Route matched with {page = "/Account/Login", area = "Identity", action = "", controller = ""}. Executing page /Account/Login
2025-11-07 19:51:23.170 +01:00 [INF] Executing handler method Jam.Areas.Identity.Pages.Account.LoginModel.OnGetAsync - ModelState is "Valid"
2025-11-07 19:51:23.171 +01:00 [INF] AuthenticationScheme: Identity.External signed out.
2025-11-07 19:51:23.171 +01:00 [INF] Executed handler method OnGetAsync, returned result .
2025-11-07 19:51:23.173 +01:00 [INF] Executing an implicit handler method - ModelState is "Valid"
2025-11-07 19:51:23.173 +01:00 [INF] Executed an implicit handler method, returned result Microsoft.AspNetCore.Mvc.RazorPages.PageResult.
2025-11-07 19:51:23.232 +01:00 [INF] Executed page /Account/Login in 70.2915ms
2025-11-07 19:51:23.232 +01:00 [INF] Executed endpoint '/Account/Login'
2025-11-07 19:51:23.234 +01:00 [INF] Request finished HTTP/2 GET https://localhost:7025/Identity/Account/Login - 200 null text/html; charset=utf-8 113.4514ms
2025-11-07 19:51:23.487 +01:00 [INF] Request starting HTTP/2 GET https://localhost:7025/lib/jquery-validation/dist/jquery.validate.min.js - null null
2025-11-07 19:51:23.488 +01:00 [INF] Request starting HTTP/2 GET https://localhost:7025/lib/jquery-validation-unobtrusive/jquery.validate.unobtrusive.min.js - null null
2025-11-07 19:51:23.492 +01:00 [INF] Request finished HTTP/2 GET https://localhost:7025/lib/jquery-validation/dist/jquery.validate.min.js - 404 0 null 28.1582ms
2025-11-07 19:51:23.492 +01:00 [INF] Request finished HTTP/2 GET https://localhost:7025/lib/jquery-validation-unobtrusive/jquery.validate.unobtrusive.min.js - 404 0 null 3.3325ms
2025-11-07 19:51:23.492 +01:00 [INF] Request reached the end of the middleware pipeline without being handled by application code. Request path: GET https://localhost:7025/lib/jquery-validation/dist/jquery.validate.min.js, Response status code: 404
2025-11-07 19:51:23.493 +01:00 [INF] Request reached the end of the middleware pipeline without being handled by application code. Request path: GET https://localhost:7025/lib/jquery-validation-unobtrusive/jquery.validate.unobtrusive.min.js, Response status code: 404
2025-11-07 19:51:25.600 +01:00 [INF] Request starting HTTP/2 POST https://localhost:7025/Identity/Account/Login - application/x-www-form-urlencoded 236
2025-11-07 19:51:25.658 +01:00 [INF] Executing endpoint '/Account/Login'
2025-11-07 19:51:25.661 +01:00 [INF] Route matched with {page = "/Account/Login", area = "Identity", action = "", controller = ""}. Executing page /Account/Login
2025-11-07 19:51:25.700 +01:00 [INF] Executing handler method Jam.Areas.Identity.Pages.Account.LoginModel.OnPostAsync - ModelState is "Valid"
2025-11-07 19:51:25.918 +01:00 [INF] AuthenticationScheme: Identity.Application signed in.
2025-11-07 19:51:25.921 +01:00 [INF] User logged in.
2025-11-07 19:51:25.930 +01:00 [INF] Executed handler method OnPostAsync, returned result Microsoft.AspNetCore.Mvc.LocalRedirectResult.
2025-11-07 19:51:25.930 +01:00 [INF] Executing LocalRedirectResult, redirecting to /.
2025-11-07 19:51:25.932 +01:00 [INF] Executed page /Account/Login in 270.5898ms
2025-11-07 19:51:25.932 +01:00 [INF] Executed endpoint '/Account/Login'
2025-11-07 19:51:25.932 +01:00 [INF] Request finished HTTP/2 POST https://localhost:7025/Identity/Account/Login - 302 0 null 332.1394ms
2025-11-07 19:51:25.938 +01:00 [INF] Request starting HTTP/2 GET https://localhost:7025/ - null null
2025-11-07 19:51:26.014 +01:00 [INF] Executing endpoint 'Jam.Controllers.HomeController.Index (Jam)'
2025-11-07 19:51:26.014 +01:00 [INF] Route matched with {action = "Index", controller = "Home", page = "", area = ""}. Executing controller action with signature System.Threading.Tasks.Task`1[Microsoft.AspNetCore.Mvc.IActionResult] Index() on controller Jam.Controllers.HomeController (Jam).
2025-11-07 19:51:26.069 +01:00 [INF] Executing ViewResult, running view Index.
2025-11-07 19:51:26.086 +01:00 [INF] Executed ViewResult - view Index executed in 18.0606ms.
2025-11-07 19:51:26.088 +01:00 [INF] Executed action Jam.Controllers.HomeController.Index (Jam) in 73.7212ms
2025-11-07 19:51:26.088 +01:00 [INF] Executed endpoint 'Jam.Controllers.HomeController.Index (Jam)'
2025-11-07 19:51:26.089 +01:00 [INF] Request finished HTTP/2 GET https://localhost:7025/ - 200 null text/html; charset=utf-8 150.5834ms
2025-11-07 19:51:26.777 +01:00 [INF] Request starting HTTP/2 GET https://localhost:7025/StoryCreation/CreateStoryAndIntro - null null
2025-11-07 19:51:26.780 +01:00 [INF] Executing endpoint 'Jam.Controllers.StoryCreationController.CreateStoryAndIntro (Jam)'
2025-11-07 19:51:26.782 +01:00 [INF] Route matched with {action = "CreateStoryAndIntro", controller = "StoryCreation", page = "", area = ""}. Executing controller action with signature Microsoft.AspNetCore.Mvc.IActionResult CreateStoryAndIntro() on controller Jam.Controllers.StoryCreationController (Jam).
2025-11-07 19:51:26.784 +01:00 [INF] Accessing expired session, Key:81240ac2-d632-8b42-bfc2-321f7eaa06ba
2025-11-07 19:51:26.788 +01:00 [INF] Executing ViewResult, running view CreateStoryAndIntro.
2025-11-07 19:51:26.809 +01:00 [INF] Executed ViewResult - view CreateStoryAndIntro executed in 22.0247ms.
2025-11-07 19:51:26.838 +01:00 [INF] Executed action Jam.Controllers.StoryCreationController.CreateStoryAndIntro (Jam) in 56.1317ms
2025-11-07 19:51:26.839 +01:00 [INF] Executed endpoint 'Jam.Controllers.StoryCreationController.CreateStoryAndIntro (Jam)'
2025-11-07 19:51:26.842 +01:00 [INF] Request finished HTTP/2 GET https://localhost:7025/StoryCreation/CreateStoryAndIntro - 200 null text/html; charset=utf-8 64.7611ms
2025-11-07 19:51:32.429 +01:00 [INF] Request starting HTTP/2 POST https://localhost:7025/StoryCreation/CreateStoryAndIntro - application/x-www-form-urlencoded 302
2025-11-07 19:51:32.456 +01:00 [INF] Executing endpoint 'Jam.Controllers.StoryCreationController.CreateStoryAndIntro (Jam)'
2025-11-07 19:51:32.474 +01:00 [INF] Route matched with {action = "CreateStoryAndIntro", controller = "StoryCreation", page = "", area = ""}. Executing controller action with signature Microsoft.AspNetCore.Mvc.IActionResult CreateStoryAndIntro(Jam.ViewModels.StoryCreation.CreateStoryAndIntroViewModel, System.String) on controller Jam.Controllers.StoryCreationController (Jam).
2025-11-07 19:51:32.481 +01:00 [INF] Accessing expired session, Key:81240ac2-d632-8b42-bfc2-321f7eaa06ba
2025-11-07 19:51:32.509 +01:00 [INF] Executing RedirectResult, redirecting to /StoryCreation/CreateQuestionScenes.
2025-11-07 19:51:32.510 +01:00 [INF] Executed action Jam.Controllers.StoryCreationController.CreateStoryAndIntro (Jam) in 35.7659ms
2025-11-07 19:51:32.510 +01:00 [INF] Executed endpoint 'Jam.Controllers.StoryCreationController.CreateStoryAndIntro (Jam)'
2025-11-07 19:51:32.510 +01:00 [INF] Session started; Key:81240ac2-d632-8b42-bfc2-321f7eaa06ba, Id:01068e01-e196-f223-d702-2d71414f23fe
2025-11-07 19:51:32.510 +01:00 [INF] Request finished HTTP/2 POST https://localhost:7025/StoryCreation/CreateStoryAndIntro - 302 0 null 103.1738ms
2025-11-07 19:51:32.516 +01:00 [INF] Request starting HTTP/2 GET https://localhost:7025/StoryCreation/CreateQuestionScenes - null null
2025-11-07 19:51:32.568 +01:00 [INF] Executing endpoint 'Jam.Controllers.StoryCreationController.CreateQuestionScenes (Jam)'
2025-11-07 19:51:32.569 +01:00 [INF] Route matched with {action = "CreateQuestionScenes", controller = "StoryCreation", page = "", area = ""}. Executing controller action with signature Microsoft.AspNetCore.Mvc.IActionResult CreateQuestionScenes() on controller Jam.Controllers.StoryCreationController (Jam).
2025-11-07 19:51:32.575 +01:00 [INF] Executing ViewResult, running view CreateQuestionScenes.
2025-11-07 19:51:32.672 +01:00 [INF] Executed ViewResult - view CreateQuestionScenes executed in 97.181ms.
2025-11-07 19:51:32.673 +01:00 [INF] Executed action Jam.Controllers.StoryCreationController.CreateQuestionScenes (Jam) in 103.502ms
2025-11-07 19:51:32.673 +01:00 [INF] Executed endpoint 'Jam.Controllers.StoryCreationController.CreateQuestionScenes (Jam)'
2025-11-07 19:51:32.673 +01:00 [INF] Request finished HTTP/2 GET https://localhost:7025/StoryCreation/CreateQuestionScenes - 200 null text/html; charset=utf-8 157.2862ms
2025-11-07 19:51:35.227 +01:00 [INF] Request starting HTTP/2 GET https://localhost:7025/StoryCreation/GetQuestionScenePartial?index=1&questionNumber=2 - null null
2025-11-07 19:51:35.229 +01:00 [INF] Executing endpoint 'Jam.Controllers.StoryCreationController.GetQuestionScenePartial (Jam)'
2025-11-07 19:51:35.230 +01:00 [INF] Route matched with {action = "GetQuestionScenePartial", controller = "StoryCreation", page = "", area = ""}. Executing controller action with signature Microsoft.AspNetCore.Mvc.IActionResult GetQuestionScenePartial(Int32, Int32) on controller Jam.Controllers.StoryCreationController (Jam).
2025-11-07 19:51:35.236 +01:00 [INF] Executing PartialViewResult, running view _QuestionScenePartial.
2025-11-07 19:51:35.269 +01:00 [INF] Executed PartialViewResult - view _QuestionScenePartial executed in 33.0842ms.
2025-11-07 19:51:35.269 +01:00 [INF] Executed action Jam.Controllers.StoryCreationController.GetQuestionScenePartial (Jam) in 38.3262ms
2025-11-07 19:51:35.269 +01:00 [INF] Executed endpoint 'Jam.Controllers.StoryCreationController.GetQuestionScenePartial (Jam)'
2025-11-07 19:51:35.269 +01:00 [INF] Request finished HTTP/2 GET https://localhost:7025/StoryCreation/GetQuestionScenePartial?index=1&questionNumber=2 - 200 null text/html; charset=utf-8 41.6623ms
