2025-11-02 10:06:06.239 +01:00 [INF] User profile is available. Using '/Users/michaelnedgaardisaksen/.aspnet/DataProtection-Keys' as key repository; keys will not be encrypted at rest.
2025-11-02 10:06:06.919 +01:00 [INF] Applying migration '20251024065541_InitialCreate'.
2025-11-02 10:06:06.965 +01:00 [INF] Applying migration '20251101105657_AddIdentitySupport'.
2025-11-02 10:06:08.115 +01:00 [INF] Now listening on: https://localhost:7025
2025-11-02 10:06:08.116 +01:00 [INF] Now listening on: http://localhost:5262
2025-11-02 10:06:08.119 +01:00 [INF] Application started. Press Ctrl+C to shut down.
2025-11-02 10:06:08.120 +01:00 [INF] Hosting environment: Development
2025-11-02 10:06:08.121 +01:00 [INF] Content root path: /Users/michaelnedgaardisaksen/Documents/ITPE3100_Webapplikasjoner/Demo-Jam/Jam
2025-11-02 10:06:08.434 +01:00 [INF] Request starting HTTP/2 GET https://localhost:7025/ - null null
2025-11-02 10:06:08.460 +01:00 [INF] Executing endpoint 'Jam.Controllers.HomeController.Index (Jam)'
2025-11-02 10:06:08.466 +01:00 [INF] Route matched with {action = "Index", controller = "Home", page = "", area = ""}. Executing controller action with signature System.Threading.Tasks.Task`1[Microsoft.AspNetCore.Mvc.IActionResult] Index() on controller Jam.Controllers.HomeController (Jam).
2025-11-02 10:06:08.479 +01:00 [WRN] [HomeController -> Index] User not logged in, redirecting to Login page.
2025-11-02 10:06:08.480 +01:00 [INF] Executing LocalRedirectResult, redirecting to /Identity/Account/Login.
2025-11-02 10:06:08.482 +01:00 [INF] Executed action Jam.Controllers.HomeController.Index (Jam) in 13.9636ms
2025-11-02 10:06:08.483 +01:00 [INF] Executed endpoint 'Jam.Controllers.HomeController.Index (Jam)'
2025-11-02 10:06:08.485 +01:00 [INF] Request finished HTTP/2 GET https://localhost:7025/ - 302 0 null 52.2013ms
2025-11-02 10:06:08.495 +01:00 [INF] Request starting HTTP/2 GET https://localhost:7025/Identity/Account/Login - null null
2025-11-02 10:06:08.497 +01:00 [INF] Executing endpoint '/Account/Login'
2025-11-02 10:06:08.506 +01:00 [INF] Route matched with {page = "/Account/Login", area = "Identity", action = "", controller = ""}. Executing page /Account/Login
2025-11-02 10:06:08.513 +01:00 [INF] Executing handler method Jam.Areas.Identity.Pages.Account.LoginModel.OnGetAsync - ModelState is "Valid"
2025-11-02 10:06:08.516 +01:00 [INF] AuthenticationScheme: Identity.External signed out.
2025-11-02 10:06:08.516 +01:00 [INF] Executed handler method OnGetAsync, returned result .
2025-11-02 10:06:08.517 +01:00 [INF] Executing an implicit handler method - ModelState is "Valid"
2025-11-02 10:06:08.518 +01:00 [INF] Executed an implicit handler method, returned result Microsoft.AspNetCore.Mvc.RazorPages.PageResult.
2025-11-02 10:06:08.589 +01:00 [INF] Executed page /Account/Login in 57.2749ms
2025-11-02 10:06:08.590 +01:00 [INF] Executed endpoint '/Account/Login'
2025-11-02 10:06:08.639 +01:00 [INF] Request starting HTTP/2 GET https://localhost:7025/lib/jquery-validation-unobtrusive/jquery.validate.unobtrusive.min.js - null null
2025-11-02 10:06:08.660 +01:00 [INF] Request starting HTTP/2 GET https://localhost:7025/lib/jquery-validation/dist/jquery.validate.min.js - null null
2025-11-02 10:06:08.688 +01:00 [INF] Request finished HTTP/2 GET https://localhost:7025/Identity/Account/Login - 200 null text/html; charset=utf-8 193.4274ms
2025-11-02 10:06:08.695 +01:00 [INF] Request finished HTTP/2 GET https://localhost:7025/lib/jquery-validation/dist/jquery.validate.min.js - 404 0 null 34.9103ms
2025-11-02 10:06:08.695 +01:00 [INF] Request finished HTTP/2 GET https://localhost:7025/lib/jquery-validation-unobtrusive/jquery.validate.unobtrusive.min.js - 404 0 null 79.938ms
2025-11-02 10:06:08.696 +01:00 [INF] Request reached the end of the middleware pipeline without being handled by application code. Request path: GET https://localhost:7025/lib/jquery-validation-unobtrusive/jquery.validate.unobtrusive.min.js, Response status code: 404
2025-11-02 10:06:08.696 +01:00 [INF] Request reached the end of the middleware pipeline without being handled by application code. Request path: GET https://localhost:7025/lib/jquery-validation/dist/jquery.validate.min.js, Response status code: 404
2025-11-02 10:06:11.214 +01:00 [INF] Request starting HTTP/2 POST https://localhost:7025/Identity/Account/Logout?returnUrl=%2F - application/x-www-form-urlencoded 225
2025-11-02 10:06:11.228 +01:00 [INF] Executing endpoint '/Account/Logout'
2025-11-02 10:06:11.235 +01:00 [INF] Route matched with {page = "/Account/Logout", area = "Identity", action = "", controller = ""}. Executing page /Account/Logout
2025-11-02 10:06:11.247 +01:00 [INF] Executing handler method Jam.Areas.Identity.Pages.Account.LogoutModel.OnPost - ModelState is "Valid"
2025-11-02 10:06:11.249 +01:00 [INF] AuthenticationScheme: Identity.Application signed out.
2025-11-02 10:06:11.249 +01:00 [INF] AuthenticationScheme: Identity.External signed out.
2025-11-02 10:06:11.249 +01:00 [INF] AuthenticationScheme: Identity.TwoFactorUserId signed out.
2025-11-02 10:06:11.251 +01:00 [INF] User logged out.
2025-11-02 10:06:11.251 +01:00 [INF] Executed handler method OnPost, returned result Microsoft.AspNetCore.Mvc.LocalRedirectResult.
2025-11-02 10:06:11.251 +01:00 [INF] Executing LocalRedirectResult, redirecting to /.
2025-11-02 10:06:11.251 +01:00 [INF] Executed page /Account/Logout in 16.1018ms
2025-11-02 10:06:11.251 +01:00 [INF] Executed endpoint '/Account/Logout'
2025-11-02 10:06:11.251 +01:00 [INF] Request finished HTTP/2 POST https://localhost:7025/Identity/Account/Logout?returnUrl=%2F - 302 0 null 88.974ms
2025-11-02 10:06:11.257 +01:00 [INF] Request starting HTTP/2 GET https://localhost:7025/ - null null
2025-11-02 10:06:11.259 +01:00 [INF] Authorization failed. These requirements were not met:
DenyAnonymousAuthorizationRequirement: Requires an authenticated user.
2025-11-02 10:06:11.260 +01:00 [INF] AuthenticationScheme: Identity.Application was challenged.
2025-11-02 10:06:11.260 +01:00 [INF] Request finished HTTP/2 GET https://localhost:7025/ - 302 0 null 2.8502ms
2025-11-02 10:06:11.263 +01:00 [INF] Request starting HTTP/2 GET https://localhost:7025/Identity/Account/Login?ReturnUrl=%2F - null null
2025-11-02 10:06:11.284 +01:00 [INF] Executing endpoint '/Account/Login'
2025-11-02 10:06:11.284 +01:00 [INF] Route matched with {page = "/Account/Login", area = "Identity", action = "", controller = ""}. Executing page /Account/Login
2025-11-02 10:06:11.285 +01:00 [INF] Executing handler method Jam.Areas.Identity.Pages.Account.LoginModel.OnGetAsync - ModelState is "Valid"
2025-11-02 10:06:11.285 +01:00 [INF] AuthenticationScheme: Identity.External signed out.
2025-11-02 10:06:11.285 +01:00 [INF] Executed handler method OnGetAsync, returned result .
2025-11-02 10:06:11.285 +01:00 [INF] Executing an implicit handler method - ModelState is "Valid"
2025-11-02 10:06:11.285 +01:00 [INF] Executed an implicit handler method, returned result Microsoft.AspNetCore.Mvc.RazorPages.PageResult.
2025-11-02 10:06:11.343 +01:00 [INF] Executed page /Account/Login in 59.0283ms
2025-11-02 10:06:11.343 +01:00 [INF] Executed endpoint '/Account/Login'
2025-11-02 10:06:11.344 +01:00 [INF] Request finished HTTP/2 GET https://localhost:7025/Identity/Account/Login?ReturnUrl=%2F - 200 null text/html; charset=utf-8 80.3755ms
2025-11-02 10:06:11.372 +01:00 [INF] Request starting HTTP/2 GET https://localhost:7025/lib/jquery-validation-unobtrusive/jquery.validate.unobtrusive.min.js - null null
2025-11-02 10:06:11.372 +01:00 [INF] Request starting HTTP/2 GET https://localhost:7025/lib/jquery-validation/dist/jquery.validate.min.js - null null
2025-11-02 10:06:11.374 +01:00 [INF] Request finished HTTP/2 GET https://localhost:7025/lib/jquery-validation-unobtrusive/jquery.validate.unobtrusive.min.js - 404 0 null 1.6764ms
2025-11-02 10:06:11.374 +01:00 [INF] Request finished HTTP/2 GET https://localhost:7025/lib/jquery-validation/dist/jquery.validate.min.js - 404 0 null 1.7341ms
2025-11-02 10:06:11.374 +01:00 [INF] Request reached the end of the middleware pipeline without being handled by application code. Request path: GET https://localhost:7025/lib/jquery-validation/dist/jquery.validate.min.js, Response status code: 404
2025-11-02 10:06:11.374 +01:00 [INF] Request reached the end of the middleware pipeline without being handled by application code. Request path: GET https://localhost:7025/lib/jquery-validation-unobtrusive/jquery.validate.unobtrusive.min.js, Response status code: 404
2025-11-02 10:06:18.119 +01:00 [INF] Request starting HTTP/2 POST https://localhost:7025/Identity/Account/Login?ReturnUrl=%2F - application/x-www-form-urlencoded 267
2025-11-02 10:06:18.122 +01:00 [INF] Executing endpoint '/Account/Login'
2025-11-02 10:06:18.123 +01:00 [INF] Route matched with {page = "/Account/Login", area = "Identity", action = "", controller = ""}. Executing page /Account/Login
2025-11-02 10:06:18.140 +01:00 [INF] Executing handler method Jam.Areas.Identity.Pages.Account.LoginModel.OnPostAsync - ModelState is "Valid"
2025-11-02 10:06:18.434 +01:00 [INF] AuthenticationScheme: Identity.Application signed in.
2025-11-02 10:06:18.434 +01:00 [INF] User logged in.
2025-11-02 10:06:18.435 +01:00 [INF] Executed handler method OnPostAsync, returned result Microsoft.AspNetCore.Mvc.LocalRedirectResult.
2025-11-02 10:06:18.435 +01:00 [INF] Executing LocalRedirectResult, redirecting to /.
2025-11-02 10:06:18.435 +01:00 [INF] Executed page /Account/Login in 311.502ms
2025-11-02 10:06:18.435 +01:00 [INF] Executed endpoint '/Account/Login'
2025-11-02 10:06:18.435 +01:00 [INF] Request finished HTTP/2 POST https://localhost:7025/Identity/Account/Login?ReturnUrl=%2F - 302 0 null 342.0416ms
2025-11-02 10:06:18.511 +01:00 [INF] Request starting HTTP/2 GET https://localhost:7025/ - null null
2025-11-02 10:06:18.511 +01:00 [INF] Executing endpoint 'Jam.Controllers.HomeController.Index (Jam)'
2025-11-02 10:06:18.511 +01:00 [INF] Route matched with {action = "Index", controller = "Home", page = "", area = ""}. Executing controller action with signature System.Threading.Tasks.Task`1[Microsoft.AspNetCore.Mvc.IActionResult] Index() on controller Jam.Controllers.HomeController (Jam).
2025-11-02 10:06:18.540 +01:00 [INF] Executing ViewResult, running view Index.
2025-11-02 10:06:18.546 +01:00 [INF] Executed ViewResult - view Index executed in 7.1821ms.
2025-11-02 10:06:18.568 +01:00 [INF] Executed action Jam.Controllers.HomeController.Index (Jam) in 56.8536ms
2025-11-02 10:06:18.569 +01:00 [INF] Executed endpoint 'Jam.Controllers.HomeController.Index (Jam)'
2025-11-02 10:06:18.571 +01:00 [INF] Request finished HTTP/2 GET https://localhost:7025/ - 200 null text/html; charset=utf-8 60.6865ms
2025-11-02 10:06:20.322 +01:00 [INF] Request starting HTTP/2 GET https://localhost:7025/StoryPlaying/StartStory?storyId=1 - null null
2025-11-02 10:06:20.353 +01:00 [INF] Executing endpoint 'Jam.Controllers.StoryPlayingController.StartStory (Jam)'
2025-11-02 10:06:20.362 +01:00 [INF] Route matched with {action = "StartStory", controller = "StoryPlaying", page = "", area = ""}. Executing controller action with signature System.Threading.Tasks.Task`1[Microsoft.AspNetCore.Mvc.IActionResult] StartStory(Int32) on controller Jam.Controllers.StoryPlayingController (Jam).
2025-11-02 10:06:20.420 +01:00 [INF] Executing RedirectResult, redirecting to /StoryPlaying/PlayScene?sceneId=3&SceneType=Intro&sessionId=3.
2025-11-02 10:06:20.420 +01:00 [INF] Executed action Jam.Controllers.StoryPlayingController.StartStory (Jam) in 57.504ms
2025-11-02 10:06:20.420 +01:00 [INF] Executed endpoint 'Jam.Controllers.StoryPlayingController.StartStory (Jam)'
2025-11-02 10:06:20.420 +01:00 [INF] Request finished HTTP/2 GET https://localhost:7025/StoryPlaying/StartStory?storyId=1 - 302 0 null 148.0781ms
2025-11-02 10:06:20.422 +01:00 [INF] Request starting HTTP/2 GET https://localhost:7025/StoryPlaying/PlayScene?sceneId=3&SceneType=Intro&sessionId=3 - null null
2025-11-02 10:06:20.423 +01:00 [INF] Executing endpoint 'Jam.Controllers.StoryPlayingController.PlayScene (Jam)'
2025-11-02 10:06:20.426 +01:00 [INF] Route matched with {action = "PlayScene", controller = "StoryPlaying", page = "", area = ""}. Executing controller action with signature System.Threading.Tasks.Task`1[Microsoft.AspNetCore.Mvc.IActionResult] PlayScene(Int32, Jam.Models.Enums.SceneType, Int32) on controller Jam.Controllers.StoryPlayingController (Jam).
2025-11-02 10:06:20.433 +01:00 [INF] Executing ViewResult, running view PlayScene.
2025-11-02 10:06:20.440 +01:00 [INF] Executed ViewResult - view PlayScene executed in 6.5719ms.
2025-11-02 10:06:20.440 +01:00 [INF] Executed action Jam.Controllers.StoryPlayingController.PlayScene (Jam) in 13.903ms
2025-11-02 10:06:20.440 +01:00 [INF] Executed endpoint 'Jam.Controllers.StoryPlayingController.PlayScene (Jam)'
2025-11-02 10:06:20.440 +01:00 [INF] Request finished HTTP/2 GET https://localhost:7025/StoryPlaying/PlayScene?sceneId=3&SceneType=Intro&sessionId=3 - 200 null text/html; charset=utf-8 17.9221ms
2025-11-02 10:06:20.499 +01:00 [INF] Request starting HTTP/2 GET https://localhost:7025/lib/jquery-validation/dist/jquery.validate.min.js - null null
2025-11-02 10:06:20.546 +01:00 [INF] Request starting HTTP/2 GET https://localhost:7025/lib/jquery-validation-unobtrusive/jquery.validate.unobtrusive.min.js - null null
2025-11-02 10:06:20.547 +01:00 [INF] Request finished HTTP/2 GET https://localhost:7025/lib/jquery-validation-unobtrusive/jquery.validate.unobtrusive.min.js - 404 0 null 25.7598ms
2025-11-02 10:06:20.547 +01:00 [INF] Request finished HTTP/2 GET https://localhost:7025/lib/jquery-validation/dist/jquery.validate.min.js - 404 0 null 47.6689ms
2025-11-02 10:06:20.547 +01:00 [INF] Request reached the end of the middleware pipeline without being handled by application code. Request path: GET https://localhost:7025/lib/jquery-validation-unobtrusive/jquery.validate.unobtrusive.min.js, Response status code: 404
2025-11-02 10:06:20.547 +01:00 [INF] Request reached the end of the middleware pipeline without being handled by application code. Request path: GET https://localhost:7025/lib/jquery-validation/dist/jquery.validate.min.js, Response status code: 404
2025-11-02 10:06:22.468 +01:00 [INF] Request starting HTTP/2 POST https://localhost:7025/StoryPlaying/PlayScene - application/x-www-form-urlencoded 293
2025-11-02 10:06:22.471 +01:00 [INF] Executing endpoint 'Jam.Controllers.StoryPlayingController.PlayScene (Jam)'
2025-11-02 10:06:22.491 +01:00 [INF] Route matched with {action = "PlayScene", controller = "StoryPlaying", page = "", area = ""}. Executing controller action with signature System.Threading.Tasks.Task`1[Microsoft.AspNetCore.Mvc.IActionResult] PlayScene(Jam.ViewModels.StoryPlaying.PlaySceneViewModel) on controller Jam.Controllers.StoryPlayingController (Jam).
2025-11-02 10:06:22.533 +01:00 [INF] Executing RedirectResult, redirecting to /StoryPlaying/PlayScene?sceneId=4&sceneType=Question&sessionId=3.
2025-11-02 10:06:22.533 +01:00 [INF] Executed action Jam.Controllers.StoryPlayingController.PlayScene (Jam) in 41.6681ms
2025-11-02 10:06:22.533 +01:00 [INF] Executed endpoint 'Jam.Controllers.StoryPlayingController.PlayScene (Jam)'
2025-11-02 10:06:22.533 +01:00 [INF] Request finished HTTP/2 POST https://localhost:7025/StoryPlaying/PlayScene - 302 0 null 65.587ms
2025-11-02 10:06:22.559 +01:00 [INF] Request starting HTTP/2 GET https://localhost:7025/StoryPlaying/PlayScene?sceneId=4&sceneType=Question&sessionId=3 - null null
2025-11-02 10:06:22.560 +01:00 [INF] Executing endpoint 'Jam.Controllers.StoryPlayingController.PlayScene (Jam)'
2025-11-02 10:06:22.560 +01:00 [INF] Route matched with {action = "PlayScene", controller = "StoryPlaying", page = "", area = ""}. Executing controller action with signature System.Threading.Tasks.Task`1[Microsoft.AspNetCore.Mvc.IActionResult] PlayScene(Int32, Jam.Models.Enums.SceneType, Int32) on controller Jam.Controllers.StoryPlayingController (Jam).
2025-11-02 10:06:22.584 +01:00 [INF] Executing ViewResult, running view PlayScene.
2025-11-02 10:06:22.684 +01:00 [INF] Executed ViewResult - view PlayScene executed in 74.0022ms.
2025-11-02 10:06:22.759 +01:00 [INF] Executed action Jam.Controllers.StoryPlayingController.PlayScene (Jam) in 198.8065ms
2025-11-02 10:06:22.784 +01:00 [INF] Executed endpoint 'Jam.Controllers.StoryPlayingController.PlayScene (Jam)'
2025-11-02 10:06:22.785 +01:00 [INF] Request starting HTTP/2 GET https://localhost:7025/lib/jquery-validation-unobtrusive/jquery.validate.unobtrusive.min.js - null null
2025-11-02 10:06:22.785 +01:00 [INF] Request starting HTTP/2 GET https://localhost:7025/lib/jquery-validation/dist/jquery.validate.min.js - null null
2025-11-02 10:06:22.785 +01:00 [INF] Request finished HTTP/2 GET https://localhost:7025/StoryPlaying/PlayScene?sceneId=4&sceneType=Question&sessionId=3 - 200 null text/html; charset=utf-8 225.516ms
2025-11-02 10:06:22.788 +01:00 [INF] Request finished HTTP/2 GET https://localhost:7025/lib/jquery-validation/dist/jquery.validate.min.js - 404 0 null 2.9724ms
2025-11-02 10:06:22.788 +01:00 [INF] Request finished HTTP/2 GET https://localhost:7025/lib/jquery-validation-unobtrusive/jquery.validate.unobtrusive.min.js - 404 0 null 3.358ms
2025-11-02 10:06:22.788 +01:00 [INF] Request reached the end of the middleware pipeline without being handled by application code. Request path: GET https://localhost:7025/lib/jquery-validation-unobtrusive/jquery.validate.unobtrusive.min.js, Response status code: 404
2025-11-02 10:06:22.788 +01:00 [INF] Request reached the end of the middleware pipeline without being handled by application code. Request path: GET https://localhost:7025/lib/jquery-validation/dist/jquery.validate.min.js, Response status code: 404
2025-11-02 10:06:24.218 +01:00 [INF] Request starting HTTP/2 POST https://localhost:7025/StoryPlaying/PlayScene - application/x-www-form-urlencoded 296
2025-11-02 10:06:24.220 +01:00 [INF] Executing endpoint 'Jam.Controllers.StoryPlayingController.PlayScene (Jam)'
2025-11-02 10:06:24.221 +01:00 [INF] Route matched with {action = "PlayScene", controller = "StoryPlaying", page = "", area = ""}. Executing controller action with signature System.Threading.Tasks.Task`1[Microsoft.AspNetCore.Mvc.IActionResult] PlayScene(Jam.ViewModels.StoryPlaying.PlaySceneViewModel) on controller Jam.Controllers.StoryPlayingController (Jam).
2025-11-02 10:06:24.236 +01:00 [WRN] [StoryPlayingController -> PlayScene:POST] Model state invalid
2025-11-02 10:06:24.236 +01:00 [INF] Executing ViewResult, running view PlayScene.
2025-11-02 10:06:24.240 +01:00 [INF] Executed ViewResult - view PlayScene executed in 3.5411ms.
2025-11-02 10:06:24.240 +01:00 [INF] Executed action Jam.Controllers.StoryPlayingController.PlayScene (Jam) in 18.6555ms
2025-11-02 10:06:24.240 +01:00 [INF] Executed endpoint 'Jam.Controllers.StoryPlayingController.PlayScene (Jam)'
2025-11-02 10:06:24.240 +01:00 [INF] Request finished HTTP/2 POST https://localhost:7025/StoryPlaying/PlayScene - 200 null text/html; charset=utf-8 22.0659ms
2025-11-02 10:06:24.253 +01:00 [INF] Request starting HTTP/2 GET https://localhost:7025/lib/jquery-validation/dist/jquery.validate.min.js - null null
2025-11-02 10:06:24.253 +01:00 [INF] Request starting HTTP/2 GET https://localhost:7025/lib/jquery-validation-unobtrusive/jquery.validate.unobtrusive.min.js - null null
2025-11-02 10:06:24.279 +01:00 [INF] Request finished HTTP/2 GET https://localhost:7025/lib/jquery-validation-unobtrusive/jquery.validate.unobtrusive.min.js - 404 0 null 26.2586ms
2025-11-02 10:06:24.279 +01:00 [INF] Request finished HTTP/2 GET https://localhost:7025/lib/jquery-validation/dist/jquery.validate.min.js - 404 0 null 26.2652ms
2025-11-02 10:06:24.279 +01:00 [INF] Request reached the end of the middleware pipeline without being handled by application code. Request path: GET https://localhost:7025/lib/jquery-validation-unobtrusive/jquery.validate.unobtrusive.min.js, Response status code: 404
2025-11-02 10:06:24.279 +01:00 [INF] Request reached the end of the middleware pipeline without being handled by application code. Request path: GET https://localhost:7025/lib/jquery-validation/dist/jquery.validate.min.js, Response status code: 404
