2025-11-03 09:41:02.578 +01:00 [INF] User profile is available. Using '/Users/michaelnedgaardisaksen/.aspnet/DataProtection-Keys' as key repository; keys will not be encrypted at rest.
2025-11-03 09:41:03.268 +01:00 [INF] Applying migration '20251024065541_InitialCreate'.
2025-11-03 09:41:03.327 +01:00 [INF] Applying migration '20251101105657_AddIdentitySupport'.
2025-11-03 09:41:03.386 +01:00 [INF] Applying migration '20251103080324_UpdateNextQuestionSceneDeleteBehavior'.
2025-11-03 09:41:04.743 +01:00 [INF] Now listening on: https://localhost:7025
2025-11-03 09:41:04.766 +01:00 [INF] Now listening on: http://localhost:5262
2025-11-03 09:41:04.779 +01:00 [INF] Application started. Press Ctrl+C to shut down.
2025-11-03 09:41:04.790 +01:00 [INF] Hosting environment: Development
2025-11-03 09:41:04.793 +01:00 [INF] Content root path: /Users/michaelnedgaardisaksen/Documents/ITPE3100_Webapplikasjoner/Demo-Jam/Jam
2025-11-03 09:41:05.377 +01:00 [INF] Request starting HTTP/2 GET https://localhost:7025/ - null null
2025-11-03 09:41:05.428 +01:00 [INF] AuthenticationScheme: Identity.Application signed out.
2025-11-03 09:41:05.429 +01:00 [INF] AuthenticationScheme: Identity.External signed out.
2025-11-03 09:41:05.429 +01:00 [INF] AuthenticationScheme: Identity.TwoFactorUserId signed out.
2025-11-03 09:41:05.429 +01:00 [INF] AuthenticationScheme: Identity.TwoFactorRememberMe signed out.
2025-11-03 09:41:05.431 +01:00 [INF] Identity.Application was not authenticated. Failure message: No principal.
2025-11-03 09:41:05.434 +01:00 [INF] Authorization failed. These requirements were not met:
DenyAnonymousAuthorizationRequirement: Requires an authenticated user.
2025-11-03 09:41:05.435 +01:00 [INF] AuthenticationScheme: Identity.Application was challenged.
2025-11-03 09:41:05.437 +01:00 [INF] Request finished HTTP/2 GET https://localhost:7025/ - 302 0 null 63.8802ms
2025-11-03 09:41:05.451 +01:00 [INF] Request starting HTTP/2 GET https://localhost:7025/Identity/Account/Login?ReturnUrl=%2F - null null
2025-11-03 09:41:05.455 +01:00 [INF] Executing endpoint '/Account/Login'
2025-11-03 09:41:05.467 +01:00 [INF] Route matched with {page = "/Account/Login", area = "Identity", action = "", controller = ""}. Executing page /Account/Login
2025-11-03 09:41:05.475 +01:00 [INF] Executing handler method Jam.Areas.Identity.Pages.Account.LoginModel.OnGetAsync - ModelState is "Valid"
2025-11-03 09:41:05.476 +01:00 [INF] AuthenticationScheme: Identity.External signed out.
2025-11-03 09:41:05.477 +01:00 [INF] Executed handler method OnGetAsync, returned result .
2025-11-03 09:41:05.478 +01:00 [INF] Executing an implicit handler method - ModelState is "Valid"
2025-11-03 09:41:05.478 +01:00 [INF] Executed an implicit handler method, returned result Microsoft.AspNetCore.Mvc.RazorPages.PageResult.
2025-11-03 09:41:05.528 +01:00 [INF] Executed page /Account/Login in 59.5582ms
2025-11-03 09:41:05.528 +01:00 [INF] Executed endpoint '/Account/Login'
2025-11-03 09:41:05.529 +01:00 [INF] Request finished HTTP/2 GET https://localhost:7025/Identity/Account/Login?ReturnUrl=%2F - 200 null text/html; charset=utf-8 78.4542ms
2025-11-03 09:41:05.564 +01:00 [INF] Request starting HTTP/2 GET https://localhost:7025/lib/jquery-validation/dist/jquery.validate.min.js - null null
2025-11-03 09:41:05.589 +01:00 [INF] Request starting HTTP/2 GET https://localhost:7025/lib/jquery-validation-unobtrusive/jquery.validate.unobtrusive.min.js - null null
2025-11-03 09:41:05.616 +01:00 [INF] Request finished HTTP/2 GET https://localhost:7025/lib/jquery-validation/dist/jquery.validate.min.js - 404 0 null 52.9865ms
2025-11-03 09:41:05.616 +01:00 [INF] Request finished HTTP/2 GET https://localhost:7025/lib/jquery-validation-unobtrusive/jquery.validate.unobtrusive.min.js - 404 0 null 52.6919ms
2025-11-03 09:41:05.617 +01:00 [INF] Request reached the end of the middleware pipeline without being handled by application code. Request path: GET https://localhost:7025/lib/jquery-validation/dist/jquery.validate.min.js, Response status code: 404
2025-11-03 09:41:05.617 +01:00 [INF] Request reached the end of the middleware pipeline without being handled by application code. Request path: GET https://localhost:7025/lib/jquery-validation-unobtrusive/jquery.validate.unobtrusive.min.js, Response status code: 404
2025-11-03 09:41:13.710 +01:00 [INF] Request starting HTTP/2 POST https://localhost:7025/Identity/Account/Login?ReturnUrl=%2F - application/x-www-form-urlencoded 236
2025-11-03 09:41:13.720 +01:00 [INF] Executing endpoint '/Account/Login'
2025-11-03 09:41:13.723 +01:00 [INF] Route matched with {page = "/Account/Login", area = "Identity", action = "", controller = ""}. Executing page /Account/Login
2025-11-03 09:41:13.754 +01:00 [INF] Executing handler method Jam.Areas.Identity.Pages.Account.LoginModel.OnPostAsync - ModelState is "Valid"
2025-11-03 09:41:13.874 +01:00 [INF] AuthenticationScheme: Identity.Application signed in.
2025-11-03 09:41:13.875 +01:00 [INF] User logged in.
2025-11-03 09:41:13.875 +01:00 [INF] Executed handler method OnPostAsync, returned result Microsoft.AspNetCore.Mvc.LocalRedirectResult.
2025-11-03 09:41:13.876 +01:00 [INF] Executing LocalRedirectResult, redirecting to /.
2025-11-03 09:41:13.878 +01:00 [INF] Executed page /Account/Login in 153.8797ms
2025-11-03 09:41:13.878 +01:00 [INF] Executed endpoint '/Account/Login'
2025-11-03 09:41:13.878 +01:00 [INF] Request finished HTTP/2 POST https://localhost:7025/Identity/Account/Login?ReturnUrl=%2F - 302 0 null 189.4282ms
2025-11-03 09:41:13.904 +01:00 [INF] Request starting HTTP/2 GET https://localhost:7025/ - null null
2025-11-03 09:41:13.905 +01:00 [INF] Executing endpoint 'Jam.Controllers.HomeController.Index (Jam)'
2025-11-03 09:41:13.909 +01:00 [INF] Route matched with {action = "Index", controller = "Home", page = "", area = ""}. Executing controller action with signature System.Threading.Tasks.Task`1[Microsoft.AspNetCore.Mvc.IActionResult] Index() on controller Jam.Controllers.HomeController (Jam).
2025-11-03 09:41:13.935 +01:00 [INF] Executing ViewResult, running view Index.
2025-11-03 09:41:13.947 +01:00 [INF] Executed ViewResult - view Index executed in 12.1388ms.
2025-11-03 09:41:13.948 +01:00 [INF] Executed action Jam.Controllers.HomeController.Index (Jam) in 38.0594ms
2025-11-03 09:41:13.948 +01:00 [INF] Executed endpoint 'Jam.Controllers.HomeController.Index (Jam)'
2025-11-03 09:41:13.948 +01:00 [INF] Request finished HTTP/2 GET https://localhost:7025/ - 200 null text/html; charset=utf-8 44.3277ms
2025-11-03 09:41:19.190 +01:00 [INF] Request starting HTTP/2 GET https://localhost:7025/StoryEditing/EditStory?storyId=1 - null null
2025-11-03 09:41:19.224 +01:00 [INF] Executing endpoint 'Jam.Controllers.StoryEditingController.EditStory (Jam)'
2025-11-03 09:41:19.231 +01:00 [INF] Route matched with {action = "EditStory", controller = "StoryEditing", page = "", area = ""}. Executing controller action with signature System.Threading.Tasks.Task`1[Microsoft.AspNetCore.Mvc.IActionResult] EditStory(Int32) on controller Jam.Controllers.StoryEditingController (Jam).
2025-11-03 09:41:19.246 +01:00 [INF] Executing ViewResult, running view EditStory.
2025-11-03 09:41:19.299 +01:00 [INF] Executed ViewResult - view EditStory executed in 52.8925ms.
2025-11-03 09:41:19.299 +01:00 [INF] Executed action Jam.Controllers.StoryEditingController.EditStory (Jam) in 67.6727ms
2025-11-03 09:41:19.299 +01:00 [INF] Executed endpoint 'Jam.Controllers.StoryEditingController.EditStory (Jam)'
2025-11-03 09:41:19.299 +01:00 [INF] Request finished HTTP/2 GET https://localhost:7025/StoryEditing/EditStory?storyId=1 - 200 null text/html; charset=utf-8 134.9017ms
2025-11-03 09:41:37.131 +01:00 [INF] Request starting HTTP/2 POST https://localhost:7025/StoryEditing/DeleteStory - application/x-www-form-urlencoded 234
2025-11-03 09:41:37.139 +01:00 [INF] Executing endpoint 'Jam.Controllers.StoryEditingController.DeleteStory (Jam)'
2025-11-03 09:41:37.144 +01:00 [INF] Route matched with {action = "DeleteStory", controller = "StoryEditing", page = "", area = ""}. Executing controller action with signature System.Threading.Tasks.Task`1[Microsoft.AspNetCore.Mvc.IActionResult] DeleteStory(Int32) on controller Jam.Controllers.StoryEditingController (Jam).
2025-11-03 09:41:37.150 +01:00 [WRN] [StoryEditingController -> DeleteStory:POST] Invalid storyId: 0
2025-11-03 09:41:37.151 +01:00 [INF] Executing RedirectResult, redirecting to /StoryEditing/Stories.
2025-11-03 09:41:37.151 +01:00 [INF] Executed action Jam.Controllers.StoryEditingController.DeleteStory (Jam) in 7.3677ms
2025-11-03 09:41:37.151 +01:00 [INF] Executed endpoint 'Jam.Controllers.StoryEditingController.DeleteStory (Jam)'
2025-11-03 09:41:37.151 +01:00 [INF] Request finished HTTP/2 POST https://localhost:7025/StoryEditing/DeleteStory - 302 0 null 67.1032ms
2025-11-03 09:41:37.157 +01:00 [INF] Request starting HTTP/2 GET https://localhost:7025/StoryEditing/Stories - null null
2025-11-03 09:41:37.158 +01:00 [INF] Request finished HTTP/2 GET https://localhost:7025/StoryEditing/Stories - 404 0 null 0.8933ms
2025-11-03 09:41:37.158 +01:00 [INF] Request reached the end of the middleware pipeline without being handled by application code. Request path: GET https://localhost:7025/StoryEditing/Stories, Response status code: 404
