2025-11-06 19:40:58.422 +01:00 [INF] User profile is available. Using '/Users/jaraazad/.aspnet/DataProtection-Keys' as key repository; keys will not be encrypted at rest.
2025-11-06 19:40:59.007 +01:00 [INF] Applying migration '20251024065541_InitialCreate'.
2025-11-06 19:40:59.073 +01:00 [INF] Applying migration '20251101105657_AddIdentitySupport'.
2025-11-06 19:40:59.113 +01:00 [INF] Applying migration '20251103080324_UpdateNextQuestionSceneDeleteBehavior'.
2025-11-06 19:41:00.273 +01:00 [INF] Now listening on: https://localhost:7025
2025-11-06 19:41:00.274 +01:00 [INF] Now listening on: http://localhost:5262
2025-11-06 19:41:00.278 +01:00 [INF] Application started. Press Ctrl+C to shut down.
2025-11-06 19:41:00.279 +01:00 [INF] Hosting environment: Development
2025-11-06 19:41:00.279 +01:00 [INF] Content root path: /Users/jaraazad/Desktop/Jam
2025-11-06 19:41:00.618 +01:00 [INF] Request starting HTTP/2 GET https://localhost:7025/ - null null
2025-11-06 19:41:00.650 +01:00 [INF] Executing endpoint 'Jam.Controllers.HomeController.Index (Jam)'
2025-11-06 19:41:00.658 +01:00 [INF] Route matched with {action = "Index", controller = "Home", page = "", area = ""}. Executing controller action with signature System.Threading.Tasks.Task`1[Microsoft.AspNetCore.Mvc.IActionResult] Index() on controller Jam.Controllers.HomeController (Jam).
2025-11-06 19:41:00.672 +01:00 [WRN] [HomeController -> Index] Auth cookie invalid or user no longer exists. Redirecting to login.
2025-11-06 19:41:00.676 +01:00 [INF] AuthenticationScheme: Identity.Application signed out.
2025-11-06 19:41:00.677 +01:00 [INF] AuthenticationScheme: Identity.External signed out.
2025-11-06 19:41:00.677 +01:00 [INF] AuthenticationScheme: Identity.TwoFactorUserId signed out.
2025-11-06 19:41:00.680 +01:00 [INF] Executing LocalRedirectResult, redirecting to /Identity/Account/Login.
2025-11-06 19:41:00.686 +01:00 [INF] Executed action Jam.Controllers.HomeController.Index (Jam) in 24.7982ms
2025-11-06 19:41:00.687 +01:00 [INF] Executed endpoint 'Jam.Controllers.HomeController.Index (Jam)'
2025-11-06 19:41:00.694 +01:00 [INF] Request finished HTTP/2 GET https://localhost:7025/ - 302 0 null 76.7039ms
2025-11-06 19:41:00.753 +01:00 [INF] Request starting HTTP/2 GET https://localhost:7025/Identity/Account/Login - null null
2025-11-06 19:41:00.765 +01:00 [INF] Executing endpoint '/Account/Login'
2025-11-06 19:41:00.777 +01:00 [INF] Route matched with {page = "/Account/Login", area = "Identity", action = "", controller = ""}. Executing page /Account/Login
2025-11-06 19:41:00.786 +01:00 [INF] Executing handler method Jam.Areas.Identity.Pages.Account.LoginModel.OnGetAsync - ModelState is "Valid"
2025-11-06 19:41:00.787 +01:00 [INF] AuthenticationScheme: Identity.External signed out.
2025-11-06 19:41:00.787 +01:00 [INF] Executed handler method OnGetAsync, returned result .
2025-11-06 19:41:00.789 +01:00 [INF] Executing an implicit handler method - ModelState is "Invalid"
2025-11-06 19:41:00.789 +01:00 [INF] Executed an implicit handler method, returned result Microsoft.AspNetCore.Mvc.RazorPages.PageResult.
2025-11-06 19:41:00.894 +01:00 [INF] Executed page /Account/Login in 116.2468ms
2025-11-06 19:41:00.894 +01:00 [INF] Executed endpoint '/Account/Login'
2025-11-06 19:41:00.895 +01:00 [INF] Request finished HTTP/2 GET https://localhost:7025/Identity/Account/Login - 200 null text/html; charset=utf-8 143.2195ms
2025-11-06 19:41:00.941 +01:00 [INF] Request starting HTTP/2 GET https://localhost:7025/lib/jquery-validation-unobtrusive/jquery.validate.unobtrusive.min.js - null null
2025-11-06 19:41:00.942 +01:00 [INF] Request starting HTTP/2 GET https://localhost:7025/lib/jquery-validation/dist/jquery.validate.min.js - null null
2025-11-06 19:41:00.948 +01:00 [INF] Request finished HTTP/2 GET https://localhost:7025/lib/jquery-validation/dist/jquery.validate.min.js - 404 0 null 5.9882ms
2025-11-06 19:41:00.948 +01:00 [INF] Request finished HTTP/2 GET https://localhost:7025/lib/jquery-validation-unobtrusive/jquery.validate.unobtrusive.min.js - 404 0 null 6.6413ms
2025-11-06 19:41:00.952 +01:00 [INF] Request reached the end of the middleware pipeline without being handled by application code. Request path: GET https://localhost:7025/lib/jquery-validation-unobtrusive/jquery.validate.unobtrusive.min.js, Response status code: 404
2025-11-06 19:41:00.952 +01:00 [INF] Request reached the end of the middleware pipeline without being handled by application code. Request path: GET https://localhost:7025/lib/jquery-validation/dist/jquery.validate.min.js, Response status code: 404
2025-11-06 19:41:26.114 +01:00 [INF] Request starting HTTP/2 POST https://localhost:7025/Identity/Account/Login - application/x-www-form-urlencoded 236
2025-11-06 19:41:26.177 +01:00 [INF] Executing endpoint '/Account/Login'
2025-11-06 19:41:26.179 +01:00 [INF] Route matched with {page = "/Account/Login", area = "Identity", action = "", controller = ""}. Executing page /Account/Login
2025-11-06 19:41:26.218 +01:00 [INF] Executing handler method Jam.Areas.Identity.Pages.Account.LoginModel.OnPostAsync - ModelState is "Valid"
2025-11-06 19:41:26.333 +01:00 [INF] AuthenticationScheme: Identity.Application signed in.
2025-11-06 19:41:26.333 +01:00 [INF] User logged in.
2025-11-06 19:41:26.334 +01:00 [INF] Executed handler method OnPostAsync, returned result Microsoft.AspNetCore.Mvc.LocalRedirectResult.
2025-11-06 19:41:26.334 +01:00 [INF] Executing LocalRedirectResult, redirecting to /.
2025-11-06 19:41:26.334 +01:00 [INF] Executed page /Account/Login in 154.7968ms
2025-11-06 19:41:26.334 +01:00 [INF] Executed endpoint '/Account/Login'
2025-11-06 19:41:26.334 +01:00 [INF] Request finished HTTP/2 POST https://localhost:7025/Identity/Account/Login - 302 0 null 295.2665ms
2025-11-06 19:41:26.341 +01:00 [INF] Request starting HTTP/2 GET https://localhost:7025/ - null null
2025-11-06 19:41:26.343 +01:00 [INF] Executing endpoint 'Jam.Controllers.HomeController.Index (Jam)'
2025-11-06 19:41:26.343 +01:00 [INF] Route matched with {action = "Index", controller = "Home", page = "", area = ""}. Executing controller action with signature System.Threading.Tasks.Task`1[Microsoft.AspNetCore.Mvc.IActionResult] Index() on controller Jam.Controllers.HomeController (Jam).
2025-11-06 19:41:26.389 +01:00 [INF] Executing ViewResult, running view Index.
2025-11-06 19:41:26.436 +01:00 [INF] Executed ViewResult - view Index executed in 48.9157ms.
2025-11-06 19:41:26.461 +01:00 [INF] Executed action Jam.Controllers.HomeController.Index (Jam) in 117.6248ms
2025-11-06 19:41:26.461 +01:00 [INF] Executed endpoint 'Jam.Controllers.HomeController.Index (Jam)'
2025-11-06 19:41:26.461 +01:00 [INF] Request finished HTTP/2 GET https://localhost:7025/ - 200 null text/html; charset=utf-8 119.7106ms
