2025-11-06 14:51:06.908 +01:00 [INF] User profile is available. Using '/Users/jaraazad/.aspnet/DataProtection-Keys' as key repository; keys will not be encrypted at rest.
2025-11-06 14:51:07.446 +01:00 [INF] Applying migration '20251024065541_InitialCreate'.
2025-11-06 14:51:07.560 +01:00 [INF] Applying migration '20251101105657_AddIdentitySupport'.
2025-11-06 14:51:07.637 +01:00 [INF] Applying migration '20251103080324_UpdateNextQuestionSceneDeleteBehavior'.
2025-11-06 14:51:08.728 +01:00 [INF] Now listening on: https://localhost:7025
2025-11-06 14:51:08.729 +01:00 [INF] Now listening on: http://localhost:5262
2025-11-06 14:51:08.733 +01:00 [INF] Application started. Press Ctrl+C to shut down.
2025-11-06 14:51:08.733 +01:00 [INF] Hosting environment: Development
2025-11-06 14:51:08.734 +01:00 [INF] Content root path: /Users/jaraazad/Desktop/Jam
2025-11-06 14:51:09.039 +01:00 [INF] Request starting HTTP/2 GET https://localhost:7025/ - null null
2025-11-06 14:51:09.074 +01:00 [INF] Executing endpoint 'Jam.Controllers.HomeController.Index (Jam)'
2025-11-06 14:51:09.082 +01:00 [INF] Route matched with {action = "Index", controller = "Home", page = "", area = ""}. Executing controller action with signature System.Threading.Tasks.Task`1[Microsoft.AspNetCore.Mvc.IActionResult] Index() on controller Jam.Controllers.HomeController (Jam).
2025-11-06 14:51:09.095 +01:00 [WRN] [HomeController -> Index] Auth cookie invalid or user no longer exists. Redirecting to login.
2025-11-06 14:51:09.098 +01:00 [INF] AuthenticationScheme: Identity.Application signed out.
2025-11-06 14:51:09.099 +01:00 [INF] AuthenticationScheme: Identity.External signed out.
2025-11-06 14:51:09.099 +01:00 [INF] AuthenticationScheme: Identity.TwoFactorUserId signed out.
2025-11-06 14:51:09.100 +01:00 [INF] Executing LocalRedirectResult, redirecting to /Identity/Account/Login.
2025-11-06 14:51:09.102 +01:00 [INF] Executed action Jam.Controllers.HomeController.Index (Jam) in 18.6355ms
2025-11-06 14:51:09.103 +01:00 [INF] Executed endpoint 'Jam.Controllers.HomeController.Index (Jam)'
2025-11-06 14:51:09.107 +01:00 [INF] Request finished HTTP/2 GET https://localhost:7025/ - 302 0 null 68.9615ms
2025-11-06 14:51:09.188 +01:00 [INF] Request starting HTTP/2 GET https://localhost:7025/Identity/Account/Login - null null
2025-11-06 14:51:09.194 +01:00 [INF] Executing endpoint '/Account/Login'
2025-11-06 14:51:09.211 +01:00 [INF] Route matched with {page = "/Account/Login", area = "Identity", action = "", controller = ""}. Executing page /Account/Login
2025-11-06 14:51:09.223 +01:00 [INF] Executing handler method Jam.Areas.Identity.Pages.Account.LoginModel.OnGetAsync - ModelState is "Valid"
2025-11-06 14:51:09.225 +01:00 [INF] AuthenticationScheme: Identity.External signed out.
2025-11-06 14:51:09.226 +01:00 [INF] Executed handler method OnGetAsync, returned result .
2025-11-06 14:51:09.227 +01:00 [INF] Executing an implicit handler method - ModelState is "Valid"
2025-11-06 14:51:09.227 +01:00 [INF] Executed an implicit handler method, returned result Microsoft.AspNetCore.Mvc.RazorPages.PageResult.
2025-11-06 14:51:09.294 +01:00 [INF] Executed page /Account/Login in 82.4934ms
2025-11-06 14:51:09.294 +01:00 [INF] Executed endpoint '/Account/Login'
2025-11-06 14:51:09.297 +01:00 [INF] Request finished HTTP/2 GET https://localhost:7025/Identity/Account/Login - 200 null text/html; charset=utf-8 108.8944ms
2025-11-06 14:51:09.347 +01:00 [INF] Request starting HTTP/2 GET https://localhost:7025/lib/jquery-validation/dist/jquery.validate.min.js - null null
2025-11-06 14:51:09.354 +01:00 [INF] Request starting HTTP/2 GET https://localhost:7025/lib/jquery-validation-unobtrusive/jquery.validate.unobtrusive.min.js - null null
2025-11-06 14:51:09.360 +01:00 [INF] Request finished HTTP/2 GET https://localhost:7025/lib/jquery-validation/dist/jquery.validate.min.js - 404 0 null 12.6777ms
2025-11-06 14:51:09.361 +01:00 [INF] Request finished HTTP/2 GET https://localhost:7025/lib/jquery-validation-unobtrusive/jquery.validate.unobtrusive.min.js - 404 0 null 6.5596ms
2025-11-06 14:51:09.366 +01:00 [INF] Request reached the end of the middleware pipeline without being handled by application code. Request path: GET https://localhost:7025/lib/jquery-validation/dist/jquery.validate.min.js, Response status code: 404
2025-11-06 14:51:09.366 +01:00 [INF] Request reached the end of the middleware pipeline without being handled by application code. Request path: GET https://localhost:7025/lib/jquery-validation-unobtrusive/jquery.validate.unobtrusive.min.js, Response status code: 404
2025-11-06 14:51:10.167 +01:00 [INF] Request starting HTTP/2 POST https://localhost:7025/Identity/Account/Login - application/x-www-form-urlencoded 236
2025-11-06 14:51:10.198 +01:00 [INF] Executing endpoint '/Account/Login'
2025-11-06 14:51:10.199 +01:00 [INF] Route matched with {page = "/Account/Login", area = "Identity", action = "", controller = ""}. Executing page /Account/Login
2025-11-06 14:51:10.230 +01:00 [INF] Executing handler method Jam.Areas.Identity.Pages.Account.LoginModel.OnPostAsync - ModelState is "Valid"
2025-11-06 14:51:10.357 +01:00 [INF] AuthenticationScheme: Identity.Application signed in.
2025-11-06 14:51:10.358 +01:00 [INF] User logged in.
2025-11-06 14:51:10.358 +01:00 [INF] Executed handler method OnPostAsync, returned result Microsoft.AspNetCore.Mvc.LocalRedirectResult.
2025-11-06 14:51:10.358 +01:00 [INF] Executing LocalRedirectResult, redirecting to /.
2025-11-06 14:51:10.359 +01:00 [INF] Executed page /Account/Login in 158.9977ms
2025-11-06 14:51:10.359 +01:00 [INF] Executed endpoint '/Account/Login'
2025-11-06 14:51:10.359 +01:00 [INF] Request finished HTTP/2 POST https://localhost:7025/Identity/Account/Login - 302 0 null 191.3978ms
2025-11-06 14:51:10.389 +01:00 [INF] Request starting HTTP/2 GET https://localhost:7025/ - null null
2025-11-06 14:51:10.391 +01:00 [INF] Executing endpoint 'Jam.Controllers.HomeController.Index (Jam)'
2025-11-06 14:51:10.391 +01:00 [INF] Route matched with {action = "Index", controller = "Home", page = "", area = ""}. Executing controller action with signature System.Threading.Tasks.Task`1[Microsoft.AspNetCore.Mvc.IActionResult] Index() on controller Jam.Controllers.HomeController (Jam).
2025-11-06 14:51:10.425 +01:00 [INF] Executing ViewResult, running view Index.
2025-11-06 14:51:10.445 +01:00 [INF] Executed ViewResult - view Index executed in 20.886ms.
2025-11-06 14:51:10.488 +01:00 [INF] Executed action Jam.Controllers.HomeController.Index (Jam) in 97.167ms
2025-11-06 14:51:10.493 +01:00 [INF] Executed endpoint 'Jam.Controllers.HomeController.Index (Jam)'
2025-11-06 14:51:10.497 +01:00 [INF] Request finished HTTP/2 GET https://localhost:7025/ - 200 null text/html; charset=utf-8 108.6251ms
2025-11-06 14:51:12.529 +01:00 [INF] Request starting HTTP/2 GET https://localhost:7025/StoryCreation/CreateStoryAndIntro - null null
2025-11-06 14:51:12.533 +01:00 [INF] Executing endpoint 'Jam.Controllers.StoryCreationController.CreateStoryAndIntro (Jam)'
2025-11-06 14:51:12.535 +01:00 [INF] Route matched with {action = "CreateStoryAndIntro", controller = "StoryCreation", page = "", area = ""}. Executing controller action with signature Microsoft.AspNetCore.Mvc.IActionResult CreateStoryAndIntro() on controller Jam.Controllers.StoryCreationController (Jam).
2025-11-06 14:51:12.537 +01:00 [INF] Accessing expired session, Key:2d0cc344-df3d-072e-4af7-3508e4f5cd8c
2025-11-06 14:51:12.543 +01:00 [INF] Executing ViewResult, running view CreateStoryAndIntro.
2025-11-06 14:51:12.666 +01:00 [INF] Executed ViewResult - view CreateStoryAndIntro executed in 98.9217ms.
2025-11-06 14:51:12.668 +01:00 [INF] Executed action Jam.Controllers.StoryCreationController.CreateStoryAndIntro (Jam) in 132.552ms
2025-11-06 14:51:12.668 +01:00 [INF] Executed endpoint 'Jam.Controllers.StoryCreationController.CreateStoryAndIntro (Jam)'
2025-11-06 14:51:12.668 +01:00 [INF] Request finished HTTP/2 GET https://localhost:7025/StoryCreation/CreateStoryAndIntro - 200 null text/html; charset=utf-8 140.1957ms
2025-11-06 14:51:14.825 +01:00 [INF] Request starting HTTP/2 POST https://localhost:7025/StoryCreation/CreateStoryAndIntro - application/x-www-form-urlencoded 304
2025-11-06 14:51:14.830 +01:00 [INF] Executing endpoint 'Jam.Controllers.StoryCreationController.CreateStoryAndIntro (Jam)'
2025-11-06 14:51:14.837 +01:00 [INF] Route matched with {action = "CreateStoryAndIntro", controller = "StoryCreation", page = "", area = ""}. Executing controller action with signature Microsoft.AspNetCore.Mvc.IActionResult CreateStoryAndIntro(Jam.ViewModels.StoryCreation.CreateStoryAndIntroViewModel) on controller Jam.Controllers.StoryCreationController (Jam).
2025-11-06 14:51:14.843 +01:00 [INF] Accessing expired session, Key:2d0cc344-df3d-072e-4af7-3508e4f5cd8c
2025-11-06 14:51:14.868 +01:00 [INF] Executing RedirectResult, redirecting to /StoryCreation/CreateQuestionScenes.
2025-11-06 14:51:14.868 +01:00 [INF] Executed action Jam.Controllers.StoryCreationController.CreateStoryAndIntro (Jam) in 30.9782ms
2025-11-06 14:51:14.868 +01:00 [INF] Executed endpoint 'Jam.Controllers.StoryCreationController.CreateStoryAndIntro (Jam)'
2025-11-06 14:51:14.868 +01:00 [INF] Session started; Key:2d0cc344-df3d-072e-4af7-3508e4f5cd8c, Id:f9fcae76-c873-7e34-d32e-50c1bf706055
2025-11-06 14:51:14.869 +01:00 [INF] Request finished HTTP/2 POST https://localhost:7025/StoryCreation/CreateStoryAndIntro - 302 0 null 44.0988ms
2025-11-06 14:51:14.897 +01:00 [INF] Request starting HTTP/2 GET https://localhost:7025/StoryCreation/CreateQuestionScenes - null null
2025-11-06 14:51:14.898 +01:00 [INF] Executing endpoint 'Jam.Controllers.StoryCreationController.CreateQuestionScenes (Jam)'
2025-11-06 14:51:14.899 +01:00 [INF] Route matched with {action = "CreateQuestionScenes", controller = "StoryCreation", page = "", area = ""}. Executing controller action with signature Microsoft.AspNetCore.Mvc.IActionResult CreateQuestionScenes() on controller Jam.Controllers.StoryCreationController (Jam).
2025-11-06 14:51:14.903 +01:00 [INF] Executing ViewResult, running view CreateQuestionScenes.
2025-11-06 14:51:14.923 +01:00 [INF] Executed ViewResult - view CreateQuestionScenes executed in 19.8542ms.
2025-11-06 14:51:14.924 +01:00 [INF] Executed action Jam.Controllers.StoryCreationController.CreateQuestionScenes (Jam) in 24.6345ms
2025-11-06 14:51:14.949 +01:00 [INF] Executed endpoint 'Jam.Controllers.StoryCreationController.CreateQuestionScenes (Jam)'
2025-11-06 14:51:14.952 +01:00 [INF] Request finished HTTP/2 GET https://localhost:7025/StoryCreation/CreateQuestionScenes - 200 null text/html; charset=utf-8 55.1662ms
2025-11-06 14:51:16.412 +01:00 [INF] Request starting HTTP/2 GET https://localhost:7025/StoryCreation/GetQuestionScenePartial?index=1 - null null
2025-11-06 14:51:16.414 +01:00 [INF] Executing endpoint 'Jam.Controllers.StoryCreationController.GetQuestionScenePartial (Jam)'
2025-11-06 14:51:16.418 +01:00 [INF] Route matched with {action = "GetQuestionScenePartial", controller = "StoryCreation", page = "", area = ""}. Executing controller action with signature Microsoft.AspNetCore.Mvc.IActionResult GetQuestionScenePartial(Int32) on controller Jam.Controllers.StoryCreationController (Jam).
2025-11-06 14:51:16.428 +01:00 [INF] Executing PartialViewResult, running view _QuestionScenePartial.
2025-11-06 14:51:16.463 +01:00 [INF] Executed PartialViewResult - view _QuestionScenePartial executed in 34.9951ms.
2025-11-06 14:51:16.463 +01:00 [INF] Executed action Jam.Controllers.StoryCreationController.GetQuestionScenePartial (Jam) in 45.4447ms
2025-11-06 14:51:16.463 +01:00 [INF] Executed endpoint 'Jam.Controllers.StoryCreationController.GetQuestionScenePartial (Jam)'
2025-11-06 14:51:16.463 +01:00 [INF] Request finished HTTP/2 GET https://localhost:7025/StoryCreation/GetQuestionScenePartial?index=1 - 200 null text/html; charset=utf-8 51.61ms
