2025-11-03 18:07:57.458 +01:00 [INF] User profile is available. Using '/Users/michaelnedgaardisaksen/.aspnet/DataProtection-Keys' as key repository; keys will not be encrypted at rest.
2025-11-03 18:07:58.234 +01:00 [INF] Applying migration '20251024065541_InitialCreate'.
2025-11-03 18:07:58.330 +01:00 [INF] Applying migration '20251101105657_AddIdentitySupport'.
2025-11-03 18:07:58.388 +01:00 [INF] Applying migration '20251103080324_UpdateNextQuestionSceneDeleteBehavior'.
2025-11-03 18:07:59.631 +01:00 [INF] Now listening on: https://localhost:7025
2025-11-03 18:07:59.631 +01:00 [INF] Now listening on: http://localhost:5262
2025-11-03 18:07:59.635 +01:00 [INF] Application started. Press Ctrl+C to shut down.
2025-11-03 18:07:59.636 +01:00 [INF] Hosting environment: Development
2025-11-03 18:07:59.636 +01:00 [INF] Content root path: /Users/michaelnedgaardisaksen/Documents/ITPE3100_Webapplikasjoner/Demo-Jam/Jam
2025-11-03 18:08:00.096 +01:00 [INF] Request starting HTTP/2 GET https://localhost:7025/ - null null
2025-11-03 18:08:00.138 +01:00 [INF] Executing endpoint 'Jam.Controllers.HomeController.Index (Jam)'
2025-11-03 18:08:00.145 +01:00 [INF] Route matched with {action = "Index", controller = "Home", page = "", area = ""}. Executing controller action with signature System.Threading.Tasks.Task`1[Microsoft.AspNetCore.Mvc.IActionResult] Index() on controller Jam.Controllers.HomeController (Jam).
2025-11-03 18:08:00.156 +01:00 [WRN] [HomeController -> Index] Auth cookie invalid or user no longer exists. Redirecting to login.
2025-11-03 18:08:00.158 +01:00 [INF] AuthenticationScheme: Identity.Application signed out.
2025-11-03 18:08:00.159 +01:00 [INF] AuthenticationScheme: Identity.External signed out.
2025-11-03 18:08:00.159 +01:00 [INF] AuthenticationScheme: Identity.TwoFactorUserId signed out.
2025-11-03 18:08:00.160 +01:00 [INF] Executing LocalRedirectResult, redirecting to /Identity/Account/Login.
2025-11-03 18:08:00.162 +01:00 [INF] Executed action Jam.Controllers.HomeController.Index (Jam) in 15.1543ms
2025-11-03 18:08:00.162 +01:00 [INF] Executed endpoint 'Jam.Controllers.HomeController.Index (Jam)'
2025-11-03 18:08:00.165 +01:00 [INF] Request finished HTTP/2 GET https://localhost:7025/ - 302 0 null 70.1918ms
2025-11-03 18:08:00.177 +01:00 [INF] Request starting HTTP/2 GET https://localhost:7025/Identity/Account/Login - null null
2025-11-03 18:08:00.199 +01:00 [INF] Executing endpoint '/Account/Login'
2025-11-03 18:08:00.211 +01:00 [INF] Route matched with {page = "/Account/Login", area = "Identity", action = "", controller = ""}. Executing page /Account/Login
2025-11-03 18:08:00.217 +01:00 [INF] Executing handler method Jam.Areas.Identity.Pages.Account.LoginModel.OnGetAsync - ModelState is "Valid"
2025-11-03 18:08:00.218 +01:00 [INF] AuthenticationScheme: Identity.External signed out.
2025-11-03 18:08:00.219 +01:00 [INF] Executed handler method OnGetAsync, returned result .
2025-11-03 18:08:00.220 +01:00 [INF] Executing an implicit handler method - ModelState is "Valid"
2025-11-03 18:08:00.220 +01:00 [INF] Executed an implicit handler method, returned result Microsoft.AspNetCore.Mvc.RazorPages.PageResult.
2025-11-03 18:08:00.266 +01:00 [INF] Executed page /Account/Login in 55.1847ms
2025-11-03 18:08:00.266 +01:00 [INF] Executed endpoint '/Account/Login'
2025-11-03 18:08:00.267 +01:00 [INF] Request finished HTTP/2 GET https://localhost:7025/Identity/Account/Login - 200 null text/html; charset=utf-8 89.8088ms
2025-11-03 18:08:00.501 +01:00 [INF] Request starting HTTP/2 GET https://localhost:7025/lib/jquery-validation/dist/jquery.validate.min.js - null null
2025-11-03 18:08:00.501 +01:00 [INF] Request starting HTTP/2 GET https://localhost:7025/lib/jquery-validation-unobtrusive/jquery.validate.unobtrusive.min.js - null null
2025-11-03 18:08:00.503 +01:00 [INF] Request finished HTTP/2 GET https://localhost:7025/lib/jquery-validation/dist/jquery.validate.min.js - 404 0 null 27.4087ms
2025-11-03 18:08:00.503 +01:00 [INF] Request finished HTTP/2 GET https://localhost:7025/lib/jquery-validation-unobtrusive/jquery.validate.unobtrusive.min.js - 404 0 null 2.1268ms
2025-11-03 18:08:00.504 +01:00 [INF] Request reached the end of the middleware pipeline without being handled by application code. Request path: GET https://localhost:7025/lib/jquery-validation/dist/jquery.validate.min.js, Response status code: 404
2025-11-03 18:08:00.504 +01:00 [INF] Request reached the end of the middleware pipeline without being handled by application code. Request path: GET https://localhost:7025/lib/jquery-validation-unobtrusive/jquery.validate.unobtrusive.min.js, Response status code: 404
2025-11-03 18:08:18.720 +01:00 [INF] Request starting HTTP/2 POST https://localhost:7025/Identity/Account/Login - application/x-www-form-urlencoded 242
2025-11-03 18:08:18.730 +01:00 [INF] Executing endpoint '/Account/Login'
2025-11-03 18:08:18.733 +01:00 [INF] Route matched with {page = "/Account/Login", area = "Identity", action = "", controller = ""}. Executing page /Account/Login
2025-11-03 18:08:18.762 +01:00 [INF] Executing handler method Jam.Areas.Identity.Pages.Account.LoginModel.OnPostAsync - ModelState is "Valid"
2025-11-03 18:08:18.876 +01:00 [INF] AuthenticationScheme: Identity.Application signed in.
2025-11-03 18:08:18.877 +01:00 [INF] User logged in.
2025-11-03 18:08:18.878 +01:00 [INF] Executed handler method OnPostAsync, returned result Microsoft.AspNetCore.Mvc.LocalRedirectResult.
2025-11-03 18:08:18.878 +01:00 [INF] Executing LocalRedirectResult, redirecting to /.
2025-11-03 18:08:18.879 +01:00 [INF] Executed page /Account/Login in 146.3367ms
2025-11-03 18:08:18.879 +01:00 [INF] Executed endpoint '/Account/Login'
2025-11-03 18:08:18.880 +01:00 [INF] Request finished HTTP/2 POST https://localhost:7025/Identity/Account/Login - 302 0 null 211.2907ms
2025-11-03 18:08:18.885 +01:00 [INF] Request starting HTTP/2 GET https://localhost:7025/ - null null
2025-11-03 18:08:18.907 +01:00 [INF] Executing endpoint 'Jam.Controllers.HomeController.Index (Jam)'
2025-11-03 18:08:18.907 +01:00 [INF] Route matched with {action = "Index", controller = "Home", page = "", area = ""}. Executing controller action with signature System.Threading.Tasks.Task`1[Microsoft.AspNetCore.Mvc.IActionResult] Index() on controller Jam.Controllers.HomeController (Jam).
2025-11-03 18:08:18.929 +01:00 [INF] Executing ViewResult, running view Index.
2025-11-03 18:08:18.963 +01:00 [INF] Executed ViewResult - view Index executed in 34.7694ms.
2025-11-03 18:08:18.964 +01:00 [INF] Executed action Jam.Controllers.HomeController.Index (Jam) in 56.9991ms
2025-11-03 18:08:18.964 +01:00 [INF] Executed endpoint 'Jam.Controllers.HomeController.Index (Jam)'
2025-11-03 18:08:18.991 +01:00 [INF] Request finished HTTP/2 GET https://localhost:7025/ - 200 null text/html; charset=utf-8 105.8294ms
2025-11-03 18:08:23.015 +01:00 [INF] Request starting HTTP/2 GET https://localhost:7025/Admin/Stories - null null
2025-11-03 18:08:23.025 +01:00 [INF] Executing endpoint 'Jam.Controllers.AdminController.Stories (Jam)'
2025-11-03 18:08:23.031 +01:00 [INF] Route matched with {action = "Stories", controller = "Admin", page = "", area = ""}. Executing controller action with signature System.Threading.Tasks.Task`1[Microsoft.AspNetCore.Mvc.IActionResult] Stories() on controller Jam.Controllers.AdminController (Jam).
2025-11-03 18:08:23.053 +01:00 [INF] Executing ViewResult, running view Stories.
2025-11-03 18:08:23.132 +01:00 [INF] Executed ViewResult - view Stories executed in 79.1701ms.
2025-11-03 18:08:23.204 +01:00 [INF] Executed action Jam.Controllers.AdminController.Stories (Jam) in 172.1719ms
2025-11-03 18:08:23.204 +01:00 [INF] Executed endpoint 'Jam.Controllers.AdminController.Stories (Jam)'
2025-11-03 18:08:23.204 +01:00 [INF] Request finished HTTP/2 GET https://localhost:7025/Admin/Stories - 200 null text/html; charset=utf-8 189.7636ms
2025-11-03 18:08:34.879 +01:00 [INF] Request starting HTTP/2 POST https://localhost:7025/Admin/DeleteStory - application/x-www-form-urlencoded 235
2025-11-03 18:08:34.912 +01:00 [INF] Executing endpoint 'Jam.Controllers.AdminController.DeleteStory (Jam)'
2025-11-03 18:08:34.918 +01:00 [INF] Route matched with {action = "DeleteStory", controller = "Admin", page = "", area = ""}. Executing controller action with signature System.Threading.Tasks.Task`1[Microsoft.AspNetCore.Mvc.IActionResult] DeleteStory(Int32) on controller Jam.Controllers.AdminController (Jam).
2025-11-03 18:08:34.941 +01:00 [INF] Executing RedirectResult, redirecting to /Admin/Stories.
2025-11-03 18:08:34.941 +01:00 [INF] Executed action Jam.Controllers.AdminController.DeleteStory (Jam) in 22.196ms
2025-11-03 18:08:34.941 +01:00 [INF] Executed endpoint 'Jam.Controllers.AdminController.DeleteStory (Jam)'
2025-11-03 18:08:34.941 +01:00 [INF] Request finished HTTP/2 POST https://localhost:7025/Admin/DeleteStory - 302 0 null 85.7894ms
2025-11-03 18:08:34.973 +01:00 [INF] Request starting HTTP/2 GET https://localhost:7025/Admin/Stories - null null
2025-11-03 18:08:34.974 +01:00 [INF] Executing endpoint 'Jam.Controllers.AdminController.Stories (Jam)'
2025-11-03 18:08:34.974 +01:00 [INF] Route matched with {action = "Stories", controller = "Admin", page = "", area = ""}. Executing controller action with signature System.Threading.Tasks.Task`1[Microsoft.AspNetCore.Mvc.IActionResult] Stories() on controller Jam.Controllers.AdminController (Jam).
2025-11-03 18:08:34.978 +01:00 [INF] Executing ViewResult, running view Stories.
2025-11-03 18:08:35.150 +01:00 [INF] Executed ViewResult - view Stories executed in 172.2636ms.
2025-11-03 18:08:35.151 +01:00 [INF] Executed action Jam.Controllers.AdminController.Stories (Jam) in 177.1849ms
2025-11-03 18:08:35.151 +01:00 [INF] Executed endpoint 'Jam.Controllers.AdminController.Stories (Jam)'
2025-11-03 18:08:35.156 +01:00 [INF] Request finished HTTP/2 GET https://localhost:7025/Admin/Stories - 200 null text/html; charset=utf-8 182.842ms
2025-11-03 18:08:38.446 +01:00 [INF] Request starting HTTP/2 POST https://localhost:7025/Identity/Account/Logout?returnUrl=%2F - application/x-www-form-urlencoded 225
2025-11-03 18:08:38.449 +01:00 [INF] Executing endpoint '/Account/Logout'
2025-11-03 18:08:38.456 +01:00 [INF] Route matched with {page = "/Account/Logout", area = "Identity", action = "", controller = ""}. Executing page /Account/Logout
2025-11-03 18:08:38.465 +01:00 [INF] Executing handler method Jam.Areas.Identity.Pages.Account.LogoutModel.OnPost - ModelState is "Valid"
2025-11-03 18:08:38.467 +01:00 [INF] AuthenticationScheme: Identity.Application signed out.
2025-11-03 18:08:38.467 +01:00 [INF] AuthenticationScheme: Identity.External signed out.
2025-11-03 18:08:38.467 +01:00 [INF] AuthenticationScheme: Identity.TwoFactorUserId signed out.
2025-11-03 18:08:38.469 +01:00 [INF] User logged out.
2025-11-03 18:08:38.469 +01:00 [INF] Executed handler method OnPost, returned result Microsoft.AspNetCore.Mvc.LocalRedirectResult.
2025-11-03 18:08:38.469 +01:00 [INF] Executing LocalRedirectResult, redirecting to /.
2025-11-03 18:08:38.469 +01:00 [INF] Executed page /Account/Logout in 12.2996ms
2025-11-03 18:08:38.469 +01:00 [INF] Executed endpoint '/Account/Logout'
2025-11-03 18:08:38.469 +01:00 [INF] Request finished HTTP/2 POST https://localhost:7025/Identity/Account/Logout?returnUrl=%2F - 302 0 null 23.442ms
2025-11-03 18:08:38.499 +01:00 [INF] Request starting HTTP/2 GET https://localhost:7025/ - null null
2025-11-03 18:08:38.526 +01:00 [INF] Authorization failed. These requirements were not met:
DenyAnonymousAuthorizationRequirement: Requires an authenticated user.
2025-11-03 18:08:38.531 +01:00 [INF] AuthenticationScheme: Identity.Application was challenged.
2025-11-03 18:08:38.531 +01:00 [INF] Request finished HTTP/2 GET https://localhost:7025/ - 302 0 null 31.9353ms
2025-11-03 18:08:38.611 +01:00 [INF] Request starting HTTP/2 GET https://localhost:7025/Identity/Account/Login?ReturnUrl=%2F - null null
2025-11-03 18:08:38.611 +01:00 [INF] Executing endpoint '/Account/Login'
2025-11-03 18:08:38.613 +01:00 [INF] Route matched with {page = "/Account/Login", area = "Identity", action = "", controller = ""}. Executing page /Account/Login
2025-11-03 18:08:38.616 +01:00 [INF] Executing handler method Jam.Areas.Identity.Pages.Account.LoginModel.OnGetAsync - ModelState is "Valid"
2025-11-03 18:08:38.616 +01:00 [INF] AuthenticationScheme: Identity.External signed out.
2025-11-03 18:08:38.616 +01:00 [INF] Executed handler method OnGetAsync, returned result .
2025-11-03 18:08:38.616 +01:00 [INF] Executing an implicit handler method - ModelState is "Valid"
2025-11-03 18:08:38.616 +01:00 [INF] Executed an implicit handler method, returned result Microsoft.AspNetCore.Mvc.RazorPages.PageResult.
2025-11-03 18:08:38.719 +01:00 [INF] Executed page /Account/Login in 106.3501ms
2025-11-03 18:08:38.719 +01:00 [INF] Executed endpoint '/Account/Login'
2025-11-03 18:08:38.719 +01:00 [INF] Request finished HTTP/2 GET https://localhost:7025/Identity/Account/Login?ReturnUrl=%2F - 200 null text/html; charset=utf-8 108.9069ms
2025-11-03 18:08:38.725 +01:00 [INF] Request starting HTTP/2 GET https://localhost:7025/lib/jquery-validation/dist/jquery.validate.min.js - null null
2025-11-03 18:08:38.725 +01:00 [INF] Request starting HTTP/2 GET https://localhost:7025/lib/jquery-validation-unobtrusive/jquery.validate.unobtrusive.min.js - null null
2025-11-03 18:08:38.752 +01:00 [INF] Request finished HTTP/2 GET https://localhost:7025/lib/jquery-validation/dist/jquery.validate.min.js - 404 0 null 26.6296ms
2025-11-03 18:08:38.752 +01:00 [INF] Request finished HTTP/2 GET https://localhost:7025/lib/jquery-validation-unobtrusive/jquery.validate.unobtrusive.min.js - 404 0 null 26.6185ms
2025-11-03 18:08:38.752 +01:00 [INF] Request reached the end of the middleware pipeline without being handled by application code. Request path: GET https://localhost:7025/lib/jquery-validation/dist/jquery.validate.min.js, Response status code: 404
2025-11-03 18:08:38.752 +01:00 [INF] Request reached the end of the middleware pipeline without being handled by application code. Request path: GET https://localhost:7025/lib/jquery-validation-unobtrusive/jquery.validate.unobtrusive.min.js, Response status code: 404
2025-11-03 18:08:49.919 +01:00 [INF] Request starting HTTP/2 POST https://localhost:7025/Identity/Account/Login?ReturnUrl=%2F - application/x-www-form-urlencoded 236
2025-11-03 18:08:49.922 +01:00 [INF] Executing endpoint '/Account/Login'
2025-11-03 18:08:49.922 +01:00 [INF] Route matched with {page = "/Account/Login", area = "Identity", action = "", controller = ""}. Executing page /Account/Login
2025-11-03 18:08:49.926 +01:00 [INF] Executing handler method Jam.Areas.Identity.Pages.Account.LoginModel.OnPostAsync - ModelState is "Valid"
2025-11-03 18:08:50.000 +01:00 [INF] AuthenticationScheme: Identity.Application signed in.
2025-11-03 18:08:50.000 +01:00 [INF] User logged in.
2025-11-03 18:08:50.001 +01:00 [INF] Executed handler method OnPostAsync, returned result Microsoft.AspNetCore.Mvc.LocalRedirectResult.
2025-11-03 18:08:50.001 +01:00 [INF] Executing LocalRedirectResult, redirecting to /.
2025-11-03 18:08:50.001 +01:00 [INF] Executed page /Account/Login in 78.4612ms
2025-11-03 18:08:50.001 +01:00 [INF] Executed endpoint '/Account/Login'
2025-11-03 18:08:50.001 +01:00 [INF] Request finished HTTP/2 POST https://localhost:7025/Identity/Account/Login?ReturnUrl=%2F - 302 0 null 105.8249ms
2025-11-03 18:08:50.006 +01:00 [INF] Request starting HTTP/2 GET https://localhost:7025/ - null null
2025-11-03 18:08:50.006 +01:00 [INF] Executing endpoint 'Jam.Controllers.HomeController.Index (Jam)'
2025-11-03 18:08:50.006 +01:00 [INF] Route matched with {action = "Index", controller = "Home", page = "", area = ""}. Executing controller action with signature System.Threading.Tasks.Task`1[Microsoft.AspNetCore.Mvc.IActionResult] Index() on controller Jam.Controllers.HomeController (Jam).
2025-11-03 18:08:50.009 +01:00 [INF] Executing ViewResult, running view Index.
2025-11-03 18:08:50.012 +01:00 [INF] Executed ViewResult - view Index executed in 2.7987ms.
2025-11-03 18:08:50.012 +01:00 [INF] Executed action Jam.Controllers.HomeController.Index (Jam) in 5.3757ms
2025-11-03 18:08:50.012 +01:00 [INF] Executed endpoint 'Jam.Controllers.HomeController.Index (Jam)'
2025-11-03 18:08:50.012 +01:00 [INF] Request finished HTTP/2 GET https://localhost:7025/ - 200 null text/html; charset=utf-8 6.0132ms
2025-11-03 18:09:01.450 +01:00 [INF] Request starting HTTP/2 GET https://localhost:7025/StoryPlaying/SelectStory - null null
2025-11-03 18:09:01.483 +01:00 [INF] Executing endpoint 'Jam.Controllers.StoryPlayingController.SelectStory (Jam)'
2025-11-03 18:09:01.490 +01:00 [INF] Route matched with {action = "SelectStory", controller = "StoryPlaying", page = "", area = ""}. Executing controller action with signature System.Threading.Tasks.Task`1[Microsoft.AspNetCore.Mvc.IActionResult] SelectStory() on controller Jam.Controllers.StoryPlayingController (Jam).
2025-11-03 18:09:01.512 +01:00 [INF] Executing ViewResult, running view SelectStory.
2025-11-03 18:09:01.594 +01:00 [INF] Executed ViewResult - view SelectStory executed in 57.0545ms.
2025-11-03 18:09:01.668 +01:00 [INF] Executed action Jam.Controllers.StoryPlayingController.SelectStory (Jam) in 154.9305ms
2025-11-03 18:09:01.695 +01:00 [INF] Executed endpoint 'Jam.Controllers.StoryPlayingController.SelectStory (Jam)'
2025-11-03 18:09:01.696 +01:00 [INF] Request finished HTTP/2 GET https://localhost:7025/StoryPlaying/SelectStory - 200 null text/html; charset=utf-8 245.842ms
2025-11-03 18:09:09.341 +01:00 [INF] Request starting HTTP/2 POST https://localhost:7025/StoryEditing/DeleteStory - application/x-www-form-urlencoded 235
2025-11-03 18:09:09.390 +01:00 [INF] Executing endpoint 'Jam.Controllers.StoryEditingController.DeleteStory (Jam)'
2025-11-03 18:09:09.399 +01:00 [INF] Route matched with {action = "DeleteStory", controller = "StoryEditing", page = "", area = ""}. Executing controller action with signature System.Threading.Tasks.Task`1[Microsoft.AspNetCore.Mvc.IActionResult] DeleteStory(Int32) on controller Jam.Controllers.StoryEditingController (Jam).
2025-11-03 18:09:09.410 +01:00 [INF] Executing RedirectResult, redirecting to /.
2025-11-03 18:09:09.410 +01:00 [INF] Executed action Jam.Controllers.StoryEditingController.DeleteStory (Jam) in 11.4574ms
2025-11-03 18:09:09.410 +01:00 [INF] Executed endpoint 'Jam.Controllers.StoryEditingController.DeleteStory (Jam)'
2025-11-03 18:09:09.410 +01:00 [INF] Request finished HTTP/2 POST https://localhost:7025/StoryEditing/DeleteStory - 302 0 null 70.1466ms
2025-11-03 18:09:09.466 +01:00 [INF] Request starting HTTP/2 GET https://localhost:7025/ - null null
2025-11-03 18:09:09.467 +01:00 [INF] Executing endpoint 'Jam.Controllers.HomeController.Index (Jam)'
2025-11-03 18:09:09.468 +01:00 [INF] Route matched with {action = "Index", controller = "Home", page = "", area = ""}. Executing controller action with signature System.Threading.Tasks.Task`1[Microsoft.AspNetCore.Mvc.IActionResult] Index() on controller Jam.Controllers.HomeController (Jam).
2025-11-03 18:09:09.474 +01:00 [INF] Executing ViewResult, running view Index.
2025-11-03 18:09:09.477 +01:00 [INF] Executed ViewResult - view Index executed in 3.7787ms.
2025-11-03 18:09:09.479 +01:00 [INF] Executed action Jam.Controllers.HomeController.Index (Jam) in 10.6786ms
2025-11-03 18:09:09.479 +01:00 [INF] Executed endpoint 'Jam.Controllers.HomeController.Index (Jam)'
2025-11-03 18:09:09.479 +01:00 [INF] Request finished HTTP/2 GET https://localhost:7025/ - 200 null text/html; charset=utf-8 12.825ms
2025-11-03 18:09:12.443 +01:00 [INF] Request starting HTTP/2 GET https://localhost:7025/StoryPlaying/SelectStory - null null
2025-11-03 18:09:12.447 +01:00 [INF] Executing endpoint 'Jam.Controllers.StoryPlayingController.SelectStory (Jam)'
2025-11-03 18:09:12.447 +01:00 [INF] Route matched with {action = "SelectStory", controller = "StoryPlaying", page = "", area = ""}. Executing controller action with signature System.Threading.Tasks.Task`1[Microsoft.AspNetCore.Mvc.IActionResult] SelectStory() on controller Jam.Controllers.StoryPlayingController (Jam).
2025-11-03 18:09:12.459 +01:00 [INF] Executing ViewResult, running view SelectStory.
2025-11-03 18:09:12.534 +01:00 [INF] Executed ViewResult - view SelectStory executed in 53.9415ms.
2025-11-03 18:09:12.535 +01:00 [INF] Executed action Jam.Controllers.StoryPlayingController.SelectStory (Jam) in 87.5146ms
2025-11-03 18:09:12.535 +01:00 [INF] Executed endpoint 'Jam.Controllers.StoryPlayingController.SelectStory (Jam)'
2025-11-03 18:09:12.535 +01:00 [INF] Request finished HTTP/2 GET https://localhost:7025/StoryPlaying/SelectStory - 200 null text/html; charset=utf-8 92.0136ms
