2025-11-05 07:37:17.766 +01:00 [INF] User profile is available. Using '/Users/michaelnedgaardisaksen/.aspnet/DataProtection-Keys' as key repository; keys will not be encrypted at rest.
2025-11-05 07:37:18.520 +01:00 [INF] Applying migration '20251024065541_InitialCreate'.
2025-11-05 07:37:18.689 +01:00 [INF] Applying migration '20251101105657_AddIdentitySupport'.
2025-11-05 07:37:18.888 +01:00 [INF] Applying migration '20251103080324_UpdateNextQuestionSceneDeleteBehavior'.
2025-11-05 07:37:20.710 +01:00 [INF] Now listening on: https://localhost:7025
2025-11-05 07:37:20.711 +01:00 [INF] Now listening on: http://localhost:5262
2025-11-05 07:37:20.715 +01:00 [INF] Application started. Press Ctrl+C to shut down.
2025-11-05 07:37:20.716 +01:00 [INF] Hosting environment: Development
2025-11-05 07:37:20.716 +01:00 [INF] Content root path: /Users/michaelnedgaardisaksen/Documents/ITPE3100_Webapplikasjoner/Demo-Jam/Jam
2025-11-05 07:37:21.146 +01:00 [INF] Request starting HTTP/2 GET https://localhost:7025/ - null null
2025-11-05 07:37:21.181 +01:00 [INF] Executing endpoint 'Jam.Controllers.HomeController.Index (Jam)'
2025-11-05 07:37:21.188 +01:00 [INF] Route matched with {action = "Index", controller = "Home", page = "", area = ""}. Executing controller action with signature System.Threading.Tasks.Task`1[Microsoft.AspNetCore.Mvc.IActionResult] Index() on controller Jam.Controllers.HomeController (Jam).
2025-11-05 07:37:21.205 +01:00 [WRN] [HomeController -> Index] Auth cookie invalid or user no longer exists. Redirecting to login.
2025-11-05 07:37:21.210 +01:00 [INF] AuthenticationScheme: Identity.Application signed out.
2025-11-05 07:37:21.212 +01:00 [INF] AuthenticationScheme: Identity.External signed out.
2025-11-05 07:37:21.212 +01:00 [INF] AuthenticationScheme: Identity.TwoFactorUserId signed out.
2025-11-05 07:37:21.213 +01:00 [INF] Executing LocalRedirectResult, redirecting to /Identity/Account/Login.
2025-11-05 07:37:21.215 +01:00 [INF] Executed action Jam.Controllers.HomeController.Index (Jam) in 25.4737ms
2025-11-05 07:37:21.215 +01:00 [INF] Executed endpoint 'Jam.Controllers.HomeController.Index (Jam)'
2025-11-05 07:37:21.219 +01:00 [INF] Request finished HTTP/2 GET https://localhost:7025/ - 302 0 null 74.355ms
2025-11-05 07:37:21.256 +01:00 [INF] Request starting HTTP/2 GET https://localhost:7025/Identity/Account/Login - null null
2025-11-05 07:37:21.260 +01:00 [INF] Executing endpoint '/Account/Login'
2025-11-05 07:37:21.269 +01:00 [INF] Route matched with {page = "/Account/Login", area = "Identity", action = "", controller = ""}. Executing page /Account/Login
2025-11-05 07:37:21.277 +01:00 [INF] Executing handler method Jam.Areas.Identity.Pages.Account.LoginModel.OnGetAsync - ModelState is "Valid"
2025-11-05 07:37:21.278 +01:00 [INF] AuthenticationScheme: Identity.External signed out.
2025-11-05 07:37:21.279 +01:00 [INF] Executed handler method OnGetAsync, returned result .
2025-11-05 07:37:21.280 +01:00 [INF] Executing an implicit handler method - ModelState is "Valid"
2025-11-05 07:37:21.280 +01:00 [INF] Executed an implicit handler method, returned result Microsoft.AspNetCore.Mvc.RazorPages.PageResult.
2025-11-05 07:37:21.328 +01:00 [INF] Executed page /Account/Login in 58.3766ms
2025-11-05 07:37:21.329 +01:00 [INF] Executed endpoint '/Account/Login'
2025-11-05 07:37:21.331 +01:00 [INF] Request finished HTTP/2 GET https://localhost:7025/Identity/Account/Login - 200 null text/html; charset=utf-8 74.294ms
2025-11-05 07:37:25.268 +01:00 [INF] Request starting HTTP/2 GET https://localhost:7025/lib/jquery-validation/dist/jquery.validate.min.js - null null
2025-11-05 07:37:25.269 +01:00 [INF] Request starting HTTP/2 GET https://localhost:7025/lib/jquery-validation-unobtrusive/jquery.validate.unobtrusive.min.js - null null
2025-11-05 07:37:25.274 +01:00 [INF] Request finished HTTP/2 GET https://localhost:7025/lib/jquery-validation-unobtrusive/jquery.validate.unobtrusive.min.js - 404 0 null 5.0282ms
2025-11-05 07:37:25.274 +01:00 [INF] Request finished HTTP/2 GET https://localhost:7025/lib/jquery-validation/dist/jquery.validate.min.js - 404 0 null 5.8046ms
2025-11-05 07:37:25.275 +01:00 [INF] Request reached the end of the middleware pipeline without being handled by application code. Request path: GET https://localhost:7025/lib/jquery-validation/dist/jquery.validate.min.js, Response status code: 404
2025-11-05 07:37:25.275 +01:00 [INF] Request reached the end of the middleware pipeline without being handled by application code. Request path: GET https://localhost:7025/lib/jquery-validation-unobtrusive/jquery.validate.unobtrusive.min.js, Response status code: 404
2025-11-05 07:37:34.346 +01:00 [INF] Request starting HTTP/2 POST https://localhost:7025/Identity/Account/Login - application/x-www-form-urlencoded 236
2025-11-05 07:37:34.405 +01:00 [INF] Executing endpoint '/Account/Login'
2025-11-05 07:37:34.407 +01:00 [INF] Route matched with {page = "/Account/Login", area = "Identity", action = "", controller = ""}. Executing page /Account/Login
2025-11-05 07:37:34.436 +01:00 [INF] Executing handler method Jam.Areas.Identity.Pages.Account.LoginModel.OnPostAsync - ModelState is "Valid"
2025-11-05 07:37:34.556 +01:00 [INF] AuthenticationScheme: Identity.Application signed in.
2025-11-05 07:37:34.581 +01:00 [INF] User logged in.
2025-11-05 07:37:34.582 +01:00 [INF] Executed handler method OnPostAsync, returned result Microsoft.AspNetCore.Mvc.LocalRedirectResult.
2025-11-05 07:37:34.582 +01:00 [INF] Executing LocalRedirectResult, redirecting to /.
2025-11-05 07:37:34.582 +01:00 [INF] Executed page /Account/Login in 174.9518ms
2025-11-05 07:37:34.582 +01:00 [INF] Executed endpoint '/Account/Login'
2025-11-05 07:37:34.582 +01:00 [INF] Request finished HTTP/2 POST https://localhost:7025/Identity/Account/Login - 302 0 null 236.3792ms
2025-11-05 07:37:34.614 +01:00 [INF] Request starting HTTP/2 GET https://localhost:7025/ - null null
2025-11-05 07:37:34.616 +01:00 [INF] Executing endpoint 'Jam.Controllers.HomeController.Index (Jam)'
2025-11-05 07:37:34.616 +01:00 [INF] Route matched with {action = "Index", controller = "Home", page = "", area = ""}. Executing controller action with signature System.Threading.Tasks.Task`1[Microsoft.AspNetCore.Mvc.IActionResult] Index() on controller Jam.Controllers.HomeController (Jam).
2025-11-05 07:37:34.645 +01:00 [INF] Executing ViewResult, running view Index.
2025-11-05 07:37:34.658 +01:00 [INF] Executed ViewResult - view Index executed in 12.8466ms.
2025-11-05 07:37:34.658 +01:00 [INF] Executed action Jam.Controllers.HomeController.Index (Jam) in 42.1527ms
2025-11-05 07:37:34.658 +01:00 [INF] Executed endpoint 'Jam.Controllers.HomeController.Index (Jam)'
2025-11-05 07:37:34.659 +01:00 [INF] Request finished HTTP/2 GET https://localhost:7025/ - 200 null text/html; charset=utf-8 44.1615ms
2025-11-05 07:37:36.445 +01:00 [INF] Request starting HTTP/2 GET https://localhost:7025/StoryCreation/CreateStoryAndIntro - null null
2025-11-05 07:37:36.526 +01:00 [INF] Executing endpoint 'Jam.Controllers.StoryCreationController.CreateStoryAndIntro (Jam)'
2025-11-05 07:37:36.529 +01:00 [INF] Route matched with {action = "CreateStoryAndIntro", controller = "StoryCreation", page = "", area = ""}. Executing controller action with signature Microsoft.AspNetCore.Mvc.IActionResult CreateStoryAndIntro() on controller Jam.Controllers.StoryCreationController (Jam).
2025-11-05 07:37:36.534 +01:00 [INF] Accessing expired session, Key:3be7d2fd-c41a-b817-1826-9b98a558bcb4
2025-11-05 07:37:36.540 +01:00 [INF] Executing ViewResult, running view CreateStoryAndIntro.
2025-11-05 07:37:36.567 +01:00 [INF] Executed ViewResult - view CreateStoryAndIntro executed in 27.749ms.
2025-11-05 07:37:36.639 +01:00 [INF] Executed action Jam.Controllers.StoryCreationController.CreateStoryAndIntro (Jam) in 109.66ms
2025-11-05 07:37:36.639 +01:00 [INF] Executed endpoint 'Jam.Controllers.StoryCreationController.CreateStoryAndIntro (Jam)'
2025-11-05 07:37:36.639 +01:00 [INF] Request finished HTTP/2 GET https://localhost:7025/StoryCreation/CreateStoryAndIntro - 200 null text/html; charset=utf-8 194.702ms
2025-11-05 07:38:10.881 +01:00 [INF] Request starting HTTP/2 POST https://localhost:7025/StoryCreation/CreateStoryAndIntro - application/x-www-form-urlencoded 370
2025-11-05 07:38:10.965 +01:00 [INF] Executing endpoint 'Jam.Controllers.StoryCreationController.CreateStoryAndIntro (Jam)'
2025-11-05 07:38:10.982 +01:00 [INF] Route matched with {action = "CreateStoryAndIntro", controller = "StoryCreation", page = "", area = ""}. Executing controller action with signature Microsoft.AspNetCore.Mvc.IActionResult CreateStoryAndIntro(Jam.ViewModels.StoryCreation.CreateStoryAndIntroViewModel) on controller Jam.Controllers.StoryCreationController (Jam).
2025-11-05 07:38:10.988 +01:00 [INF] Accessing expired session, Key:3be7d2fd-c41a-b817-1826-9b98a558bcb4
2025-11-05 07:38:11.010 +01:00 [INF] Executing RedirectResult, redirecting to /StoryCreation/CreateQuestionScenes.
2025-11-05 07:38:11.010 +01:00 [INF] Executed action Jam.Controllers.StoryCreationController.CreateStoryAndIntro (Jam) in 28.1085ms
2025-11-05 07:38:11.010 +01:00 [INF] Executed endpoint 'Jam.Controllers.StoryCreationController.CreateStoryAndIntro (Jam)'
2025-11-05 07:38:11.011 +01:00 [INF] Session started; Key:3be7d2fd-c41a-b817-1826-9b98a558bcb4, Id:3ac56b90-a088-44d1-9c74-d62389a05cc9
2025-11-05 07:38:11.011 +01:00 [INF] Request finished HTTP/2 POST https://localhost:7025/StoryCreation/CreateStoryAndIntro - 302 0 null 155.5871ms
2025-11-05 07:38:11.042 +01:00 [INF] Request starting HTTP/2 GET https://localhost:7025/StoryCreation/CreateQuestionScenes - null null
2025-11-05 07:38:11.042 +01:00 [INF] Executing endpoint 'Jam.Controllers.StoryCreationController.CreateQuestionScenes (Jam)'
2025-11-05 07:38:11.043 +01:00 [INF] Route matched with {action = "CreateQuestionScenes", controller = "StoryCreation", page = "", area = ""}. Executing controller action with signature Microsoft.AspNetCore.Mvc.IActionResult CreateQuestionScenes() on controller Jam.Controllers.StoryCreationController (Jam).
2025-11-05 07:38:11.047 +01:00 [INF] Executing ViewResult, running view CreateQuestionScenes.
2025-11-05 07:38:11.064 +01:00 [INF] Executed ViewResult - view CreateQuestionScenes executed in 17.8029ms.
2025-11-05 07:38:11.089 +01:00 [INF] Executed action Jam.Controllers.StoryCreationController.CreateQuestionScenes (Jam) in 45.2625ms
2025-11-05 07:38:11.089 +01:00 [INF] Executed endpoint 'Jam.Controllers.StoryCreationController.CreateQuestionScenes (Jam)'
2025-11-05 07:38:11.089 +01:00 [INF] Request finished HTTP/2 GET https://localhost:7025/StoryCreation/CreateQuestionScenes - 200 null text/html; charset=utf-8 47.3852ms
2025-11-05 07:38:43.254 +01:00 [INF] Request starting HTTP/2 POST https://localhost:7025/StoryCreation/SavePartialStep - application/json 252
2025-11-05 07:38:43.254 +01:00 [INF] Request starting HTTP/2 GET https://localhost:7025/StoryCreation/CreateStoryAndIntro - null null
2025-11-05 07:38:43.291 +01:00 [INF] Executing endpoint 'Jam.Controllers.StoryCreationController.SavePartialStep (Jam)'
2025-11-05 07:38:43.291 +01:00 [INF] Executing endpoint 'Jam.Controllers.StoryCreationController.CreateStoryAndIntro (Jam)'
2025-11-05 07:38:43.292 +01:00 [INF] Route matched with {action = "CreateStoryAndIntro", controller = "StoryCreation", page = "", area = ""}. Executing controller action with signature Microsoft.AspNetCore.Mvc.IActionResult CreateStoryAndIntro() on controller Jam.Controllers.StoryCreationController (Jam).
2025-11-05 07:38:43.296 +01:00 [INF] Executing ViewResult, running view CreateStoryAndIntro.
2025-11-05 07:38:43.299 +01:00 [INF] Route matched with {action = "SavePartialStep", controller = "StoryCreation", page = "", area = ""}. Executing controller action with signature Microsoft.AspNetCore.Mvc.IActionResult SavePartialStep(Jam.DTOs.StoryCreationSessionDto) on controller Jam.Controllers.StoryCreationController (Jam).
2025-11-05 07:38:43.332 +01:00 [INF] Executed ViewResult - view CreateStoryAndIntro executed in 36.2817ms.
2025-11-05 07:38:43.404 +01:00 [INF] Executed action Jam.Controllers.StoryCreationController.CreateStoryAndIntro (Jam) in 111.1134ms
2025-11-05 07:38:43.458 +01:00 [INF] Executed endpoint 'Jam.Controllers.StoryCreationController.CreateStoryAndIntro (Jam)'
2025-11-05 07:38:43.459 +01:00 [INF] Request finished HTTP/2 GET https://localhost:7025/StoryCreation/CreateStoryAndIntro - 200 null text/html; charset=utf-8 281.4988ms
2025-11-05 07:38:43.485 +01:00 [INF] Jam.DTOs.StoryCreationSessionDto
2025-11-05 07:38:43.490 +01:00 [INF] Executing OkObjectResult, writing value of type '<>f__AnonymousType6`1[[System.Boolean, System.Private.CoreLib, Version=8.0.0.0, Culture=neutral, PublicKeyToken=7cec85d7bea7798e]]'.
2025-11-05 07:38:43.497 +01:00 [INF] Executed action Jam.Controllers.StoryCreationController.SavePartialStep (Jam) in 197.3872ms
2025-11-05 07:38:43.497 +01:00 [INF] Executed endpoint 'Jam.Controllers.StoryCreationController.SavePartialStep (Jam)'
2025-11-05 07:38:43.497 +01:00 [INF] Request finished HTTP/2 POST https://localhost:7025/StoryCreation/SavePartialStep - 200 null application/json; charset=utf-8 319.7619ms
2025-11-05 07:38:51.892 +01:00 [INF] Request starting HTTP/2 POST https://localhost:7025/StoryCreation/CreateStoryAndIntro - application/x-www-form-urlencoded 370
2025-11-05 07:38:51.893 +01:00 [INF] Executing endpoint 'Jam.Controllers.StoryCreationController.CreateStoryAndIntro (Jam)'
2025-11-05 07:38:51.894 +01:00 [INF] Route matched with {action = "CreateStoryAndIntro", controller = "StoryCreation", page = "", area = ""}. Executing controller action with signature Microsoft.AspNetCore.Mvc.IActionResult CreateStoryAndIntro(Jam.ViewModels.StoryCreation.CreateStoryAndIntroViewModel) on controller Jam.Controllers.StoryCreationController (Jam).
2025-11-05 07:38:51.897 +01:00 [INF] Executing RedirectResult, redirecting to /StoryCreation/CreateQuestionScenes.
2025-11-05 07:38:51.897 +01:00 [INF] Executed action Jam.Controllers.StoryCreationController.CreateStoryAndIntro (Jam) in 3.006ms
2025-11-05 07:38:51.897 +01:00 [INF] Executed endpoint 'Jam.Controllers.StoryCreationController.CreateStoryAndIntro (Jam)'
2025-11-05 07:38:51.897 +01:00 [INF] Request finished HTTP/2 POST https://localhost:7025/StoryCreation/CreateStoryAndIntro - 302 0 null 5.2962ms
2025-11-05 07:38:51.926 +01:00 [INF] Request starting HTTP/2 GET https://localhost:7025/StoryCreation/CreateQuestionScenes - null null
2025-11-05 07:38:51.927 +01:00 [INF] Executing endpoint 'Jam.Controllers.StoryCreationController.CreateQuestionScenes (Jam)'
2025-11-05 07:38:51.928 +01:00 [INF] Route matched with {action = "CreateQuestionScenes", controller = "StoryCreation", page = "", area = ""}. Executing controller action with signature Microsoft.AspNetCore.Mvc.IActionResult CreateQuestionScenes() on controller Jam.Controllers.StoryCreationController (Jam).
2025-11-05 07:38:51.930 +01:00 [INF] Executing ViewResult, running view CreateQuestionScenes.
2025-11-05 07:38:51.957 +01:00 [INF] Executed ViewResult - view CreateQuestionScenes executed in 26.7822ms.
2025-11-05 07:38:51.957 +01:00 [INF] Executed action Jam.Controllers.StoryCreationController.CreateQuestionScenes (Jam) in 29.5597ms
2025-11-05 07:38:51.958 +01:00 [INF] Executed endpoint 'Jam.Controllers.StoryCreationController.CreateQuestionScenes (Jam)'
2025-11-05 07:38:51.958 +01:00 [INF] Request finished HTTP/2 GET https://localhost:7025/StoryCreation/CreateQuestionScenes - 200 null text/html; charset=utf-8 32.9978ms
