2025-10-30 21:24:50.800 +01:00 [INF] Applying migration '20251024065541_InitialCreate'.
2025-10-30 21:24:51.186 +01:00 [INF] User profile is available. Using '/Users/michaelnedgaardisaksen/.aspnet/DataProtection-Keys' as key repository; keys will not be encrypted at rest.
2025-10-30 21:24:51.573 +01:00 [INF] Now listening on: https://localhost:7025
2025-10-30 21:24:51.577 +01:00 [INF] Now listening on: http://localhost:5262
2025-10-30 21:24:51.598 +01:00 [INF] Application started. Press Ctrl+C to shut down.
2025-10-30 21:24:51.602 +01:00 [INF] Hosting environment: Development
2025-10-30 21:24:51.606 +01:00 [INF] Content root path: /Users/michaelnedgaardisaksen/Documents/ITPE3100_Webapplikasjoner/Demo-Jam/Jam
2025-10-30 21:24:51.839 +01:00 [INF] Request starting HTTP/2 GET https://localhost:7025/ - null null
2025-10-30 21:24:51.869 +01:00 [INF] Executing endpoint 'Jam.Controllers.HomeController.Index (Jam)'
2025-10-30 21:24:51.880 +01:00 [INF] Route matched with {action = "Index", controller = "Home"}. Executing controller action with signature System.Threading.Tasks.Task`1[Microsoft.AspNetCore.Mvc.IActionResult] Index() on controller Jam.Controllers.HomeController (Jam).
2025-10-30 21:24:51.985 +01:00 [INF] Executing ViewResult, running view Index.
2025-10-30 21:24:52.052 +01:00 [INF] Executed ViewResult - view Index executed in 63.4334ms.
2025-10-30 21:24:52.055 +01:00 [INF] Executed action Jam.Controllers.HomeController.Index (Jam) in 174.4702ms
2025-10-30 21:24:52.056 +01:00 [INF] Executed endpoint 'Jam.Controllers.HomeController.Index (Jam)'
2025-10-30 21:24:52.064 +01:00 [INF] Request finished HTTP/2 GET https://localhost:7025/ - 200 null text/html; charset=utf-8 226.8862ms
2025-10-30 21:24:54.914 +01:00 [INF] Request starting HTTP/2 GET https://localhost:7025/StoryEditing/EditStory?storyId=1 - null null
2025-10-30 21:24:54.918 +01:00 [INF] Executing endpoint 'Jam.Controllers.StoryEditingController.EditStory (Jam)'
2025-10-30 21:24:54.932 +01:00 [INF] Route matched with {action = "EditStory", controller = "StoryEditing"}. Executing controller action with signature System.Threading.Tasks.Task`1[Microsoft.AspNetCore.Mvc.IActionResult] EditStory(Int32) on controller Jam.Controllers.StoryEditingController (Jam).
2025-10-30 21:24:54.977 +01:00 [INF] Executing ViewResult, running view EditStory.
2025-10-30 21:24:55.055 +01:00 [INF] Executed ViewResult - view EditStory executed in 76.8002ms.
2025-10-30 21:24:55.055 +01:00 [INF] Executed action Jam.Controllers.StoryEditingController.EditStory (Jam) in 122.8054ms
2025-10-30 21:24:55.055 +01:00 [INF] Executed endpoint 'Jam.Controllers.StoryEditingController.EditStory (Jam)'
2025-10-30 21:24:55.055 +01:00 [INF] Request finished HTTP/2 GET https://localhost:7025/StoryEditing/EditStory?storyId=1 - 200 null text/html; charset=utf-8 141.3397ms
2025-10-30 21:24:59.761 +01:00 [INF] Request starting HTTP/2 GET https://localhost:7025/StoryEditing/EditQuestionScenes?storyId=1%20class%3D - null null
2025-10-30 21:24:59.769 +01:00 [INF] Executing endpoint 'Jam.Controllers.StoryEditingController.EditQuestionScenes (Jam)'
2025-10-30 21:24:59.778 +01:00 [INF] Route matched with {action = "EditQuestionScenes", controller = "StoryEditing"}. Executing controller action with signature System.Threading.Tasks.Task`1[Microsoft.AspNetCore.Mvc.IActionResult] EditQuestionScenes(Int32) on controller Jam.Controllers.StoryEditingController (Jam).
2025-10-30 21:24:59.794 +01:00 [WRN] [SceneRepository -> GetQuestionScenesByStoryId] Invalid storyId provided: 0
2025-10-30 21:24:59.797 +01:00 [INF] Executing RedirectResult, redirecting to /StoryEditing/EditStory?storyId=0.
2025-10-30 21:24:59.802 +01:00 [INF] Executed action Jam.Controllers.StoryEditingController.EditQuestionScenes (Jam) in 23.3993ms
2025-10-30 21:24:59.802 +01:00 [INF] Executed endpoint 'Jam.Controllers.StoryEditingController.EditQuestionScenes (Jam)'
2025-10-30 21:24:59.802 +01:00 [INF] Request finished HTTP/2 GET https://localhost:7025/StoryEditing/EditQuestionScenes?storyId=1%20class%3D - 302 0 null 62.756ms
2025-10-30 21:24:59.833 +01:00 [INF] Request starting HTTP/2 GET https://localhost:7025/StoryEditing/EditStory?storyId=0 - null null
2025-10-30 21:24:59.833 +01:00 [INF] Executing endpoint 'Jam.Controllers.StoryEditingController.EditStory (Jam)'
2025-10-30 21:24:59.833 +01:00 [INF] Route matched with {action = "EditStory", controller = "StoryEditing"}. Executing controller action with signature System.Threading.Tasks.Task`1[Microsoft.AspNetCore.Mvc.IActionResult] EditStory(Int32) on controller Jam.Controllers.StoryEditingController (Jam).
2025-10-30 21:24:59.836 +01:00 [WRN] [StoryRepository -> GetStoryById] Invalid story id 0 provided
2025-10-30 21:24:59.837 +01:00 [WRN] [StoryEditingController -> EditStory:GET] Story not found for storyId=0
2025-10-30 21:24:59.838 +01:00 [INF] Executing ViewResult, running view Error.
2025-10-30 21:24:59.842 +01:00 [INF] Executed ViewResult - view Error executed in 4.6974ms.
2025-10-30 21:24:59.842 +01:00 [INF] Executed action Jam.Controllers.StoryEditingController.EditStory (Jam) in 9.1087ms
2025-10-30 21:24:59.842 +01:00 [INF] Executed endpoint 'Jam.Controllers.StoryEditingController.EditStory (Jam)'
2025-10-30 21:24:59.842 +01:00 [INF] Request finished HTTP/2 GET https://localhost:7025/StoryEditing/EditStory?storyId=0 - 200 null text/html; charset=utf-8 9.8082ms
