2025-11-06 19:53:31.988 +01:00 [INF] User profile is available. Using '/Users/jaraazad/.aspnet/DataProtection-Keys' as key repository; keys will not be encrypted at rest.
2025-11-06 19:53:32.511 +01:00 [INF] Applying migration '20251024065541_InitialCreate'.
2025-11-06 19:53:32.564 +01:00 [INF] Applying migration '20251101105657_AddIdentitySupport'.
2025-11-06 19:53:32.615 +01:00 [INF] Applying migration '20251103080324_UpdateNextQuestionSceneDeleteBehavior'.
2025-11-06 19:53:33.672 +01:00 [INF] Now listening on: https://localhost:7025
2025-11-06 19:53:33.672 +01:00 [INF] Now listening on: http://localhost:5262
2025-11-06 19:53:33.677 +01:00 [INF] Application started. Press Ctrl+C to shut down.
2025-11-06 19:53:33.678 +01:00 [INF] Hosting environment: Development
2025-11-06 19:53:33.679 +01:00 [INF] Content root path: /Users/jaraazad/Desktop/Jam
2025-11-06 19:53:34.171 +01:00 [INF] Request starting HTTP/2 GET https://localhost:7025/ - null null
2025-11-06 19:53:34.216 +01:00 [INF] Executing endpoint 'Jam.Controllers.HomeController.Index (Jam)'
2025-11-06 19:53:34.229 +01:00 [INF] Route matched with {action = "Index", controller = "Home", page = "", area = ""}. Executing controller action with signature System.Threading.Tasks.Task`1[Microsoft.AspNetCore.Mvc.IActionResult] Index() on controller Jam.Controllers.HomeController (Jam).
2025-11-06 19:53:34.244 +01:00 [WRN] [HomeController -> Index] Auth cookie invalid or user no longer exists. Redirecting to login.
2025-11-06 19:53:34.247 +01:00 [INF] AuthenticationScheme: Identity.Application signed out.
2025-11-06 19:53:34.248 +01:00 [INF] AuthenticationScheme: Identity.External signed out.
2025-11-06 19:53:34.248 +01:00 [INF] AuthenticationScheme: Identity.TwoFactorUserId signed out.
2025-11-06 19:53:34.249 +01:00 [INF] Executing LocalRedirectResult, redirecting to /Identity/Account/Login.
2025-11-06 19:53:34.252 +01:00 [INF] Executed action Jam.Controllers.HomeController.Index (Jam) in 20.647ms
2025-11-06 19:53:34.253 +01:00 [INF] Executed endpoint 'Jam.Controllers.HomeController.Index (Jam)'
2025-11-06 19:53:34.261 +01:00 [INF] Request finished HTTP/2 GET https://localhost:7025/ - 302 0 null 90.9447ms
2025-11-06 19:53:34.276 +01:00 [INF] Request starting HTTP/2 GET https://localhost:7025/Identity/Account/Login - null null
2025-11-06 19:53:34.280 +01:00 [INF] Executing endpoint '/Account/Login'
2025-11-06 19:53:34.295 +01:00 [INF] Route matched with {page = "/Account/Login", area = "Identity", action = "", controller = ""}. Executing page /Account/Login
2025-11-06 19:53:34.304 +01:00 [INF] Executing handler method Jam.Areas.Identity.Pages.Account.LoginModel.OnGetAsync - ModelState is "Valid"
2025-11-06 19:53:34.306 +01:00 [INF] AuthenticationScheme: Identity.External signed out.
2025-11-06 19:53:34.306 +01:00 [INF] Executed handler method OnGetAsync, returned result .
2025-11-06 19:53:34.307 +01:00 [INF] Executing an implicit handler method - ModelState is "Invalid"
2025-11-06 19:53:34.308 +01:00 [INF] Executed an implicit handler method, returned result Microsoft.AspNetCore.Mvc.RazorPages.PageResult.
2025-11-06 19:53:34.402 +01:00 [INF] Executed page /Account/Login in 106.6295ms
2025-11-06 19:53:34.402 +01:00 [INF] Executed endpoint '/Account/Login'
2025-11-06 19:53:34.404 +01:00 [INF] Request finished HTTP/2 GET https://localhost:7025/Identity/Account/Login - 200 null text/html; charset=utf-8 128.3436ms
2025-11-06 19:53:34.777 +01:00 [INF] Request starting HTTP/2 GET https://localhost:7025/lib/jquery-validation/dist/jquery.validate.min.js - null null
2025-11-06 19:53:34.778 +01:00 [INF] Request starting HTTP/2 GET https://localhost:7025/lib/jquery-validation-unobtrusive/jquery.validate.unobtrusive.min.js - null null
2025-11-06 19:53:34.790 +01:00 [INF] Request finished HTTP/2 GET https://localhost:7025/lib/jquery-validation-unobtrusive/jquery.validate.unobtrusive.min.js - 404 0 null 12.1373ms
2025-11-06 19:53:34.790 +01:00 [INF] Request finished HTTP/2 GET https://localhost:7025/lib/jquery-validation/dist/jquery.validate.min.js - 404 0 null 37.8387ms
2025-11-06 19:53:34.794 +01:00 [INF] Request reached the end of the middleware pipeline without being handled by application code. Request path: GET https://localhost:7025/lib/jquery-validation-unobtrusive/jquery.validate.unobtrusive.min.js, Response status code: 404
2025-11-06 19:53:34.795 +01:00 [INF] Request reached the end of the middleware pipeline without being handled by application code. Request path: GET https://localhost:7025/lib/jquery-validation/dist/jquery.validate.min.js, Response status code: 404
