2025-11-07 18:52:46.427 +01:00 [INF] User profile is available. Using '/Users/jaraazad/.aspnet/DataProtection-Keys' as key repository; keys will not be encrypted at rest.
2025-11-07 18:52:46.930 +01:00 [INF] Applying migration '20251024065541_InitialCreate'.
2025-11-07 18:52:46.969 +01:00 [INF] Applying migration '20251101105657_AddIdentitySupport'.
2025-11-07 18:52:47.009 +01:00 [INF] Applying migration '20251103080324_UpdateNextQuestionSceneDeleteBehavior'.
2025-11-07 18:52:48.056 +01:00 [INF] Now listening on: https://localhost:7025
2025-11-07 18:52:48.057 +01:00 [INF] Now listening on: http://localhost:5262
2025-11-07 18:52:48.061 +01:00 [INF] Application started. Press Ctrl+C to shut down.
2025-11-07 18:52:48.062 +01:00 [INF] Hosting environment: Development
2025-11-07 18:52:48.063 +01:00 [INF] Content root path: /Users/jaraazad/Desktop/Jam
2025-11-07 18:52:48.309 +01:00 [INF] Request starting HTTP/2 GET https://localhost:7025/ - null null
2025-11-07 18:52:48.344 +01:00 [INF] Executing endpoint 'Jam.Controllers.HomeController.Index (Jam)'
2025-11-07 18:52:48.353 +01:00 [INF] Route matched with {action = "Index", controller = "Home", page = "", area = ""}. Executing controller action with signature System.Threading.Tasks.Task`1[Microsoft.AspNetCore.Mvc.IActionResult] Index() on controller Jam.Controllers.HomeController (Jam).
2025-11-07 18:52:48.369 +01:00 [WRN] [HomeController -> Index] Auth cookie invalid or user no longer exists. Redirecting to login.
2025-11-07 18:52:48.374 +01:00 [INF] AuthenticationScheme: Identity.Application signed out.
2025-11-07 18:52:48.375 +01:00 [INF] AuthenticationScheme: Identity.External signed out.
2025-11-07 18:52:48.375 +01:00 [INF] AuthenticationScheme: Identity.TwoFactorUserId signed out.
2025-11-07 18:52:48.376 +01:00 [INF] Executing LocalRedirectResult, redirecting to /Identity/Account/Login.
2025-11-07 18:52:48.378 +01:00 [INF] Executed action Jam.Controllers.HomeController.Index (Jam) in 23.7719ms
2025-11-07 18:52:48.379 +01:00 [INF] Executed endpoint 'Jam.Controllers.HomeController.Index (Jam)'
2025-11-07 18:52:48.384 +01:00 [INF] Request finished HTTP/2 GET https://localhost:7025/ - 302 0 null 75.4253ms
2025-11-07 18:52:48.389 +01:00 [INF] Request starting HTTP/2 GET https://localhost:7025/Identity/Account/Login - null null
2025-11-07 18:52:48.391 +01:00 [INF] Executing endpoint '/Account/Login'
2025-11-07 18:52:48.404 +01:00 [INF] Route matched with {page = "/Account/Login", area = "Identity", action = "", controller = ""}. Executing page /Account/Login
2025-11-07 18:52:48.412 +01:00 [INF] Executing handler method Jam.Areas.Identity.Pages.Account.LoginModel.OnGetAsync - ModelState is "Valid"
2025-11-07 18:52:48.414 +01:00 [INF] AuthenticationScheme: Identity.External signed out.
2025-11-07 18:52:48.415 +01:00 [INF] Executed handler method OnGetAsync, returned result .
2025-11-07 18:52:48.416 +01:00 [INF] Executing an implicit handler method - ModelState is "Valid"
2025-11-07 18:52:48.417 +01:00 [INF] Executed an implicit handler method, returned result Microsoft.AspNetCore.Mvc.RazorPages.PageResult.
2025-11-07 18:52:48.478 +01:00 [INF] Executed page /Account/Login in 73.9689ms
2025-11-07 18:52:48.478 +01:00 [INF] Executed endpoint '/Account/Login'
2025-11-07 18:52:48.479 +01:00 [INF] Request finished HTTP/2 GET https://localhost:7025/Identity/Account/Login - 200 null text/html; charset=utf-8 90.3156ms
2025-11-07 18:52:48.615 +01:00 [INF] Request starting HTTP/2 GET https://localhost:7025/lib/jquery-validation/dist/jquery.validate.min.js - null null
2025-11-07 18:52:48.685 +01:00 [INF] Request starting HTTP/2 GET https://localhost:7025/lib/jquery-validation-unobtrusive/jquery.validate.unobtrusive.min.js - null null
2025-11-07 18:52:48.686 +01:00 [INF] Request finished HTTP/2 GET https://localhost:7025/lib/jquery-validation/dist/jquery.validate.min.js - 404 0 null 71.2241ms
2025-11-07 18:52:48.686 +01:00 [INF] Request finished HTTP/2 GET https://localhost:7025/lib/jquery-validation-unobtrusive/jquery.validate.unobtrusive.min.js - 404 0 null 1.6136ms
2025-11-07 18:52:48.687 +01:00 [INF] Request reached the end of the middleware pipeline without being handled by application code. Request path: GET https://localhost:7025/lib/jquery-validation-unobtrusive/jquery.validate.unobtrusive.min.js, Response status code: 404
2025-11-07 18:52:48.687 +01:00 [INF] Request reached the end of the middleware pipeline without being handled by application code. Request path: GET https://localhost:7025/lib/jquery-validation/dist/jquery.validate.min.js, Response status code: 404
2025-11-07 18:52:50.258 +01:00 [INF] Request starting HTTP/2 POST https://localhost:7025/Identity/Account/Login - application/x-www-form-urlencoded 236
2025-11-07 18:52:50.265 +01:00 [INF] Executing endpoint '/Account/Login'
2025-11-07 18:52:50.266 +01:00 [INF] Route matched with {page = "/Account/Login", area = "Identity", action = "", controller = ""}. Executing page /Account/Login
2025-11-07 18:52:50.296 +01:00 [INF] Executing handler method Jam.Areas.Identity.Pages.Account.LoginModel.OnPostAsync - ModelState is "Valid"
2025-11-07 18:52:50.410 +01:00 [INF] AuthenticationScheme: Identity.Application signed in.
2025-11-07 18:52:50.410 +01:00 [INF] User logged in.
2025-11-07 18:52:50.411 +01:00 [INF] Executed handler method OnPostAsync, returned result Microsoft.AspNetCore.Mvc.LocalRedirectResult.
2025-11-07 18:52:50.411 +01:00 [INF] Executing LocalRedirectResult, redirecting to /.
2025-11-07 18:52:50.411 +01:00 [INF] Executed page /Account/Login in 144.6897ms
2025-11-07 18:52:50.411 +01:00 [INF] Executed endpoint '/Account/Login'
2025-11-07 18:52:50.411 +01:00 [INF] Request finished HTTP/2 POST https://localhost:7025/Identity/Account/Login - 302 0 null 153.0567ms
2025-11-07 18:52:50.443 +01:00 [INF] Request starting HTTP/2 GET https://localhost:7025/ - null null
2025-11-07 18:52:50.445 +01:00 [INF] Executing endpoint 'Jam.Controllers.HomeController.Index (Jam)'
2025-11-07 18:52:50.445 +01:00 [INF] Route matched with {action = "Index", controller = "Home", page = "", area = ""}. Executing controller action with signature System.Threading.Tasks.Task`1[Microsoft.AspNetCore.Mvc.IActionResult] Index() on controller Jam.Controllers.HomeController (Jam).
2025-11-07 18:52:50.491 +01:00 [INF] Executing ViewResult, running view Index.
2025-11-07 18:52:50.505 +01:00 [INF] Executed ViewResult - view Index executed in 15.649ms.
2025-11-07 18:52:50.534 +01:00 [INF] Executed action Jam.Controllers.HomeController.Index (Jam) in 89.6661ms
2025-11-07 18:52:50.536 +01:00 [INF] Executed endpoint 'Jam.Controllers.HomeController.Index (Jam)'
2025-11-07 18:52:50.538 +01:00 [INF] Request finished HTTP/2 GET https://localhost:7025/ - 200 null text/html; charset=utf-8 95.5606ms
2025-11-07 18:52:51.509 +01:00 [INF] Request starting HTTP/2 GET https://localhost:7025/StoryEditing/EditStory?storyId=1 - null null
2025-11-07 18:52:51.516 +01:00 [INF] Executing endpoint 'Jam.Controllers.StoryEditingController.EditStory (Jam)'
2025-11-07 18:52:51.522 +01:00 [INF] Route matched with {action = "EditStory", controller = "StoryEditing", page = "", area = ""}. Executing controller action with signature System.Threading.Tasks.Task`1[Microsoft.AspNetCore.Mvc.IActionResult] EditStory(Int32) on controller Jam.Controllers.StoryEditingController (Jam).
2025-11-07 18:52:51.542 +01:00 [INF] Executing ViewResult, running view EditStory.
2025-11-07 18:52:51.625 +01:00 [INF] Executed ViewResult - view EditStory executed in 84.6369ms.
2025-11-07 18:52:51.676 +01:00 [INF] Executed action Jam.Controllers.StoryEditingController.EditStory (Jam) in 154.1733ms
2025-11-07 18:52:51.676 +01:00 [INF] Executed endpoint 'Jam.Controllers.StoryEditingController.EditStory (Jam)'
2025-11-07 18:52:51.677 +01:00 [INF] Request finished HTTP/2 GET https://localhost:7025/StoryEditing/EditStory?storyId=1 - 200 null text/html; charset=utf-8 168.1529ms
2025-11-07 18:52:52.553 +01:00 [INF] Request starting HTTP/2 GET https://localhost:7025/StoryEditing/EditQuestionScenes?storyId=1 - null null
2025-11-07 18:52:52.558 +01:00 [INF] Executing endpoint 'Jam.Controllers.StoryEditingController.EditQuestionScenes (Jam)'
2025-11-07 18:52:52.563 +01:00 [INF] Route matched with {action = "EditQuestionScenes", controller = "StoryEditing", page = "", area = ""}. Executing controller action with signature System.Threading.Tasks.Task`1[Microsoft.AspNetCore.Mvc.IActionResult] EditQuestionScenes(Int32) on controller Jam.Controllers.StoryEditingController (Jam).
2025-11-07 18:52:52.655 +01:00 [INF] Executing ViewResult, running view EditQuestionScenes.
2025-11-07 18:52:52.711 +01:00 [INF] Executed ViewResult - view EditQuestionScenes executed in 56.0812ms.
2025-11-07 18:52:52.711 +01:00 [INF] Executed action Jam.Controllers.StoryEditingController.EditQuestionScenes (Jam) in 148.0181ms
2025-11-07 18:52:52.711 +01:00 [INF] Executed endpoint 'Jam.Controllers.StoryEditingController.EditQuestionScenes (Jam)'
2025-11-07 18:52:52.712 +01:00 [INF] Request finished HTTP/2 GET https://localhost:7025/StoryEditing/EditQuestionScenes?storyId=1 - 200 null text/html; charset=utf-8 184.4386ms
