2025-11-02 10:08:18.721 +01:00 [INF] User profile is available. Using '/Users/michaelnedgaardisaksen/.aspnet/DataProtection-Keys' as key repository; keys will not be encrypted at rest.
2025-11-02 10:08:19.401 +01:00 [INF] Applying migration '20251024065541_InitialCreate'.
2025-11-02 10:08:19.447 +01:00 [INF] Applying migration '20251101105657_AddIdentitySupport'.
2025-11-02 10:08:20.594 +01:00 [INF] Now listening on: https://localhost:7025
2025-11-02 10:08:20.595 +01:00 [INF] Now listening on: http://localhost:5262
2025-11-02 10:08:20.600 +01:00 [INF] Application started. Press Ctrl+C to shut down.
2025-11-02 10:08:20.601 +01:00 [INF] Hosting environment: Development
2025-11-02 10:08:20.602 +01:00 [INF] Content root path: /Users/michaelnedgaardisaksen/Documents/ITPE3100_Webapplikasjoner/Demo-Jam/Jam
2025-11-02 10:08:21.515 +01:00 [INF] Request starting HTTP/2 GET https://localhost:7025/ - null null
2025-11-02 10:08:21.548 +01:00 [INF] Executing endpoint 'Jam.Controllers.HomeController.Index (Jam)'
2025-11-02 10:08:21.557 +01:00 [INF] Route matched with {action = "Index", controller = "Home", page = "", area = ""}. Executing controller action with signature System.Threading.Tasks.Task`1[Microsoft.AspNetCore.Mvc.IActionResult] Index() on controller Jam.Controllers.HomeController (Jam).
2025-11-02 10:08:21.628 +01:00 [WRN] [HomeController -> Index] User not logged in, redirecting to Login page.
2025-11-02 10:08:21.633 +01:00 [INF] Executing LocalRedirectResult, redirecting to /Identity/Account/Login.
2025-11-02 10:08:21.635 +01:00 [INF] Executed action Jam.Controllers.HomeController.Index (Jam) in 76.0352ms
2025-11-02 10:08:21.637 +01:00 [INF] Executed endpoint 'Jam.Controllers.HomeController.Index (Jam)'
2025-11-02 10:08:21.640 +01:00 [INF] Request finished HTTP/2 GET https://localhost:7025/ - 302 0 null 126.0734ms
2025-11-02 10:08:21.684 +01:00 [INF] Request starting HTTP/2 GET https://localhost:7025/Identity/Account/Login - null null
2025-11-02 10:08:21.689 +01:00 [INF] Executing endpoint '/Account/Login'
2025-11-02 10:08:21.698 +01:00 [INF] Route matched with {page = "/Account/Login", area = "Identity", action = "", controller = ""}. Executing page /Account/Login
2025-11-02 10:08:21.705 +01:00 [INF] Executing handler method Jam.Areas.Identity.Pages.Account.LoginModel.OnGetAsync - ModelState is "Valid"
2025-11-02 10:08:21.708 +01:00 [INF] AuthenticationScheme: Identity.External signed out.
2025-11-02 10:08:21.708 +01:00 [INF] Executed handler method OnGetAsync, returned result .
2025-11-02 10:08:21.710 +01:00 [INF] Executing an implicit handler method - ModelState is "Valid"
2025-11-02 10:08:21.710 +01:00 [INF] Executed an implicit handler method, returned result Microsoft.AspNetCore.Mvc.RazorPages.PageResult.
2025-11-02 10:08:21.781 +01:00 [INF] Executed page /Account/Login in 82.4815ms
2025-11-02 10:08:21.782 +01:00 [INF] Executed endpoint '/Account/Login'
2025-11-02 10:08:21.784 +01:00 [INF] Request finished HTTP/2 GET https://localhost:7025/Identity/Account/Login - 200 null text/html; charset=utf-8 100.315ms
2025-11-02 10:08:21.999 +01:00 [INF] Request starting HTTP/2 GET https://localhost:7025/lib/jquery-validation-unobtrusive/jquery.validate.unobtrusive.min.js - null null
2025-11-02 10:08:21.999 +01:00 [INF] Request starting HTTP/2 GET https://localhost:7025/lib/jquery-validation/dist/jquery.validate.min.js - null null
2025-11-02 10:08:22.033 +01:00 [INF] Request finished HTTP/2 GET https://localhost:7025/lib/jquery-validation-unobtrusive/jquery.validate.unobtrusive.min.js - 404 0 null 34.6492ms
2025-11-02 10:08:22.033 +01:00 [INF] Request finished HTTP/2 GET https://localhost:7025/lib/jquery-validation/dist/jquery.validate.min.js - 404 0 null 34.7267ms
2025-11-02 10:08:22.034 +01:00 [INF] Request reached the end of the middleware pipeline without being handled by application code. Request path: GET https://localhost:7025/lib/jquery-validation-unobtrusive/jquery.validate.unobtrusive.min.js, Response status code: 404
2025-11-02 10:08:22.034 +01:00 [INF] Request reached the end of the middleware pipeline without being handled by application code. Request path: GET https://localhost:7025/lib/jquery-validation/dist/jquery.validate.min.js, Response status code: 404
2025-11-02 10:08:29.751 +01:00 [INF] Request starting HTTP/2 POST https://localhost:7025/Identity/Account/Login - application/x-www-form-urlencoded 310
2025-11-02 10:08:29.765 +01:00 [INF] Executing endpoint '/Account/Login'
2025-11-02 10:08:29.767 +01:00 [INF] Route matched with {page = "/Account/Login", area = "Identity", action = "", controller = ""}. Executing page /Account/Login
2025-11-02 10:08:29.799 +01:00 [INF] Executing handler method Jam.Areas.Identity.Pages.Account.LoginModel.OnPostAsync - ModelState is "Valid"
2025-11-02 10:08:29.930 +01:00 [INF] AuthenticationScheme: Identity.Application signed in.
2025-11-02 10:08:29.931 +01:00 [INF] User logged in.
2025-11-02 10:08:29.931 +01:00 [INF] Executed handler method OnPostAsync, returned result Microsoft.AspNetCore.Mvc.LocalRedirectResult.
2025-11-02 10:08:29.931 +01:00 [INF] Executing LocalRedirectResult, redirecting to /.
2025-11-02 10:08:29.932 +01:00 [INF] Executed page /Account/Login in 164.0933ms
2025-11-02 10:08:29.932 +01:00 [INF] Executed endpoint '/Account/Login'
2025-11-02 10:08:29.932 +01:00 [INF] Request finished HTTP/2 POST https://localhost:7025/Identity/Account/Login - 302 0 null 279.4945ms
2025-11-02 10:08:29.984 +01:00 [INF] Request starting HTTP/2 GET https://localhost:7025/ - null null
2025-11-02 10:08:29.985 +01:00 [INF] Executing endpoint 'Jam.Controllers.HomeController.Index (Jam)'
2025-11-02 10:08:29.985 +01:00 [INF] Route matched with {action = "Index", controller = "Home", page = "", area = ""}. Executing controller action with signature System.Threading.Tasks.Task`1[Microsoft.AspNetCore.Mvc.IActionResult] Index() on controller Jam.Controllers.HomeController (Jam).
2025-11-02 10:08:30.012 +01:00 [INF] Executing ViewResult, running view Index.
2025-11-02 10:08:30.020 +01:00 [INF] Executed ViewResult - view Index executed in 8.4433ms.
2025-11-02 10:08:30.046 +01:00 [INF] Executed action Jam.Controllers.HomeController.Index (Jam) in 60.6915ms
2025-11-02 10:08:30.046 +01:00 [INF] Executed endpoint 'Jam.Controllers.HomeController.Index (Jam)'
2025-11-02 10:08:30.047 +01:00 [INF] Request finished HTTP/2 GET https://localhost:7025/ - 200 null text/html; charset=utf-8 87.3321ms
2025-11-02 10:08:32.243 +01:00 [INF] Request starting HTTP/2 GET https://localhost:7025/StoryPlaying/StartStory?storyId=1 - null null
2025-11-02 10:08:32.250 +01:00 [INF] Executing endpoint 'Jam.Controllers.StoryPlayingController.StartStory (Jam)'
2025-11-02 10:08:32.260 +01:00 [INF] Route matched with {action = "StartStory", controller = "StoryPlaying", page = "", area = ""}. Executing controller action with signature System.Threading.Tasks.Task`1[Microsoft.AspNetCore.Mvc.IActionResult] StartStory(Int32) on controller Jam.Controllers.StoryPlayingController (Jam).
2025-11-02 10:08:32.317 +01:00 [INF] Executing RedirectResult, redirecting to /StoryPlaying/PlayScene?sceneId=3&SceneType=Intro&sessionId=3.
2025-11-02 10:08:32.317 +01:00 [INF] Executed action Jam.Controllers.StoryPlayingController.StartStory (Jam) in 56.6189ms
2025-11-02 10:08:32.317 +01:00 [INF] Executed endpoint 'Jam.Controllers.StoryPlayingController.StartStory (Jam)'
2025-11-02 10:08:32.317 +01:00 [INF] Request finished HTTP/2 GET https://localhost:7025/StoryPlaying/StartStory?storyId=1 - 302 0 null 74.1409ms
2025-11-02 10:08:32.321 +01:00 [INF] Request starting HTTP/2 GET https://localhost:7025/StoryPlaying/PlayScene?sceneId=3&SceneType=Intro&sessionId=3 - null null
2025-11-02 10:08:32.322 +01:00 [INF] Executing endpoint 'Jam.Controllers.StoryPlayingController.PlayScene (Jam)'
2025-11-02 10:08:32.325 +01:00 [INF] Route matched with {action = "PlayScene", controller = "StoryPlaying", page = "", area = ""}. Executing controller action with signature System.Threading.Tasks.Task`1[Microsoft.AspNetCore.Mvc.IActionResult] PlayScene(Int32, Jam.Models.Enums.SceneType, Int32) on controller Jam.Controllers.StoryPlayingController (Jam).
2025-11-02 10:08:32.336 +01:00 [INF] Executing ViewResult, running view PlayScene.
2025-11-02 10:08:32.343 +01:00 [INF] Executed ViewResult - view PlayScene executed in 6.9512ms.
2025-11-02 10:08:32.343 +01:00 [INF] Executed action Jam.Controllers.StoryPlayingController.PlayScene (Jam) in 18.5315ms
2025-11-02 10:08:32.344 +01:00 [INF] Executed endpoint 'Jam.Controllers.StoryPlayingController.PlayScene (Jam)'
2025-11-02 10:08:32.344 +01:00 [INF] Request finished HTTP/2 GET https://localhost:7025/StoryPlaying/PlayScene?sceneId=3&SceneType=Intro&sessionId=3 - 200 null text/html; charset=utf-8 22.2818ms
2025-11-02 10:08:32.359 +01:00 [INF] Request starting HTTP/2 GET https://localhost:7025/lib/jquery-validation/dist/jquery.validate.min.js - null null
2025-11-02 10:08:32.361 +01:00 [INF] Request starting HTTP/2 GET https://localhost:7025/lib/jquery-validation-unobtrusive/jquery.validate.unobtrusive.min.js - null null
2025-11-02 10:08:32.383 +01:00 [INF] Request finished HTTP/2 GET https://localhost:7025/lib/jquery-validation-unobtrusive/jquery.validate.unobtrusive.min.js - 404 0 null 21.7521ms
2025-11-02 10:08:32.383 +01:00 [INF] Request finished HTTP/2 GET https://localhost:7025/lib/jquery-validation/dist/jquery.validate.min.js - 404 0 null 23.6156ms
2025-11-02 10:08:32.383 +01:00 [INF] Request reached the end of the middleware pipeline without being handled by application code. Request path: GET https://localhost:7025/lib/jquery-validation-unobtrusive/jquery.validate.unobtrusive.min.js, Response status code: 404
2025-11-02 10:08:32.383 +01:00 [INF] Request reached the end of the middleware pipeline without being handled by application code. Request path: GET https://localhost:7025/lib/jquery-validation/dist/jquery.validate.min.js, Response status code: 404
2025-11-02 10:08:33.613 +01:00 [INF] Request starting HTTP/2 POST https://localhost:7025/StoryPlaying/PlayScene - application/x-www-form-urlencoded 293
2025-11-02 10:08:33.616 +01:00 [INF] Executing endpoint 'Jam.Controllers.StoryPlayingController.PlayScene (Jam)'
2025-11-02 10:08:33.639 +01:00 [INF] Route matched with {action = "PlayScene", controller = "StoryPlaying", page = "", area = ""}. Executing controller action with signature System.Threading.Tasks.Task`1[Microsoft.AspNetCore.Mvc.IActionResult] PlayScene(Jam.ViewModels.StoryPlaying.PlaySceneViewModel) on controller Jam.Controllers.StoryPlayingController (Jam).
2025-11-02 10:08:33.680 +01:00 [INF] Executing RedirectResult, redirecting to /StoryPlaying/PlayScene?sceneId=4&sceneType=Question&sessionId=3.
2025-11-02 10:08:33.680 +01:00 [INF] Executed action Jam.Controllers.StoryPlayingController.PlayScene (Jam) in 40.6324ms
2025-11-02 10:08:33.680 +01:00 [INF] Executed endpoint 'Jam.Controllers.StoryPlayingController.PlayScene (Jam)'
2025-11-02 10:08:33.680 +01:00 [INF] Request finished HTTP/2 POST https://localhost:7025/StoryPlaying/PlayScene - 302 0 null 66.9487ms
2025-11-02 10:08:33.707 +01:00 [INF] Request starting HTTP/2 GET https://localhost:7025/StoryPlaying/PlayScene?sceneId=4&sceneType=Question&sessionId=3 - null null
2025-11-02 10:08:33.707 +01:00 [INF] Executing endpoint 'Jam.Controllers.StoryPlayingController.PlayScene (Jam)'
2025-11-02 10:08:33.708 +01:00 [INF] Route matched with {action = "PlayScene", controller = "StoryPlaying", page = "", area = ""}. Executing controller action with signature System.Threading.Tasks.Task`1[Microsoft.AspNetCore.Mvc.IActionResult] PlayScene(Int32, Jam.Models.Enums.SceneType, Int32) on controller Jam.Controllers.StoryPlayingController (Jam).
2025-11-02 10:08:33.728 +01:00 [INF] Executing ViewResult, running view PlayScene.
2025-11-02 10:08:33.731 +01:00 [INF] Executed ViewResult - view PlayScene executed in 2.5803ms.
2025-11-02 10:08:33.731 +01:00 [INF] Executed action Jam.Controllers.StoryPlayingController.PlayScene (Jam) in 23.21ms
2025-11-02 10:08:33.731 +01:00 [INF] Executed endpoint 'Jam.Controllers.StoryPlayingController.PlayScene (Jam)'
2025-11-02 10:08:33.731 +01:00 [INF] Request finished HTTP/2 GET https://localhost:7025/StoryPlaying/PlayScene?sceneId=4&sceneType=Question&sessionId=3 - 200 null text/html; charset=utf-8 23.9435ms
2025-11-02 10:08:33.748 +01:00 [INF] Request starting HTTP/2 GET https://localhost:7025/lib/jquery-validation/dist/jquery.validate.min.js - null null
2025-11-02 10:08:33.774 +01:00 [INF] Request starting HTTP/2 GET https://localhost:7025/lib/jquery-validation-unobtrusive/jquery.validate.unobtrusive.min.js - null null
2025-11-02 10:08:33.774 +01:00 [INF] Request finished HTTP/2 GET https://localhost:7025/lib/jquery-validation/dist/jquery.validate.min.js - 404 0 null 26.1398ms
2025-11-02 10:08:33.774 +01:00 [INF] Request finished HTTP/2 GET https://localhost:7025/lib/jquery-validation-unobtrusive/jquery.validate.unobtrusive.min.js - 404 0 null 25.4964ms
2025-11-02 10:08:33.774 +01:00 [INF] Request reached the end of the middleware pipeline without being handled by application code. Request path: GET https://localhost:7025/lib/jquery-validation/dist/jquery.validate.min.js, Response status code: 404
2025-11-02 10:08:33.774 +01:00 [INF] Request reached the end of the middleware pipeline without being handled by application code. Request path: GET https://localhost:7025/lib/jquery-validation-unobtrusive/jquery.validate.unobtrusive.min.js, Response status code: 404
2025-11-02 10:08:35.116 +01:00 [INF] Request starting HTTP/2 POST https://localhost:7025/StoryPlaying/PlayScene - application/x-www-form-urlencoded 296
2025-11-02 10:08:35.119 +01:00 [INF] Executing endpoint 'Jam.Controllers.StoryPlayingController.PlayScene (Jam)'
2025-11-02 10:08:35.119 +01:00 [INF] Route matched with {action = "PlayScene", controller = "StoryPlaying", page = "", area = ""}. Executing controller action with signature System.Threading.Tasks.Task`1[Microsoft.AspNetCore.Mvc.IActionResult] PlayScene(Jam.ViewModels.StoryPlaying.PlaySceneViewModel) on controller Jam.Controllers.StoryPlayingController (Jam).
2025-11-02 10:08:35.131 +01:00 [WRN] [StoryPlayingController -> PlayScene:POST] Model state invalid
2025-11-02 10:08:35.131 +01:00 [INF] Executing ViewResult, running view PlayScene.
2025-11-02 10:08:35.236 +01:00 [INF] Executed ViewResult - view PlayScene executed in 104.6687ms.
2025-11-02 10:08:35.236 +01:00 [INF] Executed action Jam.Controllers.StoryPlayingController.PlayScene (Jam) in 117.0327ms
2025-11-02 10:08:35.236 +01:00 [INF] Executed endpoint 'Jam.Controllers.StoryPlayingController.PlayScene (Jam)'
2025-11-02 10:08:35.236 +01:00 [INF] Request starting HTTP/2 GET https://localhost:7025/lib/jquery-validation/dist/jquery.validate.min.js - null null
2025-11-02 10:08:35.236 +01:00 [INF] Request finished HTTP/2 POST https://localhost:7025/StoryPlaying/PlayScene - 200 null text/html; charset=utf-8 121.0537ms
2025-11-02 10:08:35.334 +01:00 [INF] Request starting HTTP/2 GET https://localhost:7025/lib/jquery-validation-unobtrusive/jquery.validate.unobtrusive.min.js - null null
2025-11-02 10:08:35.335 +01:00 [INF] Request finished HTTP/2 GET https://localhost:7025/lib/jquery-validation/dist/jquery.validate.min.js - 404 0 null 98.5533ms
2025-11-02 10:08:35.335 +01:00 [INF] Request reached the end of the middleware pipeline without being handled by application code. Request path: GET https://localhost:7025/lib/jquery-validation/dist/jquery.validate.min.js, Response status code: 404
2025-11-02 10:08:35.335 +01:00 [INF] Request finished HTTP/2 GET https://localhost:7025/lib/jquery-validation-unobtrusive/jquery.validate.unobtrusive.min.js - 404 0 null 1.1648ms
2025-11-02 10:08:35.336 +01:00 [INF] Request reached the end of the middleware pipeline without being handled by application code. Request path: GET https://localhost:7025/lib/jquery-validation-unobtrusive/jquery.validate.unobtrusive.min.js, Response status code: 404
