2025-11-07 20:11:18.090 +01:00 [INF] User profile is available. Using '/Users/jaraazad/.aspnet/DataProtection-Keys' as key repository; keys will not be encrypted at rest.
2025-11-07 20:11:18.870 +01:00 [INF] Applying migration '20251024065541_InitialCreate'.
2025-11-07 20:11:18.952 +01:00 [INF] Applying migration '20251101105657_AddIdentitySupport'.
2025-11-07 20:11:19.055 +01:00 [INF] Applying migration '20251103080324_UpdateNextQuestionSceneDeleteBehavior'.
2025-11-07 20:11:20.198 +01:00 [INF] Now listening on: https://localhost:7025
2025-11-07 20:11:20.199 +01:00 [INF] Now listening on: http://localhost:5262
2025-11-07 20:11:20.228 +01:00 [INF] Application started. Press Ctrl+C to shut down.
2025-11-07 20:11:20.229 +01:00 [INF] Hosting environment: Development
2025-11-07 20:11:20.230 +01:00 [INF] Content root path: /Users/jaraazad/Desktop/Jam
2025-11-07 20:11:20.398 +01:00 [INF] Request starting HTTP/2 GET https://localhost:7025/ - null null
2025-11-07 20:11:20.425 +01:00 [INF] Executing endpoint 'Jam.Controllers.HomeController.Index (Jam)'
2025-11-07 20:11:20.432 +01:00 [INF] Route matched with {action = "Index", controller = "Home", page = "", area = ""}. Executing controller action with signature System.Threading.Tasks.Task`1[Microsoft.AspNetCore.Mvc.IActionResult] Index() on controller Jam.Controllers.HomeController (Jam).
2025-11-07 20:11:20.443 +01:00 [WRN] [HomeController -> Index] Auth cookie invalid or user no longer exists. Redirecting to login.
2025-11-07 20:11:20.446 +01:00 [INF] AuthenticationScheme: Identity.Application signed out.
2025-11-07 20:11:20.447 +01:00 [INF] AuthenticationScheme: Identity.External signed out.
2025-11-07 20:11:20.447 +01:00 [INF] AuthenticationScheme: Identity.TwoFactorUserId signed out.
2025-11-07 20:11:20.448 +01:00 [INF] Executing LocalRedirectResult, redirecting to /Identity/Account/Login.
2025-11-07 20:11:20.450 +01:00 [INF] Executed action Jam.Controllers.HomeController.Index (Jam) in 15.8946ms
2025-11-07 20:11:20.451 +01:00 [INF] Executed endpoint 'Jam.Controllers.HomeController.Index (Jam)'
2025-11-07 20:11:20.455 +01:00 [INF] Request finished HTTP/2 GET https://localhost:7025/ - 302 0 null 58.6119ms
2025-11-07 20:11:20.485 +01:00 [INF] Request starting HTTP/2 GET https://localhost:7025/Identity/Account/Login - null null
2025-11-07 20:11:20.490 +01:00 [INF] Executing endpoint '/Account/Login'
2025-11-07 20:11:20.500 +01:00 [INF] Route matched with {page = "/Account/Login", area = "Identity", action = "", controller = ""}. Executing page /Account/Login
2025-11-07 20:11:20.508 +01:00 [INF] Executing handler method Jam.Areas.Identity.Pages.Account.LoginModel.OnGetAsync - ModelState is "Valid"
2025-11-07 20:11:20.509 +01:00 [INF] AuthenticationScheme: Identity.External signed out.
2025-11-07 20:11:20.510 +01:00 [INF] Executed handler method OnGetAsync, returned result .
2025-11-07 20:11:20.511 +01:00 [INF] Executing an implicit handler method - ModelState is "Valid"
2025-11-07 20:11:20.511 +01:00 [INF] Executed an implicit handler method, returned result Microsoft.AspNetCore.Mvc.RazorPages.PageResult.
2025-11-07 20:11:20.561 +01:00 [INF] Executed page /Account/Login in 60.4607ms
2025-11-07 20:11:20.561 +01:00 [INF] Executed endpoint '/Account/Login'
2025-11-07 20:11:20.566 +01:00 [INF] Request finished HTTP/2 GET https://localhost:7025/Identity/Account/Login - 200 null text/html; charset=utf-8 80.1758ms
2025-11-07 20:11:20.614 +01:00 [INF] Request starting HTTP/2 GET https://localhost:7025/lib/jquery-validation-unobtrusive/jquery.validate.unobtrusive.min.js - null null
2025-11-07 20:11:20.615 +01:00 [INF] Request starting HTTP/2 GET https://localhost:7025/lib/jquery-validation/dist/jquery.validate.min.js - null null
2025-11-07 20:11:20.624 +01:00 [INF] Request finished HTTP/2 GET https://localhost:7025/lib/jquery-validation/dist/jquery.validate.min.js - 404 0 null 10.2587ms
2025-11-07 20:11:20.624 +01:00 [INF] Request finished HTTP/2 GET https://localhost:7025/lib/jquery-validation-unobtrusive/jquery.validate.unobtrusive.min.js - 404 0 null 10.4074ms
2025-11-07 20:11:20.628 +01:00 [INF] Request reached the end of the middleware pipeline without being handled by application code. Request path: GET https://localhost:7025/lib/jquery-validation-unobtrusive/jquery.validate.unobtrusive.min.js, Response status code: 404
2025-11-07 20:11:20.629 +01:00 [INF] Request reached the end of the middleware pipeline without being handled by application code. Request path: GET https://localhost:7025/lib/jquery-validation/dist/jquery.validate.min.js, Response status code: 404
2025-11-07 20:11:22.701 +01:00 [INF] Request starting HTTP/2 POST https://localhost:7025/Identity/Account/Login - application/x-www-form-urlencoded 236
2025-11-07 20:11:22.760 +01:00 [INF] Executing endpoint '/Account/Login'
2025-11-07 20:11:22.761 +01:00 [INF] Route matched with {page = "/Account/Login", area = "Identity", action = "", controller = ""}. Executing page /Account/Login
2025-11-07 20:11:22.788 +01:00 [INF] Executing handler method Jam.Areas.Identity.Pages.Account.LoginModel.OnPostAsync - ModelState is "Valid"
2025-11-07 20:11:22.906 +01:00 [INF] AuthenticationScheme: Identity.Application signed in.
2025-11-07 20:11:22.907 +01:00 [INF] User logged in.
2025-11-07 20:11:22.907 +01:00 [INF] Executed handler method OnPostAsync, returned result Microsoft.AspNetCore.Mvc.LocalRedirectResult.
2025-11-07 20:11:22.907 +01:00 [INF] Executing LocalRedirectResult, redirecting to /.
2025-11-07 20:11:22.907 +01:00 [INF] Executed page /Account/Login in 146.3015ms
2025-11-07 20:11:22.907 +01:00 [INF] Executed endpoint '/Account/Login'
2025-11-07 20:11:22.907 +01:00 [INF] Request finished HTTP/2 POST https://localhost:7025/Identity/Account/Login - 302 0 null 207.0454ms
2025-11-07 20:11:22.938 +01:00 [INF] Request starting HTTP/2 GET https://localhost:7025/ - null null
2025-11-07 20:11:22.940 +01:00 [INF] Executing endpoint 'Jam.Controllers.HomeController.Index (Jam)'
2025-11-07 20:11:22.940 +01:00 [INF] Route matched with {action = "Index", controller = "Home", page = "", area = ""}. Executing controller action with signature System.Threading.Tasks.Task`1[Microsoft.AspNetCore.Mvc.IActionResult] Index() on controller Jam.Controllers.HomeController (Jam).
2025-11-07 20:11:22.986 +01:00 [INF] Executing ViewResult, running view Index.
2025-11-07 20:11:23.000 +01:00 [INF] Executed ViewResult - view Index executed in 14.974ms.
2025-11-07 20:11:23.001 +01:00 [INF] Executed action Jam.Controllers.HomeController.Index (Jam) in 61.2486ms
2025-11-07 20:11:23.001 +01:00 [INF] Executed endpoint 'Jam.Controllers.HomeController.Index (Jam)'
2025-11-07 20:11:23.002 +01:00 [INF] Request finished HTTP/2 GET https://localhost:7025/ - 200 null text/html; charset=utf-8 63.461ms
2025-11-07 20:11:24.815 +01:00 [INF] Request starting HTTP/2 GET https://localhost:7025/StoryEditing/EditStory?storyId=1 - null null
2025-11-07 20:11:24.822 +01:00 [INF] Executing endpoint 'Jam.Controllers.StoryEditingController.EditStory (Jam)'
2025-11-07 20:11:24.829 +01:00 [INF] Route matched with {action = "EditStory", controller = "StoryEditing", page = "", area = ""}. Executing controller action with signature System.Threading.Tasks.Task`1[Microsoft.AspNetCore.Mvc.IActionResult] EditStory(Int32) on controller Jam.Controllers.StoryEditingController (Jam).
2025-11-07 20:11:24.847 +01:00 [INF] Executing ViewResult, running view EditStory.
2025-11-07 20:11:24.901 +01:00 [INF] Executed ViewResult - view EditStory executed in 55.2176ms.
2025-11-07 20:11:24.926 +01:00 [INF] Executed action Jam.Controllers.StoryEditingController.EditStory (Jam) in 96.7325ms
2025-11-07 20:11:24.926 +01:00 [INF] Executed endpoint 'Jam.Controllers.StoryEditingController.EditStory (Jam)'
2025-11-07 20:11:24.926 +01:00 [INF] Request finished HTTP/2 GET https://localhost:7025/StoryEditing/EditStory?storyId=1 - 200 null text/html; charset=utf-8 111.6815ms
2025-11-07 20:11:25.555 +01:00 [INF] Request starting HTTP/2 GET https://localhost:7025/StoryEditing/EditQuestionScenes?storyId=1 - null null
2025-11-07 20:11:25.558 +01:00 [INF] Executing endpoint 'Jam.Controllers.StoryEditingController.EditQuestionScenes (Jam)'
2025-11-07 20:11:25.562 +01:00 [INF] Route matched with {action = "EditQuestionScenes", controller = "StoryEditing", page = "", area = ""}. Executing controller action with signature System.Threading.Tasks.Task`1[Microsoft.AspNetCore.Mvc.IActionResult] EditQuestionScenes(Int32) on controller Jam.Controllers.StoryEditingController (Jam).
2025-11-07 20:11:25.655 +01:00 [INF] Executing ViewResult, running view EditQuestionScenes.
2025-11-07 20:11:25.749 +01:00 [INF] Executed ViewResult - view EditQuestionScenes executed in 94.5869ms.
2025-11-07 20:11:25.749 +01:00 [INF] Executed action Jam.Controllers.StoryEditingController.EditQuestionScenes (Jam) in 186.8272ms
2025-11-07 20:11:25.749 +01:00 [INF] Executed endpoint 'Jam.Controllers.StoryEditingController.EditQuestionScenes (Jam)'
2025-11-07 20:11:25.750 +01:00 [INF] Request finished HTTP/2 GET https://localhost:7025/StoryEditing/EditQuestionScenes?storyId=1 - 200 null text/html; charset=utf-8 216.6584ms
2025-11-07 20:11:28.385 +01:00 [INF] Request starting HTTP/2 GET https://localhost:7025/StoryEditing/GetQuestionScenePartial?index=4&questionNumber=5 - null null
2025-11-07 20:11:28.387 +01:00 [INF] Executing endpoint 'Jam.Controllers.StoryEditingController.GetQuestionScenePartial (Jam)'
2025-11-07 20:11:28.390 +01:00 [INF] Route matched with {action = "GetQuestionScenePartial", controller = "StoryEditing", page = "", area = ""}. Executing controller action with signature Microsoft.AspNetCore.Mvc.IActionResult GetQuestionScenePartial(Int32, Int32) on controller Jam.Controllers.StoryEditingController (Jam).
2025-11-07 20:11:28.397 +01:00 [INF] Executing PartialViewResult, running view ~/Views/Shared/_QuestionScenePartial.cshtml.
2025-11-07 20:11:28.423 +01:00 [INF] Executed PartialViewResult - view ~/Views/Shared/_QuestionScenePartial.cshtml executed in 27.4218ms.
2025-11-07 20:11:28.423 +01:00 [INF] Executed action Jam.Controllers.StoryEditingController.GetQuestionScenePartial (Jam) in 33.6379ms
2025-11-07 20:11:28.423 +01:00 [INF] Executed endpoint 'Jam.Controllers.StoryEditingController.GetQuestionScenePartial (Jam)'
2025-11-07 20:11:28.423 +01:00 [INF] Request finished HTTP/2 GET https://localhost:7025/StoryEditing/GetQuestionScenePartial?index=4&questionNumber=5 - 200 null text/html; charset=utf-8 38.1456ms
2025-11-07 20:11:30.978 +01:00 [INF] Request starting HTTP/2 GET https://localhost:7025/StoryEditing/GetQuestionScenePartial?index=5&questionNumber=6 - null null
2025-11-07 20:11:31.003 +01:00 [INF] Executing endpoint 'Jam.Controllers.StoryEditingController.GetQuestionScenePartial (Jam)'
2025-11-07 20:11:31.003 +01:00 [INF] Route matched with {action = "GetQuestionScenePartial", controller = "StoryEditing", page = "", area = ""}. Executing controller action with signature Microsoft.AspNetCore.Mvc.IActionResult GetQuestionScenePartial(Int32, Int32) on controller Jam.Controllers.StoryEditingController (Jam).
2025-11-07 20:11:31.004 +01:00 [INF] Executing PartialViewResult, running view ~/Views/Shared/_QuestionScenePartial.cshtml.
2025-11-07 20:11:31.243 +01:00 [INF] Executed PartialViewResult - view ~/Views/Shared/_QuestionScenePartial.cshtml executed in 214.9819ms.
2025-11-07 20:11:31.247 +01:00 [INF] Executed action Jam.Controllers.StoryEditingController.GetQuestionScenePartial (Jam) in 243.5124ms
2025-11-07 20:11:31.247 +01:00 [INF] Executed endpoint 'Jam.Controllers.StoryEditingController.GetQuestionScenePartial (Jam)'
2025-11-07 20:11:31.247 +01:00 [INF] Request finished HTTP/2 GET https://localhost:7025/StoryEditing/GetQuestionScenePartial?index=5&questionNumber=6 - 200 null text/html; charset=utf-8 268.6356ms
2025-11-07 20:12:08.002 +01:00 [INF] Request starting HTTP/2 GET https://localhost:7025/.well-known/appspecific/com.chrome.devtools.json - null null
2025-11-07 20:12:08.012 +01:00 [INF] Request finished HTTP/2 GET https://localhost:7025/.well-known/appspecific/com.chrome.devtools.json - 404 0 null 32.8204ms
2025-11-07 20:12:08.012 +01:00 [INF] Request reached the end of the middleware pipeline without being handled by application code. Request path: GET https://localhost:7025/.well-known/appspecific/com.chrome.devtools.json, Response status code: 404
2025-11-07 20:12:08.248 +01:00 [INF] Request starting HTTP/2 GET https://localhost:7025/js/bootstrap.js.map - null null
2025-11-07 20:12:08.254 +01:00 [INF] Request finished HTTP/2 GET https://localhost:7025/js/bootstrap.js.map - 404 0 null 5.8332ms
2025-11-07 20:12:08.254 +01:00 [INF] Request reached the end of the middleware pipeline without being handled by application code. Request path: GET https://localhost:7025/js/bootstrap.js.map, Response status code: 404
2025-11-07 20:12:18.451 +01:00 [INF] Request starting HTTP/2 POST https://localhost:7025/StoryCreation/DeleteQuestionInline - application/x-www-form-urlencoded 7243
2025-11-07 20:12:18.469 +01:00 [INF] Executing endpoint 'Jam.Controllers.StoryCreationController.DeleteQuestionInline (Jam)'
2025-11-07 20:12:18.501 +01:00 [INF] Route matched with {action = "DeleteQuestionInline", controller = "StoryCreation", page = "", area = ""}. Executing controller action with signature Microsoft.AspNetCore.Mvc.IActionResult DeleteQuestionInline(Jam.ViewModels.StoryCreation.CreateMultipleQuestionScenesViewModel, Int32) on controller Jam.Controllers.StoryCreationController (Jam).
2025-11-07 20:12:18.529 +01:00 [INF] Executing ViewResult, running view CreateQuestionScenes.
2025-11-07 20:12:18.559 +01:00 [INF] Executed ViewResult - view CreateQuestionScenes executed in 30.0513ms.
2025-11-07 20:12:18.610 +01:00 [INF] Executed action Jam.Controllers.StoryCreationController.DeleteQuestionInline (Jam) in 106.717ms
2025-11-07 20:12:18.657 +01:00 [INF] Executed endpoint 'Jam.Controllers.StoryCreationController.DeleteQuestionInline (Jam)'
2025-11-07 20:12:18.678 +01:00 [INF] Request finished HTTP/2 POST https://localhost:7025/StoryCreation/DeleteQuestionInline - 200 null text/html; charset=utf-8 249.4257ms
