2025-11-07 13:29:48.058 +01:00 [INF] User profile is available. Using '/Users/jaraazad/.aspnet/DataProtection-Keys' as key repository; keys will not be encrypted at rest.
2025-11-07 13:29:48.561 +01:00 [INF] Applying migration '20251024065541_InitialCreate'.
2025-11-07 13:29:48.621 +01:00 [INF] Applying migration '20251101105657_AddIdentitySupport'.
2025-11-07 13:29:48.684 +01:00 [INF] Applying migration '20251103080324_UpdateNextQuestionSceneDeleteBehavior'.
2025-11-07 13:29:49.584 +01:00 [INF] Now listening on: https://localhost:7025
2025-11-07 13:29:49.584 +01:00 [INF] Now listening on: http://localhost:5262
2025-11-07 13:29:49.588 +01:00 [INF] Application started. Press Ctrl+C to shut down.
2025-11-07 13:29:49.589 +01:00 [INF] Hosting environment: Development
2025-11-07 13:29:49.589 +01:00 [INF] Content root path: /Users/jaraazad/Desktop/Jam
2025-11-07 13:29:50.079 +01:00 [INF] Request starting HTTP/2 GET https://localhost:7025/ - null null
2025-11-07 13:29:50.110 +01:00 [INF] Executing endpoint 'Jam.Controllers.HomeController.Index (Jam)'
2025-11-07 13:29:50.121 +01:00 [INF] Route matched with {action = "Index", controller = "Home", page = "", area = ""}. Executing controller action with signature System.Threading.Tasks.Task`1[Microsoft.AspNetCore.Mvc.IActionResult] Index() on controller Jam.Controllers.HomeController (Jam).
2025-11-07 13:29:50.135 +01:00 [WRN] [HomeController -> Index] Auth cookie invalid or user no longer exists. Redirecting to login.
2025-11-07 13:29:50.138 +01:00 [INF] AuthenticationScheme: Identity.Application signed out.
2025-11-07 13:29:50.139 +01:00 [INF] AuthenticationScheme: Identity.External signed out.
2025-11-07 13:29:50.139 +01:00 [INF] AuthenticationScheme: Identity.TwoFactorUserId signed out.
2025-11-07 13:29:50.140 +01:00 [INF] Executing LocalRedirectResult, redirecting to /Identity/Account/Login.
2025-11-07 13:29:50.142 +01:00 [INF] Executed action Jam.Controllers.HomeController.Index (Jam) in 19.8103ms
2025-11-07 13:29:50.143 +01:00 [INF] Executed endpoint 'Jam.Controllers.HomeController.Index (Jam)'
2025-11-07 13:29:50.150 +01:00 [INF] Request finished HTTP/2 GET https://localhost:7025/ - 302 0 null 71.5319ms
2025-11-07 13:29:50.201 +01:00 [INF] Request starting HTTP/2 GET https://localhost:7025/Identity/Account/Login - null null
2025-11-07 13:29:50.206 +01:00 [INF] Executing endpoint '/Account/Login'
2025-11-07 13:29:50.217 +01:00 [INF] Route matched with {page = "/Account/Login", area = "Identity", action = "", controller = ""}. Executing page /Account/Login
2025-11-07 13:29:50.224 +01:00 [INF] Executing handler method Jam.Areas.Identity.Pages.Account.LoginModel.OnGetAsync - ModelState is "Valid"
2025-11-07 13:29:50.225 +01:00 [INF] AuthenticationScheme: Identity.External signed out.
2025-11-07 13:29:50.226 +01:00 [INF] Executed handler method OnGetAsync, returned result .
2025-11-07 13:29:50.227 +01:00 [INF] Executing an implicit handler method - ModelState is "Valid"
2025-11-07 13:29:50.227 +01:00 [INF] Executed an implicit handler method, returned result Microsoft.AspNetCore.Mvc.RazorPages.PageResult.
2025-11-07 13:29:50.282 +01:00 [INF] Executed page /Account/Login in 65.3655ms
2025-11-07 13:29:50.283 +01:00 [INF] Executed endpoint '/Account/Login'
2025-11-07 13:29:50.315 +01:00 [INF] Request starting HTTP/2 GET https://localhost:7025/lib/jquery-validation-unobtrusive/jquery.validate.unobtrusive.min.js - null null
2025-11-07 13:29:50.359 +01:00 [INF] Request starting HTTP/2 GET https://localhost:7025/lib/jquery-validation/dist/jquery.validate.min.js - null null
2025-11-07 13:29:50.386 +01:00 [INF] Request finished HTTP/2 GET https://localhost:7025/Identity/Account/Login - 200 null text/html; charset=utf-8 184.3035ms
2025-11-07 13:29:50.388 +01:00 [INF] Request finished HTTP/2 GET https://localhost:7025/lib/jquery-validation-unobtrusive/jquery.validate.unobtrusive.min.js - 404 0 null 73.2876ms
2025-11-07 13:29:50.388 +01:00 [INF] Request finished HTTP/2 GET https://localhost:7025/lib/jquery-validation/dist/jquery.validate.min.js - 404 0 null 73.2921ms
2025-11-07 13:29:50.388 +01:00 [INF] Request reached the end of the middleware pipeline without being handled by application code. Request path: GET https://localhost:7025/lib/jquery-validation-unobtrusive/jquery.validate.unobtrusive.min.js, Response status code: 404
2025-11-07 13:29:50.388 +01:00 [INF] Request reached the end of the middleware pipeline without being handled by application code. Request path: GET https://localhost:7025/lib/jquery-validation/dist/jquery.validate.min.js, Response status code: 404
2025-11-07 13:29:51.126 +01:00 [INF] Request starting HTTP/2 POST https://localhost:7025/Identity/Account/Login - application/x-www-form-urlencoded 236
2025-11-07 13:29:51.130 +01:00 [INF] Executing endpoint '/Account/Login'
2025-11-07 13:29:51.130 +01:00 [INF] Route matched with {page = "/Account/Login", area = "Identity", action = "", controller = ""}. Executing page /Account/Login
2025-11-07 13:29:51.146 +01:00 [INF] Executing handler method Jam.Areas.Identity.Pages.Account.LoginModel.OnPostAsync - ModelState is "Valid"
2025-11-07 13:29:51.259 +01:00 [INF] AuthenticationScheme: Identity.Application signed in.
2025-11-07 13:29:51.260 +01:00 [INF] User logged in.
2025-11-07 13:29:51.261 +01:00 [INF] Executed handler method OnPostAsync, returned result Microsoft.AspNetCore.Mvc.LocalRedirectResult.
2025-11-07 13:29:51.261 +01:00 [INF] Executing LocalRedirectResult, redirecting to /.
2025-11-07 13:29:51.261 +01:00 [INF] Executed page /Account/Login in 130.5116ms
2025-11-07 13:29:51.261 +01:00 [INF] Executed endpoint '/Account/Login'
2025-11-07 13:29:51.261 +01:00 [INF] Request finished HTTP/2 POST https://localhost:7025/Identity/Account/Login - 302 0 null 135.7997ms
2025-11-07 13:29:51.264 +01:00 [INF] Request starting HTTP/2 GET https://localhost:7025/ - null null
2025-11-07 13:29:51.290 +01:00 [INF] Executing endpoint 'Jam.Controllers.HomeController.Index (Jam)'
2025-11-07 13:29:51.290 +01:00 [INF] Route matched with {action = "Index", controller = "Home", page = "", area = ""}. Executing controller action with signature System.Threading.Tasks.Task`1[Microsoft.AspNetCore.Mvc.IActionResult] Index() on controller Jam.Controllers.HomeController (Jam).
2025-11-07 13:29:51.340 +01:00 [INF] Executing ViewResult, running view Index.
2025-11-07 13:29:51.357 +01:00 [INF] Executed ViewResult - view Index executed in 16.879ms.
2025-11-07 13:29:51.357 +01:00 [INF] Executed action Jam.Controllers.HomeController.Index (Jam) in 66.9945ms
2025-11-07 13:29:51.357 +01:00 [INF] Executed endpoint 'Jam.Controllers.HomeController.Index (Jam)'
2025-11-07 13:29:51.358 +01:00 [INF] Request finished HTTP/2 GET https://localhost:7025/ - 200 null text/html; charset=utf-8 93.7547ms
2025-11-07 13:29:52.457 +01:00 [INF] Request starting HTTP/2 GET https://localhost:7025/StoryEditing/EditStory?storyId=1 - null null
2025-11-07 13:29:52.464 +01:00 [INF] Executing endpoint 'Jam.Controllers.StoryEditingController.EditStory (Jam)'
2025-11-07 13:29:52.469 +01:00 [INF] Route matched with {action = "EditStory", controller = "StoryEditing", page = "", area = ""}. Executing controller action with signature System.Threading.Tasks.Task`1[Microsoft.AspNetCore.Mvc.IActionResult] EditStory(Int32) on controller Jam.Controllers.StoryEditingController (Jam).
2025-11-07 13:29:52.489 +01:00 [INF] Executing ViewResult, running view EditStory.
2025-11-07 13:29:52.545 +01:00 [INF] Executed ViewResult - view EditStory executed in 57.0964ms.
2025-11-07 13:29:52.545 +01:00 [INF] Executed action Jam.Controllers.StoryEditingController.EditStory (Jam) in 75.8243ms
2025-11-07 13:29:52.545 +01:00 [INF] Executed endpoint 'Jam.Controllers.StoryEditingController.EditStory (Jam)'
2025-11-07 13:29:52.546 +01:00 [INF] Request finished HTTP/2 GET https://localhost:7025/StoryEditing/EditStory?storyId=1 - 200 null text/html; charset=utf-8 88.264ms
2025-11-07 13:29:53.281 +01:00 [INF] Request starting HTTP/2 GET https://localhost:7025/StoryEditing/EditQuestionScenes?storyId=1 - null null
2025-11-07 13:29:53.283 +01:00 [INF] Executing endpoint 'Jam.Controllers.StoryEditingController.EditQuestionScenes (Jam)'
2025-11-07 13:29:53.288 +01:00 [INF] Route matched with {action = "EditQuestionScenes", controller = "StoryEditing", page = "", area = ""}. Executing controller action with signature System.Threading.Tasks.Task`1[Microsoft.AspNetCore.Mvc.IActionResult] EditQuestionScenes(Int32) on controller Jam.Controllers.StoryEditingController (Jam).
2025-11-07 13:29:53.357 +01:00 [INF] Executing ViewResult, running view EditQuestionScenes.
2025-11-07 13:29:53.455 +01:00 [INF] Executed ViewResult - view EditQuestionScenes executed in 98.3318ms.
2025-11-07 13:29:53.455 +01:00 [INF] Executed action Jam.Controllers.StoryEditingController.EditQuestionScenes (Jam) in 167.3844ms
2025-11-07 13:29:53.455 +01:00 [INF] Executed endpoint 'Jam.Controllers.StoryEditingController.EditQuestionScenes (Jam)'
2025-11-07 13:29:53.456 +01:00 [INF] Request finished HTTP/2 GET https://localhost:7025/StoryEditing/EditQuestionScenes?storyId=1 - 200 null text/html; charset=utf-8 174.9981ms
2025-11-07 13:29:55.500 +01:00 [INF] Request starting HTTP/2 POST https://localhost:7025/StoryEditing/DeleteQuestion?storyId=1&questionSceneId=3 - application/x-www-form-urlencoded 6488
2025-11-07 13:29:55.501 +01:00 [INF] Executing endpoint 'Jam.Controllers.StoryEditingController.DeleteQuestion (Jam)'
2025-11-07 13:29:55.506 +01:00 [INF] Route matched with {action = "DeleteQuestion", controller = "StoryEditing", page = "", area = ""}. Executing controller action with signature System.Threading.Tasks.Task`1[Microsoft.AspNetCore.Mvc.IActionResult] DeleteQuestion(Int32, Int32) on controller Jam.Controllers.StoryEditingController (Jam).
2025-11-07 13:29:55.515 +01:00 [INF] 🟢 DeleteQuestion CALLED: storyId=1, questionSceneId=3
2025-11-07 13:29:55.553 +01:00 [INF] [SceneRepository -> DeleteQuestionScene] Deleted scene 3, linked previous=null → next=2
2025-11-07 13:29:55.618 +01:00 [WRN] [SceneRepository -> DeleteQuestionScene] Scene not found with id 3
2025-11-07 13:29:55.620 +01:00 [INF] Executing RedirectResult, redirecting to /StoryEditing/EditQuestionScenes?storyId=1.
2025-11-07 13:29:55.620 +01:00 [INF] Executed action Jam.Controllers.StoryEditingController.DeleteQuestion (Jam) in 114.5175ms
2025-11-07 13:29:55.620 +01:00 [INF] Executed endpoint 'Jam.Controllers.StoryEditingController.DeleteQuestion (Jam)'
2025-11-07 13:29:55.621 +01:00 [INF] Request finished HTTP/2 POST https://localhost:7025/StoryEditing/DeleteQuestion?storyId=1&questionSceneId=3 - 302 0 null 146.4101ms
2025-11-07 13:29:55.624 +01:00 [INF] Request starting HTTP/2 GET https://localhost:7025/StoryEditing/EditQuestionScenes?storyId=1 - null null
2025-11-07 13:29:55.649 +01:00 [INF] Executing endpoint 'Jam.Controllers.StoryEditingController.EditQuestionScenes (Jam)'
2025-11-07 13:29:55.650 +01:00 [INF] Route matched with {action = "EditQuestionScenes", controller = "StoryEditing", page = "", area = ""}. Executing controller action with signature System.Threading.Tasks.Task`1[Microsoft.AspNetCore.Mvc.IActionResult] EditQuestionScenes(Int32) on controller Jam.Controllers.StoryEditingController (Jam).
2025-11-07 13:29:55.654 +01:00 [INF] Executing ViewResult, running view EditQuestionScenes.
2025-11-07 13:29:55.784 +01:00 [INF] Executed ViewResult - view EditQuestionScenes executed in 129.8736ms.
2025-11-07 13:29:55.784 +01:00 [INF] Executed action Jam.Controllers.StoryEditingController.EditQuestionScenes (Jam) in 134.5657ms
2025-11-07 13:29:55.784 +01:00 [INF] Executed endpoint 'Jam.Controllers.StoryEditingController.EditQuestionScenes (Jam)'
2025-11-07 13:29:55.784 +01:00 [INF] Request finished HTTP/2 GET https://localhost:7025/StoryEditing/EditQuestionScenes?storyId=1 - 200 null text/html; charset=utf-8 160.5968ms
2025-11-07 13:30:00.872 +01:00 [INF] Request starting HTTP/2 POST https://localhost:7025/StoryEditing/EditQuestionScenes - application/x-www-form-urlencoded 4411
2025-11-07 13:30:00.875 +01:00 [INF] Executing endpoint 'Jam.Controllers.StoryEditingController.EditQuestionScenes (Jam)'
2025-11-07 13:30:00.883 +01:00 [INF] Route matched with {action = "EditQuestionScenes", controller = "StoryEditing", page = "", area = ""}. Executing controller action with signature System.Threading.Tasks.Task`1[Microsoft.AspNetCore.Mvc.IActionResult] EditQuestionScenes(System.Collections.Generic.List`1[Jam.ViewModels.QuestionSceneBaseViewModel]) on controller Jam.Controllers.StoryEditingController (Jam).
2025-11-07 13:30:00.945 +01:00 [INF] Executing RedirectResult, redirecting to /StoryEditing/EditStory?storyId=1.
2025-11-07 13:30:00.945 +01:00 [INF] Executed action Jam.Controllers.StoryEditingController.EditQuestionScenes (Jam) in 61.9005ms
2025-11-07 13:30:00.945 +01:00 [INF] Executed endpoint 'Jam.Controllers.StoryEditingController.EditQuestionScenes (Jam)'
2025-11-07 13:30:00.945 +01:00 [INF] Request finished HTTP/2 POST https://localhost:7025/StoryEditing/EditQuestionScenes - 302 0 null 98.3923ms
2025-11-07 13:30:00.950 +01:00 [INF] Request starting HTTP/2 GET https://localhost:7025/StoryEditing/EditStory?storyId=1 - null null
2025-11-07 13:30:00.950 +01:00 [INF] Executing endpoint 'Jam.Controllers.StoryEditingController.EditStory (Jam)'
2025-11-07 13:30:00.950 +01:00 [INF] Route matched with {action = "EditStory", controller = "StoryEditing", page = "", area = ""}. Executing controller action with signature System.Threading.Tasks.Task`1[Microsoft.AspNetCore.Mvc.IActionResult] EditStory(Int32) on controller Jam.Controllers.StoryEditingController (Jam).
2025-11-07 13:30:00.952 +01:00 [INF] Executing ViewResult, running view EditStory.
2025-11-07 13:30:01.005 +01:00 [INF] Executed ViewResult - view EditStory executed in 52.4782ms.
2025-11-07 13:30:01.030 +01:00 [INF] Executed action Jam.Controllers.StoryEditingController.EditStory (Jam) in 79.818ms
2025-11-07 13:30:01.030 +01:00 [INF] Executed endpoint 'Jam.Controllers.StoryEditingController.EditStory (Jam)'
2025-11-07 13:30:01.031 +01:00 [INF] Request finished HTTP/2 GET https://localhost:7025/StoryEditing/EditStory?storyId=1 - 200 null text/html; charset=utf-8 80.9516ms
2025-11-07 13:30:05.023 +01:00 [INF] Request starting HTTP/2 GET https://localhost:7025/ - null null
2025-11-07 13:30:05.026 +01:00 [INF] Executing endpoint 'Jam.Controllers.HomeController.Index (Jam)'
2025-11-07 13:30:05.026 +01:00 [INF] Route matched with {action = "Index", controller = "Home", page = "", area = ""}. Executing controller action with signature System.Threading.Tasks.Task`1[Microsoft.AspNetCore.Mvc.IActionResult] Index() on controller Jam.Controllers.HomeController (Jam).
2025-11-07 13:30:05.040 +01:00 [INF] Executing ViewResult, running view Index.
2025-11-07 13:30:05.044 +01:00 [INF] Executed ViewResult - view Index executed in 4.0397ms.
2025-11-07 13:30:05.044 +01:00 [INF] Executed action Jam.Controllers.HomeController.Index (Jam) in 17.9194ms
2025-11-07 13:30:05.045 +01:00 [INF] Executed endpoint 'Jam.Controllers.HomeController.Index (Jam)'
2025-11-07 13:30:05.045 +01:00 [INF] Request finished HTTP/2 GET https://localhost:7025/ - 200 null text/html; charset=utf-8 47.5176ms
2025-11-07 13:30:06.125 +01:00 [INF] Request starting HTTP/2 GET https://localhost:7025/StoryManagement/StoryDetails?storyId=1 - null null
2025-11-07 13:30:06.125 +01:00 [INF] Executing endpoint 'Jam.Controllers.StoryManagementController.StoryDetails (Jam)'
2025-11-07 13:30:06.128 +01:00 [INF] Route matched with {action = "StoryDetails", controller = "StoryManagement", page = "", area = ""}. Executing controller action with signature System.Threading.Tasks.Task`1[Microsoft.AspNetCore.Mvc.IActionResult] StoryDetails(Int32) on controller Jam.Controllers.StoryManagementController (Jam).
2025-11-07 13:30:06.132 +01:00 [INF] Executing ViewResult, running view StoryDetails.
2025-11-07 13:30:06.158 +01:00 [INF] Executed ViewResult - view StoryDetails executed in 26.7147ms.
2025-11-07 13:30:06.159 +01:00 [INF] Executed action Jam.Controllers.StoryManagementController.StoryDetails (Jam) in 30.8261ms
2025-11-07 13:30:06.159 +01:00 [INF] Executed endpoint 'Jam.Controllers.StoryManagementController.StoryDetails (Jam)'
2025-11-07 13:30:06.159 +01:00 [INF] Request finished HTTP/2 GET https://localhost:7025/StoryManagement/StoryDetails?storyId=1 - 200 null text/html; charset=utf-8 34.2842ms
2025-11-07 13:30:08.159 +01:00 [INF] Request starting HTTP/2 GET https://localhost:7025/StoryPlaying/StartStory?storyId=1 - null null
2025-11-07 13:30:08.183 +01:00 [INF] Executing endpoint 'Jam.Controllers.StoryPlayingController.StartStory (Jam)'
2025-11-07 13:30:08.186 +01:00 [INF] Route matched with {action = "StartStory", controller = "StoryPlaying", page = "", area = ""}. Executing controller action with signature System.Threading.Tasks.Task`1[Microsoft.AspNetCore.Mvc.IActionResult] StartStory(Int32) on controller Jam.Controllers.StoryPlayingController (Jam).
2025-11-07 13:30:08.214 +01:00 [INF] Executing RedirectResult, redirecting to /StoryPlaying/PlayScene?sceneId=3&SceneType=Intro&sessionId=3.
2025-11-07 13:30:08.214 +01:00 [INF] Executed action Jam.Controllers.StoryPlayingController.StartStory (Jam) in 28.0168ms
2025-11-07 13:30:08.214 +01:00 [INF] Executed endpoint 'Jam.Controllers.StoryPlayingController.StartStory (Jam)'
2025-11-07 13:30:08.214 +01:00 [INF] Request finished HTTP/2 GET https://localhost:7025/StoryPlaying/StartStory?storyId=1 - 302 0 null 55.6412ms
2025-11-07 13:30:08.217 +01:00 [INF] Request starting HTTP/2 GET https://localhost:7025/StoryPlaying/PlayScene?sceneId=3&SceneType=Intro&sessionId=3 - null null
2025-11-07 13:30:08.221 +01:00 [INF] Executing endpoint 'Jam.Controllers.StoryPlayingController.PlayScene (Jam)'
2025-11-07 13:30:08.224 +01:00 [INF] Route matched with {action = "PlayScene", controller = "StoryPlaying", page = "", area = ""}. Executing controller action with signature System.Threading.Tasks.Task`1[Microsoft.AspNetCore.Mvc.IActionResult] PlayScene(Int32, Jam.Models.Enums.SceneType, Int32) on controller Jam.Controllers.StoryPlayingController (Jam).
2025-11-07 13:30:08.237 +01:00 [INF] Executing ViewResult, running view PlayScene.
2025-11-07 13:30:08.281 +01:00 [INF] Executed ViewResult - view PlayScene executed in 45.0138ms.
2025-11-07 13:30:08.282 +01:00 [INF] Executed action Jam.Controllers.StoryPlayingController.PlayScene (Jam) in 58.1932ms
2025-11-07 13:30:08.283 +01:00 [INF] Executed endpoint 'Jam.Controllers.StoryPlayingController.PlayScene (Jam)'
2025-11-07 13:30:08.283 +01:00 [INF] Request finished HTTP/2 GET https://localhost:7025/StoryPlaying/PlayScene?sceneId=3&SceneType=Intro&sessionId=3 - 200 null text/html; charset=utf-8 66.2829ms
2025-11-07 13:30:08.288 +01:00 [INF] Request starting HTTP/2 GET https://localhost:7025/lib/jquery-validation/dist/jquery.validate.min.js - null null
2025-11-07 13:30:08.288 +01:00 [INF] Request starting HTTP/2 GET https://localhost:7025/lib/jquery-validation-unobtrusive/jquery.validate.unobtrusive.min.js - null null
2025-11-07 13:30:08.335 +01:00 [INF] Request finished HTTP/2 GET https://localhost:7025/lib/jquery-validation-unobtrusive/jquery.validate.unobtrusive.min.js - 404 0 null 46.552ms
2025-11-07 13:30:08.335 +01:00 [INF] Request finished HTTP/2 GET https://localhost:7025/lib/jquery-validation/dist/jquery.validate.min.js - 404 0 null 46.5749ms
2025-11-07 13:30:08.335 +01:00 [INF] Request reached the end of the middleware pipeline without being handled by application code. Request path: GET https://localhost:7025/lib/jquery-validation-unobtrusive/jquery.validate.unobtrusive.min.js, Response status code: 404
2025-11-07 13:30:08.335 +01:00 [INF] Request reached the end of the middleware pipeline without being handled by application code. Request path: GET https://localhost:7025/lib/jquery-validation/dist/jquery.validate.min.js, Response status code: 404
2025-11-07 13:30:09.027 +01:00 [INF] Request starting HTTP/2 POST https://localhost:7025/StoryPlaying/PlayScene - application/x-www-form-urlencoded 540
2025-11-07 13:30:09.028 +01:00 [INF] Executing endpoint 'Jam.Controllers.StoryPlayingController.PlayScene (Jam)'
2025-11-07 13:30:09.039 +01:00 [INF] Route matched with {action = "PlayScene", controller = "StoryPlaying", page = "", area = ""}. Executing controller action with signature System.Threading.Tasks.Task`1[Microsoft.AspNetCore.Mvc.IActionResult] PlayScene(Jam.ViewModels.StoryPlaying.PlaySceneViewModel) on controller Jam.Controllers.StoryPlayingController (Jam).
2025-11-07 13:30:09.077 +01:00 [INF] Executing RedirectResult, redirecting to /StoryPlaying/PlayScene?sceneId=4&sceneType=Question&sessionId=3.
2025-11-07 13:30:09.077 +01:00 [INF] Executed action Jam.Controllers.StoryPlayingController.PlayScene (Jam) in 38.5185ms
2025-11-07 13:30:09.077 +01:00 [INF] Executed endpoint 'Jam.Controllers.StoryPlayingController.PlayScene (Jam)'
2025-11-07 13:30:09.077 +01:00 [INF] Request finished HTTP/2 POST https://localhost:7025/StoryPlaying/PlayScene - 302 0 null 50.7366ms
2025-11-07 13:30:09.080 +01:00 [INF] Request starting HTTP/2 GET https://localhost:7025/StoryPlaying/PlayScene?sceneId=4&sceneType=Question&sessionId=3 - null null
2025-11-07 13:30:09.081 +01:00 [INF] Executing endpoint 'Jam.Controllers.StoryPlayingController.PlayScene (Jam)'
2025-11-07 13:30:09.081 +01:00 [INF] Route matched with {action = "PlayScene", controller = "StoryPlaying", page = "", area = ""}. Executing controller action with signature System.Threading.Tasks.Task`1[Microsoft.AspNetCore.Mvc.IActionResult] PlayScene(Int32, Jam.Models.Enums.SceneType, Int32) on controller Jam.Controllers.StoryPlayingController (Jam).
2025-11-07 13:30:09.093 +01:00 [INF] Executing ViewResult, running view PlayScene.
2025-11-07 13:30:09.098 +01:00 [INF] Executed ViewResult - view PlayScene executed in 4.8981ms.
2025-11-07 13:30:09.174 +01:00 [INF] Executed action Jam.Controllers.StoryPlayingController.PlayScene (Jam) in 68.6795ms
2025-11-07 13:30:09.195 +01:00 [INF] Executed endpoint 'Jam.Controllers.StoryPlayingController.PlayScene (Jam)'
2025-11-07 13:30:09.195 +01:00 [INF] Request starting HTTP/2 GET https://localhost:7025/lib/jquery-validation/dist/jquery.validate.min.js - null null
2025-11-07 13:30:09.218 +01:00 [INF] Request starting HTTP/2 GET https://localhost:7025/lib/jquery-validation-unobtrusive/jquery.validate.unobtrusive.min.js - null null
2025-11-07 13:30:09.218 +01:00 [INF] Request finished HTTP/2 GET https://localhost:7025/StoryPlaying/PlayScene?sceneId=4&sceneType=Question&sessionId=3 - 200 null text/html; charset=utf-8 138.0118ms
2025-11-07 13:30:09.219 +01:00 [INF] Request finished HTTP/2 GET https://localhost:7025/lib/jquery-validation-unobtrusive/jquery.validate.unobtrusive.min.js - 404 0 null 1.3424ms
2025-11-07 13:30:09.219 +01:00 [INF] Request finished HTTP/2 GET https://localhost:7025/lib/jquery-validation/dist/jquery.validate.min.js - 404 0 null 24.0678ms
2025-11-07 13:30:09.219 +01:00 [INF] Request reached the end of the middleware pipeline without being handled by application code. Request path: GET https://localhost:7025/lib/jquery-validation-unobtrusive/jquery.validate.unobtrusive.min.js, Response status code: 404
2025-11-07 13:30:09.219 +01:00 [INF] Request reached the end of the middleware pipeline without being handled by application code. Request path: GET https://localhost:7025/lib/jquery-validation/dist/jquery.validate.min.js, Response status code: 404
2025-11-07 13:30:10.887 +01:00 [INF] Request starting HTTP/2 POST https://localhost:7025/StoryPlaying/PlayScene - application/x-www-form-urlencoded 645
2025-11-07 13:30:10.889 +01:00 [INF] Executing endpoint 'Jam.Controllers.StoryPlayingController.PlayScene (Jam)'
2025-11-07 13:30:10.889 +01:00 [INF] Route matched with {action = "PlayScene", controller = "StoryPlaying", page = "", area = ""}. Executing controller action with signature System.Threading.Tasks.Task`1[Microsoft.AspNetCore.Mvc.IActionResult] PlayScene(Jam.ViewModels.StoryPlaying.PlaySceneViewModel) on controller Jam.Controllers.StoryPlayingController (Jam).
2025-11-07 13:30:10.912 +01:00 [INF] Executing RedirectResult, redirecting to /StoryPlaying/AnswerFeedback.
2025-11-07 13:30:10.912 +01:00 [INF] Executed action Jam.Controllers.StoryPlayingController.PlayScene (Jam) in 22.7327ms
2025-11-07 13:30:10.912 +01:00 [INF] Executed endpoint 'Jam.Controllers.StoryPlayingController.PlayScene (Jam)'
2025-11-07 13:30:10.912 +01:00 [INF] Request finished HTTP/2 POST https://localhost:7025/StoryPlaying/PlayScene - 302 0 null 25.0374ms
2025-11-07 13:30:10.942 +01:00 [INF] Request starting HTTP/2 GET https://localhost:7025/StoryPlaying/AnswerFeedback - null null
2025-11-07 13:30:10.943 +01:00 [INF] Executing endpoint 'Jam.Controllers.StoryPlayingController.AnswerFeedback (Jam)'
2025-11-07 13:30:10.945 +01:00 [INF] Route matched with {action = "AnswerFeedback", controller = "StoryPlaying", page = "", area = ""}. Executing controller action with signature Microsoft.AspNetCore.Mvc.IActionResult AnswerFeedback() on controller Jam.Controllers.StoryPlayingController (Jam).
2025-11-07 13:30:10.948 +01:00 [INF] Executing ViewResult, running view AnswerFeedback.
2025-11-07 13:30:11.017 +01:00 [INF] Executed ViewResult - view AnswerFeedback executed in 44.1519ms.
2025-11-07 13:30:11.047 +01:00 [INF] Executed action Jam.Controllers.StoryPlayingController.AnswerFeedback (Jam) in 74.0615ms
2025-11-07 13:30:11.073 +01:00 [INF] Executed endpoint 'Jam.Controllers.StoryPlayingController.AnswerFeedback (Jam)'
2025-11-07 13:30:11.101 +01:00 [INF] Request finished HTTP/2 GET https://localhost:7025/StoryPlaying/AnswerFeedback - 200 null text/html; charset=utf-8 159.132ms
2025-11-07 13:30:12.423 +01:00 [INF] Request starting HTTP/2 POST https://localhost:7025/StoryPlaying/AnswerFeedback - application/x-www-form-urlencoded 307
2025-11-07 13:30:12.425 +01:00 [INF] Executing endpoint 'Jam.Controllers.StoryPlayingController.AnswerFeedback (Jam)'
2025-11-07 13:30:12.432 +01:00 [INF] Route matched with {action = "AnswerFeedback", controller = "StoryPlaying", page = "", area = ""}. Executing controller action with signature System.Threading.Tasks.Task`1[Microsoft.AspNetCore.Mvc.IActionResult] AnswerFeedback(Jam.ViewModels.StoryPlaying.AnswerFeedbackViewModel) on controller Jam.Controllers.StoryPlayingController (Jam).
2025-11-07 13:30:12.443 +01:00 [INF] Executing RedirectResult, redirecting to /StoryPlaying/PlayScene?sceneId=2&sceneType=Question&sessionId=3.
2025-11-07 13:30:12.443 +01:00 [INF] Executed action Jam.Controllers.StoryPlayingController.AnswerFeedback (Jam) in 11.2817ms
2025-11-07 13:30:12.443 +01:00 [INF] Executed endpoint 'Jam.Controllers.StoryPlayingController.AnswerFeedback (Jam)'
2025-11-07 13:30:12.443 +01:00 [INF] Request finished HTTP/2 POST https://localhost:7025/StoryPlaying/AnswerFeedback - 302 0 null 20.3355ms
2025-11-07 13:30:12.496 +01:00 [INF] Request starting HTTP/2 GET https://localhost:7025/StoryPlaying/PlayScene?sceneId=2&sceneType=Question&sessionId=3 - null null
2025-11-07 13:30:12.497 +01:00 [INF] Executing endpoint 'Jam.Controllers.StoryPlayingController.PlayScene (Jam)'
2025-11-07 13:30:12.497 +01:00 [INF] Route matched with {action = "PlayScene", controller = "StoryPlaying", page = "", area = ""}. Executing controller action with signature System.Threading.Tasks.Task`1[Microsoft.AspNetCore.Mvc.IActionResult] PlayScene(Int32, Jam.Models.Enums.SceneType, Int32) on controller Jam.Controllers.StoryPlayingController (Jam).
2025-11-07 13:30:12.503 +01:00 [INF] Executing ViewResult, running view PlayScene.
2025-11-07 13:30:12.507 +01:00 [INF] Executed ViewResult - view PlayScene executed in 4.2161ms.
2025-11-07 13:30:12.510 +01:00 [INF] Executed action Jam.Controllers.StoryPlayingController.PlayScene (Jam) in 12.1617ms
2025-11-07 13:30:12.535 +01:00 [INF] Executed endpoint 'Jam.Controllers.StoryPlayingController.PlayScene (Jam)'
2025-11-07 13:30:12.536 +01:00 [INF] Request finished HTTP/2 GET https://localhost:7025/StoryPlaying/PlayScene?sceneId=2&sceneType=Question&sessionId=3 - 200 null text/html; charset=utf-8 40.0191ms
2025-11-07 13:30:12.536 +01:00 [INF] Request starting HTTP/2 GET https://localhost:7025/lib/jquery-validation-unobtrusive/jquery.validate.unobtrusive.min.js - null null
2025-11-07 13:30:12.536 +01:00 [INF] Request starting HTTP/2 GET https://localhost:7025/lib/jquery-validation/dist/jquery.validate.min.js - null null
2025-11-07 13:30:12.538 +01:00 [INF] Request finished HTTP/2 GET https://localhost:7025/lib/jquery-validation/dist/jquery.validate.min.js - 404 0 null 1.6918ms
2025-11-07 13:30:12.538 +01:00 [INF] Request finished HTTP/2 GET https://localhost:7025/lib/jquery-validation-unobtrusive/jquery.validate.unobtrusive.min.js - 404 0 null 1.7438ms
2025-11-07 13:30:12.538 +01:00 [INF] Request reached the end of the middleware pipeline without being handled by application code. Request path: GET https://localhost:7025/lib/jquery-validation/dist/jquery.validate.min.js, Response status code: 404
2025-11-07 13:30:12.538 +01:00 [INF] Request reached the end of the middleware pipeline without being handled by application code. Request path: GET https://localhost:7025/lib/jquery-validation-unobtrusive/jquery.validate.unobtrusive.min.js, Response status code: 404
2025-11-07 13:30:15.974 +01:00 [INF] Request starting HTTP/2 POST https://localhost:7025/StoryPlaying/PlayScene - application/x-www-form-urlencoded 626
2025-11-07 13:30:15.976 +01:00 [INF] Executing endpoint 'Jam.Controllers.StoryPlayingController.PlayScene (Jam)'
2025-11-07 13:30:15.977 +01:00 [INF] Route matched with {action = "PlayScene", controller = "StoryPlaying", page = "", area = ""}. Executing controller action with signature System.Threading.Tasks.Task`1[Microsoft.AspNetCore.Mvc.IActionResult] PlayScene(Jam.ViewModels.StoryPlaying.PlaySceneViewModel) on controller Jam.Controllers.StoryPlayingController (Jam).
2025-11-07 13:30:15.988 +01:00 [INF] Executing RedirectResult, redirecting to /StoryPlaying/AnswerFeedback.
2025-11-07 13:30:15.988 +01:00 [INF] Executed action Jam.Controllers.StoryPlayingController.PlayScene (Jam) in 11.2633ms
2025-11-07 13:30:15.988 +01:00 [INF] Executed endpoint 'Jam.Controllers.StoryPlayingController.PlayScene (Jam)'
2025-11-07 13:30:15.988 +01:00 [INF] Request finished HTTP/2 POST https://localhost:7025/StoryPlaying/PlayScene - 302 0 null 14.3077ms
2025-11-07 13:30:16.018 +01:00 [INF] Request starting HTTP/2 GET https://localhost:7025/StoryPlaying/AnswerFeedback - null null
2025-11-07 13:30:16.040 +01:00 [INF] Executing endpoint 'Jam.Controllers.StoryPlayingController.AnswerFeedback (Jam)'
2025-11-07 13:30:16.041 +01:00 [INF] Route matched with {action = "AnswerFeedback", controller = "StoryPlaying", page = "", area = ""}. Executing controller action with signature Microsoft.AspNetCore.Mvc.IActionResult AnswerFeedback() on controller Jam.Controllers.StoryPlayingController (Jam).
2025-11-07 13:30:16.041 +01:00 [INF] Executing ViewResult, running view AnswerFeedback.
2025-11-07 13:30:16.045 +01:00 [INF] Executed ViewResult - view AnswerFeedback executed in 3.6568ms.
2025-11-07 13:30:16.047 +01:00 [INF] Executed action Jam.Controllers.StoryPlayingController.AnswerFeedback (Jam) in 6.093ms
2025-11-07 13:30:16.072 +01:00 [INF] Executed endpoint 'Jam.Controllers.StoryPlayingController.AnswerFeedback (Jam)'
2025-11-07 13:30:16.076 +01:00 [INF] Request finished HTTP/2 GET https://localhost:7025/StoryPlaying/AnswerFeedback - 200 null text/html; charset=utf-8 58.2636ms
2025-11-07 13:30:16.940 +01:00 [INF] Request starting HTTP/2 POST https://localhost:7025/StoryPlaying/AnswerFeedback - application/x-www-form-urlencoded 307
2025-11-07 13:30:16.941 +01:00 [INF] Executing endpoint 'Jam.Controllers.StoryPlayingController.AnswerFeedback (Jam)'
2025-11-07 13:30:16.941 +01:00 [INF] Route matched with {action = "AnswerFeedback", controller = "StoryPlaying", page = "", area = ""}. Executing controller action with signature System.Threading.Tasks.Task`1[Microsoft.AspNetCore.Mvc.IActionResult] AnswerFeedback(Jam.ViewModels.StoryPlaying.AnswerFeedbackViewModel) on controller Jam.Controllers.StoryPlayingController (Jam).
2025-11-07 13:30:16.951 +01:00 [INF] Executing RedirectResult, redirecting to /StoryPlaying/PlayScene?sceneId=1&sceneType=Question&sessionId=3.
2025-11-07 13:30:16.951 +01:00 [INF] Executed action Jam.Controllers.StoryPlayingController.AnswerFeedback (Jam) in 9.4455ms
2025-11-07 13:30:16.951 +01:00 [INF] Executed endpoint 'Jam.Controllers.StoryPlayingController.AnswerFeedback (Jam)'
2025-11-07 13:30:16.951 +01:00 [INF] Request finished HTTP/2 POST https://localhost:7025/StoryPlaying/AnswerFeedback - 302 0 null 11.2537ms
2025-11-07 13:30:16.980 +01:00 [INF] Request starting HTTP/2 GET https://localhost:7025/StoryPlaying/PlayScene?sceneId=1&sceneType=Question&sessionId=3 - null null
2025-11-07 13:30:16.981 +01:00 [INF] Executing endpoint 'Jam.Controllers.StoryPlayingController.PlayScene (Jam)'
2025-11-07 13:30:16.981 +01:00 [INF] Route matched with {action = "PlayScene", controller = "StoryPlaying", page = "", area = ""}. Executing controller action with signature System.Threading.Tasks.Task`1[Microsoft.AspNetCore.Mvc.IActionResult] PlayScene(Int32, Jam.Models.Enums.SceneType, Int32) on controller Jam.Controllers.StoryPlayingController (Jam).
2025-11-07 13:30:16.989 +01:00 [INF] Executing ViewResult, running view PlayScene.
2025-11-07 13:30:16.993 +01:00 [INF] Executed ViewResult - view PlayScene executed in 2.4673ms.
2025-11-07 13:30:16.993 +01:00 [INF] Executed action Jam.Controllers.StoryPlayingController.PlayScene (Jam) in 12.2989ms
2025-11-07 13:30:16.994 +01:00 [INF] Executed endpoint 'Jam.Controllers.StoryPlayingController.PlayScene (Jam)'
2025-11-07 13:30:17.021 +01:00 [INF] Request finished HTTP/2 GET https://localhost:7025/StoryPlaying/PlayScene?sceneId=1&sceneType=Question&sessionId=3 - 200 null text/html; charset=utf-8 41.7294ms
2025-11-07 13:30:17.022 +01:00 [INF] Request starting HTTP/2 GET https://localhost:7025/lib/jquery-validation-unobtrusive/jquery.validate.unobtrusive.min.js - null null
2025-11-07 13:30:17.022 +01:00 [INF] Request starting HTTP/2 GET https://localhost:7025/lib/jquery-validation/dist/jquery.validate.min.js - null null
2025-11-07 13:30:17.022 +01:00 [INF] Request finished HTTP/2 GET https://localhost:7025/lib/jquery-validation/dist/jquery.validate.min.js - 404 0 null 1.2875ms
2025-11-07 13:30:17.022 +01:00 [INF] Request reached the end of the middleware pipeline without being handled by application code. Request path: GET https://localhost:7025/lib/jquery-validation/dist/jquery.validate.min.js, Response status code: 404
2025-11-07 13:30:17.023 +01:00 [INF] Request finished HTTP/2 GET https://localhost:7025/lib/jquery-validation-unobtrusive/jquery.validate.unobtrusive.min.js - 404 0 null 1.3259ms
2025-11-07 13:30:17.023 +01:00 [INF] Request reached the end of the middleware pipeline without being handled by application code. Request path: GET https://localhost:7025/lib/jquery-validation-unobtrusive/jquery.validate.unobtrusive.min.js, Response status code: 404
2025-11-07 13:30:18.696 +01:00 [INF] Request starting HTTP/2 POST https://localhost:7025/StoryPlaying/PlayScene - application/x-www-form-urlencoded 516
2025-11-07 13:30:18.701 +01:00 [INF] Executing endpoint 'Jam.Controllers.StoryPlayingController.PlayScene (Jam)'
2025-11-07 13:30:18.701 +01:00 [INF] Route matched with {action = "PlayScene", controller = "StoryPlaying", page = "", area = ""}. Executing controller action with signature System.Threading.Tasks.Task`1[Microsoft.AspNetCore.Mvc.IActionResult] PlayScene(Jam.ViewModels.StoryPlaying.PlaySceneViewModel) on controller Jam.Controllers.StoryPlayingController (Jam).
2025-11-07 13:30:18.710 +01:00 [INF] Executing RedirectResult, redirecting to /StoryPlaying/AnswerFeedback.
2025-11-07 13:30:18.710 +01:00 [INF] Executed action Jam.Controllers.StoryPlayingController.PlayScene (Jam) in 9.1327ms
2025-11-07 13:30:18.710 +01:00 [INF] Executed endpoint 'Jam.Controllers.StoryPlayingController.PlayScene (Jam)'
2025-11-07 13:30:18.711 +01:00 [INF] Request finished HTTP/2 POST https://localhost:7025/StoryPlaying/PlayScene - 302 0 null 39.5575ms
2025-11-07 13:30:18.716 +01:00 [INF] Request starting HTTP/2 GET https://localhost:7025/StoryPlaying/AnswerFeedback - null null
2025-11-07 13:30:18.717 +01:00 [INF] Executing endpoint 'Jam.Controllers.StoryPlayingController.AnswerFeedback (Jam)'
2025-11-07 13:30:18.717 +01:00 [INF] Route matched with {action = "AnswerFeedback", controller = "StoryPlaying", page = "", area = ""}. Executing controller action with signature Microsoft.AspNetCore.Mvc.IActionResult AnswerFeedback() on controller Jam.Controllers.StoryPlayingController (Jam).
2025-11-07 13:30:18.717 +01:00 [INF] Executing ViewResult, running view AnswerFeedback.
2025-11-07 13:30:18.745 +01:00 [INF] Executed ViewResult - view AnswerFeedback executed in 4.5713ms.
2025-11-07 13:30:18.747 +01:00 [INF] Executed action Jam.Controllers.StoryPlayingController.AnswerFeedback (Jam) in 29.4765ms
2025-11-07 13:30:18.747 +01:00 [INF] Executed endpoint 'Jam.Controllers.StoryPlayingController.AnswerFeedback (Jam)'
2025-11-07 13:30:18.748 +01:00 [INF] Request finished HTTP/2 GET https://localhost:7025/StoryPlaying/AnswerFeedback - 200 null text/html; charset=utf-8 32.607ms
2025-11-07 13:30:19.494 +01:00 [INF] Request starting HTTP/2 POST https://localhost:7025/StoryPlaying/AnswerFeedback - application/x-www-form-urlencoded 304
2025-11-07 13:30:19.495 +01:00 [INF] Executing endpoint 'Jam.Controllers.StoryPlayingController.AnswerFeedback (Jam)'
2025-11-07 13:30:19.495 +01:00 [INF] Route matched with {action = "AnswerFeedback", controller = "StoryPlaying", page = "", area = ""}. Executing controller action with signature System.Threading.Tasks.Task`1[Microsoft.AspNetCore.Mvc.IActionResult] AnswerFeedback(Jam.ViewModels.StoryPlaying.AnswerFeedbackViewModel) on controller Jam.Controllers.StoryPlayingController (Jam).
2025-11-07 13:30:19.512 +01:00 [INF] Executing RedirectResult, redirecting to /StoryPlaying/PlayScene?sceneId=2&sceneType=Ending&sessionId=3.
2025-11-07 13:30:19.512 +01:00 [INF] Executed action Jam.Controllers.StoryPlayingController.AnswerFeedback (Jam) in 16.9332ms
2025-11-07 13:30:19.512 +01:00 [INF] Executed endpoint 'Jam.Controllers.StoryPlayingController.AnswerFeedback (Jam)'
2025-11-07 13:30:19.512 +01:00 [INF] Request finished HTTP/2 POST https://localhost:7025/StoryPlaying/AnswerFeedback - 302 0 null 18.5658ms
2025-11-07 13:30:19.542 +01:00 [INF] Request starting HTTP/2 GET https://localhost:7025/StoryPlaying/PlayScene?sceneId=2&sceneType=Ending&sessionId=3 - null null
2025-11-07 13:30:19.543 +01:00 [INF] Executing endpoint 'Jam.Controllers.StoryPlayingController.PlayScene (Jam)'
2025-11-07 13:30:19.543 +01:00 [INF] Route matched with {action = "PlayScene", controller = "StoryPlaying", page = "", area = ""}. Executing controller action with signature System.Threading.Tasks.Task`1[Microsoft.AspNetCore.Mvc.IActionResult] PlayScene(Int32, Jam.Models.Enums.SceneType, Int32) on controller Jam.Controllers.StoryPlayingController (Jam).
2025-11-07 13:30:19.554 +01:00 [INF] Executing ViewResult, running view PlayScene.
2025-11-07 13:30:19.556 +01:00 [INF] Executed ViewResult - view PlayScene executed in 2.0426ms.
2025-11-07 13:30:19.560 +01:00 [INF] Executed action Jam.Controllers.StoryPlayingController.PlayScene (Jam) in 16.9981ms
2025-11-07 13:30:19.560 +01:00 [INF] Executed endpoint 'Jam.Controllers.StoryPlayingController.PlayScene (Jam)'
2025-11-07 13:30:19.560 +01:00 [INF] Request finished HTTP/2 GET https://localhost:7025/StoryPlaying/PlayScene?sceneId=2&sceneType=Ending&sessionId=3 - 200 null text/html; charset=utf-8 43.8846ms
2025-11-07 13:30:19.580 +01:00 [INF] Request starting HTTP/2 GET https://localhost:7025/lib/jquery-validation/dist/jquery.validate.min.js - null null
2025-11-07 13:30:19.652 +01:00 [INF] Request starting HTTP/2 GET https://localhost:7025/lib/jquery-validation-unobtrusive/jquery.validate.unobtrusive.min.js - null null
2025-11-07 13:30:19.653 +01:00 [INF] Request finished HTTP/2 GET https://localhost:7025/lib/jquery-validation-unobtrusive/jquery.validate.unobtrusive.min.js - 404 0 null 24.9255ms
2025-11-07 13:30:19.653 +01:00 [INF] Request finished HTTP/2 GET https://localhost:7025/lib/jquery-validation/dist/jquery.validate.min.js - 404 0 null 73.383ms
2025-11-07 13:30:19.653 +01:00 [INF] Request reached the end of the middleware pipeline without being handled by application code. Request path: GET https://localhost:7025/lib/jquery-validation-unobtrusive/jquery.validate.unobtrusive.min.js, Response status code: 404
2025-11-07 13:30:19.653 +01:00 [INF] Request reached the end of the middleware pipeline without being handled by application code. Request path: GET https://localhost:7025/lib/jquery-validation/dist/jquery.validate.min.js, Response status code: 404
2025-11-07 13:30:20.360 +01:00 [INF] Request starting HTTP/2 POST https://localhost:7025/StoryPlaying/PlayScene - application/x-www-form-urlencoded 700
2025-11-07 13:30:20.408 +01:00 [INF] Executing endpoint 'Jam.Controllers.StoryPlayingController.PlayScene (Jam)'
2025-11-07 13:30:20.408 +01:00 [INF] Route matched with {action = "PlayScene", controller = "StoryPlaying", page = "", area = ""}. Executing controller action with signature System.Threading.Tasks.Task`1[Microsoft.AspNetCore.Mvc.IActionResult] PlayScene(Jam.ViewModels.StoryPlaying.PlaySceneViewModel) on controller Jam.Controllers.StoryPlayingController (Jam).
2025-11-07 13:30:20.429 +01:00 [INF] Executing RedirectResult, redirecting to /StoryPlaying/FinishStory?sessionId=3.
2025-11-07 13:30:20.429 +01:00 [INF] Executed action Jam.Controllers.StoryPlayingController.PlayScene (Jam) in 20.7236ms
2025-11-07 13:30:20.429 +01:00 [INF] Executed endpoint 'Jam.Controllers.StoryPlayingController.PlayScene (Jam)'
2025-11-07 13:30:20.429 +01:00 [INF] Request finished HTTP/2 POST https://localhost:7025/StoryPlaying/PlayScene - 302 0 null 90.4193ms
2025-11-07 13:30:20.452 +01:00 [INF] Request starting HTTP/2 GET https://localhost:7025/StoryPlaying/FinishStory?sessionId=3 - null null
2025-11-07 13:30:20.453 +01:00 [INF] Executing endpoint 'Jam.Controllers.StoryPlayingController.FinishStory (Jam)'
2025-11-07 13:30:20.456 +01:00 [INF] Route matched with {action = "FinishStory", controller = "StoryPlaying", page = "", area = ""}. Executing controller action with signature System.Threading.Tasks.Task`1[Microsoft.AspNetCore.Mvc.IActionResult] FinishStory(Int32) on controller Jam.Controllers.StoryPlayingController (Jam).
2025-11-07 13:30:20.462 +01:00 [INF] Executing ViewResult, running view FinishStory.
2025-11-07 13:30:20.469 +01:00 [INF] Executed ViewResult - view FinishStory executed in 7.6471ms.
2025-11-07 13:30:20.471 +01:00 [INF] Executed action Jam.Controllers.StoryPlayingController.FinishStory (Jam) in 14.0242ms
2025-11-07 13:30:20.471 +01:00 [INF] Executed endpoint 'Jam.Controllers.StoryPlayingController.FinishStory (Jam)'
2025-11-07 13:30:20.472 +01:00 [INF] Request finished HTTP/2 GET https://localhost:7025/StoryPlaying/FinishStory?sessionId=3 - 200 null text/html; charset=utf-8 20.1443ms
2025-11-07 13:31:36.375 +01:00 [INF] Request starting HTTP/2 POST https://localhost:7025/StoryPlaying/PlayScene - application/x-www-form-urlencoded 700
2025-11-07 13:31:36.433 +01:00 [INF] Executing endpoint 'Jam.Controllers.StoryPlayingController.PlayScene (Jam)'
2025-11-07 13:31:36.433 +01:00 [INF] Route matched with {action = "PlayScene", controller = "StoryPlaying", page = "", area = ""}. Executing controller action with signature System.Threading.Tasks.Task`1[Microsoft.AspNetCore.Mvc.IActionResult] PlayScene(Jam.ViewModels.StoryPlaying.PlaySceneViewModel) on controller Jam.Controllers.StoryPlayingController (Jam).
2025-11-07 13:31:36.452 +01:00 [INF] Executing RedirectResult, redirecting to /StoryPlaying/FinishStory?sessionId=3.
2025-11-07 13:31:36.452 +01:00 [INF] Executed action Jam.Controllers.StoryPlayingController.PlayScene (Jam) in 18.476ms
2025-11-07 13:31:36.452 +01:00 [INF] Executed endpoint 'Jam.Controllers.StoryPlayingController.PlayScene (Jam)'
2025-11-07 13:31:36.452 +01:00 [INF] Request finished HTTP/2 POST https://localhost:7025/StoryPlaying/PlayScene - 302 0 null 102.33ms
2025-11-07 13:31:36.455 +01:00 [INF] Request starting HTTP/2 GET https://localhost:7025/StoryPlaying/FinishStory?sessionId=3 - null null
2025-11-07 13:31:36.458 +01:00 [INF] Executing endpoint 'Jam.Controllers.StoryPlayingController.FinishStory (Jam)'
2025-11-07 13:31:36.462 +01:00 [INF] Route matched with {action = "FinishStory", controller = "StoryPlaying", page = "", area = ""}. Executing controller action with signature System.Threading.Tasks.Task`1[Microsoft.AspNetCore.Mvc.IActionResult] FinishStory(Int32) on controller Jam.Controllers.StoryPlayingController (Jam).
2025-11-07 13:31:36.469 +01:00 [INF] Executing ViewResult, running view FinishStory.
2025-11-07 13:31:36.544 +01:00 [INF] Executed ViewResult - view FinishStory executed in 68.3639ms.
2025-11-07 13:31:36.544 +01:00 [INF] Executed action Jam.Controllers.StoryPlayingController.FinishStory (Jam) in 81.9779ms
2025-11-07 13:31:36.544 +01:00 [INF] Executed endpoint 'Jam.Controllers.StoryPlayingController.FinishStory (Jam)'
2025-11-07 13:31:36.548 +01:00 [INF] Request finished HTTP/2 GET https://localhost:7025/StoryPlaying/FinishStory?sessionId=3 - 200 null text/html; charset=utf-8 92.5182ms
2025-11-07 13:31:37.355 +01:00 [INF] Request starting HTTP/2 GET https://localhost:7025/ - null null
2025-11-07 13:31:37.356 +01:00 [INF] Executing endpoint 'Jam.Controllers.HomeController.Index (Jam)'
2025-11-07 13:31:37.356 +01:00 [INF] Route matched with {action = "Index", controller = "Home", page = "", area = ""}. Executing controller action with signature System.Threading.Tasks.Task`1[Microsoft.AspNetCore.Mvc.IActionResult] Index() on controller Jam.Controllers.HomeController (Jam).
2025-11-07 13:31:37.375 +01:00 [INF] Executing ViewResult, running view Index.
2025-11-07 13:31:37.428 +01:00 [INF] Executed ViewResult - view Index executed in 25.4744ms.
2025-11-07 13:31:37.430 +01:00 [INF] Executed action Jam.Controllers.HomeController.Index (Jam) in 73.933ms
2025-11-07 13:31:37.430 +01:00 [INF] Executed endpoint 'Jam.Controllers.HomeController.Index (Jam)'
2025-11-07 13:31:37.434 +01:00 [INF] Request finished HTTP/2 GET https://localhost:7025/ - 200 null text/html; charset=utf-8 78.9703ms
2025-11-07 13:31:38.826 +01:00 [INF] Request starting HTTP/2 GET https://localhost:7025/StoryEditing/EditStory?storyId=1 - null null
2025-11-07 13:31:38.852 +01:00 [INF] Executing endpoint 'Jam.Controllers.StoryEditingController.EditStory (Jam)'
2025-11-07 13:31:38.852 +01:00 [INF] Route matched with {action = "EditStory", controller = "StoryEditing", page = "", area = ""}. Executing controller action with signature System.Threading.Tasks.Task`1[Microsoft.AspNetCore.Mvc.IActionResult] EditStory(Int32) on controller Jam.Controllers.StoryEditingController (Jam).
2025-11-07 13:31:38.855 +01:00 [INF] Executing ViewResult, running view EditStory.
2025-11-07 13:31:38.905 +01:00 [INF] Executed ViewResult - view EditStory executed in 24.6914ms.
2025-11-07 13:31:38.954 +01:00 [INF] Executed action Jam.Controllers.StoryEditingController.EditStory (Jam) in 101.9512ms
2025-11-07 13:31:38.954 +01:00 [INF] Executed endpoint 'Jam.Controllers.StoryEditingController.EditStory (Jam)'
2025-11-07 13:31:38.955 +01:00 [INF] Request finished HTTP/2 GET https://localhost:7025/StoryEditing/EditStory?storyId=1 - 200 null text/html; charset=utf-8 128.2745ms
2025-11-07 13:31:43.443 +01:00 [INF] Request starting HTTP/2 POST https://localhost:7025/StoryEditing/EditStory - application/x-www-form-urlencoded 461
2025-11-07 13:31:43.449 +01:00 [INF] Executing endpoint 'Jam.Controllers.StoryEditingController.EditStory (Jam)'
2025-11-07 13:31:43.456 +01:00 [INF] Route matched with {action = "EditStory", controller = "StoryEditing", page = "", area = ""}. Executing controller action with signature System.Threading.Tasks.Task`1[Microsoft.AspNetCore.Mvc.IActionResult] EditStory(Jam.ViewModels.StoryEditing.EditStoryViewModel) on controller Jam.Controllers.StoryEditingController (Jam).
2025-11-07 13:31:43.478 +01:00 [INF] Executing RedirectResult, redirecting to /.
2025-11-07 13:31:43.478 +01:00 [INF] Executed action Jam.Controllers.StoryEditingController.EditStory (Jam) in 21.5184ms
2025-11-07 13:31:43.478 +01:00 [INF] Executed endpoint 'Jam.Controllers.StoryEditingController.EditStory (Jam)'
2025-11-07 13:31:43.478 +01:00 [INF] Request finished HTTP/2 POST https://localhost:7025/StoryEditing/EditStory - 302 0 null 86.9795ms
2025-11-07 13:31:43.486 +01:00 [INF] Request starting HTTP/2 GET https://localhost:7025/ - null null
2025-11-07 13:31:43.487 +01:00 [INF] Executing endpoint 'Jam.Controllers.HomeController.Index (Jam)'
2025-11-07 13:31:43.487 +01:00 [INF] Route matched with {action = "Index", controller = "Home", page = "", area = ""}. Executing controller action with signature System.Threading.Tasks.Task`1[Microsoft.AspNetCore.Mvc.IActionResult] Index() on controller Jam.Controllers.HomeController (Jam).
2025-11-07 13:31:43.497 +01:00 [INF] Executing ViewResult, running view Index.
2025-11-07 13:31:43.550 +01:00 [INF] Executed ViewResult - view Index executed in 27.1286ms.
2025-11-07 13:31:43.550 +01:00 [INF] Executed action Jam.Controllers.HomeController.Index (Jam) in 63.0801ms
2025-11-07 13:31:43.550 +01:00 [INF] Executed endpoint 'Jam.Controllers.HomeController.Index (Jam)'
2025-11-07 13:31:43.577 +01:00 [INF] Request finished HTTP/2 GET https://localhost:7025/ - 200 null text/html; charset=utf-8 92.0435ms
2025-11-07 13:31:45.960 +01:00 [INF] Request starting HTTP/2 GET https://localhost:7025/StoryEditing/EditStory?storyId=1 - null null
2025-11-07 13:31:45.961 +01:00 [INF] Executing endpoint 'Jam.Controllers.StoryEditingController.EditStory (Jam)'
2025-11-07 13:31:45.961 +01:00 [INF] Route matched with {action = "EditStory", controller = "StoryEditing", page = "", area = ""}. Executing controller action with signature System.Threading.Tasks.Task`1[Microsoft.AspNetCore.Mvc.IActionResult] EditStory(Int32) on controller Jam.Controllers.StoryEditingController (Jam).
2025-11-07 13:31:45.966 +01:00 [INF] Executing ViewResult, running view EditStory.
2025-11-07 13:31:45.969 +01:00 [INF] Executed ViewResult - view EditStory executed in 3.7828ms.
2025-11-07 13:31:45.971 +01:00 [INF] Executed action Jam.Controllers.StoryEditingController.EditStory (Jam) in 9.7744ms
2025-11-07 13:31:45.971 +01:00 [INF] Executed endpoint 'Jam.Controllers.StoryEditingController.EditStory (Jam)'
2025-11-07 13:31:45.974 +01:00 [INF] Request finished HTTP/2 GET https://localhost:7025/StoryEditing/EditStory?storyId=1 - 200 null text/html; charset=utf-8 14.3641ms
2025-11-07 13:32:38.764 +01:00 [INF] Request starting HTTP/2 GET https://localhost:7025/StoryEditing/EditIntroScene?storyId=1 - null null
2025-11-07 13:32:38.770 +01:00 [INF] Executing endpoint 'Jam.Controllers.StoryEditingController.EditIntroScene (Jam)'
2025-11-07 13:32:38.776 +01:00 [INF] Route matched with {action = "EditIntroScene", controller = "StoryEditing", page = "", area = ""}. Executing controller action with signature System.Threading.Tasks.Task`1[Microsoft.AspNetCore.Mvc.IActionResult] EditIntroScene(Int32) on controller Jam.Controllers.StoryEditingController (Jam).
2025-11-07 13:32:38.786 +01:00 [INF] Executing ViewResult, running view EditIntroScene.
2025-11-07 13:32:38.837 +01:00 [INF] Executed ViewResult - view EditIntroScene executed in 31.1094ms.
2025-11-07 13:32:38.838 +01:00 [INF] Executed action Jam.Controllers.StoryEditingController.EditIntroScene (Jam) in 61.7968ms
2025-11-07 13:32:38.838 +01:00 [INF] Executed endpoint 'Jam.Controllers.StoryEditingController.EditIntroScene (Jam)'
2025-11-07 13:32:38.842 +01:00 [INF] Request finished HTTP/2 GET https://localhost:7025/StoryEditing/EditIntroScene?storyId=1 - 200 null text/html; charset=utf-8 77.7343ms
2025-11-07 13:32:40.089 +01:00 [INF] Request starting HTTP/2 POST https://localhost:7025/StoryEditing/EditIntroScene - application/x-www-form-urlencoded 428
2025-11-07 13:32:40.090 +01:00 [INF] Executing endpoint 'Jam.Controllers.StoryEditingController.EditIntroScene (Jam)'
2025-11-07 13:32:40.095 +01:00 [INF] Route matched with {action = "EditIntroScene", controller = "StoryEditing", page = "", area = ""}. Executing controller action with signature System.Threading.Tasks.Task`1[Microsoft.AspNetCore.Mvc.IActionResult] EditIntroScene(Jam.ViewModels.StoryEditing.EditIntroSceneViewModel) on controller Jam.Controllers.StoryEditingController (Jam).
2025-11-07 13:32:40.104 +01:00 [INF] Executing RedirectResult, redirecting to /StoryEditing/EditStory?storyId=1.
2025-11-07 13:32:40.104 +01:00 [INF] Executed action Jam.Controllers.StoryEditingController.EditIntroScene (Jam) in 9.4731ms
2025-11-07 13:32:40.104 +01:00 [INF] Executed endpoint 'Jam.Controllers.StoryEditingController.EditIntroScene (Jam)'
2025-11-07 13:32:40.104 +01:00 [INF] Request finished HTTP/2 POST https://localhost:7025/StoryEditing/EditIntroScene - 302 0 null 15.3329ms
2025-11-07 13:32:40.107 +01:00 [INF] Request starting HTTP/2 GET https://localhost:7025/StoryEditing/EditStory?storyId=1 - null null
2025-11-07 13:32:40.133 +01:00 [INF] Executing endpoint 'Jam.Controllers.StoryEditingController.EditStory (Jam)'
2025-11-07 13:32:40.134 +01:00 [INF] Route matched with {action = "EditStory", controller = "StoryEditing", page = "", area = ""}. Executing controller action with signature System.Threading.Tasks.Task`1[Microsoft.AspNetCore.Mvc.IActionResult] EditStory(Int32) on controller Jam.Controllers.StoryEditingController (Jam).
2025-11-07 13:32:40.136 +01:00 [INF] Executing ViewResult, running view EditStory.
2025-11-07 13:32:40.163 +01:00 [INF] Executed ViewResult - view EditStory executed in 27.0484ms.
2025-11-07 13:32:40.185 +01:00 [INF] Executed action Jam.Controllers.StoryEditingController.EditStory (Jam) in 51.0905ms
2025-11-07 13:32:40.185 +01:00 [INF] Executed endpoint 'Jam.Controllers.StoryEditingController.EditStory (Jam)'
2025-11-07 13:32:40.232 +01:00 [INF] Request finished HTTP/2 GET https://localhost:7025/StoryEditing/EditStory?storyId=1 - 200 null text/html; charset=utf-8 124.935ms
2025-11-07 13:32:41.035 +01:00 [INF] Request starting HTTP/2 GET https://localhost:7025/StoryEditing/EditQuestionScenes?storyId=1 - null null
2025-11-07 13:32:41.036 +01:00 [INF] Executing endpoint 'Jam.Controllers.StoryEditingController.EditQuestionScenes (Jam)'
2025-11-07 13:32:41.036 +01:00 [INF] Route matched with {action = "EditQuestionScenes", controller = "StoryEditing", page = "", area = ""}. Executing controller action with signature System.Threading.Tasks.Task`1[Microsoft.AspNetCore.Mvc.IActionResult] EditQuestionScenes(Int32) on controller Jam.Controllers.StoryEditingController (Jam).
2025-11-07 13:32:41.048 +01:00 [INF] Executing ViewResult, running view EditQuestionScenes.
2025-11-07 13:32:41.156 +01:00 [INF] Executed ViewResult - view EditQuestionScenes executed in 108.2512ms.
2025-11-07 13:32:41.157 +01:00 [INF] Executed action Jam.Controllers.StoryEditingController.EditQuestionScenes (Jam) in 120.2083ms
2025-11-07 13:32:41.157 +01:00 [INF] Executed endpoint 'Jam.Controllers.StoryEditingController.EditQuestionScenes (Jam)'
2025-11-07 13:32:41.157 +01:00 [INF] Request finished HTTP/2 GET https://localhost:7025/StoryEditing/EditQuestionScenes?storyId=1 - 200 null text/html; charset=utf-8 121.5966ms
2025-11-07 13:32:43.884 +01:00 [INF] Request starting HTTP/2 GET https://localhost:7025/StoryEditing/GetQuestionScenePartial?index=3 - null null
2025-11-07 13:32:43.959 +01:00 [INF] Request finished HTTP/2 GET https://localhost:7025/StoryEditing/GetQuestionScenePartial?index=3 - 404 0 null 75.6765ms
2025-11-07 13:32:43.959 +01:00 [INF] Request reached the end of the middleware pipeline without being handled by application code. Request path: GET https://localhost:7025/StoryEditing/GetQuestionScenePartial, Response status code: 404
2025-11-07 13:33:25.274 +01:00 [INF] Request starting HTTP/2 GET https://localhost:7025/StoryEditing/EditIntroScene?storyId=1 - null null
2025-11-07 13:33:25.304 +01:00 [INF] Executing endpoint 'Jam.Controllers.StoryEditingController.EditIntroScene (Jam)'
2025-11-07 13:33:25.305 +01:00 [INF] Route matched with {action = "EditIntroScene", controller = "StoryEditing", page = "", area = ""}. Executing controller action with signature System.Threading.Tasks.Task`1[Microsoft.AspNetCore.Mvc.IActionResult] EditIntroScene(Int32) on controller Jam.Controllers.StoryEditingController (Jam).
2025-11-07 13:33:25.318 +01:00 [INF] Executing ViewResult, running view EditIntroScene.
2025-11-07 13:33:25.373 +01:00 [INF] Executed ViewResult - view EditIntroScene executed in 54.5843ms.
2025-11-07 13:33:25.406 +01:00 [INF] Executed action Jam.Controllers.StoryEditingController.EditIntroScene (Jam) in 100.9671ms
2025-11-07 13:33:25.407 +01:00 [INF] Executed endpoint 'Jam.Controllers.StoryEditingController.EditIntroScene (Jam)'
2025-11-07 13:33:25.407 +01:00 [INF] Request finished HTTP/2 GET https://localhost:7025/StoryEditing/EditIntroScene?storyId=1 - 200 null text/html; charset=utf-8 204.0511ms
2025-11-07 13:33:26.123 +01:00 [INF] Request starting HTTP/2 POST https://localhost:7025/StoryEditing/EditIntroScene - application/x-www-form-urlencoded 428
2025-11-07 13:33:26.199 +01:00 [INF] Executing endpoint 'Jam.Controllers.StoryEditingController.EditIntroScene (Jam)'
2025-11-07 13:33:26.199 +01:00 [INF] Route matched with {action = "EditIntroScene", controller = "StoryEditing", page = "", area = ""}. Executing controller action with signature System.Threading.Tasks.Task`1[Microsoft.AspNetCore.Mvc.IActionResult] EditIntroScene(Jam.ViewModels.StoryEditing.EditIntroSceneViewModel) on controller Jam.Controllers.StoryEditingController (Jam).
2025-11-07 13:33:26.206 +01:00 [INF] Executing RedirectResult, redirecting to /StoryEditing/EditStory?storyId=1.
2025-11-07 13:33:26.206 +01:00 [INF] Executed action Jam.Controllers.StoryEditingController.EditIntroScene (Jam) in 7.351ms
2025-11-07 13:33:26.206 +01:00 [INF] Executed endpoint 'Jam.Controllers.StoryEditingController.EditIntroScene (Jam)'
2025-11-07 13:33:26.206 +01:00 [INF] Request finished HTTP/2 POST https://localhost:7025/StoryEditing/EditIntroScene - 302 0 null 83.2854ms
2025-11-07 13:33:26.234 +01:00 [INF] Request starting HTTP/2 GET https://localhost:7025/StoryEditing/EditStory?storyId=1 - null null
2025-11-07 13:33:26.235 +01:00 [INF] Executing endpoint 'Jam.Controllers.StoryEditingController.EditStory (Jam)'
2025-11-07 13:33:26.235 +01:00 [INF] Route matched with {action = "EditStory", controller = "StoryEditing", page = "", area = ""}. Executing controller action with signature System.Threading.Tasks.Task`1[Microsoft.AspNetCore.Mvc.IActionResult] EditStory(Int32) on controller Jam.Controllers.StoryEditingController (Jam).
2025-11-07 13:33:26.238 +01:00 [INF] Executing ViewResult, running view EditStory.
2025-11-07 13:33:26.240 +01:00 [INF] Executed ViewResult - view EditStory executed in 1.779ms.
2025-11-07 13:33:26.240 +01:00 [INF] Executed action Jam.Controllers.StoryEditingController.EditStory (Jam) in 5.157ms
2025-11-07 13:33:26.240 +01:00 [INF] Executed endpoint 'Jam.Controllers.StoryEditingController.EditStory (Jam)'
2025-11-07 13:33:26.240 +01:00 [INF] Request finished HTTP/2 GET https://localhost:7025/StoryEditing/EditStory?storyId=1 - 200 null text/html; charset=utf-8 31.4543ms
2025-11-07 13:33:28.190 +01:00 [INF] Request starting HTTP/2 GET https://localhost:7025/StoryEditing/EditQuestionScenes?storyId=1 - null null
2025-11-07 13:33:28.238 +01:00 [INF] Executing endpoint 'Jam.Controllers.StoryEditingController.EditQuestionScenes (Jam)'
2025-11-07 13:33:28.238 +01:00 [INF] Route matched with {action = "EditQuestionScenes", controller = "StoryEditing", page = "", area = ""}. Executing controller action with signature System.Threading.Tasks.Task`1[Microsoft.AspNetCore.Mvc.IActionResult] EditQuestionScenes(Int32) on controller Jam.Controllers.StoryEditingController (Jam).
2025-11-07 13:33:28.251 +01:00 [INF] Executing ViewResult, running view EditQuestionScenes.
2025-11-07 13:33:28.315 +01:00 [INF] Executed ViewResult - view EditQuestionScenes executed in 64.8048ms.
2025-11-07 13:33:28.316 +01:00 [INF] Executed action Jam.Controllers.StoryEditingController.EditQuestionScenes (Jam) in 78.0786ms
2025-11-07 13:33:28.337 +01:00 [INF] Executed endpoint 'Jam.Controllers.StoryEditingController.EditQuestionScenes (Jam)'
2025-11-07 13:33:28.340 +01:00 [INF] Request finished HTTP/2 GET https://localhost:7025/StoryEditing/EditQuestionScenes?storyId=1 - 200 null text/html; charset=utf-8 149.8437ms
2025-11-07 13:33:30.638 +01:00 [INF] Request starting HTTP/2 POST https://localhost:7025/StoryEditing/EditQuestionScenes - application/x-www-form-urlencoded 4411
2025-11-07 13:33:30.639 +01:00 [INF] Executing endpoint 'Jam.Controllers.StoryEditingController.EditQuestionScenes (Jam)'
2025-11-07 13:33:30.639 +01:00 [INF] Route matched with {action = "EditQuestionScenes", controller = "StoryEditing", page = "", area = ""}. Executing controller action with signature System.Threading.Tasks.Task`1[Microsoft.AspNetCore.Mvc.IActionResult] EditQuestionScenes(System.Collections.Generic.List`1[Jam.ViewModels.QuestionSceneBaseViewModel]) on controller Jam.Controllers.StoryEditingController (Jam).
2025-11-07 13:33:30.808 +01:00 [INF] Executing RedirectResult, redirecting to /StoryEditing/EditStory?storyId=1.
2025-11-07 13:33:30.808 +01:00 [INF] Executed action Jam.Controllers.StoryEditingController.EditQuestionScenes (Jam) in 168.7216ms
2025-11-07 13:33:30.808 +01:00 [INF] Executed endpoint 'Jam.Controllers.StoryEditingController.EditQuestionScenes (Jam)'
2025-11-07 13:33:30.808 +01:00 [INF] Request finished HTTP/2 POST https://localhost:7025/StoryEditing/EditQuestionScenes - 302 0 null 170.0595ms
2025-11-07 13:33:30.813 +01:00 [INF] Request starting HTTP/2 GET https://localhost:7025/StoryEditing/EditStory?storyId=1 - null null
2025-11-07 13:33:30.813 +01:00 [INF] Executing endpoint 'Jam.Controllers.StoryEditingController.EditStory (Jam)'
2025-11-07 13:33:30.813 +01:00 [INF] Route matched with {action = "EditStory", controller = "StoryEditing", page = "", area = ""}. Executing controller action with signature System.Threading.Tasks.Task`1[Microsoft.AspNetCore.Mvc.IActionResult] EditStory(Int32) on controller Jam.Controllers.StoryEditingController (Jam).
2025-11-07 13:33:30.815 +01:00 [INF] Executing ViewResult, running view EditStory.
2025-11-07 13:33:30.816 +01:00 [INF] Executed ViewResult - view EditStory executed in 1.5287ms.
2025-11-07 13:33:30.842 +01:00 [INF] Executed action Jam.Controllers.StoryEditingController.EditStory (Jam) in 28.3703ms
2025-11-07 13:33:30.842 +01:00 [INF] Executed endpoint 'Jam.Controllers.StoryEditingController.EditStory (Jam)'
2025-11-07 13:33:30.899 +01:00 [INF] Request finished HTTP/2 GET https://localhost:7025/StoryEditing/EditStory?storyId=1 - 200 null text/html; charset=utf-8 85.8213ms
2025-11-07 13:33:32.376 +01:00 [INF] Request starting HTTP/2 GET https://localhost:7025/StoryEditing/EditIntroScene?storyId=1 - null null
2025-11-07 13:33:32.377 +01:00 [INF] Executing endpoint 'Jam.Controllers.StoryEditingController.EditIntroScene (Jam)'
2025-11-07 13:33:32.377 +01:00 [INF] Route matched with {action = "EditIntroScene", controller = "StoryEditing", page = "", area = ""}. Executing controller action with signature System.Threading.Tasks.Task`1[Microsoft.AspNetCore.Mvc.IActionResult] EditIntroScene(Int32) on controller Jam.Controllers.StoryEditingController (Jam).
2025-11-07 13:33:32.384 +01:00 [INF] Executing ViewResult, running view EditIntroScene.
2025-11-07 13:33:32.408 +01:00 [INF] Executed ViewResult - view EditIntroScene executed in 23.485ms.
2025-11-07 13:33:32.409 +01:00 [INF] Executed action Jam.Controllers.StoryEditingController.EditIntroScene (Jam) in 31.308ms
2025-11-07 13:33:32.409 +01:00 [INF] Executed endpoint 'Jam.Controllers.StoryEditingController.EditIntroScene (Jam)'
2025-11-07 13:33:32.410 +01:00 [INF] Request finished HTTP/2 GET https://localhost:7025/StoryEditing/EditIntroScene?storyId=1 - 200 null text/html; charset=utf-8 33.5618ms
2025-11-07 13:33:39.360 +01:00 [INF] Request starting HTTP/2 POST https://localhost:7025/StoryEditing/EditIntroScene - application/x-www-form-urlencoded 428
2025-11-07 13:33:39.364 +01:00 [INF] Executing endpoint 'Jam.Controllers.StoryEditingController.EditIntroScene (Jam)'
2025-11-07 13:33:39.369 +01:00 [INF] Route matched with {action = "EditIntroScene", controller = "StoryEditing", page = "", area = ""}. Executing controller action with signature System.Threading.Tasks.Task`1[Microsoft.AspNetCore.Mvc.IActionResult] EditIntroScene(Jam.ViewModels.StoryEditing.EditIntroSceneViewModel) on controller Jam.Controllers.StoryEditingController (Jam).
2025-11-07 13:33:39.437 +01:00 [INF] Executing RedirectResult, redirecting to /StoryEditing/EditStory?storyId=1.
2025-11-07 13:33:39.437 +01:00 [INF] Executed action Jam.Controllers.StoryEditingController.EditIntroScene (Jam) in 67.2355ms
2025-11-07 13:33:39.437 +01:00 [INF] Executed endpoint 'Jam.Controllers.StoryEditingController.EditIntroScene (Jam)'
2025-11-07 13:33:39.437 +01:00 [INF] Request finished HTTP/2 POST https://localhost:7025/StoryEditing/EditIntroScene - 302 0 null 77.6835ms
2025-11-07 13:33:39.442 +01:00 [INF] Request starting HTTP/2 GET https://localhost:7025/StoryEditing/EditStory?storyId=1 - null null
2025-11-07 13:33:39.443 +01:00 [INF] Executing endpoint 'Jam.Controllers.StoryEditingController.EditStory (Jam)'
2025-11-07 13:33:39.443 +01:00 [INF] Route matched with {action = "EditStory", controller = "StoryEditing", page = "", area = ""}. Executing controller action with signature System.Threading.Tasks.Task`1[Microsoft.AspNetCore.Mvc.IActionResult] EditStory(Int32) on controller Jam.Controllers.StoryEditingController (Jam).
2025-11-07 13:33:39.449 +01:00 [INF] Executing ViewResult, running view EditStory.
2025-11-07 13:33:39.453 +01:00 [INF] Executed ViewResult - view EditStory executed in 3.5437ms.
2025-11-07 13:33:39.454 +01:00 [INF] Executed action Jam.Controllers.StoryEditingController.EditStory (Jam) in 11.3147ms
2025-11-07 13:33:39.489 +01:00 [INF] Executed endpoint 'Jam.Controllers.StoryEditingController.EditStory (Jam)'
2025-11-07 13:33:39.499 +01:00 [INF] Request finished HTTP/2 GET https://localhost:7025/StoryEditing/EditStory?storyId=1 - 200 null text/html; charset=utf-8 58.0041ms
2025-11-07 13:33:40.952 +01:00 [INF] Request starting HTTP/2 GET https://localhost:7025/StoryEditing/EditEndingScenes?storyId=1 - null null
2025-11-07 13:33:40.960 +01:00 [INF] Executing endpoint 'Jam.Controllers.StoryEditingController.EditEndingScenes (Jam)'
2025-11-07 13:33:40.964 +01:00 [INF] Route matched with {action = "EditEndingScenes", controller = "StoryEditing", page = "", area = ""}. Executing controller action with signature System.Threading.Tasks.Task`1[Microsoft.AspNetCore.Mvc.IActionResult] EditEndingScenes(Int32) on controller Jam.Controllers.StoryEditingController (Jam).
2025-11-07 13:33:40.984 +01:00 [INF] Executing ViewResult, running view EditEndingScenes.
2025-11-07 13:33:40.998 +01:00 [INF] Executed ViewResult - view EditEndingScenes executed in 15.5982ms.
2025-11-07 13:33:40.999 +01:00 [INF] Executed action Jam.Controllers.StoryEditingController.EditEndingScenes (Jam) in 34.9302ms
2025-11-07 13:33:41.000 +01:00 [INF] Executed endpoint 'Jam.Controllers.StoryEditingController.EditEndingScenes (Jam)'
2025-11-07 13:33:41.027 +01:00 [INF] Request finished HTTP/2 GET https://localhost:7025/StoryEditing/EditEndingScenes?storyId=1 - 200 null text/html; charset=utf-8 75.2123ms
2025-11-07 13:33:42.772 +01:00 [INF] Request starting HTTP/2 POST https://localhost:7025/StoryEditing/EditEndingScenes - application/x-www-form-urlencoded 1134
2025-11-07 13:33:42.776 +01:00 [INF] Executing endpoint 'Jam.Controllers.StoryEditingController.EditEndingScenes (Jam)'
2025-11-07 13:33:42.783 +01:00 [INF] Route matched with {action = "EditEndingScenes", controller = "StoryEditing", page = "", area = ""}. Executing controller action with signature System.Threading.Tasks.Task`1[Microsoft.AspNetCore.Mvc.IActionResult] EditEndingScenes(Jam.ViewModels.EndingScenesViewModel) on controller Jam.Controllers.StoryEditingController (Jam).
2025-11-07 13:33:42.808 +01:00 [INF] Executing RedirectResult, redirecting to /StoryEditing/EditStory?storyId=1.
2025-11-07 13:33:42.808 +01:00 [INF] Executed action Jam.Controllers.StoryEditingController.EditEndingScenes (Jam) in 25.8218ms
2025-11-07 13:33:42.808 +01:00 [INF] Executed endpoint 'Jam.Controllers.StoryEditingController.EditEndingScenes (Jam)'
2025-11-07 13:33:42.809 +01:00 [INF] Request finished HTTP/2 POST https://localhost:7025/StoryEditing/EditEndingScenes - 302 0 null 61.9147ms
2025-11-07 13:33:42.814 +01:00 [INF] Request starting HTTP/2 GET https://localhost:7025/StoryEditing/EditStory?storyId=1 - null null
2025-11-07 13:33:42.890 +01:00 [INF] Executing endpoint 'Jam.Controllers.StoryEditingController.EditStory (Jam)'
2025-11-07 13:33:42.890 +01:00 [INF] Route matched with {action = "EditStory", controller = "StoryEditing", page = "", area = ""}. Executing controller action with signature System.Threading.Tasks.Task`1[Microsoft.AspNetCore.Mvc.IActionResult] EditStory(Int32) on controller Jam.Controllers.StoryEditingController (Jam).
2025-11-07 13:33:42.892 +01:00 [INF] Executing ViewResult, running view EditStory.
2025-11-07 13:33:42.916 +01:00 [INF] Executed ViewResult - view EditStory executed in 24.158ms.
2025-11-07 13:33:42.917 +01:00 [INF] Executed action Jam.Controllers.StoryEditingController.EditStory (Jam) in 26.5845ms
2025-11-07 13:33:42.917 +01:00 [INF] Executed endpoint 'Jam.Controllers.StoryEditingController.EditStory (Jam)'
2025-11-07 13:33:42.918 +01:00 [INF] Request finished HTTP/2 GET https://localhost:7025/StoryEditing/EditStory?storyId=1 - 200 null text/html; charset=utf-8 103.7018ms
2025-11-07 13:35:55.231 +01:00 [INF] Request starting HTTP/2 GET https://localhost:7025/StoryEditing/EditEndingScenes?storyId=1 - null null
2025-11-07 13:35:55.358 +01:00 [INF] Executing endpoint 'Jam.Controllers.StoryEditingController.EditEndingScenes (Jam)'
2025-11-07 13:35:55.358 +01:00 [INF] Route matched with {action = "EditEndingScenes", controller = "StoryEditing", page = "", area = ""}. Executing controller action with signature System.Threading.Tasks.Task`1[Microsoft.AspNetCore.Mvc.IActionResult] EditEndingScenes(Int32) on controller Jam.Controllers.StoryEditingController (Jam).
2025-11-07 13:35:55.374 +01:00 [INF] Executing ViewResult, running view EditEndingScenes.
2025-11-07 13:35:55.404 +01:00 [INF] Executed ViewResult - view EditEndingScenes executed in 30.1349ms.
2025-11-07 13:35:55.406 +01:00 [INF] Executed action Jam.Controllers.StoryEditingController.EditEndingScenes (Jam) in 47.0517ms
2025-11-07 13:35:55.406 +01:00 [INF] Executed endpoint 'Jam.Controllers.StoryEditingController.EditEndingScenes (Jam)'
2025-11-07 13:35:55.407 +01:00 [INF] Request finished HTTP/2 GET https://localhost:7025/StoryEditing/EditEndingScenes?storyId=1 - 200 null text/html; charset=utf-8 177.2118ms
2025-11-07 13:35:56.397 +01:00 [INF] Request starting HTTP/2 POST https://localhost:7025/StoryEditing/EditEndingScenes - application/x-www-form-urlencoded 1134
2025-11-07 13:35:56.473 +01:00 [INF] Executing endpoint 'Jam.Controllers.StoryEditingController.EditEndingScenes (Jam)'
2025-11-07 13:35:56.473 +01:00 [INF] Route matched with {action = "EditEndingScenes", controller = "StoryEditing", page = "", area = ""}. Executing controller action with signature System.Threading.Tasks.Task`1[Microsoft.AspNetCore.Mvc.IActionResult] EditEndingScenes(Jam.ViewModels.EndingScenesViewModel) on controller Jam.Controllers.StoryEditingController (Jam).
2025-11-07 13:35:56.482 +01:00 [INF] Executing RedirectResult, redirecting to /StoryEditing/EditStory?storyId=1.
2025-11-07 13:35:56.482 +01:00 [INF] Executed action Jam.Controllers.StoryEditingController.EditEndingScenes (Jam) in 8.2976ms
2025-11-07 13:35:56.482 +01:00 [INF] Executed endpoint 'Jam.Controllers.StoryEditingController.EditEndingScenes (Jam)'
2025-11-07 13:35:56.482 +01:00 [INF] Request finished HTTP/2 POST https://localhost:7025/StoryEditing/EditEndingScenes - 302 0 null 85.4709ms
2025-11-07 13:35:56.487 +01:00 [INF] Request starting HTTP/2 GET https://localhost:7025/StoryEditing/EditStory?storyId=1 - null null
2025-11-07 13:35:56.512 +01:00 [INF] Executing endpoint 'Jam.Controllers.StoryEditingController.EditStory (Jam)'
2025-11-07 13:35:56.512 +01:00 [INF] Route matched with {action = "EditStory", controller = "StoryEditing", page = "", area = ""}. Executing controller action with signature System.Threading.Tasks.Task`1[Microsoft.AspNetCore.Mvc.IActionResult] EditStory(Int32) on controller Jam.Controllers.StoryEditingController (Jam).
2025-11-07 13:35:56.516 +01:00 [INF] Executing ViewResult, running view EditStory.
2025-11-07 13:35:56.519 +01:00 [INF] Executed ViewResult - view EditStory executed in 2.3412ms.
2025-11-07 13:35:56.519 +01:00 [INF] Executed action Jam.Controllers.StoryEditingController.EditStory (Jam) in 7.0445ms
2025-11-07 13:35:56.520 +01:00 [INF] Executed endpoint 'Jam.Controllers.StoryEditingController.EditStory (Jam)'
2025-11-07 13:35:56.521 +01:00 [INF] Request finished HTTP/2 GET https://localhost:7025/StoryEditing/EditStory?storyId=1 - 200 null text/html; charset=utf-8 34.3365ms
2025-11-07 13:35:57.259 +01:00 [INF] Request starting HTTP/2 GET https://localhost:7025/StoryEditing/EditQuestionScenes?storyId=1 - null null
2025-11-07 13:35:57.284 +01:00 [INF] Executing endpoint 'Jam.Controllers.StoryEditingController.EditQuestionScenes (Jam)'
2025-11-07 13:35:57.284 +01:00 [INF] Route matched with {action = "EditQuestionScenes", controller = "StoryEditing", page = "", area = ""}. Executing controller action with signature System.Threading.Tasks.Task`1[Microsoft.AspNetCore.Mvc.IActionResult] EditQuestionScenes(Int32) on controller Jam.Controllers.StoryEditingController (Jam).
2025-11-07 13:35:57.293 +01:00 [INF] Executing ViewResult, running view EditQuestionScenes.
2025-11-07 13:35:57.381 +01:00 [INF] Executed ViewResult - view EditQuestionScenes executed in 87.9994ms.
2025-11-07 13:35:57.381 +01:00 [INF] Executed action Jam.Controllers.StoryEditingController.EditQuestionScenes (Jam) in 97.5762ms
2025-11-07 13:35:57.381 +01:00 [INF] Executed endpoint 'Jam.Controllers.StoryEditingController.EditQuestionScenes (Jam)'
2025-11-07 13:35:57.382 +01:00 [INF] Request finished HTTP/2 GET https://localhost:7025/StoryEditing/EditQuestionScenes?storyId=1 - 200 null text/html; charset=utf-8 123.2765ms
2025-11-07 13:36:02.298 +01:00 [INF] Request starting HTTP/2 POST https://localhost:7025/StoryEditing/EditQuestionScenes - application/x-www-form-urlencoded 4411
2025-11-07 13:36:02.369 +01:00 [INF] Executing endpoint 'Jam.Controllers.StoryEditingController.EditQuestionScenes (Jam)'
2025-11-07 13:36:02.370 +01:00 [INF] Route matched with {action = "EditQuestionScenes", controller = "StoryEditing", page = "", area = ""}. Executing controller action with signature System.Threading.Tasks.Task`1[Microsoft.AspNetCore.Mvc.IActionResult] EditQuestionScenes(System.Collections.Generic.List`1[Jam.ViewModels.QuestionSceneBaseViewModel]) on controller Jam.Controllers.StoryEditingController (Jam).
2025-11-07 13:36:02.461 +01:00 [INF] Executing RedirectResult, redirecting to /StoryEditing/EditStory?storyId=1.
2025-11-07 13:36:02.461 +01:00 [INF] Executed action Jam.Controllers.StoryEditingController.EditQuestionScenes (Jam) in 91.2621ms
2025-11-07 13:36:02.461 +01:00 [INF] Executed endpoint 'Jam.Controllers.StoryEditingController.EditQuestionScenes (Jam)'
2025-11-07 13:36:02.461 +01:00 [INF] Request finished HTTP/2 POST https://localhost:7025/StoryEditing/EditQuestionScenes - 302 0 null 186.2628ms
2025-11-07 13:36:02.468 +01:00 [INF] Request starting HTTP/2 GET https://localhost:7025/StoryEditing/EditStory?storyId=1 - null null
2025-11-07 13:36:02.468 +01:00 [INF] Executing endpoint 'Jam.Controllers.StoryEditingController.EditStory (Jam)'
2025-11-07 13:36:02.469 +01:00 [INF] Route matched with {action = "EditStory", controller = "StoryEditing", page = "", area = ""}. Executing controller action with signature System.Threading.Tasks.Task`1[Microsoft.AspNetCore.Mvc.IActionResult] EditStory(Int32) on controller Jam.Controllers.StoryEditingController (Jam).
2025-11-07 13:36:02.534 +01:00 [INF] Executing ViewResult, running view EditStory.
2025-11-07 13:36:02.541 +01:00 [INF] Executed ViewResult - view EditStory executed in 7.1042ms.
2025-11-07 13:36:02.569 +01:00 [INF] Executed action Jam.Controllers.StoryEditingController.EditStory (Jam) in 100.184ms
2025-11-07 13:36:02.569 +01:00 [INF] Executed endpoint 'Jam.Controllers.StoryEditingController.EditStory (Jam)'
2025-11-07 13:36:02.569 +01:00 [INF] Request finished HTTP/2 GET https://localhost:7025/StoryEditing/EditStory?storyId=1 - 200 null text/html; charset=utf-8 101.105ms
2025-11-07 13:36:03.930 +01:00 [INF] Request starting HTTP/2 GET https://localhost:7025/StoryEditing/EditIntroScene?storyId=1 - null null
2025-11-07 13:36:03.931 +01:00 [INF] Executing endpoint 'Jam.Controllers.StoryEditingController.EditIntroScene (Jam)'
2025-11-07 13:36:03.931 +01:00 [INF] Route matched with {action = "EditIntroScene", controller = "StoryEditing", page = "", area = ""}. Executing controller action with signature System.Threading.Tasks.Task`1[Microsoft.AspNetCore.Mvc.IActionResult] EditIntroScene(Int32) on controller Jam.Controllers.StoryEditingController (Jam).
2025-11-07 13:36:03.934 +01:00 [INF] Executing ViewResult, running view EditIntroScene.
2025-11-07 13:36:03.936 +01:00 [INF] Executed ViewResult - view EditIntroScene executed in 1.9899ms.
2025-11-07 13:36:03.939 +01:00 [INF] Executed action Jam.Controllers.StoryEditingController.EditIntroScene (Jam) in 7.6065ms
2025-11-07 13:36:03.939 +01:00 [INF] Executed endpoint 'Jam.Controllers.StoryEditingController.EditIntroScene (Jam)'
2025-11-07 13:36:03.963 +01:00 [INF] Request finished HTTP/2 GET https://localhost:7025/StoryEditing/EditIntroScene?storyId=1 - 200 null text/html; charset=utf-8 33.0867ms
2025-11-07 13:36:04.967 +01:00 [INF] Request starting HTTP/2 POST https://localhost:7025/StoryEditing/EditIntroScene - application/x-www-form-urlencoded 428
2025-11-07 13:36:04.967 +01:00 [INF] Executing endpoint 'Jam.Controllers.StoryEditingController.EditIntroScene (Jam)'
2025-11-07 13:36:04.967 +01:00 [INF] Route matched with {action = "EditIntroScene", controller = "StoryEditing", page = "", area = ""}. Executing controller action with signature System.Threading.Tasks.Task`1[Microsoft.AspNetCore.Mvc.IActionResult] EditIntroScene(Jam.ViewModels.StoryEditing.EditIntroSceneViewModel) on controller Jam.Controllers.StoryEditingController (Jam).
2025-11-07 13:36:04.978 +01:00 [INF] Executing RedirectResult, redirecting to /StoryEditing/EditStory?storyId=1.
2025-11-07 13:36:04.978 +01:00 [INF] Executed action Jam.Controllers.StoryEditingController.EditIntroScene (Jam) in 10.1986ms
2025-11-07 13:36:04.978 +01:00 [INF] Executed endpoint 'Jam.Controllers.StoryEditingController.EditIntroScene (Jam)'
2025-11-07 13:36:04.978 +01:00 [INF] Request finished HTTP/2 POST https://localhost:7025/StoryEditing/EditIntroScene - 302 0 null 11.5516ms
2025-11-07 13:36:04.982 +01:00 [INF] Request starting HTTP/2 GET https://localhost:7025/StoryEditing/EditStory?storyId=1 - null null
2025-11-07 13:36:04.984 +01:00 [INF] Executing endpoint 'Jam.Controllers.StoryEditingController.EditStory (Jam)'
2025-11-07 13:36:04.984 +01:00 [INF] Route matched with {action = "EditStory", controller = "StoryEditing", page = "", area = ""}. Executing controller action with signature System.Threading.Tasks.Task`1[Microsoft.AspNetCore.Mvc.IActionResult] EditStory(Int32) on controller Jam.Controllers.StoryEditingController (Jam).
2025-11-07 13:36:04.987 +01:00 [INF] Executing ViewResult, running view EditStory.
2025-11-07 13:36:05.039 +01:00 [INF] Executed ViewResult - view EditStory executed in 52.2117ms.
2025-11-07 13:36:05.039 +01:00 [INF] Executed action Jam.Controllers.StoryEditingController.EditStory (Jam) in 55.3958ms
2025-11-07 13:36:05.039 +01:00 [INF] Executed endpoint 'Jam.Controllers.StoryEditingController.EditStory (Jam)'
2025-11-07 13:36:05.040 +01:00 [INF] Request finished HTTP/2 GET https://localhost:7025/StoryEditing/EditStory?storyId=1 - 200 null text/html; charset=utf-8 57.2042ms
2025-11-07 13:36:05.863 +01:00 [INF] Request starting HTTP/2 POST https://localhost:7025/StoryEditing/EditStory - application/x-www-form-urlencoded 461
2025-11-07 13:36:05.864 +01:00 [INF] Executing endpoint 'Jam.Controllers.StoryEditingController.EditStory (Jam)'
2025-11-07 13:36:05.864 +01:00 [INF] Route matched with {action = "EditStory", controller = "StoryEditing", page = "", area = ""}. Executing controller action with signature System.Threading.Tasks.Task`1[Microsoft.AspNetCore.Mvc.IActionResult] EditStory(Jam.ViewModels.StoryEditing.EditStoryViewModel) on controller Jam.Controllers.StoryEditingController (Jam).
2025-11-07 13:36:05.868 +01:00 [INF] Executing RedirectResult, redirecting to /.
2025-11-07 13:36:05.868 +01:00 [INF] Executed action Jam.Controllers.StoryEditingController.EditStory (Jam) in 3.82ms
2025-11-07 13:36:05.868 +01:00 [INF] Executed endpoint 'Jam.Controllers.StoryEditingController.EditStory (Jam)'
2025-11-07 13:36:05.868 +01:00 [INF] Request finished HTTP/2 POST https://localhost:7025/StoryEditing/EditStory - 302 0 null 5.1716ms
2025-11-07 13:36:05.872 +01:00 [INF] Request starting HTTP/2 GET https://localhost:7025/ - null null
2025-11-07 13:36:05.918 +01:00 [INF] Executing endpoint 'Jam.Controllers.HomeController.Index (Jam)'
2025-11-07 13:36:05.918 +01:00 [INF] Route matched with {action = "Index", controller = "Home", page = "", area = ""}. Executing controller action with signature System.Threading.Tasks.Task`1[Microsoft.AspNetCore.Mvc.IActionResult] Index() on controller Jam.Controllers.HomeController (Jam).
2025-11-07 13:36:05.929 +01:00 [INF] Executing ViewResult, running view Index.
2025-11-07 13:36:05.932 +01:00 [INF] Executed ViewResult - view Index executed in 2.9614ms.
2025-11-07 13:36:05.962 +01:00 [INF] Executed action Jam.Controllers.HomeController.Index (Jam) in 43.4757ms
2025-11-07 13:36:05.962 +01:00 [INF] Executed endpoint 'Jam.Controllers.HomeController.Index (Jam)'
2025-11-07 13:36:05.966 +01:00 [INF] Request finished HTTP/2 GET https://localhost:7025/ - 200 null text/html; charset=utf-8 93.7232ms
2025-11-07 13:36:19.087 +01:00 [INF] Request starting HTTP/2 GET https://localhost:7025/StoryEditing/EditQuestionScenes?storyId=1 - null null
2025-11-07 13:36:19.093 +01:00 [INF] Executing endpoint 'Jam.Controllers.StoryEditingController.EditQuestionScenes (Jam)'
2025-11-07 13:36:19.093 +01:00 [INF] Route matched with {action = "EditQuestionScenes", controller = "StoryEditing", page = "", area = ""}. Executing controller action with signature System.Threading.Tasks.Task`1[Microsoft.AspNetCore.Mvc.IActionResult] EditQuestionScenes(Int32) on controller Jam.Controllers.StoryEditingController (Jam).
2025-11-07 13:36:19.116 +01:00 [INF] Executing ViewResult, running view EditQuestionScenes.
2025-11-07 13:36:19.223 +01:00 [INF] Executed ViewResult - view EditQuestionScenes executed in 106.6485ms.
2025-11-07 13:36:19.225 +01:00 [INF] Executed action Jam.Controllers.StoryEditingController.EditQuestionScenes (Jam) in 131.3449ms
2025-11-07 13:36:19.225 +01:00 [INF] Executed endpoint 'Jam.Controllers.StoryEditingController.EditQuestionScenes (Jam)'
2025-11-07 13:36:19.228 +01:00 [INF] Request finished HTTP/2 GET https://localhost:7025/StoryEditing/EditQuestionScenes?storyId=1 - 200 null text/html; charset=utf-8 191.8424ms
