2025-10-30 11:46:35.867 +01:00 [INF] Applying migration '20251024065541_InitialCreate'.
2025-10-30 11:46:36.301 +01:00 [INF] User profile is available. Using '/Users/michaelnedgaardisaksen/.aspnet/DataProtection-Keys' as key repository; keys will not be encrypted at rest.
2025-10-30 11:46:36.551 +01:00 [INF] Now listening on: https://localhost:7025
2025-10-30 11:46:36.552 +01:00 [INF] Now listening on: http://localhost:5262
2025-10-30 11:46:36.557 +01:00 [INF] Application started. Press Ctrl+C to shut down.
2025-10-30 11:46:36.558 +01:00 [INF] Hosting environment: Development
2025-10-30 11:46:36.558 +01:00 [INF] Content root path: /Users/michaelnedgaardisaksen/Documents/ITPE3100_Webapplikasjoner/Demo-Jam/Jam
2025-10-30 11:46:36.824 +01:00 [INF] Request starting HTTP/2 GET https://localhost:7025/ - null null
2025-10-30 11:46:36.836 +01:00 [INF] Executing endpoint 'Jam.Controllers.HomeController.Index (Jam)'
2025-10-30 11:46:36.846 +01:00 [INF] Route matched with {action = "Index", controller = "Home"}. Executing controller action with signature System.Threading.Tasks.Task`1[Microsoft.AspNetCore.Mvc.IActionResult] Index() on controller Jam.Controllers.HomeController (Jam).
2025-10-30 11:46:36.946 +01:00 [INF] Executing ViewResult, running view Index.
2025-10-30 11:46:36.986 +01:00 [INF] Executed ViewResult - view Index executed in 39.1788ms.
2025-10-30 11:46:36.988 +01:00 [INF] Executed action Jam.Controllers.HomeController.Index (Jam) in 141.5401ms
2025-10-30 11:46:36.988 +01:00 [INF] Executed endpoint 'Jam.Controllers.HomeController.Index (Jam)'
2025-10-30 11:46:36.993 +01:00 [INF] Request finished HTTP/2 GET https://localhost:7025/ - 200 null text/html; charset=utf-8 169.782ms
2025-10-30 11:46:42.878 +01:00 [INF] Request starting HTTP/2 GET https://localhost:7025/StoryEditing/Edit?storyId=1 - null null
2025-10-30 11:46:42.882 +01:00 [INF] Executing endpoint 'Jam.Controllers.StoryEditingController.Edit (Jam)'
2025-10-30 11:46:42.896 +01:00 [INF] Route matched with {action = "Edit", controller = "StoryEditing"}. Executing controller action with signature System.Threading.Tasks.Task`1[Microsoft.AspNetCore.Mvc.IActionResult] Edit(Int32) on controller Jam.Controllers.StoryEditingController (Jam).
2025-10-30 11:46:42.964 +01:00 [INF] Executing ViewResult, running view Edit.
2025-10-30 11:46:43.022 +01:00 [INF] Executed ViewResult - view Edit executed in 58.3738ms.
2025-10-30 11:46:43.022 +01:00 [INF] Executed action Jam.Controllers.StoryEditingController.Edit (Jam) in 125.2616ms
2025-10-30 11:46:43.022 +01:00 [INF] Executed endpoint 'Jam.Controllers.StoryEditingController.Edit (Jam)'
2025-10-30 11:46:43.022 +01:00 [INF] Request finished HTTP/2 GET https://localhost:7025/StoryEditing/Edit?storyId=1 - 200 null text/html; charset=utf-8 143.8848ms
