2025-11-07 20:21:46.413 +01:00 [INF] User profile is available. Using '/Users/jaraazad/.aspnet/DataProtection-Keys' as key repository; keys will not be encrypted at rest.
2025-11-07 20:21:46.928 +01:00 [INF] Applying migration '20251024065541_InitialCreate'.
2025-11-07 20:21:46.969 +01:00 [INF] Applying migration '20251101105657_AddIdentitySupport'.
2025-11-07 20:21:47.201 +01:00 [INF] Applying migration '20251103080324_UpdateNextQuestionSceneDeleteBehavior'.
2025-11-07 20:21:48.114 +01:00 [INF] Now listening on: https://localhost:7025
2025-11-07 20:21:48.115 +01:00 [INF] Now listening on: http://localhost:5262
2025-11-07 20:21:48.119 +01:00 [INF] Application started. Press Ctrl+C to shut down.
2025-11-07 20:21:48.120 +01:00 [INF] Hosting environment: Development
2025-11-07 20:21:48.121 +01:00 [INF] Content root path: /Users/jaraazad/Desktop/Jam
2025-11-07 20:21:48.518 +01:00 [INF] Request starting HTTP/2 GET https://localhost:7025/ - null null
2025-11-07 20:21:48.558 +01:00 [INF] Executing endpoint 'Jam.Controllers.HomeController.Index (Jam)'
2025-11-07 20:21:48.730 +01:00 [INF] Route matched with {action = "Index", controller = "Home", page = "", area = ""}. Executing controller action with signature System.Threading.Tasks.Task`1[Microsoft.AspNetCore.Mvc.IActionResult] Index() on controller Jam.Controllers.HomeController (Jam).
2025-11-07 20:21:48.748 +01:00 [WRN] [HomeController -> Index] Auth cookie invalid or user no longer exists. Redirecting to login.
2025-11-07 20:21:48.751 +01:00 [INF] AuthenticationScheme: Identity.Application signed out.
2025-11-07 20:21:48.752 +01:00 [INF] AuthenticationScheme: Identity.External signed out.
2025-11-07 20:21:48.753 +01:00 [INF] AuthenticationScheme: Identity.TwoFactorUserId signed out.
2025-11-07 20:21:48.754 +01:00 [INF] Executing LocalRedirectResult, redirecting to /Identity/Account/Login.
2025-11-07 20:21:48.756 +01:00 [INF] Executed action Jam.Controllers.HomeController.Index (Jam) in 24.0236ms
2025-11-07 20:21:48.757 +01:00 [INF] Executed endpoint 'Jam.Controllers.HomeController.Index (Jam)'
2025-11-07 20:21:48.790 +01:00 [INF] Request finished HTTP/2 GET https://localhost:7025/ - 302 0 null 272.0966ms
2025-11-07 20:21:48.842 +01:00 [INF] Request starting HTTP/2 GET https://localhost:7025/Identity/Account/Login - null null
2025-11-07 20:21:48.868 +01:00 [INF] Executing endpoint '/Account/Login'
2025-11-07 20:21:48.883 +01:00 [INF] Route matched with {page = "/Account/Login", area = "Identity", action = "", controller = ""}. Executing page /Account/Login
2025-11-07 20:21:48.892 +01:00 [INF] Executing handler method Jam.Areas.Identity.Pages.Account.LoginModel.OnGetAsync - ModelState is "Valid"
2025-11-07 20:21:48.893 +01:00 [INF] AuthenticationScheme: Identity.External signed out.
2025-11-07 20:21:48.893 +01:00 [INF] Executed handler method OnGetAsync, returned result .
2025-11-07 20:21:48.895 +01:00 [INF] Executing an implicit handler method - ModelState is "Valid"
2025-11-07 20:21:48.895 +01:00 [INF] Executed an implicit handler method, returned result Microsoft.AspNetCore.Mvc.RazorPages.PageResult.
2025-11-07 20:21:48.972 +01:00 [INF] Executed page /Account/Login in 88.4017ms
2025-11-07 20:21:48.972 +01:00 [INF] Executed endpoint '/Account/Login'
2025-11-07 20:21:48.976 +01:00 [INF] Request finished HTTP/2 GET https://localhost:7025/Identity/Account/Login - 200 null text/html; charset=utf-8 133.9115ms
2025-11-07 20:21:49.147 +01:00 [INF] Request starting HTTP/2 GET https://localhost:7025/lib/jquery-validation/dist/jquery.validate.min.js - null null
2025-11-07 20:21:49.148 +01:00 [INF] Request starting HTTP/2 GET https://localhost:7025/lib/jquery-validation-unobtrusive/jquery.validate.unobtrusive.min.js - null null
2025-11-07 20:21:49.152 +01:00 [INF] Request finished HTTP/2 GET https://localhost:7025/lib/jquery-validation/dist/jquery.validate.min.js - 404 0 null 5.5014ms
2025-11-07 20:21:49.152 +01:00 [INF] Request finished HTTP/2 GET https://localhost:7025/lib/jquery-validation-unobtrusive/jquery.validate.unobtrusive.min.js - 404 0 null 4.6ms
2025-11-07 20:21:49.153 +01:00 [INF] Request reached the end of the middleware pipeline without being handled by application code. Request path: GET https://localhost:7025/lib/jquery-validation/dist/jquery.validate.min.js, Response status code: 404
2025-11-07 20:21:49.153 +01:00 [INF] Request reached the end of the middleware pipeline without being handled by application code. Request path: GET https://localhost:7025/lib/jquery-validation-unobtrusive/jquery.validate.unobtrusive.min.js, Response status code: 404
2025-11-07 20:21:49.830 +01:00 [INF] Request starting HTTP/2 POST https://localhost:7025/Identity/Account/Login - application/x-www-form-urlencoded 236
2025-11-07 20:21:49.838 +01:00 [INF] Executing endpoint '/Account/Login'
2025-11-07 20:21:49.839 +01:00 [INF] Route matched with {page = "/Account/Login", area = "Identity", action = "", controller = ""}. Executing page /Account/Login
2025-11-07 20:21:49.869 +01:00 [INF] Executing handler method Jam.Areas.Identity.Pages.Account.LoginModel.OnPostAsync - ModelState is "Valid"
2025-11-07 20:21:50.022 +01:00 [INF] AuthenticationScheme: Identity.Application signed in.
2025-11-07 20:21:50.023 +01:00 [INF] User logged in.
2025-11-07 20:21:50.023 +01:00 [INF] Executed handler method OnPostAsync, returned result Microsoft.AspNetCore.Mvc.LocalRedirectResult.
2025-11-07 20:21:50.024 +01:00 [INF] Executing LocalRedirectResult, redirecting to /.
2025-11-07 20:21:50.024 +01:00 [INF] Executed page /Account/Login in 184.4863ms
2025-11-07 20:21:50.024 +01:00 [INF] Executed endpoint '/Account/Login'
2025-11-07 20:21:50.024 +01:00 [INF] Request finished HTTP/2 POST https://localhost:7025/Identity/Account/Login - 302 0 null 219.8462ms
2025-11-07 20:21:50.027 +01:00 [INF] Request starting HTTP/2 GET https://localhost:7025/ - null null
2025-11-07 20:21:50.029 +01:00 [INF] Executing endpoint 'Jam.Controllers.HomeController.Index (Jam)'
2025-11-07 20:21:50.029 +01:00 [INF] Route matched with {action = "Index", controller = "Home", page = "", area = ""}. Executing controller action with signature System.Threading.Tasks.Task`1[Microsoft.AspNetCore.Mvc.IActionResult] Index() on controller Jam.Controllers.HomeController (Jam).
2025-11-07 20:21:50.099 +01:00 [INF] Executing ViewResult, running view Index.
2025-11-07 20:21:50.147 +01:00 [INF] Executed ViewResult - view Index executed in 49.2215ms.
2025-11-07 20:21:50.151 +01:00 [INF] Executed action Jam.Controllers.HomeController.Index (Jam) in 121.9965ms
2025-11-07 20:21:50.152 +01:00 [INF] Executed endpoint 'Jam.Controllers.HomeController.Index (Jam)'
2025-11-07 20:21:50.152 +01:00 [INF] Request finished HTTP/2 GET https://localhost:7025/ - 200 null text/html; charset=utf-8 124.6188ms
2025-11-07 20:21:50.863 +01:00 [INF] Request starting HTTP/2 GET https://localhost:7025/StoryCreation/CreateStoryAndIntro - null null
2025-11-07 20:21:50.895 +01:00 [INF] Executing endpoint 'Jam.Controllers.StoryCreationController.CreateStoryAndIntro (Jam)'
2025-11-07 20:21:50.899 +01:00 [INF] Route matched with {action = "CreateStoryAndIntro", controller = "StoryCreation", page = "", area = ""}. Executing controller action with signature Microsoft.AspNetCore.Mvc.IActionResult CreateStoryAndIntro() on controller Jam.Controllers.StoryCreationController (Jam).
2025-11-07 20:21:50.902 +01:00 [INF] Accessing expired session, Key:81240ac2-d632-8b42-bfc2-321f7eaa06ba
2025-11-07 20:21:50.905 +01:00 [INF] Executing ViewResult, running view CreateStoryAndIntro.
2025-11-07 20:21:51.026 +01:00 [INF] Executed ViewResult - view CreateStoryAndIntro executed in 121.5513ms.
2025-11-07 20:21:51.028 +01:00 [INF] Executed action Jam.Controllers.StoryCreationController.CreateStoryAndIntro (Jam) in 129.0135ms
2025-11-07 20:21:51.029 +01:00 [INF] Executed endpoint 'Jam.Controllers.StoryCreationController.CreateStoryAndIntro (Jam)'
2025-11-07 20:21:51.030 +01:00 [INF] Request finished HTTP/2 GET https://localhost:7025/StoryCreation/CreateStoryAndIntro - 200 null text/html; charset=utf-8 167.1218ms
2025-11-07 20:21:52.307 +01:00 [INF] Request starting HTTP/2 GET https://localhost:7025/StoryEditing/EditStory?storyId=1 - null null
2025-11-07 20:21:52.337 +01:00 [INF] Executing endpoint 'Jam.Controllers.StoryEditingController.EditStory (Jam)'
2025-11-07 20:21:52.346 +01:00 [INF] Route matched with {action = "EditStory", controller = "StoryEditing", page = "", area = ""}. Executing controller action with signature System.Threading.Tasks.Task`1[Microsoft.AspNetCore.Mvc.IActionResult] EditStory(Int32) on controller Jam.Controllers.StoryEditingController (Jam).
2025-11-07 20:21:52.374 +01:00 [INF] Executing ViewResult, running view EditStory.
2025-11-07 20:21:52.448 +01:00 [INF] Executed ViewResult - view EditStory executed in 75.0677ms.
2025-11-07 20:21:52.448 +01:00 [INF] Executed action Jam.Controllers.StoryEditingController.EditStory (Jam) in 102.4706ms
2025-11-07 20:21:52.448 +01:00 [INF] Executed endpoint 'Jam.Controllers.StoryEditingController.EditStory (Jam)'
2025-11-07 20:21:52.449 +01:00 [INF] Request finished HTTP/2 GET https://localhost:7025/StoryEditing/EditStory?storyId=1 - 200 null text/html; charset=utf-8 141.8827ms
2025-11-07 20:21:53.368 +01:00 [INF] Request starting HTTP/2 GET https://localhost:7025/StoryEditing/EditQuestionScenes?storyId=1 - null null
2025-11-07 20:21:53.396 +01:00 [INF] Executing endpoint 'Jam.Controllers.StoryEditingController.EditQuestionScenes (Jam)'
2025-11-07 20:21:53.400 +01:00 [INF] Route matched with {action = "EditQuestionScenes", controller = "StoryEditing", page = "", area = ""}. Executing controller action with signature System.Threading.Tasks.Task`1[Microsoft.AspNetCore.Mvc.IActionResult] EditQuestionScenes(Int32) on controller Jam.Controllers.StoryEditingController (Jam).
2025-11-07 20:21:53.494 +01:00 [INF] Executing ViewResult, running view EditQuestionScenes.
2025-11-07 20:21:53.542 +01:00 [INF] Executed ViewResult - view EditQuestionScenes executed in 47.9574ms.
2025-11-07 20:21:53.542 +01:00 [INF] Executed action Jam.Controllers.StoryEditingController.EditQuestionScenes (Jam) in 141.2424ms
2025-11-07 20:21:53.542 +01:00 [INF] Executed endpoint 'Jam.Controllers.StoryEditingController.EditQuestionScenes (Jam)'
2025-11-07 20:21:53.542 +01:00 [INF] Request finished HTTP/2 GET https://localhost:7025/StoryEditing/EditQuestionScenes?storyId=1 - 200 null text/html; charset=utf-8 173.8931ms
