2025-11-07 13:45:31.914 +01:00 [INF] User profile is available. Using '/Users/jaraazad/.aspnet/DataProtection-Keys' as key repository; keys will not be encrypted at rest.
2025-11-07 13:45:32.407 +01:00 [INF] Applying migration '20251024065541_InitialCreate'.
2025-11-07 13:45:32.444 +01:00 [INF] Applying migration '20251101105657_AddIdentitySupport'.
2025-11-07 13:45:32.485 +01:00 [INF] Applying migration '20251103080324_UpdateNextQuestionSceneDeleteBehavior'.
2025-11-07 13:45:33.402 +01:00 [INF] Now listening on: https://localhost:7025
2025-11-07 13:45:33.403 +01:00 [INF] Now listening on: http://localhost:5262
2025-11-07 13:45:33.408 +01:00 [INF] Application started. Press Ctrl+C to shut down.
2025-11-07 13:45:33.409 +01:00 [INF] Hosting environment: Development
2025-11-07 13:45:33.409 +01:00 [INF] Content root path: /Users/jaraazad/Desktop/Jam
2025-11-07 13:45:33.650 +01:00 [INF] Request starting HTTP/2 GET https://localhost:7025/ - null null
2025-11-07 13:45:33.677 +01:00 [INF] Executing endpoint 'Jam.Controllers.HomeController.Index (Jam)'
2025-11-07 13:45:33.685 +01:00 [INF] Route matched with {action = "Index", controller = "Home", page = "", area = ""}. Executing controller action with signature System.Threading.Tasks.Task`1[Microsoft.AspNetCore.Mvc.IActionResult] Index() on controller Jam.Controllers.HomeController (Jam).
2025-11-07 13:45:33.697 +01:00 [WRN] [HomeController -> Index] Auth cookie invalid or user no longer exists. Redirecting to login.
2025-11-07 13:45:33.700 +01:00 [INF] AuthenticationScheme: Identity.Application signed out.
2025-11-07 13:45:33.701 +01:00 [INF] AuthenticationScheme: Identity.External signed out.
2025-11-07 13:45:33.702 +01:00 [INF] AuthenticationScheme: Identity.TwoFactorUserId signed out.
2025-11-07 13:45:33.702 +01:00 [INF] Executing LocalRedirectResult, redirecting to /Identity/Account/Login.
2025-11-07 13:45:33.704 +01:00 [INF] Executed action Jam.Controllers.HomeController.Index (Jam) in 18.142ms
2025-11-07 13:45:33.705 +01:00 [INF] Executed endpoint 'Jam.Controllers.HomeController.Index (Jam)'
2025-11-07 13:45:33.710 +01:00 [INF] Request finished HTTP/2 GET https://localhost:7025/ - 302 0 null 61.3915ms
2025-11-07 13:45:33.714 +01:00 [INF] Request starting HTTP/2 GET https://localhost:7025/Identity/Account/Login - null null
2025-11-07 13:45:33.718 +01:00 [INF] Executing endpoint '/Account/Login'
2025-11-07 13:45:33.728 +01:00 [INF] Route matched with {page = "/Account/Login", area = "Identity", action = "", controller = ""}. Executing page /Account/Login
2025-11-07 13:45:33.736 +01:00 [INF] Executing handler method Jam.Areas.Identity.Pages.Account.LoginModel.OnGetAsync - ModelState is "Valid"
2025-11-07 13:45:33.737 +01:00 [INF] AuthenticationScheme: Identity.External signed out.
2025-11-07 13:45:33.737 +01:00 [INF] Executed handler method OnGetAsync, returned result .
2025-11-07 13:45:33.738 +01:00 [INF] Executing an implicit handler method - ModelState is "Valid"
2025-11-07 13:45:33.738 +01:00 [INF] Executed an implicit handler method, returned result Microsoft.AspNetCore.Mvc.RazorPages.PageResult.
2025-11-07 13:45:33.791 +01:00 [INF] Executed page /Account/Login in 63.3623ms
2025-11-07 13:45:33.792 +01:00 [INF] Executed endpoint '/Account/Login'
2025-11-07 13:45:33.811 +01:00 [INF] Request starting HTTP/2 GET https://localhost:7025/lib/jquery-validation/dist/jquery.validate.min.js - null null
2025-11-07 13:45:33.811 +01:00 [INF] Request starting HTTP/2 GET https://localhost:7025/lib/jquery-validation-unobtrusive/jquery.validate.unobtrusive.min.js - null null
2025-11-07 13:45:33.858 +01:00 [INF] Request finished HTTP/2 GET https://localhost:7025/Identity/Account/Login - 200 null text/html; charset=utf-8 144.8025ms
2025-11-07 13:45:33.861 +01:00 [INF] Request finished HTTP/2 GET https://localhost:7025/lib/jquery-validation-unobtrusive/jquery.validate.unobtrusive.min.js - 404 0 null 49.3962ms
2025-11-07 13:45:33.861 +01:00 [INF] Request finished HTTP/2 GET https://localhost:7025/lib/jquery-validation/dist/jquery.validate.min.js - 404 0 null 49.4927ms
2025-11-07 13:45:33.862 +01:00 [INF] Request reached the end of the middleware pipeline without being handled by application code. Request path: GET https://localhost:7025/lib/jquery-validation/dist/jquery.validate.min.js, Response status code: 404
2025-11-07 13:45:33.862 +01:00 [INF] Request reached the end of the middleware pipeline without being handled by application code. Request path: GET https://localhost:7025/lib/jquery-validation-unobtrusive/jquery.validate.unobtrusive.min.js, Response status code: 404
2025-11-07 13:45:34.592 +01:00 [INF] Request starting HTTP/2 POST https://localhost:7025/Identity/Account/Login - application/x-www-form-urlencoded 236
2025-11-07 13:45:34.622 +01:00 [INF] Executing endpoint '/Account/Login'
2025-11-07 13:45:34.623 +01:00 [INF] Route matched with {page = "/Account/Login", area = "Identity", action = "", controller = ""}. Executing page /Account/Login
2025-11-07 13:45:34.648 +01:00 [INF] Executing handler method Jam.Areas.Identity.Pages.Account.LoginModel.OnPostAsync - ModelState is "Valid"
2025-11-07 13:45:34.767 +01:00 [INF] AuthenticationScheme: Identity.Application signed in.
2025-11-07 13:45:34.768 +01:00 [INF] User logged in.
2025-11-07 13:45:34.768 +01:00 [INF] Executed handler method OnPostAsync, returned result Microsoft.AspNetCore.Mvc.LocalRedirectResult.
2025-11-07 13:45:34.768 +01:00 [INF] Executing LocalRedirectResult, redirecting to /.
2025-11-07 13:45:34.768 +01:00 [INF] Executed page /Account/Login in 145.6917ms
2025-11-07 13:45:34.768 +01:00 [INF] Executed endpoint '/Account/Login'
2025-11-07 13:45:34.769 +01:00 [INF] Request finished HTTP/2 POST https://localhost:7025/Identity/Account/Login - 302 0 null 176.259ms
2025-11-07 13:45:34.774 +01:00 [INF] Request starting HTTP/2 GET https://localhost:7025/ - null null
2025-11-07 13:45:34.800 +01:00 [INF] Executing endpoint 'Jam.Controllers.HomeController.Index (Jam)'
2025-11-07 13:45:34.800 +01:00 [INF] Route matched with {action = "Index", controller = "Home", page = "", area = ""}. Executing controller action with signature System.Threading.Tasks.Task`1[Microsoft.AspNetCore.Mvc.IActionResult] Index() on controller Jam.Controllers.HomeController (Jam).
2025-11-07 13:45:34.845 +01:00 [INF] Executing ViewResult, running view Index.
2025-11-07 13:45:34.859 +01:00 [INF] Executed ViewResult - view Index executed in 15.0506ms.
2025-11-07 13:45:34.860 +01:00 [INF] Executed action Jam.Controllers.HomeController.Index (Jam) in 60.6527ms
2025-11-07 13:45:34.860 +01:00 [INF] Executed endpoint 'Jam.Controllers.HomeController.Index (Jam)'
2025-11-07 13:45:34.861 +01:00 [INF] Request finished HTTP/2 GET https://localhost:7025/ - 200 null text/html; charset=utf-8 86.2736ms
2025-11-07 13:45:36.116 +01:00 [INF] Request starting HTTP/2 GET https://localhost:7025/StoryEditing/EditStory?storyId=1 - null null
2025-11-07 13:45:36.122 +01:00 [INF] Executing endpoint 'Jam.Controllers.StoryEditingController.EditStory (Jam)'
2025-11-07 13:45:36.129 +01:00 [INF] Route matched with {action = "EditStory", controller = "StoryEditing", page = "", area = ""}. Executing controller action with signature System.Threading.Tasks.Task`1[Microsoft.AspNetCore.Mvc.IActionResult] EditStory(Int32) on controller Jam.Controllers.StoryEditingController (Jam).
2025-11-07 13:45:36.151 +01:00 [INF] Executing ViewResult, running view EditStory.
2025-11-07 13:45:36.183 +01:00 [INF] Executed ViewResult - view EditStory executed in 32.9327ms.
2025-11-07 13:45:36.186 +01:00 [INF] Executed action Jam.Controllers.StoryEditingController.EditStory (Jam) in 55.6263ms
2025-11-07 13:45:36.186 +01:00 [INF] Executed endpoint 'Jam.Controllers.StoryEditingController.EditStory (Jam)'
2025-11-07 13:45:36.186 +01:00 [INF] Request finished HTTP/2 GET https://localhost:7025/StoryEditing/EditStory?storyId=1 - 200 null text/html; charset=utf-8 94.345ms
2025-11-07 13:45:37.236 +01:00 [INF] Request starting HTTP/2 GET https://localhost:7025/StoryEditing/EditQuestionScenes?storyId=1 - null null
2025-11-07 13:45:37.240 +01:00 [INF] Executing endpoint 'Jam.Controllers.StoryEditingController.EditQuestionScenes (Jam)'
2025-11-07 13:45:37.245 +01:00 [INF] Route matched with {action = "EditQuestionScenes", controller = "StoryEditing", page = "", area = ""}. Executing controller action with signature System.Threading.Tasks.Task`1[Microsoft.AspNetCore.Mvc.IActionResult] EditQuestionScenes(Int32) on controller Jam.Controllers.StoryEditingController (Jam).
2025-11-07 13:45:37.314 +01:00 [INF] Executing ViewResult, running view EditQuestionScenes.
2025-11-07 13:45:37.412 +01:00 [INF] Executed ViewResult - view EditQuestionScenes executed in 99.1145ms.
2025-11-07 13:45:37.413 +01:00 [INF] Executed action Jam.Controllers.StoryEditingController.EditQuestionScenes (Jam) in 167.2612ms
2025-11-07 13:45:37.413 +01:00 [INF] Executed endpoint 'Jam.Controllers.StoryEditingController.EditQuestionScenes (Jam)'
2025-11-07 13:45:37.413 +01:00 [INF] Request finished HTTP/2 GET https://localhost:7025/StoryEditing/EditQuestionScenes?storyId=1 - 200 null text/html; charset=utf-8 177.1114ms
2025-11-07 13:45:38.897 +01:00 [INF] Request starting HTTP/2 GET https://localhost:7025/StoryEditing/GetQuestionScenePartial?index=4 - null null
2025-11-07 13:45:38.899 +01:00 [INF] Executing endpoint 'Jam.Controllers.StoryEditingController.GetQuestionScenePartial (Jam)'
2025-11-07 13:45:38.902 +01:00 [INF] Route matched with {action = "GetQuestionScenePartial", controller = "StoryEditing", page = "", area = ""}. Executing controller action with signature Microsoft.AspNetCore.Mvc.IActionResult GetQuestionScenePartial(Int32) on controller Jam.Controllers.StoryEditingController (Jam).
2025-11-07 13:45:38.907 +01:00 [INF] Executing PartialViewResult, running view ~/Views/Shared/_QuestionScenePartial.cshtml.
2025-11-07 13:45:38.918 +01:00 [INF] Executed PartialViewResult - view ~/Views/Shared/_QuestionScenePartial.cshtml executed in 11.6134ms.
2025-11-07 13:45:38.918 +01:00 [INF] Executed action Jam.Controllers.StoryEditingController.GetQuestionScenePartial (Jam) in 16.056ms
2025-11-07 13:45:38.918 +01:00 [INF] Executed endpoint 'Jam.Controllers.StoryEditingController.GetQuestionScenePartial (Jam)'
2025-11-07 13:45:38.918 +01:00 [INF] Request finished HTTP/2 GET https://localhost:7025/StoryEditing/GetQuestionScenePartial?index=4 - 200 null text/html; charset=utf-8 21.6784ms
2025-11-07 13:45:41.514 +01:00 [INF] Request starting HTTP/2 POST https://localhost:7025/StoryEditing/EditQuestionScenes - application/x-www-form-urlencoded 6761
2025-11-07 13:45:41.612 +01:00 [INF] Executing endpoint 'Jam.Controllers.StoryEditingController.EditQuestionScenes (Jam)'
2025-11-07 13:45:41.618 +01:00 [INF] Route matched with {action = "EditQuestionScenes", controller = "StoryEditing", page = "", area = ""}. Executing controller action with signature System.Threading.Tasks.Task`1[Microsoft.AspNetCore.Mvc.IActionResult] EditQuestionScenes(System.Collections.Generic.List`1[Jam.ViewModels.QuestionSceneBaseViewModel]) on controller Jam.Controllers.StoryEditingController (Jam).
2025-11-07 13:45:41.696 +01:00 [INF] Executing RedirectResult, redirecting to /StoryEditing/EditStory?storyId=1.
2025-11-07 13:45:41.696 +01:00 [INF] Executed action Jam.Controllers.StoryEditingController.EditQuestionScenes (Jam) in 77.6187ms
2025-11-07 13:45:41.696 +01:00 [INF] Executed endpoint 'Jam.Controllers.StoryEditingController.EditQuestionScenes (Jam)'
2025-11-07 13:45:41.696 +01:00 [INF] Request finished HTTP/2 POST https://localhost:7025/StoryEditing/EditQuestionScenes - 302 0 null 181.833ms
2025-11-07 13:45:41.701 +01:00 [INF] Request starting HTTP/2 GET https://localhost:7025/StoryEditing/EditStory?storyId=1 - null null
2025-11-07 13:45:41.702 +01:00 [INF] Executing endpoint 'Jam.Controllers.StoryEditingController.EditStory (Jam)'
2025-11-07 13:45:41.702 +01:00 [INF] Route matched with {action = "EditStory", controller = "StoryEditing", page = "", area = ""}. Executing controller action with signature System.Threading.Tasks.Task`1[Microsoft.AspNetCore.Mvc.IActionResult] EditStory(Int32) on controller Jam.Controllers.StoryEditingController (Jam).
2025-11-07 13:45:41.704 +01:00 [INF] Executing ViewResult, running view EditStory.
2025-11-07 13:45:41.803 +01:00 [INF] Executed ViewResult - view EditStory executed in 75.8702ms.
2025-11-07 13:45:41.829 +01:00 [INF] Executed action Jam.Controllers.StoryEditingController.EditStory (Jam) in 126.6315ms
2025-11-07 13:45:41.829 +01:00 [INF] Executed endpoint 'Jam.Controllers.StoryEditingController.EditStory (Jam)'
2025-11-07 13:45:41.829 +01:00 [INF] Request finished HTTP/2 GET https://localhost:7025/StoryEditing/EditStory?storyId=1 - 200 null text/html; charset=utf-8 127.8626ms
2025-11-07 13:45:43.002 +01:00 [INF] Request starting HTTP/2 GET https://localhost:7025/ - null null
2025-11-07 13:45:43.028 +01:00 [INF] Executing endpoint 'Jam.Controllers.HomeController.Index (Jam)'
2025-11-07 13:45:43.028 +01:00 [INF] Route matched with {action = "Index", controller = "Home", page = "", area = ""}. Executing controller action with signature System.Threading.Tasks.Task`1[Microsoft.AspNetCore.Mvc.IActionResult] Index() on controller Jam.Controllers.HomeController (Jam).
2025-11-07 13:45:43.042 +01:00 [INF] Executing ViewResult, running view Index.
2025-11-07 13:45:43.045 +01:00 [INF] Executed ViewResult - view Index executed in 3.592ms.
2025-11-07 13:45:43.096 +01:00 [INF] Executed action Jam.Controllers.HomeController.Index (Jam) in 42.8267ms
2025-11-07 13:45:43.122 +01:00 [INF] Executed endpoint 'Jam.Controllers.HomeController.Index (Jam)'
2025-11-07 13:45:43.123 +01:00 [INF] Request finished HTTP/2 GET https://localhost:7025/ - 200 null text/html; charset=utf-8 121.0982ms
