2025-11-03 08:06:54.644 +01:00 [INF] User profile is available. Using '/Users/michaelnedgaardisaksen/.aspnet/DataProtection-Keys' as key repository; keys will not be encrypted at rest.
2025-11-03 08:06:55.320 +01:00 [INF] Applying migration '20251024065541_InitialCreate'.
2025-11-03 08:06:55.363 +01:00 [INF] Applying migration '20251101105657_AddIdentitySupport'.
2025-11-03 08:06:56.781 +01:00 [INF] Now listening on: https://localhost:7025
2025-11-03 08:06:56.782 +01:00 [INF] Now listening on: http://localhost:5262
2025-11-03 08:06:56.787 +01:00 [INF] Application started. Press Ctrl+C to shut down.
2025-11-03 08:06:56.814 +01:00 [INF] Hosting environment: Development
2025-11-03 08:06:56.825 +01:00 [INF] Content root path: /Users/michaelnedgaardisaksen/Documents/ITPE3100_Webapplikasjoner/Demo-Jam/Jam
2025-11-03 08:06:57.045 +01:00 [INF] Request starting HTTP/2 GET https://localhost:7025/ - null null
2025-11-03 08:06:57.102 +01:00 [INF] Executing endpoint 'Jam.Controllers.HomeController.Index (Jam)'
2025-11-03 08:06:57.112 +01:00 [INF] Route matched with {action = "Index", controller = "Home", page = "", area = ""}. Executing controller action with signature System.Threading.Tasks.Task`1[Microsoft.AspNetCore.Mvc.IActionResult] Index() on controller Jam.Controllers.HomeController (Jam).
2025-11-03 08:06:57.123 +01:00 [WRN] [HomeController -> Index] Auth cookie invalid or user no longer exists. Redirecting to login.
2025-11-03 08:06:57.127 +01:00 [INF] AuthenticationScheme: Identity.Application signed out.
2025-11-03 08:06:57.128 +01:00 [INF] AuthenticationScheme: Identity.External signed out.
2025-11-03 08:06:57.128 +01:00 [INF] AuthenticationScheme: Identity.TwoFactorUserId signed out.
2025-11-03 08:06:57.129 +01:00 [INF] Executing LocalRedirectResult, redirecting to /Identity/Account/Login.
2025-11-03 08:06:57.131 +01:00 [INF] Executed action Jam.Controllers.HomeController.Index (Jam) in 17.577ms
2025-11-03 08:06:57.132 +01:00 [INF] Executed endpoint 'Jam.Controllers.HomeController.Index (Jam)'
2025-11-03 08:06:57.134 +01:00 [INF] Request finished HTTP/2 GET https://localhost:7025/ - 302 0 null 92.3069ms
2025-11-03 08:06:57.145 +01:00 [INF] Request starting HTTP/2 GET https://localhost:7025/Identity/Account/Login - null null
2025-11-03 08:06:57.146 +01:00 [INF] Executing endpoint '/Account/Login'
2025-11-03 08:06:57.154 +01:00 [INF] Route matched with {page = "/Account/Login", area = "Identity", action = "", controller = ""}. Executing page /Account/Login
2025-11-03 08:06:57.163 +01:00 [INF] Executing handler method Jam.Areas.Identity.Pages.Account.LoginModel.OnGetAsync - ModelState is "Valid"
2025-11-03 08:06:57.164 +01:00 [INF] AuthenticationScheme: Identity.External signed out.
2025-11-03 08:06:57.164 +01:00 [INF] Executed handler method OnGetAsync, returned result .
2025-11-03 08:06:57.165 +01:00 [INF] Executing an implicit handler method - ModelState is "Valid"
2025-11-03 08:06:57.166 +01:00 [INF] Executed an implicit handler method, returned result Microsoft.AspNetCore.Mvc.RazorPages.PageResult.
2025-11-03 08:06:57.214 +01:00 [INF] Executed page /Account/Login in 59.2506ms
2025-11-03 08:06:57.214 +01:00 [INF] Executed endpoint '/Account/Login'
2025-11-03 08:06:57.216 +01:00 [INF] Request finished HTTP/2 GET https://localhost:7025/Identity/Account/Login - 200 null text/html; charset=utf-8 71.2325ms
2025-11-03 08:06:57.253 +01:00 [INF] Request starting HTTP/2 GET https://localhost:7025/lib/jquery-validation/dist/jquery.validate.min.js - null null
2025-11-03 08:06:57.276 +01:00 [INF] Request starting HTTP/2 GET https://localhost:7025/lib/jquery-validation-unobtrusive/jquery.validate.unobtrusive.min.js - null null
2025-11-03 08:06:57.278 +01:00 [INF] Request finished HTTP/2 GET https://localhost:7025/lib/jquery-validation/dist/jquery.validate.min.js - 404 0 null 45.3643ms
2025-11-03 08:06:57.278 +01:00 [INF] Request finished HTTP/2 GET https://localhost:7025/lib/jquery-validation-unobtrusive/jquery.validate.unobtrusive.min.js - 404 0 null 2.2898ms
2025-11-03 08:06:57.278 +01:00 [INF] Request reached the end of the middleware pipeline without being handled by application code. Request path: GET https://localhost:7025/lib/jquery-validation/dist/jquery.validate.min.js, Response status code: 404
2025-11-03 08:06:57.279 +01:00 [INF] Request reached the end of the middleware pipeline without being handled by application code. Request path: GET https://localhost:7025/lib/jquery-validation-unobtrusive/jquery.validate.unobtrusive.min.js, Response status code: 404
2025-11-03 08:07:06.114 +01:00 [INF] Request starting HTTP/2 POST https://localhost:7025/Identity/Account/Login - application/x-www-form-urlencoded 242
2025-11-03 08:07:06.201 +01:00 [INF] Executing endpoint '/Account/Login'
2025-11-03 08:07:06.203 +01:00 [INF] Route matched with {page = "/Account/Login", area = "Identity", action = "", controller = ""}. Executing page /Account/Login
2025-11-03 08:07:06.231 +01:00 [INF] Executing handler method Jam.Areas.Identity.Pages.Account.LoginModel.OnPostAsync - ModelState is "Valid"
2025-11-03 08:07:06.365 +01:00 [INF] AuthenticationScheme: Identity.Application signed in.
2025-11-03 08:07:06.365 +01:00 [INF] User logged in.
2025-11-03 08:07:06.366 +01:00 [INF] Executed handler method OnPostAsync, returned result Microsoft.AspNetCore.Mvc.LocalRedirectResult.
2025-11-03 08:07:06.366 +01:00 [INF] Executing LocalRedirectResult, redirecting to /.
2025-11-03 08:07:06.366 +01:00 [INF] Executed page /Account/Login in 162.739ms
2025-11-03 08:07:06.366 +01:00 [INF] Executed endpoint '/Account/Login'
2025-11-03 08:07:06.366 +01:00 [INF] Request finished HTTP/2 POST https://localhost:7025/Identity/Account/Login - 302 0 null 252.5311ms
2025-11-03 08:07:06.396 +01:00 [INF] Request starting HTTP/2 GET https://localhost:7025/ - null null
2025-11-03 08:07:06.397 +01:00 [INF] Executing endpoint 'Jam.Controllers.HomeController.Index (Jam)'
2025-11-03 08:07:06.397 +01:00 [INF] Route matched with {action = "Index", controller = "Home", page = "", area = ""}. Executing controller action with signature System.Threading.Tasks.Task`1[Microsoft.AspNetCore.Mvc.IActionResult] Index() on controller Jam.Controllers.HomeController (Jam).
2025-11-03 08:07:06.418 +01:00 [INF] Executing ViewResult, running view Index.
2025-11-03 08:07:06.425 +01:00 [INF] Executed ViewResult - view Index executed in 7.306ms.
2025-11-03 08:07:06.425 +01:00 [INF] Executed action Jam.Controllers.HomeController.Index (Jam) in 27.7769ms
2025-11-03 08:07:06.425 +01:00 [INF] Executed endpoint 'Jam.Controllers.HomeController.Index (Jam)'
2025-11-03 08:07:06.425 +01:00 [INF] Request finished HTTP/2 GET https://localhost:7025/ - 200 null text/html; charset=utf-8 29.4261ms
2025-11-03 08:07:08.212 +01:00 [INF] Request starting HTTP/2 GET https://localhost:7025/Admin/Stories - null null
2025-11-03 08:07:08.247 +01:00 [INF] Executing endpoint 'Jam.Controllers.AdminController.Stories (Jam)'
2025-11-03 08:07:08.253 +01:00 [INF] Route matched with {action = "Stories", controller = "Admin", page = "", area = ""}. Executing controller action with signature System.Threading.Tasks.Task`1[Microsoft.AspNetCore.Mvc.IActionResult] Stories() on controller Jam.Controllers.AdminController (Jam).
2025-11-03 08:07:08.275 +01:00 [INF] Executing ViewResult, running view Stories.
2025-11-03 08:07:08.308 +01:00 [INF] Executed ViewResult - view Stories executed in 33.8027ms.
2025-11-03 08:07:08.310 +01:00 [INF] Executed action Jam.Controllers.AdminController.Stories (Jam) in 56.621ms
2025-11-03 08:07:08.310 +01:00 [INF] Executed endpoint 'Jam.Controllers.AdminController.Stories (Jam)'
2025-11-03 08:07:08.310 +01:00 [INF] Request finished HTTP/2 GET https://localhost:7025/Admin/Stories - 200 null text/html; charset=utf-8 98.7555ms
2025-11-03 08:07:57.531 +01:00 [INF] Request starting HTTP/2 GET https://localhost:7025/Admin/PlayingSessions - null null
2025-11-03 08:07:57.539 +01:00 [INF] Executing endpoint 'Jam.Controllers.AdminController.PlayingSessions (Jam)'
2025-11-03 08:07:57.542 +01:00 [INF] Route matched with {action = "PlayingSessions", controller = "Admin", page = "", area = ""}. Executing controller action with signature Microsoft.AspNetCore.Mvc.IActionResult PlayingSessions() on controller Jam.Controllers.AdminController (Jam).
2025-11-03 08:07:57.545 +01:00 [INF] Executing ViewResult, running view PlayingSessions.
2025-11-03 08:07:57.550 +01:00 [INF] Executed ViewResult - view PlayingSessions executed in 6.2559ms.
2025-11-03 08:07:57.550 +01:00 [INF] Executed action Jam.Controllers.AdminController.PlayingSessions (Jam) in 7.6263ms
2025-11-03 08:07:57.550 +01:00 [INF] Executed endpoint 'Jam.Controllers.AdminController.PlayingSessions (Jam)'
2025-11-03 08:07:57.550 +01:00 [INF] Request finished HTTP/2 GET https://localhost:7025/Admin/PlayingSessions - 200 null text/html; charset=utf-8 19.8411ms
