2025-11-05 07:29:23.329 +01:00 [INF] User profile is available. Using '/Users/michaelnedgaardisaksen/.aspnet/DataProtection-Keys' as key repository; keys will not be encrypted at rest.
2025-11-05 07:29:23.702 +01:00 [INF] Applying migration '20251024065541_InitialCreate'.
2025-11-05 07:29:23.865 +01:00 [INF] Applying migration '20251101105657_AddIdentitySupport'.
2025-11-05 07:29:23.929 +01:00 [INF] Applying migration '20251103080324_UpdateNextQuestionSceneDeleteBehavior'.
2025-11-05 07:29:25.546 +01:00 [INF] Now listening on: https://localhost:7025
2025-11-05 07:29:25.547 +01:00 [INF] Now listening on: http://localhost:5262
2025-11-05 07:29:25.557 +01:00 [INF] Application started. Press Ctrl+C to shut down.
2025-11-05 07:29:25.559 +01:00 [INF] Hosting environment: Development
2025-11-05 07:29:25.559 +01:00 [INF] Content root path: /Users/michaelnedgaardisaksen/Documents/ITPE3100_Webapplikasjoner/Demo-Jam/Jam
2025-11-05 07:29:25.978 +01:00 [INF] Request starting HTTP/2 GET https://localhost:7025/ - null null
2025-11-05 07:29:26.057 +01:00 [INF] Executing endpoint 'Jam.Controllers.HomeController.Index (Jam)'
2025-11-05 07:29:26.081 +01:00 [INF] Route matched with {action = "Index", controller = "Home", page = "", area = ""}. Executing controller action with signature System.Threading.Tasks.Task`1[Microsoft.AspNetCore.Mvc.IActionResult] Index() on controller Jam.Controllers.HomeController (Jam).
2025-11-05 07:29:26.120 +01:00 [WRN] [HomeController -> Index] Auth cookie invalid or user no longer exists. Redirecting to login.
2025-11-05 07:29:26.128 +01:00 [INF] AuthenticationScheme: Identity.Application signed out.
2025-11-05 07:29:26.130 +01:00 [INF] AuthenticationScheme: Identity.External signed out.
2025-11-05 07:29:26.130 +01:00 [INF] AuthenticationScheme: Identity.TwoFactorUserId signed out.
2025-11-05 07:29:26.131 +01:00 [INF] Executing LocalRedirectResult, redirecting to /Identity/Account/Login.
2025-11-05 07:29:26.135 +01:00 [INF] Executed action Jam.Controllers.HomeController.Index (Jam) in 50.6814ms
2025-11-05 07:29:26.135 +01:00 [INF] Executed endpoint 'Jam.Controllers.HomeController.Index (Jam)'
2025-11-05 07:29:26.141 +01:00 [INF] Request finished HTTP/2 GET https://localhost:7025/ - 302 0 null 166.1959ms
2025-11-05 07:29:26.160 +01:00 [INF] Request starting HTTP/2 GET https://localhost:7025/Identity/Account/Login - null null
2025-11-05 07:29:26.168 +01:00 [INF] Executing endpoint '/Account/Login'
2025-11-05 07:29:26.226 +01:00 [INF] Route matched with {page = "/Account/Login", area = "Identity", action = "", controller = ""}. Executing page /Account/Login
2025-11-05 07:29:26.239 +01:00 [INF] Executing handler method Jam.Areas.Identity.Pages.Account.LoginModel.OnGetAsync - ModelState is "Valid"
2025-11-05 07:29:26.240 +01:00 [INF] AuthenticationScheme: Identity.External signed out.
2025-11-05 07:29:26.241 +01:00 [INF] Executed handler method OnGetAsync, returned result .
2025-11-05 07:29:26.244 +01:00 [INF] Executing an implicit handler method - ModelState is "Valid"
2025-11-05 07:29:26.245 +01:00 [INF] Executed an implicit handler method, returned result Microsoft.AspNetCore.Mvc.RazorPages.PageResult.
2025-11-05 07:29:26.344 +01:00 [INF] Executed page /Account/Login in 117.2854ms
2025-11-05 07:29:26.344 +01:00 [INF] Executed endpoint '/Account/Login'
2025-11-05 07:29:26.351 +01:00 [INF] Request finished HTTP/2 GET https://localhost:7025/Identity/Account/Login - 200 null text/html; charset=utf-8 190.6849ms
2025-11-05 07:29:26.372 +01:00 [INF] Request starting HTTP/2 GET https://localhost:7025/lib/jquery-validation-unobtrusive/jquery.validate.unobtrusive.min.js - null null
2025-11-05 07:29:26.372 +01:00 [INF] Request starting HTTP/2 GET https://localhost:7025/lib/jquery-validation/dist/jquery.validate.min.js - null null
2025-11-05 07:29:26.375 +01:00 [INF] Request finished HTTP/2 GET https://localhost:7025/lib/jquery-validation/dist/jquery.validate.min.js - 404 0 null 3.0752ms
2025-11-05 07:29:26.375 +01:00 [INF] Request reached the end of the middleware pipeline without being handled by application code. Request path: GET https://localhost:7025/lib/jquery-validation/dist/jquery.validate.min.js, Response status code: 404
2025-11-05 07:29:26.375 +01:00 [INF] Request finished HTTP/2 GET https://localhost:7025/lib/jquery-validation-unobtrusive/jquery.validate.unobtrusive.min.js - 404 0 null 3.602ms
2025-11-05 07:29:26.375 +01:00 [INF] Request reached the end of the middleware pipeline without being handled by application code. Request path: GET https://localhost:7025/lib/jquery-validation-unobtrusive/jquery.validate.unobtrusive.min.js, Response status code: 404
2025-11-05 07:29:34.373 +01:00 [INF] Request starting HTTP/2 POST https://localhost:7025/Identity/Account/Login - application/x-www-form-urlencoded 236
2025-11-05 07:29:34.410 +01:00 [INF] Executing endpoint '/Account/Login'
2025-11-05 07:29:34.413 +01:00 [INF] Route matched with {page = "/Account/Login", area = "Identity", action = "", controller = ""}. Executing page /Account/Login
2025-11-05 07:29:34.441 +01:00 [INF] Executing handler method Jam.Areas.Identity.Pages.Account.LoginModel.OnPostAsync - ModelState is "Valid"
2025-11-05 07:29:34.547 +01:00 [INF] AuthenticationScheme: Identity.Application signed in.
2025-11-05 07:29:34.548 +01:00 [INF] User logged in.
2025-11-05 07:29:34.548 +01:00 [INF] Executed handler method OnPostAsync, returned result Microsoft.AspNetCore.Mvc.LocalRedirectResult.
2025-11-05 07:29:34.548 +01:00 [INF] Executing LocalRedirectResult, redirecting to /.
2025-11-05 07:29:34.549 +01:00 [INF] Executed page /Account/Login in 135.4886ms
2025-11-05 07:29:34.549 +01:00 [INF] Executed endpoint '/Account/Login'
2025-11-05 07:29:34.549 +01:00 [INF] Request finished HTTP/2 POST https://localhost:7025/Identity/Account/Login - 302 0 null 253.3229ms
2025-11-05 07:29:34.576 +01:00 [INF] Request starting HTTP/2 GET https://localhost:7025/ - null null
2025-11-05 07:29:34.603 +01:00 [INF] Executing endpoint 'Jam.Controllers.HomeController.Index (Jam)'
2025-11-05 07:29:34.603 +01:00 [INF] Route matched with {action = "Index", controller = "Home", page = "", area = ""}. Executing controller action with signature System.Threading.Tasks.Task`1[Microsoft.AspNetCore.Mvc.IActionResult] Index() on controller Jam.Controllers.HomeController (Jam).
2025-11-05 07:29:34.629 +01:00 [INF] Executing ViewResult, running view Index.
2025-11-05 07:29:34.666 +01:00 [INF] Executed ViewResult - view Index executed in 38.204ms.
2025-11-05 07:29:34.743 +01:00 [INF] Executed action Jam.Controllers.HomeController.Index (Jam) in 139.8481ms
2025-11-05 07:29:34.743 +01:00 [INF] Executed endpoint 'Jam.Controllers.HomeController.Index (Jam)'
2025-11-05 07:29:34.743 +01:00 [INF] Request finished HTTP/2 GET https://localhost:7025/ - 200 null text/html; charset=utf-8 167.577ms
2025-11-05 07:29:37.730 +01:00 [INF] Request starting HTTP/2 GET https://localhost:7025/StoryCreation/CreateStoryAndIntro - null null
2025-11-05 07:29:37.764 +01:00 [INF] Executing endpoint 'Jam.Controllers.StoryCreationController.CreateStoryAndIntro (Jam)'
2025-11-05 07:29:37.768 +01:00 [INF] Route matched with {action = "CreateStoryAndIntro", controller = "StoryCreation", page = "", area = ""}. Executing controller action with signature Microsoft.AspNetCore.Mvc.IActionResult CreateStoryAndIntro() on controller Jam.Controllers.StoryCreationController (Jam).
2025-11-05 07:29:37.773 +01:00 [INF] Accessing expired session, Key:3be7d2fd-c41a-b817-1826-9b98a558bcb4
2025-11-05 07:29:37.781 +01:00 [INF] Executing ViewResult, running view CreateStoryAndIntro.
2025-11-05 07:29:37.941 +01:00 [INF] Executed ViewResult - view CreateStoryAndIntro executed in 161.177ms.
2025-11-05 07:29:37.941 +01:00 [INF] Executed action Jam.Controllers.StoryCreationController.CreateStoryAndIntro (Jam) in 173.2319ms
2025-11-05 07:29:37.942 +01:00 [INF] Executed endpoint 'Jam.Controllers.StoryCreationController.CreateStoryAndIntro (Jam)'
2025-11-05 07:29:37.942 +01:00 [INF] Request finished HTTP/2 GET https://localhost:7025/StoryCreation/CreateStoryAndIntro - 200 null text/html; charset=utf-8 211.9542ms
2025-11-05 07:30:03.793 +01:00 [INF] Request starting HTTP/2 POST https://localhost:7025/StoryCreation/CreateStoryAndIntro - application/x-www-form-urlencoded 370
2025-11-05 07:30:03.858 +01:00 [INF] Executing endpoint 'Jam.Controllers.StoryCreationController.CreateStoryAndIntro (Jam)'
2025-11-05 07:30:03.871 +01:00 [INF] Route matched with {action = "CreateStoryAndIntro", controller = "StoryCreation", page = "", area = ""}. Executing controller action with signature Microsoft.AspNetCore.Mvc.IActionResult CreateStoryAndIntro(Jam.ViewModels.StoryCreation.CreateStoryAndIntroViewModel) on controller Jam.Controllers.StoryCreationController (Jam).
2025-11-05 07:30:03.878 +01:00 [INF] Accessing expired session, Key:3be7d2fd-c41a-b817-1826-9b98a558bcb4
2025-11-05 07:30:03.899 +01:00 [INF] Executing RedirectResult, redirecting to /StoryCreation/CreateQuestionScenes.
2025-11-05 07:30:03.899 +01:00 [INF] Executed action Jam.Controllers.StoryCreationController.CreateStoryAndIntro (Jam) in 28.5343ms
2025-11-05 07:30:03.899 +01:00 [INF] Executed endpoint 'Jam.Controllers.StoryCreationController.CreateStoryAndIntro (Jam)'
2025-11-05 07:30:03.900 +01:00 [INF] Session started; Key:3be7d2fd-c41a-b817-1826-9b98a558bcb4, Id:599fe223-8495-9409-79d7-c009ee029e5e
2025-11-05 07:30:03.900 +01:00 [INF] Request finished HTTP/2 POST https://localhost:7025/StoryCreation/CreateStoryAndIntro - 302 0 null 107.2152ms
2025-11-05 07:30:03.905 +01:00 [INF] Request starting HTTP/2 GET https://localhost:7025/StoryCreation/CreateQuestionScenes - null null
2025-11-05 07:30:03.905 +01:00 [INF] Executing endpoint 'Jam.Controllers.StoryCreationController.CreateQuestionScenes (Jam)'
2025-11-05 07:30:03.906 +01:00 [INF] Route matched with {action = "CreateQuestionScenes", controller = "StoryCreation", page = "", area = ""}. Executing controller action with signature Microsoft.AspNetCore.Mvc.IActionResult CreateQuestionScenes() on controller Jam.Controllers.StoryCreationController (Jam).
2025-11-05 07:30:03.909 +01:00 [INF] Executing ViewResult, running view CreateQuestionScenes.
2025-11-05 07:30:03.978 +01:00 [INF] Executed ViewResult - view CreateQuestionScenes executed in 68.8414ms.
2025-11-05 07:30:03.980 +01:00 [INF] Executed action Jam.Controllers.StoryCreationController.CreateQuestionScenes (Jam) in 73.4835ms
2025-11-05 07:30:03.980 +01:00 [INF] Executed endpoint 'Jam.Controllers.StoryCreationController.CreateQuestionScenes (Jam)'
2025-11-05 07:30:03.980 +01:00 [INF] Request finished HTTP/2 GET https://localhost:7025/StoryCreation/CreateQuestionScenes - 200 null text/html; charset=utf-8 75.0639ms
2025-11-05 07:30:43.658 +01:00 [INF] Request starting HTTP/2 GET https://localhost:7025/StoryCreation/CreateStoryAndIntro - null null
2025-11-05 07:30:43.658 +01:00 [INF] Request starting HTTP/2 POST https://localhost:7025/StoryCreation/SavePartialStep - application/json 252
2025-11-05 07:30:43.668 +01:00 [INF] Executing endpoint 'Jam.Controllers.StoryCreationController.SavePartialStep (Jam)'
2025-11-05 07:30:43.668 +01:00 [INF] Executing endpoint 'Jam.Controllers.StoryCreationController.CreateStoryAndIntro (Jam)'
2025-11-05 07:30:43.670 +01:00 [INF] Route matched with {action = "CreateStoryAndIntro", controller = "StoryCreation", page = "", area = ""}. Executing controller action with signature Microsoft.AspNetCore.Mvc.IActionResult CreateStoryAndIntro() on controller Jam.Controllers.StoryCreationController (Jam).
2025-11-05 07:30:43.674 +01:00 [INF] Executing ViewResult, running view CreateStoryAndIntro.
2025-11-05 07:30:43.676 +01:00 [INF] Route matched with {action = "SavePartialStep", controller = "StoryCreation", page = "", area = ""}. Executing controller action with signature Microsoft.AspNetCore.Mvc.IActionResult SavePartialStep(Jam.DTOs.StoryCreationSessionDto) on controller Jam.Controllers.StoryCreationController (Jam).
2025-11-05 07:30:43.726 +01:00 [INF] Executed ViewResult - view CreateStoryAndIntro executed in 52.7459ms.
2025-11-05 07:30:43.777 +01:00 [INF] Executed action Jam.Controllers.StoryCreationController.CreateStoryAndIntro (Jam) in 106.8872ms
2025-11-05 07:30:43.777 +01:00 [INF] Executed endpoint 'Jam.Controllers.StoryCreationController.CreateStoryAndIntro (Jam)'
2025-11-05 07:30:43.778 +01:00 [INF] Request finished HTTP/2 GET https://localhost:7025/StoryCreation/CreateStoryAndIntro - 200 null text/html; charset=utf-8 166.5918ms
2025-11-05 07:30:43.801 +01:00 [INF] Executing OkObjectResult, writing value of type '<>f__AnonymousType6`1[[System.Boolean, System.Private.CoreLib, Version=8.0.0.0, Culture=neutral, PublicKeyToken=7cec85d7bea7798e]]'.
2025-11-05 07:30:43.808 +01:00 [INF] Executed action Jam.Controllers.StoryCreationController.SavePartialStep (Jam) in 131.8233ms
2025-11-05 07:30:43.808 +01:00 [INF] Executed endpoint 'Jam.Controllers.StoryCreationController.SavePartialStep (Jam)'
2025-11-05 07:30:43.808 +01:00 [INF] Request finished HTTP/2 POST https://localhost:7025/StoryCreation/SavePartialStep - 200 null application/json; charset=utf-8 197.1597ms
2025-11-05 07:30:48.457 +01:00 [INF] Request starting HTTP/2 POST https://localhost:7025/StoryCreation/CreateStoryAndIntro - application/x-www-form-urlencoded 370
2025-11-05 07:30:48.459 +01:00 [INF] Executing endpoint 'Jam.Controllers.StoryCreationController.CreateStoryAndIntro (Jam)'
2025-11-05 07:30:48.459 +01:00 [INF] Route matched with {action = "CreateStoryAndIntro", controller = "StoryCreation", page = "", area = ""}. Executing controller action with signature Microsoft.AspNetCore.Mvc.IActionResult CreateStoryAndIntro(Jam.ViewModels.StoryCreation.CreateStoryAndIntroViewModel) on controller Jam.Controllers.StoryCreationController (Jam).
2025-11-05 07:30:48.462 +01:00 [INF] Executing RedirectResult, redirecting to /StoryCreation/CreateQuestionScenes.
2025-11-05 07:30:48.462 +01:00 [INF] Executed action Jam.Controllers.StoryCreationController.CreateStoryAndIntro (Jam) in 3.1497ms
2025-11-05 07:30:48.462 +01:00 [INF] Executed endpoint 'Jam.Controllers.StoryCreationController.CreateStoryAndIntro (Jam)'
2025-11-05 07:30:48.462 +01:00 [INF] Request finished HTTP/2 POST https://localhost:7025/StoryCreation/CreateStoryAndIntro - 302 0 null 5.8822ms
2025-11-05 07:30:48.465 +01:00 [INF] Request starting HTTP/2 GET https://localhost:7025/StoryCreation/CreateQuestionScenes - null null
2025-11-05 07:30:48.466 +01:00 [INF] Executing endpoint 'Jam.Controllers.StoryCreationController.CreateQuestionScenes (Jam)'
2025-11-05 07:30:48.466 +01:00 [INF] Route matched with {action = "CreateQuestionScenes", controller = "StoryCreation", page = "", area = ""}. Executing controller action with signature Microsoft.AspNetCore.Mvc.IActionResult CreateQuestionScenes() on controller Jam.Controllers.StoryCreationController (Jam).
2025-11-05 07:30:48.468 +01:00 [INF] Executing ViewResult, running view CreateQuestionScenes.
2025-11-05 07:30:48.566 +01:00 [INF] Executed ViewResult - view CreateQuestionScenes executed in 98.1608ms.
2025-11-05 07:30:48.618 +01:00 [INF] Executed action Jam.Controllers.StoryCreationController.CreateQuestionScenes (Jam) in 150.9792ms
2025-11-05 07:30:48.618 +01:00 [INF] Executed endpoint 'Jam.Controllers.StoryCreationController.CreateQuestionScenes (Jam)'
2025-11-05 07:30:48.618 +01:00 [INF] Request finished HTTP/2 GET https://localhost:7025/StoryCreation/CreateQuestionScenes - 200 null text/html; charset=utf-8 152.9466ms
