2025-11-06 14:14:34.091 +01:00 [INF] User profile is available. Using '/Users/jaraazad/.aspnet/DataProtection-Keys' as key repository; keys will not be encrypted at rest.
2025-11-06 14:14:34.614 +01:00 [INF] Applying migration '20251024065541_InitialCreate'.
2025-11-06 14:14:34.652 +01:00 [INF] Applying migration '20251101105657_AddIdentitySupport'.
2025-11-06 14:14:34.689 +01:00 [INF] Applying migration '20251103080324_UpdateNextQuestionSceneDeleteBehavior'.
2025-11-06 14:14:35.605 +01:00 [INF] Now listening on: https://localhost:7025
2025-11-06 14:14:35.606 +01:00 [INF] Now listening on: http://localhost:5262
2025-11-06 14:14:35.634 +01:00 [INF] Application started. Press Ctrl+C to shut down.
2025-11-06 14:14:35.635 +01:00 [INF] Hosting environment: Development
2025-11-06 14:14:35.635 +01:00 [INF] Content root path: /Users/jaraazad/Desktop/Jam
2025-11-06 14:14:36.012 +01:00 [INF] Request starting HTTP/2 GET https://localhost:7025/ - null null
2025-11-06 14:14:36.046 +01:00 [INF] Executing endpoint 'Jam.Controllers.HomeController.Index (Jam)'
2025-11-06 14:14:36.055 +01:00 [INF] Route matched with {action = "Index", controller = "Home", page = "", area = ""}. Executing controller action with signature System.Threading.Tasks.Task`1[Microsoft.AspNetCore.Mvc.IActionResult] Index() on controller Jam.Controllers.HomeController (Jam).
2025-11-06 14:14:36.068 +01:00 [WRN] [HomeController -> Index] Auth cookie invalid or user no longer exists. Redirecting to login.
2025-11-06 14:14:36.071 +01:00 [INF] AuthenticationScheme: Identity.Application signed out.
2025-11-06 14:14:36.072 +01:00 [INF] AuthenticationScheme: Identity.External signed out.
2025-11-06 14:14:36.072 +01:00 [INF] AuthenticationScheme: Identity.TwoFactorUserId signed out.
2025-11-06 14:14:36.074 +01:00 [INF] Executing LocalRedirectResult, redirecting to /Identity/Account/Login.
2025-11-06 14:14:36.076 +01:00 [INF] Executed action Jam.Controllers.HomeController.Index (Jam) in 19.1873ms
2025-11-06 14:14:36.077 +01:00 [INF] Executed endpoint 'Jam.Controllers.HomeController.Index (Jam)'
2025-11-06 14:14:36.083 +01:00 [INF] Request finished HTTP/2 GET https://localhost:7025/ - 302 0 null 71.5998ms
2025-11-06 14:14:36.113 +01:00 [INF] Request starting HTTP/2 GET https://localhost:7025/Identity/Account/Login - null null
2025-11-06 14:14:36.116 +01:00 [INF] Executing endpoint '/Account/Login'
2025-11-06 14:14:36.127 +01:00 [INF] Route matched with {page = "/Account/Login", area = "Identity", action = "", controller = ""}. Executing page /Account/Login
2025-11-06 14:14:36.135 +01:00 [INF] Executing handler method Jam.Areas.Identity.Pages.Account.LoginModel.OnGetAsync - ModelState is "Valid"
2025-11-06 14:14:36.136 +01:00 [INF] AuthenticationScheme: Identity.External signed out.
2025-11-06 14:14:36.136 +01:00 [INF] Executed handler method OnGetAsync, returned result .
2025-11-06 14:14:36.137 +01:00 [INF] Executing an implicit handler method - ModelState is "Valid"
2025-11-06 14:14:36.137 +01:00 [INF] Executed an implicit handler method, returned result Microsoft.AspNetCore.Mvc.RazorPages.PageResult.
2025-11-06 14:14:36.193 +01:00 [INF] Executed page /Account/Login in 65.9099ms
2025-11-06 14:14:36.193 +01:00 [INF] Executed endpoint '/Account/Login'
2025-11-06 14:14:36.194 +01:00 [INF] Request finished HTTP/2 GET https://localhost:7025/Identity/Account/Login - 200 null text/html; charset=utf-8 81.656ms
2025-11-06 14:14:36.466 +01:00 [INF] Request starting HTTP/2 GET https://localhost:7025/lib/jquery-validation-unobtrusive/jquery.validate.unobtrusive.min.js - null null
2025-11-06 14:14:36.466 +01:00 [INF] Request starting HTTP/2 GET https://localhost:7025/lib/jquery-validation/dist/jquery.validate.min.js - null null
2025-11-06 14:14:36.471 +01:00 [INF] Request finished HTTP/2 GET https://localhost:7025/lib/jquery-validation/dist/jquery.validate.min.js - 404 0 null 5.4764ms
2025-11-06 14:14:36.471 +01:00 [INF] Request finished HTTP/2 GET https://localhost:7025/lib/jquery-validation-unobtrusive/jquery.validate.unobtrusive.min.js - 404 0 null 5.5096ms
2025-11-06 14:14:36.472 +01:00 [INF] Request reached the end of the middleware pipeline without being handled by application code. Request path: GET https://localhost:7025/lib/jquery-validation/dist/jquery.validate.min.js, Response status code: 404
2025-11-06 14:14:36.472 +01:00 [INF] Request reached the end of the middleware pipeline without being handled by application code. Request path: GET https://localhost:7025/lib/jquery-validation-unobtrusive/jquery.validate.unobtrusive.min.js, Response status code: 404
2025-11-06 14:14:37.310 +01:00 [INF] Request starting HTTP/2 POST https://localhost:7025/Identity/Account/Login - application/x-www-form-urlencoded 236
2025-11-06 14:14:37.368 +01:00 [INF] Executing endpoint '/Account/Login'
2025-11-06 14:14:37.369 +01:00 [INF] Route matched with {page = "/Account/Login", area = "Identity", action = "", controller = ""}. Executing page /Account/Login
2025-11-06 14:14:37.406 +01:00 [INF] Executing handler method Jam.Areas.Identity.Pages.Account.LoginModel.OnPostAsync - ModelState is "Valid"
2025-11-06 14:14:37.542 +01:00 [INF] AuthenticationScheme: Identity.Application signed in.
2025-11-06 14:14:37.543 +01:00 [INF] User logged in.
2025-11-06 14:14:37.543 +01:00 [INF] Executed handler method OnPostAsync, returned result Microsoft.AspNetCore.Mvc.LocalRedirectResult.
2025-11-06 14:14:37.543 +01:00 [INF] Executing LocalRedirectResult, redirecting to /.
2025-11-06 14:14:37.544 +01:00 [INF] Executed page /Account/Login in 174.2421ms
2025-11-06 14:14:37.544 +01:00 [INF] Executed endpoint '/Account/Login'
2025-11-06 14:14:37.544 +01:00 [INF] Request finished HTTP/2 POST https://localhost:7025/Identity/Account/Login - 302 0 null 234.4667ms
2025-11-06 14:14:37.547 +01:00 [INF] Request starting HTTP/2 GET https://localhost:7025/ - null null
2025-11-06 14:14:37.549 +01:00 [INF] Executing endpoint 'Jam.Controllers.HomeController.Index (Jam)'
2025-11-06 14:14:37.549 +01:00 [INF] Route matched with {action = "Index", controller = "Home", page = "", area = ""}. Executing controller action with signature System.Threading.Tasks.Task`1[Microsoft.AspNetCore.Mvc.IActionResult] Index() on controller Jam.Controllers.HomeController (Jam).
2025-11-06 14:14:37.579 +01:00 [INF] Executing ViewResult, running view Index.
2025-11-06 14:14:37.622 +01:00 [INF] Executed ViewResult - view Index executed in 44.0152ms.
2025-11-06 14:14:37.624 +01:00 [INF] Executed action Jam.Controllers.HomeController.Index (Jam) in 75.3801ms
2025-11-06 14:14:37.625 +01:00 [INF] Executed endpoint 'Jam.Controllers.HomeController.Index (Jam)'
2025-11-06 14:14:37.628 +01:00 [INF] Request finished HTTP/2 GET https://localhost:7025/ - 200 null text/html; charset=utf-8 80.9299ms
2025-11-06 14:14:38.433 +01:00 [INF] Request starting HTTP/2 GET https://localhost:7025/StoryCreation/CreateStoryAndIntro - null null
2025-11-06 14:14:38.439 +01:00 [INF] Executing endpoint 'Jam.Controllers.StoryCreationController.CreateStoryAndIntro (Jam)'
2025-11-06 14:14:38.442 +01:00 [INF] Route matched with {action = "CreateStoryAndIntro", controller = "StoryCreation", page = "", area = ""}. Executing controller action with signature Microsoft.AspNetCore.Mvc.IActionResult CreateStoryAndIntro() on controller Jam.Controllers.StoryCreationController (Jam).
2025-11-06 14:14:38.446 +01:00 [INF] Accessing expired session, Key:2d0cc344-df3d-072e-4af7-3508e4f5cd8c
2025-11-06 14:14:38.454 +01:00 [INF] Executing ViewResult, running view CreateStoryAndIntro.
2025-11-06 14:14:38.508 +01:00 [INF] Executed ViewResult - view CreateStoryAndIntro executed in 54.6841ms.
2025-11-06 14:14:38.533 +01:00 [INF] Executed action Jam.Controllers.StoryCreationController.CreateStoryAndIntro (Jam) in 90.6245ms
2025-11-06 14:14:38.534 +01:00 [INF] Executed endpoint 'Jam.Controllers.StoryCreationController.CreateStoryAndIntro (Jam)'
2025-11-06 14:14:38.536 +01:00 [INF] Request finished HTTP/2 GET https://localhost:7025/StoryCreation/CreateStoryAndIntro - 200 null text/html; charset=utf-8 124.4133ms
2025-11-06 14:14:42.473 +01:00 [INF] Request starting HTTP/2 POST https://localhost:7025/StoryCreation/CreateStoryAndIntro - application/x-www-form-urlencoded 305
2025-11-06 14:14:42.477 +01:00 [INF] Executing endpoint 'Jam.Controllers.StoryCreationController.CreateStoryAndIntro (Jam)'
2025-11-06 14:14:42.485 +01:00 [INF] Route matched with {action = "CreateStoryAndIntro", controller = "StoryCreation", page = "", area = ""}. Executing controller action with signature Microsoft.AspNetCore.Mvc.IActionResult CreateStoryAndIntro(Jam.ViewModels.StoryCreation.CreateStoryAndIntroViewModel) on controller Jam.Controllers.StoryCreationController (Jam).
2025-11-06 14:14:42.491 +01:00 [INF] Accessing expired session, Key:2d0cc344-df3d-072e-4af7-3508e4f5cd8c
2025-11-06 14:14:42.522 +01:00 [INF] Executing RedirectResult, redirecting to /StoryCreation/CreateQuestionScenes.
2025-11-06 14:14:42.522 +01:00 [INF] Executed action Jam.Controllers.StoryCreationController.CreateStoryAndIntro (Jam) in 37.0146ms
2025-11-06 14:14:42.522 +01:00 [INF] Executed endpoint 'Jam.Controllers.StoryCreationController.CreateStoryAndIntro (Jam)'
2025-11-06 14:14:42.522 +01:00 [INF] Session started; Key:2d0cc344-df3d-072e-4af7-3508e4f5cd8c, Id:a6c1074a-c542-57f2-e47e-f954e002559d
2025-11-06 14:14:42.523 +01:00 [INF] Request finished HTTP/2 POST https://localhost:7025/StoryCreation/CreateStoryAndIntro - 302 0 null 50.0697ms
2025-11-06 14:14:42.552 +01:00 [INF] Request starting HTTP/2 GET https://localhost:7025/StoryCreation/CreateQuestionScenes - null null
2025-11-06 14:14:42.553 +01:00 [INF] Executing endpoint 'Jam.Controllers.StoryCreationController.CreateQuestionScenes (Jam)'
2025-11-06 14:14:42.554 +01:00 [INF] Route matched with {action = "CreateQuestionScenes", controller = "StoryCreation", page = "", area = ""}. Executing controller action with signature Microsoft.AspNetCore.Mvc.IActionResult CreateQuestionScenes() on controller Jam.Controllers.StoryCreationController (Jam).
2025-11-06 14:14:42.559 +01:00 [INF] Executing ViewResult, running view CreateQuestionScenes.
2025-11-06 14:14:42.581 +01:00 [INF] Executed ViewResult - view CreateQuestionScenes executed in 21.7915ms.
2025-11-06 14:14:42.630 +01:00 [INF] Executed action Jam.Controllers.StoryCreationController.CreateQuestionScenes (Jam) in 75.894ms
2025-11-06 14:14:42.631 +01:00 [INF] Executed endpoint 'Jam.Controllers.StoryCreationController.CreateQuestionScenes (Jam)'
2025-11-06 14:14:42.631 +01:00 [INF] Request finished HTTP/2 GET https://localhost:7025/StoryCreation/CreateQuestionScenes - 200 null text/html; charset=utf-8 79.287ms
2025-11-06 14:14:43.906 +01:00 [INF] Request starting HTTP/2 POST https://localhost:7025/StoryCreation/DeleteQuestionInline - application/x-www-form-urlencoded 736
2025-11-06 14:14:43.934 +01:00 [INF] Executing endpoint 'Jam.Controllers.StoryCreationController.DeleteQuestionInline (Jam)'
2025-11-06 14:14:43.939 +01:00 [INF] Route matched with {action = "DeleteQuestionInline", controller = "StoryCreation", page = "", area = ""}. Executing controller action with signature Microsoft.AspNetCore.Mvc.IActionResult DeleteQuestionInline(Jam.ViewModels.StoryCreation.CreateMultipleQuestionScenesViewModel, Int32) on controller Jam.Controllers.StoryCreationController (Jam).
2025-11-06 14:14:43.949 +01:00 [INF] Executing ViewResult, running view CreateQuestionScenes.
2025-11-06 14:14:43.978 +01:00 [INF] Executed ViewResult - view CreateQuestionScenes executed in 29.2929ms.
2025-11-06 14:14:44.004 +01:00 [INF] Executed action Jam.Controllers.StoryCreationController.DeleteQuestionInline (Jam) in 64.6907ms
2025-11-06 14:14:44.048 +01:00 [INF] Executed endpoint 'Jam.Controllers.StoryCreationController.DeleteQuestionInline (Jam)'
2025-11-06 14:14:44.049 +01:00 [INF] Request finished HTTP/2 POST https://localhost:7025/StoryCreation/DeleteQuestionInline - 200 null text/html; charset=utf-8 142.7711ms
2025-11-06 14:14:44.538 +01:00 [INF] Request starting HTTP/2 GET https://localhost:7025/StoryCreation/GetQuestionScenePartial?index=0 - null null
2025-11-06 14:14:44.538 +01:00 [INF] Executing endpoint 'Jam.Controllers.StoryCreationController.GetQuestionScenePartial (Jam)'
2025-11-06 14:14:44.540 +01:00 [INF] Route matched with {action = "GetQuestionScenePartial", controller = "StoryCreation", page = "", area = ""}. Executing controller action with signature Microsoft.AspNetCore.Mvc.IActionResult GetQuestionScenePartial(Int32) on controller Jam.Controllers.StoryCreationController (Jam).
2025-11-06 14:14:44.544 +01:00 [INF] Executing PartialViewResult, running view _QuestionScenePartial.
2025-11-06 14:14:44.577 +01:00 [INF] Executed PartialViewResult - view _QuestionScenePartial executed in 32.733ms.
2025-11-06 14:14:44.577 +01:00 [INF] Executed action Jam.Controllers.StoryCreationController.GetQuestionScenePartial (Jam) in 37.4324ms
2025-11-06 14:14:44.577 +01:00 [INF] Executed endpoint 'Jam.Controllers.StoryCreationController.GetQuestionScenePartial (Jam)'
2025-11-06 14:14:44.577 +01:00 [INF] Request finished HTTP/2 GET https://localhost:7025/StoryCreation/GetQuestionScenePartial?index=0 - 200 null text/html; charset=utf-8 39.5563ms
