2025-11-06 14:49:22.512 +01:00 [INF] User profile is available. Using '/Users/jaraazad/.aspnet/DataProtection-Keys' as key repository; keys will not be encrypted at rest.
2025-11-06 14:49:23.294 +01:00 [INF] Applying migration '20251024065541_InitialCreate'.
2025-11-06 14:49:23.335 +01:00 [INF] Applying migration '20251101105657_AddIdentitySupport'.
2025-11-06 14:49:23.396 +01:00 [INF] Applying migration '20251103080324_UpdateNextQuestionSceneDeleteBehavior'.
2025-11-06 14:49:24.511 +01:00 [INF] Now listening on: https://localhost:7025
2025-11-06 14:49:24.536 +01:00 [INF] Now listening on: http://localhost:5262
2025-11-06 14:49:24.541 +01:00 [INF] Application started. Press Ctrl+C to shut down.
2025-11-06 14:49:24.541 +01:00 [INF] Hosting environment: Development
2025-11-06 14:49:24.542 +01:00 [INF] Content root path: /Users/jaraazad/Desktop/Jam
2025-11-06 14:49:24.863 +01:00 [INF] Request starting HTTP/2 GET https://localhost:7025/ - null null
2025-11-06 14:49:24.896 +01:00 [INF] Executing endpoint 'Jam.Controllers.HomeController.Index (Jam)'
2025-11-06 14:49:24.905 +01:00 [INF] Route matched with {action = "Index", controller = "Home", page = "", area = ""}. Executing controller action with signature System.Threading.Tasks.Task`1[Microsoft.AspNetCore.Mvc.IActionResult] Index() on controller Jam.Controllers.HomeController (Jam).
2025-11-06 14:49:24.919 +01:00 [WRN] [HomeController -> Index] Auth cookie invalid or user no longer exists. Redirecting to login.
2025-11-06 14:49:24.922 +01:00 [INF] AuthenticationScheme: Identity.Application signed out.
2025-11-06 14:49:24.923 +01:00 [INF] AuthenticationScheme: Identity.External signed out.
2025-11-06 14:49:24.924 +01:00 [INF] AuthenticationScheme: Identity.TwoFactorUserId signed out.
2025-11-06 14:49:24.925 +01:00 [INF] Executing LocalRedirectResult, redirecting to /Identity/Account/Login.
2025-11-06 14:49:24.927 +01:00 [INF] Executed action Jam.Controllers.HomeController.Index (Jam) in 20.3137ms
2025-11-06 14:49:24.928 +01:00 [INF] Executed endpoint 'Jam.Controllers.HomeController.Index (Jam)'
2025-11-06 14:49:24.936 +01:00 [INF] Request finished HTTP/2 GET https://localhost:7025/ - 302 0 null 74.5125ms
2025-11-06 14:49:24.971 +01:00 [INF] Request starting HTTP/2 GET https://localhost:7025/Identity/Account/Login - null null
2025-11-06 14:49:24.998 +01:00 [INF] Executing endpoint '/Account/Login'
2025-11-06 14:49:25.012 +01:00 [INF] Route matched with {page = "/Account/Login", area = "Identity", action = "", controller = ""}. Executing page /Account/Login
2025-11-06 14:49:25.020 +01:00 [INF] Executing handler method Jam.Areas.Identity.Pages.Account.LoginModel.OnGetAsync - ModelState is "Valid"
2025-11-06 14:49:25.021 +01:00 [INF] AuthenticationScheme: Identity.External signed out.
2025-11-06 14:49:25.021 +01:00 [INF] Executed handler method OnGetAsync, returned result .
2025-11-06 14:49:25.023 +01:00 [INF] Executing an implicit handler method - ModelState is "Valid"
2025-11-06 14:49:25.023 +01:00 [INF] Executed an implicit handler method, returned result Microsoft.AspNetCore.Mvc.RazorPages.PageResult.
2025-11-06 14:49:25.113 +01:00 [INF] Executed page /Account/Login in 100.8857ms
2025-11-06 14:49:25.113 +01:00 [INF] Executed endpoint '/Account/Login'
2025-11-06 14:49:25.114 +01:00 [INF] Request finished HTTP/2 GET https://localhost:7025/Identity/Account/Login - 200 null text/html; charset=utf-8 143.037ms
2025-11-06 14:49:25.160 +01:00 [INF] Request starting HTTP/2 GET https://localhost:7025/lib/jquery-validation/dist/jquery.validate.min.js - null null
2025-11-06 14:49:25.161 +01:00 [INF] Request starting HTTP/2 GET https://localhost:7025/lib/jquery-validation-unobtrusive/jquery.validate.unobtrusive.min.js - null null
2025-11-06 14:49:25.214 +01:00 [INF] Request finished HTTP/2 GET https://localhost:7025/lib/jquery-validation/dist/jquery.validate.min.js - 404 0 null 53.9854ms
2025-11-06 14:49:25.214 +01:00 [INF] Request finished HTTP/2 GET https://localhost:7025/lib/jquery-validation-unobtrusive/jquery.validate.unobtrusive.min.js - 404 0 null 53.923ms
2025-11-06 14:49:25.215 +01:00 [INF] Request reached the end of the middleware pipeline without being handled by application code. Request path: GET https://localhost:7025/lib/jquery-validation-unobtrusive/jquery.validate.unobtrusive.min.js, Response status code: 404
2025-11-06 14:49:25.216 +01:00 [INF] Request reached the end of the middleware pipeline without being handled by application code. Request path: GET https://localhost:7025/lib/jquery-validation/dist/jquery.validate.min.js, Response status code: 404
2025-11-06 14:49:26.121 +01:00 [INF] Request starting HTTP/2 POST https://localhost:7025/Identity/Account/Login - application/x-www-form-urlencoded 236
2025-11-06 14:49:26.128 +01:00 [INF] Executing endpoint '/Account/Login'
2025-11-06 14:49:26.129 +01:00 [INF] Route matched with {page = "/Account/Login", area = "Identity", action = "", controller = ""}. Executing page /Account/Login
2025-11-06 14:49:26.149 +01:00 [INF] Executing handler method Jam.Areas.Identity.Pages.Account.LoginModel.OnPostAsync - ModelState is "Valid"
2025-11-06 14:49:26.290 +01:00 [INF] AuthenticationScheme: Identity.Application signed in.
2025-11-06 14:49:26.290 +01:00 [INF] User logged in.
2025-11-06 14:49:26.291 +01:00 [INF] Executed handler method OnPostAsync, returned result Microsoft.AspNetCore.Mvc.LocalRedirectResult.
2025-11-06 14:49:26.291 +01:00 [INF] Executing LocalRedirectResult, redirecting to /.
2025-11-06 14:49:26.292 +01:00 [INF] Executed page /Account/Login in 162.5498ms
2025-11-06 14:49:26.292 +01:00 [INF] Executed endpoint '/Account/Login'
2025-11-06 14:49:26.292 +01:00 [INF] Request finished HTTP/2 POST https://localhost:7025/Identity/Account/Login - 302 0 null 171.0106ms
2025-11-06 14:49:26.344 +01:00 [INF] Request starting HTTP/2 GET https://localhost:7025/ - null null
2025-11-06 14:49:26.372 +01:00 [INF] Executing endpoint 'Jam.Controllers.HomeController.Index (Jam)'
2025-11-06 14:49:26.372 +01:00 [INF] Route matched with {action = "Index", controller = "Home", page = "", area = ""}. Executing controller action with signature System.Threading.Tasks.Task`1[Microsoft.AspNetCore.Mvc.IActionResult] Index() on controller Jam.Controllers.HomeController (Jam).
2025-11-06 14:49:26.410 +01:00 [INF] Executing ViewResult, running view Index.
2025-11-06 14:49:26.425 +01:00 [INF] Executed ViewResult - view Index executed in 16.3825ms.
2025-11-06 14:49:26.427 +01:00 [INF] Executed action Jam.Controllers.HomeController.Index (Jam) in 54.997ms
2025-11-06 14:49:26.428 +01:00 [INF] Executed endpoint 'Jam.Controllers.HomeController.Index (Jam)'
2025-11-06 14:49:26.429 +01:00 [INF] Request finished HTTP/2 GET https://localhost:7025/ - 200 null text/html; charset=utf-8 84.9947ms
2025-11-06 14:49:27.134 +01:00 [INF] Request starting HTTP/2 GET https://localhost:7025/StoryCreation/CreateStoryAndIntro - null null
2025-11-06 14:49:27.138 +01:00 [INF] Executing endpoint 'Jam.Controllers.StoryCreationController.CreateStoryAndIntro (Jam)'
2025-11-06 14:49:27.139 +01:00 [INF] Route matched with {action = "CreateStoryAndIntro", controller = "StoryCreation", page = "", area = ""}. Executing controller action with signature Microsoft.AspNetCore.Mvc.IActionResult CreateStoryAndIntro() on controller Jam.Controllers.StoryCreationController (Jam).
2025-11-06 14:49:27.141 +01:00 [INF] Accessing expired session, Key:2d0cc344-df3d-072e-4af7-3508e4f5cd8c
2025-11-06 14:49:27.146 +01:00 [INF] Executing ViewResult, running view CreateStoryAndIntro.
2025-11-06 14:49:27.218 +01:00 [INF] Executed ViewResult - view CreateStoryAndIntro executed in 72.628ms.
2025-11-06 14:49:27.266 +01:00 [INF] Executed action Jam.Controllers.StoryCreationController.CreateStoryAndIntro (Jam) in 126.4816ms
2025-11-06 14:49:27.266 +01:00 [INF] Executed endpoint 'Jam.Controllers.StoryCreationController.CreateStoryAndIntro (Jam)'
2025-11-06 14:49:27.266 +01:00 [INF] Request finished HTTP/2 GET https://localhost:7025/StoryCreation/CreateStoryAndIntro - 200 null text/html; charset=utf-8 132.3944ms
2025-11-06 14:49:29.212 +01:00 [INF] Request starting HTTP/2 POST https://localhost:7025/StoryCreation/CreateStoryAndIntro - application/x-www-form-urlencoded 304
2025-11-06 14:49:29.217 +01:00 [INF] Executing endpoint 'Jam.Controllers.StoryCreationController.CreateStoryAndIntro (Jam)'
2025-11-06 14:49:29.226 +01:00 [INF] Route matched with {action = "CreateStoryAndIntro", controller = "StoryCreation", page = "", area = ""}. Executing controller action with signature Microsoft.AspNetCore.Mvc.IActionResult CreateStoryAndIntro(Jam.ViewModels.StoryCreation.CreateStoryAndIntroViewModel) on controller Jam.Controllers.StoryCreationController (Jam).
2025-11-06 14:49:29.236 +01:00 [INF] Accessing expired session, Key:2d0cc344-df3d-072e-4af7-3508e4f5cd8c
2025-11-06 14:49:29.265 +01:00 [INF] Executing RedirectResult, redirecting to /StoryCreation/CreateQuestionScenes.
2025-11-06 14:49:29.265 +01:00 [INF] Executed action Jam.Controllers.StoryCreationController.CreateStoryAndIntro (Jam) in 38.9815ms
2025-11-06 14:49:29.265 +01:00 [INF] Executed endpoint 'Jam.Controllers.StoryCreationController.CreateStoryAndIntro (Jam)'
2025-11-06 14:49:29.265 +01:00 [INF] Session started; Key:2d0cc344-df3d-072e-4af7-3508e4f5cd8c, Id:618d9b31-6437-65dc-9818-1e392a5e0364
2025-11-06 14:49:29.266 +01:00 [INF] Request finished HTTP/2 POST https://localhost:7025/StoryCreation/CreateStoryAndIntro - 302 0 null 53.2778ms
2025-11-06 14:49:29.269 +01:00 [INF] Request starting HTTP/2 GET https://localhost:7025/StoryCreation/CreateQuestionScenes - null null
2025-11-06 14:49:29.317 +01:00 [INF] Executing endpoint 'Jam.Controllers.StoryCreationController.CreateQuestionScenes (Jam)'
2025-11-06 14:49:29.320 +01:00 [INF] Route matched with {action = "CreateQuestionScenes", controller = "StoryCreation", page = "", area = ""}. Executing controller action with signature Microsoft.AspNetCore.Mvc.IActionResult CreateQuestionScenes() on controller Jam.Controllers.StoryCreationController (Jam).
2025-11-06 14:49:29.326 +01:00 [INF] Executing ViewResult, running view CreateQuestionScenes.
2025-11-06 14:49:29.425 +01:00 [INF] Executed ViewResult - view CreateQuestionScenes executed in 99.7794ms.
2025-11-06 14:49:29.453 +01:00 [INF] Executed action Jam.Controllers.StoryCreationController.CreateQuestionScenes (Jam) in 133.0056ms
2025-11-06 14:49:29.453 +01:00 [INF] Executed endpoint 'Jam.Controllers.StoryCreationController.CreateQuestionScenes (Jam)'
2025-11-06 14:49:29.454 +01:00 [INF] Request finished HTTP/2 GET https://localhost:7025/StoryCreation/CreateQuestionScenes - 200 null text/html; charset=utf-8 185.3382ms
2025-11-06 14:49:31.150 +01:00 [INF] Request starting HTTP/2 GET https://localhost:7025/StoryCreation/GetQuestionScenePartial?index=1 - null null
2025-11-06 14:49:31.152 +01:00 [INF] Executing endpoint 'Jam.Controllers.StoryCreationController.GetQuestionScenePartial (Jam)'
2025-11-06 14:49:31.154 +01:00 [INF] Route matched with {action = "GetQuestionScenePartial", controller = "StoryCreation", page = "", area = ""}. Executing controller action with signature Microsoft.AspNetCore.Mvc.IActionResult GetQuestionScenePartial(Int32) on controller Jam.Controllers.StoryCreationController (Jam).
2025-11-06 14:49:31.162 +01:00 [INF] Executing PartialViewResult, running view _QuestionScenePartial.
2025-11-06 14:49:31.173 +01:00 [INF] Executed PartialViewResult - view _QuestionScenePartial executed in 10.6957ms.
2025-11-06 14:49:31.173 +01:00 [INF] Executed action Jam.Controllers.StoryCreationController.GetQuestionScenePartial (Jam) in 18.3343ms
2025-11-06 14:49:31.173 +01:00 [INF] Executed endpoint 'Jam.Controllers.StoryCreationController.GetQuestionScenePartial (Jam)'
2025-11-06 14:49:31.173 +01:00 [INF] Request finished HTTP/2 GET https://localhost:7025/StoryCreation/GetQuestionScenePartial?index=1 - 200 null text/html; charset=utf-8 23.0085ms
