2025-11-09 16:34:05.042 +01:00 [INF] User profile is available. Using '/Users/jaraazad/.aspnet/DataProtection-Keys' as key repository; keys will not be encrypted at rest.
2025-11-09 16:34:05.546 +01:00 [INF] Applying migration '20251024065541_InitialCreate'.
2025-11-09 16:34:05.584 +01:00 [INF] Applying migration '20251101105657_AddIdentitySupport'.
2025-11-09 16:34:05.647 +01:00 [INF] Applying migration '20251103080324_UpdateNextQuestionSceneDeleteBehavior'.
2025-11-09 16:34:06.709 +01:00 [INF] Now listening on: https://localhost:7025
2025-11-09 16:34:06.709 +01:00 [INF] Now listening on: http://localhost:5262
2025-11-09 16:34:06.714 +01:00 [INF] Application started. Press Ctrl+C to shut down.
2025-11-09 16:34:06.715 +01:00 [INF] Hosting environment: Development
2025-11-09 16:34:06.715 +01:00 [INF] Content root path: /Users/jaraazad/Desktop/Jam
2025-11-09 16:34:07.118 +01:00 [INF] Request starting HTTP/2 GET https://localhost:7025/ - null null
2025-11-09 16:34:07.162 +01:00 [INF] Executing endpoint 'Jam.Controllers.HomeController.Index (Jam)'
2025-11-09 16:34:07.172 +01:00 [INF] Route matched with {action = "Index", controller = "Home", page = "", area = ""}. Executing controller action with signature System.Threading.Tasks.Task`1[Microsoft.AspNetCore.Mvc.IActionResult] Index() on controller Jam.Controllers.HomeController (Jam).
2025-11-09 16:34:07.188 +01:00 [WRN] [HomeController -> Index] Auth cookie invalid or user no longer exists. Redirecting to login.
2025-11-09 16:34:07.192 +01:00 [INF] AuthenticationScheme: Identity.Application signed out.
2025-11-09 16:34:07.194 +01:00 [INF] AuthenticationScheme: Identity.External signed out.
2025-11-09 16:34:07.194 +01:00 [INF] AuthenticationScheme: Identity.TwoFactorUserId signed out.
2025-11-09 16:34:07.196 +01:00 [INF] Executing LocalRedirectResult, redirecting to /Identity/Account/Login.
2025-11-09 16:34:07.198 +01:00 [INF] Executed action Jam.Controllers.HomeController.Index (Jam) in 24.0812ms
2025-11-09 16:34:07.199 +01:00 [INF] Executed endpoint 'Jam.Controllers.HomeController.Index (Jam)'
2025-11-09 16:34:07.205 +01:00 [INF] Request finished HTTP/2 GET https://localhost:7025/ - 302 0 null 88.091ms
2025-11-09 16:34:07.212 +01:00 [INF] Request starting HTTP/2 GET https://localhost:7025/Identity/Account/Login - null null
2025-11-09 16:34:07.214 +01:00 [INF] Executing endpoint '/Account/Login'
2025-11-09 16:34:07.226 +01:00 [INF] Route matched with {page = "/Account/Login", area = "Identity", action = "", controller = ""}. Executing page /Account/Login
2025-11-09 16:34:07.236 +01:00 [INF] Executing handler method Jam.Areas.Identity.Pages.Account.LoginModel.OnGetAsync - ModelState is "Valid"
2025-11-09 16:34:07.237 +01:00 [INF] AuthenticationScheme: Identity.External signed out.
2025-11-09 16:34:07.238 +01:00 [INF] Executed handler method OnGetAsync, returned result .
2025-11-09 16:34:07.240 +01:00 [INF] Executing an implicit handler method - ModelState is "Valid"
2025-11-09 16:34:07.240 +01:00 [INF] Executed an implicit handler method, returned result Microsoft.AspNetCore.Mvc.RazorPages.PageResult.
2025-11-09 16:34:07.306 +01:00 [INF] Executed page /Account/Login in 79.2128ms
2025-11-09 16:34:07.306 +01:00 [INF] Executed endpoint '/Account/Login'
2025-11-09 16:34:07.307 +01:00 [INF] Request finished HTTP/2 GET https://localhost:7025/Identity/Account/Login - 200 null text/html; charset=utf-8 94.9666ms
2025-11-09 16:34:07.642 +01:00 [INF] Request starting HTTP/2 GET https://localhost:7025/lib/jquery-validation-unobtrusive/jquery.validate.unobtrusive.min.js - null null
2025-11-09 16:34:07.647 +01:00 [INF] Request starting HTTP/2 GET https://localhost:7025/lib/jquery-validation/dist/jquery.validate.min.js - null null
2025-11-09 16:34:07.672 +01:00 [INF] Request finished HTTP/2 GET https://localhost:7025/lib/jquery-validation/dist/jquery.validate.min.js - 404 0 null 63.3052ms
2025-11-09 16:34:07.672 +01:00 [INF] Request finished HTTP/2 GET https://localhost:7025/lib/jquery-validation-unobtrusive/jquery.validate.unobtrusive.min.js - 404 0 null 30.507ms
2025-11-09 16:34:07.673 +01:00 [INF] Request reached the end of the middleware pipeline without being handled by application code. Request path: GET https://localhost:7025/lib/jquery-validation/dist/jquery.validate.min.js, Response status code: 404
2025-11-09 16:34:07.673 +01:00 [INF] Request reached the end of the middleware pipeline without being handled by application code. Request path: GET https://localhost:7025/lib/jquery-validation-unobtrusive/jquery.validate.unobtrusive.min.js, Response status code: 404
2025-11-09 16:34:38.968 +01:00 [INF] Request starting HTTP/2 POST https://localhost:7025/Identity/Account/Login - application/x-www-form-urlencoded 236
2025-11-09 16:34:38.984 +01:00 [INF] Executing endpoint '/Account/Login'
2025-11-09 16:34:38.987 +01:00 [INF] Route matched with {page = "/Account/Login", area = "Identity", action = "", controller = ""}. Executing page /Account/Login
2025-11-09 16:34:39.023 +01:00 [INF] Executing handler method Jam.Areas.Identity.Pages.Account.LoginModel.OnPostAsync - ModelState is "Valid"
2025-11-09 16:34:39.140 +01:00 [INF] AuthenticationScheme: Identity.Application signed in.
2025-11-09 16:34:39.141 +01:00 [INF] User logged in.
2025-11-09 16:34:39.141 +01:00 [INF] Executed handler method OnPostAsync, returned result Microsoft.AspNetCore.Mvc.LocalRedirectResult.
2025-11-09 16:34:39.141 +01:00 [INF] Executing LocalRedirectResult, redirecting to /.
2025-11-09 16:34:39.141 +01:00 [INF] Executed page /Account/Login in 154.6457ms
2025-11-09 16:34:39.141 +01:00 [INF] Executed endpoint '/Account/Login'
2025-11-09 16:34:39.142 +01:00 [INF] Request finished HTTP/2 POST https://localhost:7025/Identity/Account/Login - 302 0 null 250.5031ms
2025-11-09 16:34:39.198 +01:00 [INF] Request starting HTTP/2 GET https://localhost:7025/ - null null
2025-11-09 16:34:39.200 +01:00 [INF] Executing endpoint 'Jam.Controllers.HomeController.Index (Jam)'
2025-11-09 16:34:39.201 +01:00 [INF] Route matched with {action = "Index", controller = "Home", page = "", area = ""}. Executing controller action with signature System.Threading.Tasks.Task`1[Microsoft.AspNetCore.Mvc.IActionResult] Index() on controller Jam.Controllers.HomeController (Jam).
2025-11-09 16:34:39.252 +01:00 [INF] Executing ViewResult, running view Index.
2025-11-09 16:34:39.267 +01:00 [INF] Executed ViewResult - view Index executed in 16.784ms.
2025-11-09 16:34:39.269 +01:00 [INF] Executed action Jam.Controllers.HomeController.Index (Jam) in 68.3419ms
2025-11-09 16:34:39.269 +01:00 [INF] Executed endpoint 'Jam.Controllers.HomeController.Index (Jam)'
2025-11-09 16:34:39.271 +01:00 [INF] Request finished HTTP/2 GET https://localhost:7025/ - 200 null text/html; charset=utf-8 97.7594ms
2025-11-09 16:34:40.169 +01:00 [INF] Request starting HTTP/2 GET https://localhost:7025/StoryEditing/EditStory?storyId=1 - null null
2025-11-09 16:34:40.174 +01:00 [INF] Executing endpoint 'Jam.Controllers.StoryEditingController.EditStory (Jam)'
2025-11-09 16:34:40.180 +01:00 [INF] Route matched with {action = "EditStory", controller = "StoryEditing", page = "", area = ""}. Executing controller action with signature System.Threading.Tasks.Task`1[Microsoft.AspNetCore.Mvc.IActionResult] EditStory(Int32) on controller Jam.Controllers.StoryEditingController (Jam).
2025-11-09 16:34:40.199 +01:00 [INF] Executing ViewResult, running view EditStory.
2025-11-09 16:34:40.307 +01:00 [INF] Executed ViewResult - view EditStory executed in 84.0564ms.
2025-11-09 16:34:40.333 +01:00 [INF] Executed action Jam.Controllers.StoryEditingController.EditStory (Jam) in 152.8823ms
2025-11-09 16:34:40.333 +01:00 [INF] Executed endpoint 'Jam.Controllers.StoryEditingController.EditStory (Jam)'
2025-11-09 16:34:40.334 +01:00 [INF] Request finished HTTP/2 GET https://localhost:7025/StoryEditing/EditStory?storyId=1 - 200 null text/html; charset=utf-8 164.621ms
2025-11-09 16:34:41.187 +01:00 [INF] Request starting HTTP/2 GET https://localhost:7025/StoryEditing/EditQuestionScenes?storyId=1 - null null
2025-11-09 16:34:41.191 +01:00 [INF] Executing endpoint 'Jam.Controllers.StoryEditingController.EditQuestionScenes (Jam)'
2025-11-09 16:34:41.197 +01:00 [INF] Route matched with {action = "EditQuestionScenes", controller = "StoryEditing", page = "", area = ""}. Executing controller action with signature System.Threading.Tasks.Task`1[Microsoft.AspNetCore.Mvc.IActionResult] EditQuestionScenes(Int32) on controller Jam.Controllers.StoryEditingController (Jam).
2025-11-09 16:34:41.259 +01:00 [INF] Executing ViewResult, running view EditQuestionScenes.
2025-11-09 16:34:41.299 +01:00 [INF] Executed ViewResult - view EditQuestionScenes executed in 40.0126ms.
2025-11-09 16:34:41.400 +01:00 [INF] Executed action Jam.Controllers.StoryEditingController.EditQuestionScenes (Jam) in 202.9633ms
2025-11-09 16:34:41.427 +01:00 [INF] Executed endpoint 'Jam.Controllers.StoryEditingController.EditQuestionScenes (Jam)'
2025-11-09 16:34:41.428 +01:00 [INF] Request finished HTTP/2 GET https://localhost:7025/StoryEditing/EditQuestionScenes?storyId=1 - 200 null text/html; charset=utf-8 266.1283ms
2025-11-09 16:34:44.019 +01:00 [INF] Request starting HTTP/2 POST https://localhost:7025/StoryEditing/EditQuestionScenes - application/x-www-form-urlencoded 6522
2025-11-09 16:34:44.047 +01:00 [INF] Executing endpoint 'Jam.Controllers.StoryEditingController.EditQuestionScenes (Jam)'
2025-11-09 16:34:44.057 +01:00 [INF] Route matched with {action = "EditQuestionScenes", controller = "StoryEditing", page = "", area = ""}. Executing controller action with signature System.Threading.Tasks.Task`1[Microsoft.AspNetCore.Mvc.IActionResult] EditQuestionScenes(Int32, System.Collections.Generic.List`1[Jam.ViewModels.QuestionSceneBaseViewModel], System.String) on controller Jam.Controllers.StoryEditingController (Jam).
2025-11-09 16:34:44.076 +01:00 [INF] Executing ViewResult, running view EditQuestionScenes.
2025-11-09 16:34:44.257 +01:00 [INF] Executed ViewResult - view EditQuestionScenes executed in 180.8814ms.
2025-11-09 16:34:44.257 +01:00 [INF] Executed action Jam.Controllers.StoryEditingController.EditQuestionScenes (Jam) in 199.6819ms
2025-11-09 16:34:44.257 +01:00 [INF] Executed endpoint 'Jam.Controllers.StoryEditingController.EditQuestionScenes (Jam)'
2025-11-09 16:34:44.257 +01:00 [INF] Request finished HTTP/2 POST https://localhost:7025/StoryEditing/EditQuestionScenes - 200 null text/html; charset=utf-8 238.044ms
2025-11-09 16:34:46.450 +01:00 [INF] Request starting HTTP/2 POST https://localhost:7025/StoryEditing/EditQuestionScenes - application/x-www-form-urlencoded 4712
2025-11-09 16:34:46.452 +01:00 [INF] Executing endpoint 'Jam.Controllers.StoryEditingController.EditQuestionScenes (Jam)'
2025-11-09 16:34:46.452 +01:00 [INF] Route matched with {action = "EditQuestionScenes", controller = "StoryEditing", page = "", area = ""}. Executing controller action with signature System.Threading.Tasks.Task`1[Microsoft.AspNetCore.Mvc.IActionResult] EditQuestionScenes(Int32, System.Collections.Generic.List`1[Jam.ViewModels.QuestionSceneBaseViewModel], System.String) on controller Jam.Controllers.StoryEditingController (Jam).
2025-11-09 16:34:46.520 +01:00 [INF] [🔹SceneRepository -> UpdateQuestionScenes] Endringer lagret for storyId=1. 🔹Added=0, Updated=3, Deleted=1
2025-11-09 16:34:46.521 +01:00 [INF] Executing RedirectResult, redirecting to /StoryEditing/EditQuestionScenes?storyId=1.
2025-11-09 16:34:46.522 +01:00 [INF] Executed action Jam.Controllers.StoryEditingController.EditQuestionScenes (Jam) in 69.7937ms
2025-11-09 16:34:46.522 +01:00 [INF] Executed endpoint 'Jam.Controllers.StoryEditingController.EditQuestionScenes (Jam)'
2025-11-09 16:34:46.522 +01:00 [INF] Request finished HTTP/2 POST https://localhost:7025/StoryEditing/EditQuestionScenes - 302 0 null 71.883ms
2025-11-09 16:34:46.527 +01:00 [INF] Request starting HTTP/2 GET https://localhost:7025/StoryEditing/EditQuestionScenes?storyId=1 - null null
2025-11-09 16:34:46.527 +01:00 [INF] Executing endpoint 'Jam.Controllers.StoryEditingController.EditQuestionScenes (Jam)'
2025-11-09 16:34:46.527 +01:00 [INF] Route matched with {action = "EditQuestionScenes", controller = "StoryEditing", page = "", area = ""}. Executing controller action with signature System.Threading.Tasks.Task`1[Microsoft.AspNetCore.Mvc.IActionResult] EditQuestionScenes(Int32) on controller Jam.Controllers.StoryEditingController (Jam).
2025-11-09 16:34:46.530 +01:00 [INF] Executing ViewResult, running view EditQuestionScenes.
2025-11-09 16:34:46.653 +01:00 [INF] Executed ViewResult - view EditQuestionScenes executed in 123.0022ms.
2025-11-09 16:34:46.653 +01:00 [INF] Executed action Jam.Controllers.StoryEditingController.EditQuestionScenes (Jam) in 125.409ms
2025-11-09 16:34:46.653 +01:00 [INF] Executed endpoint 'Jam.Controllers.StoryEditingController.EditQuestionScenes (Jam)'
2025-11-09 16:34:46.653 +01:00 [INF] Request finished HTTP/2 GET https://localhost:7025/StoryEditing/EditQuestionScenes?storyId=1 - 200 null text/html; charset=utf-8 126.2289ms
2025-11-09 16:34:49.992 +01:00 [INF] Request starting HTTP/2 GET https://localhost:7025/ - null null
2025-11-09 16:34:50.045 +01:00 [INF] Executing endpoint 'Jam.Controllers.HomeController.Index (Jam)'
2025-11-09 16:34:50.045 +01:00 [INF] Route matched with {action = "Index", controller = "Home", page = "", area = ""}. Executing controller action with signature System.Threading.Tasks.Task`1[Microsoft.AspNetCore.Mvc.IActionResult] Index() on controller Jam.Controllers.HomeController (Jam).
2025-11-09 16:34:50.059 +01:00 [INF] Executing ViewResult, running view Index.
2025-11-09 16:34:50.179 +01:00 [INF] Executed ViewResult - view Index executed in 98.3305ms.
2025-11-09 16:34:50.225 +01:00 [INF] Executed action Jam.Controllers.HomeController.Index (Jam) in 180.1351ms
2025-11-09 16:34:50.226 +01:00 [INF] Executed endpoint 'Jam.Controllers.HomeController.Index (Jam)'
2025-11-09 16:34:50.226 +01:00 [INF] Request finished HTTP/2 GET https://localhost:7025/ - 200 null text/html; charset=utf-8 234.0775ms
2025-11-09 16:34:55.872 +01:00 [INF] Request starting HTTP/2 GET https://localhost:7025/StoryEditing/EditQuestionScenes?storyId=1 - null null
2025-11-09 16:34:55.876 +01:00 [INF] Executing endpoint 'Jam.Controllers.StoryEditingController.EditQuestionScenes (Jam)'
2025-11-09 16:34:55.876 +01:00 [INF] Route matched with {action = "EditQuestionScenes", controller = "StoryEditing", page = "", area = ""}. Executing controller action with signature System.Threading.Tasks.Task`1[Microsoft.AspNetCore.Mvc.IActionResult] EditQuestionScenes(Int32) on controller Jam.Controllers.StoryEditingController (Jam).
2025-11-09 16:34:55.880 +01:00 [INF] Executing ViewResult, running view EditQuestionScenes.
2025-11-09 16:34:56.039 +01:00 [INF] Executed ViewResult - view EditQuestionScenes executed in 159.0504ms.
2025-11-09 16:34:56.040 +01:00 [INF] Executed action Jam.Controllers.StoryEditingController.EditQuestionScenes (Jam) in 163.8982ms
2025-11-09 16:34:56.040 +01:00 [INF] Executed endpoint 'Jam.Controllers.StoryEditingController.EditQuestionScenes (Jam)'
2025-11-09 16:34:56.040 +01:00 [INF] Request finished HTTP/2 GET https://localhost:7025/StoryEditing/EditQuestionScenes?storyId=1 - 200 null text/html; charset=utf-8 167.9964ms
2025-11-09 16:34:59.219 +01:00 [INF] Request starting HTTP/2 GET https://localhost:7025/ - null null
2025-11-09 16:34:59.220 +01:00 [INF] Executing endpoint 'Jam.Controllers.HomeController.Index (Jam)'
2025-11-09 16:34:59.220 +01:00 [INF] Route matched with {action = "Index", controller = "Home", page = "", area = ""}. Executing controller action with signature System.Threading.Tasks.Task`1[Microsoft.AspNetCore.Mvc.IActionResult] Index() on controller Jam.Controllers.HomeController (Jam).
2025-11-09 16:34:59.232 +01:00 [INF] Executing ViewResult, running view Index.
2025-11-09 16:34:59.237 +01:00 [INF] Executed ViewResult - view Index executed in 4.8965ms.
2025-11-09 16:34:59.239 +01:00 [INF] Executed action Jam.Controllers.HomeController.Index (Jam) in 18.8147ms
2025-11-09 16:34:59.239 +01:00 [INF] Executed endpoint 'Jam.Controllers.HomeController.Index (Jam)'
2025-11-09 16:34:59.241 +01:00 [INF] Request finished HTTP/2 GET https://localhost:7025/ - 200 null text/html; charset=utf-8 22.4488ms
2025-11-09 16:35:00.379 +01:00 [INF] Request starting HTTP/2 GET https://localhost:7025/StoryEditing/EditStory?storyId=1 - null null
2025-11-09 16:35:00.381 +01:00 [INF] Executing endpoint 'Jam.Controllers.StoryEditingController.EditStory (Jam)'
2025-11-09 16:35:00.381 +01:00 [INF] Route matched with {action = "EditStory", controller = "StoryEditing", page = "", area = ""}. Executing controller action with signature System.Threading.Tasks.Task`1[Microsoft.AspNetCore.Mvc.IActionResult] EditStory(Int32) on controller Jam.Controllers.StoryEditingController (Jam).
2025-11-09 16:35:00.387 +01:00 [INF] Executing ViewResult, running view EditStory.
2025-11-09 16:35:00.393 +01:00 [INF] Executed ViewResult - view EditStory executed in 5.8797ms.
2025-11-09 16:35:00.417 +01:00 [INF] Executed action Jam.Controllers.StoryEditingController.EditStory (Jam) in 35.4521ms
2025-11-09 16:35:00.463 +01:00 [INF] Executed endpoint 'Jam.Controllers.StoryEditingController.EditStory (Jam)'
2025-11-09 16:35:00.464 +01:00 [INF] Request finished HTTP/2 GET https://localhost:7025/StoryEditing/EditStory?storyId=1 - 200 null text/html; charset=utf-8 85.0637ms
2025-11-09 16:35:01.560 +01:00 [INF] Request starting HTTP/2 GET https://localhost:7025/StoryEditing/EditQuestionScenes?storyId=1 - null null
2025-11-09 16:35:01.563 +01:00 [INF] Executing endpoint 'Jam.Controllers.StoryEditingController.EditQuestionScenes (Jam)'
2025-11-09 16:35:01.563 +01:00 [INF] Route matched with {action = "EditQuestionScenes", controller = "StoryEditing", page = "", area = ""}. Executing controller action with signature System.Threading.Tasks.Task`1[Microsoft.AspNetCore.Mvc.IActionResult] EditQuestionScenes(Int32) on controller Jam.Controllers.StoryEditingController (Jam).
2025-11-09 16:35:01.569 +01:00 [INF] Executing ViewResult, running view EditQuestionScenes.
2025-11-09 16:35:01.676 +01:00 [INF] Executed ViewResult - view EditQuestionScenes executed in 107.1726ms.
2025-11-09 16:35:01.677 +01:00 [INF] Executed action Jam.Controllers.StoryEditingController.EditQuestionScenes (Jam) in 113.2884ms
2025-11-09 16:35:01.677 +01:00 [INF] Executed endpoint 'Jam.Controllers.StoryEditingController.EditQuestionScenes (Jam)'
2025-11-09 16:35:01.677 +01:00 [INF] Request finished HTTP/2 GET https://localhost:7025/StoryEditing/EditQuestionScenes?storyId=1 - 200 null text/html; charset=utf-8 116.3299ms
