2025-11-07 21:58:43.969 +01:00 [INF] User profile is available. Using '/Users/jaraazad/.aspnet/DataProtection-Keys' as key repository; keys will not be encrypted at rest.
2025-11-07 21:58:44.461 +01:00 [INF] Applying migration '20251024065541_InitialCreate'.
2025-11-07 21:58:44.501 +01:00 [INF] Applying migration '20251101105657_AddIdentitySupport'.
2025-11-07 21:58:44.657 +01:00 [INF] Applying migration '20251103080324_UpdateNextQuestionSceneDeleteBehavior'.
2025-11-07 21:58:45.615 +01:00 [INF] Now listening on: https://localhost:7025
2025-11-07 21:58:45.616 +01:00 [INF] Now listening on: http://localhost:5262
2025-11-07 21:58:45.620 +01:00 [INF] Application started. Press Ctrl+C to shut down.
2025-11-07 21:58:45.621 +01:00 [INF] Hosting environment: Development
2025-11-07 21:58:45.621 +01:00 [INF] Content root path: /Users/jaraazad/Desktop/Jam
2025-11-07 21:58:46.054 +01:00 [INF] Request starting HTTP/2 GET https://localhost:7025/ - null null
2025-11-07 21:58:46.103 +01:00 [INF] Executing endpoint 'Jam.Controllers.HomeController.Index (Jam)'
2025-11-07 21:58:46.114 +01:00 [INF] Route matched with {action = "Index", controller = "Home", page = "", area = ""}. Executing controller action with signature System.Threading.Tasks.Task`1[Microsoft.AspNetCore.Mvc.IActionResult] Index() on controller Jam.Controllers.HomeController (Jam).
2025-11-07 21:58:46.132 +01:00 [WRN] [HomeController -> Index] Auth cookie invalid or user no longer exists. Redirecting to login.
2025-11-07 21:58:46.136 +01:00 [INF] AuthenticationScheme: Identity.Application signed out.
2025-11-07 21:58:46.137 +01:00 [INF] AuthenticationScheme: Identity.External signed out.
2025-11-07 21:58:46.137 +01:00 [INF] AuthenticationScheme: Identity.TwoFactorUserId signed out.
2025-11-07 21:58:46.138 +01:00 [INF] Executing LocalRedirectResult, redirecting to /Identity/Account/Login.
2025-11-07 21:58:46.140 +01:00 [INF] Executed action Jam.Controllers.HomeController.Index (Jam) in 24.6264ms
2025-11-07 21:58:46.141 +01:00 [INF] Executed endpoint 'Jam.Controllers.HomeController.Index (Jam)'
2025-11-07 21:58:46.147 +01:00 [INF] Request finished HTTP/2 GET https://localhost:7025/ - 302 0 null 94.5794ms
2025-11-07 21:58:46.155 +01:00 [INF] Request starting HTTP/2 GET https://localhost:7025/Identity/Account/Login - null null
2025-11-07 21:58:46.156 +01:00 [INF] Executing endpoint '/Account/Login'
2025-11-07 21:58:46.168 +01:00 [INF] Route matched with {page = "/Account/Login", area = "Identity", action = "", controller = ""}. Executing page /Account/Login
2025-11-07 21:58:46.176 +01:00 [INF] Executing handler method Jam.Areas.Identity.Pages.Account.LoginModel.OnGetAsync - ModelState is "Valid"
2025-11-07 21:58:46.177 +01:00 [INF] AuthenticationScheme: Identity.External signed out.
2025-11-07 21:58:46.178 +01:00 [INF] Executed handler method OnGetAsync, returned result .
2025-11-07 21:58:46.179 +01:00 [INF] Executing an implicit handler method - ModelState is "Valid"
2025-11-07 21:58:46.179 +01:00 [INF] Executed an implicit handler method, returned result Microsoft.AspNetCore.Mvc.RazorPages.PageResult.
2025-11-07 21:58:46.242 +01:00 [INF] Executed page /Account/Login in 73.5178ms
2025-11-07 21:58:46.242 +01:00 [INF] Executed endpoint '/Account/Login'
2025-11-07 21:58:46.246 +01:00 [INF] Request finished HTTP/2 GET https://localhost:7025/Identity/Account/Login - 200 null text/html; charset=utf-8 91.344ms
2025-11-07 21:58:46.534 +01:00 [INF] Request starting HTTP/2 GET https://localhost:7025/lib/jquery-validation/dist/jquery.validate.min.js - null null
2025-11-07 21:58:46.580 +01:00 [INF] Request starting HTTP/2 GET https://localhost:7025/lib/jquery-validation-unobtrusive/jquery.validate.unobtrusive.min.js - null null
2025-11-07 21:58:46.585 +01:00 [INF] Request finished HTTP/2 GET https://localhost:7025/lib/jquery-validation/dist/jquery.validate.min.js - 404 0 null 50.4816ms
2025-11-07 21:58:46.585 +01:00 [INF] Request finished HTTP/2 GET https://localhost:7025/lib/jquery-validation-unobtrusive/jquery.validate.unobtrusive.min.js - 404 0 null 4.4611ms
2025-11-07 21:58:46.586 +01:00 [INF] Request reached the end of the middleware pipeline without being handled by application code. Request path: GET https://localhost:7025/lib/jquery-validation-unobtrusive/jquery.validate.unobtrusive.min.js, Response status code: 404
2025-11-07 21:58:46.586 +01:00 [INF] Request reached the end of the middleware pipeline without being handled by application code. Request path: GET https://localhost:7025/lib/jquery-validation/dist/jquery.validate.min.js, Response status code: 404
2025-11-07 21:58:48.790 +01:00 [INF] Request starting HTTP/2 POST https://localhost:7025/Identity/Account/Login - application/x-www-form-urlencoded 236
2025-11-07 21:58:48.797 +01:00 [INF] Executing endpoint '/Account/Login'
2025-11-07 21:58:48.803 +01:00 [INF] Route matched with {page = "/Account/Login", area = "Identity", action = "", controller = ""}. Executing page /Account/Login
2025-11-07 21:58:48.828 +01:00 [INF] Executing handler method Jam.Areas.Identity.Pages.Account.LoginModel.OnPostAsync - ModelState is "Valid"
2025-11-07 21:58:49.000 +01:00 [INF] AuthenticationScheme: Identity.Application signed in.
2025-11-07 21:58:49.001 +01:00 [INF] User logged in.
2025-11-07 21:58:49.002 +01:00 [INF] Executed handler method OnPostAsync, returned result Microsoft.AspNetCore.Mvc.LocalRedirectResult.
2025-11-07 21:58:49.002 +01:00 [INF] Executing LocalRedirectResult, redirecting to /.
2025-11-07 21:58:49.003 +01:00 [INF] Executed page /Account/Login in 199.0785ms
2025-11-07 21:58:49.003 +01:00 [INF] Executed endpoint '/Account/Login'
2025-11-07 21:58:49.003 +01:00 [INF] Request finished HTTP/2 POST https://localhost:7025/Identity/Account/Login - 302 0 null 215.7011ms
2025-11-07 21:58:49.032 +01:00 [INF] Request starting HTTP/2 GET https://localhost:7025/ - null null
2025-11-07 21:58:49.060 +01:00 [INF] Executing endpoint 'Jam.Controllers.HomeController.Index (Jam)'
2025-11-07 21:58:49.060 +01:00 [INF] Route matched with {action = "Index", controller = "Home", page = "", area = ""}. Executing controller action with signature System.Threading.Tasks.Task`1[Microsoft.AspNetCore.Mvc.IActionResult] Index() on controller Jam.Controllers.HomeController (Jam).
2025-11-07 21:58:49.115 +01:00 [INF] Executing ViewResult, running view Index.
2025-11-07 21:58:49.144 +01:00 [INF] Executed ViewResult - view Index executed in 29.9546ms.
2025-11-07 21:58:49.150 +01:00 [INF] Executed action Jam.Controllers.HomeController.Index (Jam) in 89.7296ms
2025-11-07 21:58:49.150 +01:00 [INF] Executed endpoint 'Jam.Controllers.HomeController.Index (Jam)'
2025-11-07 21:58:49.151 +01:00 [INF] Request finished HTTP/2 GET https://localhost:7025/ - 200 null text/html; charset=utf-8 143.977ms
2025-11-07 21:58:49.864 +01:00 [INF] Request starting HTTP/2 GET https://localhost:7025/StoryEditing/EditStory?storyId=1 - null null
2025-11-07 21:58:49.867 +01:00 [INF] Executing endpoint 'Jam.Controllers.StoryEditingController.EditStory (Jam)'
2025-11-07 21:58:49.870 +01:00 [INF] Route matched with {action = "EditStory", controller = "StoryEditing", page = "", area = ""}. Executing controller action with signature System.Threading.Tasks.Task`1[Microsoft.AspNetCore.Mvc.IActionResult] EditStory(Int32) on controller Jam.Controllers.StoryEditingController (Jam).
2025-11-07 21:58:49.882 +01:00 [INF] Executing ViewResult, running view EditStory.
2025-11-07 21:58:49.931 +01:00 [INF] Executed ViewResult - view EditStory executed in 49.3541ms.
2025-11-07 21:58:49.982 +01:00 [INF] Executed action Jam.Controllers.StoryEditingController.EditStory (Jam) in 111.5105ms
2025-11-07 21:58:49.982 +01:00 [INF] Executed endpoint 'Jam.Controllers.StoryEditingController.EditStory (Jam)'
2025-11-07 21:58:49.982 +01:00 [INF] Request finished HTTP/2 GET https://localhost:7025/StoryEditing/EditStory?storyId=1 - 200 null text/html; charset=utf-8 118.035ms
2025-11-07 21:58:50.594 +01:00 [INF] Request starting HTTP/2 GET https://localhost:7025/StoryEditing/EditQuestionScenes?storyId=1 - null null
2025-11-07 21:58:50.607 +01:00 [INF] Executing endpoint 'Jam.Controllers.StoryEditingController.EditQuestionScenes (Jam)'
2025-11-07 21:58:50.611 +01:00 [INF] Route matched with {action = "EditQuestionScenes", controller = "StoryEditing", page = "", area = ""}. Executing controller action with signature System.Threading.Tasks.Task`1[Microsoft.AspNetCore.Mvc.IActionResult] EditQuestionScenes(Int32) on controller Jam.Controllers.StoryEditingController (Jam).
2025-11-07 21:58:50.685 +01:00 [INF] Executing ViewResult, running view EditQuestionScenes.
2025-11-07 21:58:50.886 +01:00 [INF] Executed ViewResult - view EditQuestionScenes executed in 200.6162ms.
2025-11-07 21:58:50.886 +01:00 [INF] Executed action Jam.Controllers.StoryEditingController.EditQuestionScenes (Jam) in 274.9152ms
2025-11-07 21:58:50.886 +01:00 [INF] Executed endpoint 'Jam.Controllers.StoryEditingController.EditQuestionScenes (Jam)'
2025-11-07 21:58:50.887 +01:00 [INF] Request finished HTTP/2 GET https://localhost:7025/StoryEditing/EditQuestionScenes?storyId=1 - 200 null text/html; charset=utf-8 293.2576ms
2025-11-07 21:59:13.168 +01:00 [INF] Request starting HTTP/2 GET https://localhost:7025/StoryEditing/GetEditQuestionScenePartial?index=4&questionNumber=5 - null null
2025-11-07 21:59:13.204 +01:00 [INF] Executing endpoint 'Jam.Controllers.StoryEditingController.GetEditQuestionScenePartial (Jam)'
2025-11-07 21:59:13.209 +01:00 [INF] Route matched with {action = "GetEditQuestionScenePartial", controller = "StoryEditing", page = "", area = ""}. Executing controller action with signature Microsoft.AspNetCore.Mvc.IActionResult GetEditQuestionScenePartial(Int32, Int32) on controller Jam.Controllers.StoryEditingController (Jam).
2025-11-07 21:59:13.216 +01:00 [INF] Executing PartialViewResult, running view ~/Views/Shared/_EditQuestionScenePartial.cshtml.
2025-11-07 21:59:13.298 +01:00 [INF] Executed PartialViewResult - view ~/Views/Shared/_EditQuestionScenePartial.cshtml executed in 83.5287ms.
2025-11-07 21:59:13.299 +01:00 [INF] Executed action Jam.Controllers.StoryEditingController.GetEditQuestionScenePartial (Jam) in 88.9746ms
2025-11-07 21:59:13.299 +01:00 [INF] Executed endpoint 'Jam.Controllers.StoryEditingController.GetEditQuestionScenePartial (Jam)'
2025-11-07 21:59:13.299 +01:00 [INF] Request finished HTTP/2 GET https://localhost:7025/StoryEditing/GetEditQuestionScenePartial?index=4&questionNumber=5 - 200 null text/html; charset=utf-8 179.8283ms
2025-11-07 21:59:36.215 +01:00 [INF] Request starting HTTP/2 POST https://localhost:7025/StoryEditing/EditQuestionScenes - application/x-www-form-urlencoded 6874
2025-11-07 21:59:36.221 +01:00 [INF] Executing endpoint 'Jam.Controllers.StoryEditingController.EditQuestionScenes (Jam)'
2025-11-07 21:59:36.238 +01:00 [INF] Route matched with {action = "EditQuestionScenes", controller = "StoryEditing", page = "", area = ""}. Executing controller action with signature System.Threading.Tasks.Task`1[Microsoft.AspNetCore.Mvc.IActionResult] EditQuestionScenes(Int32, System.Collections.Generic.List`1[Jam.ViewModels.QuestionSceneBaseViewModel], System.String) on controller Jam.Controllers.StoryEditingController (Jam).
2025-11-07 21:59:36.406 +01:00 [INF] [🔹SceneRepository -> UpdateQuestionScenes] Endringer lagret for storyId=1. 🔹Added=1, Updated=4, Deleted=0
2025-11-07 21:59:36.430 +01:00 [INF] Executing RedirectResult, redirecting to /StoryEditing/EditQuestionScenes?storyId=1.
2025-11-07 21:59:36.431 +01:00 [INF] Executed action Jam.Controllers.StoryEditingController.EditQuestionScenes (Jam) in 192.743ms
2025-11-07 21:59:36.431 +01:00 [INF] Executed endpoint 'Jam.Controllers.StoryEditingController.EditQuestionScenes (Jam)'
2025-11-07 21:59:36.437 +01:00 [INF] Request finished HTTP/2 POST https://localhost:7025/StoryEditing/EditQuestionScenes - 302 0 null 222.276ms
2025-11-07 21:59:36.444 +01:00 [INF] Request starting HTTP/2 GET https://localhost:7025/StoryEditing/EditQuestionScenes?storyId=1 - null null
2025-11-07 21:59:36.445 +01:00 [INF] Executing endpoint 'Jam.Controllers.StoryEditingController.EditQuestionScenes (Jam)'
2025-11-07 21:59:36.445 +01:00 [INF] Route matched with {action = "EditQuestionScenes", controller = "StoryEditing", page = "", area = ""}. Executing controller action with signature System.Threading.Tasks.Task`1[Microsoft.AspNetCore.Mvc.IActionResult] EditQuestionScenes(Int32) on controller Jam.Controllers.StoryEditingController (Jam).
2025-11-07 21:59:36.449 +01:00 [INF] Executing ViewResult, running view EditQuestionScenes.
2025-11-07 21:59:36.647 +01:00 [INF] Executed ViewResult - view EditQuestionScenes executed in 197.9569ms.
2025-11-07 21:59:36.647 +01:00 [INF] Executed action Jam.Controllers.StoryEditingController.EditQuestionScenes (Jam) in 201.5899ms
2025-11-07 21:59:36.647 +01:00 [INF] Executed endpoint 'Jam.Controllers.StoryEditingController.EditQuestionScenes (Jam)'
2025-11-07 21:59:36.647 +01:00 [INF] Request finished HTTP/2 GET https://localhost:7025/StoryEditing/EditQuestionScenes?storyId=1 - 200 null text/html; charset=utf-8 202.3876ms
2025-11-07 21:59:39.401 +01:00 [INF] Request starting HTTP/2 GET https://localhost:7025/ - null null
2025-11-07 21:59:39.415 +01:00 [INF] Executing endpoint 'Jam.Controllers.HomeController.Index (Jam)'
2025-11-07 21:59:39.416 +01:00 [INF] Route matched with {action = "Index", controller = "Home", page = "", area = ""}. Executing controller action with signature System.Threading.Tasks.Task`1[Microsoft.AspNetCore.Mvc.IActionResult] Index() on controller Jam.Controllers.HomeController (Jam).
2025-11-07 21:59:39.461 +01:00 [INF] Executing ViewResult, running view Index.
2025-11-07 21:59:39.466 +01:00 [INF] Executed ViewResult - view Index executed in 4.8412ms.
2025-11-07 21:59:39.492 +01:00 [INF] Executed action Jam.Controllers.HomeController.Index (Jam) in 76.5432ms
2025-11-07 21:59:39.515 +01:00 [INF] Executed endpoint 'Jam.Controllers.HomeController.Index (Jam)'
2025-11-07 21:59:39.611 +01:00 [INF] Request finished HTTP/2 GET https://localhost:7025/ - 200 null text/html; charset=utf-8 209.9656ms
2025-11-07 21:59:40.922 +01:00 [INF] Request starting HTTP/2 GET https://localhost:7025/StoryPlaying/StartStory?storyId=1 - null null
2025-11-07 21:59:40.924 +01:00 [INF] Executing endpoint 'Jam.Controllers.StoryPlayingController.StartStory (Jam)'
2025-11-07 21:59:40.930 +01:00 [INF] Route matched with {action = "StartStory", controller = "StoryPlaying", page = "", area = ""}. Executing controller action with signature System.Threading.Tasks.Task`1[Microsoft.AspNetCore.Mvc.IActionResult] StartStory(Int32) on controller Jam.Controllers.StoryPlayingController (Jam).
2025-11-07 21:59:40.971 +01:00 [INF] Executing RedirectResult, redirecting to /StoryPlaying/PlayScene?sceneId=3&SceneType=Intro&sessionId=3.
2025-11-07 21:59:40.971 +01:00 [INF] Executed action Jam.Controllers.StoryPlayingController.StartStory (Jam) in 41.2452ms
2025-11-07 21:59:40.971 +01:00 [INF] Executed endpoint 'Jam.Controllers.StoryPlayingController.StartStory (Jam)'
2025-11-07 21:59:40.971 +01:00 [INF] Request finished HTTP/2 GET https://localhost:7025/StoryPlaying/StartStory?storyId=1 - 302 0 null 75.1605ms
2025-11-07 21:59:41.000 +01:00 [INF] Request starting HTTP/2 GET https://localhost:7025/StoryPlaying/PlayScene?sceneId=3&SceneType=Intro&sessionId=3 - null null
2025-11-07 21:59:41.003 +01:00 [INF] Executing endpoint 'Jam.Controllers.StoryPlayingController.PlayScene (Jam)'
2025-11-07 21:59:41.005 +01:00 [INF] Route matched with {action = "PlayScene", controller = "StoryPlaying", page = "", area = ""}. Executing controller action with signature System.Threading.Tasks.Task`1[Microsoft.AspNetCore.Mvc.IActionResult] PlayScene(Int32, Jam.Models.Enums.SceneType, Int32) on controller Jam.Controllers.StoryPlayingController (Jam).
2025-11-07 21:59:41.020 +01:00 [INF] Executing ViewResult, running view PlayScene.
2025-11-07 21:59:41.041 +01:00 [INF] Executed ViewResult - view PlayScene executed in 22.0681ms.
2025-11-07 21:59:41.042 +01:00 [INF] Executed action Jam.Controllers.StoryPlayingController.PlayScene (Jam) in 36.7446ms
2025-11-07 21:59:41.043 +01:00 [INF] Executed endpoint 'Jam.Controllers.StoryPlayingController.PlayScene (Jam)'
2025-11-07 21:59:41.070 +01:00 [INF] Request finished HTTP/2 GET https://localhost:7025/StoryPlaying/PlayScene?sceneId=3&SceneType=Intro&sessionId=3 - 200 null text/html; charset=utf-8 69.3769ms
2025-11-07 21:59:41.073 +01:00 [INF] Request starting HTTP/2 GET https://localhost:7025/lib/jquery/dist/jquery.min.js - null null
2025-11-07 21:59:41.073 +01:00 [INF] Request starting HTTP/2 GET https://localhost:7025/lib/jquery-validation/dist/jquery.validate.min.js - null null
2025-11-07 21:59:41.075 +01:00 [INF] Request starting HTTP/2 GET https://localhost:7025/lib/jquery-validation-unobtrusive/jquery.validate.unobtrusive.min.js - null null
2025-11-07 21:59:41.099 +01:00 [INF] Request finished HTTP/2 GET https://localhost:7025/lib/jquery/dist/jquery.min.js - 404 0 null 25.2927ms
2025-11-07 21:59:41.099 +01:00 [INF] Request finished HTTP/2 GET https://localhost:7025/lib/jquery-validation-unobtrusive/jquery.validate.unobtrusive.min.js - 404 0 null 25.188ms
2025-11-07 21:59:41.099 +01:00 [INF] Request reached the end of the middleware pipeline without being handled by application code. Request path: GET https://localhost:7025/lib/jquery/dist/jquery.min.js, Response status code: 404
2025-11-07 21:59:41.099 +01:00 [INF] Request finished HTTP/2 GET https://localhost:7025/lib/jquery-validation/dist/jquery.validate.min.js - 404 0 null 25.2136ms
2025-11-07 21:59:41.099 +01:00 [INF] Request reached the end of the middleware pipeline without being handled by application code. Request path: GET https://localhost:7025/lib/jquery-validation-unobtrusive/jquery.validate.unobtrusive.min.js, Response status code: 404
2025-11-07 21:59:41.099 +01:00 [INF] Request reached the end of the middleware pipeline without being handled by application code. Request path: GET https://localhost:7025/lib/jquery-validation/dist/jquery.validate.min.js, Response status code: 404
2025-11-07 21:59:42.118 +01:00 [INF] Request starting HTTP/2 POST https://localhost:7025/StoryPlaying/PlayScene - application/x-www-form-urlencoded 540
2025-11-07 21:59:42.148 +01:00 [INF] Executing endpoint 'Jam.Controllers.StoryPlayingController.PlayScene (Jam)'
2025-11-07 21:59:42.164 +01:00 [INF] Route matched with {action = "PlayScene", controller = "StoryPlaying", page = "", area = ""}. Executing controller action with signature System.Threading.Tasks.Task`1[Microsoft.AspNetCore.Mvc.IActionResult] PlayScene(Jam.ViewModels.StoryPlaying.PlaySceneViewModel) on controller Jam.Controllers.StoryPlayingController (Jam).
2025-11-07 21:59:42.216 +01:00 [INF] Executing RedirectResult, redirecting to /StoryPlaying/PlayScene?sceneId=4&sceneType=Question&sessionId=3.
2025-11-07 21:59:42.216 +01:00 [INF] Executed action Jam.Controllers.StoryPlayingController.PlayScene (Jam) in 52.1616ms
2025-11-07 21:59:42.216 +01:00 [INF] Executed endpoint 'Jam.Controllers.StoryPlayingController.PlayScene (Jam)'
2025-11-07 21:59:42.216 +01:00 [INF] Request finished HTTP/2 POST https://localhost:7025/StoryPlaying/PlayScene - 302 0 null 148.6369ms
2025-11-07 21:59:42.270 +01:00 [INF] Request starting HTTP/2 GET https://localhost:7025/StoryPlaying/PlayScene?sceneId=4&sceneType=Question&sessionId=3 - null null
2025-11-07 21:59:42.271 +01:00 [INF] Executing endpoint 'Jam.Controllers.StoryPlayingController.PlayScene (Jam)'
2025-11-07 21:59:42.271 +01:00 [INF] Route matched with {action = "PlayScene", controller = "StoryPlaying", page = "", area = ""}. Executing controller action with signature System.Threading.Tasks.Task`1[Microsoft.AspNetCore.Mvc.IActionResult] PlayScene(Int32, Jam.Models.Enums.SceneType, Int32) on controller Jam.Controllers.StoryPlayingController (Jam).
2025-11-07 21:59:42.284 +01:00 [INF] Executing ViewResult, running view PlayScene.
2025-11-07 21:59:42.287 +01:00 [INF] Executed ViewResult - view PlayScene executed in 3.3161ms.
2025-11-07 21:59:42.288 +01:00 [INF] Executed action Jam.Controllers.StoryPlayingController.PlayScene (Jam) in 16.9696ms
2025-11-07 21:59:42.288 +01:00 [INF] Executed endpoint 'Jam.Controllers.StoryPlayingController.PlayScene (Jam)'
2025-11-07 21:59:42.288 +01:00 [INF] Request finished HTTP/2 GET https://localhost:7025/StoryPlaying/PlayScene?sceneId=4&sceneType=Question&sessionId=3 - 200 null text/html; charset=utf-8 17.9512ms
2025-11-07 21:59:42.308 +01:00 [INF] Request starting HTTP/2 GET https://localhost:7025/lib/jquery-validation/dist/jquery.validate.min.js - null null
2025-11-07 21:59:42.308 +01:00 [INF] Request starting HTTP/2 GET https://localhost:7025/lib/jquery/dist/jquery.min.js - null null
2025-11-07 21:59:42.332 +01:00 [INF] Request starting HTTP/2 GET https://localhost:7025/lib/jquery-validation-unobtrusive/jquery.validate.unobtrusive.min.js - null null
2025-11-07 21:59:42.332 +01:00 [INF] Request finished HTTP/2 GET https://localhost:7025/lib/jquery/dist/jquery.min.js - 404 0 null 24.3401ms
2025-11-07 21:59:42.358 +01:00 [INF] Request reached the end of the middleware pipeline without being handled by application code. Request path: GET https://localhost:7025/lib/jquery/dist/jquery.min.js, Response status code: 404
2025-11-07 21:59:42.358 +01:00 [INF] Request finished HTTP/2 GET https://localhost:7025/lib/jquery-validation/dist/jquery.validate.min.js - 404 0 null 49.4927ms
2025-11-07 21:59:42.358 +01:00 [INF] Request reached the end of the middleware pipeline without being handled by application code. Request path: GET https://localhost:7025/lib/jquery-validation/dist/jquery.validate.min.js, Response status code: 404
2025-11-07 21:59:42.358 +01:00 [INF] Request finished HTTP/2 GET https://localhost:7025/lib/jquery-validation-unobtrusive/jquery.validate.unobtrusive.min.js - 404 0 null 49.0091ms
2025-11-07 21:59:42.358 +01:00 [INF] Request reached the end of the middleware pipeline without being handled by application code. Request path: GET https://localhost:7025/lib/jquery-validation-unobtrusive/jquery.validate.unobtrusive.min.js, Response status code: 404
2025-11-07 21:59:45.332 +01:00 [INF] Request starting HTTP/2 POST https://localhost:7025/StoryPlaying/PlayScene - application/x-www-form-urlencoded 645
2025-11-07 21:59:45.336 +01:00 [INF] Executing endpoint 'Jam.Controllers.StoryPlayingController.PlayScene (Jam)'
2025-11-07 21:59:45.336 +01:00 [INF] Route matched with {action = "PlayScene", controller = "StoryPlaying", page = "", area = ""}. Executing controller action with signature System.Threading.Tasks.Task`1[Microsoft.AspNetCore.Mvc.IActionResult] PlayScene(Jam.ViewModels.StoryPlaying.PlaySceneViewModel) on controller Jam.Controllers.StoryPlayingController (Jam).
2025-11-07 21:59:45.368 +01:00 [INF] Executing RedirectResult, redirecting to /StoryPlaying/AnswerFeedback.
2025-11-07 21:59:45.369 +01:00 [INF] Executed action Jam.Controllers.StoryPlayingController.PlayScene (Jam) in 32.2659ms
2025-11-07 21:59:45.369 +01:00 [INF] Executed endpoint 'Jam.Controllers.StoryPlayingController.PlayScene (Jam)'
2025-11-07 21:59:45.369 +01:00 [INF] Request finished HTTP/2 POST https://localhost:7025/StoryPlaying/PlayScene - 302 0 null 62.7219ms
2025-11-07 21:59:45.373 +01:00 [INF] Request starting HTTP/2 GET https://localhost:7025/StoryPlaying/AnswerFeedback - null null
2025-11-07 21:59:45.399 +01:00 [INF] Executing endpoint 'Jam.Controllers.StoryPlayingController.AnswerFeedback (Jam)'
2025-11-07 21:59:45.400 +01:00 [INF] Route matched with {action = "AnswerFeedback", controller = "StoryPlaying", page = "", area = ""}. Executing controller action with signature Microsoft.AspNetCore.Mvc.IActionResult AnswerFeedback() on controller Jam.Controllers.StoryPlayingController (Jam).
2025-11-07 21:59:45.402 +01:00 [INF] Executing ViewResult, running view AnswerFeedback.
2025-11-07 21:59:45.485 +01:00 [INF] Executed ViewResult - view AnswerFeedback executed in 84.3804ms.
2025-11-07 21:59:45.497 +01:00 [INF] Executed action Jam.Controllers.StoryPlayingController.AnswerFeedback (Jam) in 97.1883ms
2025-11-07 21:59:45.497 +01:00 [INF] Executed endpoint 'Jam.Controllers.StoryPlayingController.AnswerFeedback (Jam)'
2025-11-07 21:59:45.498 +01:00 [INF] Request finished HTTP/2 GET https://localhost:7025/StoryPlaying/AnswerFeedback - 200 null text/html; charset=utf-8 124.8957ms
2025-11-07 21:59:46.390 +01:00 [INF] Request starting HTTP/2 POST https://localhost:7025/StoryPlaying/AnswerFeedback - application/x-www-form-urlencoded 307
2025-11-07 21:59:46.392 +01:00 [INF] Executing endpoint 'Jam.Controllers.StoryPlayingController.AnswerFeedback (Jam)'
2025-11-07 21:59:46.397 +01:00 [INF] Route matched with {action = "AnswerFeedback", controller = "StoryPlaying", page = "", area = ""}. Executing controller action with signature System.Threading.Tasks.Task`1[Microsoft.AspNetCore.Mvc.IActionResult] AnswerFeedback(Jam.ViewModels.StoryPlaying.AnswerFeedbackViewModel) on controller Jam.Controllers.StoryPlayingController (Jam).
2025-11-07 21:59:46.410 +01:00 [INF] Executing RedirectResult, redirecting to /StoryPlaying/PlayScene?sceneId=3&sceneType=Question&sessionId=3.
2025-11-07 21:59:46.410 +01:00 [INF] Executed action Jam.Controllers.StoryPlayingController.AnswerFeedback (Jam) in 12.9559ms
2025-11-07 21:59:46.410 +01:00 [INF] Executed endpoint 'Jam.Controllers.StoryPlayingController.AnswerFeedback (Jam)'
2025-11-07 21:59:46.410 +01:00 [INF] Request finished HTTP/2 POST https://localhost:7025/StoryPlaying/AnswerFeedback - 302 0 null 19.4719ms
2025-11-07 21:59:46.416 +01:00 [INF] Request starting HTTP/2 GET https://localhost:7025/StoryPlaying/PlayScene?sceneId=3&sceneType=Question&sessionId=3 - null null
2025-11-07 21:59:46.416 +01:00 [INF] Executing endpoint 'Jam.Controllers.StoryPlayingController.PlayScene (Jam)'
2025-11-07 21:59:46.417 +01:00 [INF] Route matched with {action = "PlayScene", controller = "StoryPlaying", page = "", area = ""}. Executing controller action with signature System.Threading.Tasks.Task`1[Microsoft.AspNetCore.Mvc.IActionResult] PlayScene(Int32, Jam.Models.Enums.SceneType, Int32) on controller Jam.Controllers.StoryPlayingController (Jam).
2025-11-07 21:59:46.424 +01:00 [INF] Executing ViewResult, running view PlayScene.
2025-11-07 21:59:46.426 +01:00 [INF] Executed ViewResult - view PlayScene executed in 2.325ms.
2025-11-07 21:59:46.428 +01:00 [INF] Executed action Jam.Controllers.StoryPlayingController.PlayScene (Jam) in 10.3016ms
2025-11-07 21:59:46.428 +01:00 [INF] Executed endpoint 'Jam.Controllers.StoryPlayingController.PlayScene (Jam)'
2025-11-07 21:59:46.454 +01:00 [INF] Request finished HTTP/2 GET https://localhost:7025/StoryPlaying/PlayScene?sceneId=3&sceneType=Question&sessionId=3 - 200 null text/html; charset=utf-8 38.8825ms
2025-11-07 21:59:46.455 +01:00 [INF] Request starting HTTP/2 GET https://localhost:7025/lib/jquery-validation-unobtrusive/jquery.validate.unobtrusive.min.js - null null
2025-11-07 21:59:46.455 +01:00 [INF] Request starting HTTP/2 GET https://localhost:7025/lib/jquery/dist/jquery.min.js - null null
2025-11-07 21:59:46.455 +01:00 [INF] Request starting HTTP/2 GET https://localhost:7025/lib/jquery-validation/dist/jquery.validate.min.js - null null
2025-11-07 21:59:46.504 +01:00 [INF] Request finished HTTP/2 GET https://localhost:7025/lib/jquery-validation-unobtrusive/jquery.validate.unobtrusive.min.js - 404 0 null 48.9595ms
2025-11-07 21:59:46.504 +01:00 [INF] Request reached the end of the middleware pipeline without being handled by application code. Request path: GET https://localhost:7025/lib/jquery-validation-unobtrusive/jquery.validate.unobtrusive.min.js, Response status code: 404
2025-11-07 21:59:46.504 +01:00 [INF] Request finished HTTP/2 GET https://localhost:7025/lib/jquery/dist/jquery.min.js - 404 0 null 49.4226ms
2025-11-07 21:59:46.504 +01:00 [INF] Request finished HTTP/2 GET https://localhost:7025/lib/jquery-validation/dist/jquery.validate.min.js - 404 0 null 48.9595ms
2025-11-07 21:59:46.504 +01:00 [INF] Request reached the end of the middleware pipeline without being handled by application code. Request path: GET https://localhost:7025/lib/jquery/dist/jquery.min.js, Response status code: 404
2025-11-07 21:59:46.504 +01:00 [INF] Request reached the end of the middleware pipeline without being handled by application code. Request path: GET https://localhost:7025/lib/jquery-validation/dist/jquery.validate.min.js, Response status code: 404
2025-11-07 21:59:48.702 +01:00 [INF] Request starting HTTP/2 POST https://localhost:7025/StoryPlaying/PlayScene - application/x-www-form-urlencoded 656
2025-11-07 21:59:48.705 +01:00 [INF] Executing endpoint 'Jam.Controllers.StoryPlayingController.PlayScene (Jam)'
2025-11-07 21:59:48.707 +01:00 [INF] Route matched with {action = "PlayScene", controller = "StoryPlaying", page = "", area = ""}. Executing controller action with signature System.Threading.Tasks.Task`1[Microsoft.AspNetCore.Mvc.IActionResult] PlayScene(Jam.ViewModels.StoryPlaying.PlaySceneViewModel) on controller Jam.Controllers.StoryPlayingController (Jam).
2025-11-07 21:59:48.722 +01:00 [INF] Executing RedirectResult, redirecting to /StoryPlaying/AnswerFeedback.
2025-11-07 21:59:48.723 +01:00 [INF] Executed action Jam.Controllers.StoryPlayingController.PlayScene (Jam) in 15.8175ms
2025-11-07 21:59:48.723 +01:00 [INF] Executed endpoint 'Jam.Controllers.StoryPlayingController.PlayScene (Jam)'
2025-11-07 21:59:48.723 +01:00 [INF] Request finished HTTP/2 POST https://localhost:7025/StoryPlaying/PlayScene - 302 0 null 46.8133ms
2025-11-07 21:59:48.777 +01:00 [INF] Request starting HTTP/2 GET https://localhost:7025/StoryPlaying/AnswerFeedback - null null
2025-11-07 21:59:48.777 +01:00 [INF] Executing endpoint 'Jam.Controllers.StoryPlayingController.AnswerFeedback (Jam)'
2025-11-07 21:59:48.777 +01:00 [INF] Route matched with {action = "AnswerFeedback", controller = "StoryPlaying", page = "", area = ""}. Executing controller action with signature Microsoft.AspNetCore.Mvc.IActionResult AnswerFeedback() on controller Jam.Controllers.StoryPlayingController (Jam).
2025-11-07 21:59:48.778 +01:00 [INF] Executing ViewResult, running view AnswerFeedback.
2025-11-07 21:59:48.831 +01:00 [INF] Executed ViewResult - view AnswerFeedback executed in 53.578ms.
2025-11-07 21:59:48.857 +01:00 [INF] Executed action Jam.Controllers.StoryPlayingController.AnswerFeedback (Jam) in 79.8764ms
2025-11-07 21:59:48.858 +01:00 [INF] Executed endpoint 'Jam.Controllers.StoryPlayingController.AnswerFeedback (Jam)'
2025-11-07 21:59:48.889 +01:00 [INF] Request finished HTTP/2 GET https://localhost:7025/StoryPlaying/AnswerFeedback - 200 null text/html; charset=utf-8 137.6606ms
2025-11-07 21:59:49.528 +01:00 [INF] Request starting HTTP/2 POST https://localhost:7025/StoryPlaying/AnswerFeedback - application/x-www-form-urlencoded 307
2025-11-07 21:59:49.529 +01:00 [INF] Executing endpoint 'Jam.Controllers.StoryPlayingController.AnswerFeedback (Jam)'
2025-11-07 21:59:49.529 +01:00 [INF] Route matched with {action = "AnswerFeedback", controller = "StoryPlaying", page = "", area = ""}. Executing controller action with signature System.Threading.Tasks.Task`1[Microsoft.AspNetCore.Mvc.IActionResult] AnswerFeedback(Jam.ViewModels.StoryPlaying.AnswerFeedbackViewModel) on controller Jam.Controllers.StoryPlayingController (Jam).
2025-11-07 21:59:49.536 +01:00 [INF] Executing RedirectResult, redirecting to /StoryPlaying/PlayScene?sceneId=2&sceneType=Question&sessionId=3.
2025-11-07 21:59:49.537 +01:00 [INF] Executed action Jam.Controllers.StoryPlayingController.AnswerFeedback (Jam) in 7.5018ms
2025-11-07 21:59:49.537 +01:00 [INF] Executed endpoint 'Jam.Controllers.StoryPlayingController.AnswerFeedback (Jam)'
2025-11-07 21:59:49.537 +01:00 [INF] Request finished HTTP/2 POST https://localhost:7025/StoryPlaying/AnswerFeedback - 302 0 null 9.0626ms
2025-11-07 21:59:49.564 +01:00 [INF] Request starting HTTP/2 GET https://localhost:7025/StoryPlaying/PlayScene?sceneId=2&sceneType=Question&sessionId=3 - null null
2025-11-07 21:59:49.565 +01:00 [INF] Executing endpoint 'Jam.Controllers.StoryPlayingController.PlayScene (Jam)'
2025-11-07 21:59:49.565 +01:00 [INF] Route matched with {action = "PlayScene", controller = "StoryPlaying", page = "", area = ""}. Executing controller action with signature System.Threading.Tasks.Task`1[Microsoft.AspNetCore.Mvc.IActionResult] PlayScene(Int32, Jam.Models.Enums.SceneType, Int32) on controller Jam.Controllers.StoryPlayingController (Jam).
2025-11-07 21:59:49.572 +01:00 [INF] Executing ViewResult, running view PlayScene.
2025-11-07 21:59:49.607 +01:00 [INF] Executed ViewResult - view PlayScene executed in 34.9376ms.
2025-11-07 21:59:49.607 +01:00 [INF] Executed action Jam.Controllers.StoryPlayingController.PlayScene (Jam) in 42.048ms
2025-11-07 21:59:49.608 +01:00 [INF] Executed endpoint 'Jam.Controllers.StoryPlayingController.PlayScene (Jam)'
2025-11-07 21:59:49.613 +01:00 [INF] Request finished HTTP/2 GET https://localhost:7025/StoryPlaying/PlayScene?sceneId=2&sceneType=Question&sessionId=3 - 200 null text/html; charset=utf-8 48.913ms
2025-11-07 21:59:49.643 +01:00 [INF] Request starting HTTP/2 GET https://localhost:7025/lib/jquery/dist/jquery.min.js - null null
2025-11-07 21:59:49.649 +01:00 [INF] Request finished HTTP/2 GET https://localhost:7025/lib/jquery/dist/jquery.min.js - 404 0 null 6.35ms
2025-11-07 21:59:49.659 +01:00 [INF] Request starting HTTP/2 GET https://localhost:7025/lib/jquery-validation-unobtrusive/jquery.validate.unobtrusive.min.js - null null
2025-11-07 21:59:49.659 +01:00 [INF] Request reached the end of the middleware pipeline without being handled by application code. Request path: GET https://localhost:7025/lib/jquery/dist/jquery.min.js, Response status code: 404
2025-11-07 21:59:49.659 +01:00 [INF] Request starting HTTP/2 GET https://localhost:7025/lib/jquery-validation/dist/jquery.validate.min.js - null null
2025-11-07 21:59:49.709 +01:00 [INF] Request finished HTTP/2 GET https://localhost:7025/lib/jquery-validation/dist/jquery.validate.min.js - 404 0 null 49.1023ms
2025-11-07 21:59:49.709 +01:00 [INF] Request finished HTTP/2 GET https://localhost:7025/lib/jquery-validation-unobtrusive/jquery.validate.unobtrusive.min.js - 404 0 null 49.3459ms
2025-11-07 21:59:49.709 +01:00 [INF] Request reached the end of the middleware pipeline without being handled by application code. Request path: GET https://localhost:7025/lib/jquery-validation-unobtrusive/jquery.validate.unobtrusive.min.js, Response status code: 404
2025-11-07 21:59:49.709 +01:00 [INF] Request reached the end of the middleware pipeline without being handled by application code. Request path: GET https://localhost:7025/lib/jquery-validation/dist/jquery.validate.min.js, Response status code: 404
2025-11-07 21:59:51.363 +01:00 [INF] Request starting HTTP/2 POST https://localhost:7025/StoryPlaying/PlayScene - application/x-www-form-urlencoded 626
2025-11-07 21:59:51.367 +01:00 [INF] Executing endpoint 'Jam.Controllers.StoryPlayingController.PlayScene (Jam)'
2025-11-07 21:59:51.367 +01:00 [INF] Route matched with {action = "PlayScene", controller = "StoryPlaying", page = "", area = ""}. Executing controller action with signature System.Threading.Tasks.Task`1[Microsoft.AspNetCore.Mvc.IActionResult] PlayScene(Jam.ViewModels.StoryPlaying.PlaySceneViewModel) on controller Jam.Controllers.StoryPlayingController (Jam).
2025-11-07 21:59:51.382 +01:00 [INF] Executing RedirectResult, redirecting to /StoryPlaying/AnswerFeedback.
2025-11-07 21:59:51.382 +01:00 [INF] Executed action Jam.Controllers.StoryPlayingController.PlayScene (Jam) in 15.0385ms
2025-11-07 21:59:51.382 +01:00 [INF] Executed endpoint 'Jam.Controllers.StoryPlayingController.PlayScene (Jam)'
2025-11-07 21:59:51.382 +01:00 [INF] Request finished HTTP/2 POST https://localhost:7025/StoryPlaying/PlayScene - 302 0 null 41.267ms
2025-11-07 21:59:51.386 +01:00 [INF] Request starting HTTP/2 GET https://localhost:7025/StoryPlaying/AnswerFeedback - null null
2025-11-07 21:59:51.437 +01:00 [INF] Executing endpoint 'Jam.Controllers.StoryPlayingController.AnswerFeedback (Jam)'
2025-11-07 21:59:51.437 +01:00 [INF] Route matched with {action = "AnswerFeedback", controller = "StoryPlaying", page = "", area = ""}. Executing controller action with signature Microsoft.AspNetCore.Mvc.IActionResult AnswerFeedback() on controller Jam.Controllers.StoryPlayingController (Jam).
2025-11-07 21:59:51.438 +01:00 [INF] Executing ViewResult, running view AnswerFeedback.
2025-11-07 21:59:51.470 +01:00 [INF] Executed ViewResult - view AnswerFeedback executed in 3.4078ms.
2025-11-07 21:59:51.497 +01:00 [INF] Executed action Jam.Controllers.StoryPlayingController.AnswerFeedback (Jam) in 59.4227ms
2025-11-07 21:59:51.497 +01:00 [INF] Executed endpoint 'Jam.Controllers.StoryPlayingController.AnswerFeedback (Jam)'
2025-11-07 21:59:51.498 +01:00 [INF] Request finished HTTP/2 GET https://localhost:7025/StoryPlaying/AnswerFeedback - 200 null text/html; charset=utf-8 111.7837ms
2025-11-07 21:59:51.997 +01:00 [INF] Request starting HTTP/2 POST https://localhost:7025/StoryPlaying/AnswerFeedback - application/x-www-form-urlencoded 307
2025-11-07 21:59:51.999 +01:00 [INF] Executing endpoint 'Jam.Controllers.StoryPlayingController.AnswerFeedback (Jam)'
2025-11-07 21:59:52.000 +01:00 [INF] Route matched with {action = "AnswerFeedback", controller = "StoryPlaying", page = "", area = ""}. Executing controller action with signature System.Threading.Tasks.Task`1[Microsoft.AspNetCore.Mvc.IActionResult] AnswerFeedback(Jam.ViewModels.StoryPlaying.AnswerFeedbackViewModel) on controller Jam.Controllers.StoryPlayingController (Jam).
2025-11-07 21:59:52.006 +01:00 [INF] Executing RedirectResult, redirecting to /StoryPlaying/PlayScene?sceneId=1&sceneType=Question&sessionId=3.
2025-11-07 21:59:52.006 +01:00 [INF] Executed action Jam.Controllers.StoryPlayingController.AnswerFeedback (Jam) in 6.7598ms
2025-11-07 21:59:52.007 +01:00 [INF] Executed endpoint 'Jam.Controllers.StoryPlayingController.AnswerFeedback (Jam)'
2025-11-07 21:59:52.007 +01:00 [INF] Request finished HTTP/2 POST https://localhost:7025/StoryPlaying/AnswerFeedback - 302 0 null 9.7235ms
2025-11-07 21:59:52.034 +01:00 [INF] Request starting HTTP/2 GET https://localhost:7025/StoryPlaying/PlayScene?sceneId=1&sceneType=Question&sessionId=3 - null null
2025-11-07 21:59:52.056 +01:00 [INF] Executing endpoint 'Jam.Controllers.StoryPlayingController.PlayScene (Jam)'
2025-11-07 21:59:52.056 +01:00 [INF] Route matched with {action = "PlayScene", controller = "StoryPlaying", page = "", area = ""}. Executing controller action with signature System.Threading.Tasks.Task`1[Microsoft.AspNetCore.Mvc.IActionResult] PlayScene(Int32, Jam.Models.Enums.SceneType, Int32) on controller Jam.Controllers.StoryPlayingController (Jam).
2025-11-07 21:59:52.068 +01:00 [INF] Executing ViewResult, running view PlayScene.
2025-11-07 21:59:52.145 +01:00 [INF] Executed ViewResult - view PlayScene executed in 75.6115ms.
2025-11-07 21:59:52.190 +01:00 [INF] Executed action Jam.Controllers.StoryPlayingController.PlayScene (Jam) in 89.3295ms
2025-11-07 21:59:52.190 +01:00 [INF] Executed endpoint 'Jam.Controllers.StoryPlayingController.PlayScene (Jam)'
2025-11-07 21:59:52.190 +01:00 [INF] Request starting HTTP/2 GET https://localhost:7025/lib/jquery/dist/jquery.min.js - null null
2025-11-07 21:59:52.190 +01:00 [INF] Request starting HTTP/2 GET https://localhost:7025/lib/jquery-validation/dist/jquery.validate.min.js - null null
2025-11-07 21:59:52.216 +01:00 [INF] Request finished HTTP/2 GET https://localhost:7025/StoryPlaying/PlayScene?sceneId=1&sceneType=Question&sessionId=3 - 200 null text/html; charset=utf-8 181.4551ms
2025-11-07 21:59:52.216 +01:00 [INF] Request starting HTTP/2 GET https://localhost:7025/lib/jquery-validation-unobtrusive/jquery.validate.unobtrusive.min.js - null null
2025-11-07 21:59:52.217 +01:00 [INF] Request finished HTTP/2 GET https://localhost:7025/lib/jquery/dist/jquery.min.js - 404 0 null 26.3083ms
2025-11-07 21:59:52.217 +01:00 [INF] Request reached the end of the middleware pipeline without being handled by application code. Request path: GET https://localhost:7025/lib/jquery/dist/jquery.min.js, Response status code: 404
2025-11-07 21:59:52.217 +01:00 [INF] Request finished HTTP/2 GET https://localhost:7025/lib/jquery-validation/dist/jquery.validate.min.js - 404 0 null 26.2789ms
2025-11-07 21:59:52.217 +01:00 [INF] Request reached the end of the middleware pipeline without being handled by application code. Request path: GET https://localhost:7025/lib/jquery-validation/dist/jquery.validate.min.js, Response status code: 404
2025-11-07 21:59:52.217 +01:00 [INF] Request finished HTTP/2 GET https://localhost:7025/lib/jquery-validation-unobtrusive/jquery.validate.unobtrusive.min.js - 404 0 null 1.7884ms
2025-11-07 21:59:52.217 +01:00 [INF] Request reached the end of the middleware pipeline without being handled by application code. Request path: GET https://localhost:7025/lib/jquery-validation-unobtrusive/jquery.validate.unobtrusive.min.js, Response status code: 404
2025-11-07 21:59:53.430 +01:00 [INF] Request starting HTTP/2 POST https://localhost:7025/StoryPlaying/PlayScene - application/x-www-form-urlencoded 516
2025-11-07 21:59:53.481 +01:00 [INF] Executing endpoint 'Jam.Controllers.StoryPlayingController.PlayScene (Jam)'
2025-11-07 21:59:53.482 +01:00 [INF] Route matched with {action = "PlayScene", controller = "StoryPlaying", page = "", area = ""}. Executing controller action with signature System.Threading.Tasks.Task`1[Microsoft.AspNetCore.Mvc.IActionResult] PlayScene(Jam.ViewModels.StoryPlaying.PlaySceneViewModel) on controller Jam.Controllers.StoryPlayingController (Jam).
2025-11-07 21:59:53.497 +01:00 [INF] Executing RedirectResult, redirecting to /StoryPlaying/AnswerFeedback.
2025-11-07 21:59:53.498 +01:00 [INF] Executed action Jam.Controllers.StoryPlayingController.PlayScene (Jam) in 15.783ms
2025-11-07 21:59:53.498 +01:00 [INF] Executed endpoint 'Jam.Controllers.StoryPlayingController.PlayScene (Jam)'
2025-11-07 21:59:53.498 +01:00 [INF] Request finished HTTP/2 POST https://localhost:7025/StoryPlaying/PlayScene - 302 0 null 89.7156ms
2025-11-07 21:59:53.505 +01:00 [INF] Request starting HTTP/2 GET https://localhost:7025/StoryPlaying/AnswerFeedback - null null
2025-11-07 21:59:53.506 +01:00 [INF] Executing endpoint 'Jam.Controllers.StoryPlayingController.AnswerFeedback (Jam)'
2025-11-07 21:59:53.506 +01:00 [INF] Route matched with {action = "AnswerFeedback", controller = "StoryPlaying", page = "", area = ""}. Executing controller action with signature Microsoft.AspNetCore.Mvc.IActionResult AnswerFeedback() on controller Jam.Controllers.StoryPlayingController (Jam).
2025-11-07 21:59:53.506 +01:00 [INF] Executing ViewResult, running view AnswerFeedback.
2025-11-07 21:59:53.566 +01:00 [INF] Executed ViewResult - view AnswerFeedback executed in 60.3555ms.
2025-11-07 21:59:53.567 +01:00 [INF] Executed action Jam.Controllers.StoryPlayingController.AnswerFeedback (Jam) in 61.1944ms
2025-11-07 21:59:53.567 +01:00 [INF] Executed endpoint 'Jam.Controllers.StoryPlayingController.AnswerFeedback (Jam)'
2025-11-07 21:59:53.567 +01:00 [INF] Request finished HTTP/2 GET https://localhost:7025/StoryPlaying/AnswerFeedback - 200 null text/html; charset=utf-8 61.9492ms
2025-11-07 21:59:54.137 +01:00 [INF] Request starting HTTP/2 POST https://localhost:7025/StoryPlaying/AnswerFeedback - application/x-www-form-urlencoded 304
2025-11-07 21:59:54.213 +01:00 [INF] Executing endpoint 'Jam.Controllers.StoryPlayingController.AnswerFeedback (Jam)'
2025-11-07 21:59:54.214 +01:00 [INF] Route matched with {action = "AnswerFeedback", controller = "StoryPlaying", page = "", area = ""}. Executing controller action with signature System.Threading.Tasks.Task`1[Microsoft.AspNetCore.Mvc.IActionResult] AnswerFeedback(Jam.ViewModels.StoryPlaying.AnswerFeedbackViewModel) on controller Jam.Controllers.StoryPlayingController (Jam).
2025-11-07 21:59:54.237 +01:00 [INF] Executing RedirectResult, redirecting to /StoryPlaying/PlayScene?sceneId=2&sceneType=Ending&sessionId=3.
2025-11-07 21:59:54.237 +01:00 [INF] Executed action Jam.Controllers.StoryPlayingController.AnswerFeedback (Jam) in 23.3581ms
2025-11-07 21:59:54.237 +01:00 [INF] Executed endpoint 'Jam.Controllers.StoryPlayingController.AnswerFeedback (Jam)'
2025-11-07 21:59:54.237 +01:00 [INF] Request finished HTTP/2 POST https://localhost:7025/StoryPlaying/AnswerFeedback - 302 0 null 100.0802ms
2025-11-07 21:59:54.241 +01:00 [INF] Request starting HTTP/2 GET https://localhost:7025/StoryPlaying/PlayScene?sceneId=2&sceneType=Ending&sessionId=3 - null null
2025-11-07 21:59:54.242 +01:00 [INF] Executing endpoint 'Jam.Controllers.StoryPlayingController.PlayScene (Jam)'
2025-11-07 21:59:54.242 +01:00 [INF] Route matched with {action = "PlayScene", controller = "StoryPlaying", page = "", area = ""}. Executing controller action with signature System.Threading.Tasks.Task`1[Microsoft.AspNetCore.Mvc.IActionResult] PlayScene(Int32, Jam.Models.Enums.SceneType, Int32) on controller Jam.Controllers.StoryPlayingController (Jam).
2025-11-07 21:59:54.250 +01:00 [INF] Executing ViewResult, running view PlayScene.
2025-11-07 21:59:54.277 +01:00 [INF] Executed ViewResult - view PlayScene executed in 27.4082ms.
2025-11-07 21:59:54.300 +01:00 [INF] Request starting HTTP/2 GET https://localhost:7025/lib/jquery-validation/dist/jquery.validate.min.js - null null
2025-11-07 21:59:54.300 +01:00 [INF] Request starting HTTP/2 GET https://localhost:7025/lib/jquery/dist/jquery.min.js - null null
2025-11-07 21:59:54.325 +01:00 [INF] Executed action Jam.Controllers.StoryPlayingController.PlayScene (Jam) in 58.7254ms
2025-11-07 21:59:54.326 +01:00 [INF] Request starting HTTP/2 GET https://localhost:7025/lib/jquery-validation-unobtrusive/jquery.validate.unobtrusive.min.js - null null
2025-11-07 21:59:54.347 +01:00 [INF] Executed endpoint 'Jam.Controllers.StoryPlayingController.PlayScene (Jam)'
2025-11-07 21:59:54.395 +01:00 [INF] Request finished HTTP/2 GET https://localhost:7025/StoryPlaying/PlayScene?sceneId=2&sceneType=Ending&sessionId=3 - 200 null text/html; charset=utf-8 153.9874ms
2025-11-07 21:59:54.395 +01:00 [INF] Request finished HTTP/2 GET https://localhost:7025/lib/jquery/dist/jquery.min.js - 404 0 null 95.1476ms
2025-11-07 21:59:54.395 +01:00 [INF] Request reached the end of the middleware pipeline without being handled by application code. Request path: GET https://localhost:7025/lib/jquery/dist/jquery.min.js, Response status code: 404
2025-11-07 21:59:54.395 +01:00 [INF] Request finished HTTP/2 GET https://localhost:7025/lib/jquery-validation-unobtrusive/jquery.validate.unobtrusive.min.js - 404 0 null 69.9099ms
2025-11-07 21:59:54.396 +01:00 [INF] Request reached the end of the middleware pipeline without being handled by application code. Request path: GET https://localhost:7025/lib/jquery-validation-unobtrusive/jquery.validate.unobtrusive.min.js, Response status code: 404
2025-11-07 21:59:54.396 +01:00 [INF] Request finished HTTP/2 GET https://localhost:7025/lib/jquery-validation/dist/jquery.validate.min.js - 404 0 null 95.779ms
2025-11-07 21:59:54.396 +01:00 [INF] Request reached the end of the middleware pipeline without being handled by application code. Request path: GET https://localhost:7025/lib/jquery-validation/dist/jquery.validate.min.js, Response status code: 404
2025-11-07 21:59:56.210 +01:00 [INF] Request starting HTTP/2 GET https://localhost:7025/StoryPlaying/PlayScene?sceneId=1&sceneType=Question&sessionId=3 - null null
2025-11-07 21:59:56.211 +01:00 [INF] Executing endpoint 'Jam.Controllers.StoryPlayingController.PlayScene (Jam)'
2025-11-07 21:59:56.211 +01:00 [INF] Route matched with {action = "PlayScene", controller = "StoryPlaying", page = "", area = ""}. Executing controller action with signature System.Threading.Tasks.Task`1[Microsoft.AspNetCore.Mvc.IActionResult] PlayScene(Int32, Jam.Models.Enums.SceneType, Int32) on controller Jam.Controllers.StoryPlayingController (Jam).
2025-11-07 21:59:56.218 +01:00 [INF] Executing ViewResult, running view PlayScene.
2025-11-07 21:59:56.246 +01:00 [INF] Executed ViewResult - view PlayScene executed in 27.9317ms.
2025-11-07 21:59:56.246 +01:00 [INF] Executed action Jam.Controllers.StoryPlayingController.PlayScene (Jam) in 34.6806ms
2025-11-07 21:59:56.246 +01:00 [INF] Executed endpoint 'Jam.Controllers.StoryPlayingController.PlayScene (Jam)'
2025-11-07 21:59:56.247 +01:00 [INF] Request finished HTTP/2 GET https://localhost:7025/StoryPlaying/PlayScene?sceneId=1&sceneType=Question&sessionId=3 - 200 null text/html; charset=utf-8 57.8792ms
2025-11-07 21:59:58.148 +01:00 [INF] Request starting HTTP/2 POST https://localhost:7025/StoryPlaying/PlayScene - application/x-www-form-urlencoded 516
2025-11-07 21:59:58.150 +01:00 [INF] Executing endpoint 'Jam.Controllers.StoryPlayingController.PlayScene (Jam)'
2025-11-07 21:59:58.150 +01:00 [INF] Route matched with {action = "PlayScene", controller = "StoryPlaying", page = "", area = ""}. Executing controller action with signature System.Threading.Tasks.Task`1[Microsoft.AspNetCore.Mvc.IActionResult] PlayScene(Jam.ViewModels.StoryPlaying.PlaySceneViewModel) on controller Jam.Controllers.StoryPlayingController (Jam).
2025-11-07 21:59:58.160 +01:00 [INF] Executing RedirectResult, redirecting to /StoryPlaying/AnswerFeedback.
2025-11-07 21:59:58.160 +01:00 [INF] Executed action Jam.Controllers.StoryPlayingController.PlayScene (Jam) in 9.7717ms
2025-11-07 21:59:58.160 +01:00 [INF] Executed endpoint 'Jam.Controllers.StoryPlayingController.PlayScene (Jam)'
2025-11-07 21:59:58.160 +01:00 [INF] Request finished HTTP/2 POST https://localhost:7025/StoryPlaying/PlayScene - 302 0 null 12.4502ms
2025-11-07 21:59:58.165 +01:00 [INF] Request starting HTTP/2 GET https://localhost:7025/StoryPlaying/AnswerFeedback - null null
2025-11-07 21:59:58.192 +01:00 [INF] Executing endpoint 'Jam.Controllers.StoryPlayingController.AnswerFeedback (Jam)'
2025-11-07 21:59:58.192 +01:00 [INF] Route matched with {action = "AnswerFeedback", controller = "StoryPlaying", page = "", area = ""}. Executing controller action with signature Microsoft.AspNetCore.Mvc.IActionResult AnswerFeedback() on controller Jam.Controllers.StoryPlayingController (Jam).
2025-11-07 21:59:58.193 +01:00 [INF] Executing ViewResult, running view AnswerFeedback.
2025-11-07 21:59:58.245 +01:00 [INF] Executed ViewResult - view AnswerFeedback executed in 52.6434ms.
2025-11-07 21:59:58.269 +01:00 [INF] Executed action Jam.Controllers.StoryPlayingController.AnswerFeedback (Jam) in 53.9222ms
2025-11-07 21:59:58.291 +01:00 [INF] Executed endpoint 'Jam.Controllers.StoryPlayingController.AnswerFeedback (Jam)'
2025-11-07 21:59:58.291 +01:00 [INF] Request finished HTTP/2 GET https://localhost:7025/StoryPlaying/AnswerFeedback - 200 null text/html; charset=utf-8 126.2418ms
2025-11-07 21:59:58.912 +01:00 [INF] Request starting HTTP/2 POST https://localhost:7025/StoryPlaying/AnswerFeedback - application/x-www-form-urlencoded 304
2025-11-07 21:59:58.938 +01:00 [INF] Executing endpoint 'Jam.Controllers.StoryPlayingController.AnswerFeedback (Jam)'
2025-11-07 21:59:58.938 +01:00 [INF] Route matched with {action = "AnswerFeedback", controller = "StoryPlaying", page = "", area = ""}. Executing controller action with signature System.Threading.Tasks.Task`1[Microsoft.AspNetCore.Mvc.IActionResult] AnswerFeedback(Jam.ViewModels.StoryPlaying.AnswerFeedbackViewModel) on controller Jam.Controllers.StoryPlayingController (Jam).
2025-11-07 21:59:58.949 +01:00 [INF] Executing RedirectResult, redirecting to /StoryPlaying/PlayScene?sceneId=2&sceneType=Ending&sessionId=3.
2025-11-07 21:59:58.949 +01:00 [INF] Executed action Jam.Controllers.StoryPlayingController.AnswerFeedback (Jam) in 10.4838ms
2025-11-07 21:59:58.949 +01:00 [INF] Executed endpoint 'Jam.Controllers.StoryPlayingController.AnswerFeedback (Jam)'
2025-11-07 21:59:58.949 +01:00 [INF] Request finished HTTP/2 POST https://localhost:7025/StoryPlaying/AnswerFeedback - 302 0 null 37.2012ms
2025-11-07 21:59:58.954 +01:00 [INF] Request starting HTTP/2 GET https://localhost:7025/StoryPlaying/PlayScene?sceneId=2&sceneType=Ending&sessionId=3 - null null
2025-11-07 21:59:58.980 +01:00 [INF] Executing endpoint 'Jam.Controllers.StoryPlayingController.PlayScene (Jam)'
2025-11-07 21:59:58.980 +01:00 [INF] Route matched with {action = "PlayScene", controller = "StoryPlaying", page = "", area = ""}. Executing controller action with signature System.Threading.Tasks.Task`1[Microsoft.AspNetCore.Mvc.IActionResult] PlayScene(Int32, Jam.Models.Enums.SceneType, Int32) on controller Jam.Controllers.StoryPlayingController (Jam).
2025-11-07 21:59:58.985 +01:00 [INF] Executing ViewResult, running view PlayScene.
2025-11-07 21:59:59.038 +01:00 [INF] Executed ViewResult - view PlayScene executed in 28.6751ms.
2025-11-07 21:59:59.060 +01:00 [INF] Request starting HTTP/2 GET https://localhost:7025/lib/jquery/dist/jquery.min.js - null null
2025-11-07 21:59:59.061 +01:00 [INF] Executed action Jam.Controllers.StoryPlayingController.PlayScene (Jam) in 80.1747ms
2025-11-07 21:59:59.061 +01:00 [INF] Executed endpoint 'Jam.Controllers.StoryPlayingController.PlayScene (Jam)'
2025-11-07 21:59:59.060 +01:00 [INF] Request starting HTTP/2 GET https://localhost:7025/lib/jquery-validation/dist/jquery.validate.min.js - null null
2025-11-07 21:59:59.061 +01:00 [INF] Request starting HTTP/2 GET https://localhost:7025/lib/jquery-validation-unobtrusive/jquery.validate.unobtrusive.min.js - null null
2025-11-07 21:59:59.062 +01:00 [INF] Request finished HTTP/2 GET https://localhost:7025/lib/jquery/dist/jquery.min.js - 404 0 null 2.0575ms
2025-11-07 21:59:59.062 +01:00 [INF] Request finished HTTP/2 GET https://localhost:7025/StoryPlaying/PlayScene?sceneId=2&sceneType=Ending&sessionId=3 - 200 null text/html; charset=utf-8 108.0098ms
2025-11-07 21:59:59.063 +01:00 [INF] Request reached the end of the middleware pipeline without being handled by application code. Request path: GET https://localhost:7025/lib/jquery/dist/jquery.min.js, Response status code: 404
2025-11-07 21:59:59.062 +01:00 [INF] Request finished HTTP/2 GET https://localhost:7025/lib/jquery-validation-unobtrusive/jquery.validate.unobtrusive.min.js - 404 0 null 1.2374ms
2025-11-07 21:59:59.062 +01:00 [INF] Request finished HTTP/2 GET https://localhost:7025/lib/jquery-validation/dist/jquery.validate.min.js - 404 0 null 2.0795ms
2025-11-07 21:59:59.063 +01:00 [INF] Request reached the end of the middleware pipeline without being handled by application code. Request path: GET https://localhost:7025/lib/jquery-validation-unobtrusive/jquery.validate.unobtrusive.min.js, Response status code: 404
2025-11-07 21:59:59.063 +01:00 [INF] Request reached the end of the middleware pipeline without being handled by application code. Request path: GET https://localhost:7025/lib/jquery-validation/dist/jquery.validate.min.js, Response status code: 404
2025-11-07 21:59:59.865 +01:00 [INF] Request starting HTTP/2 POST https://localhost:7025/StoryPlaying/PlayScene - application/x-www-form-urlencoded 700
2025-11-07 21:59:59.889 +01:00 [INF] Executing endpoint 'Jam.Controllers.StoryPlayingController.PlayScene (Jam)'
2025-11-07 21:59:59.890 +01:00 [INF] Route matched with {action = "PlayScene", controller = "StoryPlaying", page = "", area = ""}. Executing controller action with signature System.Threading.Tasks.Task`1[Microsoft.AspNetCore.Mvc.IActionResult] PlayScene(Jam.ViewModels.StoryPlaying.PlaySceneViewModel) on controller Jam.Controllers.StoryPlayingController (Jam).
2025-11-07 21:59:59.915 +01:00 [INF] Executing RedirectResult, redirecting to /StoryPlaying/FinishStory?sessionId=3.
2025-11-07 21:59:59.915 +01:00 [INF] Executed action Jam.Controllers.StoryPlayingController.PlayScene (Jam) in 24.9372ms
2025-11-07 21:59:59.915 +01:00 [INF] Executed endpoint 'Jam.Controllers.StoryPlayingController.PlayScene (Jam)'
2025-11-07 21:59:59.915 +01:00 [INF] Request finished HTTP/2 POST https://localhost:7025/StoryPlaying/PlayScene - 302 0 null 49.5394ms
2025-11-07 21:59:59.919 +01:00 [INF] Request starting HTTP/2 GET https://localhost:7025/StoryPlaying/FinishStory?sessionId=3 - null null
2025-11-07 21:59:59.946 +01:00 [INF] Executing endpoint 'Jam.Controllers.StoryPlayingController.FinishStory (Jam)'
2025-11-07 21:59:59.951 +01:00 [INF] Route matched with {action = "FinishStory", controller = "StoryPlaying", page = "", area = ""}. Executing controller action with signature System.Threading.Tasks.Task`1[Microsoft.AspNetCore.Mvc.IActionResult] FinishStory(Int32) on controller Jam.Controllers.StoryPlayingController (Jam).
2025-11-07 21:59:59.960 +01:00 [INF] Executing ViewResult, running view FinishStory.
2025-11-07 22:00:00.042 +01:00 [INF] Executed ViewResult - view FinishStory executed in 82.7756ms.
2025-11-07 22:00:00.043 +01:00 [INF] Executed action Jam.Controllers.StoryPlayingController.FinishStory (Jam) in 91.6876ms
2025-11-07 22:00:00.090 +01:00 [INF] Executed endpoint 'Jam.Controllers.StoryPlayingController.FinishStory (Jam)'
2025-11-07 22:00:00.118 +01:00 [INF] Request finished HTTP/2 GET https://localhost:7025/StoryPlaying/FinishStory?sessionId=3 - 200 null text/html; charset=utf-8 198.2822ms
