2025-11-07 13:40:21.091 +01:00 [INF] User profile is available. Using '/Users/jaraazad/.aspnet/DataProtection-Keys' as key repository; keys will not be encrypted at rest.
2025-11-07 13:40:21.580 +01:00 [INF] Applying migration '20251024065541_InitialCreate'.
2025-11-07 13:40:21.616 +01:00 [INF] Applying migration '20251101105657_AddIdentitySupport'.
2025-11-07 13:40:21.709 +01:00 [INF] Applying migration '20251103080324_UpdateNextQuestionSceneDeleteBehavior'.
2025-11-07 13:40:22.724 +01:00 [INF] Now listening on: https://localhost:7025
2025-11-07 13:40:22.725 +01:00 [INF] Now listening on: http://localhost:5262
2025-11-07 13:40:22.730 +01:00 [INF] Application started. Press Ctrl+C to shut down.
2025-11-07 13:40:22.731 +01:00 [INF] Hosting environment: Development
2025-11-07 13:40:22.732 +01:00 [INF] Content root path: /Users/jaraazad/Desktop/Jam
2025-11-07 13:40:23.204 +01:00 [INF] Request starting HTTP/2 GET https://localhost:7025/ - null null
2025-11-07 13:40:23.310 +01:00 [INF] Executing endpoint 'Jam.Controllers.HomeController.Index (Jam)'
2025-11-07 13:40:23.333 +01:00 [INF] Route matched with {action = "Index", controller = "Home", page = "", area = ""}. Executing controller action with signature System.Threading.Tasks.Task`1[Microsoft.AspNetCore.Mvc.IActionResult] Index() on controller Jam.Controllers.HomeController (Jam).
2025-11-07 13:40:23.355 +01:00 [WRN] [HomeController -> Index] Auth cookie invalid or user no longer exists. Redirecting to login.
2025-11-07 13:40:23.361 +01:00 [INF] AuthenticationScheme: Identity.Application signed out.
2025-11-07 13:40:23.362 +01:00 [INF] AuthenticationScheme: Identity.External signed out.
2025-11-07 13:40:23.362 +01:00 [INF] AuthenticationScheme: Identity.TwoFactorUserId signed out.
2025-11-07 13:40:23.364 +01:00 [INF] Executing LocalRedirectResult, redirecting to /Identity/Account/Login.
2025-11-07 13:40:23.366 +01:00 [INF] Executed action Jam.Controllers.HomeController.Index (Jam) in 31.4375ms
2025-11-07 13:40:23.366 +01:00 [INF] Executed endpoint 'Jam.Controllers.HomeController.Index (Jam)'
2025-11-07 13:40:23.370 +01:00 [INF] Request finished HTTP/2 GET https://localhost:7025/ - 302 0 null 174.1426ms
2025-11-07 13:40:23.382 +01:00 [INF] Request starting HTTP/2 GET https://localhost:7025/Identity/Account/Login - null null
2025-11-07 13:40:23.384 +01:00 [INF] Executing endpoint '/Account/Login'
2025-11-07 13:40:23.398 +01:00 [INF] Route matched with {page = "/Account/Login", area = "Identity", action = "", controller = ""}. Executing page /Account/Login
2025-11-07 13:40:23.410 +01:00 [INF] Executing handler method Jam.Areas.Identity.Pages.Account.LoginModel.OnGetAsync - ModelState is "Valid"
2025-11-07 13:40:23.411 +01:00 [INF] AuthenticationScheme: Identity.External signed out.
2025-11-07 13:40:23.412 +01:00 [INF] Executed handler method OnGetAsync, returned result .
2025-11-07 13:40:23.415 +01:00 [INF] Executing an implicit handler method - ModelState is "Valid"
2025-11-07 13:40:23.415 +01:00 [INF] Executed an implicit handler method, returned result Microsoft.AspNetCore.Mvc.RazorPages.PageResult.
2025-11-07 13:40:23.509 +01:00 [INF] Executed page /Account/Login in 111.4497ms
2025-11-07 13:40:23.510 +01:00 [INF] Executed endpoint '/Account/Login'
2025-11-07 13:40:23.511 +01:00 [INF] Request finished HTTP/2 GET https://localhost:7025/Identity/Account/Login - 200 null text/html; charset=utf-8 129.1437ms
2025-11-07 13:40:23.563 +01:00 [INF] Request starting HTTP/2 GET https://localhost:7025/lib/jquery-validation-unobtrusive/jquery.validate.unobtrusive.min.js - null null
2025-11-07 13:40:23.562 +01:00 [INF] Request starting HTTP/2 GET https://localhost:7025/lib/jquery-validation/dist/jquery.validate.min.js - null null
2025-11-07 13:40:23.570 +01:00 [INF] Request finished HTTP/2 GET https://localhost:7025/lib/jquery-validation/dist/jquery.validate.min.js - 404 0 null 7.0699ms
2025-11-07 13:40:23.571 +01:00 [INF] Request finished HTTP/2 GET https://localhost:7025/lib/jquery-validation-unobtrusive/jquery.validate.unobtrusive.min.js - 404 0 null 7.9969ms
2025-11-07 13:40:23.572 +01:00 [INF] Request reached the end of the middleware pipeline without being handled by application code. Request path: GET https://localhost:7025/lib/jquery-validation-unobtrusive/jquery.validate.unobtrusive.min.js, Response status code: 404
2025-11-07 13:40:23.572 +01:00 [INF] Request reached the end of the middleware pipeline without being handled by application code. Request path: GET https://localhost:7025/lib/jquery-validation/dist/jquery.validate.min.js, Response status code: 404
2025-11-07 13:40:24.286 +01:00 [INF] Request starting HTTP/2 POST https://localhost:7025/Identity/Account/Login - application/x-www-form-urlencoded 236
2025-11-07 13:40:24.312 +01:00 [INF] Executing endpoint '/Account/Login'
2025-11-07 13:40:24.313 +01:00 [INF] Route matched with {page = "/Account/Login", area = "Identity", action = "", controller = ""}. Executing page /Account/Login
2025-11-07 13:40:24.329 +01:00 [INF] Executing handler method Jam.Areas.Identity.Pages.Account.LoginModel.OnPostAsync - ModelState is "Valid"
2025-11-07 13:40:24.440 +01:00 [INF] AuthenticationScheme: Identity.Application signed in.
2025-11-07 13:40:24.441 +01:00 [INF] User logged in.
2025-11-07 13:40:24.441 +01:00 [INF] Executed handler method OnPostAsync, returned result Microsoft.AspNetCore.Mvc.LocalRedirectResult.
2025-11-07 13:40:24.441 +01:00 [INF] Executing LocalRedirectResult, redirecting to /.
2025-11-07 13:40:24.442 +01:00 [INF] Executed page /Account/Login in 128.6359ms
2025-11-07 13:40:24.442 +01:00 [INF] Executed endpoint '/Account/Login'
2025-11-07 13:40:24.442 +01:00 [INF] Request finished HTTP/2 POST https://localhost:7025/Identity/Account/Login - 302 0 null 155.8086ms
2025-11-07 13:40:24.471 +01:00 [INF] Request starting HTTP/2 GET https://localhost:7025/ - null null
2025-11-07 13:40:24.498 +01:00 [INF] Executing endpoint 'Jam.Controllers.HomeController.Index (Jam)'
2025-11-07 13:40:24.498 +01:00 [INF] Route matched with {action = "Index", controller = "Home", page = "", area = ""}. Executing controller action with signature System.Threading.Tasks.Task`1[Microsoft.AspNetCore.Mvc.IActionResult] Index() on controller Jam.Controllers.HomeController (Jam).
2025-11-07 13:40:24.553 +01:00 [INF] Executing ViewResult, running view Index.
2025-11-07 13:40:24.570 +01:00 [INF] Executed ViewResult - view Index executed in 18.8069ms.
2025-11-07 13:40:24.573 +01:00 [INF] Executed action Jam.Controllers.HomeController.Index (Jam) in 74.7414ms
2025-11-07 13:40:24.573 +01:00 [INF] Executed endpoint 'Jam.Controllers.HomeController.Index (Jam)'
2025-11-07 13:40:24.576 +01:00 [INF] Request finished HTTP/2 GET https://localhost:7025/ - 200 null text/html; charset=utf-8 129.2977ms
2025-11-07 13:40:25.702 +01:00 [INF] Request starting HTTP/2 GET https://localhost:7025/StoryEditing/EditStory?storyId=1 - null null
2025-11-07 13:40:25.729 +01:00 [INF] Executing endpoint 'Jam.Controllers.StoryEditingController.EditStory (Jam)'
2025-11-07 13:40:25.732 +01:00 [INF] Route matched with {action = "EditStory", controller = "StoryEditing", page = "", area = ""}. Executing controller action with signature System.Threading.Tasks.Task`1[Microsoft.AspNetCore.Mvc.IActionResult] EditStory(Int32) on controller Jam.Controllers.StoryEditingController (Jam).
2025-11-07 13:40:25.746 +01:00 [INF] Executing ViewResult, running view EditStory.
2025-11-07 13:40:25.797 +01:00 [INF] Executed ViewResult - view EditStory executed in 24.9019ms.
2025-11-07 13:40:25.798 +01:00 [INF] Executed action Jam.Controllers.StoryEditingController.EditStory (Jam) in 65.7234ms
2025-11-07 13:40:25.798 +01:00 [INF] Executed endpoint 'Jam.Controllers.StoryEditingController.EditStory (Jam)'
2025-11-07 13:40:25.799 +01:00 [INF] Request finished HTTP/2 GET https://localhost:7025/StoryEditing/EditStory?storyId=1 - 200 null text/html; charset=utf-8 96.8529ms
2025-11-07 13:40:27.284 +01:00 [INF] Request starting HTTP/2 GET https://localhost:7025/StoryEditing/EditStory - null null
2025-11-07 13:40:27.288 +01:00 [INF] Executing endpoint 'Jam.Controllers.StoryEditingController.EditStory (Jam)'
2025-11-07 13:40:27.288 +01:00 [INF] Route matched with {action = "EditStory", controller = "StoryEditing", page = "", area = ""}. Executing controller action with signature System.Threading.Tasks.Task`1[Microsoft.AspNetCore.Mvc.IActionResult] EditStory(Int32) on controller Jam.Controllers.StoryEditingController (Jam).
2025-11-07 13:40:27.291 +01:00 [WRN] [StoryRepository -> GetStoryById] Invalid story id 0 provided
2025-11-07 13:40:27.292 +01:00 [WRN] [StoryEditingController -> EditStory:GET] Story not found for storyId=0
2025-11-07 13:40:27.294 +01:00 [INF] Executing ViewResult, running view Error.
2025-11-07 13:40:27.327 +01:00 [INF] Executed ViewResult - view Error executed in 33.2668ms.
2025-11-07 13:40:27.401 +01:00 [INF] Executed action Jam.Controllers.StoryEditingController.EditStory (Jam) in 87.4193ms
2025-11-07 13:40:27.401 +01:00 [INF] Executed endpoint 'Jam.Controllers.StoryEditingController.EditStory (Jam)'
2025-11-07 13:40:27.402 +01:00 [INF] Request finished HTTP/2 GET https://localhost:7025/StoryEditing/EditStory - 200 null text/html; charset=utf-8 117.2994ms
2025-11-07 13:40:29.591 +01:00 [INF] Request starting HTTP/2 GET https://localhost:7025/StoryEditing/EditQuestionScenes?storyId=1 - null null
2025-11-07 13:40:29.596 +01:00 [INF] Executing endpoint 'Jam.Controllers.StoryEditingController.EditQuestionScenes (Jam)'
2025-11-07 13:40:29.606 +01:00 [INF] Route matched with {action = "EditQuestionScenes", controller = "StoryEditing", page = "", area = ""}. Executing controller action with signature System.Threading.Tasks.Task`1[Microsoft.AspNetCore.Mvc.IActionResult] EditQuestionScenes(Int32) on controller Jam.Controllers.StoryEditingController (Jam).
2025-11-07 13:40:29.672 +01:00 [INF] Executing ViewResult, running view EditQuestionScenes.
2025-11-07 13:40:29.696 +01:00 [INF] Executed ViewResult - view EditQuestionScenes executed in 24.6115ms.
2025-11-07 13:40:29.697 +01:00 [INF] Executed action Jam.Controllers.StoryEditingController.EditQuestionScenes (Jam) in 90.7581ms
2025-11-07 13:40:29.697 +01:00 [INF] Executed endpoint 'Jam.Controllers.StoryEditingController.EditQuestionScenes (Jam)'
2025-11-07 13:40:29.740 +01:00 [INF] Request finished HTTP/2 GET https://localhost:7025/StoryEditing/EditQuestionScenes?storyId=1 - 200 null text/html; charset=utf-8 149.822ms
2025-11-07 13:40:31.601 +01:00 [INF] Request starting HTTP/2 GET https://localhost:7025/StoryEditing/GetQuestionScenePartial?index=4 - null null
2025-11-07 13:40:31.604 +01:00 [INF] Executing endpoint 'Jam.Controllers.StoryEditingController.GetQuestionScenePartial (Jam)'
2025-11-07 13:40:31.606 +01:00 [INF] Route matched with {action = "GetQuestionScenePartial", controller = "StoryEditing", page = "", area = ""}. Executing controller action with signature Microsoft.AspNetCore.Mvc.IActionResult GetQuestionScenePartial(Int32) on controller Jam.Controllers.StoryEditingController (Jam).
2025-11-07 13:40:31.611 +01:00 [INF] Executing PartialViewResult, running view ~/Views/Shared/_QuestionScenePartial.cshtml.
2025-11-07 13:40:31.621 +01:00 [INF] Executed PartialViewResult - view ~/Views/Shared/_QuestionScenePartial.cshtml executed in 11.2789ms.
2025-11-07 13:40:31.621 +01:00 [INF] Executed action Jam.Controllers.StoryEditingController.GetQuestionScenePartial (Jam) in 14.7471ms
2025-11-07 13:40:31.621 +01:00 [INF] Executed endpoint 'Jam.Controllers.StoryEditingController.GetQuestionScenePartial (Jam)'
2025-11-07 13:40:31.622 +01:00 [INF] Request finished HTTP/2 GET https://localhost:7025/StoryEditing/GetQuestionScenePartial?index=4 - 200 null text/html; charset=utf-8 20.1733ms
2025-11-07 13:40:48.802 +01:00 [INF] Request starting HTTP/2 POST https://localhost:7025/StoryEditing/EditQuestionScenes - application/x-www-form-urlencoded 6793
2025-11-07 13:40:48.829 +01:00 [INF] Executing endpoint 'Jam.Controllers.StoryEditingController.EditQuestionScenes (Jam)'
2025-11-07 13:40:48.842 +01:00 [INF] Route matched with {action = "EditQuestionScenes", controller = "StoryEditing", page = "", area = ""}. Executing controller action with signature System.Threading.Tasks.Task`1[Microsoft.AspNetCore.Mvc.IActionResult] EditQuestionScenes(System.Collections.Generic.List`1[Jam.ViewModels.QuestionSceneBaseViewModel]) on controller Jam.Controllers.StoryEditingController (Jam).
2025-11-07 13:40:48.896 +01:00 [INF] Executing RedirectResult, redirecting to /StoryEditing/EditQuestionScenes?storyId=1.
2025-11-07 13:40:48.896 +01:00 [INF] Executed action Jam.Controllers.StoryEditingController.EditQuestionScenes (Jam) in 53.6763ms
2025-11-07 13:40:48.896 +01:00 [INF] Executed endpoint 'Jam.Controllers.StoryEditingController.EditQuestionScenes (Jam)'
2025-11-07 13:40:48.896 +01:00 [INF] Request finished HTTP/2 POST https://localhost:7025/StoryEditing/EditQuestionScenes - 302 0 null 94.6734ms
2025-11-07 13:40:48.954 +01:00 [INF] Request starting HTTP/2 GET https://localhost:7025/StoryEditing/EditQuestionScenes?storyId=1 - null null
2025-11-07 13:40:48.954 +01:00 [INF] Executing endpoint 'Jam.Controllers.StoryEditingController.EditQuestionScenes (Jam)'
2025-11-07 13:40:48.954 +01:00 [INF] Route matched with {action = "EditQuestionScenes", controller = "StoryEditing", page = "", area = ""}. Executing controller action with signature System.Threading.Tasks.Task`1[Microsoft.AspNetCore.Mvc.IActionResult] EditQuestionScenes(Int32) on controller Jam.Controllers.StoryEditingController (Jam).
2025-11-07 13:40:48.962 +01:00 [INF] Executing ViewResult, running view EditQuestionScenes.
2025-11-07 13:40:49.145 +01:00 [INF] Executed ViewResult - view EditQuestionScenes executed in 155.6872ms.
2025-11-07 13:40:49.145 +01:00 [INF] Executed action Jam.Controllers.StoryEditingController.EditQuestionScenes (Jam) in 190.4418ms
2025-11-07 13:40:49.145 +01:00 [INF] Executed endpoint 'Jam.Controllers.StoryEditingController.EditQuestionScenes (Jam)'
2025-11-07 13:40:49.145 +01:00 [INF] Request finished HTTP/2 GET https://localhost:7025/StoryEditing/EditQuestionScenes?storyId=1 - 200 null text/html; charset=utf-8 191.5727ms
2025-11-07 13:40:55.271 +01:00 [INF] Request starting HTTP/2 GET https://localhost:7025/ - null null
2025-11-07 13:40:55.273 +01:00 [INF] Executing endpoint 'Jam.Controllers.HomeController.Index (Jam)'
2025-11-07 13:40:55.273 +01:00 [INF] Route matched with {action = "Index", controller = "Home", page = "", area = ""}. Executing controller action with signature System.Threading.Tasks.Task`1[Microsoft.AspNetCore.Mvc.IActionResult] Index() on controller Jam.Controllers.HomeController (Jam).
2025-11-07 13:40:55.309 +01:00 [INF] Executing ViewResult, running view Index.
2025-11-07 13:40:55.340 +01:00 [INF] Executed ViewResult - view Index executed in 30.6267ms.
2025-11-07 13:40:55.341 +01:00 [INF] Executed action Jam.Controllers.HomeController.Index (Jam) in 67.7587ms
2025-11-07 13:40:55.341 +01:00 [INF] Executed endpoint 'Jam.Controllers.HomeController.Index (Jam)'
2025-11-07 13:40:55.342 +01:00 [INF] Request finished HTTP/2 GET https://localhost:7025/ - 200 null text/html; charset=utf-8 95.4369ms
2025-11-07 13:41:41.647 +01:00 [INF] Request starting HTTP/2 GET https://localhost:7025/StoryEditing/EditStory?storyId=1 - null null
2025-11-07 13:41:41.655 +01:00 [INF] Executing endpoint 'Jam.Controllers.StoryEditingController.EditStory (Jam)'
2025-11-07 13:41:41.655 +01:00 [INF] Route matched with {action = "EditStory", controller = "StoryEditing", page = "", area = ""}. Executing controller action with signature System.Threading.Tasks.Task`1[Microsoft.AspNetCore.Mvc.IActionResult] EditStory(Int32) on controller Jam.Controllers.StoryEditingController (Jam).
2025-11-07 13:41:41.661 +01:00 [INF] Executing ViewResult, running view EditStory.
2025-11-07 13:41:41.690 +01:00 [INF] Executed ViewResult - view EditStory executed in 28.2768ms.
2025-11-07 13:41:41.714 +01:00 [INF] Executed action Jam.Controllers.StoryEditingController.EditStory (Jam) in 58.8051ms
2025-11-07 13:41:41.715 +01:00 [INF] Executed endpoint 'Jam.Controllers.StoryEditingController.EditStory (Jam)'
2025-11-07 13:41:41.761 +01:00 [INF] Request finished HTTP/2 GET https://localhost:7025/StoryEditing/EditStory?storyId=1 - 200 null text/html; charset=utf-8 114.4897ms
2025-11-07 13:41:42.779 +01:00 [INF] Request starting HTTP/2 GET https://localhost:7025/StoryEditing/EditIntroScene?storyId=1 - null null
2025-11-07 13:41:42.781 +01:00 [INF] Executing endpoint 'Jam.Controllers.StoryEditingController.EditIntroScene (Jam)'
2025-11-07 13:41:42.787 +01:00 [INF] Route matched with {action = "EditIntroScene", controller = "StoryEditing", page = "", area = ""}. Executing controller action with signature System.Threading.Tasks.Task`1[Microsoft.AspNetCore.Mvc.IActionResult] EditIntroScene(Int32) on controller Jam.Controllers.StoryEditingController (Jam).
2025-11-07 13:41:42.796 +01:00 [INF] Executing ViewResult, running view EditIntroScene.
2025-11-07 13:41:42.805 +01:00 [INF] Executed ViewResult - view EditIntroScene executed in 9.7997ms.
2025-11-07 13:41:42.806 +01:00 [INF] Executed action Jam.Controllers.StoryEditingController.EditIntroScene (Jam) in 19.2268ms
2025-11-07 13:41:42.807 +01:00 [INF] Executed endpoint 'Jam.Controllers.StoryEditingController.EditIntroScene (Jam)'
2025-11-07 13:41:42.807 +01:00 [INF] Request finished HTTP/2 GET https://localhost:7025/StoryEditing/EditIntroScene?storyId=1 - 200 null text/html; charset=utf-8 27.8797ms
2025-11-07 13:41:43.887 +01:00 [INF] Request starting HTTP/2 GET https://localhost:7025/StoryEditing/EditStory - null null
2025-11-07 13:41:43.888 +01:00 [INF] Executing endpoint 'Jam.Controllers.StoryEditingController.EditStory (Jam)'
2025-11-07 13:41:43.888 +01:00 [INF] Route matched with {action = "EditStory", controller = "StoryEditing", page = "", area = ""}. Executing controller action with signature System.Threading.Tasks.Task`1[Microsoft.AspNetCore.Mvc.IActionResult] EditStory(Int32) on controller Jam.Controllers.StoryEditingController (Jam).
2025-11-07 13:41:43.891 +01:00 [WRN] [StoryRepository -> GetStoryById] Invalid story id 0 provided
2025-11-07 13:41:43.892 +01:00 [WRN] [StoryEditingController -> EditStory:GET] Story not found for storyId=0
2025-11-07 13:41:43.893 +01:00 [INF] Executing ViewResult, running view Error.
2025-11-07 13:41:43.962 +01:00 [INF] Executed ViewResult - view Error executed in 68.6802ms.
2025-11-07 13:41:43.963 +01:00 [INF] Executed action Jam.Controllers.StoryEditingController.EditStory (Jam) in 74.593ms
2025-11-07 13:41:43.963 +01:00 [INF] Executed endpoint 'Jam.Controllers.StoryEditingController.EditStory (Jam)'
2025-11-07 13:41:43.964 +01:00 [INF] Request finished HTTP/2 GET https://localhost:7025/StoryEditing/EditStory - 200 null text/html; charset=utf-8 77.0194ms
