2025-10-30 11:25:52.437 +01:00 [INF] Applying migration '20251024065541_InitialCreate'.
2025-10-30 11:25:52.942 +01:00 [INF] User profile is available. Using '/Users/michaelnedgaardisaksen/.aspnet/DataProtection-Keys' as key repository; keys will not be encrypted at rest.
2025-10-30 11:25:53.154 +01:00 [INF] Now listening on: https://localhost:7025
2025-10-30 11:25:53.154 +01:00 [INF] Now listening on: http://localhost:5262
2025-10-30 11:25:53.158 +01:00 [INF] Application started. Press Ctrl+C to shut down.
2025-10-30 11:25:53.159 +01:00 [INF] Hosting environment: Development
2025-10-30 11:25:53.159 +01:00 [INF] Content root path: /Users/michaelnedgaardisaksen/Documents/ITPE3100_Webapplikasjoner/Demo-Jam/Jam
2025-10-30 11:25:53.673 +01:00 [INF] Request starting HTTP/2 GET https://localhost:7025/ - null null
2025-10-30 11:25:53.685 +01:00 [INF] Executing endpoint 'Jam.Controllers.HomeController.Index (Jam)'
2025-10-30 11:25:53.740 +01:00 [INF] Route matched with {action = "Index", controller = "Home"}. Executing controller action with signature System.Threading.Tasks.Task`1[Microsoft.AspNetCore.Mvc.IActionResult] Index() on controller Jam.Controllers.HomeController (Jam).
2025-10-30 11:25:54.109 +01:00 [INF] Executing ViewResult, running view Index.
2025-10-30 11:25:54.155 +01:00 [INF] Executed ViewResult - view Index executed in 44.6105ms.
2025-10-30 11:25:54.160 +01:00 [INF] Executed action Jam.Controllers.HomeController.Index (Jam) in 418.7896ms
2025-10-30 11:25:54.161 +01:00 [INF] Executed endpoint 'Jam.Controllers.HomeController.Index (Jam)'
2025-10-30 11:25:54.165 +01:00 [INF] Request finished HTTP/2 GET https://localhost:7025/ - 200 null text/html; charset=utf-8 493.4239ms
2025-10-30 11:25:57.537 +01:00 [INF] Request starting HTTP/2 GET https://localhost:7025/StoryCreation/CreateStoryAndIntro - null null
2025-10-30 11:25:57.590 +01:00 [INF] Executing endpoint 'Jam.Controllers.StoryCreationController.CreateStoryAndIntro (Jam)'
2025-10-30 11:25:57.596 +01:00 [INF] Route matched with {action = "CreateStoryAndIntro", controller = "StoryCreation"}. Executing controller action with signature Microsoft.AspNetCore.Mvc.IActionResult CreateStoryAndIntro() on controller Jam.Controllers.StoryCreationController (Jam).
2025-10-30 11:25:57.608 +01:00 [INF] Executing ViewResult, running view CreateStoryAndIntro.
2025-10-30 11:25:57.648 +01:00 [INF] Executed ViewResult - view CreateStoryAndIntro executed in 41.5205ms.
2025-10-30 11:25:57.699 +01:00 [INF] Executed action Jam.Controllers.StoryCreationController.CreateStoryAndIntro (Jam) in 102.9765ms
2025-10-30 11:25:57.699 +01:00 [INF] Executed endpoint 'Jam.Controllers.StoryCreationController.CreateStoryAndIntro (Jam)'
2025-10-30 11:25:57.700 +01:00 [INF] Request finished HTTP/2 GET https://localhost:7025/StoryCreation/CreateStoryAndIntro - 200 null text/html; charset=utf-8 162.33ms
2025-10-30 11:26:26.652 +01:00 [INF] Request starting HTTP/2 POST https://localhost:7025/StoryCreation/CreateStoryAndIntro - application/x-www-form-urlencoded 317
2025-10-30 11:26:26.684 +01:00 [INF] Executing endpoint 'Jam.Controllers.StoryCreationController.CreateStoryAndIntro (Jam)'
2025-10-30 11:26:26.700 +01:00 [INF] Route matched with {action = "CreateStoryAndIntro", controller = "StoryCreation"}. Executing controller action with signature System.Threading.Tasks.Task`1[Microsoft.AspNetCore.Mvc.IActionResult] CreateStoryAndIntro(Jam.ViewModels.StoryCreation.CreateStoryAndIntroViewModel) on controller Jam.Controllers.StoryCreationController (Jam).
2025-10-30 11:26:26.765 +01:00 [INF] Executing RedirectResult, redirecting to /StoryCreation/CreateQuestionScene?storyId=4.
2025-10-30 11:26:26.765 +01:00 [INF] Executed action Jam.Controllers.StoryCreationController.CreateStoryAndIntro (Jam) in 64.9151ms
2025-10-30 11:26:26.765 +01:00 [INF] Executed endpoint 'Jam.Controllers.StoryCreationController.CreateStoryAndIntro (Jam)'
2025-10-30 11:26:26.765 +01:00 [INF] Request finished HTTP/2 POST https://localhost:7025/StoryCreation/CreateStoryAndIntro - 302 0 null 161.6745ms
2025-10-30 11:26:26.797 +01:00 [INF] Request starting HTTP/2 GET https://localhost:7025/StoryCreation/CreateQuestionScene?storyId=4 - null null
2025-10-30 11:26:26.797 +01:00 [INF] Request finished HTTP/2 GET https://localhost:7025/StoryCreation/CreateQuestionScene?storyId=4 - 404 0 null 0.5503ms
2025-10-30 11:26:26.797 +01:00 [INF] Request reached the end of the middleware pipeline without being handled by application code. Request path: GET https://localhost:7025/StoryCreation/CreateQuestionScene, Response status code: 404
