2025-11-06 14:10:45.417 +01:00 [INF] User profile is available. Using '/Users/jaraazad/.aspnet/DataProtection-Keys' as key repository; keys will not be encrypted at rest.
2025-11-06 14:10:45.979 +01:00 [INF] Applying migration '20251024065541_InitialCreate'.
2025-11-06 14:10:46.025 +01:00 [INF] Applying migration '20251101105657_AddIdentitySupport'.
2025-11-06 14:10:46.090 +01:00 [INF] Applying migration '20251103080324_UpdateNextQuestionSceneDeleteBehavior'.
2025-11-06 14:10:47.082 +01:00 [INF] Now listening on: https://localhost:7025
2025-11-06 14:10:47.083 +01:00 [INF] Now listening on: http://localhost:5262
2025-11-06 14:10:47.090 +01:00 [INF] Application started. Press Ctrl+C to shut down.
2025-11-06 14:10:47.092 +01:00 [INF] Hosting environment: Development
2025-11-06 14:10:47.092 +01:00 [INF] Content root path: /Users/jaraazad/Desktop/Jam
2025-11-06 14:10:47.428 +01:00 [INF] Request starting HTTP/2 GET https://localhost:7025/ - null null
2025-11-06 14:10:47.466 +01:00 [INF] Executing endpoint 'Jam.Controllers.HomeController.Index (Jam)'
2025-11-06 14:10:47.474 +01:00 [INF] Route matched with {action = "Index", controller = "Home", page = "", area = ""}. Executing controller action with signature System.Threading.Tasks.Task`1[Microsoft.AspNetCore.Mvc.IActionResult] Index() on controller Jam.Controllers.HomeController (Jam).
2025-11-06 14:10:47.486 +01:00 [WRN] [HomeController -> Index] Auth cookie invalid or user no longer exists. Redirecting to login.
2025-11-06 14:10:47.489 +01:00 [INF] AuthenticationScheme: Identity.Application signed out.
2025-11-06 14:10:47.489 +01:00 [INF] AuthenticationScheme: Identity.External signed out.
2025-11-06 14:10:47.490 +01:00 [INF] AuthenticationScheme: Identity.TwoFactorUserId signed out.
2025-11-06 14:10:47.490 +01:00 [INF] Executing LocalRedirectResult, redirecting to /Identity/Account/Login.
2025-11-06 14:10:47.492 +01:00 [INF] Executed action Jam.Controllers.HomeController.Index (Jam) in 16.997ms
2025-11-06 14:10:47.493 +01:00 [INF] Executed endpoint 'Jam.Controllers.HomeController.Index (Jam)'
2025-11-06 14:10:47.498 +01:00 [INF] Request finished HTTP/2 GET https://localhost:7025/ - 302 0 null 71.2232ms
2025-11-06 14:10:47.504 +01:00 [INF] Request starting HTTP/2 GET https://localhost:7025/Identity/Account/Login - null null
2025-11-06 14:10:47.506 +01:00 [INF] Executing endpoint '/Account/Login'
2025-11-06 14:10:47.521 +01:00 [INF] Route matched with {page = "/Account/Login", area = "Identity", action = "", controller = ""}. Executing page /Account/Login
2025-11-06 14:10:47.562 +01:00 [INF] Executing handler method Jam.Areas.Identity.Pages.Account.LoginModel.OnGetAsync - ModelState is "Valid"
2025-11-06 14:10:47.568 +01:00 [INF] AuthenticationScheme: Identity.External signed out.
2025-11-06 14:10:47.571 +01:00 [INF] Executed handler method OnGetAsync, returned result .
2025-11-06 14:10:47.573 +01:00 [INF] Executing an implicit handler method - ModelState is "Valid"
2025-11-06 14:10:47.573 +01:00 [INF] Executed an implicit handler method, returned result Microsoft.AspNetCore.Mvc.RazorPages.PageResult.
2025-11-06 14:10:47.643 +01:00 [INF] Executed page /Account/Login in 121.5148ms
2025-11-06 14:10:47.643 +01:00 [INF] Executed endpoint '/Account/Login'
2025-11-06 14:10:47.646 +01:00 [INF] Request finished HTTP/2 GET https://localhost:7025/Identity/Account/Login - 200 null text/html; charset=utf-8 142.2725ms
2025-11-06 14:10:47.719 +01:00 [INF] Request starting HTTP/2 GET https://localhost:7025/lib/jquery-validation/dist/jquery.validate.min.js - null null
2025-11-06 14:10:47.719 +01:00 [INF] Request starting HTTP/2 GET https://localhost:7025/lib/jquery-validation-unobtrusive/jquery.validate.unobtrusive.min.js - null null
2025-11-06 14:10:47.722 +01:00 [INF] Request finished HTTP/2 GET https://localhost:7025/lib/jquery-validation/dist/jquery.validate.min.js - 404 0 null 50.5057ms
2025-11-06 14:10:47.722 +01:00 [INF] Request finished HTTP/2 GET https://localhost:7025/lib/jquery-validation-unobtrusive/jquery.validate.unobtrusive.min.js - 404 0 null 2.5834ms
2025-11-06 14:10:47.722 +01:00 [INF] Request reached the end of the middleware pipeline without being handled by application code. Request path: GET https://localhost:7025/lib/jquery-validation/dist/jquery.validate.min.js, Response status code: 404
2025-11-06 14:10:47.722 +01:00 [INF] Request reached the end of the middleware pipeline without being handled by application code. Request path: GET https://localhost:7025/lib/jquery-validation-unobtrusive/jquery.validate.unobtrusive.min.js, Response status code: 404
2025-11-06 14:10:48.537 +01:00 [INF] Request starting HTTP/2 POST https://localhost:7025/Identity/Account/Login - application/x-www-form-urlencoded 236
2025-11-06 14:10:48.549 +01:00 [INF] Executing endpoint '/Account/Login'
2025-11-06 14:10:48.551 +01:00 [INF] Route matched with {page = "/Account/Login", area = "Identity", action = "", controller = ""}. Executing page /Account/Login
2025-11-06 14:10:48.587 +01:00 [INF] Executing handler method Jam.Areas.Identity.Pages.Account.LoginModel.OnPostAsync - ModelState is "Valid"
2025-11-06 14:10:48.704 +01:00 [INF] AuthenticationScheme: Identity.Application signed in.
2025-11-06 14:10:48.705 +01:00 [INF] User logged in.
2025-11-06 14:10:48.706 +01:00 [INF] Executed handler method OnPostAsync, returned result Microsoft.AspNetCore.Mvc.LocalRedirectResult.
2025-11-06 14:10:48.706 +01:00 [INF] Executing LocalRedirectResult, redirecting to /.
2025-11-06 14:10:48.706 +01:00 [INF] Executed page /Account/Login in 155.3679ms
2025-11-06 14:10:48.706 +01:00 [INF] Executed endpoint '/Account/Login'
2025-11-06 14:10:48.707 +01:00 [INF] Request finished HTTP/2 POST https://localhost:7025/Identity/Account/Login - 302 0 null 169.7382ms
2025-11-06 14:10:48.761 +01:00 [INF] Request starting HTTP/2 GET https://localhost:7025/ - null null
2025-11-06 14:10:48.763 +01:00 [INF] Executing endpoint 'Jam.Controllers.HomeController.Index (Jam)'
2025-11-06 14:10:48.763 +01:00 [INF] Route matched with {action = "Index", controller = "Home", page = "", area = ""}. Executing controller action with signature System.Threading.Tasks.Task`1[Microsoft.AspNetCore.Mvc.IActionResult] Index() on controller Jam.Controllers.HomeController (Jam).
2025-11-06 14:10:48.799 +01:00 [INF] Executing ViewResult, running view Index.
2025-11-06 14:10:48.865 +01:00 [INF] Executed ViewResult - view Index executed in 41.8709ms.
2025-11-06 14:10:48.892 +01:00 [INF] Executed action Jam.Controllers.HomeController.Index (Jam) in 129.5197ms
2025-11-06 14:10:48.893 +01:00 [INF] Executed endpoint 'Jam.Controllers.HomeController.Index (Jam)'
2025-11-06 14:10:48.893 +01:00 [INF] Request finished HTTP/2 GET https://localhost:7025/ - 200 null text/html; charset=utf-8 132.173ms
2025-11-06 14:10:49.850 +01:00 [INF] Request starting HTTP/2 GET https://localhost:7025/StoryCreation/CreateStoryAndIntro - null null
2025-11-06 14:10:49.858 +01:00 [INF] Executing endpoint 'Jam.Controllers.StoryCreationController.CreateStoryAndIntro (Jam)'
2025-11-06 14:10:49.862 +01:00 [INF] Route matched with {action = "CreateStoryAndIntro", controller = "StoryCreation", page = "", area = ""}. Executing controller action with signature Microsoft.AspNetCore.Mvc.IActionResult CreateStoryAndIntro() on controller Jam.Controllers.StoryCreationController (Jam).
2025-11-06 14:10:49.866 +01:00 [INF] Accessing expired session, Key:2d0cc344-df3d-072e-4af7-3508e4f5cd8c
2025-11-06 14:10:49.875 +01:00 [INF] Executing ViewResult, running view CreateStoryAndIntro.
2025-11-06 14:10:49.960 +01:00 [INF] Executed ViewResult - view CreateStoryAndIntro executed in 85.5273ms.
2025-11-06 14:10:49.960 +01:00 [INF] Executed action Jam.Controllers.StoryCreationController.CreateStoryAndIntro (Jam) in 97.7417ms
2025-11-06 14:10:49.961 +01:00 [INF] Executed endpoint 'Jam.Controllers.StoryCreationController.CreateStoryAndIntro (Jam)'
2025-11-06 14:10:49.961 +01:00 [INF] Request finished HTTP/2 GET https://localhost:7025/StoryCreation/CreateStoryAndIntro - 200 null text/html; charset=utf-8 110.7977ms
2025-11-06 14:10:54.882 +01:00 [INF] Request starting HTTP/2 POST https://localhost:7025/StoryCreation/CreateStoryAndIntro - application/x-www-form-urlencoded 310
2025-11-06 14:10:54.914 +01:00 [INF] Executing endpoint 'Jam.Controllers.StoryCreationController.CreateStoryAndIntro (Jam)'
2025-11-06 14:10:54.923 +01:00 [INF] Route matched with {action = "CreateStoryAndIntro", controller = "StoryCreation", page = "", area = ""}. Executing controller action with signature Microsoft.AspNetCore.Mvc.IActionResult CreateStoryAndIntro(Jam.ViewModels.StoryCreation.CreateStoryAndIntroViewModel) on controller Jam.Controllers.StoryCreationController (Jam).
2025-11-06 14:10:54.934 +01:00 [INF] Accessing expired session, Key:2d0cc344-df3d-072e-4af7-3508e4f5cd8c
2025-11-06 14:10:54.957 +01:00 [INF] Executing RedirectResult, redirecting to /StoryCreation/CreateQuestionScenes.
2025-11-06 14:10:54.958 +01:00 [INF] Executed action Jam.Controllers.StoryCreationController.CreateStoryAndIntro (Jam) in 34.6212ms
2025-11-06 14:10:54.958 +01:00 [INF] Executed endpoint 'Jam.Controllers.StoryCreationController.CreateStoryAndIntro (Jam)'
2025-11-06 14:10:54.958 +01:00 [INF] Session started; Key:2d0cc344-df3d-072e-4af7-3508e4f5cd8c, Id:8af83acc-04fd-ec51-e215-b84fa0ab00c7
2025-11-06 14:10:54.958 +01:00 [INF] Request finished HTTP/2 POST https://localhost:7025/StoryCreation/CreateStoryAndIntro - 302 0 null 97.982ms
2025-11-06 14:10:54.963 +01:00 [INF] Request starting HTTP/2 GET https://localhost:7025/StoryCreation/CreateQuestionScenes - null null
2025-11-06 14:10:54.964 +01:00 [INF] Executing endpoint 'Jam.Controllers.StoryCreationController.CreateQuestionScenes (Jam)'
2025-11-06 14:10:54.965 +01:00 [INF] Route matched with {action = "CreateQuestionScenes", controller = "StoryCreation", page = "", area = ""}. Executing controller action with signature Microsoft.AspNetCore.Mvc.IActionResult CreateQuestionScenes() on controller Jam.Controllers.StoryCreationController (Jam).
2025-11-06 14:10:54.969 +01:00 [INF] Executing ViewResult, running view CreateQuestionScenes.
2025-11-06 14:10:55.113 +01:00 [INF] Executed ViewResult - view CreateQuestionScenes executed in 144.0497ms.
2025-11-06 14:10:55.113 +01:00 [INF] Executed action Jam.Controllers.StoryCreationController.CreateQuestionScenes (Jam) in 147.8634ms
2025-11-06 14:10:55.113 +01:00 [INF] Executed endpoint 'Jam.Controllers.StoryCreationController.CreateQuestionScenes (Jam)'
2025-11-06 14:10:55.113 +01:00 [INF] Request finished HTTP/2 GET https://localhost:7025/StoryCreation/CreateQuestionScenes - 200 null text/html; charset=utf-8 150.152ms
2025-11-06 14:10:59.026 +01:00 [INF] Request starting HTTP/2 GET https://localhost:7025/StoryCreation/GetQuestionScenePartial?index=2 - null null
2025-11-06 14:10:59.028 +01:00 [INF] Executing endpoint 'Jam.Controllers.StoryCreationController.GetQuestionScenePartial (Jam)'
2025-11-06 14:10:59.031 +01:00 [INF] Route matched with {action = "GetQuestionScenePartial", controller = "StoryCreation", page = "", area = ""}. Executing controller action with signature Microsoft.AspNetCore.Mvc.IActionResult GetQuestionScenePartial(Int32) on controller Jam.Controllers.StoryCreationController (Jam).
2025-11-06 14:10:59.042 +01:00 [INF] Executing PartialViewResult, running view _QuestionScenePartial.
2025-11-06 14:10:59.052 +01:00 [INF] Executed PartialViewResult - view _QuestionScenePartial executed in 10.7076ms.
2025-11-06 14:10:59.052 +01:00 [INF] Executed action Jam.Controllers.StoryCreationController.GetQuestionScenePartial (Jam) in 21.1767ms
2025-11-06 14:10:59.052 +01:00 [INF] Executed endpoint 'Jam.Controllers.StoryCreationController.GetQuestionScenePartial (Jam)'
2025-11-06 14:10:59.052 +01:00 [INF] Request finished HTTP/2 GET https://localhost:7025/StoryCreation/GetQuestionScenePartial?index=2 - 200 null text/html; charset=utf-8 26.6554ms
