2025-11-07 19:54:45.561 +01:00 [INF] User profile is available. Using '/Users/jaraazad/.aspnet/DataProtection-Keys' as key repository; keys will not be encrypted at rest.
2025-11-07 19:54:46.063 +01:00 [INF] Applying migration '20251024065541_InitialCreate'.
2025-11-07 19:54:46.129 +01:00 [INF] Applying migration '20251101105657_AddIdentitySupport'.
2025-11-07 19:54:46.237 +01:00 [INF] Applying migration '20251103080324_UpdateNextQuestionSceneDeleteBehavior'.
2025-11-07 19:54:47.247 +01:00 [INF] Now listening on: https://localhost:7025
2025-11-07 19:54:47.248 +01:00 [INF] Now listening on: http://localhost:5262
2025-11-07 19:54:47.252 +01:00 [INF] Application started. Press Ctrl+C to shut down.
2025-11-07 19:54:47.253 +01:00 [INF] Hosting environment: Development
2025-11-07 19:54:47.254 +01:00 [INF] Content root path: /Users/jaraazad/Desktop/Jam
2025-11-07 19:54:47.603 +01:00 [INF] Request starting HTTP/2 GET https://localhost:7025/ - null null
2025-11-07 19:54:47.640 +01:00 [INF] Executing endpoint 'Jam.Controllers.HomeController.Index (Jam)'
2025-11-07 19:54:47.648 +01:00 [INF] Route matched with {action = "Index", controller = "Home", page = "", area = ""}. Executing controller action with signature System.Threading.Tasks.Task`1[Microsoft.AspNetCore.Mvc.IActionResult] Index() on controller Jam.Controllers.HomeController (Jam).
2025-11-07 19:54:47.662 +01:00 [WRN] [HomeController -> Index] Auth cookie invalid or user no longer exists. Redirecting to login.
2025-11-07 19:54:47.665 +01:00 [INF] AuthenticationScheme: Identity.Application signed out.
2025-11-07 19:54:47.666 +01:00 [INF] AuthenticationScheme: Identity.External signed out.
2025-11-07 19:54:47.667 +01:00 [INF] AuthenticationScheme: Identity.TwoFactorUserId signed out.
2025-11-07 19:54:47.668 +01:00 [INF] Executing LocalRedirectResult, redirecting to /Identity/Account/Login.
2025-11-07 19:54:47.670 +01:00 [INF] Executed action Jam.Controllers.HomeController.Index (Jam) in 20.5682ms
2025-11-07 19:54:47.671 +01:00 [INF] Executed endpoint 'Jam.Controllers.HomeController.Index (Jam)'
2025-11-07 19:54:47.676 +01:00 [INF] Request finished HTTP/2 GET https://localhost:7025/ - 302 0 null 78.0948ms
2025-11-07 19:54:47.730 +01:00 [INF] Request starting HTTP/2 GET https://localhost:7025/Identity/Account/Login - null null
2025-11-07 19:54:47.734 +01:00 [INF] Executing endpoint '/Account/Login'
2025-11-07 19:54:47.753 +01:00 [INF] Route matched with {page = "/Account/Login", area = "Identity", action = "", controller = ""}. Executing page /Account/Login
2025-11-07 19:54:47.762 +01:00 [INF] Executing handler method Jam.Areas.Identity.Pages.Account.LoginModel.OnGetAsync - ModelState is "Valid"
2025-11-07 19:54:47.763 +01:00 [INF] AuthenticationScheme: Identity.External signed out.
2025-11-07 19:54:47.764 +01:00 [INF] Executed handler method OnGetAsync, returned result .
2025-11-07 19:54:47.765 +01:00 [INF] Executing an implicit handler method - ModelState is "Valid"
2025-11-07 19:54:47.765 +01:00 [INF] Executed an implicit handler method, returned result Microsoft.AspNetCore.Mvc.RazorPages.PageResult.
2025-11-07 19:54:47.817 +01:00 [INF] Executed page /Account/Login in 62.9283ms
2025-11-07 19:54:47.818 +01:00 [INF] Executed endpoint '/Account/Login'
2025-11-07 19:54:47.822 +01:00 [INF] Request finished HTTP/2 GET https://localhost:7025/Identity/Account/Login - 200 null text/html; charset=utf-8 92.4653ms
2025-11-07 19:54:47.849 +01:00 [INF] Request starting HTTP/2 GET https://localhost:7025/lib/jquery-validation/dist/jquery.validate.min.js - null null
2025-11-07 19:54:47.857 +01:00 [INF] Request starting HTTP/2 GET https://localhost:7025/lib/jquery-validation-unobtrusive/jquery.validate.unobtrusive.min.js - null null
2025-11-07 19:54:47.868 +01:00 [INF] Request finished HTTP/2 GET https://localhost:7025/lib/jquery-validation/dist/jquery.validate.min.js - 404 0 null 18.4055ms
2025-11-07 19:54:47.868 +01:00 [INF] Request finished HTTP/2 GET https://localhost:7025/lib/jquery-validation-unobtrusive/jquery.validate.unobtrusive.min.js - 404 0 null 10.862ms
2025-11-07 19:54:47.869 +01:00 [INF] Request reached the end of the middleware pipeline without being handled by application code. Request path: GET https://localhost:7025/lib/jquery-validation/dist/jquery.validate.min.js, Response status code: 404
2025-11-07 19:54:47.869 +01:00 [INF] Request reached the end of the middleware pipeline without being handled by application code. Request path: GET https://localhost:7025/lib/jquery-validation-unobtrusive/jquery.validate.unobtrusive.min.js, Response status code: 404
2025-11-07 19:54:49.789 +01:00 [INF] Request starting HTTP/2 POST https://localhost:7025/Identity/Account/Login - application/x-www-form-urlencoded 236
2025-11-07 19:54:49.817 +01:00 [INF] Executing endpoint '/Account/Login'
2025-11-07 19:54:49.819 +01:00 [INF] Route matched with {page = "/Account/Login", area = "Identity", action = "", controller = ""}. Executing page /Account/Login
2025-11-07 19:54:49.851 +01:00 [INF] Executing handler method Jam.Areas.Identity.Pages.Account.LoginModel.OnPostAsync - ModelState is "Valid"
2025-11-07 19:54:49.970 +01:00 [INF] AuthenticationScheme: Identity.Application signed in.
2025-11-07 19:54:49.971 +01:00 [INF] User logged in.
2025-11-07 19:54:49.971 +01:00 [INF] Executed handler method OnPostAsync, returned result Microsoft.AspNetCore.Mvc.LocalRedirectResult.
2025-11-07 19:54:49.971 +01:00 [INF] Executing LocalRedirectResult, redirecting to /.
2025-11-07 19:54:49.971 +01:00 [INF] Executed page /Account/Login in 152.261ms
2025-11-07 19:54:49.971 +01:00 [INF] Executed endpoint '/Account/Login'
2025-11-07 19:54:49.971 +01:00 [INF] Request finished HTTP/2 POST https://localhost:7025/Identity/Account/Login - 302 0 null 182.5831ms
2025-11-07 19:54:50.046 +01:00 [INF] Request starting HTTP/2 GET https://localhost:7025/ - null null
2025-11-07 19:54:50.048 +01:00 [INF] Executing endpoint 'Jam.Controllers.HomeController.Index (Jam)'
2025-11-07 19:54:50.048 +01:00 [INF] Route matched with {action = "Index", controller = "Home", page = "", area = ""}. Executing controller action with signature System.Threading.Tasks.Task`1[Microsoft.AspNetCore.Mvc.IActionResult] Index() on controller Jam.Controllers.HomeController (Jam).
2025-11-07 19:54:50.100 +01:00 [INF] Executing ViewResult, running view Index.
2025-11-07 19:54:50.116 +01:00 [INF] Executed ViewResult - view Index executed in 16.0548ms.
2025-11-07 19:54:50.116 +01:00 [INF] Executed action Jam.Controllers.HomeController.Index (Jam) in 68.2001ms
2025-11-07 19:54:50.116 +01:00 [INF] Executed endpoint 'Jam.Controllers.HomeController.Index (Jam)'
2025-11-07 19:54:50.117 +01:00 [INF] Request finished HTTP/2 GET https://localhost:7025/ - 200 null text/html; charset=utf-8 121.2457ms
2025-11-07 19:54:52.019 +01:00 [INF] Request starting HTTP/2 GET https://localhost:7025/StoryCreation/CreateStoryAndIntro - null null
2025-11-07 19:54:52.027 +01:00 [INF] Executing endpoint 'Jam.Controllers.StoryCreationController.CreateStoryAndIntro (Jam)'
2025-11-07 19:54:52.030 +01:00 [INF] Route matched with {action = "CreateStoryAndIntro", controller = "StoryCreation", page = "", area = ""}. Executing controller action with signature Microsoft.AspNetCore.Mvc.IActionResult CreateStoryAndIntro() on controller Jam.Controllers.StoryCreationController (Jam).
2025-11-07 19:54:52.034 +01:00 [INF] Accessing expired session, Key:81240ac2-d632-8b42-bfc2-321f7eaa06ba
2025-11-07 19:54:52.041 +01:00 [INF] Executing ViewResult, running view CreateStoryAndIntro.
2025-11-07 19:54:52.151 +01:00 [INF] Executed ViewResult - view CreateStoryAndIntro executed in 111.4566ms.
2025-11-07 19:54:52.176 +01:00 [INF] Executed action Jam.Controllers.StoryCreationController.CreateStoryAndIntro (Jam) in 145.6754ms
2025-11-07 19:54:52.176 +01:00 [INF] Executed endpoint 'Jam.Controllers.StoryCreationController.CreateStoryAndIntro (Jam)'
2025-11-07 19:54:52.176 +01:00 [INF] Request finished HTTP/2 GET https://localhost:7025/StoryCreation/CreateStoryAndIntro - 200 null text/html; charset=utf-8 157.5102ms
2025-11-07 19:54:57.419 +01:00 [INF] Request starting HTTP/2 POST https://localhost:7025/StoryCreation/CreateStoryAndIntro - application/x-www-form-urlencoded 305
2025-11-07 19:54:57.473 +01:00 [INF] Executing endpoint 'Jam.Controllers.StoryCreationController.CreateStoryAndIntro (Jam)'
2025-11-07 19:54:57.485 +01:00 [INF] Route matched with {action = "CreateStoryAndIntro", controller = "StoryCreation", page = "", area = ""}. Executing controller action with signature Microsoft.AspNetCore.Mvc.IActionResult CreateStoryAndIntro(Jam.ViewModels.StoryCreation.CreateStoryAndIntroViewModel, System.String) on controller Jam.Controllers.StoryCreationController (Jam).
2025-11-07 19:54:57.493 +01:00 [INF] Accessing expired session, Key:81240ac2-d632-8b42-bfc2-321f7eaa06ba
2025-11-07 19:54:57.529 +01:00 [INF] Executing RedirectResult, redirecting to /StoryCreation/CreateQuestionScenes.
2025-11-07 19:54:57.529 +01:00 [INF] Executed action Jam.Controllers.StoryCreationController.CreateStoryAndIntro (Jam) in 43.6933ms
2025-11-07 19:54:57.529 +01:00 [INF] Executed endpoint 'Jam.Controllers.StoryCreationController.CreateStoryAndIntro (Jam)'
2025-11-07 19:54:57.530 +01:00 [INF] Session started; Key:81240ac2-d632-8b42-bfc2-321f7eaa06ba, Id:967e5c73-fd0a-c9d5-dbe6-502a0aef76ed
2025-11-07 19:54:57.530 +01:00 [INF] Request finished HTTP/2 POST https://localhost:7025/StoryCreation/CreateStoryAndIntro - 302 0 null 112.0614ms
2025-11-07 19:54:57.535 +01:00 [INF] Request starting HTTP/2 GET https://localhost:7025/StoryCreation/CreateQuestionScenes - null null
2025-11-07 19:54:57.559 +01:00 [INF] Executing endpoint 'Jam.Controllers.StoryCreationController.CreateQuestionScenes (Jam)'
2025-11-07 19:54:57.561 +01:00 [INF] Route matched with {action = "CreateQuestionScenes", controller = "StoryCreation", page = "", area = ""}. Executing controller action with signature Microsoft.AspNetCore.Mvc.IActionResult CreateQuestionScenes() on controller Jam.Controllers.StoryCreationController (Jam).
2025-11-07 19:54:57.566 +01:00 [INF] Executing ViewResult, running view CreateQuestionScenes.
2025-11-07 19:54:57.669 +01:00 [INF] Executed ViewResult - view CreateQuestionScenes executed in 103.2111ms.
2025-11-07 19:54:57.670 +01:00 [INF] Executed action Jam.Controllers.StoryCreationController.CreateQuestionScenes (Jam) in 108.9677ms
2025-11-07 19:54:57.670 +01:00 [INF] Executed endpoint 'Jam.Controllers.StoryCreationController.CreateQuestionScenes (Jam)'
2025-11-07 19:54:57.670 +01:00 [INF] Request finished HTTP/2 GET https://localhost:7025/StoryCreation/CreateQuestionScenes - 200 null text/html; charset=utf-8 135.7527ms
2025-11-07 19:54:59.492 +01:00 [INF] Request starting HTTP/2 GET https://localhost:7025/StoryCreation/GetQuestionScenePartial?index=1&questionNumber=2 - null null
2025-11-07 19:54:59.496 +01:00 [INF] Executing endpoint 'Jam.Controllers.StoryCreationController.GetQuestionScenePartial (Jam)'
2025-11-07 19:54:59.499 +01:00 [INF] Route matched with {action = "GetQuestionScenePartial", controller = "StoryCreation", page = "", area = ""}. Executing controller action with signature Microsoft.AspNetCore.Mvc.IActionResult GetQuestionScenePartial(Int32, Int32) on controller Jam.Controllers.StoryCreationController (Jam).
2025-11-07 19:54:59.511 +01:00 [INF] Executing PartialViewResult, running view _QuestionScenePartial.
2025-11-07 19:54:59.546 +01:00 [INF] Executed PartialViewResult - view _QuestionScenePartial executed in 35.674ms.
2025-11-07 19:54:59.546 +01:00 [INF] Executed action Jam.Controllers.StoryCreationController.GetQuestionScenePartial (Jam) in 47.179ms
2025-11-07 19:54:59.546 +01:00 [INF] Executed endpoint 'Jam.Controllers.StoryCreationController.GetQuestionScenePartial (Jam)'
2025-11-07 19:54:59.546 +01:00 [INF] Request finished HTTP/2 GET https://localhost:7025/StoryCreation/GetQuestionScenePartial?index=1&questionNumber=2 - 200 null text/html; charset=utf-8 54.0274ms
