2025-10-30 12:42:15.262 +01:00 [INF] Applying migration '20251024065541_InitialCreate'.
2025-10-30 12:42:15.688 +01:00 [INF] User profile is available. Using '/Users/michaelnedgaardisaksen/.aspnet/DataProtection-Keys' as key repository; keys will not be encrypted at rest.
2025-10-30 12:42:16.043 +01:00 [INF] Now listening on: https://localhost:7025
2025-10-30 12:42:16.044 +01:00 [INF] Now listening on: http://localhost:5262
2025-10-30 12:42:16.048 +01:00 [INF] Application started. Press Ctrl+C to shut down.
2025-10-30 12:42:16.049 +01:00 [INF] Hosting environment: Development
2025-10-30 12:42:16.049 +01:00 [INF] Content root path: /Users/michaelnedgaardisaksen/Documents/ITPE3100_Webapplikasjoner/Demo-Jam/Jam
2025-10-30 12:42:16.324 +01:00 [INF] Request starting HTTP/2 GET https://localhost:7025/ - null null
2025-10-30 12:42:16.337 +01:00 [INF] Executing endpoint 'Jam.Controllers.HomeController.Index (Jam)'
2025-10-30 12:42:16.346 +01:00 [INF] Route matched with {action = "Index", controller = "Home"}. Executing controller action with signature System.Threading.Tasks.Task`1[Microsoft.AspNetCore.Mvc.IActionResult] Index() on controller Jam.Controllers.HomeController (Jam).
2025-10-30 12:42:16.437 +01:00 [INF] Executing ViewResult, running view Index.
2025-10-30 12:42:16.474 +01:00 [INF] Executed ViewResult - view Index executed in 37.2479ms.
2025-10-30 12:42:16.475 +01:00 [INF] Executed action Jam.Controllers.HomeController.Index (Jam) in 128.5966ms
2025-10-30 12:42:16.475 +01:00 [INF] Executed endpoint 'Jam.Controllers.HomeController.Index (Jam)'
2025-10-30 12:42:16.478 +01:00 [INF] Request finished HTTP/2 GET https://localhost:7025/ - 200 null text/html; charset=utf-8 155.3277ms
2025-10-30 12:42:19.013 +01:00 [INF] Request starting HTTP/2 GET https://localhost:7025/StoryEditing/EditStory?storyId=1 - null null
2025-10-30 12:42:19.027 +01:00 [INF] Executing endpoint 'Jam.Controllers.StoryEditingController.EditStory (Jam)'
2025-10-30 12:42:19.035 +01:00 [INF] Route matched with {action = "EditStory", controller = "StoryEditing"}. Executing controller action with signature System.Threading.Tasks.Task`1[Microsoft.AspNetCore.Mvc.IActionResult] EditStory(Int32) on controller Jam.Controllers.StoryEditingController (Jam).
2025-10-30 12:42:19.078 +01:00 [INF] Executing ViewResult, running view EditStory.
2025-10-30 12:42:19.088 +01:00 [INF] Executed ViewResult - view EditStory executed in 11.0318ms.
2025-10-30 12:42:19.089 +01:00 [INF] Executed action Jam.Controllers.StoryEditingController.EditStory (Jam) in 53.1059ms
2025-10-30 12:42:19.089 +01:00 [INF] Executed endpoint 'Jam.Controllers.StoryEditingController.EditStory (Jam)'
2025-10-30 12:42:19.089 +01:00 [INF] Request finished HTTP/2 GET https://localhost:7025/StoryEditing/EditStory?storyId=1 - 200 null text/html; charset=utf-8 76.1423ms
2025-10-30 12:42:23.404 +01:00 [INF] Request starting HTTP/2 GET https://localhost:7025/StoryEdit/EditIntroScene?storyId=1 - null null
2025-10-30 12:42:23.413 +01:00 [INF] Request finished HTTP/2 GET https://localhost:7025/StoryEdit/EditIntroScene?storyId=1 - 404 0 null 34.0878ms
2025-10-30 12:42:23.414 +01:00 [INF] Request reached the end of the middleware pipeline without being handled by application code. Request path: GET https://localhost:7025/StoryEdit/EditIntroScene, Response status code: 404
