2025-11-02 18:20:02.991 +01:00 [INF] User profile is available. Using '/Users/michaelnedgaardisaksen/.aspnet/DataProtection-Keys' as key repository; keys will not be encrypted at rest.
2025-11-02 18:20:03.560 +01:00 [INF] Applying migration '20251024065541_InitialCreate'.
2025-11-02 18:20:03.879 +01:00 [INF] Applying migration '20251101105657_AddIdentitySupport'.
2025-11-02 18:20:05.015 +01:00 [INF] Now listening on: https://localhost:7025
2025-11-02 18:20:05.016 +01:00 [INF] Now listening on: http://localhost:5262
2025-11-02 18:20:05.019 +01:00 [INF] Application started. Press Ctrl+C to shut down.
2025-11-02 18:20:05.020 +01:00 [INF] Hosting environment: Development
2025-11-02 18:20:05.021 +01:00 [INF] Content root path: /Users/michaelnedgaardisaksen/Documents/ITPE3100_Webapplikasjoner/Demo-Jam/Jam
2025-11-02 18:20:05.270 +01:00 [INF] Request starting HTTP/2 GET https://localhost:7025/ - null null
2025-11-02 18:20:05.287 +01:00 [INF] Authorization failed. These requirements were not met:
DenyAnonymousAuthorizationRequirement: Requires an authenticated user.
2025-11-02 18:20:05.295 +01:00 [INF] AuthenticationScheme: Identity.Application was challenged.
2025-11-02 18:20:05.296 +01:00 [INF] Request finished HTTP/2 GET https://localhost:7025/ - 302 0 null 27.5471ms
2025-11-02 18:20:05.331 +01:00 [INF] Request starting HTTP/2 GET https://localhost:7025/Identity/Account/Login?ReturnUrl=%2F - null null
2025-11-02 18:20:05.340 +01:00 [INF] Executing endpoint '/Account/Login'
2025-11-02 18:20:05.363 +01:00 [INF] Route matched with {page = "/Account/Login", area = "Identity", action = "", controller = ""}. Executing page /Account/Login
2025-11-02 18:20:05.374 +01:00 [INF] Executing handler method Jam.Areas.Identity.Pages.Account.LoginModel.OnGetAsync - ModelState is "Valid"
2025-11-02 18:20:05.377 +01:00 [INF] AuthenticationScheme: Identity.External signed out.
2025-11-02 18:20:05.378 +01:00 [INF] Executed handler method OnGetAsync, returned result .
2025-11-02 18:20:05.379 +01:00 [INF] Executing an implicit handler method - ModelState is "Valid"
2025-11-02 18:20:05.379 +01:00 [INF] Executed an implicit handler method, returned result Microsoft.AspNetCore.Mvc.RazorPages.PageResult.
2025-11-02 18:20:05.426 +01:00 [INF] Executed page /Account/Login in 61.4735ms
2025-11-02 18:20:05.427 +01:00 [INF] Executed endpoint '/Account/Login'
2025-11-02 18:20:05.428 +01:00 [INF] Request finished HTTP/2 GET https://localhost:7025/Identity/Account/Login?ReturnUrl=%2F - 200 null text/html; charset=utf-8 97.288ms
2025-11-02 18:20:05.536 +01:00 [INF] Request starting HTTP/2 GET https://localhost:7025/lib/jquery-validation/dist/jquery.validate.min.js - null null
2025-11-02 18:20:05.536 +01:00 [INF] Request starting HTTP/2 GET https://localhost:7025/lib/jquery-validation-unobtrusive/jquery.validate.unobtrusive.min.js - null null
2025-11-02 18:20:05.538 +01:00 [INF] Request finished HTTP/2 GET https://localhost:7025/lib/jquery-validation/dist/jquery.validate.min.js - 404 0 null 2.2516ms
2025-11-02 18:20:05.538 +01:00 [INF] Request finished HTTP/2 GET https://localhost:7025/lib/jquery-validation-unobtrusive/jquery.validate.unobtrusive.min.js - 404 0 null 2.0236ms
2025-11-02 18:20:05.539 +01:00 [INF] Request reached the end of the middleware pipeline without being handled by application code. Request path: GET https://localhost:7025/lib/jquery-validation/dist/jquery.validate.min.js, Response status code: 404
2025-11-02 18:20:05.539 +01:00 [INF] Request reached the end of the middleware pipeline without being handled by application code. Request path: GET https://localhost:7025/lib/jquery-validation-unobtrusive/jquery.validate.unobtrusive.min.js, Response status code: 404
2025-11-02 18:20:16.906 +01:00 [INF] Request starting HTTP/2 POST https://localhost:7025/Identity/Account/Login?ReturnUrl=%2F - application/x-www-form-urlencoded 244
2025-11-02 18:20:16.916 +01:00 [INF] Executing endpoint '/Account/Login'
2025-11-02 18:20:16.918 +01:00 [INF] Route matched with {page = "/Account/Login", area = "Identity", action = "", controller = ""}. Executing page /Account/Login
2025-11-02 18:20:16.944 +01:00 [INF] Executing handler method Jam.Areas.Identity.Pages.Account.LoginModel.OnPostAsync - ModelState is "Valid"
2025-11-02 18:20:17.038 +01:00 [INF] AuthenticationScheme: Identity.Application signed in.
2025-11-02 18:20:17.039 +01:00 [INF] User logged in.
2025-11-02 18:20:17.039 +01:00 [INF] Executed handler method OnPostAsync, returned result Microsoft.AspNetCore.Mvc.LocalRedirectResult.
2025-11-02 18:20:17.039 +01:00 [INF] Executing LocalRedirectResult, redirecting to /.
2025-11-02 18:20:17.040 +01:00 [INF] Executed page /Account/Login in 121.0203ms
2025-11-02 18:20:17.040 +01:00 [INF] Executed endpoint '/Account/Login'
2025-11-02 18:20:17.041 +01:00 [INF] Request finished HTTP/2 POST https://localhost:7025/Identity/Account/Login?ReturnUrl=%2F - 302 0 null 210.0302ms
2025-11-02 18:20:17.119 +01:00 [INF] Request starting HTTP/2 GET https://localhost:7025/ - null null
2025-11-02 18:20:17.124 +01:00 [INF] Executing endpoint 'Jam.Controllers.HomeController.Index (Jam)'
2025-11-02 18:20:17.129 +01:00 [INF] Route matched with {action = "Index", controller = "Home", page = "", area = ""}. Executing controller action with signature System.Threading.Tasks.Task`1[Microsoft.AspNetCore.Mvc.IActionResult] Index() on controller Jam.Controllers.HomeController (Jam).
2025-11-02 18:20:17.177 +01:00 [INF] Executing ViewResult, running view Index.
2025-11-02 18:20:17.254 +01:00 [INF] Executed ViewResult - view Index executed in 52.8641ms.
2025-11-02 18:20:17.255 +01:00 [INF] Executed action Jam.Controllers.HomeController.Index (Jam) in 126.0456ms
2025-11-02 18:20:17.255 +01:00 [INF] Executed endpoint 'Jam.Controllers.HomeController.Index (Jam)'
2025-11-02 18:20:17.255 +01:00 [INF] Request finished HTTP/2 GET https://localhost:7025/ - 200 null text/html; charset=utf-8 161.2921ms
2025-11-02 18:20:18.588 +01:00 [INF] Request starting HTTP/2 GET https://localhost:7025/StoryCreation/CreateStoryAndIntro - null null
2025-11-02 18:20:18.594 +01:00 [INF] Executing endpoint 'Jam.Controllers.StoryCreationController.CreateStoryAndIntro (Jam)'
2025-11-02 18:20:18.597 +01:00 [INF] Route matched with {action = "CreateStoryAndIntro", controller = "StoryCreation", page = "", area = ""}. Executing controller action with signature Microsoft.AspNetCore.Mvc.IActionResult CreateStoryAndIntro() on controller Jam.Controllers.StoryCreationController (Jam).
2025-11-02 18:20:18.608 +01:00 [INF] Executing ViewResult, running view CreateStoryAndIntro.
2025-11-02 18:20:18.713 +01:00 [INF] Executed ViewResult - view CreateStoryAndIntro executed in 106.3271ms.
2025-11-02 18:20:18.714 +01:00 [INF] Executed action Jam.Controllers.StoryCreationController.CreateStoryAndIntro (Jam) in 116.3065ms
2025-11-02 18:20:18.714 +01:00 [INF] Executed endpoint 'Jam.Controllers.StoryCreationController.CreateStoryAndIntro (Jam)'
2025-11-02 18:20:18.714 +01:00 [INF] Request finished HTTP/2 GET https://localhost:7025/StoryCreation/CreateStoryAndIntro - 200 null text/html; charset=utf-8 126.6571ms
2025-11-02 18:20:41.086 +01:00 [INF] Request starting HTTP/2 POST https://localhost:7025/StoryCreation/CreateStoryAndIntro - application/x-www-form-urlencoded 371
2025-11-02 18:20:41.097 +01:00 [INF] Executing endpoint 'Jam.Controllers.StoryCreationController.CreateStoryAndIntro (Jam)'
2025-11-02 18:20:41.108 +01:00 [INF] Route matched with {action = "CreateStoryAndIntro", controller = "StoryCreation", page = "", area = ""}. Executing controller action with signature System.Threading.Tasks.Task`1[Microsoft.AspNetCore.Mvc.IActionResult] CreateStoryAndIntro(Jam.ViewModels.StoryCreation.CreateStoryAndIntroViewModel) on controller Jam.Controllers.StoryCreationController (Jam).
2025-11-02 18:20:41.160 +01:00 [INF] Executing RedirectResult, redirecting to /StoryCreation/CreateQuestionScenes?storyId=4.
2025-11-02 18:20:41.160 +01:00 [INF] Executed action Jam.Controllers.StoryCreationController.CreateStoryAndIntro (Jam) in 52.3187ms
2025-11-02 18:20:41.160 +01:00 [INF] Executed endpoint 'Jam.Controllers.StoryCreationController.CreateStoryAndIntro (Jam)'
2025-11-02 18:20:41.160 +01:00 [INF] Request finished HTTP/2 POST https://localhost:7025/StoryCreation/CreateStoryAndIntro - 302 0 null 95.744ms
2025-11-02 18:20:41.238 +01:00 [INF] Request starting HTTP/2 GET https://localhost:7025/StoryCreation/CreateQuestionScenes?storyId=4 - null null
2025-11-02 18:20:41.238 +01:00 [INF] Executing endpoint 'Jam.Controllers.StoryCreationController.CreateQuestionScenes (Jam)'
2025-11-02 18:20:41.240 +01:00 [INF] Route matched with {action = "CreateQuestionScenes", controller = "StoryCreation", page = "", area = ""}. Executing controller action with signature Microsoft.AspNetCore.Mvc.IActionResult CreateQuestionScenes(Int32, System.Nullable`1[System.Int32]) on controller Jam.Controllers.StoryCreationController (Jam).
2025-11-02 18:20:41.242 +01:00 [INF] Executing ViewResult, running view CreateQuestionScenes.
2025-11-02 18:20:41.316 +01:00 [INF] Executed ViewResult - view CreateQuestionScenes executed in 73.9995ms.
2025-11-02 18:20:41.317 +01:00 [INF] Executed action Jam.Controllers.StoryCreationController.CreateQuestionScenes (Jam) in 77.4353ms
2025-11-02 18:20:41.317 +01:00 [INF] Executed endpoint 'Jam.Controllers.StoryCreationController.CreateQuestionScenes (Jam)'
2025-11-02 18:20:41.317 +01:00 [INF] Request finished HTTP/2 GET https://localhost:7025/StoryCreation/CreateQuestionScenes?storyId=4 - 200 null text/html; charset=utf-8 79.7105ms
2025-11-02 18:20:58.918 +01:00 [INF] Request starting HTTP/2 GET https://localhost:7025/StoryCreation/GetQuestionScenePartial?index=1 - null null
2025-11-02 18:20:58.947 +01:00 [INF] Executing endpoint 'Jam.Controllers.StoryCreationController.GetQuestionScenePartial (Jam)'
2025-11-02 18:20:58.951 +01:00 [INF] Route matched with {action = "GetQuestionScenePartial", controller = "StoryCreation", page = "", area = ""}. Executing controller action with signature Microsoft.AspNetCore.Mvc.IActionResult GetQuestionScenePartial(Int32) on controller Jam.Controllers.StoryCreationController (Jam).
2025-11-02 18:20:58.955 +01:00 [INF] Executing PartialViewResult, running view _QuestionScenePartial.
2025-11-02 18:20:58.990 +01:00 [INF] Executed PartialViewResult - view _QuestionScenePartial executed in 36.1393ms.
2025-11-02 18:20:58.990 +01:00 [INF] Executed action Jam.Controllers.StoryCreationController.GetQuestionScenePartial (Jam) in 39.1606ms
2025-11-02 18:20:58.990 +01:00 [INF] Executed endpoint 'Jam.Controllers.StoryCreationController.GetQuestionScenePartial (Jam)'
2025-11-02 18:20:58.990 +01:00 [INF] Request finished HTTP/2 GET https://localhost:7025/StoryCreation/GetQuestionScenePartial?index=1 - 200 null text/html; charset=utf-8 72.4428ms
2025-11-02 18:21:18.818 +01:00 [INF] Request starting HTTP/2 POST https://localhost:7025/StoryCreation/CreateQuestionScenes - application/x-www-form-urlencoded 1561
2025-11-02 18:21:18.843 +01:00 [INF] Executing endpoint 'Jam.Controllers.StoryCreationController.CreateQuestionScenes (Jam)'
2025-11-02 18:21:18.850 +01:00 [INF] Route matched with {action = "CreateQuestionScenes", controller = "StoryCreation", page = "", area = ""}. Executing controller action with signature System.Threading.Tasks.Task`1[Microsoft.AspNetCore.Mvc.IActionResult] CreateQuestionScenes(Jam.ViewModels.StoryCreation.CreateMultipleQuestionScenesViewModel) on controller Jam.Controllers.StoryCreationController (Jam).
2025-11-02 18:21:18.881 +01:00 [INF] Executing RedirectResult, redirecting to /StoryCreation/CreateEndingScenes?storyId=4.
2025-11-02 18:21:18.881 +01:00 [INF] Executed action Jam.Controllers.StoryCreationController.CreateQuestionScenes (Jam) in 31.0949ms
2025-11-02 18:21:18.881 +01:00 [INF] Executed endpoint 'Jam.Controllers.StoryCreationController.CreateQuestionScenes (Jam)'
2025-11-02 18:21:18.882 +01:00 [INF] Request finished HTTP/2 POST https://localhost:7025/StoryCreation/CreateQuestionScenes - 302 0 null 63.7275ms
2025-11-02 18:21:18.956 +01:00 [INF] Request starting HTTP/2 GET https://localhost:7025/StoryCreation/CreateEndingScenes?storyId=4 - null null
2025-11-02 18:21:18.956 +01:00 [INF] Executing endpoint 'Jam.Controllers.StoryCreationController.CreateEndingScenes (Jam)'
2025-11-02 18:21:18.958 +01:00 [INF] Route matched with {action = "CreateEndingScenes", controller = "StoryCreation", page = "", area = ""}. Executing controller action with signature Microsoft.AspNetCore.Mvc.IActionResult CreateEndingScenes(Int32) on controller Jam.Controllers.StoryCreationController (Jam).
2025-11-02 18:21:18.959 +01:00 [INF] Executing ViewResult, running view CreateEndingScenes.
2025-11-02 18:21:18.971 +01:00 [INF] Executed ViewResult - view CreateEndingScenes executed in 12.9467ms.
2025-11-02 18:21:19.022 +01:00 [INF] Executed action Jam.Controllers.StoryCreationController.CreateEndingScenes (Jam) in 64.2295ms
2025-11-02 18:21:19.022 +01:00 [INF] Executed endpoint 'Jam.Controllers.StoryCreationController.CreateEndingScenes (Jam)'
2025-11-02 18:21:19.023 +01:00 [INF] Request finished HTTP/2 GET https://localhost:7025/StoryCreation/CreateEndingScenes?storyId=4 - 200 null text/html; charset=utf-8 88.486ms
2025-11-02 18:21:32.424 +01:00 [INF] Request starting HTTP/2 POST https://localhost:7025/StoryCreation/CreateEndings - application/x-www-form-urlencoded 308
2025-11-02 18:21:32.428 +01:00 [INF] Request finished HTTP/2 POST https://localhost:7025/StoryCreation/CreateEndings - 404 0 null 27.9874ms
2025-11-02 18:21:32.428 +01:00 [INF] Request reached the end of the middleware pipeline without being handled by application code. Request path: POST https://localhost:7025/StoryCreation/CreateEndings, Response status code: 404
