2025-11-02 08:22:51.028 +01:00 [INF] User profile is available. Using '/Users/michaelnedgaardisaksen/.aspnet/DataProtection-Keys' as key repository; keys will not be encrypted at rest.
2025-11-02 08:22:51.406 +01:00 [INF] Applying migration '20251024065541_InitialCreate'.
2025-11-02 08:22:51.463 +01:00 [INF] Applying migration '20251101105657_AddIdentitySupport'.
2025-11-02 08:22:52.773 +01:00 [INF] Now listening on: https://localhost:7025
2025-11-02 08:22:52.774 +01:00 [INF] Now listening on: http://localhost:5262
2025-11-02 08:22:52.780 +01:00 [INF] Application started. Press Ctrl+C to shut down.
2025-11-02 08:22:52.781 +01:00 [INF] Hosting environment: Development
2025-11-02 08:22:52.782 +01:00 [INF] Content root path: /Users/michaelnedgaardisaksen/Documents/ITPE3100_Webapplikasjoner/Demo-Jam/Jam
2025-11-02 08:22:53.252 +01:00 [INF] Request starting HTTP/2 GET https://localhost:7025/ - null null
2025-11-02 08:22:53.288 +01:00 [INF] Executing endpoint 'Jam.Controllers.HomeController.Index (Jam)'
2025-11-02 08:22:53.300 +01:00 [INF] Route matched with {action = "Index", controller = "Home", page = "", area = ""}. Executing controller action with signature System.Threading.Tasks.Task`1[Microsoft.AspNetCore.Mvc.IActionResult] Index() on controller Jam.Controllers.HomeController (Jam).
2025-11-02 08:22:53.328 +01:00 [WRN] [HomeController -> Index] User not logged in, redirecting to Login page.
2025-11-02 08:22:53.329 +01:00 [INF] Executing LocalRedirectResult, redirecting to /Identity/Account/Login.
2025-11-02 08:22:53.332 +01:00 [INF] Executed action Jam.Controllers.HomeController.Index (Jam) in 29.9869ms
2025-11-02 08:22:53.333 +01:00 [INF] Executed endpoint 'Jam.Controllers.HomeController.Index (Jam)'
2025-11-02 08:22:53.353 +01:00 [INF] Request finished HTTP/2 GET https://localhost:7025/ - 302 0 null 105.801ms
2025-11-02 08:22:53.412 +01:00 [INF] Request starting HTTP/2 GET https://localhost:7025/Identity/Account/Login - null null
2025-11-02 08:22:53.423 +01:00 [INF] Executing endpoint '/Account/Login'
2025-11-02 08:22:53.441 +01:00 [INF] Route matched with {page = "/Account/Login", area = "Identity", action = "", controller = ""}. Executing page /Account/Login
2025-11-02 08:22:53.448 +01:00 [INF] Executing handler method Jam.Areas.Identity.Pages.Account.LoginModel.OnGetAsync - ModelState is "Valid"
2025-11-02 08:22:53.453 +01:00 [INF] AuthenticationScheme: Identity.External signed out.
2025-11-02 08:22:53.453 +01:00 [INF] Executed handler method OnGetAsync, returned result .
2025-11-02 08:22:53.455 +01:00 [INF] Executing an implicit handler method - ModelState is "Valid"
2025-11-02 08:22:53.455 +01:00 [INF] Executed an implicit handler method, returned result Microsoft.AspNetCore.Mvc.RazorPages.PageResult.
2025-11-02 08:22:53.542 +01:00 [INF] Executed page /Account/Login in 101.4458ms
2025-11-02 08:22:53.543 +01:00 [INF] Executed endpoint '/Account/Login'
2025-11-02 08:22:53.547 +01:00 [INF] Request finished HTTP/2 GET https://localhost:7025/Identity/Account/Login - 200 null text/html; charset=utf-8 135.0497ms
2025-11-02 08:22:53.565 +01:00 [INF] Request starting HTTP/2 GET https://localhost:7025/lib/jquery-validation/dist/jquery.validate.min.js - null null
2025-11-02 08:22:53.566 +01:00 [INF] Request starting HTTP/2 GET https://localhost:7025/lib/jquery-validation-unobtrusive/jquery.validate.unobtrusive.min.js - null null
2025-11-02 08:22:53.600 +01:00 [INF] Request finished HTTP/2 GET https://localhost:7025/lib/jquery-validation/dist/jquery.validate.min.js - 404 0 null 34.7899ms
2025-11-02 08:22:53.600 +01:00 [INF] Request finished HTTP/2 GET https://localhost:7025/lib/jquery-validation-unobtrusive/jquery.validate.unobtrusive.min.js - 404 0 null 34.7598ms
2025-11-02 08:22:53.601 +01:00 [INF] Request reached the end of the middleware pipeline without being handled by application code. Request path: GET https://localhost:7025/lib/jquery-validation-unobtrusive/jquery.validate.unobtrusive.min.js, Response status code: 404
2025-11-02 08:22:53.601 +01:00 [INF] Request reached the end of the middleware pipeline without being handled by application code. Request path: GET https://localhost:7025/lib/jquery-validation/dist/jquery.validate.min.js, Response status code: 404
2025-11-02 08:23:23.892 +01:00 [INF] Request starting HTTP/2 POST https://localhost:7025/Identity/Account/Login - application/x-www-form-urlencoded 310
2025-11-02 08:23:23.907 +01:00 [INF] Executing endpoint '/Account/Login'
2025-11-02 08:23:23.909 +01:00 [INF] Route matched with {page = "/Account/Login", area = "Identity", action = "", controller = ""}. Executing page /Account/Login
2025-11-02 08:23:23.930 +01:00 [INF] Executing handler method Jam.Areas.Identity.Pages.Account.LoginModel.OnPostAsync - ModelState is "Valid"
2025-11-02 08:23:24.038 +01:00 [INF] AuthenticationScheme: Identity.Application signed in.
2025-11-02 08:23:24.039 +01:00 [INF] User logged in.
2025-11-02 08:23:24.039 +01:00 [INF] Executed handler method OnPostAsync, returned result Microsoft.AspNetCore.Mvc.LocalRedirectResult.
2025-11-02 08:23:24.039 +01:00 [INF] Executing LocalRedirectResult, redirecting to /.
2025-11-02 08:23:24.040 +01:00 [INF] Executed page /Account/Login in 130.2264ms
2025-11-02 08:23:24.040 +01:00 [INF] Executed endpoint '/Account/Login'
2025-11-02 08:23:24.040 +01:00 [INF] Request finished HTTP/2 POST https://localhost:7025/Identity/Account/Login - 302 0 null 224.4462ms
2025-11-02 08:23:24.044 +01:00 [INF] Request starting HTTP/2 GET https://localhost:7025/ - null null
2025-11-02 08:23:24.045 +01:00 [INF] Executing endpoint 'Jam.Controllers.HomeController.Index (Jam)'
2025-11-02 08:23:24.045 +01:00 [INF] Route matched with {action = "Index", controller = "Home", page = "", area = ""}. Executing controller action with signature System.Threading.Tasks.Task`1[Microsoft.AspNetCore.Mvc.IActionResult] Index() on controller Jam.Controllers.HomeController (Jam).
2025-11-02 08:23:24.068 +01:00 [INF] Executing ViewResult, running view Index.
2025-11-02 08:23:24.075 +01:00 [INF] Executed ViewResult - view Index executed in 7.7678ms.
2025-11-02 08:23:24.102 +01:00 [INF] Executed action Jam.Controllers.HomeController.Index (Jam) in 56.7433ms
2025-11-02 08:23:24.102 +01:00 [INF] Executed endpoint 'Jam.Controllers.HomeController.Index (Jam)'
2025-11-02 08:23:24.103 +01:00 [INF] Request finished HTTP/2 GET https://localhost:7025/ - 200 null text/html; charset=utf-8 58.214ms
2025-11-02 08:23:26.546 +01:00 [INF] Request starting HTTP/2 GET https://localhost:7025/StoryPlaying/StartStory?storyId=1 - null null
2025-11-02 08:23:26.552 +01:00 [INF] Executing endpoint 'Jam.Controllers.StoryPlayingController.StartStory (Jam)'
2025-11-02 08:23:26.560 +01:00 [INF] Route matched with {action = "StartStory", controller = "StoryPlaying", page = "", area = ""}. Executing controller action with signature System.Threading.Tasks.Task`1[Microsoft.AspNetCore.Mvc.IActionResult] StartStory(Int32) on controller Jam.Controllers.StoryPlayingController (Jam).
2025-11-02 08:23:26.617 +01:00 [INF] Executing RedirectResult, redirecting to /StoryPlaying/PlayScene?sceneId=3&SceneType=Intro&sessionId=3.
2025-11-02 08:23:26.617 +01:00 [INF] Executed action Jam.Controllers.StoryPlayingController.StartStory (Jam) in 57.0666ms
2025-11-02 08:23:26.617 +01:00 [INF] Executed endpoint 'Jam.Controllers.StoryPlayingController.StartStory (Jam)'
2025-11-02 08:23:26.617 +01:00 [INF] Request finished HTTP/2 GET https://localhost:7025/StoryPlaying/StartStory?storyId=1 - 302 0 null 70.9636ms
2025-11-02 08:23:26.626 +01:00 [INF] Request starting HTTP/2 GET https://localhost:7025/StoryPlaying/PlayScene?sceneId=3&SceneType=Intro&sessionId=3 - null null
2025-11-02 08:23:26.632 +01:00 [INF] Executing endpoint 'Jam.Controllers.StoryPlayingController.PlayScene (Jam)'
2025-11-02 08:23:26.635 +01:00 [INF] Route matched with {action = "PlayScene", controller = "StoryPlaying", page = "", area = ""}. Executing controller action with signature System.Threading.Tasks.Task`1[Microsoft.AspNetCore.Mvc.IActionResult] PlayScene(Int32, Jam.Models.Enums.SceneType, Int32) on controller Jam.Controllers.StoryPlayingController (Jam).
2025-11-02 08:23:26.676 +01:00 [INF] Executing ViewResult, running view PlayScene.
2025-11-02 08:23:26.695 +01:00 [INF] Executed ViewResult - view PlayScene executed in 21.9903ms.
2025-11-02 08:23:26.696 +01:00 [INF] Executed action Jam.Controllers.StoryPlayingController.PlayScene (Jam) in 57.2984ms
2025-11-02 08:23:26.696 +01:00 [INF] Executed endpoint 'Jam.Controllers.StoryPlayingController.PlayScene (Jam)'
2025-11-02 08:23:26.696 +01:00 [INF] Request finished HTTP/2 GET https://localhost:7025/StoryPlaying/PlayScene?sceneId=3&SceneType=Intro&sessionId=3 - 200 null text/html; charset=utf-8 70.1359ms
2025-11-02 08:23:28.420 +01:00 [INF] Request starting HTTP/2 POST https://localhost:7025/StoryPlaying/PlayScene - application/x-www-form-urlencoded 293
2025-11-02 08:23:28.424 +01:00 [INF] Executing endpoint 'Jam.Controllers.StoryPlayingController.PlayScene (Jam)'
2025-11-02 08:23:28.445 +01:00 [INF] Route matched with {action = "PlayScene", controller = "StoryPlaying", page = "", area = ""}. Executing controller action with signature System.Threading.Tasks.Task`1[Microsoft.AspNetCore.Mvc.IActionResult] PlayScene(Jam.ViewModels.StoryPlaying.PlaySceneViewModel) on controller Jam.Controllers.StoryPlayingController (Jam).
2025-11-02 08:23:28.454 +01:00 [WRN] [StoryPlayingController -> PlayScene:POST] Model state invalid
2025-11-02 08:23:28.455 +01:00 [INF] Executing ViewResult, running view PlayScene.
2025-11-02 08:23:28.457 +01:00 [INF] Executed ViewResult - view PlayScene executed in 2.3837ms.
2025-11-02 08:23:28.457 +01:00 [INF] Executed action Jam.Controllers.StoryPlayingController.PlayScene (Jam) in 12.0745ms
2025-11-02 08:23:28.457 +01:00 [INF] Executed endpoint 'Jam.Controllers.StoryPlayingController.PlayScene (Jam)'
2025-11-02 08:23:28.457 +01:00 [INF] Request finished HTTP/2 POST https://localhost:7025/StoryPlaying/PlayScene - 200 null text/html; charset=utf-8 37.1313ms
