2025-11-02 22:43:21.173 +01:00 [INF] User profile is available. Using '/Users/michaelnedgaardisaksen/.aspnet/DataProtection-Keys' as key repository; keys will not be encrypted at rest.
2025-11-02 22:43:21.873 +01:00 [INF] Applying migration '20251024065541_InitialCreate'.
2025-11-02 22:43:21.929 +01:00 [INF] Applying migration '20251101105657_AddIdentitySupport'.
2025-11-02 22:43:23.031 +01:00 [INF] Now listening on: https://localhost:7025
2025-11-02 22:43:23.032 +01:00 [INF] Now listening on: http://localhost:5262
2025-11-02 22:43:23.035 +01:00 [INF] Application started. Press Ctrl+C to shut down.
2025-11-02 22:43:23.036 +01:00 [INF] Hosting environment: Development
2025-11-02 22:43:23.036 +01:00 [INF] Content root path: /Users/michaelnedgaardisaksen/Documents/ITPE3100_Webapplikasjoner/Demo-Jam/Jam
2025-11-02 22:43:23.564 +01:00 [INF] Request starting HTTP/2 GET https://localhost:7025/ - null null
2025-11-02 22:43:23.583 +01:00 [INF] Authorization failed. These requirements were not met:
DenyAnonymousAuthorizationRequirement: Requires an authenticated user.
2025-11-02 22:43:23.589 +01:00 [INF] AuthenticationScheme: Identity.Application was challenged.
2025-11-02 22:43:23.591 +01:00 [INF] Request finished HTTP/2 GET https://localhost:7025/ - 302 0 null 28.0432ms
2025-11-02 22:43:23.630 +01:00 [INF] Request starting HTTP/2 GET https://localhost:7025/Identity/Account/Login?ReturnUrl=%2F - null null
2025-11-02 22:43:23.662 +01:00 [INF] Executing endpoint '/Account/Login'
2025-11-02 22:43:23.675 +01:00 [INF] Route matched with {page = "/Account/Login", area = "Identity", action = "", controller = ""}. Executing page /Account/Login
2025-11-02 22:43:23.686 +01:00 [INF] Executing handler method Jam.Areas.Identity.Pages.Account.LoginModel.OnGetAsync - ModelState is "Valid"
2025-11-02 22:43:23.689 +01:00 [INF] AuthenticationScheme: Identity.External signed out.
2025-11-02 22:43:23.689 +01:00 [INF] Executed handler method OnGetAsync, returned result .
2025-11-02 22:43:23.690 +01:00 [INF] Executing an implicit handler method - ModelState is "Valid"
2025-11-02 22:43:23.690 +01:00 [INF] Executed an implicit handler method, returned result Microsoft.AspNetCore.Mvc.RazorPages.PageResult.
2025-11-02 22:43:23.738 +01:00 [INF] Executed page /Account/Login in 61.8539ms
2025-11-02 22:43:23.739 +01:00 [INF] Executed endpoint '/Account/Login'
2025-11-02 22:43:23.740 +01:00 [INF] Request finished HTTP/2 GET https://localhost:7025/Identity/Account/Login?ReturnUrl=%2F - 200 null text/html; charset=utf-8 109.9159ms
2025-11-02 22:43:23.859 +01:00 [INF] Request starting HTTP/2 GET https://localhost:7025/lib/jquery-validation/dist/jquery.validate.min.js - null null
2025-11-02 22:43:23.884 +01:00 [INF] Request starting HTTP/2 GET https://localhost:7025/lib/jquery-validation-unobtrusive/jquery.validate.unobtrusive.min.js - null null
2025-11-02 22:43:23.985 +01:00 [INF] Request starting HTTP/2 GET https://localhost:7025/js/jquery.validate.js - null null
2025-11-02 22:43:23.985 +01:00 [INF] Request starting HTTP/2 GET https://localhost:7025/js/jquery.validate.unobtrusive.js - null null
2025-11-02 22:43:23.987 +01:00 [INF] Request finished HTTP/2 GET https://localhost:7025/lib/jquery-validation/dist/jquery.validate.min.js - 404 0 null 128.2538ms
2025-11-02 22:43:23.987 +01:00 [INF] Request finished HTTP/2 GET https://localhost:7025/lib/jquery-validation-unobtrusive/jquery.validate.unobtrusive.min.js - 404 0 null 128.0126ms
2025-11-02 22:43:24.013 +01:00 [INF] Request reached the end of the middleware pipeline without being handled by application code. Request path: GET https://localhost:7025/lib/jquery-validation-unobtrusive/jquery.validate.unobtrusive.min.js, Response status code: 404
2025-11-02 22:43:24.015 +01:00 [INF] Request reached the end of the middleware pipeline without being handled by application code. Request path: GET https://localhost:7025/lib/jquery-validation/dist/jquery.validate.min.js, Response status code: 404
2025-11-02 22:43:24.018 +01:00 [INF] The file /js/jquery.validate.js was not modified
2025-11-02 22:43:24.019 +01:00 [INF] The file /js/jquery.validate.unobtrusive.js was not modified
2025-11-02 22:43:24.019 +01:00 [INF] Request finished HTTP/2 GET https://localhost:7025/js/jquery.validate.unobtrusive.js - 304 null text/javascript 34.4578ms
2025-11-02 22:43:24.019 +01:00 [INF] Request finished HTTP/2 GET https://localhost:7025/js/jquery.validate.js - 304 null text/javascript 34.5068ms
2025-11-02 22:43:34.739 +01:00 [INF] Request starting HTTP/2 POST https://localhost:7025/Identity/Account/Login?ReturnUrl=%2F - application/x-www-form-urlencoded 236
2025-11-02 22:43:34.794 +01:00 [INF] Executing endpoint '/Account/Login'
2025-11-02 22:43:34.796 +01:00 [INF] Route matched with {page = "/Account/Login", area = "Identity", action = "", controller = ""}. Executing page /Account/Login
2025-11-02 22:43:34.824 +01:00 [INF] Executing handler method Jam.Areas.Identity.Pages.Account.LoginModel.OnPostAsync - ModelState is "Valid"
2025-11-02 22:43:34.950 +01:00 [INF] AuthenticationScheme: Identity.Application signed in.
2025-11-02 22:43:34.951 +01:00 [INF] User logged in.
2025-11-02 22:43:34.951 +01:00 [INF] Executed handler method OnPostAsync, returned result Microsoft.AspNetCore.Mvc.LocalRedirectResult.
2025-11-02 22:43:34.952 +01:00 [INF] Executing LocalRedirectResult, redirecting to /.
2025-11-02 22:43:34.952 +01:00 [INF] Executed page /Account/Login in 155.8144ms
2025-11-02 22:43:34.952 +01:00 [INF] Executed endpoint '/Account/Login'
2025-11-02 22:43:34.954 +01:00 [INF] Request finished HTTP/2 POST https://localhost:7025/Identity/Account/Login?ReturnUrl=%2F - 302 0 null 237.3282ms
2025-11-02 22:43:35.025 +01:00 [INF] Request starting HTTP/2 GET https://localhost:7025/ - null null
2025-11-02 22:43:35.028 +01:00 [INF] Executing endpoint 'Jam.Controllers.HomeController.Index (Jam)'
2025-11-02 22:43:35.033 +01:00 [INF] Route matched with {action = "Index", controller = "Home", page = "", area = ""}. Executing controller action with signature System.Threading.Tasks.Task`1[Microsoft.AspNetCore.Mvc.IActionResult] Index() on controller Jam.Controllers.HomeController (Jam).
2025-11-02 22:43:35.080 +01:00 [INF] Executing ViewResult, running view Index.
2025-11-02 22:43:35.114 +01:00 [INF] Executed ViewResult - view Index executed in 34.9622ms.
2025-11-02 22:43:35.140 +01:00 [INF] Executed action Jam.Controllers.HomeController.Index (Jam) in 106.8161ms
2025-11-02 22:43:35.140 +01:00 [INF] Executed endpoint 'Jam.Controllers.HomeController.Index (Jam)'
2025-11-02 22:43:35.141 +01:00 [INF] Request finished HTTP/2 GET https://localhost:7025/ - 200 null text/html; charset=utf-8 140.5011ms
2025-11-02 22:43:38.719 +01:00 [INF] Request starting HTTP/2 POST https://localhost:7025/Identity/Account/Logout?returnUrl=%2F - application/x-www-form-urlencoded 225
2025-11-02 22:43:38.730 +01:00 [INF] Executing endpoint '/Account/Logout'
2025-11-02 22:43:38.737 +01:00 [INF] Route matched with {page = "/Account/Logout", area = "Identity", action = "", controller = ""}. Executing page /Account/Logout
2025-11-02 22:43:38.741 +01:00 [INF] Executing handler method Jam.Areas.Identity.Pages.Account.LogoutModel.OnPost - ModelState is "Valid"
2025-11-02 22:43:38.745 +01:00 [INF] AuthenticationScheme: Identity.Application signed out.
2025-11-02 22:43:38.746 +01:00 [INF] AuthenticationScheme: Identity.External signed out.
2025-11-02 22:43:38.746 +01:00 [INF] AuthenticationScheme: Identity.TwoFactorUserId signed out.
2025-11-02 22:43:38.750 +01:00 [INF] User logged out.
2025-11-02 22:43:38.750 +01:00 [INF] Executed handler method OnPost, returned result Microsoft.AspNetCore.Mvc.LocalRedirectResult.
2025-11-02 22:43:38.750 +01:00 [INF] Executing LocalRedirectResult, redirecting to /.
2025-11-02 22:43:38.750 +01:00 [INF] Executed page /Account/Logout in 13.3502ms
2025-11-02 22:43:38.750 +01:00 [INF] Executed endpoint '/Account/Logout'
2025-11-02 22:43:38.750 +01:00 [INF] Request finished HTTP/2 POST https://localhost:7025/Identity/Account/Logout?returnUrl=%2F - 302 0 null 31.5756ms
2025-11-02 22:43:38.755 +01:00 [INF] Request starting HTTP/2 GET https://localhost:7025/ - null null
2025-11-02 22:43:38.755 +01:00 [INF] Authorization failed. These requirements were not met:
DenyAnonymousAuthorizationRequirement: Requires an authenticated user.
2025-11-02 22:43:38.756 +01:00 [INF] AuthenticationScheme: Identity.Application was challenged.
2025-11-02 22:43:38.756 +01:00 [INF] Request finished HTTP/2 GET https://localhost:7025/ - 302 0 null 0.6981ms
2025-11-02 22:43:38.758 +01:00 [INF] Request starting HTTP/2 GET https://localhost:7025/Identity/Account/Login?ReturnUrl=%2F - null null
2025-11-02 22:43:38.758 +01:00 [INF] Executing endpoint '/Account/Login'
2025-11-02 22:43:38.758 +01:00 [INF] Route matched with {page = "/Account/Login", area = "Identity", action = "", controller = ""}. Executing page /Account/Login
2025-11-02 22:43:38.759 +01:00 [INF] Executing handler method Jam.Areas.Identity.Pages.Account.LoginModel.OnGetAsync - ModelState is "Valid"
2025-11-02 22:43:38.759 +01:00 [INF] AuthenticationScheme: Identity.External signed out.
2025-11-02 22:43:38.759 +01:00 [INF] Executed handler method OnGetAsync, returned result .
2025-11-02 22:43:38.760 +01:00 [INF] Executing an implicit handler method - ModelState is "Valid"
2025-11-02 22:43:38.760 +01:00 [INF] Executed an implicit handler method, returned result Microsoft.AspNetCore.Mvc.RazorPages.PageResult.
2025-11-02 22:43:38.887 +01:00 [INF] Request starting HTTP/2 GET https://localhost:7025/lib/jquery-validation/dist/jquery.validate.min.js - null null
2025-11-02 22:43:38.887 +01:00 [INF] Executed page /Account/Login in 128.0694ms
2025-11-02 22:43:38.887 +01:00 [INF] Request starting HTTP/2 GET https://localhost:7025/lib/jquery-validation-unobtrusive/jquery.validate.unobtrusive.min.js - null null
2025-11-02 22:43:38.887 +01:00 [INF] Executed endpoint '/Account/Login'
2025-11-02 22:43:38.910 +01:00 [INF] Request finished HTTP/2 GET https://localhost:7025/Identity/Account/Login?ReturnUrl=%2F - 200 null text/html; charset=utf-8 152.5564ms
2025-11-02 22:43:38.912 +01:00 [INF] Request finished HTTP/2 GET https://localhost:7025/lib/jquery-validation-unobtrusive/jquery.validate.unobtrusive.min.js - 404 0 null 24.9651ms
2025-11-02 22:43:38.912 +01:00 [INF] Request finished HTTP/2 GET https://localhost:7025/lib/jquery-validation/dist/jquery.validate.min.js - 404 0 null 25.379ms
2025-11-02 22:43:38.912 +01:00 [INF] Request reached the end of the middleware pipeline without being handled by application code. Request path: GET https://localhost:7025/lib/jquery-validation/dist/jquery.validate.min.js, Response status code: 404
2025-11-02 22:43:38.912 +01:00 [INF] Request reached the end of the middleware pipeline without being handled by application code. Request path: GET https://localhost:7025/lib/jquery-validation-unobtrusive/jquery.validate.unobtrusive.min.js, Response status code: 404
2025-11-02 22:43:48.369 +01:00 [INF] Request starting HTTP/2 POST https://localhost:7025/Identity/Account/Login?ReturnUrl=%2F - application/x-www-form-urlencoded 237
2025-11-02 22:43:48.372 +01:00 [INF] Executing endpoint '/Account/Login'
2025-11-02 22:43:48.372 +01:00 [INF] Route matched with {page = "/Account/Login", area = "Identity", action = "", controller = ""}. Executing page /Account/Login
2025-11-02 22:43:48.377 +01:00 [INF] Executing handler method Jam.Areas.Identity.Pages.Account.LoginModel.OnPostAsync - ModelState is "Valid"
2025-11-02 22:43:48.478 +01:00 [INF] AuthenticationScheme: Identity.Application signed in.
2025-11-02 22:43:48.479 +01:00 [INF] User logged in.
2025-11-02 22:43:48.479 +01:00 [INF] Executed handler method OnPostAsync, returned result Microsoft.AspNetCore.Mvc.LocalRedirectResult.
2025-11-02 22:43:48.479 +01:00 [INF] Executing LocalRedirectResult, redirecting to /.
2025-11-02 22:43:48.479 +01:00 [INF] Executed page /Account/Login in 106.4422ms
2025-11-02 22:43:48.479 +01:00 [INF] Executed endpoint '/Account/Login'
2025-11-02 22:43:48.479 +01:00 [INF] Request finished HTTP/2 POST https://localhost:7025/Identity/Account/Login?ReturnUrl=%2F - 302 0 null 110.334ms
2025-11-02 22:43:48.483 +01:00 [INF] Request starting HTTP/2 GET https://localhost:7025/ - null null
2025-11-02 22:43:48.484 +01:00 [INF] Executing endpoint 'Jam.Controllers.HomeController.Index (Jam)'
2025-11-02 22:43:48.484 +01:00 [INF] Route matched with {action = "Index", controller = "Home", page = "", area = ""}. Executing controller action with signature System.Threading.Tasks.Task`1[Microsoft.AspNetCore.Mvc.IActionResult] Index() on controller Jam.Controllers.HomeController (Jam).
2025-11-02 22:43:48.487 +01:00 [INF] Executing ViewResult, running view Index.
2025-11-02 22:43:48.489 +01:00 [INF] Executed ViewResult - view Index executed in 1.706ms.
2025-11-02 22:43:48.489 +01:00 [INF] Executed action Jam.Controllers.HomeController.Index (Jam) in 4.9104ms
2025-11-02 22:43:48.489 +01:00 [INF] Executed endpoint 'Jam.Controllers.HomeController.Index (Jam)'
2025-11-02 22:43:48.489 +01:00 [INF] Request finished HTTP/2 GET https://localhost:7025/ - 200 null text/html; charset=utf-8 6.4205ms
2025-11-02 22:44:06.301 +01:00 [INF] Request starting HTTP/2 GET https://localhost:7025/Admin/Users - null null
2025-11-02 22:44:06.313 +01:00 [INF] Executing endpoint 'Jam.Controllers.AdminController.Users (Jam)'
2025-11-02 22:44:06.320 +01:00 [INF] Route matched with {action = "Users", controller = "Admin", page = "", area = ""}. Executing controller action with signature Microsoft.AspNetCore.Mvc.IActionResult Users() on controller Jam.Controllers.AdminController (Jam).
2025-11-02 22:44:06.322 +01:00 [INF] Executing ViewResult, running view Users.
2025-11-02 22:44:06.325 +01:00 [INF] Executed ViewResult - view Users executed in 3.1109ms.
2025-11-02 22:44:06.325 +01:00 [INF] Executed action Jam.Controllers.AdminController.Users (Jam) in 4.3069ms
2025-11-02 22:44:06.325 +01:00 [INF] Executed endpoint 'Jam.Controllers.AdminController.Users (Jam)'
2025-11-02 22:44:06.325 +01:00 [INF] Request finished HTTP/2 GET https://localhost:7025/Admin/Users - 200 null text/html; charset=utf-8 48.9491ms
2025-11-02 22:44:10.041 +01:00 [INF] Request starting HTTP/2 GET https://localhost:7025/Admin/Stories - null null
2025-11-02 22:44:10.045 +01:00 [INF] Executing endpoint 'Jam.Controllers.AdminController.Stories (Jam)'
2025-11-02 22:44:10.047 +01:00 [INF] Route matched with {action = "Stories", controller = "Admin", page = "", area = ""}. Executing controller action with signature Microsoft.AspNetCore.Mvc.IActionResult Stories() on controller Jam.Controllers.AdminController (Jam).
2025-11-02 22:44:10.048 +01:00 [INF] Executing ViewResult, running view Stories.
2025-11-02 22:44:10.053 +01:00 [INF] Executed ViewResult - view Stories executed in 5.6325ms.
2025-11-02 22:44:10.053 +01:00 [INF] Executed action Jam.Controllers.AdminController.Stories (Jam) in 6.1855ms
2025-11-02 22:44:10.053 +01:00 [INF] Executed endpoint 'Jam.Controllers.AdminController.Stories (Jam)'
2025-11-02 22:44:10.053 +01:00 [INF] Request finished HTTP/2 GET https://localhost:7025/Admin/Stories - 200 null text/html; charset=utf-8 35.8942ms
2025-11-02 22:44:14.491 +01:00 [INF] Request starting HTTP/2 GET https://localhost:7025/Admin/Sessions - null null
2025-11-02 22:44:14.493 +01:00 [INF] Executing endpoint 'Jam.Controllers.AdminController.Sessions (Jam)'
2025-11-02 22:44:14.494 +01:00 [INF] Route matched with {action = "Sessions", controller = "Admin", page = "", area = ""}. Executing controller action with signature Microsoft.AspNetCore.Mvc.IActionResult Sessions() on controller Jam.Controllers.AdminController (Jam).
2025-11-02 22:44:14.495 +01:00 [INF] Executing ViewResult, running view Sessions.
2025-11-02 22:44:14.502 +01:00 [ERR] The view 'Sessions' was not found. Searched locations: ["/Views/Admin/Sessions.cshtml","/Views/Shared/Sessions.cshtml","/Pages/Shared/Sessions.cshtml"]
2025-11-02 22:44:14.508 +01:00 [INF] Executed action Jam.Controllers.AdminController.Sessions (Jam) in 13.7405ms
2025-11-02 22:44:14.509 +01:00 [INF] Executed endpoint 'Jam.Controllers.AdminController.Sessions (Jam)'
2025-11-02 22:44:14.539 +01:00 [ERR] An unhandled exception has occurred while executing the request.
System.InvalidOperationException: The view 'Sessions' was not found. The following locations were searched:
/Views/Admin/Sessions.cshtml
/Views/Shared/Sessions.cshtml
/Pages/Shared/Sessions.cshtml
   at Microsoft.AspNetCore.Mvc.ViewEngines.ViewEngineResult.EnsureSuccessful(IEnumerable`1 originalLocations)
   at Microsoft.AspNetCore.Mvc.ViewFeatures.ViewResultExecutor.ExecuteAsync(ActionContext context, ViewResult result)
   at Microsoft.AspNetCore.Mvc.ViewResult.ExecuteResultAsync(ActionContext context)
   at Microsoft.AspNetCore.Mvc.Infrastructure.ResourceInvoker.<InvokeNextResultFilterAsync>g__Awaited|30_0[TFilter,TFilterAsync](ResourceInvoker invoker, Task lastTask, State next, Scope scope, Object state, Boolean isCompleted)
   at Microsoft.AspNetCore.Mvc.Infrastructure.ResourceInvoker.Rethrow(ResultExecutedContextSealed context)
   at Microsoft.AspNetCore.Mvc.Infrastructure.ResourceInvoker.ResultNext[TFilter,TFilterAsync](State& next, Scope& scope, Object& state, Boolean& isCompleted)
   at Microsoft.AspNetCore.Mvc.Infrastructure.ResourceInvoker.InvokeResultFilters()
--- End of stack trace from previous location ---
   at Microsoft.AspNetCore.Mvc.Infrastructure.ResourceInvoker.<InvokeNextResourceFilter>g__Awaited|25_0(ResourceInvoker invoker, Task lastTask, State next, Scope scope, Object state, Boolean isCompleted)
   at Microsoft.AspNetCore.Mvc.Infrastructure.ResourceInvoker.Rethrow(ResourceExecutedContextSealed context)
   at Microsoft.AspNetCore.Mvc.Infrastructure.ResourceInvoker.Next(State& next, Scope& scope, Object& state, Boolean& isCompleted)
   at Microsoft.AspNetCore.Mvc.Infrastructure.ResourceInvoker.InvokeFilterPipelineAsync()
--- End of stack trace from previous location ---
   at Microsoft.AspNetCore.Mvc.Infrastructure.ResourceInvoker.<InvokeAsync>g__Logged|17_1(ResourceInvoker invoker)
   at Microsoft.AspNetCore.Mvc.Infrastructure.ResourceInvoker.<InvokeAsync>g__Logged|17_1(ResourceInvoker invoker)
   at Microsoft.AspNetCore.Routing.EndpointMiddleware.<Invoke>g__AwaitRequestTask|7_0(Endpoint endpoint, Task requestTask, ILogger logger)
   at Microsoft.AspNetCore.Authorization.AuthorizationMiddleware.Invoke(HttpContext context)
   at Microsoft.AspNetCore.Authentication.AuthenticationMiddleware.Invoke(HttpContext context)
   at Microsoft.AspNetCore.Diagnostics.DeveloperExceptionPageMiddlewareImpl.Invoke(HttpContext context)
2025-11-02 22:44:14.548 +01:00 [INF] Request finished HTTP/2 GET https://localhost:7025/Admin/Sessions - 500 null text/html; charset=utf-8 56.5252ms
