2025-11-07 16:00:35.254 +01:00 [INF] User profile is available. Using '/Users/jaraazad/.aspnet/DataProtection-Keys' as key repository; keys will not be encrypted at rest.
2025-11-07 16:00:35.666 +01:00 [INF] Applying migration '20251024065541_InitialCreate'.
2025-11-07 16:00:35.751 +01:00 [INF] Applying migration '20251101105657_AddIdentitySupport'.
2025-11-07 16:00:35.791 +01:00 [INF] Applying migration '20251103080324_UpdateNextQuestionSceneDeleteBehavior'.
2025-11-07 16:00:36.821 +01:00 [INF] Now listening on: https://localhost:7025
2025-11-07 16:00:36.821 +01:00 [INF] Now listening on: http://localhost:5262
2025-11-07 16:00:36.827 +01:00 [INF] Application started. Press Ctrl+C to shut down.
2025-11-07 16:00:36.828 +01:00 [INF] Hosting environment: Development
2025-11-07 16:00:36.828 +01:00 [INF] Content root path: /Users/jaraazad/Desktop/Jam
2025-11-07 16:00:37.139 +01:00 [INF] Request starting HTTP/2 GET https://localhost:7025/ - null null
2025-11-07 16:00:37.177 +01:00 [INF] AuthenticationScheme: Identity.Application signed out.
2025-11-07 16:00:37.178 +01:00 [INF] AuthenticationScheme: Identity.External signed out.
2025-11-07 16:00:37.178 +01:00 [INF] AuthenticationScheme: Identity.TwoFactorUserId signed out.
2025-11-07 16:00:37.178 +01:00 [INF] AuthenticationScheme: Identity.TwoFactorRememberMe signed out.
2025-11-07 16:00:37.179 +01:00 [INF] Identity.Application was not authenticated. Failure message: No principal.
2025-11-07 16:00:37.182 +01:00 [INF] Authorization failed. These requirements were not met:
DenyAnonymousAuthorizationRequirement: Requires an authenticated user.
2025-11-07 16:00:37.182 +01:00 [INF] AuthenticationScheme: Identity.Application was challenged.
2025-11-07 16:00:37.188 +01:00 [INF] Request finished HTTP/2 GET https://localhost:7025/ - 302 0 null 49.1258ms
2025-11-07 16:00:37.194 +01:00 [INF] Request starting HTTP/2 GET https://localhost:7025/Identity/Account/Login?ReturnUrl=%2F - null null
2025-11-07 16:00:37.199 +01:00 [INF] Executing endpoint '/Account/Login'
2025-11-07 16:00:37.210 +01:00 [INF] Route matched with {page = "/Account/Login", area = "Identity", action = "", controller = ""}. Executing page /Account/Login
2025-11-07 16:00:37.219 +01:00 [INF] Executing handler method Jam.Areas.Identity.Pages.Account.LoginModel.OnGetAsync - ModelState is "Valid"
2025-11-07 16:00:37.220 +01:00 [INF] AuthenticationScheme: Identity.External signed out.
2025-11-07 16:00:37.221 +01:00 [INF] Executed handler method OnGetAsync, returned result .
2025-11-07 16:00:37.224 +01:00 [INF] Executing an implicit handler method - ModelState is "Valid"
2025-11-07 16:00:37.225 +01:00 [INF] Executed an implicit handler method, returned result Microsoft.AspNetCore.Mvc.RazorPages.PageResult.
2025-11-07 16:00:37.283 +01:00 [INF] Executed page /Account/Login in 69.3607ms
2025-11-07 16:00:37.284 +01:00 [INF] Executed endpoint '/Account/Login'
2025-11-07 16:00:37.287 +01:00 [INF] Request finished HTTP/2 GET https://localhost:7025/Identity/Account/Login?ReturnUrl=%2F - 200 null text/html; charset=utf-8 92.9716ms
2025-11-07 16:00:37.425 +01:00 [INF] Request starting HTTP/2 GET https://localhost:7025/lib/jquery-validation/dist/jquery.validate.min.js - null null
2025-11-07 16:00:37.426 +01:00 [INF] Request starting HTTP/2 GET https://localhost:7025/lib/jquery-validation-unobtrusive/jquery.validate.unobtrusive.min.js - null null
2025-11-07 16:00:37.449 +01:00 [INF] Request finished HTTP/2 GET https://localhost:7025/lib/jquery-validation-unobtrusive/jquery.validate.unobtrusive.min.js - 404 0 null 22.8417ms
2025-11-07 16:00:37.449 +01:00 [INF] Request finished HTTP/2 GET https://localhost:7025/lib/jquery-validation/dist/jquery.validate.min.js - 404 0 null 23.946ms
2025-11-07 16:00:37.450 +01:00 [INF] Request reached the end of the middleware pipeline without being handled by application code. Request path: GET https://localhost:7025/lib/jquery-validation-unobtrusive/jquery.validate.unobtrusive.min.js, Response status code: 404
2025-11-07 16:00:37.450 +01:00 [INF] Request reached the end of the middleware pipeline without being handled by application code. Request path: GET https://localhost:7025/lib/jquery-validation/dist/jquery.validate.min.js, Response status code: 404
2025-11-07 16:06:08.196 +01:00 [INF] Request starting HTTP/2 POST https://localhost:7025/Identity/Account/Login?ReturnUrl=%2F - application/x-www-form-urlencoded 236
2025-11-07 16:06:08.260 +01:00 [INF] Executing endpoint '/Account/Login'
2025-11-07 16:06:08.271 +01:00 [INF] Route matched with {page = "/Account/Login", area = "Identity", action = "", controller = ""}. Executing page /Account/Login
2025-11-07 16:06:08.312 +01:00 [INF] Executing handler method Jam.Areas.Identity.Pages.Account.LoginModel.OnPostAsync - ModelState is "Valid"
2025-11-07 16:06:08.447 +01:00 [INF] AuthenticationScheme: Identity.Application signed in.
2025-11-07 16:06:08.448 +01:00 [INF] User logged in.
2025-11-07 16:06:08.448 +01:00 [INF] Executed handler method OnPostAsync, returned result Microsoft.AspNetCore.Mvc.LocalRedirectResult.
2025-11-07 16:06:08.450 +01:00 [INF] Executing LocalRedirectResult, redirecting to /.
2025-11-07 16:06:08.450 +01:00 [INF] Executed page /Account/Login in 179.1747ms
2025-11-07 16:06:08.450 +01:00 [INF] Executed endpoint '/Account/Login'
2025-11-07 16:06:08.451 +01:00 [INF] Request finished HTTP/2 POST https://localhost:7025/Identity/Account/Login?ReturnUrl=%2F - 302 0 null 254.9451ms
2025-11-07 16:06:08.530 +01:00 [INF] Request starting HTTP/2 GET https://localhost:7025/ - null null
2025-11-07 16:06:08.558 +01:00 [INF] Executing endpoint 'Jam.Controllers.HomeController.Index (Jam)'
2025-11-07 16:06:08.568 +01:00 [INF] Route matched with {action = "Index", controller = "Home", page = "", area = ""}. Executing controller action with signature System.Threading.Tasks.Task`1[Microsoft.AspNetCore.Mvc.IActionResult] Index() on controller Jam.Controllers.HomeController (Jam).
2025-11-07 16:06:08.633 +01:00 [INF] Executing ViewResult, running view Index.
2025-11-07 16:06:08.651 +01:00 [INF] Executed ViewResult - view Index executed in 21.8285ms.
2025-11-07 16:06:08.751 +01:00 [INF] Executed action Jam.Controllers.HomeController.Index (Jam) in 182.406ms
2025-11-07 16:06:08.751 +01:00 [INF] Executed endpoint 'Jam.Controllers.HomeController.Index (Jam)'
2025-11-07 16:06:08.751 +01:00 [INF] Request finished HTTP/2 GET https://localhost:7025/ - 200 null text/html; charset=utf-8 270.2264ms
2025-11-07 16:06:15.618 +01:00 [INF] Request starting HTTP/2 GET https://localhost:7025/StoryCreation/CreateStoryAndIntro - null null
2025-11-07 16:06:15.657 +01:00 [INF] Executing endpoint 'Jam.Controllers.StoryCreationController.CreateStoryAndIntro (Jam)'
2025-11-07 16:06:15.662 +01:00 [INF] Route matched with {action = "CreateStoryAndIntro", controller = "StoryCreation", page = "", area = ""}. Executing controller action with signature Microsoft.AspNetCore.Mvc.IActionResult CreateStoryAndIntro() on controller Jam.Controllers.StoryCreationController (Jam).
2025-11-07 16:06:15.666 +01:00 [INF] Accessing expired session, Key:81240ac2-d632-8b42-bfc2-321f7eaa06ba
2025-11-07 16:06:15.674 +01:00 [INF] Executing ViewResult, running view CreateStoryAndIntro.
2025-11-07 16:06:15.885 +01:00 [INF] Executed ViewResult - view CreateStoryAndIntro executed in 212.479ms.
2025-11-07 16:06:15.887 +01:00 [INF] Executed action Jam.Controllers.StoryCreationController.CreateStoryAndIntro (Jam) in 225.3937ms
2025-11-07 16:06:15.888 +01:00 [INF] Executed endpoint 'Jam.Controllers.StoryCreationController.CreateStoryAndIntro (Jam)'
2025-11-07 16:06:15.888 +01:00 [INF] Request finished HTTP/2 GET https://localhost:7025/StoryCreation/CreateStoryAndIntro - 200 null text/html; charset=utf-8 295.5517ms
2025-11-07 16:06:19.333 +01:00 [INF] Request starting HTTP/2 POST https://localhost:7025/StoryCreation/CreateStoryAndIntro - application/x-www-form-urlencoded 270
2025-11-07 16:06:19.339 +01:00 [INF] Executing endpoint 'Jam.Controllers.StoryCreationController.CreateStoryAndIntro (Jam)'
2025-11-07 16:06:19.359 +01:00 [INF] Route matched with {action = "CreateStoryAndIntro", controller = "StoryCreation", page = "", area = ""}. Executing controller action with signature Microsoft.AspNetCore.Mvc.IActionResult CreateStoryAndIntro(Jam.ViewModels.StoryCreation.CreateStoryAndIntroViewModel, System.String) on controller Jam.Controllers.StoryCreationController (Jam).
2025-11-07 16:06:19.369 +01:00 [INF] Accessing expired session, Key:81240ac2-d632-8b42-bfc2-321f7eaa06ba
2025-11-07 16:06:19.370 +01:00 [INF] Executing RedirectResult, redirecting to /.
2025-11-07 16:06:19.370 +01:00 [INF] Executed action Jam.Controllers.StoryCreationController.CreateStoryAndIntro (Jam) in 10.6902ms
2025-11-07 16:06:19.370 +01:00 [INF] Executed endpoint 'Jam.Controllers.StoryCreationController.CreateStoryAndIntro (Jam)'
2025-11-07 16:06:19.370 +01:00 [INF] Request finished HTTP/2 POST https://localhost:7025/StoryCreation/CreateStoryAndIntro - 302 0 null 37.5297ms
2025-11-07 16:06:19.398 +01:00 [INF] Request starting HTTP/2 GET https://localhost:7025/ - null null
2025-11-07 16:06:19.399 +01:00 [INF] Executing endpoint 'Jam.Controllers.HomeController.Index (Jam)'
2025-11-07 16:06:19.399 +01:00 [INF] Route matched with {action = "Index", controller = "Home", page = "", area = ""}. Executing controller action with signature System.Threading.Tasks.Task`1[Microsoft.AspNetCore.Mvc.IActionResult] Index() on controller Jam.Controllers.HomeController (Jam).
2025-11-07 16:06:19.410 +01:00 [INF] Executing ViewResult, running view Index.
2025-11-07 16:06:19.464 +01:00 [INF] Executed ViewResult - view Index executed in 54.6492ms.
2025-11-07 16:06:19.465 +01:00 [INF] Executed action Jam.Controllers.HomeController.Index (Jam) in 65.8519ms
2025-11-07 16:06:19.465 +01:00 [INF] Executed endpoint 'Jam.Controllers.HomeController.Index (Jam)'
2025-11-07 16:06:19.465 +01:00 [INF] Request finished HTTP/2 GET https://localhost:7025/ - 200 null text/html; charset=utf-8 67.4377ms
2025-11-07 16:06:49.423 +01:00 [INF] Request starting HTTP/2 GET https://localhost:7025/StoryEditing/EditStory?storyId=1 - null null
2025-11-07 16:06:49.478 +01:00 [INF] Executing endpoint 'Jam.Controllers.StoryEditingController.EditStory (Jam)'
2025-11-07 16:06:49.483 +01:00 [INF] Route matched with {action = "EditStory", controller = "StoryEditing", page = "", area = ""}. Executing controller action with signature System.Threading.Tasks.Task`1[Microsoft.AspNetCore.Mvc.IActionResult] EditStory(Int32) on controller Jam.Controllers.StoryEditingController (Jam).
2025-11-07 16:06:49.504 +01:00 [INF] Executing ViewResult, running view EditStory.
2025-11-07 16:06:49.533 +01:00 [INF] Executed ViewResult - view EditStory executed in 29.5572ms.
2025-11-07 16:06:49.560 +01:00 [INF] Executed action Jam.Controllers.StoryEditingController.EditStory (Jam) in 49.9158ms
2025-11-07 16:06:49.582 +01:00 [INF] Executed endpoint 'Jam.Controllers.StoryEditingController.EditStory (Jam)'
2025-11-07 16:06:49.583 +01:00 [INF] Request finished HTTP/2 GET https://localhost:7025/StoryEditing/EditStory?storyId=1 - 200 null text/html; charset=utf-8 159.8393ms
2025-11-07 16:07:06.791 +01:00 [INF] Request starting HTTP/2 GET https://localhost:7025/StoryEditing/EditQuestionScenes?storyId=1 - null null
2025-11-07 16:07:06.818 +01:00 [INF] Executing endpoint 'Jam.Controllers.StoryEditingController.EditQuestionScenes (Jam)'
2025-11-07 16:07:06.823 +01:00 [INF] Route matched with {action = "EditQuestionScenes", controller = "StoryEditing", page = "", area = ""}. Executing controller action with signature System.Threading.Tasks.Task`1[Microsoft.AspNetCore.Mvc.IActionResult] EditQuestionScenes(Int32) on controller Jam.Controllers.StoryEditingController (Jam).
2025-11-07 16:07:06.894 +01:00 [INF] Executing ViewResult, running view EditQuestionScenes.
2025-11-07 16:07:07.022 +01:00 [INF] Executed ViewResult - view EditQuestionScenes executed in 128.104ms.
2025-11-07 16:07:07.022 +01:00 [INF] Executed action Jam.Controllers.StoryEditingController.EditQuestionScenes (Jam) in 199.4407ms
2025-11-07 16:07:07.022 +01:00 [INF] Executed endpoint 'Jam.Controllers.StoryEditingController.EditQuestionScenes (Jam)'
2025-11-07 16:07:07.023 +01:00 [INF] Request finished HTTP/2 GET https://localhost:7025/StoryEditing/EditQuestionScenes?storyId=1 - 200 null text/html; charset=utf-8 231.2137ms
2025-11-07 16:07:08.866 +01:00 [INF] Request starting HTTP/2 POST https://localhost:7025/StoryEditing/EditQuestionScenes?storyId=1 - application/x-www-form-urlencoded 6488
2025-11-07 16:07:08.893 +01:00 [INF] Executing endpoint 'Jam.Controllers.StoryEditingController.EditQuestionScenes (Jam)'
2025-11-07 16:07:08.899 +01:00 [INF] Route matched with {action = "EditQuestionScenes", controller = "StoryEditing", page = "", area = ""}. Executing controller action with signature System.Threading.Tasks.Task`1[Microsoft.AspNetCore.Mvc.IActionResult] EditQuestionScenes(System.Collections.Generic.List`1[Jam.ViewModels.QuestionSceneBaseViewModel]) on controller Jam.Controllers.StoryEditingController (Jam).
2025-11-07 16:07:08.977 +01:00 [INF] Executing RedirectResult, redirecting to /StoryEditing/EditQuestionScenes?storyId=1.
2025-11-07 16:07:08.977 +01:00 [INF] Executed action Jam.Controllers.StoryEditingController.EditQuestionScenes (Jam) in 78.403ms
2025-11-07 16:07:08.977 +01:00 [INF] Executed endpoint 'Jam.Controllers.StoryEditingController.EditQuestionScenes (Jam)'
2025-11-07 16:07:08.977 +01:00 [INF] Request finished HTTP/2 POST https://localhost:7025/StoryEditing/EditQuestionScenes?storyId=1 - 302 0 null 111.4ms
2025-11-07 16:07:09.006 +01:00 [INF] Request starting HTTP/2 GET https://localhost:7025/StoryEditing/EditQuestionScenes?storyId=1 - null null
2025-11-07 16:07:09.032 +01:00 [INF] Executing endpoint 'Jam.Controllers.StoryEditingController.EditQuestionScenes (Jam)'
2025-11-07 16:07:09.032 +01:00 [INF] Route matched with {action = "EditQuestionScenes", controller = "StoryEditing", page = "", area = ""}. Executing controller action with signature System.Threading.Tasks.Task`1[Microsoft.AspNetCore.Mvc.IActionResult] EditQuestionScenes(Int32) on controller Jam.Controllers.StoryEditingController (Jam).
2025-11-07 16:07:09.036 +01:00 [INF] Executing ViewResult, running view EditQuestionScenes.
2025-11-07 16:07:09.128 +01:00 [INF] Executed ViewResult - view EditQuestionScenes executed in 91.6489ms.
2025-11-07 16:07:09.128 +01:00 [INF] Executed action Jam.Controllers.StoryEditingController.EditQuestionScenes (Jam) in 96.0874ms
2025-11-07 16:07:09.128 +01:00 [INF] Executed endpoint 'Jam.Controllers.StoryEditingController.EditQuestionScenes (Jam)'
2025-11-07 16:07:09.128 +01:00 [INF] Request finished HTTP/2 GET https://localhost:7025/StoryEditing/EditQuestionScenes?storyId=1 - 200 null text/html; charset=utf-8 122.234ms
