2025-11-03 18:40:39.960 +01:00 [INF] User profile is available. Using '/Users/michaelnedgaardisaksen/.aspnet/DataProtection-Keys' as key repository; keys will not be encrypted at rest.
2025-11-03 18:40:40.826 +01:00 [INF] Applying migration '20251024065541_InitialCreate'.
2025-11-03 18:40:40.891 +01:00 [INF] Applying migration '20251101105657_AddIdentitySupport'.
2025-11-03 18:40:40.978 +01:00 [INF] Applying migration '20251103080324_UpdateNextQuestionSceneDeleteBehavior'.
2025-11-03 18:40:42.219 +01:00 [INF] Now listening on: https://localhost:7025
2025-11-03 18:40:42.219 +01:00 [INF] Now listening on: http://localhost:5262
2025-11-03 18:40:42.223 +01:00 [INF] Application started. Press Ctrl+C to shut down.
2025-11-03 18:40:42.224 +01:00 [INF] Hosting environment: Development
2025-11-03 18:40:42.224 +01:00 [INF] Content root path: /Users/michaelnedgaardisaksen/Documents/ITPE3100_Webapplikasjoner/Demo-Jam/Jam
2025-11-03 18:40:42.826 +01:00 [INF] Request starting HTTP/2 GET https://localhost:7025/ - null null
2025-11-03 18:40:42.869 +01:00 [INF] AuthenticationScheme: Identity.Application signed out.
2025-11-03 18:40:42.870 +01:00 [INF] AuthenticationScheme: Identity.External signed out.
2025-11-03 18:40:42.870 +01:00 [INF] AuthenticationScheme: Identity.TwoFactorUserId signed out.
2025-11-03 18:40:42.870 +01:00 [INF] AuthenticationScheme: Identity.TwoFactorRememberMe signed out.
2025-11-03 18:40:42.872 +01:00 [INF] Identity.Application was not authenticated. Failure message: No principal.
2025-11-03 18:40:42.874 +01:00 [INF] Authorization failed. These requirements were not met:
DenyAnonymousAuthorizationRequirement: Requires an authenticated user.
2025-11-03 18:40:42.875 +01:00 [INF] AuthenticationScheme: Identity.Application was challenged.
2025-11-03 18:40:42.879 +01:00 [INF] Request finished HTTP/2 GET https://localhost:7025/ - 302 0 null 53.5077ms
2025-11-03 18:40:42.942 +01:00 [INF] Request starting HTTP/2 GET https://localhost:7025/Identity/Account/Login?ReturnUrl=%2F - null null
2025-11-03 18:40:42.972 +01:00 [INF] Executing endpoint '/Account/Login'
2025-11-03 18:40:42.986 +01:00 [INF] Route matched with {page = "/Account/Login", area = "Identity", action = "", controller = ""}. Executing page /Account/Login
2025-11-03 18:40:42.994 +01:00 [INF] Executing handler method Jam.Areas.Identity.Pages.Account.LoginModel.OnGetAsync - ModelState is "Valid"
2025-11-03 18:40:42.996 +01:00 [INF] AuthenticationScheme: Identity.External signed out.
2025-11-03 18:40:42.996 +01:00 [INF] Executed handler method OnGetAsync, returned result .
2025-11-03 18:40:42.997 +01:00 [INF] Executing an implicit handler method - ModelState is "Valid"
2025-11-03 18:40:42.997 +01:00 [INF] Executed an implicit handler method, returned result Microsoft.AspNetCore.Mvc.RazorPages.PageResult.
2025-11-03 18:40:43.048 +01:00 [INF] Executed page /Account/Login in 59.6399ms
2025-11-03 18:40:43.048 +01:00 [INF] Executed endpoint '/Account/Login'
2025-11-03 18:40:43.050 +01:00 [INF] Request finished HTTP/2 GET https://localhost:7025/Identity/Account/Login?ReturnUrl=%2F - 200 null text/html; charset=utf-8 108.3902ms
2025-11-03 18:40:43.073 +01:00 [INF] Request starting HTTP/2 GET https://localhost:7025/lib/jquery-validation/dist/jquery.validate.min.js - null null
2025-11-03 18:40:43.073 +01:00 [INF] Request starting HTTP/2 GET https://localhost:7025/lib/jquery-validation-unobtrusive/jquery.validate.unobtrusive.min.js - null null
2025-11-03 18:40:43.076 +01:00 [INF] Request finished HTTP/2 GET https://localhost:7025/lib/jquery-validation/dist/jquery.validate.min.js - 404 0 null 3.2711ms
2025-11-03 18:40:43.076 +01:00 [INF] Request finished HTTP/2 GET https://localhost:7025/lib/jquery-validation-unobtrusive/jquery.validate.unobtrusive.min.js - 404 0 null 3.4829ms
2025-11-03 18:40:43.077 +01:00 [INF] Request reached the end of the middleware pipeline without being handled by application code. Request path: GET https://localhost:7025/lib/jquery-validation-unobtrusive/jquery.validate.unobtrusive.min.js, Response status code: 404
2025-11-03 18:40:43.077 +01:00 [INF] Request reached the end of the middleware pipeline without being handled by application code. Request path: GET https://localhost:7025/lib/jquery-validation/dist/jquery.validate.min.js, Response status code: 404
2025-11-03 18:40:52.803 +01:00 [INF] Request starting HTTP/2 POST https://localhost:7025/Identity/Account/Login?ReturnUrl=%2F - application/x-www-form-urlencoded 236
2025-11-03 18:40:52.833 +01:00 [INF] Executing endpoint '/Account/Login'
2025-11-03 18:40:52.834 +01:00 [INF] Route matched with {page = "/Account/Login", area = "Identity", action = "", controller = ""}. Executing page /Account/Login
2025-11-03 18:40:52.853 +01:00 [INF] Executing handler method Jam.Areas.Identity.Pages.Account.LoginModel.OnPostAsync - ModelState is "Valid"
2025-11-03 18:40:52.966 +01:00 [INF] AuthenticationScheme: Identity.Application signed in.
2025-11-03 18:40:52.966 +01:00 [INF] User logged in.
2025-11-03 18:40:52.967 +01:00 [INF] Executed handler method OnPostAsync, returned result Microsoft.AspNetCore.Mvc.LocalRedirectResult.
2025-11-03 18:40:52.968 +01:00 [INF] Executing LocalRedirectResult, redirecting to /.
2025-11-03 18:40:52.968 +01:00 [INF] Executed page /Account/Login in 133.5964ms
2025-11-03 18:40:52.968 +01:00 [INF] Executed endpoint '/Account/Login'
2025-11-03 18:40:52.968 +01:00 [INF] Request finished HTTP/2 POST https://localhost:7025/Identity/Account/Login?ReturnUrl=%2F - 302 0 null 216.1947ms
2025-11-03 18:40:52.977 +01:00 [INF] Request starting HTTP/2 GET https://localhost:7025/ - null null
2025-11-03 18:40:52.978 +01:00 [INF] Executing endpoint 'Jam.Controllers.HomeController.Index (Jam)'
2025-11-03 18:40:52.983 +01:00 [INF] Route matched with {action = "Index", controller = "Home", page = "", area = ""}. Executing controller action with signature System.Threading.Tasks.Task`1[Microsoft.AspNetCore.Mvc.IActionResult] Index() on controller Jam.Controllers.HomeController (Jam).
2025-11-03 18:40:53.009 +01:00 [INF] Executing ViewResult, running view Index.
2025-11-03 18:40:53.047 +01:00 [INF] Executed ViewResult - view Index executed in 38.1674ms.
2025-11-03 18:40:53.047 +01:00 [INF] Executed action Jam.Controllers.HomeController.Index (Jam) in 64.3647ms
2025-11-03 18:40:53.047 +01:00 [INF] Executed endpoint 'Jam.Controllers.HomeController.Index (Jam)'
2025-11-03 18:40:53.047 +01:00 [INF] Request finished HTTP/2 GET https://localhost:7025/ - 200 null text/html; charset=utf-8 70.6138ms
2025-11-03 18:41:02.968 +01:00 [INF] Request starting HTTP/2 GET https://localhost:7025/StoryEditing/Details?storyId=1 - null null
2025-11-03 18:41:02.975 +01:00 [INF] Request finished HTTP/2 GET https://localhost:7025/StoryEditing/Details?storyId=1 - 404 0 null 33.3772ms
2025-11-03 18:41:02.976 +01:00 [INF] Request reached the end of the middleware pipeline without being handled by application code. Request path: GET https://localhost:7025/StoryEditing/Details, Response status code: 404
