2025-11-02 19:20:24.359 +01:00 [INF] User profile is available. Using '/Users/michaelnedgaardisaksen/.aspnet/DataProtection-Keys' as key repository; keys will not be encrypted at rest.
2025-11-02 19:20:25.127 +01:00 [INF] Applying migration '20251024065541_InitialCreate'.
2025-11-02 19:20:25.166 +01:00 [INF] Applying migration '20251101105657_AddIdentitySupport'.
2025-11-02 19:20:26.155 +01:00 [INF] Now listening on: https://localhost:7025
2025-11-02 19:20:26.156 +01:00 [INF] Now listening on: http://localhost:5262
2025-11-02 19:20:26.159 +01:00 [INF] Application started. Press Ctrl+C to shut down.
2025-11-02 19:20:26.160 +01:00 [INF] Hosting environment: Development
2025-11-02 19:20:26.160 +01:00 [INF] Content root path: /Users/michaelnedgaardisaksen/Documents/ITPE3100_Webapplikasjoner/Demo-Jam/Jam
2025-11-02 19:20:26.414 +01:00 [INF] Request starting HTTP/2 GET https://localhost:7025/ - null null
2025-11-02 19:20:26.439 +01:00 [INF] Executing endpoint 'Jam.Controllers.HomeController.Index (Jam)'
2025-11-02 19:20:26.446 +01:00 [INF] Route matched with {action = "Index", controller = "Home", page = "", area = ""}. Executing controller action with signature System.Threading.Tasks.Task`1[Microsoft.AspNetCore.Mvc.IActionResult] Index() on controller Jam.Controllers.HomeController (Jam).
2025-11-02 19:20:26.461 +01:00 [WRN] [HomeController -> Index] Auth cookie invalid or user no longer exists. Redirecting to login.
2025-11-02 19:20:26.465 +01:00 [INF] AuthenticationScheme: Identity.Application signed out.
2025-11-02 19:20:26.465 +01:00 [INF] AuthenticationScheme: Identity.External signed out.
2025-11-02 19:20:26.466 +01:00 [INF] AuthenticationScheme: Identity.TwoFactorUserId signed out.
2025-11-02 19:20:26.467 +01:00 [INF] Executing LocalRedirectResult, redirecting to /Identity/Account/Login.
2025-11-02 19:20:26.468 +01:00 [INF] Executed action Jam.Controllers.HomeController.Index (Jam) in 20.6221ms
2025-11-02 19:20:26.469 +01:00 [INF] Executed endpoint 'Jam.Controllers.HomeController.Index (Jam)'
2025-11-02 19:20:26.472 +01:00 [INF] Request finished HTTP/2 GET https://localhost:7025/ - 302 0 null 58.998ms
2025-11-02 19:20:26.507 +01:00 [INF] Request starting HTTP/2 GET https://localhost:7025/Identity/Account/Login - null null
2025-11-02 19:20:26.510 +01:00 [INF] Executing endpoint '/Account/Login'
2025-11-02 19:20:26.521 +01:00 [INF] Route matched with {page = "/Account/Login", area = "Identity", action = "", controller = ""}. Executing page /Account/Login
2025-11-02 19:20:26.530 +01:00 [INF] Executing handler method Jam.Areas.Identity.Pages.Account.LoginModel.OnGetAsync - ModelState is "Valid"
2025-11-02 19:20:26.531 +01:00 [INF] AuthenticationScheme: Identity.External signed out.
2025-11-02 19:20:26.531 +01:00 [INF] Executed handler method OnGetAsync, returned result .
2025-11-02 19:20:26.532 +01:00 [INF] Executing an implicit handler method - ModelState is "Valid"
2025-11-02 19:20:26.533 +01:00 [INF] Executed an implicit handler method, returned result Microsoft.AspNetCore.Mvc.RazorPages.PageResult.
2025-11-02 19:20:26.602 +01:00 [INF] Executed page /Account/Login in 80.7702ms
2025-11-02 19:20:26.602 +01:00 [INF] Executed endpoint '/Account/Login'
2025-11-02 19:20:26.604 +01:00 [INF] Request finished HTTP/2 GET https://localhost:7025/Identity/Account/Login - 200 null text/html; charset=utf-8 96.8122ms
2025-11-02 19:20:26.893 +01:00 [INF] Request starting HTTP/2 GET https://localhost:7025/lib/jquery-validation/dist/jquery.validate.min.js - null null
2025-11-02 19:20:26.893 +01:00 [INF] Request starting HTTP/2 GET https://localhost:7025/lib/jquery-validation-unobtrusive/jquery.validate.unobtrusive.min.js - null null
2025-11-02 19:20:26.898 +01:00 [INF] Request finished HTTP/2 GET https://localhost:7025/lib/jquery-validation/dist/jquery.validate.min.js - 404 0 null 5.4529ms
2025-11-02 19:20:26.898 +01:00 [INF] Request finished HTTP/2 GET https://localhost:7025/lib/jquery-validation-unobtrusive/jquery.validate.unobtrusive.min.js - 404 0 null 5.4257ms
2025-11-02 19:20:26.899 +01:00 [INF] Request reached the end of the middleware pipeline without being handled by application code. Request path: GET https://localhost:7025/lib/jquery-validation-unobtrusive/jquery.validate.unobtrusive.min.js, Response status code: 404
2025-11-02 19:20:26.899 +01:00 [INF] Request reached the end of the middleware pipeline without being handled by application code. Request path: GET https://localhost:7025/lib/jquery-validation/dist/jquery.validate.min.js, Response status code: 404
2025-11-02 19:20:36.418 +01:00 [INF] Request starting HTTP/2 POST https://localhost:7025/Identity/Account/Login - application/x-www-form-urlencoded 241
2025-11-02 19:20:36.496 +01:00 [INF] Executing endpoint '/Account/Login'
2025-11-02 19:20:36.498 +01:00 [INF] Route matched with {page = "/Account/Login", area = "Identity", action = "", controller = ""}. Executing page /Account/Login
2025-11-02 19:20:36.527 +01:00 [INF] Executing handler method Jam.Areas.Identity.Pages.Account.LoginModel.OnPostAsync - ModelState is "Valid"
2025-11-02 19:20:36.600 +01:00 [INF] Executed handler method OnPostAsync, returned result Microsoft.AspNetCore.Mvc.RazorPages.PageResult.
2025-11-02 19:20:36.705 +01:00 [INF] Executed page /Account/Login in 207.0296ms
2025-11-02 19:20:36.706 +01:00 [INF] Executed endpoint '/Account/Login'
2025-11-02 19:20:36.707 +01:00 [INF] Request finished HTTP/2 POST https://localhost:7025/Identity/Account/Login - 200 null text/html; charset=utf-8 335.8619ms
2025-11-02 19:20:36.707 +01:00 [INF] Request starting HTTP/2 GET https://localhost:7025/lib/jquery-validation/dist/jquery.validate.min.js - null null
2025-11-02 19:20:36.708 +01:00 [INF] Request starting HTTP/2 GET https://localhost:7025/lib/jquery-validation-unobtrusive/jquery.validate.unobtrusive.min.js - null null
2025-11-02 19:20:36.708 +01:00 [INF] Request finished HTTP/2 GET https://localhost:7025/lib/jquery-validation-unobtrusive/jquery.validate.unobtrusive.min.js - 404 0 null 0.7917ms
2025-11-02 19:20:36.708 +01:00 [INF] Request reached the end of the middleware pipeline without being handled by application code. Request path: GET https://localhost:7025/lib/jquery-validation-unobtrusive/jquery.validate.unobtrusive.min.js, Response status code: 404
2025-11-02 19:20:36.708 +01:00 [INF] Request finished HTTP/2 GET https://localhost:7025/lib/jquery-validation/dist/jquery.validate.min.js - 404 0 null 1.0889ms
2025-11-02 19:20:36.709 +01:00 [INF] Request reached the end of the middleware pipeline without being handled by application code. Request path: GET https://localhost:7025/lib/jquery-validation/dist/jquery.validate.min.js, Response status code: 404
2025-11-02 19:20:46.604 +01:00 [INF] Request starting HTTP/2 POST https://localhost:7025/Identity/Account/Login - application/x-www-form-urlencoded 244
2025-11-02 19:20:46.608 +01:00 [INF] Executing endpoint '/Account/Login'
2025-11-02 19:20:46.610 +01:00 [INF] Route matched with {page = "/Account/Login", area = "Identity", action = "", controller = ""}. Executing page /Account/Login
2025-11-02 19:20:46.616 +01:00 [INF] Executing handler method Jam.Areas.Identity.Pages.Account.LoginModel.OnPostAsync - ModelState is "Valid"
2025-11-02 19:20:46.724 +01:00 [INF] AuthenticationScheme: Identity.Application signed in.
2025-11-02 19:20:46.725 +01:00 [INF] User logged in.
2025-11-02 19:20:46.725 +01:00 [INF] Executed handler method OnPostAsync, returned result Microsoft.AspNetCore.Mvc.LocalRedirectResult.
2025-11-02 19:20:46.725 +01:00 [INF] Executing LocalRedirectResult, redirecting to /.
2025-11-02 19:20:46.725 +01:00 [INF] Executed page /Account/Login in 115.2405ms
2025-11-02 19:20:46.725 +01:00 [INF] Executed endpoint '/Account/Login'
2025-11-02 19:20:46.725 +01:00 [INF] Request finished HTTP/2 POST https://localhost:7025/Identity/Account/Login - 302 0 null 171.7165ms
2025-11-02 19:20:46.754 +01:00 [INF] Request starting HTTP/2 GET https://localhost:7025/ - null null
2025-11-02 19:20:46.755 +01:00 [INF] Executing endpoint 'Jam.Controllers.HomeController.Index (Jam)'
2025-11-02 19:20:46.755 +01:00 [INF] Route matched with {action = "Index", controller = "Home", page = "", area = ""}. Executing controller action with signature System.Threading.Tasks.Task`1[Microsoft.AspNetCore.Mvc.IActionResult] Index() on controller Jam.Controllers.HomeController (Jam).
2025-11-02 19:20:46.781 +01:00 [INF] Executing ViewResult, running view Index.
2025-11-02 19:20:46.788 +01:00 [INF] Executed ViewResult - view Index executed in 7.7395ms.
2025-11-02 19:20:46.814 +01:00 [INF] Executed action Jam.Controllers.HomeController.Index (Jam) in 59.2852ms
2025-11-02 19:20:46.815 +01:00 [INF] Executed endpoint 'Jam.Controllers.HomeController.Index (Jam)'
2025-11-02 19:20:46.815 +01:00 [INF] Request finished HTTP/2 GET https://localhost:7025/ - 200 null text/html; charset=utf-8 61.1053ms
2025-11-02 19:20:51.087 +01:00 [INF] Request starting HTTP/2 GET https://localhost:7025/Identity/Account/Manage - null null
2025-11-02 19:20:51.096 +01:00 [INF] Executing endpoint '/Account/Manage/Index'
2025-11-02 19:20:51.105 +01:00 [INF] Route matched with {page = "/Account/Manage/Index", area = "Identity", action = "", controller = ""}. Executing page /Account/Manage/Index
2025-11-02 19:20:51.108 +01:00 [INF] Executing handler method Jam.Areas.Identity.Pages.Account.Manage.IndexModel.OnGetAsync - ModelState is "Valid"
2025-11-02 19:20:51.115 +01:00 [INF] Executed handler method OnGetAsync, returned result Microsoft.AspNetCore.Mvc.RazorPages.PageResult.
2025-11-02 19:20:51.236 +01:00 [INF] Executed page /Account/Manage/Index in 130.1358ms
2025-11-02 19:20:51.261 +01:00 [INF] Executed endpoint '/Account/Manage/Index'
2025-11-02 19:20:51.416 +01:00 [INF] Request starting HTTP/2 GET https://localhost:7025/lib/jquery-validation/dist/jquery.validate.min.js - null null
2025-11-02 19:20:51.416 +01:00 [INF] Request finished HTTP/2 GET https://localhost:7025/Identity/Account/Manage - 200 null text/html; charset=utf-8 329.6704ms
2025-11-02 19:20:51.465 +01:00 [INF] Request starting HTTP/2 GET https://localhost:7025/lib/jquery-validation-unobtrusive/jquery.validate.unobtrusive.min.js - null null
2025-11-02 19:20:51.467 +01:00 [INF] Request finished HTTP/2 GET https://localhost:7025/lib/jquery-validation/dist/jquery.validate.min.js - 404 0 null 76.9342ms
2025-11-02 19:20:51.467 +01:00 [INF] Request finished HTTP/2 GET https://localhost:7025/lib/jquery-validation-unobtrusive/jquery.validate.unobtrusive.min.js - 404 0 null 2.0651ms
2025-11-02 19:20:51.468 +01:00 [INF] Request reached the end of the middleware pipeline without being handled by application code. Request path: GET https://localhost:7025/lib/jquery-validation-unobtrusive/jquery.validate.unobtrusive.min.js, Response status code: 404
2025-11-02 19:20:51.468 +01:00 [INF] Request reached the end of the middleware pipeline without being handled by application code. Request path: GET https://localhost:7025/lib/jquery-validation/dist/jquery.validate.min.js, Response status code: 404
2025-11-02 19:20:52.622 +01:00 [INF] Request starting HTTP/2 GET https://localhost:7025/Identity/Account/Manage/Email - null null
2025-11-02 19:20:52.623 +01:00 [INF] Executing endpoint '/Account/Manage/Email'
2025-11-02 19:20:52.629 +01:00 [INF] Route matched with {page = "/Account/Manage/Email", area = "Identity", action = "", controller = ""}. Executing page /Account/Manage/Email
2025-11-02 19:20:52.631 +01:00 [INF] Executing handler method Jam.Areas.Identity.Pages.Account.Manage.EmailModel.OnGetAsync - ModelState is "Valid"
2025-11-02 19:20:52.640 +01:00 [INF] Executed handler method OnGetAsync, returned result Microsoft.AspNetCore.Mvc.RazorPages.PageResult.
2025-11-02 19:20:52.757 +01:00 [INF] Executed page /Account/Manage/Email in 127.774ms
2025-11-02 19:20:52.757 +01:00 [INF] Executed endpoint '/Account/Manage/Email'
2025-11-02 19:20:52.758 +01:00 [INF] Request finished HTTP/2 GET https://localhost:7025/Identity/Account/Manage/Email - 200 null text/html; charset=utf-8 136.1207ms
2025-11-02 19:20:52.764 +01:00 [INF] Request starting HTTP/2 GET https://localhost:7025/lib/jquery-validation/dist/jquery.validate.min.js - null null
2025-11-02 19:20:52.764 +01:00 [INF] Request starting HTTP/2 GET https://localhost:7025/lib/jquery-validation-unobtrusive/jquery.validate.unobtrusive.min.js - null null
2025-11-02 19:20:52.764 +01:00 [INF] Request finished HTTP/2 GET https://localhost:7025/lib/jquery-validation-unobtrusive/jquery.validate.unobtrusive.min.js - 404 0 null 0.7643ms
2025-11-02 19:20:52.764 +01:00 [INF] Request reached the end of the middleware pipeline without being handled by application code. Request path: GET https://localhost:7025/lib/jquery-validation-unobtrusive/jquery.validate.unobtrusive.min.js, Response status code: 404
2025-11-02 19:20:52.764 +01:00 [INF] Request finished HTTP/2 GET https://localhost:7025/lib/jquery-validation/dist/jquery.validate.min.js - 404 0 null 0.8677ms
2025-11-02 19:20:52.764 +01:00 [INF] Request reached the end of the middleware pipeline without being handled by application code. Request path: GET https://localhost:7025/lib/jquery-validation/dist/jquery.validate.min.js, Response status code: 404
2025-11-02 19:20:59.925 +01:00 [INF] Request starting HTTP/2 POST https://localhost:7025/Identity/Account/Manage/Email?handler=ChangeEmail - application/x-www-form-urlencoded 264
2025-11-02 19:20:59.960 +01:00 [INF] Executing endpoint '/Account/Manage/Email'
2025-11-02 19:20:59.961 +01:00 [INF] Route matched with {page = "/Account/Manage/Email", area = "Identity", action = "", controller = ""}. Executing page /Account/Manage/Email
2025-11-02 19:20:59.969 +01:00 [INF] Executing handler method Jam.Areas.Identity.Pages.Account.Manage.EmailModel.OnPostChangeEmailAsync - ModelState is "Valid"
2025-11-02 19:20:59.977 +01:00 [INF] Executed handler method OnPostChangeEmailAsync, returned result Microsoft.AspNetCore.Mvc.RedirectToPageResult.
2025-11-02 19:20:59.978 +01:00 [INF] Executing RedirectToPageResult, redirecting to null.
2025-11-02 19:20:59.979 +01:00 [INF] Executed page /Account/Manage/Email in 17.7567ms
2025-11-02 19:20:59.979 +01:00 [INF] Executed endpoint '/Account/Manage/Email'
2025-11-02 19:20:59.979 +01:00 [INF] Request finished HTTP/2 POST https://localhost:7025/Identity/Account/Manage/Email?handler=ChangeEmail - 302 0 null 80.793ms
2025-11-02 19:20:59.985 +01:00 [INF] Request starting HTTP/2 GET https://localhost:7025/Identity/Account/Manage/Email - null null
2025-11-02 19:20:59.986 +01:00 [INF] Executing endpoint '/Account/Manage/Email'
2025-11-02 19:20:59.986 +01:00 [INF] Route matched with {page = "/Account/Manage/Email", area = "Identity", action = "", controller = ""}. Executing page /Account/Manage/Email
2025-11-02 19:20:59.986 +01:00 [INF] Executing handler method Jam.Areas.Identity.Pages.Account.Manage.EmailModel.OnGetAsync - ModelState is "Valid"
2025-11-02 19:20:59.988 +01:00 [INF] Executed handler method OnGetAsync, returned result Microsoft.AspNetCore.Mvc.RazorPages.PageResult.
2025-11-02 19:21:00.064 +01:00 [INF] Executed page /Account/Manage/Email in 78.1139ms
2025-11-02 19:21:00.064 +01:00 [INF] Executed endpoint '/Account/Manage/Email'
2025-11-02 19:21:00.089 +01:00 [INF] Request finished HTTP/2 GET https://localhost:7025/Identity/Account/Manage/Email - 200 null text/html; charset=utf-8 79.5834ms
2025-11-02 19:21:00.089 +01:00 [INF] Request starting HTTP/2 GET https://localhost:7025/lib/jquery-validation/dist/jquery.validate.min.js - null null
2025-11-02 19:21:00.113 +01:00 [INF] Request starting HTTP/2 GET https://localhost:7025/lib/jquery-validation-unobtrusive/jquery.validate.unobtrusive.min.js - null null
2025-11-02 19:21:00.114 +01:00 [INF] Request finished HTTP/2 GET https://localhost:7025/lib/jquery-validation/dist/jquery.validate.min.js - 404 0 null 24.5993ms
2025-11-02 19:21:00.114 +01:00 [INF] Request finished HTTP/2 GET https://localhost:7025/lib/jquery-validation-unobtrusive/jquery.validate.unobtrusive.min.js - 404 0 null 24.4837ms
2025-11-02 19:21:00.114 +01:00 [INF] Request reached the end of the middleware pipeline without being handled by application code. Request path: GET https://localhost:7025/lib/jquery-validation/dist/jquery.validate.min.js, Response status code: 404
2025-11-02 19:21:00.114 +01:00 [INF] Request reached the end of the middleware pipeline without being handled by application code. Request path: GET https://localhost:7025/lib/jquery-validation-unobtrusive/jquery.validate.unobtrusive.min.js, Response status code: 404
2025-11-02 19:21:17.024 +01:00 [INF] Request starting HTTP/2 POST https://localhost:7025/Identity/Account/Manage/Email?handler=ChangeEmail - application/x-www-form-urlencoded 260
2025-11-02 19:21:17.027 +01:00 [INF] Executing endpoint '/Account/Manage/Email'
2025-11-02 19:21:17.028 +01:00 [INF] Route matched with {page = "/Account/Manage/Email", area = "Identity", action = "", controller = ""}. Executing page /Account/Manage/Email
2025-11-02 19:21:17.029 +01:00 [INF] Executing handler method Jam.Areas.Identity.Pages.Account.Manage.EmailModel.OnPostChangeEmailAsync - ModelState is "Valid"
2025-11-02 19:21:17.033 +01:00 [INF] Executed handler method OnPostChangeEmailAsync, returned result Microsoft.AspNetCore.Mvc.RedirectToPageResult.
2025-11-02 19:21:17.033 +01:00 [INF] Executing RedirectToPageResult, redirecting to null.
2025-11-02 19:21:17.033 +01:00 [INF] Executed page /Account/Manage/Email in 5.5752ms
2025-11-02 19:21:17.033 +01:00 [INF] Executed endpoint '/Account/Manage/Email'
2025-11-02 19:21:17.034 +01:00 [INF] Request finished HTTP/2 POST https://localhost:7025/Identity/Account/Manage/Email?handler=ChangeEmail - 302 0 null 10.0664ms
2025-11-02 19:21:17.039 +01:00 [INF] Request starting HTTP/2 GET https://localhost:7025/Identity/Account/Manage/Email - null null
2025-11-02 19:21:17.065 +01:00 [INF] Executing endpoint '/Account/Manage/Email'
2025-11-02 19:21:17.065 +01:00 [INF] Route matched with {page = "/Account/Manage/Email", area = "Identity", action = "", controller = ""}. Executing page /Account/Manage/Email
2025-11-02 19:21:17.065 +01:00 [INF] Executing handler method Jam.Areas.Identity.Pages.Account.Manage.EmailModel.OnGetAsync - ModelState is "Valid"
2025-11-02 19:21:17.068 +01:00 [INF] Executed handler method OnGetAsync, returned result Microsoft.AspNetCore.Mvc.RazorPages.PageResult.
2025-11-02 19:21:17.097 +01:00 [INF] Executed page /Account/Manage/Email in 31.7952ms
2025-11-02 19:21:17.097 +01:00 [INF] Executed endpoint '/Account/Manage/Email'
2025-11-02 19:21:17.097 +01:00 [INF] Request finished HTTP/2 GET https://localhost:7025/Identity/Account/Manage/Email - 200 null text/html; charset=utf-8 58.2971ms
2025-11-02 19:21:17.118 +01:00 [INF] Request starting HTTP/2 GET https://localhost:7025/lib/jquery-validation/dist/jquery.validate.min.js - null null
2025-11-02 19:21:17.118 +01:00 [INF] Request starting HTTP/2 GET https://localhost:7025/lib/jquery-validation-unobtrusive/jquery.validate.unobtrusive.min.js - null null
2025-11-02 19:21:17.120 +01:00 [INF] Request finished HTTP/2 GET https://localhost:7025/lib/jquery-validation/dist/jquery.validate.min.js - 404 0 null 2.1235ms
2025-11-02 19:21:17.120 +01:00 [INF] Request finished HTTP/2 GET https://localhost:7025/lib/jquery-validation-unobtrusive/jquery.validate.unobtrusive.min.js - 404 0 null 1.4039ms
2025-11-02 19:21:17.120 +01:00 [INF] Request reached the end of the middleware pipeline without being handled by application code. Request path: GET https://localhost:7025/lib/jquery-validation/dist/jquery.validate.min.js, Response status code: 404
2025-11-02 19:21:17.120 +01:00 [INF] Request reached the end of the middleware pipeline without being handled by application code. Request path: GET https://localhost:7025/lib/jquery-validation-unobtrusive/jquery.validate.unobtrusive.min.js, Response status code: 404
2025-11-02 19:21:20.564 +01:00 [INF] Request starting HTTP/2 POST https://localhost:7025/Identity/Account/Manage/Email?handler=ChangeEmail - application/x-www-form-urlencoded 260
2025-11-02 19:21:20.568 +01:00 [INF] Executing endpoint '/Account/Manage/Email'
2025-11-02 19:21:20.568 +01:00 [INF] Route matched with {page = "/Account/Manage/Email", area = "Identity", action = "", controller = ""}. Executing page /Account/Manage/Email
2025-11-02 19:21:20.569 +01:00 [INF] Executing handler method Jam.Areas.Identity.Pages.Account.Manage.EmailModel.OnPostChangeEmailAsync - ModelState is "Valid"
2025-11-02 19:21:20.576 +01:00 [INF] Executed handler method OnPostChangeEmailAsync, returned result Microsoft.AspNetCore.Mvc.RedirectToPageResult.
2025-11-02 19:21:20.576 +01:00 [INF] Executing RedirectToPageResult, redirecting to null.
2025-11-02 19:21:20.577 +01:00 [INF] Executed page /Account/Manage/Email in 9.1207ms
2025-11-02 19:21:20.577 +01:00 [INF] Executed endpoint '/Account/Manage/Email'
2025-11-02 19:21:20.577 +01:00 [INF] Request finished HTTP/2 POST https://localhost:7025/Identity/Account/Manage/Email?handler=ChangeEmail - 302 0 null 13.4491ms
2025-11-02 19:21:20.608 +01:00 [INF] Request starting HTTP/2 GET https://localhost:7025/Identity/Account/Manage/Email - null null
2025-11-02 19:21:20.610 +01:00 [INF] Executing endpoint '/Account/Manage/Email'
2025-11-02 19:21:20.610 +01:00 [INF] Route matched with {page = "/Account/Manage/Email", area = "Identity", action = "", controller = ""}. Executing page /Account/Manage/Email
2025-11-02 19:21:20.611 +01:00 [INF] Executing handler method Jam.Areas.Identity.Pages.Account.Manage.EmailModel.OnGetAsync - ModelState is "Valid"
2025-11-02 19:21:20.617 +01:00 [INF] Executed handler method OnGetAsync, returned result Microsoft.AspNetCore.Mvc.RazorPages.PageResult.
2025-11-02 19:21:20.623 +01:00 [INF] Executed page /Account/Manage/Email in 12.4547ms
2025-11-02 19:21:20.624 +01:00 [INF] Executed endpoint '/Account/Manage/Email'
2025-11-02 19:21:20.624 +01:00 [INF] Request finished HTTP/2 GET https://localhost:7025/Identity/Account/Manage/Email - 200 null text/html; charset=utf-8 16.2367ms
2025-11-02 19:21:20.645 +01:00 [INF] Request starting HTTP/2 GET https://localhost:7025/lib/jquery-validation/dist/jquery.validate.min.js - null null
2025-11-02 19:21:20.645 +01:00 [INF] Request starting HTTP/2 GET https://localhost:7025/lib/jquery-validation-unobtrusive/jquery.validate.unobtrusive.min.js - null null
2025-11-02 19:21:20.671 +01:00 [INF] Request finished HTTP/2 GET https://localhost:7025/lib/jquery-validation-unobtrusive/jquery.validate.unobtrusive.min.js - 404 0 null 25.9297ms
2025-11-02 19:21:20.671 +01:00 [INF] Request reached the end of the middleware pipeline without being handled by application code. Request path: GET https://localhost:7025/lib/jquery-validation-unobtrusive/jquery.validate.unobtrusive.min.js, Response status code: 404
2025-11-02 19:21:20.671 +01:00 [INF] Request finished HTTP/2 GET https://localhost:7025/lib/jquery-validation/dist/jquery.validate.min.js - 404 0 null 26.4572ms
2025-11-02 19:21:20.672 +01:00 [INF] Request reached the end of the middleware pipeline without being handled by application code. Request path: GET https://localhost:7025/lib/jquery-validation/dist/jquery.validate.min.js, Response status code: 404
