2025-11-06 14:00:41.298 +01:00 [INF] User profile is available. Using '/Users/jaraazad/.aspnet/DataProtection-Keys' as key repository; keys will not be encrypted at rest.
2025-11-06 14:00:42.073 +01:00 [INF] Applying migration '20251024065541_InitialCreate'.
2025-11-06 14:00:42.118 +01:00 [INF] Applying migration '20251101105657_AddIdentitySupport'.
2025-11-06 14:00:42.162 +01:00 [INF] Applying migration '20251103080324_UpdateNextQuestionSceneDeleteBehavior'.
2025-11-06 14:00:43.210 +01:00 [INF] Now listening on: https://localhost:7025
2025-11-06 14:00:43.211 +01:00 [INF] Now listening on: http://localhost:5262
2025-11-06 14:00:43.216 +01:00 [INF] Application started. Press Ctrl+C to shut down.
2025-11-06 14:00:43.217 +01:00 [INF] Hosting environment: Development
2025-11-06 14:00:43.217 +01:00 [INF] Content root path: /Users/jaraazad/Desktop/Jam
2025-11-06 14:00:43.535 +01:00 [INF] Request starting HTTP/2 GET https://localhost:7025/ - null null
2025-11-06 14:00:43.588 +01:00 [INF] Executing endpoint 'Jam.Controllers.HomeController.Index (Jam)'
2025-11-06 14:00:43.596 +01:00 [INF] Route matched with {action = "Index", controller = "Home", page = "", area = ""}. Executing controller action with signature System.Threading.Tasks.Task`1[Microsoft.AspNetCore.Mvc.IActionResult] Index() on controller Jam.Controllers.HomeController (Jam).
2025-11-06 14:00:43.612 +01:00 [WRN] [HomeController -> Index] Auth cookie invalid or user no longer exists. Redirecting to login.
2025-11-06 14:00:43.617 +01:00 [INF] AuthenticationScheme: Identity.Application signed out.
2025-11-06 14:00:43.618 +01:00 [INF] AuthenticationScheme: Identity.External signed out.
2025-11-06 14:00:43.619 +01:00 [INF] AuthenticationScheme: Identity.TwoFactorUserId signed out.
2025-11-06 14:00:43.620 +01:00 [INF] Executing LocalRedirectResult, redirecting to /Identity/Account/Login.
2025-11-06 14:00:43.622 +01:00 [INF] Executed action Jam.Controllers.HomeController.Index (Jam) in 24.409ms
2025-11-06 14:00:43.623 +01:00 [INF] Executed endpoint 'Jam.Controllers.HomeController.Index (Jam)'
2025-11-06 14:00:43.626 +01:00 [INF] Request finished HTTP/2 GET https://localhost:7025/ - 302 0 null 92.7126ms
2025-11-06 14:00:43.688 +01:00 [INF] Request starting HTTP/2 GET https://localhost:7025/Identity/Account/Login - null null
2025-11-06 14:00:43.692 +01:00 [INF] Executing endpoint '/Account/Login'
2025-11-06 14:00:43.703 +01:00 [INF] Route matched with {page = "/Account/Login", area = "Identity", action = "", controller = ""}. Executing page /Account/Login
2025-11-06 14:00:43.711 +01:00 [INF] Executing handler method Jam.Areas.Identity.Pages.Account.LoginModel.OnGetAsync - ModelState is "Valid"
2025-11-06 14:00:43.713 +01:00 [INF] AuthenticationScheme: Identity.External signed out.
2025-11-06 14:00:43.714 +01:00 [INF] Executed handler method OnGetAsync, returned result .
2025-11-06 14:00:43.718 +01:00 [INF] Executing an implicit handler method - ModelState is "Valid"
2025-11-06 14:00:43.728 +01:00 [INF] Executed an implicit handler method, returned result Microsoft.AspNetCore.Mvc.RazorPages.PageResult.
2025-11-06 14:00:43.787 +01:00 [INF] Executed page /Account/Login in 83.9385ms
2025-11-06 14:00:43.787 +01:00 [INF] Executed endpoint '/Account/Login'
2025-11-06 14:00:43.789 +01:00 [INF] Request finished HTTP/2 GET https://localhost:7025/Identity/Account/Login - 200 null text/html; charset=utf-8 100.6033ms
2025-11-06 14:00:44.044 +01:00 [INF] Request starting HTTP/2 GET https://localhost:7025/lib/jquery-validation/dist/jquery.validate.min.js - null null
2025-11-06 14:00:44.050 +01:00 [INF] Request starting HTTP/2 GET https://localhost:7025/lib/jquery-validation-unobtrusive/jquery.validate.unobtrusive.min.js - null null
2025-11-06 14:00:44.054 +01:00 [INF] Request finished HTTP/2 GET https://localhost:7025/lib/jquery-validation-unobtrusive/jquery.validate.unobtrusive.min.js - 404 0 null 3.3315ms
2025-11-06 14:00:44.055 +01:00 [INF] Request reached the end of the middleware pipeline without being handled by application code. Request path: GET https://localhost:7025/lib/jquery-validation-unobtrusive/jquery.validate.unobtrusive.min.js, Response status code: 404
2025-11-06 14:00:44.058 +01:00 [INF] Request finished HTTP/2 GET https://localhost:7025/lib/jquery-validation/dist/jquery.validate.min.js - 404 0 null 14.0428ms
2025-11-06 14:00:44.058 +01:00 [INF] Request reached the end of the middleware pipeline without being handled by application code. Request path: GET https://localhost:7025/lib/jquery-validation/dist/jquery.validate.min.js, Response status code: 404
2025-11-06 14:00:45.399 +01:00 [INF] Request starting HTTP/2 POST https://localhost:7025/Identity/Account/Login - application/x-www-form-urlencoded 236
2025-11-06 14:00:45.407 +01:00 [INF] Executing endpoint '/Account/Login'
2025-11-06 14:00:45.409 +01:00 [INF] Route matched with {page = "/Account/Login", area = "Identity", action = "", controller = ""}. Executing page /Account/Login
2025-11-06 14:00:45.441 +01:00 [INF] Executing handler method Jam.Areas.Identity.Pages.Account.LoginModel.OnPostAsync - ModelState is "Valid"
2025-11-06 14:00:45.586 +01:00 [INF] AuthenticationScheme: Identity.Application signed in.
2025-11-06 14:00:45.587 +01:00 [INF] User logged in.
2025-11-06 14:00:45.589 +01:00 [INF] Executed handler method OnPostAsync, returned result Microsoft.AspNetCore.Mvc.LocalRedirectResult.
2025-11-06 14:00:45.590 +01:00 [INF] Executing LocalRedirectResult, redirecting to /.
2025-11-06 14:00:45.591 +01:00 [INF] Executed page /Account/Login in 181.9132ms
2025-11-06 14:00:45.591 +01:00 [INF] Executed endpoint '/Account/Login'
2025-11-06 14:00:45.592 +01:00 [INF] Request finished HTTP/2 POST https://localhost:7025/Identity/Account/Login - 302 0 null 193.864ms
2025-11-06 14:00:45.646 +01:00 [INF] Request starting HTTP/2 GET https://localhost:7025/ - null null
2025-11-06 14:00:45.648 +01:00 [INF] Executing endpoint 'Jam.Controllers.HomeController.Index (Jam)'
2025-11-06 14:00:45.649 +01:00 [INF] Route matched with {action = "Index", controller = "Home", page = "", area = ""}. Executing controller action with signature System.Threading.Tasks.Task`1[Microsoft.AspNetCore.Mvc.IActionResult] Index() on controller Jam.Controllers.HomeController (Jam).
2025-11-06 14:00:45.690 +01:00 [INF] Executing ViewResult, running view Index.
2025-11-06 14:00:45.708 +01:00 [INF] Executed ViewResult - view Index executed in 18.2973ms.
2025-11-06 14:00:45.739 +01:00 [INF] Executed action Jam.Controllers.HomeController.Index (Jam) in 89.9481ms
2025-11-06 14:00:45.740 +01:00 [INF] Executed endpoint 'Jam.Controllers.HomeController.Index (Jam)'
2025-11-06 14:00:45.746 +01:00 [INF] Request finished HTTP/2 GET https://localhost:7025/ - 200 null text/html; charset=utf-8 98.2791ms
