2025-11-02 18:13:14.211 +01:00 [INF] User profile is available. Using '/Users/michaelnedgaardisaksen/.aspnet/DataProtection-Keys' as key repository; keys will not be encrypted at rest.
2025-11-02 18:13:14.896 +01:00 [INF] Applying migration '20251024065541_InitialCreate'.
2025-11-02 18:13:14.959 +01:00 [INF] Applying migration '20251101105657_AddIdentitySupport'.
2025-11-02 18:13:16.014 +01:00 [INF] Now listening on: https://localhost:7025
2025-11-02 18:13:16.014 +01:00 [INF] Now listening on: http://localhost:5262
2025-11-02 18:13:16.040 +01:00 [INF] Application started. Press Ctrl+C to shut down.
2025-11-02 18:13:16.043 +01:00 [INF] Hosting environment: Development
2025-11-02 18:13:16.044 +01:00 [INF] Content root path: /Users/michaelnedgaardisaksen/Documents/ITPE3100_Webapplikasjoner/Demo-Jam/Jam
2025-11-02 18:13:16.531 +01:00 [INF] Request starting HTTP/2 GET https://localhost:7025/ - null null
2025-11-02 18:13:16.578 +01:00 [INF] AuthenticationScheme: Identity.Application signed out.
2025-11-02 18:13:16.579 +01:00 [INF] AuthenticationScheme: Identity.External signed out.
2025-11-02 18:13:16.579 +01:00 [INF] AuthenticationScheme: Identity.TwoFactorUserId signed out.
2025-11-02 18:13:16.579 +01:00 [INF] AuthenticationScheme: Identity.TwoFactorRememberMe signed out.
2025-11-02 18:13:16.581 +01:00 [INF] Identity.Application was not authenticated. Failure message: No principal.
2025-11-02 18:13:16.583 +01:00 [INF] Authorization failed. These requirements were not met:
DenyAnonymousAuthorizationRequirement: Requires an authenticated user.
2025-11-02 18:13:16.584 +01:00 [INF] AuthenticationScheme: Identity.Application was challenged.
2025-11-02 18:13:16.586 +01:00 [INF] Request finished HTTP/2 GET https://localhost:7025/ - 302 0 null 55.8778ms
2025-11-02 18:13:16.626 +01:00 [INF] Request starting HTTP/2 GET https://localhost:7025/Identity/Account/Login?ReturnUrl=%2F - null null
2025-11-02 18:13:16.655 +01:00 [INF] Executing endpoint '/Account/Login'
2025-11-02 18:13:16.665 +01:00 [INF] Route matched with {page = "/Account/Login", area = "Identity", action = "", controller = ""}. Executing page /Account/Login
2025-11-02 18:13:16.675 +01:00 [INF] Executing handler method Jam.Areas.Identity.Pages.Account.LoginModel.OnGetAsync - ModelState is "Valid"
2025-11-02 18:13:16.676 +01:00 [INF] AuthenticationScheme: Identity.External signed out.
2025-11-02 18:13:16.676 +01:00 [INF] Executed handler method OnGetAsync, returned result .
2025-11-02 18:13:16.677 +01:00 [INF] Executing an implicit handler method - ModelState is "Valid"
2025-11-02 18:13:16.677 +01:00 [INF] Executed an implicit handler method, returned result Microsoft.AspNetCore.Mvc.RazorPages.PageResult.
2025-11-02 18:13:16.730 +01:00 [INF] Executed page /Account/Login in 63.2338ms
2025-11-02 18:13:16.730 +01:00 [INF] Executed endpoint '/Account/Login'
2025-11-02 18:13:16.732 +01:00 [INF] Request finished HTTP/2 GET https://localhost:7025/Identity/Account/Login?ReturnUrl=%2F - 200 null text/html; charset=utf-8 130.345ms
2025-11-02 18:13:16.773 +01:00 [INF] Request starting HTTP/2 GET https://localhost:7025/lib/jquery-validation/dist/jquery.validate.min.js - null null
2025-11-02 18:13:16.798 +01:00 [INF] Request starting HTTP/2 GET https://localhost:7025/lib/jquery-validation-unobtrusive/jquery.validate.unobtrusive.min.js - null null
2025-11-02 18:13:16.800 +01:00 [INF] Request finished HTTP/2 GET https://localhost:7025/lib/jquery-validation-unobtrusive/jquery.validate.unobtrusive.min.js - 404 0 null 2.152ms
2025-11-02 18:13:16.800 +01:00 [INF] Request finished HTTP/2 GET https://localhost:7025/lib/jquery-validation/dist/jquery.validate.min.js - 404 0 null 27.6337ms
2025-11-02 18:13:16.801 +01:00 [INF] Request reached the end of the middleware pipeline without being handled by application code. Request path: GET https://localhost:7025/lib/jquery-validation/dist/jquery.validate.min.js, Response status code: 404
2025-11-02 18:13:16.801 +01:00 [INF] Request reached the end of the middleware pipeline without being handled by application code. Request path: GET https://localhost:7025/lib/jquery-validation-unobtrusive/jquery.validate.unobtrusive.min.js, Response status code: 404
2025-11-02 18:13:29.257 +01:00 [INF] Request starting HTTP/2 POST https://localhost:7025/Identity/Account/Login?ReturnUrl=%2F - application/x-www-form-urlencoded 244
2025-11-02 18:13:29.268 +01:00 [INF] Executing endpoint '/Account/Login'
2025-11-02 18:13:29.270 +01:00 [INF] Route matched with {page = "/Account/Login", area = "Identity", action = "", controller = ""}. Executing page /Account/Login
2025-11-02 18:13:29.296 +01:00 [INF] Executing handler method Jam.Areas.Identity.Pages.Account.LoginModel.OnPostAsync - ModelState is "Valid"
2025-11-02 18:13:29.414 +01:00 [INF] AuthenticationScheme: Identity.Application signed in.
2025-11-02 18:13:29.415 +01:00 [INF] User logged in.
2025-11-02 18:13:29.416 +01:00 [INF] Executed handler method OnPostAsync, returned result Microsoft.AspNetCore.Mvc.LocalRedirectResult.
2025-11-02 18:13:29.416 +01:00 [INF] Executing LocalRedirectResult, redirecting to /.
2025-11-02 18:13:29.417 +01:00 [INF] Executed page /Account/Login in 146.2586ms
2025-11-02 18:13:29.417 +01:00 [INF] Executed endpoint '/Account/Login'
2025-11-02 18:13:29.417 +01:00 [INF] Request finished HTTP/2 POST https://localhost:7025/Identity/Account/Login?ReturnUrl=%2F - 302 0 null 235.0913ms
2025-11-02 18:13:29.455 +01:00 [INF] Request starting HTTP/2 GET https://localhost:7025/ - null null
2025-11-02 18:13:29.468 +01:00 [INF] Executing endpoint 'Jam.Controllers.HomeController.Index (Jam)'
2025-11-02 18:13:29.474 +01:00 [INF] Route matched with {action = "Index", controller = "Home", page = "", area = ""}. Executing controller action with signature System.Threading.Tasks.Task`1[Microsoft.AspNetCore.Mvc.IActionResult] Index() on controller Jam.Controllers.HomeController (Jam).
2025-11-02 18:13:29.513 +01:00 [INF] Executing ViewResult, running view Index.
2025-11-02 18:13:29.546 +01:00 [INF] Executed ViewResult - view Index executed in 33.8637ms.
2025-11-02 18:13:29.547 +01:00 [INF] Executed action Jam.Controllers.HomeController.Index (Jam) in 72.8552ms
2025-11-02 18:13:29.547 +01:00 [INF] Executed endpoint 'Jam.Controllers.HomeController.Index (Jam)'
2025-11-02 18:13:29.548 +01:00 [INF] Request finished HTTP/2 GET https://localhost:7025/ - 200 null text/html; charset=utf-8 92.8827ms
2025-11-02 18:13:33.417 +01:00 [INF] Request starting HTTP/2 GET https://localhost:7025/StoryCreation/CreateStoryAndIntro - null null
2025-11-02 18:13:33.425 +01:00 [INF] Executing endpoint 'Jam.Controllers.StoryCreationController.CreateStoryAndIntro (Jam)'
2025-11-02 18:13:33.428 +01:00 [INF] Route matched with {action = "CreateStoryAndIntro", controller = "StoryCreation", page = "", area = ""}. Executing controller action with signature Microsoft.AspNetCore.Mvc.IActionResult CreateStoryAndIntro() on controller Jam.Controllers.StoryCreationController (Jam).
2025-11-02 18:13:33.437 +01:00 [INF] Executing ViewResult, running view CreateStoryAndIntro.
2025-11-02 18:13:33.564 +01:00 [INF] Executed ViewResult - view CreateStoryAndIntro executed in 106.2282ms.
2025-11-02 18:13:33.590 +01:00 [INF] Executed action Jam.Controllers.StoryCreationController.CreateStoryAndIntro (Jam) in 161.6264ms
2025-11-02 18:13:33.590 +01:00 [INF] Executed endpoint 'Jam.Controllers.StoryCreationController.CreateStoryAndIntro (Jam)'
2025-11-02 18:13:33.590 +01:00 [INF] Request finished HTTP/2 GET https://localhost:7025/StoryCreation/CreateStoryAndIntro - 200 null text/html; charset=utf-8 173.3593ms
2025-11-02 18:14:06.514 +01:00 [INF] Request starting HTTP/2 POST https://localhost:7025/StoryCreation/CreateStoryAndIntro - application/x-www-form-urlencoded 374
2025-11-02 18:14:06.547 +01:00 [INF] Executing endpoint 'Jam.Controllers.StoryCreationController.CreateStoryAndIntro (Jam)'
2025-11-02 18:14:06.561 +01:00 [INF] Route matched with {action = "CreateStoryAndIntro", controller = "StoryCreation", page = "", area = ""}. Executing controller action with signature System.Threading.Tasks.Task`1[Microsoft.AspNetCore.Mvc.IActionResult] CreateStoryAndIntro(Jam.ViewModels.StoryCreation.CreateStoryAndIntroViewModel) on controller Jam.Controllers.StoryCreationController (Jam).
2025-11-02 18:14:06.607 +01:00 [INF] Executing RedirectResult, redirecting to /StoryCreation/CreateQuestionScenes?storyId=4.
2025-11-02 18:14:06.607 +01:00 [INF] Executed action Jam.Controllers.StoryCreationController.CreateStoryAndIntro (Jam) in 46.4892ms
2025-11-02 18:14:06.607 +01:00 [INF] Executed endpoint 'Jam.Controllers.StoryCreationController.CreateStoryAndIntro (Jam)'
2025-11-02 18:14:06.607 +01:00 [INF] Request finished HTTP/2 POST https://localhost:7025/StoryCreation/CreateStoryAndIntro - 302 0 null 140.7192ms
2025-11-02 18:14:06.637 +01:00 [INF] Request starting HTTP/2 GET https://localhost:7025/StoryCreation/CreateQuestionScenes?storyId=4 - null null
2025-11-02 18:14:06.638 +01:00 [INF] Executing endpoint 'Jam.Controllers.StoryCreationController.CreateQuestionScenes (Jam)'
2025-11-02 18:14:06.639 +01:00 [INF] Route matched with {action = "CreateQuestionScenes", controller = "StoryCreation", page = "", area = ""}. Executing controller action with signature Microsoft.AspNetCore.Mvc.IActionResult CreateQuestionScenes(Int32, System.Nullable`1[System.Int32]) on controller Jam.Controllers.StoryCreationController (Jam).
2025-11-02 18:14:06.641 +01:00 [INF] Executing ViewResult, running view CreateQuestionScenes.
2025-11-02 18:14:06.735 +01:00 [INF] Executed ViewResult - view CreateQuestionScenes executed in 94.2106ms.
2025-11-02 18:14:06.782 +01:00 [INF] Executed action Jam.Controllers.StoryCreationController.CreateQuestionScenes (Jam) in 142.4545ms
2025-11-02 18:14:06.782 +01:00 [INF] Executed endpoint 'Jam.Controllers.StoryCreationController.CreateQuestionScenes (Jam)'
2025-11-02 18:14:06.782 +01:00 [INF] Request finished HTTP/2 GET https://localhost:7025/StoryCreation/CreateQuestionScenes?storyId=4 - 200 null text/html; charset=utf-8 144.8018ms
2025-11-02 18:14:32.718 +01:00 [INF] Request starting HTTP/2 GET https://localhost:7025/StoryCreation/GetQuestionScenePartial?index=1 - null null
2025-11-02 18:14:32.802 +01:00 [INF] Executing endpoint 'Jam.Controllers.StoryCreationController.GetQuestionScenePartial (Jam)'
2025-11-02 18:14:32.806 +01:00 [INF] Route matched with {action = "GetQuestionScenePartial", controller = "StoryCreation", page = "", area = ""}. Executing controller action with signature Microsoft.AspNetCore.Mvc.IActionResult GetQuestionScenePartial(Int32) on controller Jam.Controllers.StoryCreationController (Jam).
2025-11-02 18:14:32.811 +01:00 [INF] Executing PartialViewResult, running view _QuestionScenePartial.
2025-11-02 18:14:32.874 +01:00 [INF] Executed PartialViewResult - view _QuestionScenePartial executed in 64.4371ms.
2025-11-02 18:14:32.874 +01:00 [INF] Executed action Jam.Controllers.StoryCreationController.GetQuestionScenePartial (Jam) in 67.8489ms
2025-11-02 18:14:32.874 +01:00 [INF] Executed endpoint 'Jam.Controllers.StoryCreationController.GetQuestionScenePartial (Jam)'
2025-11-02 18:14:32.875 +01:00 [INF] Request finished HTTP/2 GET https://localhost:7025/StoryCreation/GetQuestionScenePartial?index=1 - 200 null text/html; charset=utf-8 156.3435ms
2025-11-02 18:15:19.553 +01:00 [INF] Request starting HTTP/2 POST https://localhost:7025/StoryCreation/CreateQuestionScenes - application/x-www-form-urlencoded 1561
2025-11-02 18:15:19.556 +01:00 [INF] Executing endpoint 'Jam.Controllers.StoryCreationController.CreateQuestionScenes (Jam)'
2025-11-02 18:15:19.563 +01:00 [INF] Route matched with {action = "CreateQuestionScenes", controller = "StoryCreation", page = "", area = ""}. Executing controller action with signature System.Threading.Tasks.Task`1[Microsoft.AspNetCore.Mvc.IActionResult] CreateQuestionScenes(Jam.ViewModels.StoryCreation.CreateMultipleQuestionScenesViewModel) on controller Jam.Controllers.StoryCreationController (Jam).
2025-11-02 18:15:19.592 +01:00 [INF] Executing RedirectResult, redirecting to /StoryCreation/CreateEndings?storyId=4.
2025-11-02 18:15:19.592 +01:00 [INF] Executed action Jam.Controllers.StoryCreationController.CreateQuestionScenes (Jam) in 28.5537ms
2025-11-02 18:15:19.592 +01:00 [INF] Executed endpoint 'Jam.Controllers.StoryCreationController.CreateQuestionScenes (Jam)'
2025-11-02 18:15:19.592 +01:00 [INF] Request finished HTTP/2 POST https://localhost:7025/StoryCreation/CreateQuestionScenes - 302 0 null 39.2118ms
2025-11-02 18:15:19.647 +01:00 [INF] Request starting HTTP/2 GET https://localhost:7025/StoryCreation/CreateEndings?storyId=4 - null null
2025-11-02 18:15:19.648 +01:00 [INF] Request finished HTTP/2 GET https://localhost:7025/StoryCreation/CreateEndings?storyId=4 - 404 0 null 0.7003ms
2025-11-02 18:15:19.648 +01:00 [INF] Request reached the end of the middleware pipeline without being handled by application code. Request path: GET https://localhost:7025/StoryCreation/CreateEndings, Response status code: 404
