2025-11-02 11:58:57.686 +01:00 [INF] User profile is available. Using '/Users/michaelnedgaardisaksen/.aspnet/DataProtection-Keys' as key repository; keys will not be encrypted at rest.
2025-11-02 11:58:58.374 +01:00 [INF] Applying migration '20251024065541_InitialCreate'.
2025-11-02 11:58:58.415 +01:00 [INF] Applying migration '20251101105657_AddIdentitySupport'.
2025-11-02 11:58:59.336 +01:00 [INF] Now listening on: https://localhost:7025
2025-11-02 11:58:59.337 +01:00 [INF] Now listening on: http://localhost:5262
2025-11-02 11:58:59.341 +01:00 [INF] Application started. Press Ctrl+C to shut down.
2025-11-02 11:58:59.341 +01:00 [INF] Hosting environment: Development
2025-11-02 11:58:59.342 +01:00 [INF] Content root path: /Users/michaelnedgaardisaksen/Documents/ITPE3100_Webapplikasjoner/Demo-Jam/Jam
2025-11-02 11:58:59.604 +01:00 [INF] Request starting HTTP/2 GET https://localhost:7025/ - null null
2025-11-02 11:58:59.641 +01:00 [INF] Executing endpoint 'Jam.Controllers.HomeController.Index (Jam)'
2025-11-02 11:58:59.650 +01:00 [INF] Route matched with {action = "Index", controller = "Home", page = "", area = ""}. Executing controller action with signature System.Threading.Tasks.Task`1[Microsoft.AspNetCore.Mvc.IActionResult] Index() on controller Jam.Controllers.HomeController (Jam).
2025-11-02 11:58:59.671 +01:00 [WRN] [HomeController -> Index] User not logged in, redirecting to Login page.
2025-11-02 11:58:59.673 +01:00 [INF] Executing LocalRedirectResult, redirecting to /Identity/Account/Login.
2025-11-02 11:58:59.675 +01:00 [INF] Executed action Jam.Controllers.HomeController.Index (Jam) in 19.8024ms
2025-11-02 11:58:59.676 +01:00 [INF] Executed endpoint 'Jam.Controllers.HomeController.Index (Jam)'
2025-11-02 11:58:59.680 +01:00 [INF] Request finished HTTP/2 GET https://localhost:7025/ - 302 0 null 76.2544ms
2025-11-02 11:58:59.699 +01:00 [INF] Request starting HTTP/2 GET https://localhost:7025/Identity/Account/Login - null null
2025-11-02 11:58:59.701 +01:00 [INF] Executing endpoint '/Account/Login'
2025-11-02 11:58:59.711 +01:00 [INF] Route matched with {page = "/Account/Login", area = "Identity", action = "", controller = ""}. Executing page /Account/Login
2025-11-02 11:58:59.720 +01:00 [INF] Executing handler method Jam.Areas.Identity.Pages.Account.LoginModel.OnGetAsync - ModelState is "Valid"
2025-11-02 11:58:59.725 +01:00 [INF] AuthenticationScheme: Identity.External signed out.
2025-11-02 11:58:59.725 +01:00 [INF] Executed handler method OnGetAsync, returned result .
2025-11-02 11:58:59.728 +01:00 [INF] Executing an implicit handler method - ModelState is "Valid"
2025-11-02 11:58:59.728 +01:00 [INF] Executed an implicit handler method, returned result Microsoft.AspNetCore.Mvc.RazorPages.PageResult.
2025-11-02 11:58:59.784 +01:00 [INF] Executed page /Account/Login in 72.9599ms
2025-11-02 11:58:59.784 +01:00 [INF] Executed endpoint '/Account/Login'
2025-11-02 11:58:59.787 +01:00 [INF] Request finished HTTP/2 GET https://localhost:7025/Identity/Account/Login - 200 null text/html; charset=utf-8 87.4412ms
2025-11-02 11:58:59.899 +01:00 [INF] Request starting HTTP/2 GET https://localhost:7025/lib/jquery-validation/dist/jquery.validate.min.js - null null
2025-11-02 11:58:59.924 +01:00 [INF] Request starting HTTP/2 GET https://localhost:7025/lib/jquery-validation-unobtrusive/jquery.validate.unobtrusive.min.js - null null
2025-11-02 11:58:59.937 +01:00 [INF] Request finished HTTP/2 GET https://localhost:7025/lib/jquery-validation/dist/jquery.validate.min.js - 404 0 null 37.6792ms
2025-11-02 11:58:59.937 +01:00 [INF] Request finished HTTP/2 GET https://localhost:7025/lib/jquery-validation-unobtrusive/jquery.validate.unobtrusive.min.js - 404 0 null 37.4459ms
2025-11-02 11:58:59.937 +01:00 [INF] Request reached the end of the middleware pipeline without being handled by application code. Request path: GET https://localhost:7025/lib/jquery-validation-unobtrusive/jquery.validate.unobtrusive.min.js, Response status code: 404
2025-11-02 11:58:59.938 +01:00 [INF] Request reached the end of the middleware pipeline without being handled by application code. Request path: GET https://localhost:7025/lib/jquery-validation/dist/jquery.validate.min.js, Response status code: 404
2025-11-02 11:59:08.206 +01:00 [INF] Request starting HTTP/2 POST https://localhost:7025/Identity/Account/Login - application/x-www-form-urlencoded 310
2025-11-02 11:59:08.241 +01:00 [INF] Executing endpoint '/Account/Login'
2025-11-02 11:59:08.243 +01:00 [INF] Route matched with {page = "/Account/Login", area = "Identity", action = "", controller = ""}. Executing page /Account/Login
2025-11-02 11:59:08.266 +01:00 [INF] Executing handler method Jam.Areas.Identity.Pages.Account.LoginModel.OnPostAsync - ModelState is "Valid"
2025-11-02 11:59:08.378 +01:00 [INF] AuthenticationScheme: Identity.Application signed in.
2025-11-02 11:59:08.379 +01:00 [INF] User logged in.
2025-11-02 11:59:08.379 +01:00 [INF] Executed handler method OnPostAsync, returned result Microsoft.AspNetCore.Mvc.LocalRedirectResult.
2025-11-02 11:59:08.380 +01:00 [INF] Executing LocalRedirectResult, redirecting to /.
2025-11-02 11:59:08.380 +01:00 [INF] Executed page /Account/Login in 137.1335ms
2025-11-02 11:59:08.380 +01:00 [INF] Executed endpoint '/Account/Login'
2025-11-02 11:59:08.380 +01:00 [INF] Request finished HTTP/2 POST https://localhost:7025/Identity/Account/Login - 302 0 null 194.8994ms
2025-11-02 11:59:08.442 +01:00 [INF] Request starting HTTP/2 GET https://localhost:7025/ - null null
2025-11-02 11:59:08.462 +01:00 [INF] Executing endpoint 'Jam.Controllers.HomeController.Index (Jam)'
2025-11-02 11:59:08.463 +01:00 [INF] Route matched with {action = "Index", controller = "Home", page = "", area = ""}. Executing controller action with signature System.Threading.Tasks.Task`1[Microsoft.AspNetCore.Mvc.IActionResult] Index() on controller Jam.Controllers.HomeController (Jam).
2025-11-02 11:59:08.622 +01:00 [INF] Executing ViewResult, running view Index.
2025-11-02 11:59:08.661 +01:00 [INF] Executed ViewResult - view Index executed in 40.0603ms.
2025-11-02 11:59:08.662 +01:00 [INF] Executed action Jam.Controllers.HomeController.Index (Jam) in 198.2605ms
2025-11-02 11:59:08.662 +01:00 [INF] Executed endpoint 'Jam.Controllers.HomeController.Index (Jam)'
2025-11-02 11:59:08.664 +01:00 [INF] Request finished HTTP/2 GET https://localhost:7025/ - 200 null text/html; charset=utf-8 221.9698ms
2025-11-02 11:59:09.786 +01:00 [INF] Request starting HTTP/2 GET https://localhost:7025/StoryPlaying/StartStory?storyId=1 - null null
2025-11-02 11:59:09.795 +01:00 [INF] Executing endpoint 'Jam.Controllers.StoryPlayingController.StartStory (Jam)'
2025-11-02 11:59:09.801 +01:00 [INF] Route matched with {action = "StartStory", controller = "StoryPlaying", page = "", area = ""}. Executing controller action with signature System.Threading.Tasks.Task`1[Microsoft.AspNetCore.Mvc.IActionResult] StartStory(Int32) on controller Jam.Controllers.StoryPlayingController (Jam).
2025-11-02 11:59:09.857 +01:00 [INF] Executing RedirectResult, redirecting to /StoryPlaying/PlayScene?sceneId=3&SceneType=Intro&sessionId=3.
2025-11-02 11:59:09.857 +01:00 [INF] Executed action Jam.Controllers.StoryPlayingController.StartStory (Jam) in 55.5652ms
2025-11-02 11:59:09.857 +01:00 [INF] Executed endpoint 'Jam.Controllers.StoryPlayingController.StartStory (Jam)'
2025-11-02 11:59:09.857 +01:00 [INF] Request finished HTTP/2 GET https://localhost:7025/StoryPlaying/StartStory?storyId=1 - 302 0 null 71.6426ms
2025-11-02 11:59:09.861 +01:00 [INF] Request starting HTTP/2 GET https://localhost:7025/StoryPlaying/PlayScene?sceneId=3&SceneType=Intro&sessionId=3 - null null
2025-11-02 11:59:09.862 +01:00 [INF] Executing endpoint 'Jam.Controllers.StoryPlayingController.PlayScene (Jam)'
2025-11-02 11:59:09.864 +01:00 [INF] Route matched with {action = "PlayScene", controller = "StoryPlaying", page = "", area = ""}. Executing controller action with signature System.Threading.Tasks.Task`1[Microsoft.AspNetCore.Mvc.IActionResult] PlayScene(Int32, Jam.Models.Enums.SceneType, Int32) on controller Jam.Controllers.StoryPlayingController (Jam).
2025-11-02 11:59:09.872 +01:00 [INF] Executing ViewResult, running view PlayScene.
2025-11-02 11:59:09.887 +01:00 [INF] Executed ViewResult - view PlayScene executed in 15.0327ms.
2025-11-02 11:59:09.888 +01:00 [INF] Executed action Jam.Controllers.StoryPlayingController.PlayScene (Jam) in 23.066ms
2025-11-02 11:59:09.888 +01:00 [INF] Executed endpoint 'Jam.Controllers.StoryPlayingController.PlayScene (Jam)'
2025-11-02 11:59:09.888 +01:00 [INF] Request finished HTTP/2 GET https://localhost:7025/StoryPlaying/PlayScene?sceneId=3&SceneType=Intro&sessionId=3 - 200 null text/html; charset=utf-8 27.3171ms
2025-11-02 11:59:09.927 +01:00 [INF] Request starting HTTP/2 GET https://localhost:7025/lib/jquery-validation/dist/jquery.validate.min.js - null null
2025-11-02 11:59:09.927 +01:00 [INF] Request starting HTTP/2 GET https://localhost:7025/lib/jquery-validation-unobtrusive/jquery.validate.unobtrusive.min.js - null null
2025-11-02 11:59:09.928 +01:00 [INF] Request finished HTTP/2 GET https://localhost:7025/lib/jquery-validation/dist/jquery.validate.min.js - 404 0 null 22.5032ms
2025-11-02 11:59:09.928 +01:00 [INF] Request finished HTTP/2 GET https://localhost:7025/lib/jquery-validation-unobtrusive/jquery.validate.unobtrusive.min.js - 404 0 null 1.4019ms
2025-11-02 11:59:09.928 +01:00 [INF] Request reached the end of the middleware pipeline without being handled by application code. Request path: GET https://localhost:7025/lib/jquery-validation/dist/jquery.validate.min.js, Response status code: 404
2025-11-02 11:59:09.928 +01:00 [INF] Request reached the end of the middleware pipeline without being handled by application code. Request path: GET https://localhost:7025/lib/jquery-validation-unobtrusive/jquery.validate.unobtrusive.min.js, Response status code: 404
2025-11-02 11:59:11.166 +01:00 [INF] Request starting HTTP/2 POST https://localhost:7025/StoryPlaying/PlayScene - application/x-www-form-urlencoded 540
2025-11-02 11:59:11.168 +01:00 [INF] Executing endpoint 'Jam.Controllers.StoryPlayingController.PlayScene (Jam)'
2025-11-02 11:59:11.176 +01:00 [INF] Route matched with {action = "PlayScene", controller = "StoryPlaying", page = "", area = ""}. Executing controller action with signature System.Threading.Tasks.Task`1[Microsoft.AspNetCore.Mvc.IActionResult] PlayScene(Jam.ViewModels.StoryPlaying.PlaySceneViewModel) on controller Jam.Controllers.StoryPlayingController (Jam).
2025-11-02 11:59:11.211 +01:00 [INF] Executing RedirectResult, redirecting to /StoryPlaying/PlayScene?sceneId=4&sceneType=Question&sessionId=3.
2025-11-02 11:59:11.211 +01:00 [INF] Executed action Jam.Controllers.StoryPlayingController.PlayScene (Jam) in 35.0377ms
2025-11-02 11:59:11.211 +01:00 [INF] Executed endpoint 'Jam.Controllers.StoryPlayingController.PlayScene (Jam)'
2025-11-02 11:59:11.211 +01:00 [INF] Request finished HTTP/2 POST https://localhost:7025/StoryPlaying/PlayScene - 302 0 null 45.2192ms
2025-11-02 11:59:11.239 +01:00 [INF] Request starting HTTP/2 GET https://localhost:7025/StoryPlaying/PlayScene?sceneId=4&sceneType=Question&sessionId=3 - null null
2025-11-02 11:59:11.264 +01:00 [INF] Executing endpoint 'Jam.Controllers.StoryPlayingController.PlayScene (Jam)'
2025-11-02 11:59:11.264 +01:00 [INF] Route matched with {action = "PlayScene", controller = "StoryPlaying", page = "", area = ""}. Executing controller action with signature System.Threading.Tasks.Task`1[Microsoft.AspNetCore.Mvc.IActionResult] PlayScene(Int32, Jam.Models.Enums.SceneType, Int32) on controller Jam.Controllers.StoryPlayingController (Jam).
2025-11-02 11:59:11.288 +01:00 [INF] Executing ViewResult, running view PlayScene.
2025-11-02 11:59:11.291 +01:00 [INF] Executed ViewResult - view PlayScene executed in 2.7981ms.
2025-11-02 11:59:11.291 +01:00 [INF] Executed action Jam.Controllers.StoryPlayingController.PlayScene (Jam) in 26.3025ms
2025-11-02 11:59:11.291 +01:00 [INF] Executed endpoint 'Jam.Controllers.StoryPlayingController.PlayScene (Jam)'
2025-11-02 11:59:11.291 +01:00 [INF] Request finished HTTP/2 GET https://localhost:7025/StoryPlaying/PlayScene?sceneId=4&sceneType=Question&sessionId=3 - 200 null text/html; charset=utf-8 52.028ms
2025-11-02 11:59:11.307 +01:00 [INF] Request starting HTTP/2 GET https://localhost:7025/lib/jquery-validation/dist/jquery.validate.min.js - null null
2025-11-02 11:59:11.307 +01:00 [INF] Request starting HTTP/2 GET https://localhost:7025/lib/jquery-validation-unobtrusive/jquery.validate.unobtrusive.min.js - null null
2025-11-02 11:59:11.329 +01:00 [INF] Request finished HTTP/2 GET https://localhost:7025/lib/jquery-validation-unobtrusive/jquery.validate.unobtrusive.min.js - 404 0 null 21.8668ms
2025-11-02 11:59:11.329 +01:00 [INF] Request finished HTTP/2 GET https://localhost:7025/lib/jquery-validation/dist/jquery.validate.min.js - 404 0 null 21.8729ms
2025-11-02 11:59:11.329 +01:00 [INF] Request reached the end of the middleware pipeline without being handled by application code. Request path: GET https://localhost:7025/lib/jquery-validation-unobtrusive/jquery.validate.unobtrusive.min.js, Response status code: 404
2025-11-02 11:59:11.329 +01:00 [INF] Request reached the end of the middleware pipeline without being handled by application code. Request path: GET https://localhost:7025/lib/jquery-validation/dist/jquery.validate.min.js, Response status code: 404
