2025-11-02 08:43:10.569 +01:00 [INF] User profile is available. Using '/Users/michaelnedgaardisaksen/.aspnet/DataProtection-Keys' as key repository; keys will not be encrypted at rest.
2025-11-02 08:43:11.123 +01:00 [INF] Applying migration '20251024065541_InitialCreate'.
2025-11-02 08:43:11.206 +01:00 [INF] Applying migration '20251101105657_AddIdentitySupport'.
2025-11-02 08:43:12.793 +01:00 [INF] Now listening on: https://localhost:7025
2025-11-02 08:43:12.794 +01:00 [INF] Now listening on: http://localhost:5262
2025-11-02 08:43:12.799 +01:00 [INF] Application started. Press Ctrl+C to shut down.
2025-11-02 08:43:12.800 +01:00 [INF] Hosting environment: Development
2025-11-02 08:43:12.801 +01:00 [INF] Content root path: /Users/michaelnedgaardisaksen/Documents/ITPE3100_Webapplikasjoner/Demo-Jam/Jam
2025-11-02 08:43:13.219 +01:00 [INF] Request starting HTTP/2 GET https://localhost:7025/ - null null
2025-11-02 08:43:13.260 +01:00 [INF] Executing endpoint 'Jam.Controllers.HomeController.Index (Jam)'
2025-11-02 08:43:13.277 +01:00 [INF] Route matched with {action = "Index", controller = "Home", page = "", area = ""}. Executing controller action with signature System.Threading.Tasks.Task`1[Microsoft.AspNetCore.Mvc.IActionResult] Index() on controller Jam.Controllers.HomeController (Jam).
2025-11-02 08:43:13.294 +01:00 [WRN] [HomeController -> Index] User not logged in, redirecting to Login page.
2025-11-02 08:43:13.295 +01:00 [INF] Executing LocalRedirectResult, redirecting to /Identity/Account/Login.
2025-11-02 08:43:13.298 +01:00 [INF] Executed action Jam.Controllers.HomeController.Index (Jam) in 18.3931ms
2025-11-02 08:43:13.300 +01:00 [INF] Executed endpoint 'Jam.Controllers.HomeController.Index (Jam)'
2025-11-02 08:43:13.306 +01:00 [INF] Request finished HTTP/2 GET https://localhost:7025/ - 302 0 null 89.6582ms
2025-11-02 08:43:13.372 +01:00 [INF] Request starting HTTP/2 GET https://localhost:7025/Identity/Account/Login - null null
2025-11-02 08:43:13.406 +01:00 [INF] Executing endpoint '/Account/Login'
2025-11-02 08:43:13.421 +01:00 [INF] Route matched with {page = "/Account/Login", area = "Identity", action = "", controller = ""}. Executing page /Account/Login
2025-11-02 08:43:13.441 +01:00 [INF] Executing handler method Jam.Areas.Identity.Pages.Account.LoginModel.OnGetAsync - ModelState is "Valid"
2025-11-02 08:43:13.445 +01:00 [INF] AuthenticationScheme: Identity.External signed out.
2025-11-02 08:43:13.446 +01:00 [INF] Executed handler method OnGetAsync, returned result .
2025-11-02 08:43:13.447 +01:00 [INF] Executing an implicit handler method - ModelState is "Valid"
2025-11-02 08:43:13.448 +01:00 [INF] Executed an implicit handler method, returned result Microsoft.AspNetCore.Mvc.RazorPages.PageResult.
2025-11-02 08:43:13.499 +01:00 [INF] Executed page /Account/Login in 66.1727ms
2025-11-02 08:43:13.520 +01:00 [INF] Executed endpoint '/Account/Login'
2025-11-02 08:43:13.524 +01:00 [INF] Request starting HTTP/2 GET https://localhost:7025/lib/jquery-validation-unobtrusive/jquery.validate.unobtrusive.min.js - null null
2025-11-02 08:43:13.524 +01:00 [INF] Request starting HTTP/2 GET https://localhost:7025/lib/jquery-validation/dist/jquery.validate.min.js - null null
2025-11-02 08:43:13.532 +01:00 [INF] Request finished HTTP/2 GET https://localhost:7025/Identity/Account/Login - 200 null text/html; charset=utf-8 159.7792ms
2025-11-02 08:43:13.547 +01:00 [INF] Request finished HTTP/2 GET https://localhost:7025/lib/jquery-validation/dist/jquery.validate.min.js - 404 0 null 23.344ms
2025-11-02 08:43:13.547 +01:00 [INF] Request finished HTTP/2 GET https://localhost:7025/lib/jquery-validation-unobtrusive/jquery.validate.unobtrusive.min.js - 404 0 null 23.3442ms
2025-11-02 08:43:13.548 +01:00 [INF] Request reached the end of the middleware pipeline without being handled by application code. Request path: GET https://localhost:7025/lib/jquery-validation/dist/jquery.validate.min.js, Response status code: 404
2025-11-02 08:43:13.548 +01:00 [INF] Request reached the end of the middleware pipeline without being handled by application code. Request path: GET https://localhost:7025/lib/jquery-validation-unobtrusive/jquery.validate.unobtrusive.min.js, Response status code: 404
2025-11-02 08:43:23.616 +01:00 [INF] Request starting HTTP/2 POST https://localhost:7025/Identity/Account/Logout?returnUrl=%2F - application/x-www-form-urlencoded 225
2025-11-02 08:43:23.630 +01:00 [INF] Executing endpoint '/Account/Logout'
2025-11-02 08:43:23.637 +01:00 [INF] Route matched with {page = "/Account/Logout", area = "Identity", action = "", controller = ""}. Executing page /Account/Logout
2025-11-02 08:43:23.647 +01:00 [INF] Executing handler method Jam.Areas.Identity.Pages.Account.LogoutModel.OnPost - ModelState is "Valid"
2025-11-02 08:43:23.649 +01:00 [INF] AuthenticationScheme: Identity.Application signed out.
2025-11-02 08:43:23.649 +01:00 [INF] AuthenticationScheme: Identity.External signed out.
2025-11-02 08:43:23.649 +01:00 [INF] AuthenticationScheme: Identity.TwoFactorUserId signed out.
2025-11-02 08:43:23.650 +01:00 [INF] User logged out.
2025-11-02 08:43:23.651 +01:00 [INF] Executed handler method OnPost, returned result Microsoft.AspNetCore.Mvc.LocalRedirectResult.
2025-11-02 08:43:23.651 +01:00 [INF] Executing LocalRedirectResult, redirecting to /.
2025-11-02 08:43:23.651 +01:00 [INF] Executed page /Account/Logout in 13.4815ms
2025-11-02 08:43:23.651 +01:00 [INF] Executed endpoint '/Account/Logout'
2025-11-02 08:43:23.651 +01:00 [INF] Request finished HTTP/2 POST https://localhost:7025/Identity/Account/Logout?returnUrl=%2F - 302 0 null 86.9696ms
2025-11-02 08:43:23.657 +01:00 [INF] Request starting HTTP/2 GET https://localhost:7025/ - null null
2025-11-02 08:43:23.659 +01:00 [INF] Authorization failed. These requirements were not met:
DenyAnonymousAuthorizationRequirement: Requires an authenticated user.
2025-11-02 08:43:23.660 +01:00 [INF] AuthenticationScheme: Identity.Application was challenged.
2025-11-02 08:43:23.660 +01:00 [INF] Request finished HTTP/2 GET https://localhost:7025/ - 302 0 null 2.6766ms
2025-11-02 08:43:23.713 +01:00 [INF] Request starting HTTP/2 GET https://localhost:7025/Identity/Account/Login?ReturnUrl=%2F - null null
2025-11-02 08:43:23.739 +01:00 [INF] Executing endpoint '/Account/Login'
2025-11-02 08:43:23.740 +01:00 [INF] Route matched with {page = "/Account/Login", area = "Identity", action = "", controller = ""}. Executing page /Account/Login
2025-11-02 08:43:23.741 +01:00 [INF] Executing handler method Jam.Areas.Identity.Pages.Account.LoginModel.OnGetAsync - ModelState is "Valid"
2025-11-02 08:43:23.742 +01:00 [INF] AuthenticationScheme: Identity.External signed out.
2025-11-02 08:43:23.742 +01:00 [INF] Executed handler method OnGetAsync, returned result .
2025-11-02 08:43:23.742 +01:00 [INF] Executing an implicit handler method - ModelState is "Valid"
2025-11-02 08:43:23.742 +01:00 [INF] Executed an implicit handler method, returned result Microsoft.AspNetCore.Mvc.RazorPages.PageResult.
2025-11-02 08:43:23.796 +01:00 [INF] Executed page /Account/Login in 56.7393ms
2025-11-02 08:43:23.797 +01:00 [INF] Executed endpoint '/Account/Login'
2025-11-02 08:43:23.797 +01:00 [INF] Request finished HTTP/2 GET https://localhost:7025/Identity/Account/Login?ReturnUrl=%2F - 200 null text/html; charset=utf-8 83.9245ms
2025-11-02 08:43:23.858 +01:00 [INF] Request starting HTTP/2 GET https://localhost:7025/lib/jquery-validation/dist/jquery.validate.min.js - null null
2025-11-02 08:43:23.930 +01:00 [INF] Request starting HTTP/2 GET https://localhost:7025/lib/jquery-validation-unobtrusive/jquery.validate.unobtrusive.min.js - null null
2025-11-02 08:43:23.931 +01:00 [INF] Request finished HTTP/2 GET https://localhost:7025/lib/jquery-validation-unobtrusive/jquery.validate.unobtrusive.min.js - 404 0 null 49.161ms
2025-11-02 08:43:23.931 +01:00 [INF] Request finished HTTP/2 GET https://localhost:7025/lib/jquery-validation/dist/jquery.validate.min.js - 404 0 null 98.6795ms
2025-11-02 08:43:23.931 +01:00 [INF] Request reached the end of the middleware pipeline without being handled by application code. Request path: GET https://localhost:7025/lib/jquery-validation-unobtrusive/jquery.validate.unobtrusive.min.js, Response status code: 404
2025-11-02 08:43:23.931 +01:00 [INF] Request reached the end of the middleware pipeline without being handled by application code. Request path: GET https://localhost:7025/lib/jquery-validation/dist/jquery.validate.min.js, Response status code: 404
2025-11-02 08:43:37.316 +01:00 [INF] Request starting HTTP/2 POST https://localhost:7025/Identity/Account/Login?ReturnUrl=%2F - application/x-www-form-urlencoded 267
2025-11-02 08:43:37.319 +01:00 [INF] Executing endpoint '/Account/Login'
2025-11-02 08:43:37.321 +01:00 [INF] Route matched with {page = "/Account/Login", area = "Identity", action = "", controller = ""}. Executing page /Account/Login
2025-11-02 08:43:37.345 +01:00 [INF] Executing handler method Jam.Areas.Identity.Pages.Account.LoginModel.OnPostAsync - ModelState is "Valid"
2025-11-02 08:43:37.465 +01:00 [INF] AuthenticationScheme: Identity.Application signed in.
2025-11-02 08:43:37.466 +01:00 [INF] User logged in.
2025-11-02 08:43:37.466 +01:00 [INF] Executed handler method OnPostAsync, returned result Microsoft.AspNetCore.Mvc.LocalRedirectResult.
2025-11-02 08:43:37.466 +01:00 [INF] Executing LocalRedirectResult, redirecting to /.
2025-11-02 08:43:37.466 +01:00 [INF] Executed page /Account/Login in 145.2836ms
2025-11-02 08:43:37.467 +01:00 [INF] Executed endpoint '/Account/Login'
2025-11-02 08:43:37.467 +01:00 [INF] Request finished HTTP/2 POST https://localhost:7025/Identity/Account/Login?ReturnUrl=%2F - 302 0 null 151.2512ms
2025-11-02 08:43:37.499 +01:00 [INF] Request starting HTTP/2 GET https://localhost:7025/ - null null
2025-11-02 08:43:37.499 +01:00 [INF] Executing endpoint 'Jam.Controllers.HomeController.Index (Jam)'
2025-11-02 08:43:37.499 +01:00 [INF] Route matched with {action = "Index", controller = "Home", page = "", area = ""}. Executing controller action with signature System.Threading.Tasks.Task`1[Microsoft.AspNetCore.Mvc.IActionResult] Index() on controller Jam.Controllers.HomeController (Jam).
2025-11-02 08:43:37.654 +01:00 [INF] Executing ViewResult, running view Index.
2025-11-02 08:43:37.702 +01:00 [INF] Executed ViewResult - view Index executed in 49.8476ms.
2025-11-02 08:43:37.897 +01:00 [INF] Executed action Jam.Controllers.HomeController.Index (Jam) in 397.9559ms
2025-11-02 08:43:37.898 +01:00 [INF] Executed endpoint 'Jam.Controllers.HomeController.Index (Jam)'
2025-11-02 08:43:37.901 +01:00 [INF] Request finished HTTP/2 GET https://localhost:7025/ - 200 null text/html; charset=utf-8 402.511ms
2025-11-02 08:43:45.395 +01:00 [INF] Request starting HTTP/2 GET https://localhost:7025/StoryPlaying/StartStory?storyId=1 - null null
2025-11-02 08:43:45.398 +01:00 [INF] Executing endpoint 'Jam.Controllers.StoryPlayingController.StartStory (Jam)'
2025-11-02 08:43:45.405 +01:00 [INF] Route matched with {action = "StartStory", controller = "StoryPlaying", page = "", area = ""}. Executing controller action with signature System.Threading.Tasks.Task`1[Microsoft.AspNetCore.Mvc.IActionResult] StartStory(Int32) on controller Jam.Controllers.StoryPlayingController (Jam).
2025-11-02 08:43:45.464 +01:00 [INF] Executing RedirectResult, redirecting to /StoryPlaying/PlayScene?sceneId=3&SceneType=Intro&sessionId=3.
2025-11-02 08:43:45.464 +01:00 [INF] Executed action Jam.Controllers.StoryPlayingController.StartStory (Jam) in 58.1982ms
2025-11-02 08:43:45.464 +01:00 [INF] Executed endpoint 'Jam.Controllers.StoryPlayingController.StartStory (Jam)'
2025-11-02 08:43:45.464 +01:00 [INF] Request finished HTTP/2 GET https://localhost:7025/StoryPlaying/StartStory?storyId=1 - 302 0 null 68.6852ms
2025-11-02 08:43:45.543 +01:00 [INF] Request starting HTTP/2 GET https://localhost:7025/StoryPlaying/PlayScene?sceneId=3&SceneType=Intro&sessionId=3 - null null
2025-11-02 08:43:45.545 +01:00 [INF] Executing endpoint 'Jam.Controllers.StoryPlayingController.PlayScene (Jam)'
2025-11-02 08:43:45.549 +01:00 [INF] Route matched with {action = "PlayScene", controller = "StoryPlaying", page = "", area = ""}. Executing controller action with signature System.Threading.Tasks.Task`1[Microsoft.AspNetCore.Mvc.IActionResult] PlayScene(Int32, Jam.Models.Enums.SceneType, Int32) on controller Jam.Controllers.StoryPlayingController (Jam).
2025-11-02 08:43:45.558 +01:00 [INF] Executing ViewResult, running view PlayScene.
2025-11-02 08:43:45.563 +01:00 [INF] Executed ViewResult - view PlayScene executed in 4.633ms.
2025-11-02 08:43:45.563 +01:00 [INF] Executed action Jam.Controllers.StoryPlayingController.PlayScene (Jam) in 14.0695ms
2025-11-02 08:43:45.563 +01:00 [INF] Executed endpoint 'Jam.Controllers.StoryPlayingController.PlayScene (Jam)'
2025-11-02 08:43:45.563 +01:00 [INF] Request finished HTTP/2 GET https://localhost:7025/StoryPlaying/PlayScene?sceneId=3&SceneType=Intro&sessionId=3 - 200 null text/html; charset=utf-8 45.0872ms
2025-11-02 08:43:46.874 +01:00 [INF] Request starting HTTP/2 POST https://localhost:7025/StoryPlaying/PlayScene - application/x-www-form-urlencoded 293
2025-11-02 08:43:46.877 +01:00 [INF] Executing endpoint 'Jam.Controllers.StoryPlayingController.PlayScene (Jam)'
2025-11-02 08:43:46.897 +01:00 [INF] Route matched with {action = "PlayScene", controller = "StoryPlaying", page = "", area = ""}. Executing controller action with signature System.Threading.Tasks.Task`1[Microsoft.AspNetCore.Mvc.IActionResult] PlayScene(Jam.ViewModels.StoryPlaying.PlaySceneViewModel) on controller Jam.Controllers.StoryPlayingController (Jam).
2025-11-02 08:43:46.940 +01:00 [INF] Executing RedirectResult, redirecting to /StoryPlaying/PlayScene?sceneId=4&sceneType=Question&sessionId=3.
2025-11-02 08:43:46.940 +01:00 [INF] Executed action Jam.Controllers.StoryPlayingController.PlayScene (Jam) in 42.9563ms
2025-11-02 08:43:46.940 +01:00 [INF] Executed endpoint 'Jam.Controllers.StoryPlayingController.PlayScene (Jam)'
2025-11-02 08:43:46.940 +01:00 [INF] Request finished HTTP/2 POST https://localhost:7025/StoryPlaying/PlayScene - 302 0 null 66.9493ms
2025-11-02 08:43:46.993 +01:00 [INF] Request starting HTTP/2 GET https://localhost:7025/StoryPlaying/PlayScene?sceneId=4&sceneType=Question&sessionId=3 - null null
2025-11-02 08:43:46.993 +01:00 [INF] Executing endpoint 'Jam.Controllers.StoryPlayingController.PlayScene (Jam)'
2025-11-02 08:43:46.994 +01:00 [INF] Route matched with {action = "PlayScene", controller = "StoryPlaying", page = "", area = ""}. Executing controller action with signature System.Threading.Tasks.Task`1[Microsoft.AspNetCore.Mvc.IActionResult] PlayScene(Int32, Jam.Models.Enums.SceneType, Int32) on controller Jam.Controllers.StoryPlayingController (Jam).
2025-11-02 08:43:47.015 +01:00 [INF] Executing ViewResult, running view PlayScene.
2025-11-02 08:43:47.091 +01:00 [INF] Executed ViewResult - view PlayScene executed in 75.2814ms.
2025-11-02 08:43:47.091 +01:00 [INF] Executed action Jam.Controllers.StoryPlayingController.PlayScene (Jam) in 97.4995ms
2025-11-02 08:43:47.091 +01:00 [INF] Executed endpoint 'Jam.Controllers.StoryPlayingController.PlayScene (Jam)'
2025-11-02 08:43:47.091 +01:00 [INF] Request finished HTTP/2 GET https://localhost:7025/StoryPlaying/PlayScene?sceneId=4&sceneType=Question&sessionId=3 - 200 null text/html; charset=utf-8 98.2545ms
2025-11-02 08:44:08.577 +01:00 [INF] Request starting HTTP/2 POST https://localhost:7025/StoryPlaying/PlayScene - application/x-www-form-urlencoded 316
2025-11-02 08:44:08.713 +01:00 [INF] Executing endpoint 'Jam.Controllers.StoryPlayingController.PlayScene (Jam)'
2025-11-02 08:44:08.713 +01:00 [INF] Route matched with {action = "PlayScene", controller = "StoryPlaying", page = "", area = ""}. Executing controller action with signature System.Threading.Tasks.Task`1[Microsoft.AspNetCore.Mvc.IActionResult] PlayScene(Jam.ViewModels.StoryPlaying.PlaySceneViewModel) on controller Jam.Controllers.StoryPlayingController (Jam).
2025-11-02 08:44:08.742 +01:00 [INF] Executing RedirectResult, redirecting to /StoryPlaying/AnswerFeedback.
2025-11-02 08:44:08.742 +01:00 [INF] Executed action Jam.Controllers.StoryPlayingController.PlayScene (Jam) in 28.5935ms
2025-11-02 08:44:08.742 +01:00 [INF] Executed endpoint 'Jam.Controllers.StoryPlayingController.PlayScene (Jam)'
2025-11-02 08:44:08.742 +01:00 [INF] Request finished HTTP/2 POST https://localhost:7025/StoryPlaying/PlayScene - 302 0 null 165.6924ms
2025-11-02 08:44:08.798 +01:00 [INF] Request starting HTTP/2 GET https://localhost:7025/StoryPlaying/AnswerFeedback - null null
2025-11-02 08:44:08.799 +01:00 [INF] Executing endpoint 'Jam.Controllers.StoryPlayingController.AnswerFeedback (Jam)'
2025-11-02 08:44:08.800 +01:00 [INF] Route matched with {action = "AnswerFeedback", controller = "StoryPlaying", page = "", area = ""}. Executing controller action with signature Microsoft.AspNetCore.Mvc.IActionResult AnswerFeedback() on controller Jam.Controllers.StoryPlayingController (Jam).
2025-11-02 08:44:08.803 +01:00 [INF] Executing ViewResult, running view AnswerFeedback.
2025-11-02 08:44:08.816 +01:00 [INF] Executed ViewResult - view AnswerFeedback executed in 14.102ms.
2025-11-02 08:44:08.816 +01:00 [INF] Executed action Jam.Controllers.StoryPlayingController.AnswerFeedback (Jam) in 15.8602ms
2025-11-02 08:44:08.816 +01:00 [INF] Executed endpoint 'Jam.Controllers.StoryPlayingController.AnswerFeedback (Jam)'
2025-11-02 08:44:08.816 +01:00 [INF] Request finished HTTP/2 GET https://localhost:7025/StoryPlaying/AnswerFeedback - 200 null text/html; charset=utf-8 18.2421ms
2025-11-02 08:44:10.517 +01:00 [INF] Request starting HTTP/2 POST https://localhost:7025/StoryPlaying/AnswerFeedback - application/x-www-form-urlencoded 307
2025-11-02 08:44:10.546 +01:00 [INF] Executing endpoint 'Jam.Controllers.StoryPlayingController.AnswerFeedback (Jam)'
2025-11-02 08:44:10.553 +01:00 [INF] Route matched with {action = "AnswerFeedback", controller = "StoryPlaying", page = "", area = ""}. Executing controller action with signature System.Threading.Tasks.Task`1[Microsoft.AspNetCore.Mvc.IActionResult] AnswerFeedback(Jam.ViewModels.StoryPlaying.AnswerFeedbackViewModel) on controller Jam.Controllers.StoryPlayingController (Jam).
2025-11-02 08:44:10.565 +01:00 [INF] Executing RedirectResult, redirecting to /StoryPlaying/PlayScene?sceneId=3&sceneType=Question&sessionId=3.
2025-11-02 08:44:10.566 +01:00 [INF] Executed action Jam.Controllers.StoryPlayingController.AnswerFeedback (Jam) in 12.0935ms
2025-11-02 08:44:10.566 +01:00 [INF] Executed endpoint 'Jam.Controllers.StoryPlayingController.AnswerFeedback (Jam)'
2025-11-02 08:44:10.566 +01:00 [INF] Request finished HTTP/2 POST https://localhost:7025/StoryPlaying/AnswerFeedback - 302 0 null 48.6612ms
2025-11-02 08:44:10.571 +01:00 [INF] Request starting HTTP/2 GET https://localhost:7025/StoryPlaying/PlayScene?sceneId=3&sceneType=Question&sessionId=3 - null null
2025-11-02 08:44:10.572 +01:00 [INF] Executing endpoint 'Jam.Controllers.StoryPlayingController.PlayScene (Jam)'
2025-11-02 08:44:10.572 +01:00 [INF] Route matched with {action = "PlayScene", controller = "StoryPlaying", page = "", area = ""}. Executing controller action with signature System.Threading.Tasks.Task`1[Microsoft.AspNetCore.Mvc.IActionResult] PlayScene(Int32, Jam.Models.Enums.SceneType, Int32) on controller Jam.Controllers.StoryPlayingController (Jam).
2025-11-02 08:44:10.576 +01:00 [INF] Executing ViewResult, running view PlayScene.
2025-11-02 08:44:10.648 +01:00 [INF] Executed ViewResult - view PlayScene executed in 72.2875ms.
2025-11-02 08:44:10.725 +01:00 [INF] Executed action Jam.Controllers.StoryPlayingController.PlayScene (Jam) in 153.0718ms
2025-11-02 08:44:10.751 +01:00 [INF] Executed endpoint 'Jam.Controllers.StoryPlayingController.PlayScene (Jam)'
2025-11-02 08:44:10.752 +01:00 [INF] Request finished HTTP/2 GET https://localhost:7025/StoryPlaying/PlayScene?sceneId=3&sceneType=Question&sessionId=3 - 200 null text/html; charset=utf-8 180.8315ms
2025-11-02 08:44:34.527 +01:00 [INF] Request starting HTTP/2 POST https://localhost:7025/StoryPlaying/PlayScene - application/x-www-form-urlencoded 316
2025-11-02 08:44:34.530 +01:00 [INF] Executing endpoint 'Jam.Controllers.StoryPlayingController.PlayScene (Jam)'
2025-11-02 08:44:34.530 +01:00 [INF] Route matched with {action = "PlayScene", controller = "StoryPlaying", page = "", area = ""}. Executing controller action with signature System.Threading.Tasks.Task`1[Microsoft.AspNetCore.Mvc.IActionResult] PlayScene(Jam.ViewModels.StoryPlaying.PlaySceneViewModel) on controller Jam.Controllers.StoryPlayingController (Jam).
2025-11-02 08:44:34.544 +01:00 [INF] Executing RedirectResult, redirecting to /StoryPlaying/AnswerFeedback.
2025-11-02 08:44:34.544 +01:00 [INF] Executed action Jam.Controllers.StoryPlayingController.PlayScene (Jam) in 14.2667ms
2025-11-02 08:44:34.544 +01:00 [INF] Executed endpoint 'Jam.Controllers.StoryPlayingController.PlayScene (Jam)'
2025-11-02 08:44:34.545 +01:00 [INF] Request finished HTTP/2 POST https://localhost:7025/StoryPlaying/PlayScene - 302 0 null 18.1942ms
2025-11-02 08:44:34.549 +01:00 [INF] Request starting HTTP/2 GET https://localhost:7025/StoryPlaying/AnswerFeedback - null null
2025-11-02 08:44:34.599 +01:00 [INF] Executing endpoint 'Jam.Controllers.StoryPlayingController.AnswerFeedback (Jam)'
2025-11-02 08:44:34.599 +01:00 [INF] Route matched with {action = "AnswerFeedback", controller = "StoryPlaying", page = "", area = ""}. Executing controller action with signature Microsoft.AspNetCore.Mvc.IActionResult AnswerFeedback() on controller Jam.Controllers.StoryPlayingController (Jam).
2025-11-02 08:44:34.599 +01:00 [INF] Executing ViewResult, running view AnswerFeedback.
2025-11-02 08:44:34.630 +01:00 [INF] Executed ViewResult - view AnswerFeedback executed in 30.3011ms.
2025-11-02 08:44:34.656 +01:00 [INF] Executed action Jam.Controllers.StoryPlayingController.AnswerFeedback (Jam) in 30.704ms
2025-11-02 08:44:34.682 +01:00 [INF] Executed endpoint 'Jam.Controllers.StoryPlayingController.AnswerFeedback (Jam)'
2025-11-02 08:44:34.682 +01:00 [INF] Request finished HTTP/2 GET https://localhost:7025/StoryPlaying/AnswerFeedback - 200 null text/html; charset=utf-8 132.9691ms
2025-11-02 08:44:35.640 +01:00 [INF] Request starting HTTP/2 POST https://localhost:7025/StoryPlaying/AnswerFeedback - application/x-www-form-urlencoded 307
2025-11-02 08:44:35.642 +01:00 [INF] Executing endpoint 'Jam.Controllers.StoryPlayingController.AnswerFeedback (Jam)'
2025-11-02 08:44:35.642 +01:00 [INF] Route matched with {action = "AnswerFeedback", controller = "StoryPlaying", page = "", area = ""}. Executing controller action with signature System.Threading.Tasks.Task`1[Microsoft.AspNetCore.Mvc.IActionResult] AnswerFeedback(Jam.ViewModels.StoryPlaying.AnswerFeedbackViewModel) on controller Jam.Controllers.StoryPlayingController (Jam).
2025-11-02 08:44:35.654 +01:00 [INF] Executing RedirectResult, redirecting to /StoryPlaying/PlayScene?sceneId=2&sceneType=Question&sessionId=3.
2025-11-02 08:44:35.655 +01:00 [INF] Executed action Jam.Controllers.StoryPlayingController.AnswerFeedback (Jam) in 12.1352ms
2025-11-02 08:44:35.655 +01:00 [INF] Executed endpoint 'Jam.Controllers.StoryPlayingController.AnswerFeedback (Jam)'
2025-11-02 08:44:35.655 +01:00 [INF] Request finished HTTP/2 POST https://localhost:7025/StoryPlaying/AnswerFeedback - 302 0 null 15.2815ms
2025-11-02 08:44:35.686 +01:00 [INF] Request starting HTTP/2 GET https://localhost:7025/StoryPlaying/PlayScene?sceneId=2&sceneType=Question&sessionId=3 - null null
2025-11-02 08:44:35.688 +01:00 [INF] Executing endpoint 'Jam.Controllers.StoryPlayingController.PlayScene (Jam)'
2025-11-02 08:44:35.688 +01:00 [INF] Route matched with {action = "PlayScene", controller = "StoryPlaying", page = "", area = ""}. Executing controller action with signature System.Threading.Tasks.Task`1[Microsoft.AspNetCore.Mvc.IActionResult] PlayScene(Int32, Jam.Models.Enums.SceneType, Int32) on controller Jam.Controllers.StoryPlayingController (Jam).
2025-11-02 08:44:35.696 +01:00 [INF] Executing ViewResult, running view PlayScene.
2025-11-02 08:44:35.749 +01:00 [INF] Executed ViewResult - view PlayScene executed in 28.0598ms.
2025-11-02 08:44:35.775 +01:00 [INF] Executed action Jam.Controllers.StoryPlayingController.PlayScene (Jam) in 87.004ms
2025-11-02 08:44:35.775 +01:00 [INF] Executed endpoint 'Jam.Controllers.StoryPlayingController.PlayScene (Jam)'
2025-11-02 08:44:35.776 +01:00 [INF] Request finished HTTP/2 GET https://localhost:7025/StoryPlaying/PlayScene?sceneId=2&sceneType=Question&sessionId=3 - 200 null text/html; charset=utf-8 90.8536ms
2025-11-02 08:44:38.240 +01:00 [INF] Request starting HTTP/2 POST https://localhost:7025/StoryPlaying/PlayScene - application/x-www-form-urlencoded 316
2025-11-02 08:44:38.242 +01:00 [INF] Executing endpoint 'Jam.Controllers.StoryPlayingController.PlayScene (Jam)'
2025-11-02 08:44:38.243 +01:00 [INF] Route matched with {action = "PlayScene", controller = "StoryPlaying", page = "", area = ""}. Executing controller action with signature System.Threading.Tasks.Task`1[Microsoft.AspNetCore.Mvc.IActionResult] PlayScene(Jam.ViewModels.StoryPlaying.PlaySceneViewModel) on controller Jam.Controllers.StoryPlayingController (Jam).
2025-11-02 08:44:38.256 +01:00 [INF] Executing RedirectResult, redirecting to /StoryPlaying/AnswerFeedback.
2025-11-02 08:44:38.256 +01:00 [INF] Executed action Jam.Controllers.StoryPlayingController.PlayScene (Jam) in 13.688ms
2025-11-02 08:44:38.256 +01:00 [INF] Executed endpoint 'Jam.Controllers.StoryPlayingController.PlayScene (Jam)'
2025-11-02 08:44:38.257 +01:00 [INF] Request finished HTTP/2 POST https://localhost:7025/StoryPlaying/PlayScene - 302 0 null 41.7362ms
2025-11-02 08:44:38.261 +01:00 [INF] Request starting HTTP/2 GET https://localhost:7025/StoryPlaying/AnswerFeedback - null null
2025-11-02 08:44:38.262 +01:00 [INF] Executing endpoint 'Jam.Controllers.StoryPlayingController.AnswerFeedback (Jam)'
2025-11-02 08:44:38.262 +01:00 [INF] Route matched with {action = "AnswerFeedback", controller = "StoryPlaying", page = "", area = ""}. Executing controller action with signature Microsoft.AspNetCore.Mvc.IActionResult AnswerFeedback() on controller Jam.Controllers.StoryPlayingController (Jam).
2025-11-02 08:44:38.263 +01:00 [INF] Executing ViewResult, running view AnswerFeedback.
2025-11-02 08:44:38.266 +01:00 [INF] Executed ViewResult - view AnswerFeedback executed in 3.7261ms.
2025-11-02 08:44:38.267 +01:00 [INF] Executed action Jam.Controllers.StoryPlayingController.AnswerFeedback (Jam) in 4.2528ms
2025-11-02 08:44:38.267 +01:00 [INF] Executed endpoint 'Jam.Controllers.StoryPlayingController.AnswerFeedback (Jam)'
2025-11-02 08:44:38.267 +01:00 [INF] Request finished HTTP/2 GET https://localhost:7025/StoryPlaying/AnswerFeedback - 200 null text/html; charset=utf-8 6.0162ms
2025-11-02 08:44:39.518 +01:00 [INF] Request starting HTTP/2 POST https://localhost:7025/StoryPlaying/AnswerFeedback - application/x-www-form-urlencoded 307
2025-11-02 08:44:39.543 +01:00 [INF] Executing endpoint 'Jam.Controllers.StoryPlayingController.AnswerFeedback (Jam)'
2025-11-02 08:44:39.544 +01:00 [INF] Route matched with {action = "AnswerFeedback", controller = "StoryPlaying", page = "", area = ""}. Executing controller action with signature System.Threading.Tasks.Task`1[Microsoft.AspNetCore.Mvc.IActionResult] AnswerFeedback(Jam.ViewModels.StoryPlaying.AnswerFeedbackViewModel) on controller Jam.Controllers.StoryPlayingController (Jam).
2025-11-02 08:44:39.555 +01:00 [INF] Executing RedirectResult, redirecting to /StoryPlaying/PlayScene?sceneId=1&sceneType=Question&sessionId=3.
2025-11-02 08:44:39.555 +01:00 [INF] Executed action Jam.Controllers.StoryPlayingController.AnswerFeedback (Jam) in 11.1647ms
2025-11-02 08:44:39.555 +01:00 [INF] Executed endpoint 'Jam.Controllers.StoryPlayingController.AnswerFeedback (Jam)'
2025-11-02 08:44:39.555 +01:00 [INF] Request finished HTTP/2 POST https://localhost:7025/StoryPlaying/AnswerFeedback - 302 0 null 63.2028ms
2025-11-02 08:44:39.606 +01:00 [INF] Request starting HTTP/2 GET https://localhost:7025/StoryPlaying/PlayScene?sceneId=1&sceneType=Question&sessionId=3 - null null
2025-11-02 08:44:39.607 +01:00 [INF] Executing endpoint 'Jam.Controllers.StoryPlayingController.PlayScene (Jam)'
2025-11-02 08:44:39.608 +01:00 [INF] Route matched with {action = "PlayScene", controller = "StoryPlaying", page = "", area = ""}. Executing controller action with signature System.Threading.Tasks.Task`1[Microsoft.AspNetCore.Mvc.IActionResult] PlayScene(Int32, Jam.Models.Enums.SceneType, Int32) on controller Jam.Controllers.StoryPlayingController (Jam).
2025-11-02 08:44:39.612 +01:00 [INF] Executing ViewResult, running view PlayScene.
2025-11-02 08:44:39.615 +01:00 [INF] Executed ViewResult - view PlayScene executed in 2.0017ms.
2025-11-02 08:44:39.616 +01:00 [INF] Executed action Jam.Controllers.StoryPlayingController.PlayScene (Jam) in 7.4276ms
2025-11-02 08:44:39.616 +01:00 [INF] Executed endpoint 'Jam.Controllers.StoryPlayingController.PlayScene (Jam)'
2025-11-02 08:44:39.616 +01:00 [INF] Request finished HTTP/2 GET https://localhost:7025/StoryPlaying/PlayScene?sceneId=1&sceneType=Question&sessionId=3 - 200 null text/html; charset=utf-8 30.3715ms
2025-11-02 08:44:44.247 +01:00 [INF] Request starting HTTP/2 POST https://localhost:7025/StoryPlaying/PlayScene - application/x-www-form-urlencoded 316
2025-11-02 08:44:44.275 +01:00 [INF] Executing endpoint 'Jam.Controllers.StoryPlayingController.PlayScene (Jam)'
2025-11-02 08:44:44.275 +01:00 [INF] Route matched with {action = "PlayScene", controller = "StoryPlaying", page = "", area = ""}. Executing controller action with signature System.Threading.Tasks.Task`1[Microsoft.AspNetCore.Mvc.IActionResult] PlayScene(Jam.ViewModels.StoryPlaying.PlaySceneViewModel) on controller Jam.Controllers.StoryPlayingController (Jam).
2025-11-02 08:44:44.289 +01:00 [INF] Executing RedirectResult, redirecting to /StoryPlaying/AnswerFeedback.
2025-11-02 08:44:44.290 +01:00 [INF] Executed action Jam.Controllers.StoryPlayingController.PlayScene (Jam) in 14.3491ms
2025-11-02 08:44:44.290 +01:00 [INF] Executed endpoint 'Jam.Controllers.StoryPlayingController.PlayScene (Jam)'
2025-11-02 08:44:44.290 +01:00 [INF] Request finished HTTP/2 POST https://localhost:7025/StoryPlaying/PlayScene - 302 0 null 43.522ms
2025-11-02 08:44:44.320 +01:00 [INF] Request starting HTTP/2 GET https://localhost:7025/StoryPlaying/AnswerFeedback - null null
2025-11-02 08:44:44.321 +01:00 [INF] Executing endpoint 'Jam.Controllers.StoryPlayingController.AnswerFeedback (Jam)'
2025-11-02 08:44:44.321 +01:00 [INF] Route matched with {action = "AnswerFeedback", controller = "StoryPlaying", page = "", area = ""}. Executing controller action with signature Microsoft.AspNetCore.Mvc.IActionResult AnswerFeedback() on controller Jam.Controllers.StoryPlayingController (Jam).
2025-11-02 08:44:44.322 +01:00 [INF] Executing ViewResult, running view AnswerFeedback.
2025-11-02 08:44:44.323 +01:00 [INF] Executed ViewResult - view AnswerFeedback executed in 1.4995ms.
2025-11-02 08:44:44.323 +01:00 [INF] Executed action Jam.Controllers.StoryPlayingController.AnswerFeedback (Jam) in 1.9288ms
2025-11-02 08:44:44.323 +01:00 [INF] Executed endpoint 'Jam.Controllers.StoryPlayingController.AnswerFeedback (Jam)'
2025-11-02 08:44:44.323 +01:00 [INF] Request finished HTTP/2 GET https://localhost:7025/StoryPlaying/AnswerFeedback - 200 null text/html; charset=utf-8 3.8052ms
2025-11-02 08:44:45.266 +01:00 [INF] Request starting HTTP/2 POST https://localhost:7025/StoryPlaying/AnswerFeedback - application/x-www-form-urlencoded 304
2025-11-02 08:44:45.268 +01:00 [INF] Executing endpoint 'Jam.Controllers.StoryPlayingController.AnswerFeedback (Jam)'
2025-11-02 08:44:45.268 +01:00 [INF] Route matched with {action = "AnswerFeedback", controller = "StoryPlaying", page = "", area = ""}. Executing controller action with signature System.Threading.Tasks.Task`1[Microsoft.AspNetCore.Mvc.IActionResult] AnswerFeedback(Jam.ViewModels.StoryPlaying.AnswerFeedbackViewModel) on controller Jam.Controllers.StoryPlayingController (Jam).
2025-11-02 08:44:45.290 +01:00 [INF] Executing RedirectResult, redirecting to /StoryPlaying/PlayScene?sceneId=1&sceneType=Ending&sessionId=3.
2025-11-02 08:44:45.291 +01:00 [INF] Executed action Jam.Controllers.StoryPlayingController.AnswerFeedback (Jam) in 22.5223ms
2025-11-02 08:44:45.291 +01:00 [INF] Executed endpoint 'Jam.Controllers.StoryPlayingController.AnswerFeedback (Jam)'
2025-11-02 08:44:45.291 +01:00 [INF] Request finished HTTP/2 POST https://localhost:7025/StoryPlaying/AnswerFeedback - 302 0 null 24.5666ms
2025-11-02 08:44:45.294 +01:00 [INF] Request starting HTTP/2 GET https://localhost:7025/StoryPlaying/PlayScene?sceneId=1&sceneType=Ending&sessionId=3 - null null
2025-11-02 08:44:45.295 +01:00 [INF] Executing endpoint 'Jam.Controllers.StoryPlayingController.PlayScene (Jam)'
2025-11-02 08:44:45.295 +01:00 [INF] Route matched with {action = "PlayScene", controller = "StoryPlaying", page = "", area = ""}. Executing controller action with signature System.Threading.Tasks.Task`1[Microsoft.AspNetCore.Mvc.IActionResult] PlayScene(Int32, Jam.Models.Enums.SceneType, Int32) on controller Jam.Controllers.StoryPlayingController (Jam).
2025-11-02 08:44:45.302 +01:00 [INF] Executing ViewResult, running view PlayScene.
2025-11-02 08:44:45.303 +01:00 [INF] Executed ViewResult - view PlayScene executed in 0.9125ms.
2025-11-02 08:44:45.303 +01:00 [INF] Executed action Jam.Controllers.StoryPlayingController.PlayScene (Jam) in 8.4504ms
2025-11-02 08:44:45.303 +01:00 [INF] Executed endpoint 'Jam.Controllers.StoryPlayingController.PlayScene (Jam)'
2025-11-02 08:44:45.303 +01:00 [INF] Request finished HTTP/2 GET https://localhost:7025/StoryPlaying/PlayScene?sceneId=1&sceneType=Ending&sessionId=3 - 200 null text/html; charset=utf-8 9.2391ms
2025-11-02 08:44:46.530 +01:00 [INF] Request starting HTTP/2 POST https://localhost:7025/StoryPlaying/PlayScene - application/x-www-form-urlencoded 295
2025-11-02 08:44:46.532 +01:00 [INF] Executing endpoint 'Jam.Controllers.StoryPlayingController.PlayScene (Jam)'
2025-11-02 08:44:46.532 +01:00 [INF] Route matched with {action = "PlayScene", controller = "StoryPlaying", page = "", area = ""}. Executing controller action with signature System.Threading.Tasks.Task`1[Microsoft.AspNetCore.Mvc.IActionResult] PlayScene(Jam.ViewModels.StoryPlaying.PlaySceneViewModel) on controller Jam.Controllers.StoryPlayingController (Jam).
2025-11-02 08:44:46.562 +01:00 [INF] Executing RedirectResult, redirecting to /StoryPlaying/FinishStory?sessionId=3.
2025-11-02 08:44:46.562 +01:00 [INF] Executed action Jam.Controllers.StoryPlayingController.PlayScene (Jam) in 29.7831ms
2025-11-02 08:44:46.562 +01:00 [INF] Executed endpoint 'Jam.Controllers.StoryPlayingController.PlayScene (Jam)'
2025-11-02 08:44:46.562 +01:00 [INF] Request finished HTTP/2 POST https://localhost:7025/StoryPlaying/PlayScene - 302 0 null 31.7925ms
2025-11-02 08:44:46.615 +01:00 [INF] Request starting HTTP/2 GET https://localhost:7025/StoryPlaying/FinishStory?sessionId=3 - null null
2025-11-02 08:44:46.616 +01:00 [INF] Executing endpoint 'Jam.Controllers.StoryPlayingController.FinishStory (Jam)'
2025-11-02 08:44:46.619 +01:00 [INF] Route matched with {action = "FinishStory", controller = "StoryPlaying", page = "", area = ""}. Executing controller action with signature System.Threading.Tasks.Task`1[Microsoft.AspNetCore.Mvc.IActionResult] FinishStory(Int32) on controller Jam.Controllers.StoryPlayingController (Jam).
2025-11-02 08:44:46.624 +01:00 [INF] Executing ViewResult, running view FinishStory.
2025-11-02 08:44:46.627 +01:00 [INF] Executed ViewResult - view FinishStory executed in 3.0821ms.
2025-11-02 08:44:46.627 +01:00 [INF] Executed action Jam.Controllers.StoryPlayingController.FinishStory (Jam) in 7.7202ms
2025-11-02 08:44:46.627 +01:00 [INF] Executed endpoint 'Jam.Controllers.StoryPlayingController.FinishStory (Jam)'
2025-11-02 08:44:46.627 +01:00 [INF] Request finished HTTP/2 GET https://localhost:7025/StoryPlaying/FinishStory?sessionId=3 - 200 null text/html; charset=utf-8 12.1245ms
2025-11-02 08:44:47.929 +01:00 [INF] Request starting HTTP/2 POST https://localhost:7025/StoryPlaying/FinishStory - application/x-www-form-urlencoded 225
2025-11-02 08:44:47.931 +01:00 [INF] Executing endpoint 'Jam.Controllers.StoryPlayingController.FinishStory (Jam)'
2025-11-02 08:44:47.934 +01:00 [INF] Route matched with {action = "FinishStory", controller = "StoryPlaying", page = "", area = ""}. Executing controller action with signature Microsoft.AspNetCore.Mvc.IActionResult FinishStory() on controller Jam.Controllers.StoryPlayingController (Jam).
2025-11-02 08:44:47.935 +01:00 [INF] Executing RedirectResult, redirecting to /.
2025-11-02 08:44:47.935 +01:00 [INF] Executed action Jam.Controllers.StoryPlayingController.FinishStory (Jam) in 1.067ms
2025-11-02 08:44:47.935 +01:00 [INF] Executed endpoint 'Jam.Controllers.StoryPlayingController.FinishStory (Jam)'
2025-11-02 08:44:47.935 +01:00 [INF] Request finished HTTP/2 POST https://localhost:7025/StoryPlaying/FinishStory - 302 0 null 6.2289ms
2025-11-02 08:44:47.939 +01:00 [INF] Request starting HTTP/2 GET https://localhost:7025/ - null null
2025-11-02 08:44:47.940 +01:00 [INF] Executing endpoint 'Jam.Controllers.HomeController.Index (Jam)'
2025-11-02 08:44:47.940 +01:00 [INF] Route matched with {action = "Index", controller = "Home", page = "", area = ""}. Executing controller action with signature System.Threading.Tasks.Task`1[Microsoft.AspNetCore.Mvc.IActionResult] Index() on controller Jam.Controllers.HomeController (Jam).
2025-11-02 08:44:47.946 +01:00 [INF] Executing ViewResult, running view Index.
2025-11-02 08:44:47.950 +01:00 [INF] Executed ViewResult - view Index executed in 3.3305ms.
2025-11-02 08:44:47.951 +01:00 [INF] Executed action Jam.Controllers.HomeController.Index (Jam) in 10.5834ms
2025-11-02 08:44:47.952 +01:00 [INF] Executed endpoint 'Jam.Controllers.HomeController.Index (Jam)'
2025-11-02 08:44:47.953 +01:00 [INF] Request finished HTTP/2 GET https://localhost:7025/ - 200 null text/html; charset=utf-8 13.8482ms
