2025-11-03 08:06:13.131 +01:00 [INF] User profile is available. Using '/Users/michaelnedgaardisaksen/.aspnet/DataProtection-Keys' as key repository; keys will not be encrypted at rest.
2025-11-03 08:06:13.511 +01:00 [INF] Applying migration '20251024065541_InitialCreate'.
2025-11-03 08:06:13.540 +01:00 [INF] Applying migration '20251101105657_AddIdentitySupport'.
2025-11-03 08:06:14.860 +01:00 [INF] Now listening on: https://localhost:7025
2025-11-03 08:06:14.861 +01:00 [INF] Now listening on: http://localhost:5262
2025-11-03 08:06:14.868 +01:00 [INF] Application started. Press Ctrl+C to shut down.
2025-11-03 08:06:14.870 +01:00 [INF] Hosting environment: Development
2025-11-03 08:06:14.871 +01:00 [INF] Content root path: /Users/michaelnedgaardisaksen/Documents/ITPE3100_Webapplikasjoner/Demo-Jam/Jam
2025-11-03 08:06:15.149 +01:00 [INF] Request starting HTTP/2 GET https://localhost:7025/ - null null
2025-11-03 08:06:15.197 +01:00 [INF] Executing endpoint 'Jam.Controllers.HomeController.Index (Jam)'
2025-11-03 08:06:15.206 +01:00 [INF] Route matched with {action = "Index", controller = "Home", page = "", area = ""}. Executing controller action with signature System.Threading.Tasks.Task`1[Microsoft.AspNetCore.Mvc.IActionResult] Index() on controller Jam.Controllers.HomeController (Jam).
2025-11-03 08:06:15.232 +01:00 [WRN] [HomeController -> Index] Auth cookie invalid or user no longer exists. Redirecting to login.
2025-11-03 08:06:15.237 +01:00 [INF] AuthenticationScheme: Identity.Application signed out.
2025-11-03 08:06:15.238 +01:00 [INF] AuthenticationScheme: Identity.External signed out.
2025-11-03 08:06:15.238 +01:00 [INF] AuthenticationScheme: Identity.TwoFactorUserId signed out.
2025-11-03 08:06:15.239 +01:00 [INF] Executing LocalRedirectResult, redirecting to /Identity/Account/Login.
2025-11-03 08:06:15.241 +01:00 [INF] Executed action Jam.Controllers.HomeController.Index (Jam) in 33.6149ms
2025-11-03 08:06:15.241 +01:00 [INF] Executed endpoint 'Jam.Controllers.HomeController.Index (Jam)'
2025-11-03 08:06:15.247 +01:00 [INF] Request finished HTTP/2 GET https://localhost:7025/ - 302 0 null 99.93ms
2025-11-03 08:06:15.285 +01:00 [INF] Request starting HTTP/2 GET https://localhost:7025/Identity/Account/Login - null null
2025-11-03 08:06:15.291 +01:00 [INF] Executing endpoint '/Account/Login'
2025-11-03 08:06:15.313 +01:00 [INF] Route matched with {page = "/Account/Login", area = "Identity", action = "", controller = ""}. Executing page /Account/Login
2025-11-03 08:06:15.320 +01:00 [INF] Executing handler method Jam.Areas.Identity.Pages.Account.LoginModel.OnGetAsync - ModelState is "Valid"
2025-11-03 08:06:15.321 +01:00 [INF] AuthenticationScheme: Identity.External signed out.
2025-11-03 08:06:15.322 +01:00 [INF] Executed handler method OnGetAsync, returned result .
2025-11-03 08:06:15.323 +01:00 [INF] Executing an implicit handler method - ModelState is "Valid"
2025-11-03 08:06:15.323 +01:00 [INF] Executed an implicit handler method, returned result Microsoft.AspNetCore.Mvc.RazorPages.PageResult.
2025-11-03 08:06:15.388 +01:00 [INF] Executed page /Account/Login in 74.9772ms
2025-11-03 08:06:15.388 +01:00 [INF] Executed endpoint '/Account/Login'
2025-11-03 08:06:15.389 +01:00 [INF] Request finished HTTP/2 GET https://localhost:7025/Identity/Account/Login - 200 null text/html; charset=utf-8 104.1391ms
2025-11-03 08:06:15.398 +01:00 [INF] Request starting HTTP/2 GET https://localhost:7025/lib/jquery-validation/dist/jquery.validate.min.js - null null
2025-11-03 08:06:15.398 +01:00 [INF] Request starting HTTP/2 GET https://localhost:7025/lib/jquery-validation-unobtrusive/jquery.validate.unobtrusive.min.js - null null
2025-11-03 08:06:15.404 +01:00 [INF] Request finished HTTP/2 GET https://localhost:7025/lib/jquery-validation/dist/jquery.validate.min.js - 404 0 null 6.476ms
2025-11-03 08:06:15.404 +01:00 [INF] Request finished HTTP/2 GET https://localhost:7025/lib/jquery-validation-unobtrusive/jquery.validate.unobtrusive.min.js - 404 0 null 6.3897ms
2025-11-03 08:06:15.405 +01:00 [INF] Request reached the end of the middleware pipeline without being handled by application code. Request path: GET https://localhost:7025/lib/jquery-validation/dist/jquery.validate.min.js, Response status code: 404
2025-11-03 08:06:15.405 +01:00 [INF] Request reached the end of the middleware pipeline without being handled by application code. Request path: GET https://localhost:7025/lib/jquery-validation-unobtrusive/jquery.validate.unobtrusive.min.js, Response status code: 404
2025-11-03 08:06:23.633 +01:00 [INF] Request starting HTTP/2 POST https://localhost:7025/Identity/Account/Login - application/x-www-form-urlencoded 242
2025-11-03 08:06:23.643 +01:00 [INF] Executing endpoint '/Account/Login'
2025-11-03 08:06:23.646 +01:00 [INF] Route matched with {page = "/Account/Login", area = "Identity", action = "", controller = ""}. Executing page /Account/Login
2025-11-03 08:06:23.672 +01:00 [INF] Executing handler method Jam.Areas.Identity.Pages.Account.LoginModel.OnPostAsync - ModelState is "Valid"
2025-11-03 08:06:23.780 +01:00 [INF] AuthenticationScheme: Identity.Application signed in.
2025-11-03 08:06:23.781 +01:00 [INF] User logged in.
2025-11-03 08:06:23.781 +01:00 [INF] Executed handler method OnPostAsync, returned result Microsoft.AspNetCore.Mvc.LocalRedirectResult.
2025-11-03 08:06:23.781 +01:00 [INF] Executing LocalRedirectResult, redirecting to /.
2025-11-03 08:06:23.782 +01:00 [INF] Executed page /Account/Login in 135.8398ms
2025-11-03 08:06:23.782 +01:00 [INF] Executed endpoint '/Account/Login'
2025-11-03 08:06:23.782 +01:00 [INF] Request finished HTTP/2 POST https://localhost:7025/Identity/Account/Login - 302 0 null 199.0342ms
2025-11-03 08:06:23.811 +01:00 [INF] Request starting HTTP/2 GET https://localhost:7025/ - null null
2025-11-03 08:06:23.812 +01:00 [INF] Executing endpoint 'Jam.Controllers.HomeController.Index (Jam)'
2025-11-03 08:06:23.812 +01:00 [INF] Route matched with {action = "Index", controller = "Home", page = "", area = ""}. Executing controller action with signature System.Threading.Tasks.Task`1[Microsoft.AspNetCore.Mvc.IActionResult] Index() on controller Jam.Controllers.HomeController (Jam).
2025-11-03 08:06:23.835 +01:00 [INF] Executing ViewResult, running view Index.
2025-11-03 08:06:23.842 +01:00 [INF] Executed ViewResult - view Index executed in 7.5353ms.
2025-11-03 08:06:23.842 +01:00 [INF] Executed action Jam.Controllers.HomeController.Index (Jam) in 29.7119ms
2025-11-03 08:06:23.842 +01:00 [INF] Executed endpoint 'Jam.Controllers.HomeController.Index (Jam)'
2025-11-03 08:06:23.842 +01:00 [INF] Request finished HTTP/2 GET https://localhost:7025/ - 200 null text/html; charset=utf-8 31.222ms
2025-11-03 08:06:25.520 +01:00 [INF] Request starting HTTP/2 GET https://localhost:7025/Admin/Users - null null
2025-11-03 08:06:25.526 +01:00 [INF] Executing endpoint 'Jam.Controllers.AdminController.Users (Jam)'
2025-11-03 08:06:25.530 +01:00 [INF] Route matched with {action = "Users", controller = "Admin", page = "", area = ""}. Executing controller action with signature System.Threading.Tasks.Task`1[Microsoft.AspNetCore.Mvc.IActionResult] Users() on controller Jam.Controllers.AdminController (Jam).
2025-11-03 08:06:25.544 +01:00 [INF] Executing ViewResult, running view Users.
2025-11-03 08:06:25.552 +01:00 [INF] Executed ViewResult - view Users executed in 9.3397ms.
2025-11-03 08:06:25.553 +01:00 [INF] Executed action Jam.Controllers.AdminController.Users (Jam) in 23.5882ms
2025-11-03 08:06:25.554 +01:00 [INF] Executed endpoint 'Jam.Controllers.AdminController.Users (Jam)'
2025-11-03 08:06:25.554 +01:00 [INF] Request finished HTTP/2 GET https://localhost:7025/Admin/Users - 200 null text/html; charset=utf-8 33.8692ms
2025-11-03 08:06:27.092 +01:00 [INF] Request starting HTTP/2 GET https://localhost:7025/Admin/Stories - null null
2025-11-03 08:06:27.122 +01:00 [INF] Executing endpoint 'Jam.Controllers.AdminController.Stories (Jam)'
2025-11-03 08:06:27.128 +01:00 [INF] Route matched with {action = "Stories", controller = "Admin", page = "", area = ""}. Executing controller action with signature System.Threading.Tasks.Task`1[Microsoft.AspNetCore.Mvc.IActionResult] Stories() on controller Jam.Controllers.AdminController (Jam).
2025-11-03 08:06:27.150 +01:00 [INF] Executing ViewResult, running view Stories.
2025-11-03 08:06:27.204 +01:00 [INF] Executed ViewResult - view Stories executed in 54.0678ms.
2025-11-03 08:06:27.205 +01:00 [INF] Executed action Jam.Controllers.AdminController.Stories (Jam) in 76.7802ms
2025-11-03 08:06:27.205 +01:00 [INF] Executed endpoint 'Jam.Controllers.AdminController.Stories (Jam)'
2025-11-03 08:06:27.205 +01:00 [INF] Request finished HTTP/2 GET https://localhost:7025/Admin/Stories - 200 null text/html; charset=utf-8 113.5302ms
