2025-11-02 16:15:03.257 +01:00 [INF] User profile is available. Using '/Users/michaelnedgaardisaksen/.aspnet/DataProtection-Keys' as key repository; keys will not be encrypted at rest.
2025-11-02 16:15:03.625 +01:00 [INF] Applying migration '20251024065541_InitialCreate'.
2025-11-02 16:15:03.654 +01:00 [INF] Applying migration '20251101105657_AddIdentitySupport'.
2025-11-02 16:15:04.752 +01:00 [INF] Now listening on: https://localhost:7025
2025-11-02 16:15:04.753 +01:00 [INF] Now listening on: http://localhost:5262
2025-11-02 16:15:04.756 +01:00 [INF] Application started. Press Ctrl+C to shut down.
2025-11-02 16:15:04.757 +01:00 [INF] Hosting environment: Development
2025-11-02 16:15:04.758 +01:00 [INF] Content root path: /Users/michaelnedgaardisaksen/Documents/ITPE3100_Webapplikasjoner/Demo-Jam/Jam
2025-11-02 16:15:05.351 +01:00 [INF] Request starting HTTP/2 GET https://localhost:7025/ - null null
2025-11-02 16:15:05.372 +01:00 [INF] Authorization failed. These requirements were not met:
DenyAnonymousAuthorizationRequirement: Requires an authenticated user.
2025-11-02 16:15:05.377 +01:00 [INF] AuthenticationScheme: Identity.Application was challenged.
2025-11-02 16:15:05.378 +01:00 [INF] Request finished HTTP/2 GET https://localhost:7025/ - 302 0 null 28.2987ms
2025-11-02 16:15:05.408 +01:00 [INF] Request starting HTTP/2 GET https://localhost:7025/Identity/Account/Login?ReturnUrl=%2F - null null
2025-11-02 16:15:05.434 +01:00 [INF] Executing endpoint '/Account/Login'
2025-11-02 16:15:05.447 +01:00 [INF] Route matched with {page = "/Account/Login", area = "Identity", action = "", controller = ""}. Executing page /Account/Login
2025-11-02 16:15:05.457 +01:00 [INF] Executing handler method Jam.Areas.Identity.Pages.Account.LoginModel.OnGetAsync - ModelState is "Valid"
2025-11-02 16:15:05.461 +01:00 [INF] AuthenticationScheme: Identity.External signed out.
2025-11-02 16:15:05.461 +01:00 [INF] Executed handler method OnGetAsync, returned result .
2025-11-02 16:15:05.464 +01:00 [INF] Executing an implicit handler method - ModelState is "Valid"
2025-11-02 16:15:05.464 +01:00 [INF] Executed an implicit handler method, returned result Microsoft.AspNetCore.Mvc.RazorPages.PageResult.
2025-11-02 16:15:05.513 +01:00 [INF] Executed page /Account/Login in 63.4325ms
2025-11-02 16:15:05.513 +01:00 [INF] Executed endpoint '/Account/Login'
2025-11-02 16:15:05.515 +01:00 [INF] Request finished HTTP/2 GET https://localhost:7025/Identity/Account/Login?ReturnUrl=%2F - 200 null text/html; charset=utf-8 106.7892ms
2025-11-02 16:15:05.569 +01:00 [INF] Request starting HTTP/2 GET https://localhost:7025/lib/jquery-validation/dist/jquery.validate.min.js - null null
2025-11-02 16:15:05.572 +01:00 [INF] Request starting HTTP/2 GET https://localhost:7025/lib/jquery-validation-unobtrusive/jquery.validate.unobtrusive.min.js - null null
2025-11-02 16:15:05.575 +01:00 [INF] Request finished HTTP/2 GET https://localhost:7025/lib/jquery-validation-unobtrusive/jquery.validate.unobtrusive.min.js - 404 0 null 2.4975ms
2025-11-02 16:15:05.575 +01:00 [INF] Request finished HTTP/2 GET https://localhost:7025/lib/jquery-validation/dist/jquery.validate.min.js - 404 0 null 6.687ms
2025-11-02 16:15:05.575 +01:00 [INF] Request reached the end of the middleware pipeline without being handled by application code. Request path: GET https://localhost:7025/lib/jquery-validation-unobtrusive/jquery.validate.unobtrusive.min.js, Response status code: 404
2025-11-02 16:15:05.575 +01:00 [INF] Request reached the end of the middleware pipeline without being handled by application code. Request path: GET https://localhost:7025/lib/jquery-validation/dist/jquery.validate.min.js, Response status code: 404
2025-11-02 16:15:15.021 +01:00 [INF] Request starting HTTP/2 POST https://localhost:7025/Identity/Account/Login?ReturnUrl=%2F - application/x-www-form-urlencoded 267
2025-11-02 16:15:15.099 +01:00 [INF] Executing endpoint '/Account/Login'
2025-11-02 16:15:15.101 +01:00 [INF] Route matched with {page = "/Account/Login", area = "Identity", action = "", controller = ""}. Executing page /Account/Login
2025-11-02 16:15:15.130 +01:00 [INF] Executing handler method Jam.Areas.Identity.Pages.Account.LoginModel.OnPostAsync - ModelState is "Valid"
2025-11-02 16:15:15.230 +01:00 [INF] AuthenticationScheme: Identity.Application signed in.
2025-11-02 16:15:15.230 +01:00 [INF] User logged in.
2025-11-02 16:15:15.230 +01:00 [INF] Executed handler method OnPostAsync, returned result Microsoft.AspNetCore.Mvc.LocalRedirectResult.
2025-11-02 16:15:15.231 +01:00 [INF] Executing LocalRedirectResult, redirecting to /.
2025-11-02 16:15:15.231 +01:00 [INF] Executed page /Account/Login in 129.6903ms
2025-11-02 16:15:15.231 +01:00 [INF] Executed endpoint '/Account/Login'
2025-11-02 16:15:15.233 +01:00 [INF] Request finished HTTP/2 POST https://localhost:7025/Identity/Account/Login?ReturnUrl=%2F - 302 0 null 211.9425ms
2025-11-02 16:15:15.259 +01:00 [INF] Request starting HTTP/2 GET https://localhost:7025/ - null null
2025-11-02 16:15:15.263 +01:00 [INF] Executing endpoint 'Jam.Controllers.HomeController.Index (Jam)'
2025-11-02 16:15:15.267 +01:00 [INF] Route matched with {action = "Index", controller = "Home", page = "", area = ""}. Executing controller action with signature System.Threading.Tasks.Task`1[Microsoft.AspNetCore.Mvc.IActionResult] Index() on controller Jam.Controllers.HomeController (Jam).
2025-11-02 16:15:15.313 +01:00 [INF] Executing ViewResult, running view Index.
2025-11-02 16:15:15.343 +01:00 [INF] Executed ViewResult - view Index executed in 30.1432ms.
2025-11-02 16:15:15.344 +01:00 [INF] Executed action Jam.Controllers.HomeController.Index (Jam) in 76.3204ms
2025-11-02 16:15:15.344 +01:00 [INF] Executed endpoint 'Jam.Controllers.HomeController.Index (Jam)'
2025-11-02 16:15:15.344 +01:00 [INF] Request finished HTTP/2 GET https://localhost:7025/ - 200 null text/html; charset=utf-8 84.663ms
2025-11-02 16:15:23.913 +01:00 [INF] Request starting HTTP/2 GET https://localhost:7025/Identity/Account/Manage - null null
2025-11-02 16:15:23.923 +01:00 [INF] Executing endpoint '/Account/Manage/Index'
2025-11-02 16:15:23.934 +01:00 [INF] Route matched with {page = "/Account/Manage/Index", area = "Identity", action = "", controller = ""}. Executing page /Account/Manage/Index
2025-11-02 16:15:23.937 +01:00 [INF] Executing handler method Jam.Areas.Identity.Pages.Account.Manage.IndexModel.OnGetAsync - ModelState is "Valid"
2025-11-02 16:15:23.944 +01:00 [INF] Executed handler method OnGetAsync, returned result Microsoft.AspNetCore.Mvc.RazorPages.PageResult.
2025-11-02 16:15:23.990 +01:00 [INF] Executed page /Account/Manage/Index in 55.9998ms
2025-11-02 16:15:23.990 +01:00 [INF] Executed endpoint '/Account/Manage/Index'
2025-11-02 16:15:23.990 +01:00 [INF] Request finished HTTP/2 GET https://localhost:7025/Identity/Account/Manage - 200 null text/html; charset=utf-8 122.3991ms
2025-11-02 16:15:24.035 +01:00 [INF] Request starting HTTP/2 GET https://localhost:7025/lib/jquery-validation/dist/jquery.validate.min.js - null null
2025-11-02 16:15:24.080 +01:00 [INF] Request starting HTTP/2 GET https://localhost:7025/lib/jquery-validation-unobtrusive/jquery.validate.unobtrusive.min.js - null null
2025-11-02 16:15:24.083 +01:00 [INF] Request finished HTTP/2 GET https://localhost:7025/lib/jquery-validation-unobtrusive/jquery.validate.unobtrusive.min.js - 404 0 null 3.5977ms
2025-11-02 16:15:24.083 +01:00 [INF] Request finished HTTP/2 GET https://localhost:7025/lib/jquery-validation/dist/jquery.validate.min.js - 404 0 null 73.8313ms
2025-11-02 16:15:24.083 +01:00 [INF] Request reached the end of the middleware pipeline without being handled by application code. Request path: GET https://localhost:7025/lib/jquery-validation-unobtrusive/jquery.validate.unobtrusive.min.js, Response status code: 404
2025-11-02 16:15:24.083 +01:00 [INF] Request reached the end of the middleware pipeline without being handled by application code. Request path: GET https://localhost:7025/lib/jquery-validation/dist/jquery.validate.min.js, Response status code: 404
2025-11-02 16:15:35.609 +01:00 [INF] Request starting HTTP/2 GET https://localhost:7025/Identity/Account/Manage - null null
2025-11-02 16:15:35.613 +01:00 [INF] Executing endpoint '/Account/Manage/Index'
2025-11-02 16:15:35.614 +01:00 [INF] Route matched with {page = "/Account/Manage/Index", area = "Identity", action = "", controller = ""}. Executing page /Account/Manage/Index
2025-11-02 16:15:35.615 +01:00 [INF] Executing handler method Jam.Areas.Identity.Pages.Account.Manage.IndexModel.OnGetAsync - ModelState is "Valid"
2025-11-02 16:15:35.626 +01:00 [INF] Executed handler method OnGetAsync, returned result Microsoft.AspNetCore.Mvc.RazorPages.PageResult.
2025-11-02 16:15:35.716 +01:00 [INF] Executed page /Account/Manage/Index in 99.7877ms
2025-11-02 16:15:35.763 +01:00 [INF] Executed endpoint '/Account/Manage/Index'
2025-11-02 16:15:35.763 +01:00 [INF] Request finished HTTP/2 GET https://localhost:7025/Identity/Account/Manage - 200 null text/html; charset=utf-8 179.6653ms
2025-11-02 16:15:35.793 +01:00 [INF] Request starting HTTP/2 GET https://localhost:7025/lib/jquery-validation/dist/jquery.validate.min.js - null null
2025-11-02 16:15:35.840 +01:00 [INF] Request starting HTTP/2 GET https://localhost:7025/lib/jquery-validation-unobtrusive/jquery.validate.unobtrusive.min.js - null null
2025-11-02 16:15:35.841 +01:00 [INF] Request finished HTTP/2 GET https://localhost:7025/lib/jquery-validation/dist/jquery.validate.min.js - 404 0 null 48.455ms
2025-11-02 16:15:35.841 +01:00 [INF] Request reached the end of the middleware pipeline without being handled by application code. Request path: GET https://localhost:7025/lib/jquery-validation/dist/jquery.validate.min.js, Response status code: 404
2025-11-02 16:15:35.842 +01:00 [INF] Request finished HTTP/2 GET https://localhost:7025/lib/jquery-validation-unobtrusive/jquery.validate.unobtrusive.min.js - 404 0 null 23.6675ms
2025-11-02 16:15:35.842 +01:00 [INF] Request reached the end of the middleware pipeline without being handled by application code. Request path: GET https://localhost:7025/lib/jquery-validation-unobtrusive/jquery.validate.unobtrusive.min.js, Response status code: 404
2025-11-02 16:15:37.066 +01:00 [INF] Request starting HTTP/2 GET https://localhost:7025/ - null null
2025-11-02 16:15:37.067 +01:00 [INF] Executing endpoint 'Jam.Controllers.HomeController.Index (Jam)'
2025-11-02 16:15:37.068 +01:00 [INF] Route matched with {action = "Index", controller = "Home", page = "", area = ""}. Executing controller action with signature System.Threading.Tasks.Task`1[Microsoft.AspNetCore.Mvc.IActionResult] Index() on controller Jam.Controllers.HomeController (Jam).
2025-11-02 16:15:37.075 +01:00 [INF] Executing ViewResult, running view Index.
2025-11-02 16:15:37.125 +01:00 [INF] Executed ViewResult - view Index executed in 49.9081ms.
2025-11-02 16:15:37.126 +01:00 [INF] Executed action Jam.Controllers.HomeController.Index (Jam) in 57.7197ms
2025-11-02 16:15:37.126 +01:00 [INF] Executed endpoint 'Jam.Controllers.HomeController.Index (Jam)'
2025-11-02 16:15:37.127 +01:00 [INF] Request finished HTTP/2 GET https://localhost:7025/ - 200 null text/html; charset=utf-8 60.8055ms
2025-11-02 16:15:38.927 +01:00 [INF] Request starting HTTP/2 POST https://localhost:7025/Identity/Account/Logout?returnUrl=%2F - application/x-www-form-urlencoded 225
2025-11-02 16:15:38.952 +01:00 [INF] Executing endpoint '/Account/Logout'
2025-11-02 16:15:38.957 +01:00 [INF] Route matched with {page = "/Account/Logout", area = "Identity", action = "", controller = ""}. Executing page /Account/Logout
2025-11-02 16:15:38.959 +01:00 [INF] Executing handler method Jam.Areas.Identity.Pages.Account.LogoutModel.OnPost - ModelState is "Valid"
2025-11-02 16:15:38.961 +01:00 [INF] AuthenticationScheme: Identity.Application signed out.
2025-11-02 16:15:38.961 +01:00 [INF] AuthenticationScheme: Identity.External signed out.
2025-11-02 16:15:38.961 +01:00 [INF] AuthenticationScheme: Identity.TwoFactorUserId signed out.
2025-11-02 16:15:38.963 +01:00 [INF] User logged out.
2025-11-02 16:15:38.963 +01:00 [INF] Executed handler method OnPost, returned result Microsoft.AspNetCore.Mvc.LocalRedirectResult.
2025-11-02 16:15:38.964 +01:00 [INF] Executing LocalRedirectResult, redirecting to /.
2025-11-02 16:15:38.964 +01:00 [INF] Executed page /Account/Logout in 6.5286ms
2025-11-02 16:15:38.964 +01:00 [INF] Executed endpoint '/Account/Logout'
2025-11-02 16:15:38.964 +01:00 [INF] Request finished HTTP/2 POST https://localhost:7025/Identity/Account/Logout?returnUrl=%2F - 302 0 null 37.0798ms
2025-11-02 16:15:38.968 +01:00 [INF] Request starting HTTP/2 GET https://localhost:7025/ - null null
2025-11-02 16:15:38.968 +01:00 [INF] Authorization failed. These requirements were not met:
DenyAnonymousAuthorizationRequirement: Requires an authenticated user.
2025-11-02 16:15:38.968 +01:00 [INF] AuthenticationScheme: Identity.Application was challenged.
2025-11-02 16:15:38.968 +01:00 [INF] Request finished HTTP/2 GET https://localhost:7025/ - 302 0 null 0.658ms
2025-11-02 16:15:39.026 +01:00 [INF] Request starting HTTP/2 GET https://localhost:7025/Identity/Account/Login?ReturnUrl=%2F - null null
2025-11-02 16:15:39.052 +01:00 [INF] Executing endpoint '/Account/Login'
2025-11-02 16:15:39.052 +01:00 [INF] Route matched with {page = "/Account/Login", area = "Identity", action = "", controller = ""}. Executing page /Account/Login
2025-11-02 16:15:39.053 +01:00 [INF] Executing handler method Jam.Areas.Identity.Pages.Account.LoginModel.OnGetAsync - ModelState is "Valid"
2025-11-02 16:15:39.053 +01:00 [INF] AuthenticationScheme: Identity.External signed out.
2025-11-02 16:15:39.053 +01:00 [INF] Executed handler method OnGetAsync, returned result .
2025-11-02 16:15:39.053 +01:00 [INF] Executing an implicit handler method - ModelState is "Valid"
2025-11-02 16:15:39.053 +01:00 [INF] Executed an implicit handler method, returned result Microsoft.AspNetCore.Mvc.RazorPages.PageResult.
2025-11-02 16:15:39.105 +01:00 [INF] Executed page /Account/Login in 52.1782ms
2025-11-02 16:15:39.130 +01:00 [INF] Executed endpoint '/Account/Login'
2025-11-02 16:15:39.179 +01:00 [INF] Request finished HTTP/2 GET https://localhost:7025/Identity/Account/Login?ReturnUrl=%2F - 200 null text/html; charset=utf-8 153.3244ms
2025-11-02 16:15:39.226 +01:00 [INF] Request starting HTTP/2 GET https://localhost:7025/lib/jquery-validation-unobtrusive/jquery.validate.unobtrusive.min.js - null null
2025-11-02 16:15:39.226 +01:00 [INF] Request starting HTTP/2 GET https://localhost:7025/lib/jquery-validation/dist/jquery.validate.min.js - null null
2025-11-02 16:15:39.227 +01:00 [INF] Request finished HTTP/2 GET https://localhost:7025/lib/jquery-validation-unobtrusive/jquery.validate.unobtrusive.min.js - 404 0 null 1.3601ms
2025-11-02 16:15:39.228 +01:00 [INF] Request reached the end of the middleware pipeline without being handled by application code. Request path: GET https://localhost:7025/lib/jquery-validation-unobtrusive/jquery.validate.unobtrusive.min.js, Response status code: 404
2025-11-02 16:15:39.228 +01:00 [INF] Request finished HTTP/2 GET https://localhost:7025/lib/jquery-validation/dist/jquery.validate.min.js - 404 0 null 1.3394ms
2025-11-02 16:15:39.228 +01:00 [INF] Request reached the end of the middleware pipeline without being handled by application code. Request path: GET https://localhost:7025/lib/jquery-validation/dist/jquery.validate.min.js, Response status code: 404
