2025-11-07 20:37:10.066 +01:00 [INF] User profile is available. Using '/Users/jaraazad/.aspnet/DataProtection-Keys' as key repository; keys will not be encrypted at rest.
2025-11-07 20:37:10.508 +01:00 [INF] Applying migration '20251024065541_InitialCreate'.
2025-11-07 20:37:10.585 +01:00 [INF] Applying migration '20251101105657_AddIdentitySupport'.
2025-11-07 20:37:10.753 +01:00 [INF] Applying migration '20251103080324_UpdateNextQuestionSceneDeleteBehavior'.
2025-11-07 20:37:11.744 +01:00 [INF] Now listening on: https://localhost:7025
2025-11-07 20:37:11.744 +01:00 [INF] Now listening on: http://localhost:5262
2025-11-07 20:37:11.748 +01:00 [INF] Application started. Press Ctrl+C to shut down.
2025-11-07 20:37:11.749 +01:00 [INF] Hosting environment: Development
2025-11-07 20:37:11.750 +01:00 [INF] Content root path: /Users/jaraazad/Desktop/Jam
2025-11-07 20:37:12.017 +01:00 [INF] Request starting HTTP/2 GET https://localhost:7025/ - null null
2025-11-07 20:37:12.046 +01:00 [INF] Executing endpoint 'Jam.Controllers.HomeController.Index (Jam)'
2025-11-07 20:37:12.053 +01:00 [INF] Route matched with {action = "Index", controller = "Home", page = "", area = ""}. Executing controller action with signature System.Threading.Tasks.Task`1[Microsoft.AspNetCore.Mvc.IActionResult] Index() on controller Jam.Controllers.HomeController (Jam).
2025-11-07 20:37:12.064 +01:00 [WRN] [HomeController -> Index] Auth cookie invalid or user no longer exists. Redirecting to login.
2025-11-07 20:37:12.067 +01:00 [INF] AuthenticationScheme: Identity.Application signed out.
2025-11-07 20:37:12.068 +01:00 [INF] AuthenticationScheme: Identity.External signed out.
2025-11-07 20:37:12.068 +01:00 [INF] AuthenticationScheme: Identity.TwoFactorUserId signed out.
2025-11-07 20:37:12.069 +01:00 [INF] Executing LocalRedirectResult, redirecting to /Identity/Account/Login.
2025-11-07 20:37:12.071 +01:00 [INF] Executed action Jam.Controllers.HomeController.Index (Jam) in 17.0688ms
2025-11-07 20:37:12.072 +01:00 [INF] Executed endpoint 'Jam.Controllers.HomeController.Index (Jam)'
2025-11-07 20:37:12.077 +01:00 [INF] Request finished HTTP/2 GET https://localhost:7025/ - 302 0 null 60.4209ms
2025-11-07 20:37:12.108 +01:00 [INF] Request starting HTTP/2 GET https://localhost:7025/Identity/Account/Login - null null
2025-11-07 20:37:12.112 +01:00 [INF] Executing endpoint '/Account/Login'
2025-11-07 20:37:12.124 +01:00 [INF] Route matched with {page = "/Account/Login", area = "Identity", action = "", controller = ""}. Executing page /Account/Login
2025-11-07 20:37:12.132 +01:00 [INF] Executing handler method Jam.Areas.Identity.Pages.Account.LoginModel.OnGetAsync - ModelState is "Valid"
2025-11-07 20:37:12.133 +01:00 [INF] AuthenticationScheme: Identity.External signed out.
2025-11-07 20:37:12.133 +01:00 [INF] Executed handler method OnGetAsync, returned result .
2025-11-07 20:37:12.135 +01:00 [INF] Executing an implicit handler method - ModelState is "Valid"
2025-11-07 20:37:12.135 +01:00 [INF] Executed an implicit handler method, returned result Microsoft.AspNetCore.Mvc.RazorPages.PageResult.
2025-11-07 20:37:12.182 +01:00 [INF] Executed page /Account/Login in 57.7843ms
2025-11-07 20:37:12.183 +01:00 [INF] Executed endpoint '/Account/Login'
2025-11-07 20:37:12.185 +01:00 [INF] Request finished HTTP/2 GET https://localhost:7025/Identity/Account/Login - 200 null text/html; charset=utf-8 76.5322ms
2025-11-07 20:37:12.201 +01:00 [INF] Request starting HTTP/2 GET https://localhost:7025/lib/jquery-validation/dist/jquery.validate.min.js - null null
2025-11-07 20:37:12.201 +01:00 [INF] Request starting HTTP/2 GET https://localhost:7025/lib/jquery-validation-unobtrusive/jquery.validate.unobtrusive.min.js - null null
2025-11-07 20:37:12.207 +01:00 [INF] Request finished HTTP/2 GET https://localhost:7025/lib/jquery-validation-unobtrusive/jquery.validate.unobtrusive.min.js - 404 0 null 5.7959ms
2025-11-07 20:37:12.207 +01:00 [INF] Request finished HTTP/2 GET https://localhost:7025/lib/jquery-validation/dist/jquery.validate.min.js - 404 0 null 6.8075ms
2025-11-07 20:37:12.209 +01:00 [INF] Request reached the end of the middleware pipeline without being handled by application code. Request path: GET https://localhost:7025/lib/jquery-validation-unobtrusive/jquery.validate.unobtrusive.min.js, Response status code: 404
2025-11-07 20:37:12.209 +01:00 [INF] Request reached the end of the middleware pipeline without being handled by application code. Request path: GET https://localhost:7025/lib/jquery-validation/dist/jquery.validate.min.js, Response status code: 404
2025-11-07 20:37:12.932 +01:00 [INF] Request starting HTTP/2 POST https://localhost:7025/Identity/Account/Login - application/x-www-form-urlencoded 236
2025-11-07 20:37:12.962 +01:00 [INF] Executing endpoint '/Account/Login'
2025-11-07 20:37:12.962 +01:00 [INF] Route matched with {page = "/Account/Login", area = "Identity", action = "", controller = ""}. Executing page /Account/Login
2025-11-07 20:37:12.976 +01:00 [INF] Executing handler method Jam.Areas.Identity.Pages.Account.LoginModel.OnPostAsync - ModelState is "Valid"
2025-11-07 20:37:13.081 +01:00 [INF] AuthenticationScheme: Identity.Application signed in.
2025-11-07 20:37:13.082 +01:00 [INF] User logged in.
2025-11-07 20:37:13.082 +01:00 [INF] Executed handler method OnPostAsync, returned result Microsoft.AspNetCore.Mvc.LocalRedirectResult.
2025-11-07 20:37:13.082 +01:00 [INF] Executing LocalRedirectResult, redirecting to /.
2025-11-07 20:37:13.083 +01:00 [INF] Executed page /Account/Login in 120.243ms
2025-11-07 20:37:13.083 +01:00 [INF] Executed endpoint '/Account/Login'
2025-11-07 20:37:13.083 +01:00 [INF] Request finished HTTP/2 POST https://localhost:7025/Identity/Account/Login - 302 0 null 150.406ms
2025-11-07 20:37:13.109 +01:00 [INF] Request starting HTTP/2 GET https://localhost:7025/ - null null
2025-11-07 20:37:13.111 +01:00 [INF] Executing endpoint 'Jam.Controllers.HomeController.Index (Jam)'
2025-11-07 20:37:13.111 +01:00 [INF] Route matched with {action = "Index", controller = "Home", page = "", area = ""}. Executing controller action with signature System.Threading.Tasks.Task`1[Microsoft.AspNetCore.Mvc.IActionResult] Index() on controller Jam.Controllers.HomeController (Jam).
2025-11-07 20:37:13.156 +01:00 [INF] Executing ViewResult, running view Index.
2025-11-07 20:37:13.267 +01:00 [INF] Executed ViewResult - view Index executed in 111.8955ms.
2025-11-07 20:37:13.267 +01:00 [INF] Executed action Jam.Controllers.HomeController.Index (Jam) in 156.5638ms
2025-11-07 20:37:13.268 +01:00 [INF] Executed endpoint 'Jam.Controllers.HomeController.Index (Jam)'
2025-11-07 20:37:13.268 +01:00 [INF] Request finished HTTP/2 GET https://localhost:7025/ - 200 null text/html; charset=utf-8 159.3679ms
2025-11-07 20:37:14.941 +01:00 [INF] Request starting HTTP/2 GET https://localhost:7025/StoryEditing/EditStory?storyId=1 - null null
2025-11-07 20:37:14.972 +01:00 [INF] Executing endpoint 'Jam.Controllers.StoryEditingController.EditStory (Jam)'
2025-11-07 20:37:14.978 +01:00 [INF] Route matched with {action = "EditStory", controller = "StoryEditing", page = "", area = ""}. Executing controller action with signature System.Threading.Tasks.Task`1[Microsoft.AspNetCore.Mvc.IActionResult] EditStory(Int32) on controller Jam.Controllers.StoryEditingController (Jam).
2025-11-07 20:37:15.001 +01:00 [INF] Executing ViewResult, running view EditStory.
2025-11-07 20:37:15.083 +01:00 [INF] Executed ViewResult - view EditStory executed in 82.1908ms.
2025-11-07 20:37:15.105 +01:00 [INF] Executed action Jam.Controllers.StoryEditingController.EditStory (Jam) in 126.1929ms
2025-11-07 20:37:15.105 +01:00 [INF] Executed endpoint 'Jam.Controllers.StoryEditingController.EditStory (Jam)'
2025-11-07 20:37:15.106 +01:00 [INF] Request finished HTTP/2 GET https://localhost:7025/StoryEditing/EditStory?storyId=1 - 200 null text/html; charset=utf-8 164.966ms
2025-11-07 20:37:15.680 +01:00 [INF] Request starting HTTP/2 GET https://localhost:7025/StoryEditing/EditQuestionScenes?storyId=1 - null null
2025-11-07 20:37:15.706 +01:00 [INF] Executing endpoint 'Jam.Controllers.StoryEditingController.EditQuestionScenes (Jam)'
2025-11-07 20:37:15.710 +01:00 [INF] Route matched with {action = "EditQuestionScenes", controller = "StoryEditing", page = "", area = ""}. Executing controller action with signature System.Threading.Tasks.Task`1[Microsoft.AspNetCore.Mvc.IActionResult] EditQuestionScenes(Int32) on controller Jam.Controllers.StoryEditingController (Jam).
2025-11-07 20:37:15.792 +01:00 [INF] Executing ViewResult, running view EditQuestionScenes.
2025-11-07 20:37:15.895 +01:00 [INF] Executed action Jam.Controllers.StoryEditingController.EditQuestionScenes (Jam) in 184.8811ms
2025-11-07 20:37:15.895 +01:00 [INF] Executed endpoint 'Jam.Controllers.StoryEditingController.EditQuestionScenes (Jam)'
2025-11-07 20:37:15.912 +01:00 [ERR] An unhandled exception has occurred while executing the request.
System.InvalidOperationException: The model item passed into the ViewDataDictionary is of type 'System.ValueTuple`4[System.String,System.String,System.String,System.String]', but this ViewDataDictionary instance requires a model item of type 'System.ValueTuple`3[System.Int32,System.Int32,System.String]'.
   at Microsoft.AspNetCore.Mvc.ViewFeatures.ViewDataDictionary.EnsureCompatible(Object value)
   at lambda_method1166(Closure, ViewDataDictionary)
   at Microsoft.AspNetCore.Mvc.Razor.RazorPagePropertyActivator.Activate(Object page, ViewContext context)
   at Microsoft.AspNetCore.Mvc.Razor.RazorView.RenderPageCoreAsync(IRazorPage page, ViewContext context)
   at Microsoft.AspNetCore.Mvc.Razor.RazorView.RenderPageAsync(IRazorPage page, ViewContext context, Boolean invokeViewStarts)
   at Microsoft.AspNetCore.Mvc.Razor.RazorView.RenderAsync(ViewContext context)
   at Microsoft.AspNetCore.Mvc.TagHelpers.PartialTagHelper.RenderPartialViewAsync(TextWriter writer, Object model, IView view)
   at Microsoft.AspNetCore.Mvc.TagHelpers.PartialTagHelper.ProcessAsync(TagHelperContext context, TagHelperOutput output)
   at Microsoft.AspNetCore.Razor.Runtime.TagHelpers.TagHelperRunner.<RunAsync>g__Awaited|0_0(Task task, TagHelperExecutionContext executionContext, Int32 i, Int32 count)
   at AspNetCoreGeneratedDocument.Views_StoryEditing_EditQuestionScenes.ExecuteAsync() in /Users/jaraazad/Desktop/Jam/Views/StoryEditing/EditQuestionScenes.cshtml:line 99
   at Microsoft.AspNetCore.Mvc.Razor.RazorView.RenderPageCoreAsync(IRazorPage page, ViewContext context)
   at Microsoft.AspNetCore.Mvc.Razor.RazorView.RenderPageAsync(IRazorPage page, ViewContext context, Boolean invokeViewStarts)
   at Microsoft.AspNetCore.Mvc.Razor.RazorView.RenderAsync(ViewContext context)
   at Microsoft.AspNetCore.Mvc.ViewFeatures.ViewExecutor.ExecuteAsync(ViewContext viewContext, String contentType, Nullable`1 statusCode)
   at Microsoft.AspNetCore.Mvc.ViewFeatures.ViewExecutor.ExecuteAsync(ViewContext viewContext, String contentType, Nullable`1 statusCode)
   at Microsoft.AspNetCore.Mvc.ViewFeatures.ViewExecutor.ExecuteAsync(ActionContext actionContext, IView view, ViewDataDictionary viewData, ITempDataDictionary tempData, String contentType, Nullable`1 statusCode)
   at Microsoft.AspNetCore.Mvc.ViewFeatures.ViewResultExecutor.ExecuteAsync(ActionContext context, ViewResult result)
   at Microsoft.AspNetCore.Mvc.ViewResult.ExecuteResultAsync(ActionContext context)
   at Microsoft.AspNetCore.Mvc.Infrastructure.ResourceInvoker.<InvokeNextResultFilterAsync>g__Awaited|30_0[TFilter,TFilterAsync](ResourceInvoker invoker, Task lastTask, State next, Scope scope, Object state, Boolean isCompleted)
   at Microsoft.AspNetCore.Mvc.Infrastructure.ResourceInvoker.Rethrow(ResultExecutedContextSealed context)
   at Microsoft.AspNetCore.Mvc.Infrastructure.ResourceInvoker.ResultNext[TFilter,TFilterAsync](State& next, Scope& scope, Object& state, Boolean& isCompleted)
   at Microsoft.AspNetCore.Mvc.Infrastructure.ResourceInvoker.InvokeResultFilters()
--- End of stack trace from previous location ---
   at Microsoft.AspNetCore.Mvc.Infrastructure.ResourceInvoker.<InvokeNextResourceFilter>g__Awaited|25_0(ResourceInvoker invoker, Task lastTask, State next, Scope scope, Object state, Boolean isCompleted)
   at Microsoft.AspNetCore.Mvc.Infrastructure.ResourceInvoker.Rethrow(ResourceExecutedContextSealed context)
   at Microsoft.AspNetCore.Mvc.Infrastructure.ResourceInvoker.Next(State& next, Scope& scope, Object& state, Boolean& isCompleted)
   at Microsoft.AspNetCore.Mvc.Infrastructure.ResourceInvoker.InvokeFilterPipelineAsync()
--- End of stack trace from previous location ---
   at Microsoft.AspNetCore.Mvc.Infrastructure.ResourceInvoker.<InvokeAsync>g__Logged|17_1(ResourceInvoker invoker)
   at Microsoft.AspNetCore.Mvc.Infrastructure.ResourceInvoker.<InvokeAsync>g__Logged|17_1(ResourceInvoker invoker)
   at Microsoft.AspNetCore.Routing.EndpointMiddleware.<Invoke>g__AwaitRequestTask|7_0(Endpoint endpoint, Task requestTask, ILogger logger)
   at Microsoft.AspNetCore.Session.SessionMiddleware.Invoke(HttpContext context)
   at Microsoft.AspNetCore.Session.SessionMiddleware.Invoke(HttpContext context)
   at Microsoft.AspNetCore.Authorization.AuthorizationMiddleware.Invoke(HttpContext context)
   at Microsoft.AspNetCore.Authentication.AuthenticationMiddleware.Invoke(HttpContext context)
   at Microsoft.AspNetCore.Diagnostics.DeveloperExceptionPageMiddlewareImpl.Invoke(HttpContext context)
2025-11-07 20:37:15.922 +01:00 [INF] Request finished HTTP/2 GET https://localhost:7025/StoryEditing/EditQuestionScenes?storyId=1 - 500 null text/html; charset=utf-8 242.615ms
