2025-10-30 21:24:00.704 +01:00 [INF] Applying migration '20251024065541_InitialCreate'.
2025-10-30 21:24:01.408 +01:00 [INF] User profile is available. Using '/Users/michaelnedgaardisaksen/.aspnet/DataProtection-Keys' as key repository; keys will not be encrypted at rest.
2025-10-30 21:24:01.690 +01:00 [INF] Now listening on: https://localhost:7025
2025-10-30 21:24:01.691 +01:00 [INF] Now listening on: http://localhost:5262
2025-10-30 21:24:01.694 +01:00 [INF] Application started. Press Ctrl+C to shut down.
2025-10-30 21:24:01.695 +01:00 [INF] Hosting environment: Development
2025-10-30 21:24:01.695 +01:00 [INF] Content root path: /Users/michaelnedgaardisaksen/Documents/ITPE3100_Webapplikasjoner/Demo-Jam/Jam
2025-10-30 21:24:02.259 +01:00 [INF] Request starting HTTP/2 GET https://localhost:7025/ - null null
2025-10-30 21:24:02.274 +01:00 [INF] Executing endpoint 'Jam.Controllers.HomeController.Index (Jam)'
2025-10-30 21:24:02.288 +01:00 [INF] Route matched with {action = "Index", controller = "Home"}. Executing controller action with signature System.Threading.Tasks.Task`1[Microsoft.AspNetCore.Mvc.IActionResult] Index() on controller Jam.Controllers.HomeController (Jam).
2025-10-30 21:24:02.374 +01:00 [INF] Executing ViewResult, running view Index.
2025-10-30 21:24:02.411 +01:00 [INF] Executed ViewResult - view Index executed in 37.5337ms.
2025-10-30 21:24:02.413 +01:00 [INF] Executed action Jam.Controllers.HomeController.Index (Jam) in 124.7036ms
2025-10-30 21:24:02.414 +01:00 [INF] Executed endpoint 'Jam.Controllers.HomeController.Index (Jam)'
2025-10-30 21:24:02.417 +01:00 [INF] Request finished HTTP/2 GET https://localhost:7025/ - 200 null text/html; charset=utf-8 159.0802ms
2025-10-30 21:24:08.279 +01:00 [INF] Request starting HTTP/2 GET https://localhost:7025/StoryEditing/EditStory?storyId=1 - null null
2025-10-30 21:24:08.283 +01:00 [INF] Executing endpoint 'Jam.Controllers.StoryEditingController.EditStory (Jam)'
2025-10-30 21:24:08.298 +01:00 [INF] Route matched with {action = "EditStory", controller = "StoryEditing"}. Executing controller action with signature System.Threading.Tasks.Task`1[Microsoft.AspNetCore.Mvc.IActionResult] EditStory(Int32) on controller Jam.Controllers.StoryEditingController (Jam).
2025-10-30 21:24:08.345 +01:00 [INF] Executing ViewResult, running view EditStory.
2025-10-30 21:24:08.420 +01:00 [INF] Executed ViewResult - view EditStory executed in 75.0988ms.
2025-10-30 21:24:08.420 +01:00 [INF] Executed action Jam.Controllers.StoryEditingController.EditStory (Jam) in 121.6225ms
2025-10-30 21:24:08.420 +01:00 [INF] Executed endpoint 'Jam.Controllers.StoryEditingController.EditStory (Jam)'
2025-10-30 21:24:08.421 +01:00 [INF] Request finished HTTP/2 GET https://localhost:7025/StoryEditing/EditStory?storyId=1 - 200 null text/html; charset=utf-8 141.4629ms
2025-10-30 21:24:12.787 +01:00 [INF] Request starting HTTP/2 GET https://localhost:7025/StoryEditing/EditIntroScene?storyId=1 - null null
2025-10-30 21:24:12.794 +01:00 [INF] Executing endpoint 'Jam.Controllers.StoryEditingController.EditIntroScene (Jam)'
2025-10-30 21:24:12.802 +01:00 [INF] Route matched with {action = "EditIntroScene", controller = "StoryEditing"}. Executing controller action with signature System.Threading.Tasks.Task`1[Microsoft.AspNetCore.Mvc.IActionResult] EditIntroScene(Int32) on controller Jam.Controllers.StoryEditingController (Jam).
2025-10-30 21:24:12.820 +01:00 [INF] Executing ViewResult, running view EditIntroScene.
2025-10-30 21:24:12.828 +01:00 [INF] Executed ViewResult - view EditIntroScene executed in 8.9425ms.
2025-10-30 21:24:12.829 +01:00 [INF] Executed action Jam.Controllers.StoryEditingController.EditIntroScene (Jam) in 26.6077ms
2025-10-30 21:24:12.829 +01:00 [INF] Executed endpoint 'Jam.Controllers.StoryEditingController.EditIntroScene (Jam)'
2025-10-30 21:24:12.829 +01:00 [INF] Request finished HTTP/2 GET https://localhost:7025/StoryEditing/EditIntroScene?storyId=1 - 200 null text/html; charset=utf-8 67.726ms
2025-10-30 21:24:15.291 +01:00 [INF] Request starting HTTP/2 GET https://localhost:7025/StoryEditing/EditQuestionScenes - null null
2025-10-30 21:24:15.293 +01:00 [INF] Executing endpoint 'Jam.Controllers.StoryEditingController.EditQuestionScenes (Jam)'
2025-10-30 21:24:15.311 +01:00 [INF] Route matched with {action = "EditQuestionScenes", controller = "StoryEditing"}. Executing controller action with signature System.Threading.Tasks.Task`1[Microsoft.AspNetCore.Mvc.IActionResult] EditQuestionScenes(Int32) on controller Jam.Controllers.StoryEditingController (Jam).
2025-10-30 21:24:15.317 +01:00 [WRN] [SceneRepository -> GetQuestionScenesByStoryId] Invalid storyId provided: 0
2025-10-30 21:24:15.322 +01:00 [INF] Executing RedirectResult, redirecting to /StoryEditing/EditStory?storyId=0.
2025-10-30 21:24:15.327 +01:00 [INF] Executed action Jam.Controllers.StoryEditingController.EditQuestionScenes (Jam) in 15.606ms
2025-10-30 21:24:15.327 +01:00 [INF] Executed endpoint 'Jam.Controllers.StoryEditingController.EditQuestionScenes (Jam)'
2025-10-30 21:24:15.328 +01:00 [INF] Request finished HTTP/2 GET https://localhost:7025/StoryEditing/EditQuestionScenes - 302 0 null 37.1982ms
2025-10-30 21:24:15.357 +01:00 [INF] Request starting HTTP/2 GET https://localhost:7025/StoryEditing/EditStory?storyId=0 - null null
2025-10-30 21:24:15.357 +01:00 [INF] Executing endpoint 'Jam.Controllers.StoryEditingController.EditStory (Jam)'
2025-10-30 21:24:15.357 +01:00 [INF] Route matched with {action = "EditStory", controller = "StoryEditing"}. Executing controller action with signature System.Threading.Tasks.Task`1[Microsoft.AspNetCore.Mvc.IActionResult] EditStory(Int32) on controller Jam.Controllers.StoryEditingController (Jam).
2025-10-30 21:24:15.359 +01:00 [WRN] [StoryRepository -> GetStoryById] Invalid story id 0 provided
2025-10-30 21:24:15.361 +01:00 [WRN] [StoryEditingController -> EditStory:GET] Story not found for storyId=0
2025-10-30 21:24:15.363 +01:00 [INF] Executing ViewResult, running view Error.
2025-10-30 21:24:15.368 +01:00 [INF] Executed ViewResult - view Error executed in 5.7302ms.
2025-10-30 21:24:15.368 +01:00 [INF] Executed action Jam.Controllers.StoryEditingController.EditStory (Jam) in 10.4921ms
2025-10-30 21:24:15.368 +01:00 [INF] Executed endpoint 'Jam.Controllers.StoryEditingController.EditStory (Jam)'
2025-10-30 21:24:15.368 +01:00 [INF] Request finished HTTP/2 GET https://localhost:7025/StoryEditing/EditStory?storyId=0 - 200 null text/html; charset=utf-8 11.4326ms
2025-10-30 21:24:22.411 +01:00 [INF] Request starting HTTP/2 POST https://localhost:7025/ - application/x-www-form-urlencoded 182
2025-10-30 21:24:22.412 +01:00 [INF] Executing endpoint '405 HTTP Method Not Supported'
2025-10-30 21:24:22.413 +01:00 [INF] Executed endpoint '405 HTTP Method Not Supported'
2025-10-30 21:24:22.413 +01:00 [INF] Request finished HTTP/2 POST https://localhost:7025/ - 405 0 null 2.2172ms
