2025-11-07 19:22:11.017 +01:00 [INF] User profile is available. Using '/Users/jaraazad/.aspnet/DataProtection-Keys' as key repository; keys will not be encrypted at rest.
2025-11-07 19:22:11.539 +01:00 [INF] Applying migration '20251024065541_InitialCreate'.
2025-11-07 19:22:11.634 +01:00 [INF] Applying migration '20251101105657_AddIdentitySupport'.
2025-11-07 19:22:11.686 +01:00 [INF] Applying migration '20251103080324_UpdateNextQuestionSceneDeleteBehavior'.
2025-11-07 19:22:12.736 +01:00 [INF] Now listening on: https://localhost:7025
2025-11-07 19:22:12.762 +01:00 [INF] Now listening on: http://localhost:5262
2025-11-07 19:22:12.766 +01:00 [INF] Application started. Press Ctrl+C to shut down.
2025-11-07 19:22:12.767 +01:00 [INF] Hosting environment: Development
2025-11-07 19:22:12.768 +01:00 [INF] Content root path: /Users/jaraazad/Desktop/Jam
2025-11-07 19:22:13.217 +01:00 [INF] Request starting HTTP/2 GET https://localhost:7025/ - null null
2025-11-07 19:22:13.266 +01:00 [INF] Executing endpoint 'Jam.Controllers.HomeController.Index (Jam)'
2025-11-07 19:22:13.288 +01:00 [INF] Route matched with {action = "Index", controller = "Home", page = "", area = ""}. Executing controller action with signature System.Threading.Tasks.Task`1[Microsoft.AspNetCore.Mvc.IActionResult] Index() on controller Jam.Controllers.HomeController (Jam).
2025-11-07 19:22:13.315 +01:00 [WRN] [HomeController -> Index] Auth cookie invalid or user no longer exists. Redirecting to login.
2025-11-07 19:22:13.320 +01:00 [INF] AuthenticationScheme: Identity.Application signed out.
2025-11-07 19:22:13.322 +01:00 [INF] AuthenticationScheme: Identity.External signed out.
2025-11-07 19:22:13.322 +01:00 [INF] AuthenticationScheme: Identity.TwoFactorUserId signed out.
2025-11-07 19:22:13.323 +01:00 [INF] Executing LocalRedirectResult, redirecting to /Identity/Account/Login.
2025-11-07 19:22:13.326 +01:00 [INF] Executed action Jam.Controllers.HomeController.Index (Jam) in 35.9245ms
2025-11-07 19:22:13.327 +01:00 [INF] Executed endpoint 'Jam.Controllers.HomeController.Index (Jam)'
2025-11-07 19:22:13.330 +01:00 [INF] Request finished HTTP/2 GET https://localhost:7025/ - 302 0 null 114.8225ms
2025-11-07 19:22:13.405 +01:00 [INF] Request starting HTTP/2 GET https://localhost:7025/Identity/Account/Login - null null
2025-11-07 19:22:13.408 +01:00 [INF] Executing endpoint '/Account/Login'
2025-11-07 19:22:13.427 +01:00 [INF] Route matched with {page = "/Account/Login", area = "Identity", action = "", controller = ""}. Executing page /Account/Login
2025-11-07 19:22:13.437 +01:00 [INF] Executing handler method Jam.Areas.Identity.Pages.Account.LoginModel.OnGetAsync - ModelState is "Valid"
2025-11-07 19:22:13.439 +01:00 [INF] AuthenticationScheme: Identity.External signed out.
2025-11-07 19:22:13.440 +01:00 [INF] Executed handler method OnGetAsync, returned result .
2025-11-07 19:22:13.443 +01:00 [INF] Executing an implicit handler method - ModelState is "Valid"
2025-11-07 19:22:13.443 +01:00 [INF] Executed an implicit handler method, returned result Microsoft.AspNetCore.Mvc.RazorPages.PageResult.
2025-11-07 19:22:13.528 +01:00 [INF] Executed page /Account/Login in 100.2209ms
2025-11-07 19:22:13.528 +01:00 [INF] Executed endpoint '/Account/Login'
2025-11-07 19:22:13.536 +01:00 [INF] Request finished HTTP/2 GET https://localhost:7025/Identity/Account/Login - 200 null text/html; charset=utf-8 129.9453ms
2025-11-07 19:22:13.559 +01:00 [INF] Request starting HTTP/2 GET https://localhost:7025/lib/jquery-validation/dist/jquery.validate.min.js - null null
2025-11-07 19:22:13.559 +01:00 [INF] Request starting HTTP/2 GET https://localhost:7025/lib/jquery-validation-unobtrusive/jquery.validate.unobtrusive.min.js - null null
2025-11-07 19:22:13.568 +01:00 [INF] Request finished HTTP/2 GET https://localhost:7025/lib/jquery-validation-unobtrusive/jquery.validate.unobtrusive.min.js - 404 0 null 8.8926ms
2025-11-07 19:22:13.568 +01:00 [INF] Request finished HTTP/2 GET https://localhost:7025/lib/jquery-validation/dist/jquery.validate.min.js - 404 0 null 9.1456ms
2025-11-07 19:22:13.568 +01:00 [INF] Request reached the end of the middleware pipeline without being handled by application code. Request path: GET https://localhost:7025/lib/jquery-validation-unobtrusive/jquery.validate.unobtrusive.min.js, Response status code: 404
2025-11-07 19:22:13.569 +01:00 [INF] Request reached the end of the middleware pipeline without being handled by application code. Request path: GET https://localhost:7025/lib/jquery-validation/dist/jquery.validate.min.js, Response status code: 404
2025-11-07 19:22:14.279 +01:00 [INF] Request starting HTTP/2 POST https://localhost:7025/Identity/Account/Login - application/x-www-form-urlencoded 236
2025-11-07 19:22:14.282 +01:00 [INF] Executing endpoint '/Account/Login'
2025-11-07 19:22:14.283 +01:00 [INF] Route matched with {page = "/Account/Login", area = "Identity", action = "", controller = ""}. Executing page /Account/Login
2025-11-07 19:22:14.295 +01:00 [INF] Executing handler method Jam.Areas.Identity.Pages.Account.LoginModel.OnPostAsync - ModelState is "Valid"
2025-11-07 19:22:14.403 +01:00 [INF] AuthenticationScheme: Identity.Application signed in.
2025-11-07 19:22:14.404 +01:00 [INF] User logged in.
2025-11-07 19:22:14.404 +01:00 [INF] Executed handler method OnPostAsync, returned result Microsoft.AspNetCore.Mvc.LocalRedirectResult.
2025-11-07 19:22:14.404 +01:00 [INF] Executing LocalRedirectResult, redirecting to /.
2025-11-07 19:22:14.405 +01:00 [INF] Executed page /Account/Login in 121.7051ms
2025-11-07 19:22:14.405 +01:00 [INF] Executed endpoint '/Account/Login'
2025-11-07 19:22:14.405 +01:00 [INF] Request finished HTTP/2 POST https://localhost:7025/Identity/Account/Login - 302 0 null 126.2357ms
2025-11-07 19:22:14.505 +01:00 [INF] Request starting HTTP/2 GET https://localhost:7025/ - null null
2025-11-07 19:22:14.508 +01:00 [INF] Executing endpoint 'Jam.Controllers.HomeController.Index (Jam)'
2025-11-07 19:22:14.508 +01:00 [INF] Route matched with {action = "Index", controller = "Home", page = "", area = ""}. Executing controller action with signature System.Threading.Tasks.Task`1[Microsoft.AspNetCore.Mvc.IActionResult] Index() on controller Jam.Controllers.HomeController (Jam).
2025-11-07 19:22:14.568 +01:00 [INF] Executing ViewResult, running view Index.
2025-11-07 19:22:14.583 +01:00 [INF] Executed ViewResult - view Index executed in 16.4191ms.
2025-11-07 19:22:14.584 +01:00 [INF] Executed action Jam.Controllers.HomeController.Index (Jam) in 75.4817ms
2025-11-07 19:22:14.584 +01:00 [INF] Executed endpoint 'Jam.Controllers.HomeController.Index (Jam)'
2025-11-07 19:22:14.584 +01:00 [INF] Request finished HTTP/2 GET https://localhost:7025/ - 200 null text/html; charset=utf-8 79.0267ms
2025-11-07 19:22:15.755 +01:00 [INF] Request starting HTTP/2 GET https://localhost:7025/StoryCreation/CreateStoryAndIntro - null null
2025-11-07 19:22:15.762 +01:00 [INF] Executing endpoint 'Jam.Controllers.StoryCreationController.CreateStoryAndIntro (Jam)'
2025-11-07 19:22:15.765 +01:00 [INF] Route matched with {action = "CreateStoryAndIntro", controller = "StoryCreation", page = "", area = ""}. Executing controller action with signature Microsoft.AspNetCore.Mvc.IActionResult CreateStoryAndIntro() on controller Jam.Controllers.StoryCreationController (Jam).
2025-11-07 19:22:15.769 +01:00 [INF] Accessing expired session, Key:81240ac2-d632-8b42-bfc2-321f7eaa06ba
2025-11-07 19:22:15.773 +01:00 [INF] Executing ViewResult, running view CreateStoryAndIntro.
2025-11-07 19:22:15.830 +01:00 [INF] Executed ViewResult - view CreateStoryAndIntro executed in 56.9245ms.
2025-11-07 19:22:15.830 +01:00 [INF] Executed action Jam.Controllers.StoryCreationController.CreateStoryAndIntro (Jam) in 64.3557ms
2025-11-07 19:22:15.830 +01:00 [INF] Executed endpoint 'Jam.Controllers.StoryCreationController.CreateStoryAndIntro (Jam)'
2025-11-07 19:22:15.830 +01:00 [INF] Request finished HTTP/2 GET https://localhost:7025/StoryCreation/CreateStoryAndIntro - 200 null text/html; charset=utf-8 75.7936ms
2025-11-07 19:22:21.584 +01:00 [INF] Request starting HTTP/2 POST https://localhost:7025/StoryCreation/CreateStoryAndIntro - application/x-www-form-urlencoded 304
2025-11-07 19:22:21.594 +01:00 [INF] Executing endpoint 'Jam.Controllers.StoryCreationController.CreateStoryAndIntro (Jam)'
2025-11-07 19:22:21.612 +01:00 [INF] Route matched with {action = "CreateStoryAndIntro", controller = "StoryCreation", page = "", area = ""}. Executing controller action with signature Microsoft.AspNetCore.Mvc.IActionResult CreateStoryAndIntro(Jam.ViewModels.StoryCreation.CreateStoryAndIntroViewModel, System.String) on controller Jam.Controllers.StoryCreationController (Jam).
2025-11-07 19:22:21.621 +01:00 [INF] Accessing expired session, Key:81240ac2-d632-8b42-bfc2-321f7eaa06ba
2025-11-07 19:22:21.651 +01:00 [INF] Executing RedirectResult, redirecting to /StoryCreation/CreateQuestionScenes.
2025-11-07 19:22:21.652 +01:00 [INF] Executed action Jam.Controllers.StoryCreationController.CreateStoryAndIntro (Jam) in 39.5399ms
2025-11-07 19:22:21.652 +01:00 [INF] Executed endpoint 'Jam.Controllers.StoryCreationController.CreateStoryAndIntro (Jam)'
2025-11-07 19:22:21.652 +01:00 [INF] Session started; Key:81240ac2-d632-8b42-bfc2-321f7eaa06ba, Id:686772bf-9a26-ea9e-1059-127f22dc573b
2025-11-07 19:22:21.653 +01:00 [INF] Request finished HTTP/2 POST https://localhost:7025/StoryCreation/CreateStoryAndIntro - 302 0 null 144.2365ms
2025-11-07 19:22:21.656 +01:00 [INF] Request starting HTTP/2 GET https://localhost:7025/StoryCreation/CreateQuestionScenes - null null
2025-11-07 19:22:21.657 +01:00 [INF] Executing endpoint 'Jam.Controllers.StoryCreationController.CreateQuestionScenes (Jam)'
2025-11-07 19:22:21.658 +01:00 [INF] Route matched with {action = "CreateQuestionScenes", controller = "StoryCreation", page = "", area = ""}. Executing controller action with signature Microsoft.AspNetCore.Mvc.IActionResult CreateQuestionScenes() on controller Jam.Controllers.StoryCreationController (Jam).
2025-11-07 19:22:21.662 +01:00 [INF] Executing ViewResult, running view CreateQuestionScenes.
2025-11-07 19:22:21.722 +01:00 [INF] Executed ViewResult - view CreateQuestionScenes executed in 59.7538ms.
2025-11-07 19:22:21.772 +01:00 [INF] Executed action Jam.Controllers.StoryCreationController.CreateQuestionScenes (Jam) in 114.3467ms
2025-11-07 19:22:21.793 +01:00 [INF] Executed endpoint 'Jam.Controllers.StoryCreationController.CreateQuestionScenes (Jam)'
2025-11-07 19:22:21.794 +01:00 [INF] Request finished HTTP/2 GET https://localhost:7025/StoryCreation/CreateQuestionScenes - 200 null text/html; charset=utf-8 137.71ms
2025-11-07 19:22:26.077 +01:00 [INF] Request starting HTTP/2 POST https://localhost:7025/StoryEditing/DeleteQuestion?storyId=0&questionSceneId=0 - application/x-www-form-urlencoded 762
2025-11-07 19:22:26.079 +01:00 [INF] Executing endpoint 'Jam.Controllers.StoryEditingController.DeleteQuestionConfirmed (Jam)'
2025-11-07 19:22:26.084 +01:00 [INF] Route matched with {action = "DeleteQuestion", controller = "StoryEditing", page = "", area = ""}. Executing controller action with signature System.Threading.Tasks.Task`1[Microsoft.AspNetCore.Mvc.IActionResult] DeleteQuestionConfirmed(Int32, Int32) on controller Jam.Controllers.StoryEditingController (Jam).
2025-11-07 19:22:26.091 +01:00 [WRN] [SceneRepository -> DeleteQuestionScene] Invalid QuestionSceneId 0
2025-11-07 19:22:26.093 +01:00 [INF] Executing RedirectResult, redirecting to /StoryEditing/EditQuestionScenes?storyId=0.
2025-11-07 19:22:26.093 +01:00 [INF] Executed action Jam.Controllers.StoryEditingController.DeleteQuestionConfirmed (Jam) in 8.6713ms
2025-11-07 19:22:26.093 +01:00 [INF] Executed endpoint 'Jam.Controllers.StoryEditingController.DeleteQuestionConfirmed (Jam)'
2025-11-07 19:22:26.093 +01:00 [INF] Request finished HTTP/2 POST https://localhost:7025/StoryEditing/DeleteQuestion?storyId=0&questionSceneId=0 - 302 0 null 16.7191ms
2025-11-07 19:22:26.100 +01:00 [INF] Request starting HTTP/2 GET https://localhost:7025/StoryEditing/EditQuestionScenes?storyId=0 - null null
2025-11-07 19:22:26.101 +01:00 [INF] Executing endpoint 'Jam.Controllers.StoryEditingController.EditQuestionScenes (Jam)'
2025-11-07 19:22:26.103 +01:00 [INF] Route matched with {action = "EditQuestionScenes", controller = "StoryEditing", page = "", area = ""}. Executing controller action with signature System.Threading.Tasks.Task`1[Microsoft.AspNetCore.Mvc.IActionResult] EditQuestionScenes(Int32) on controller Jam.Controllers.StoryEditingController (Jam).
2025-11-07 19:22:26.118 +01:00 [WRN] [SceneRepository -> GetQuestionScenesByStoryId] Invalid storyId provided: 0
2025-11-07 19:22:26.119 +01:00 [INF] Executing RedirectResult, redirecting to /StoryEditing/EditStory?storyId=0.
2025-11-07 19:22:26.119 +01:00 [INF] Executed action Jam.Controllers.StoryEditingController.EditQuestionScenes (Jam) in 15.7ms
2025-11-07 19:22:26.119 +01:00 [INF] Executed endpoint 'Jam.Controllers.StoryEditingController.EditQuestionScenes (Jam)'
2025-11-07 19:22:26.119 +01:00 [INF] Request finished HTTP/2 GET https://localhost:7025/StoryEditing/EditQuestionScenes?storyId=0 - 302 0 null 19.4197ms
2025-11-07 19:22:26.123 +01:00 [INF] Request starting HTTP/2 GET https://localhost:7025/StoryEditing/EditStory?storyId=0 - null null
2025-11-07 19:22:26.147 +01:00 [INF] Executing endpoint 'Jam.Controllers.StoryEditingController.EditStory (Jam)'
2025-11-07 19:22:26.149 +01:00 [INF] Route matched with {action = "EditStory", controller = "StoryEditing", page = "", area = ""}. Executing controller action with signature System.Threading.Tasks.Task`1[Microsoft.AspNetCore.Mvc.IActionResult] EditStory(Int32) on controller Jam.Controllers.StoryEditingController (Jam).
2025-11-07 19:22:26.151 +01:00 [WRN] [StoryRepository -> GetStoryById] Invalid story id 0 provided
2025-11-07 19:22:26.151 +01:00 [WRN] [StoryEditingController -> EditStory:GET] Story not found for storyId=0
2025-11-07 19:22:26.152 +01:00 [INF] Executing ViewResult, running view Error.
2025-11-07 19:22:26.156 +01:00 [INF] Executed ViewResult - view Error executed in 4.5292ms.
2025-11-07 19:22:26.156 +01:00 [INF] Executed action Jam.Controllers.StoryEditingController.EditStory (Jam) in 7.4789ms
2025-11-07 19:22:26.157 +01:00 [INF] Executed endpoint 'Jam.Controllers.StoryEditingController.EditStory (Jam)'
2025-11-07 19:22:26.157 +01:00 [INF] Request finished HTTP/2 GET https://localhost:7025/StoryEditing/EditStory?storyId=0 - 200 null text/html; charset=utf-8 33.5315ms
2025-11-07 19:22:28.148 +01:00 [INF] Request starting HTTP/2 GET https://localhost:7025/StoryCreation/CreateQuestionScenes - null null
2025-11-07 19:22:28.151 +01:00 [INF] Executing endpoint 'Jam.Controllers.StoryCreationController.CreateQuestionScenes (Jam)'
2025-11-07 19:22:28.151 +01:00 [INF] Route matched with {action = "CreateQuestionScenes", controller = "StoryCreation", page = "", area = ""}. Executing controller action with signature Microsoft.AspNetCore.Mvc.IActionResult CreateQuestionScenes() on controller Jam.Controllers.StoryCreationController (Jam).
2025-11-07 19:22:28.152 +01:00 [INF] Executing ViewResult, running view CreateQuestionScenes.
2025-11-07 19:22:28.166 +01:00 [INF] Executed ViewResult - view CreateQuestionScenes executed in 14.0305ms.
2025-11-07 19:22:28.166 +01:00 [INF] Executed action Jam.Controllers.StoryCreationController.CreateQuestionScenes (Jam) in 15.1506ms
2025-11-07 19:22:28.167 +01:00 [INF] Executed endpoint 'Jam.Controllers.StoryCreationController.CreateQuestionScenes (Jam)'
2025-11-07 19:22:28.167 +01:00 [INF] Request finished HTTP/2 GET https://localhost:7025/StoryCreation/CreateQuestionScenes - 200 null text/html; charset=utf-8 44.8451ms
2025-11-07 19:22:29.224 +01:00 [INF] Request starting HTTP/2 POST https://localhost:7025/StoryCreation/DeleteQuestionInline - application/x-www-form-urlencoded 776
2025-11-07 19:22:29.247 +01:00 [INF] Executing endpoint 'Jam.Controllers.StoryCreationController.DeleteQuestionInline (Jam)'
2025-11-07 19:22:29.250 +01:00 [INF] Route matched with {action = "DeleteQuestionInline", controller = "StoryCreation", page = "", area = ""}. Executing controller action with signature Microsoft.AspNetCore.Mvc.IActionResult DeleteQuestionInline(Jam.ViewModels.StoryCreation.CreateMultipleQuestionScenesViewModel, Int32) on controller Jam.Controllers.StoryCreationController (Jam).
2025-11-07 19:22:29.259 +01:00 [INF] Executing ViewResult, running view CreateQuestionScenes.
2025-11-07 19:22:29.270 +01:00 [INF] Executed ViewResult - view CreateQuestionScenes executed in 10.7647ms.
2025-11-07 19:22:29.317 +01:00 [INF] Executed action Jam.Controllers.StoryCreationController.DeleteQuestionInline (Jam) in 41.8672ms
2025-11-07 19:22:29.341 +01:00 [INF] Executed endpoint 'Jam.Controllers.StoryCreationController.DeleteQuestionInline (Jam)'
2025-11-07 19:22:29.342 +01:00 [INF] Request finished HTTP/2 POST https://localhost:7025/StoryCreation/DeleteQuestionInline - 200 null text/html; charset=utf-8 117.5535ms
