2025-11-06 19:15:52.724 +01:00 [INF] User profile is available. Using '/Users/jaraazad/.aspnet/DataProtection-Keys' as key repository; keys will not be encrypted at rest.
2025-11-06 19:15:53.278 +01:00 [INF] Applying migration '20251024065541_InitialCreate'.
2025-11-06 19:15:53.342 +01:00 [INF] Applying migration '20251101105657_AddIdentitySupport'.
2025-11-06 19:15:53.410 +01:00 [INF] Applying migration '20251103080324_UpdateNextQuestionSceneDeleteBehavior'.
2025-11-06 19:15:55.273 +01:00 [INF] Now listening on: https://localhost:7025
2025-11-06 19:15:55.293 +01:00 [INF] Now listening on: http://localhost:5262
2025-11-06 19:15:55.309 +01:00 [INF] Application started. Press Ctrl+C to shut down.
2025-11-06 19:15:55.311 +01:00 [INF] Hosting environment: Development
2025-11-06 19:15:55.313 +01:00 [INF] Content root path: /Users/jaraazad/Desktop/Jam
2025-11-06 19:15:55.612 +01:00 [INF] Request starting HTTP/2 GET https://localhost:7025/ - null null
2025-11-06 19:15:55.720 +01:00 [INF] Executing endpoint 'Jam.Controllers.HomeController.Index (Jam)'
2025-11-06 19:15:55.731 +01:00 [INF] Route matched with {action = "Index", controller = "Home", page = "", area = ""}. Executing controller action with signature System.Threading.Tasks.Task`1[Microsoft.AspNetCore.Mvc.IActionResult] Index() on controller Jam.Controllers.HomeController (Jam).
2025-11-06 19:15:55.751 +01:00 [WRN] [HomeController -> Index] Auth cookie invalid or user no longer exists. Redirecting to login.
2025-11-06 19:15:55.755 +01:00 [INF] AuthenticationScheme: Identity.Application signed out.
2025-11-06 19:15:55.757 +01:00 [INF] AuthenticationScheme: Identity.External signed out.
2025-11-06 19:15:55.758 +01:00 [INF] AuthenticationScheme: Identity.TwoFactorUserId signed out.
2025-11-06 19:15:55.759 +01:00 [INF] Executing LocalRedirectResult, redirecting to /Identity/Account/Login.
2025-11-06 19:15:55.762 +01:00 [INF] Executed action Jam.Controllers.HomeController.Index (Jam) in 28.3881ms
2025-11-06 19:15:55.763 +01:00 [INF] Executed endpoint 'Jam.Controllers.HomeController.Index (Jam)'
2025-11-06 19:15:55.767 +01:00 [INF] Request finished HTTP/2 GET https://localhost:7025/ - 302 0 null 157.6485ms
2025-11-06 19:15:55.820 +01:00 [INF] Request starting HTTP/2 GET https://localhost:7025/Identity/Account/Login - null null
2025-11-06 19:15:55.828 +01:00 [INF] Executing endpoint '/Account/Login'
2025-11-06 19:15:55.865 +01:00 [INF] Route matched with {page = "/Account/Login", area = "Identity", action = "", controller = ""}. Executing page /Account/Login
2025-11-06 19:15:55.888 +01:00 [INF] Executing handler method Jam.Areas.Identity.Pages.Account.LoginModel.OnGetAsync - ModelState is "Valid"
2025-11-06 19:15:55.889 +01:00 [INF] AuthenticationScheme: Identity.External signed out.
2025-11-06 19:15:55.890 +01:00 [INF] Executed handler method OnGetAsync, returned result .
2025-11-06 19:15:55.891 +01:00 [INF] Executing an implicit handler method - ModelState is "Valid"
2025-11-06 19:15:55.892 +01:00 [INF] Executed an implicit handler method, returned result Microsoft.AspNetCore.Mvc.RazorPages.PageResult.
2025-11-06 19:15:55.983 +01:00 [INF] Executed page /Account/Login in 116.5498ms
2025-11-06 19:15:55.983 +01:00 [INF] Executed endpoint '/Account/Login'
2025-11-06 19:15:55.985 +01:00 [INF] Request finished HTTP/2 GET https://localhost:7025/Identity/Account/Login - 200 null text/html; charset=utf-8 165.1101ms
2025-11-06 19:15:56.197 +01:00 [INF] Request starting HTTP/2 GET https://localhost:7025/lib/jquery-validation/dist/jquery.validate.min.js - null null
2025-11-06 19:15:56.198 +01:00 [INF] Request starting HTTP/2 GET https://localhost:7025/lib/jquery-validation-unobtrusive/jquery.validate.unobtrusive.min.js - null null
2025-11-06 19:15:56.200 +01:00 [INF] Request finished HTTP/2 GET https://localhost:7025/lib/jquery-validation-unobtrusive/jquery.validate.unobtrusive.min.js - 404 0 null 3.3665ms
2025-11-06 19:15:56.200 +01:00 [INF] Request finished HTTP/2 GET https://localhost:7025/lib/jquery-validation/dist/jquery.validate.min.js - 404 0 null 19.6825ms
2025-11-06 19:15:56.201 +01:00 [INF] Request reached the end of the middleware pipeline without being handled by application code. Request path: GET https://localhost:7025/lib/jquery-validation-unobtrusive/jquery.validate.unobtrusive.min.js, Response status code: 404
2025-11-06 19:15:56.201 +01:00 [INF] Request reached the end of the middleware pipeline without being handled by application code. Request path: GET https://localhost:7025/lib/jquery-validation/dist/jquery.validate.min.js, Response status code: 404
2025-11-06 19:15:57.647 +01:00 [INF] Request starting HTTP/2 POST https://localhost:7025/Identity/Account/Login - application/x-www-form-urlencoded 236
2025-11-06 19:15:57.680 +01:00 [INF] Executing endpoint '/Account/Login'
2025-11-06 19:15:57.682 +01:00 [INF] Route matched with {page = "/Account/Login", area = "Identity", action = "", controller = ""}. Executing page /Account/Login
2025-11-06 19:15:57.714 +01:00 [INF] Executing handler method Jam.Areas.Identity.Pages.Account.LoginModel.OnPostAsync - ModelState is "Valid"
2025-11-06 19:15:57.839 +01:00 [INF] AuthenticationScheme: Identity.Application signed in.
2025-11-06 19:15:57.840 +01:00 [INF] User logged in.
2025-11-06 19:15:57.841 +01:00 [INF] Executed handler method OnPostAsync, returned result Microsoft.AspNetCore.Mvc.LocalRedirectResult.
2025-11-06 19:15:57.841 +01:00 [INF] Executing LocalRedirectResult, redirecting to /.
2025-11-06 19:15:57.842 +01:00 [INF] Executed page /Account/Login in 159.413ms
2025-11-06 19:15:57.842 +01:00 [INF] Executed endpoint '/Account/Login'
2025-11-06 19:15:57.842 +01:00 [INF] Request finished HTTP/2 POST https://localhost:7025/Identity/Account/Login - 302 0 null 196.5763ms
2025-11-06 19:15:57.850 +01:00 [INF] Request starting HTTP/2 GET https://localhost:7025/ - null null
2025-11-06 19:15:57.853 +01:00 [INF] Executing endpoint 'Jam.Controllers.HomeController.Index (Jam)'
2025-11-06 19:15:57.854 +01:00 [INF] Route matched with {action = "Index", controller = "Home", page = "", area = ""}. Executing controller action with signature System.Threading.Tasks.Task`1[Microsoft.AspNetCore.Mvc.IActionResult] Index() on controller Jam.Controllers.HomeController (Jam).
2025-11-06 19:15:57.997 +01:00 [INF] Executing ViewResult, running view Index.
2025-11-06 19:15:58.063 +01:00 [INF] Executed ViewResult - view Index executed in 42.357ms.
2025-11-06 19:15:58.069 +01:00 [INF] Executed action Jam.Controllers.HomeController.Index (Jam) in 214.2655ms
2025-11-06 19:15:58.069 +01:00 [INF] Executed endpoint 'Jam.Controllers.HomeController.Index (Jam)'
2025-11-06 19:15:58.069 +01:00 [INF] Request finished HTTP/2 GET https://localhost:7025/ - 200 null text/html; charset=utf-8 219.3535ms
