2025-11-07 20:40:57.892 +01:00 [INF] User profile is available. Using '/Users/jaraazad/.aspnet/DataProtection-Keys' as key repository; keys will not be encrypted at rest.
2025-11-07 20:40:58.314 +01:00 [INF] Applying migration '20251024065541_InitialCreate'.
2025-11-07 20:40:58.379 +01:00 [INF] Applying migration '20251101105657_AddIdentitySupport'.
2025-11-07 20:40:58.506 +01:00 [INF] Applying migration '20251103080324_UpdateNextQuestionSceneDeleteBehavior'.
2025-11-07 20:40:59.537 +01:00 [INF] Now listening on: https://localhost:7025
2025-11-07 20:40:59.538 +01:00 [INF] Now listening on: http://localhost:5262
2025-11-07 20:40:59.542 +01:00 [INF] Application started. Press Ctrl+C to shut down.
2025-11-07 20:40:59.543 +01:00 [INF] Hosting environment: Development
2025-11-07 20:40:59.543 +01:00 [INF] Content root path: /Users/jaraazad/Desktop/Jam
2025-11-07 20:40:59.985 +01:00 [INF] Request starting HTTP/2 GET https://localhost:7025/ - null null
2025-11-07 20:41:00.093 +01:00 [INF] Executing endpoint 'Jam.Controllers.HomeController.Index (Jam)'
2025-11-07 20:41:00.102 +01:00 [INF] Route matched with {action = "Index", controller = "Home", page = "", area = ""}. Executing controller action with signature System.Threading.Tasks.Task`1[Microsoft.AspNetCore.Mvc.IActionResult] Index() on controller Jam.Controllers.HomeController (Jam).
2025-11-07 20:41:00.119 +01:00 [WRN] [HomeController -> Index] Auth cookie invalid or user no longer exists. Redirecting to login.
2025-11-07 20:41:00.123 +01:00 [INF] AuthenticationScheme: Identity.Application signed out.
2025-11-07 20:41:00.125 +01:00 [INF] AuthenticationScheme: Identity.External signed out.
2025-11-07 20:41:00.125 +01:00 [INF] AuthenticationScheme: Identity.TwoFactorUserId signed out.
2025-11-07 20:41:00.127 +01:00 [INF] Executing LocalRedirectResult, redirecting to /Identity/Account/Login.
2025-11-07 20:41:00.129 +01:00 [INF] Executed action Jam.Controllers.HomeController.Index (Jam) in 25.3383ms
2025-11-07 20:41:00.130 +01:00 [INF] Executed endpoint 'Jam.Controllers.HomeController.Index (Jam)'
2025-11-07 20:41:00.135 +01:00 [INF] Request finished HTTP/2 GET https://localhost:7025/ - 302 0 null 177.5227ms
2025-11-07 20:41:00.140 +01:00 [INF] Request starting HTTP/2 GET https://localhost:7025/Identity/Account/Login - null null
2025-11-07 20:41:00.169 +01:00 [INF] Executing endpoint '/Account/Login'
2025-11-07 20:41:00.181 +01:00 [INF] Route matched with {page = "/Account/Login", area = "Identity", action = "", controller = ""}. Executing page /Account/Login
2025-11-07 20:41:00.189 +01:00 [INF] Executing handler method Jam.Areas.Identity.Pages.Account.LoginModel.OnGetAsync - ModelState is "Valid"
2025-11-07 20:41:00.190 +01:00 [INF] AuthenticationScheme: Identity.External signed out.
2025-11-07 20:41:00.190 +01:00 [INF] Executed handler method OnGetAsync, returned result .
2025-11-07 20:41:00.192 +01:00 [INF] Executing an implicit handler method - ModelState is "Valid"
2025-11-07 20:41:00.192 +01:00 [INF] Executed an implicit handler method, returned result Microsoft.AspNetCore.Mvc.RazorPages.PageResult.
2025-11-07 20:41:00.245 +01:00 [INF] Executed page /Account/Login in 64.0266ms
2025-11-07 20:41:00.245 +01:00 [INF] Executed endpoint '/Account/Login'
2025-11-07 20:41:00.286 +01:00 [INF] Request starting HTTP/2 GET https://localhost:7025/lib/jquery-validation-unobtrusive/jquery.validate.unobtrusive.min.js - null null
2025-11-07 20:41:00.286 +01:00 [INF] Request starting HTTP/2 GET https://localhost:7025/lib/jquery-validation/dist/jquery.validate.min.js - null null
2025-11-07 20:41:00.289 +01:00 [INF] Request finished HTTP/2 GET https://localhost:7025/Identity/Account/Login - 200 null text/html; charset=utf-8 148.4145ms
2025-11-07 20:41:00.294 +01:00 [INF] Request finished HTTP/2 GET https://localhost:7025/lib/jquery-validation/dist/jquery.validate.min.js - 404 0 null 8.468ms
2025-11-07 20:41:00.294 +01:00 [INF] Request finished HTTP/2 GET https://localhost:7025/lib/jquery-validation-unobtrusive/jquery.validate.unobtrusive.min.js - 404 0 null 8.5443ms
2025-11-07 20:41:00.295 +01:00 [INF] Request reached the end of the middleware pipeline without being handled by application code. Request path: GET https://localhost:7025/lib/jquery-validation/dist/jquery.validate.min.js, Response status code: 404
2025-11-07 20:41:00.295 +01:00 [INF] Request reached the end of the middleware pipeline without being handled by application code. Request path: GET https://localhost:7025/lib/jquery-validation-unobtrusive/jquery.validate.unobtrusive.min.js, Response status code: 404
2025-11-07 20:41:00.923 +01:00 [INF] Request starting HTTP/2 POST https://localhost:7025/Identity/Account/Login - application/x-www-form-urlencoded 236
2025-11-07 20:41:00.927 +01:00 [INF] Executing endpoint '/Account/Login'
2025-11-07 20:41:00.928 +01:00 [INF] Route matched with {page = "/Account/Login", area = "Identity", action = "", controller = ""}. Executing page /Account/Login
2025-11-07 20:41:00.941 +01:00 [INF] Executing handler method Jam.Areas.Identity.Pages.Account.LoginModel.OnPostAsync - ModelState is "Valid"
2025-11-07 20:41:01.048 +01:00 [INF] AuthenticationScheme: Identity.Application signed in.
2025-11-07 20:41:01.049 +01:00 [INF] User logged in.
2025-11-07 20:41:01.049 +01:00 [INF] Executed handler method OnPostAsync, returned result Microsoft.AspNetCore.Mvc.LocalRedirectResult.
2025-11-07 20:41:01.049 +01:00 [INF] Executing LocalRedirectResult, redirecting to /.
2025-11-07 20:41:01.050 +01:00 [INF] Executed page /Account/Login in 121.8229ms
2025-11-07 20:41:01.050 +01:00 [INF] Executed endpoint '/Account/Login'
2025-11-07 20:41:01.050 +01:00 [INF] Request finished HTTP/2 POST https://localhost:7025/Identity/Account/Login - 302 0 null 126.3485ms
2025-11-07 20:41:01.074 +01:00 [INF] Request starting HTTP/2 GET https://localhost:7025/ - null null
2025-11-07 20:41:01.076 +01:00 [INF] Executing endpoint 'Jam.Controllers.HomeController.Index (Jam)'
2025-11-07 20:41:01.076 +01:00 [INF] Route matched with {action = "Index", controller = "Home", page = "", area = ""}. Executing controller action with signature System.Threading.Tasks.Task`1[Microsoft.AspNetCore.Mvc.IActionResult] Index() on controller Jam.Controllers.HomeController (Jam).
2025-11-07 20:41:01.124 +01:00 [INF] Executing ViewResult, running view Index.
2025-11-07 20:41:01.139 +01:00 [INF] Executed ViewResult - view Index executed in 15.911ms.
2025-11-07 20:41:01.140 +01:00 [INF] Executed action Jam.Controllers.HomeController.Index (Jam) in 63.4985ms
2025-11-07 20:41:01.140 +01:00 [INF] Executed endpoint 'Jam.Controllers.HomeController.Index (Jam)'
2025-11-07 20:41:01.140 +01:00 [INF] Request finished HTTP/2 GET https://localhost:7025/ - 200 null text/html; charset=utf-8 65.953ms
2025-11-07 20:41:02.281 +01:00 [INF] Request starting HTTP/2 GET https://localhost:7025/StoryEditing/EditStory?storyId=1 - null null
2025-11-07 20:41:02.312 +01:00 [INF] Executing endpoint 'Jam.Controllers.StoryEditingController.EditStory (Jam)'
2025-11-07 20:41:02.320 +01:00 [INF] Route matched with {action = "EditStory", controller = "StoryEditing", page = "", area = ""}. Executing controller action with signature System.Threading.Tasks.Task`1[Microsoft.AspNetCore.Mvc.IActionResult] EditStory(Int32) on controller Jam.Controllers.StoryEditingController (Jam).
2025-11-07 20:41:02.339 +01:00 [INF] Executing ViewResult, running view EditStory.
2025-11-07 20:41:02.396 +01:00 [INF] Executed ViewResult - view EditStory executed in 57.0605ms.
2025-11-07 20:41:02.396 +01:00 [INF] Executed action Jam.Controllers.StoryEditingController.EditStory (Jam) in 76.5908ms
2025-11-07 20:41:02.396 +01:00 [INF] Executed endpoint 'Jam.Controllers.StoryEditingController.EditStory (Jam)'
2025-11-07 20:41:02.397 +01:00 [INF] Request finished HTTP/2 GET https://localhost:7025/StoryEditing/EditStory?storyId=1 - 200 null text/html; charset=utf-8 116.0634ms
2025-11-07 20:41:03.111 +01:00 [INF] Request starting HTTP/2 GET https://localhost:7025/StoryEditing/EditQuestionScenes?storyId=1 - null null
2025-11-07 20:41:03.115 +01:00 [INF] Executing endpoint 'Jam.Controllers.StoryEditingController.EditQuestionScenes (Jam)'
2025-11-07 20:41:03.120 +01:00 [INF] Route matched with {action = "EditQuestionScenes", controller = "StoryEditing", page = "", area = ""}. Executing controller action with signature System.Threading.Tasks.Task`1[Microsoft.AspNetCore.Mvc.IActionResult] EditQuestionScenes(Int32) on controller Jam.Controllers.StoryEditingController (Jam).
2025-11-07 20:41:03.212 +01:00 [INF] Executing ViewResult, running view EditQuestionScenes.
2025-11-07 20:41:03.282 +01:00 [INF] Executed ViewResult - view EditQuestionScenes executed in 69.6173ms.
2025-11-07 20:41:03.282 +01:00 [INF] Executed action Jam.Controllers.StoryEditingController.EditQuestionScenes (Jam) in 161.9524ms
2025-11-07 20:41:03.282 +01:00 [INF] Executed endpoint 'Jam.Controllers.StoryEditingController.EditQuestionScenes (Jam)'
2025-11-07 20:41:03.282 +01:00 [INF] Request finished HTTP/2 GET https://localhost:7025/StoryEditing/EditQuestionScenes?storyId=1 - 200 null text/html; charset=utf-8 171.0001ms
2025-11-07 20:41:05.939 +01:00 [INF] Request starting HTTP/2 POST https://localhost:7025/StoryEditing/DeleteQuestion - application/x-www-form-urlencoded 253
2025-11-07 20:41:05.940 +01:00 [INF] Executing endpoint 'Jam.Controllers.StoryEditingController.DeleteQuestionConfirmed (Jam)'
2025-11-07 20:41:05.944 +01:00 [INF] Route matched with {action = "DeleteQuestion", controller = "StoryEditing", page = "", area = ""}. Executing controller action with signature System.Threading.Tasks.Task`1[Microsoft.AspNetCore.Mvc.IActionResult] DeleteQuestionConfirmed(Int32, Int32) on controller Jam.Controllers.StoryEditingController (Jam).
2025-11-07 20:41:05.948 +01:00 [WRN] [SceneRepository -> DeleteQuestionScene] Invalid QuestionSceneId 0
2025-11-07 20:41:05.949 +01:00 [INF] Executing RedirectResult, redirecting to /StoryEditing/EditQuestionScenes?storyId=0.
2025-11-07 20:41:05.949 +01:00 [INF] Executed action Jam.Controllers.StoryEditingController.DeleteQuestionConfirmed (Jam) in 4.9638ms
2025-11-07 20:41:05.949 +01:00 [INF] Executed endpoint 'Jam.Controllers.StoryEditingController.DeleteQuestionConfirmed (Jam)'
2025-11-07 20:41:05.949 +01:00 [INF] Request finished HTTP/2 POST https://localhost:7025/StoryEditing/DeleteQuestion - 302 0 null 10.593ms
2025-11-07 20:41:05.954 +01:00 [INF] Request starting HTTP/2 GET https://localhost:7025/StoryEditing/EditQuestionScenes?storyId=0 - null null
2025-11-07 20:41:05.954 +01:00 [INF] Executing endpoint 'Jam.Controllers.StoryEditingController.EditQuestionScenes (Jam)'
2025-11-07 20:41:05.954 +01:00 [INF] Route matched with {action = "EditQuestionScenes", controller = "StoryEditing", page = "", area = ""}. Executing controller action with signature System.Threading.Tasks.Task`1[Microsoft.AspNetCore.Mvc.IActionResult] EditQuestionScenes(Int32) on controller Jam.Controllers.StoryEditingController (Jam).
2025-11-07 20:41:05.955 +01:00 [WRN] [SceneRepository -> GetQuestionScenesByStoryId] Invalid storyId provided: 0
2025-11-07 20:41:05.956 +01:00 [INF] Executing RedirectResult, redirecting to /StoryEditing/EditStory?storyId=0.
2025-11-07 20:41:05.956 +01:00 [INF] Executed action Jam.Controllers.StoryEditingController.EditQuestionScenes (Jam) in 1.2426ms
2025-11-07 20:41:05.956 +01:00 [INF] Executed endpoint 'Jam.Controllers.StoryEditingController.EditQuestionScenes (Jam)'
2025-11-07 20:41:05.956 +01:00 [INF] Request finished HTTP/2 GET https://localhost:7025/StoryEditing/EditQuestionScenes?storyId=0 - 302 0 null 2.1595ms
2025-11-07 20:41:06.009 +01:00 [INF] Request starting HTTP/2 GET https://localhost:7025/StoryEditing/EditStory?storyId=0 - null null
2025-11-07 20:41:06.036 +01:00 [INF] Executing endpoint 'Jam.Controllers.StoryEditingController.EditStory (Jam)'
2025-11-07 20:41:06.036 +01:00 [INF] Route matched with {action = "EditStory", controller = "StoryEditing", page = "", area = ""}. Executing controller action with signature System.Threading.Tasks.Task`1[Microsoft.AspNetCore.Mvc.IActionResult] EditStory(Int32) on controller Jam.Controllers.StoryEditingController (Jam).
2025-11-07 20:41:06.039 +01:00 [WRN] [StoryRepository -> GetStoryById] Invalid story id 0 provided
2025-11-07 20:41:06.040 +01:00 [WRN] [StoryEditingController -> EditStory:GET] Story not found for storyId=0
2025-11-07 20:41:06.044 +01:00 [INF] Executing ViewResult, running view Error.
2025-11-07 20:41:06.051 +01:00 [INF] Executed ViewResult - view Error executed in 7.6462ms.
2025-11-07 20:41:06.076 +01:00 [INF] Executed action Jam.Controllers.StoryEditingController.EditStory (Jam) in 39.9354ms
2025-11-07 20:41:06.077 +01:00 [INF] Executed endpoint 'Jam.Controllers.StoryEditingController.EditStory (Jam)'
2025-11-07 20:41:06.078 +01:00 [INF] Request finished HTTP/2 GET https://localhost:7025/StoryEditing/EditStory?storyId=0 - 200 null text/html; charset=utf-8 69.753ms
