2025-11-07 14:20:43.312 +01:00 [INF] User profile is available. Using '/Users/jaraazad/.aspnet/DataProtection-Keys' as key repository; keys will not be encrypted at rest.
2025-11-07 14:20:43.788 +01:00 [INF] Applying migration '20251024065541_InitialCreate'.
2025-11-07 14:20:43.839 +01:00 [INF] Applying migration '20251101105657_AddIdentitySupport'.
2025-11-07 14:20:43.902 +01:00 [INF] Applying migration '20251103080324_UpdateNextQuestionSceneDeleteBehavior'.
2025-11-07 14:20:44.870 +01:00 [INF] Now listening on: https://localhost:7025
2025-11-07 14:20:44.870 +01:00 [INF] Now listening on: http://localhost:5262
2025-11-07 14:20:44.897 +01:00 [INF] Application started. Press Ctrl+C to shut down.
2025-11-07 14:20:44.899 +01:00 [INF] Hosting environment: Development
2025-11-07 14:20:44.902 +01:00 [INF] Content root path: /Users/jaraazad/Desktop/Jam
2025-11-07 14:20:45.124 +01:00 [INF] Request starting HTTP/2 GET https://localhost:7025/ - null null
2025-11-07 14:20:45.178 +01:00 [INF] Executing endpoint 'Jam.Controllers.HomeController.Index (Jam)'
2025-11-07 14:20:45.186 +01:00 [INF] Route matched with {action = "Index", controller = "Home", page = "", area = ""}. Executing controller action with signature System.Threading.Tasks.Task`1[Microsoft.AspNetCore.Mvc.IActionResult] Index() on controller Jam.Controllers.HomeController (Jam).
2025-11-07 14:20:45.199 +01:00 [WRN] [HomeController -> Index] Auth cookie invalid or user no longer exists. Redirecting to login.
2025-11-07 14:20:45.202 +01:00 [INF] AuthenticationScheme: Identity.Application signed out.
2025-11-07 14:20:45.203 +01:00 [INF] AuthenticationScheme: Identity.External signed out.
2025-11-07 14:20:45.204 +01:00 [INF] AuthenticationScheme: Identity.TwoFactorUserId signed out.
2025-11-07 14:20:45.205 +01:00 [INF] Executing LocalRedirectResult, redirecting to /Identity/Account/Login.
2025-11-07 14:20:45.209 +01:00 [INF] Executed action Jam.Controllers.HomeController.Index (Jam) in 20.793ms
2025-11-07 14:20:45.210 +01:00 [INF] Executed endpoint 'Jam.Controllers.HomeController.Index (Jam)'
2025-11-07 14:20:45.213 +01:00 [INF] Request finished HTTP/2 GET https://localhost:7025/ - 302 0 null 89.6567ms
2025-11-07 14:20:45.227 +01:00 [INF] Request starting HTTP/2 GET https://localhost:7025/Identity/Account/Login - null null
2025-11-07 14:20:45.229 +01:00 [INF] Executing endpoint '/Account/Login'
2025-11-07 14:20:45.240 +01:00 [INF] Route matched with {page = "/Account/Login", area = "Identity", action = "", controller = ""}. Executing page /Account/Login
2025-11-07 14:20:45.247 +01:00 [INF] Executing handler method Jam.Areas.Identity.Pages.Account.LoginModel.OnGetAsync - ModelState is "Valid"
2025-11-07 14:20:45.248 +01:00 [INF] AuthenticationScheme: Identity.External signed out.
2025-11-07 14:20:45.248 +01:00 [INF] Executed handler method OnGetAsync, returned result .
2025-11-07 14:20:45.249 +01:00 [INF] Executing an implicit handler method - ModelState is "Valid"
2025-11-07 14:20:45.250 +01:00 [INF] Executed an implicit handler method, returned result Microsoft.AspNetCore.Mvc.RazorPages.PageResult.
2025-11-07 14:20:45.329 +01:00 [INF] Executed page /Account/Login in 62.0816ms
2025-11-07 14:20:45.331 +01:00 [INF] Request starting HTTP/2 GET https://localhost:7025/lib/jquery-validation/dist/jquery.validate.min.js - null null
2025-11-07 14:20:45.331 +01:00 [INF] Executed endpoint '/Account/Login'
2025-11-07 14:20:45.339 +01:00 [INF] Request starting HTTP/2 GET https://localhost:7025/lib/jquery-validation-unobtrusive/jquery.validate.unobtrusive.min.js - null null
2025-11-07 14:20:45.350 +01:00 [INF] Request finished HTTP/2 GET https://localhost:7025/lib/jquery-validation/dist/jquery.validate.min.js - 404 0 null 18.7683ms
2025-11-07 14:20:45.350 +01:00 [INF] Request finished HTTP/2 GET https://localhost:7025/lib/jquery-validation-unobtrusive/jquery.validate.unobtrusive.min.js - 404 0 null 10.5597ms
2025-11-07 14:20:45.351 +01:00 [INF] Request reached the end of the middleware pipeline without being handled by application code. Request path: GET https://localhost:7025/lib/jquery-validation-unobtrusive/jquery.validate.unobtrusive.min.js, Response status code: 404
2025-11-07 14:20:45.351 +01:00 [INF] Request reached the end of the middleware pipeline without being handled by application code. Request path: GET https://localhost:7025/lib/jquery-validation/dist/jquery.validate.min.js, Response status code: 404
2025-11-07 14:20:45.353 +01:00 [INF] Request finished HTTP/2 GET https://localhost:7025/Identity/Account/Login - 200 null text/html; charset=utf-8 126.2074ms
2025-11-07 14:20:46.211 +01:00 [INF] Request starting HTTP/2 POST https://localhost:7025/Identity/Account/Login - application/x-www-form-urlencoded 236
2025-11-07 14:20:46.260 +01:00 [INF] Executing endpoint '/Account/Login'
2025-11-07 14:20:46.261 +01:00 [INF] Route matched with {page = "/Account/Login", area = "Identity", action = "", controller = ""}. Executing page /Account/Login
2025-11-07 14:20:46.289 +01:00 [INF] Executing handler method Jam.Areas.Identity.Pages.Account.LoginModel.OnPostAsync - ModelState is "Valid"
2025-11-07 14:20:46.407 +01:00 [INF] AuthenticationScheme: Identity.Application signed in.
2025-11-07 14:20:46.408 +01:00 [INF] User logged in.
2025-11-07 14:20:46.408 +01:00 [INF] Executed handler method OnPostAsync, returned result Microsoft.AspNetCore.Mvc.LocalRedirectResult.
2025-11-07 14:20:46.408 +01:00 [INF] Executing LocalRedirectResult, redirecting to /.
2025-11-07 14:20:46.408 +01:00 [INF] Executed page /Account/Login in 146.8837ms
2025-11-07 14:20:46.408 +01:00 [INF] Executed endpoint '/Account/Login'
2025-11-07 14:20:46.408 +01:00 [INF] Request finished HTTP/2 POST https://localhost:7025/Identity/Account/Login - 302 0 null 197.4853ms
2025-11-07 14:20:46.413 +01:00 [INF] Request starting HTTP/2 GET https://localhost:7025/ - null null
2025-11-07 14:20:46.415 +01:00 [INF] Executing endpoint 'Jam.Controllers.HomeController.Index (Jam)'
2025-11-07 14:20:46.415 +01:00 [INF] Route matched with {action = "Index", controller = "Home", page = "", area = ""}. Executing controller action with signature System.Threading.Tasks.Task`1[Microsoft.AspNetCore.Mvc.IActionResult] Index() on controller Jam.Controllers.HomeController (Jam).
2025-11-07 14:20:46.462 +01:00 [INF] Executing ViewResult, running view Index.
2025-11-07 14:20:46.479 +01:00 [INF] Executed ViewResult - view Index executed in 18.5922ms.
2025-11-07 14:20:46.506 +01:00 [INF] Executed action Jam.Controllers.HomeController.Index (Jam) in 91.1008ms
2025-11-07 14:20:46.506 +01:00 [INF] Executed endpoint 'Jam.Controllers.HomeController.Index (Jam)'
2025-11-07 14:20:46.506 +01:00 [INF] Request finished HTTP/2 GET https://localhost:7025/ - 200 null text/html; charset=utf-8 92.9252ms
2025-11-07 14:20:47.552 +01:00 [INF] Request starting HTTP/2 GET https://localhost:7025/StoryEditing/EditStory?storyId=1 - null null
2025-11-07 14:20:47.559 +01:00 [INF] Executing endpoint 'Jam.Controllers.StoryEditingController.EditStory (Jam)'
2025-11-07 14:20:47.565 +01:00 [INF] Route matched with {action = "EditStory", controller = "StoryEditing", page = "", area = ""}. Executing controller action with signature System.Threading.Tasks.Task`1[Microsoft.AspNetCore.Mvc.IActionResult] EditStory(Int32) on controller Jam.Controllers.StoryEditingController (Jam).
2025-11-07 14:20:47.585 +01:00 [INF] Executing ViewResult, running view EditStory.
2025-11-07 14:20:47.716 +01:00 [INF] Executed ViewResult - view EditStory executed in 131.575ms.
2025-11-07 14:20:47.716 +01:00 [INF] Executed action Jam.Controllers.StoryEditingController.EditStory (Jam) in 151.5944ms
2025-11-07 14:20:47.738 +01:00 [INF] Executed endpoint 'Jam.Controllers.StoryEditingController.EditStory (Jam)'
2025-11-07 14:20:47.784 +01:00 [INF] Request finished HTTP/2 GET https://localhost:7025/StoryEditing/EditStory?storyId=1 - 200 null text/html; charset=utf-8 232.3005ms
2025-11-07 14:20:48.836 +01:00 [INF] Request starting HTTP/2 GET https://localhost:7025/StoryEditing/EditQuestionScenes?storyId=1 - null null
2025-11-07 14:20:48.842 +01:00 [INF] Executing endpoint 'Jam.Controllers.StoryEditingController.EditQuestionScenes (Jam)'
2025-11-07 14:20:48.848 +01:00 [INF] Route matched with {action = "EditQuestionScenes", controller = "StoryEditing", page = "", area = ""}. Executing controller action with signature System.Threading.Tasks.Task`1[Microsoft.AspNetCore.Mvc.IActionResult] EditQuestionScenes(Int32) on controller Jam.Controllers.StoryEditingController (Jam).
2025-11-07 14:20:48.924 +01:00 [INF] Executing ViewResult, running view EditQuestionScenes.
2025-11-07 14:20:49.005 +01:00 [INF] Executed ViewResult - view EditQuestionScenes executed in 81.2224ms.
2025-11-07 14:20:49.009 +01:00 [INF] Executed action Jam.Controllers.StoryEditingController.EditQuestionScenes (Jam) in 160.4241ms
2025-11-07 14:20:49.009 +01:00 [INF] Executed endpoint 'Jam.Controllers.StoryEditingController.EditQuestionScenes (Jam)'
2025-11-07 14:20:49.010 +01:00 [INF] Request finished HTTP/2 GET https://localhost:7025/StoryEditing/EditQuestionScenes?storyId=1 - 200 null text/html; charset=utf-8 173.9891ms
2025-11-07 14:20:50.846 +01:00 [INF] Request starting HTTP/2 POST https://localhost:7025/StoryEditing/DeleteQuestion?storyId=1&questionSceneId=2 - application/x-www-form-urlencoded 6488
2025-11-07 14:20:50.853 +01:00 [INF] Executing endpoint 'Jam.Controllers.StoryEditingController.DeleteQuestion (Jam)'
2025-11-07 14:20:50.860 +01:00 [INF] Route matched with {action = "DeleteQuestion", controller = "StoryEditing", page = "", area = ""}. Executing controller action with signature System.Threading.Tasks.Task`1[Microsoft.AspNetCore.Mvc.IActionResult] DeleteQuestion(Int32, Int32) on controller Jam.Controllers.StoryEditingController (Jam).
2025-11-07 14:20:50.872 +01:00 [INF] 🟢 DeleteQuestion CALLED: storyId=1, questionSceneId=2
2025-11-07 14:20:50.904 +01:00 [INF] [SceneRepository -> DeleteQuestionScene] Deleted scene 2, linked previous=null → next=1
2025-11-07 14:20:50.915 +01:00 [WRN] [SceneRepository -> DeleteQuestionScene] Scene not found with id 2
2025-11-07 14:20:50.917 +01:00 [INF] Executing RedirectResult, redirecting to /StoryEditing/EditQuestionScenes?storyId=1.
2025-11-07 14:20:50.917 +01:00 [INF] Executed action Jam.Controllers.StoryEditingController.DeleteQuestion (Jam) in 57.2112ms
2025-11-07 14:20:50.918 +01:00 [INF] Executed endpoint 'Jam.Controllers.StoryEditingController.DeleteQuestion (Jam)'
2025-11-07 14:20:50.918 +01:00 [INF] Request finished HTTP/2 POST https://localhost:7025/StoryEditing/DeleteQuestion?storyId=1&questionSceneId=2 - 302 0 null 119.5024ms
2025-11-07 14:20:50.946 +01:00 [INF] Request starting HTTP/2 GET https://localhost:7025/StoryEditing/EditQuestionScenes?storyId=1 - null null
2025-11-07 14:20:50.947 +01:00 [INF] Executing endpoint 'Jam.Controllers.StoryEditingController.EditQuestionScenes (Jam)'
2025-11-07 14:20:50.947 +01:00 [INF] Route matched with {action = "EditQuestionScenes", controller = "StoryEditing", page = "", area = ""}. Executing controller action with signature System.Threading.Tasks.Task`1[Microsoft.AspNetCore.Mvc.IActionResult] EditQuestionScenes(Int32) on controller Jam.Controllers.StoryEditingController (Jam).
2025-11-07 14:20:50.951 +01:00 [INF] Executing ViewResult, running view EditQuestionScenes.
2025-11-07 14:20:51.153 +01:00 [INF] Executed ViewResult - view EditQuestionScenes executed in 202.7564ms.
2025-11-07 14:20:51.154 +01:00 [INF] Executed action Jam.Controllers.StoryEditingController.EditQuestionScenes (Jam) in 206.8828ms
2025-11-07 14:20:51.154 +01:00 [INF] Executed endpoint 'Jam.Controllers.StoryEditingController.EditQuestionScenes (Jam)'
2025-11-07 14:20:51.154 +01:00 [INF] Request finished HTTP/2 GET https://localhost:7025/StoryEditing/EditQuestionScenes?storyId=1 - 200 null text/html; charset=utf-8 208.1898ms
2025-11-07 14:20:52.957 +01:00 [INF] Request starting HTTP/2 POST https://localhost:7025/StoryEditing/EditQuestionScenes?storyId=1 - application/x-www-form-urlencoded 5171
2025-11-07 14:20:52.958 +01:00 [INF] Executing endpoint 'Jam.Controllers.StoryEditingController.EditQuestionScenes (Jam)'
2025-11-07 14:20:52.967 +01:00 [INF] Route matched with {action = "EditQuestionScenes", controller = "StoryEditing", page = "", area = ""}. Executing controller action with signature System.Threading.Tasks.Task`1[Microsoft.AspNetCore.Mvc.IActionResult] EditQuestionScenes(System.Collections.Generic.List`1[Jam.ViewModels.QuestionSceneBaseViewModel]) on controller Jam.Controllers.StoryEditingController (Jam).
2025-11-07 14:20:52.991 +01:00 [INF] Executing RedirectResult, redirecting to /StoryEditing/EditStory?storyId=1.
2025-11-07 14:20:52.992 +01:00 [INF] Executed action Jam.Controllers.StoryEditingController.EditQuestionScenes (Jam) in 24.9944ms
2025-11-07 14:20:52.992 +01:00 [INF] Executed endpoint 'Jam.Controllers.StoryEditingController.EditQuestionScenes (Jam)'
2025-11-07 14:20:52.992 +01:00 [INF] Request finished HTTP/2 POST https://localhost:7025/StoryEditing/EditQuestionScenes?storyId=1 - 302 0 null 35.1887ms
2025-11-07 14:20:53.020 +01:00 [INF] Request starting HTTP/2 GET https://localhost:7025/StoryEditing/EditStory?storyId=1 - null null
2025-11-07 14:20:53.021 +01:00 [INF] Executing endpoint 'Jam.Controllers.StoryEditingController.EditStory (Jam)'
2025-11-07 14:20:53.021 +01:00 [INF] Route matched with {action = "EditStory", controller = "StoryEditing", page = "", area = ""}. Executing controller action with signature System.Threading.Tasks.Task`1[Microsoft.AspNetCore.Mvc.IActionResult] EditStory(Int32) on controller Jam.Controllers.StoryEditingController (Jam).
2025-11-07 14:20:53.022 +01:00 [INF] Executing ViewResult, running view EditStory.
2025-11-07 14:20:53.071 +01:00 [INF] Executed ViewResult - view EditStory executed in 48.7973ms.
2025-11-07 14:20:53.073 +01:00 [INF] Executed action Jam.Controllers.StoryEditingController.EditStory (Jam) in 52.09ms
2025-11-07 14:20:53.073 +01:00 [INF] Executed endpoint 'Jam.Controllers.StoryEditingController.EditStory (Jam)'
2025-11-07 14:20:53.073 +01:00 [INF] Request finished HTTP/2 GET https://localhost:7025/StoryEditing/EditStory?storyId=1 - 200 null text/html; charset=utf-8 52.9727ms
2025-11-07 14:20:54.345 +01:00 [INF] Request starting HTTP/2 GET https://localhost:7025/StoryEditing/EditQuestionScenes?storyId=1 - null null
2025-11-07 14:20:54.348 +01:00 [INF] Executing endpoint 'Jam.Controllers.StoryEditingController.EditQuestionScenes (Jam)'
2025-11-07 14:20:54.348 +01:00 [INF] Route matched with {action = "EditQuestionScenes", controller = "StoryEditing", page = "", area = ""}. Executing controller action with signature System.Threading.Tasks.Task`1[Microsoft.AspNetCore.Mvc.IActionResult] EditQuestionScenes(Int32) on controller Jam.Controllers.StoryEditingController (Jam).
2025-11-07 14:20:54.358 +01:00 [INF] Executing ViewResult, running view EditQuestionScenes.
2025-11-07 14:20:54.374 +01:00 [INF] Executed ViewResult - view EditQuestionScenes executed in 16.4214ms.
2025-11-07 14:20:54.375 +01:00 [INF] Executed action Jam.Controllers.StoryEditingController.EditQuestionScenes (Jam) in 26.4721ms
2025-11-07 14:20:54.375 +01:00 [INF] Executed endpoint 'Jam.Controllers.StoryEditingController.EditQuestionScenes (Jam)'
2025-11-07 14:20:54.375 +01:00 [INF] Request finished HTTP/2 GET https://localhost:7025/StoryEditing/EditQuestionScenes?storyId=1 - 200 null text/html; charset=utf-8 30.5508ms
2025-11-07 14:21:00.161 +01:00 [INF] Request starting HTTP/2 GET https://localhost:7025/StoryEditing/EditQuestionScenes?storyId=1 - null null
2025-11-07 14:21:00.189 +01:00 [INF] Executing endpoint 'Jam.Controllers.StoryEditingController.EditQuestionScenes (Jam)'
2025-11-07 14:21:00.189 +01:00 [INF] Route matched with {action = "EditQuestionScenes", controller = "StoryEditing", page = "", area = ""}. Executing controller action with signature System.Threading.Tasks.Task`1[Microsoft.AspNetCore.Mvc.IActionResult] EditQuestionScenes(Int32) on controller Jam.Controllers.StoryEditingController (Jam).
2025-11-07 14:21:00.199 +01:00 [INF] Executing ViewResult, running view EditQuestionScenes.
2025-11-07 14:21:00.288 +01:00 [INF] Executed ViewResult - view EditQuestionScenes executed in 64.066ms.
2025-11-07 14:21:00.334 +01:00 [INF] Executed action Jam.Controllers.StoryEditingController.EditQuestionScenes (Jam) in 144.7043ms
2025-11-07 14:21:00.385 +01:00 [INF] Executed endpoint 'Jam.Controllers.StoryEditingController.EditQuestionScenes (Jam)'
2025-11-07 14:21:00.386 +01:00 [INF] Request finished HTTP/2 GET https://localhost:7025/StoryEditing/EditQuestionScenes?storyId=1 - 200 null text/html; charset=utf-8 250.303ms
2025-11-07 14:21:01.088 +01:00 [INF] Request starting HTTP/2 GET https://localhost:7025/StoryEditing/EditQuestionScenes?storyId=1 - null null
2025-11-07 14:21:01.091 +01:00 [INF] Executing endpoint 'Jam.Controllers.StoryEditingController.EditQuestionScenes (Jam)'
2025-11-07 14:21:01.091 +01:00 [INF] Route matched with {action = "EditQuestionScenes", controller = "StoryEditing", page = "", area = ""}. Executing controller action with signature System.Threading.Tasks.Task`1[Microsoft.AspNetCore.Mvc.IActionResult] EditQuestionScenes(Int32) on controller Jam.Controllers.StoryEditingController (Jam).
2025-11-07 14:21:01.101 +01:00 [INF] Executing ViewResult, running view EditQuestionScenes.
2025-11-07 14:21:01.157 +01:00 [INF] Executed ViewResult - view EditQuestionScenes executed in 55.9243ms.
2025-11-07 14:21:01.202 +01:00 [INF] Executed action Jam.Controllers.StoryEditingController.EditQuestionScenes (Jam) in 111.4205ms
2025-11-07 14:21:01.228 +01:00 [INF] Executed endpoint 'Jam.Controllers.StoryEditingController.EditQuestionScenes (Jam)'
2025-11-07 14:21:01.254 +01:00 [INF] Request finished HTTP/2 GET https://localhost:7025/StoryEditing/EditQuestionScenes?storyId=1 - 200 null text/html; charset=utf-8 165.6094ms
2025-11-07 14:21:01.610 +01:00 [INF] Request starting HTTP/2 GET https://localhost:7025/StoryEditing/EditStory?storyId=1 - null null
2025-11-07 14:21:01.614 +01:00 [INF] Executing endpoint 'Jam.Controllers.StoryEditingController.EditStory (Jam)'
2025-11-07 14:21:01.614 +01:00 [INF] Route matched with {action = "EditStory", controller = "StoryEditing", page = "", area = ""}. Executing controller action with signature System.Threading.Tasks.Task`1[Microsoft.AspNetCore.Mvc.IActionResult] EditStory(Int32) on controller Jam.Controllers.StoryEditingController (Jam).
2025-11-07 14:21:01.618 +01:00 [INF] Executing ViewResult, running view EditStory.
2025-11-07 14:21:01.673 +01:00 [INF] Executed ViewResult - view EditStory executed in 54.7862ms.
2025-11-07 14:21:01.676 +01:00 [INF] Executed action Jam.Controllers.StoryEditingController.EditStory (Jam) in 61.3022ms
2025-11-07 14:21:01.676 +01:00 [INF] Executed endpoint 'Jam.Controllers.StoryEditingController.EditStory (Jam)'
2025-11-07 14:21:01.677 +01:00 [INF] Request finished HTTP/2 GET https://localhost:7025/StoryEditing/EditStory?storyId=1 - 200 null text/html; charset=utf-8 67.3903ms
2025-11-07 14:21:02.120 +01:00 [INF] Request starting HTTP/2 GET https://localhost:7025/ - null null
2025-11-07 14:21:02.122 +01:00 [INF] Executing endpoint 'Jam.Controllers.HomeController.Index (Jam)'
2025-11-07 14:21:02.122 +01:00 [INF] Route matched with {action = "Index", controller = "Home", page = "", area = ""}. Executing controller action with signature System.Threading.Tasks.Task`1[Microsoft.AspNetCore.Mvc.IActionResult] Index() on controller Jam.Controllers.HomeController (Jam).
2025-11-07 14:21:02.136 +01:00 [INF] Executing ViewResult, running view Index.
2025-11-07 14:21:02.140 +01:00 [INF] Executed ViewResult - view Index executed in 4.1691ms.
2025-11-07 14:21:02.163 +01:00 [INF] Executed action Jam.Controllers.HomeController.Index (Jam) in 40.3459ms
2025-11-07 14:21:02.165 +01:00 [INF] Executed endpoint 'Jam.Controllers.HomeController.Index (Jam)'
2025-11-07 14:21:02.166 +01:00 [INF] Request finished HTTP/2 GET https://localhost:7025/ - 200 null text/html; charset=utf-8 45.3403ms
2025-11-07 14:21:04.393 +01:00 [INF] Request starting HTTP/2 GET https://localhost:7025/StoryEditing/EditStory?storyId=1 - null null
2025-11-07 14:21:04.394 +01:00 [INF] Executing endpoint 'Jam.Controllers.StoryEditingController.EditStory (Jam)'
2025-11-07 14:21:04.394 +01:00 [INF] Route matched with {action = "EditStory", controller = "StoryEditing", page = "", area = ""}. Executing controller action with signature System.Threading.Tasks.Task`1[Microsoft.AspNetCore.Mvc.IActionResult] EditStory(Int32) on controller Jam.Controllers.StoryEditingController (Jam).
2025-11-07 14:21:04.401 +01:00 [INF] Executing ViewResult, running view EditStory.
2025-11-07 14:21:04.503 +01:00 [INF] Executed ViewResult - view EditStory executed in 102.3443ms.
2025-11-07 14:21:04.503 +01:00 [INF] Executed action Jam.Controllers.StoryEditingController.EditStory (Jam) in 108.986ms
2025-11-07 14:21:04.504 +01:00 [INF] Executed endpoint 'Jam.Controllers.StoryEditingController.EditStory (Jam)'
2025-11-07 14:21:04.504 +01:00 [INF] Request finished HTTP/2 GET https://localhost:7025/StoryEditing/EditStory?storyId=1 - 200 null text/html; charset=utf-8 111.0139ms
2025-11-07 14:21:06.257 +01:00 [INF] Request starting HTTP/2 GET https://localhost:7025/StoryCreation/CreateStoryAndIntro - null null
2025-11-07 14:21:06.307 +01:00 [INF] Executing endpoint 'Jam.Controllers.StoryCreationController.CreateStoryAndIntro (Jam)'
2025-11-07 14:21:06.311 +01:00 [INF] Route matched with {action = "CreateStoryAndIntro", controller = "StoryCreation", page = "", area = ""}. Executing controller action with signature Microsoft.AspNetCore.Mvc.IActionResult CreateStoryAndIntro() on controller Jam.Controllers.StoryCreationController (Jam).
2025-11-07 14:21:06.315 +01:00 [INF] Accessing expired session, Key:81240ac2-d632-8b42-bfc2-321f7eaa06ba
2025-11-07 14:21:06.326 +01:00 [INF] Executing ViewResult, running view CreateStoryAndIntro.
2025-11-07 14:21:06.355 +01:00 [INF] Executed ViewResult - view CreateStoryAndIntro executed in 30.585ms.
2025-11-07 14:21:06.431 +01:00 [INF] Executed action Jam.Controllers.StoryCreationController.CreateStoryAndIntro (Jam) in 95.1264ms
2025-11-07 14:21:06.432 +01:00 [INF] Executed endpoint 'Jam.Controllers.StoryCreationController.CreateStoryAndIntro (Jam)'
2025-11-07 14:21:06.453 +01:00 [INF] Request finished HTTP/2 GET https://localhost:7025/StoryCreation/CreateStoryAndIntro - 200 null text/html; charset=utf-8 195.335ms
