2025-11-07 15:08:27.746 +01:00 [INF] User profile is available. Using '/Users/jaraazad/.aspnet/DataProtection-Keys' as key repository; keys will not be encrypted at rest.
2025-11-07 15:08:28.185 +01:00 [INF] Applying migration '20251024065541_InitialCreate'.
2025-11-07 15:08:28.248 +01:00 [INF] Applying migration '20251101105657_AddIdentitySupport'.
2025-11-07 15:08:28.324 +01:00 [INF] Applying migration '20251103080324_UpdateNextQuestionSceneDeleteBehavior'.
2025-11-07 15:08:29.379 +01:00 [INF] Now listening on: https://localhost:7025
2025-11-07 15:08:29.379 +01:00 [INF] Now listening on: http://localhost:5262
2025-11-07 15:08:29.384 +01:00 [INF] Application started. Press Ctrl+C to shut down.
2025-11-07 15:08:29.385 +01:00 [INF] Hosting environment: Development
2025-11-07 15:08:29.386 +01:00 [INF] Content root path: /Users/jaraazad/Desktop/Jam
2025-11-07 15:08:29.753 +01:00 [INF] Request starting HTTP/2 GET https://localhost:7025/ - null null
2025-11-07 15:08:29.783 +01:00 [INF] Executing endpoint 'Jam.Controllers.HomeController.Index (Jam)'
2025-11-07 15:08:29.789 +01:00 [INF] Route matched with {action = "Index", controller = "Home", page = "", area = ""}. Executing controller action with signature System.Threading.Tasks.Task`1[Microsoft.AspNetCore.Mvc.IActionResult] Index() on controller Jam.Controllers.HomeController (Jam).
2025-11-07 15:08:29.801 +01:00 [WRN] [HomeController -> Index] Auth cookie invalid or user no longer exists. Redirecting to login.
2025-11-07 15:08:29.803 +01:00 [INF] AuthenticationScheme: Identity.Application signed out.
2025-11-07 15:08:29.804 +01:00 [INF] AuthenticationScheme: Identity.External signed out.
2025-11-07 15:08:29.804 +01:00 [INF] AuthenticationScheme: Identity.TwoFactorUserId signed out.
2025-11-07 15:08:29.805 +01:00 [INF] Executing LocalRedirectResult, redirecting to /Identity/Account/Login.
2025-11-07 15:08:29.807 +01:00 [INF] Executed action Jam.Controllers.HomeController.Index (Jam) in 15.927ms
2025-11-07 15:08:29.808 +01:00 [INF] Executed endpoint 'Jam.Controllers.HomeController.Index (Jam)'
2025-11-07 15:08:29.810 +01:00 [INF] Request finished HTTP/2 GET https://localhost:7025/ - 302 0 null 58.9841ms
2025-11-07 15:08:29.849 +01:00 [INF] Request starting HTTP/2 GET https://localhost:7025/Identity/Account/Login - null null
2025-11-07 15:08:29.854 +01:00 [INF] Executing endpoint '/Account/Login'
2025-11-07 15:08:29.901 +01:00 [INF] Route matched with {page = "/Account/Login", area = "Identity", action = "", controller = ""}. Executing page /Account/Login
2025-11-07 15:08:29.908 +01:00 [INF] Executing handler method Jam.Areas.Identity.Pages.Account.LoginModel.OnGetAsync - ModelState is "Valid"
2025-11-07 15:08:29.909 +01:00 [INF] AuthenticationScheme: Identity.External signed out.
2025-11-07 15:08:29.909 +01:00 [INF] Executed handler method OnGetAsync, returned result .
2025-11-07 15:08:29.911 +01:00 [INF] Executing an implicit handler method - ModelState is "Valid"
2025-11-07 15:08:29.911 +01:00 [INF] Executed an implicit handler method, returned result Microsoft.AspNetCore.Mvc.RazorPages.PageResult.
2025-11-07 15:08:29.968 +01:00 [INF] Executed page /Account/Login in 66.0172ms
2025-11-07 15:08:29.971 +01:00 [INF] Executed endpoint '/Account/Login'
2025-11-07 15:08:29.983 +01:00 [INF] Request finished HTTP/2 GET https://localhost:7025/Identity/Account/Login - 200 null text/html; charset=utf-8 132.7735ms
2025-11-07 15:08:29.992 +01:00 [INF] Request starting HTTP/2 GET https://localhost:7025/lib/jquery-validation/dist/jquery.validate.min.js - null null
2025-11-07 15:08:29.999 +01:00 [INF] Request starting HTTP/2 GET https://localhost:7025/lib/jquery-validation-unobtrusive/jquery.validate.unobtrusive.min.js - null null
2025-11-07 15:08:30.003 +01:00 [INF] Request finished HTTP/2 GET https://localhost:7025/lib/jquery-validation/dist/jquery.validate.min.js - 404 0 null 11.7468ms
2025-11-07 15:08:30.003 +01:00 [INF] Request finished HTTP/2 GET https://localhost:7025/lib/jquery-validation-unobtrusive/jquery.validate.unobtrusive.min.js - 404 0 null 3.6743ms
2025-11-07 15:08:30.004 +01:00 [INF] Request reached the end of the middleware pipeline without being handled by application code. Request path: GET https://localhost:7025/lib/jquery-validation/dist/jquery.validate.min.js, Response status code: 404
2025-11-07 15:08:30.004 +01:00 [INF] Request reached the end of the middleware pipeline without being handled by application code. Request path: GET https://localhost:7025/lib/jquery-validation-unobtrusive/jquery.validate.unobtrusive.min.js, Response status code: 404
2025-11-07 15:08:31.068 +01:00 [INF] Request starting HTTP/2 POST https://localhost:7025/Identity/Account/Login - application/x-www-form-urlencoded 236
2025-11-07 15:08:31.098 +01:00 [INF] Executing endpoint '/Account/Login'
2025-11-07 15:08:31.100 +01:00 [INF] Route matched with {page = "/Account/Login", area = "Identity", action = "", controller = ""}. Executing page /Account/Login
2025-11-07 15:08:31.125 +01:00 [INF] Executing handler method Jam.Areas.Identity.Pages.Account.LoginModel.OnPostAsync - ModelState is "Valid"
2025-11-07 15:08:31.248 +01:00 [INF] AuthenticationScheme: Identity.Application signed in.
2025-11-07 15:08:31.249 +01:00 [INF] User logged in.
2025-11-07 15:08:31.250 +01:00 [INF] Executed handler method OnPostAsync, returned result Microsoft.AspNetCore.Mvc.LocalRedirectResult.
2025-11-07 15:08:31.250 +01:00 [INF] Executing LocalRedirectResult, redirecting to /.
2025-11-07 15:08:31.250 +01:00 [INF] Executed page /Account/Login in 150.1553ms
2025-11-07 15:08:31.250 +01:00 [INF] Executed endpoint '/Account/Login'
2025-11-07 15:08:31.250 +01:00 [INF] Request finished HTTP/2 POST https://localhost:7025/Identity/Account/Login - 302 0 null 205.041ms
2025-11-07 15:08:31.278 +01:00 [INF] Request starting HTTP/2 GET https://localhost:7025/ - null null
2025-11-07 15:08:31.280 +01:00 [INF] Executing endpoint 'Jam.Controllers.HomeController.Index (Jam)'
2025-11-07 15:08:31.280 +01:00 [INF] Route matched with {action = "Index", controller = "Home", page = "", area = ""}. Executing controller action with signature System.Threading.Tasks.Task`1[Microsoft.AspNetCore.Mvc.IActionResult] Index() on controller Jam.Controllers.HomeController (Jam).
2025-11-07 15:08:31.325 +01:00 [INF] Executing ViewResult, running view Index.
2025-11-07 15:08:31.341 +01:00 [INF] Executed ViewResult - view Index executed in 16.497ms.
2025-11-07 15:08:31.392 +01:00 [INF] Executed action Jam.Controllers.HomeController.Index (Jam) in 111.7744ms
2025-11-07 15:08:31.392 +01:00 [INF] Executed endpoint 'Jam.Controllers.HomeController.Index (Jam)'
2025-11-07 15:08:31.392 +01:00 [INF] Request finished HTTP/2 GET https://localhost:7025/ - 200 null text/html; charset=utf-8 139.5342ms
2025-11-07 15:08:32.223 +01:00 [INF] Request starting HTTP/2 GET https://localhost:7025/StoryCreation/CreateStoryAndIntro - null null
2025-11-07 15:08:32.229 +01:00 [INF] Executing endpoint 'Jam.Controllers.StoryCreationController.CreateStoryAndIntro (Jam)'
2025-11-07 15:08:32.232 +01:00 [INF] Route matched with {action = "CreateStoryAndIntro", controller = "StoryCreation", page = "", area = ""}. Executing controller action with signature Microsoft.AspNetCore.Mvc.IActionResult CreateStoryAndIntro() on controller Jam.Controllers.StoryCreationController (Jam).
2025-11-07 15:08:32.236 +01:00 [INF] Accessing expired session, Key:81240ac2-d632-8b42-bfc2-321f7eaa06ba
2025-11-07 15:08:32.242 +01:00 [INF] Executing ViewResult, running view CreateStoryAndIntro.
2025-11-07 15:08:32.350 +01:00 [INF] Executed ViewResult - view CreateStoryAndIntro executed in 108.6255ms.
2025-11-07 15:08:32.350 +01:00 [INF] Executed action Jam.Controllers.StoryCreationController.CreateStoryAndIntro (Jam) in 118.0115ms
2025-11-07 15:08:32.350 +01:00 [INF] Executed endpoint 'Jam.Controllers.StoryCreationController.CreateStoryAndIntro (Jam)'
2025-11-07 15:08:32.351 +01:00 [INF] Request finished HTTP/2 GET https://localhost:7025/StoryCreation/CreateStoryAndIntro - 200 null text/html; charset=utf-8 127.9166ms
2025-11-07 15:08:37.680 +01:00 [INF] Request starting HTTP/2 POST https://localhost:7025/StoryCreation/CreateStoryAndIntro - application/x-www-form-urlencoded 306
2025-11-07 15:08:37.712 +01:00 [INF] Executing endpoint 'Jam.Controllers.StoryCreationController.CreateStoryAndIntro (Jam)'
2025-11-07 15:08:37.725 +01:00 [INF] Route matched with {action = "CreateStoryAndIntro", controller = "StoryCreation", page = "", area = ""}. Executing controller action with signature Microsoft.AspNetCore.Mvc.IActionResult CreateStoryAndIntro(Jam.ViewModels.StoryCreation.CreateStoryAndIntroViewModel, System.String) on controller Jam.Controllers.StoryCreationController (Jam).
2025-11-07 15:08:37.730 +01:00 [INF] Accessing expired session, Key:81240ac2-d632-8b42-bfc2-321f7eaa06ba
2025-11-07 15:08:37.755 +01:00 [INF] Executing RedirectResult, redirecting to /StoryCreation/CreateQuestionScenes.
2025-11-07 15:08:37.755 +01:00 [INF] Executed action Jam.Controllers.StoryCreationController.CreateStoryAndIntro (Jam) in 30.1801ms
2025-11-07 15:08:37.755 +01:00 [INF] Executed endpoint 'Jam.Controllers.StoryCreationController.CreateStoryAndIntro (Jam)'
2025-11-07 15:08:37.755 +01:00 [INF] Session started; Key:81240ac2-d632-8b42-bfc2-321f7eaa06ba, Id:0d22a5d8-562a-b579-779a-866591568f46
2025-11-07 15:08:37.756 +01:00 [INF] Request finished HTTP/2 POST https://localhost:7025/StoryCreation/CreateStoryAndIntro - 302 0 null 102.1883ms
2025-11-07 15:08:37.788 +01:00 [INF] Request starting HTTP/2 GET https://localhost:7025/StoryCreation/CreateQuestionScenes - null null
2025-11-07 15:08:37.788 +01:00 [INF] Executing endpoint 'Jam.Controllers.StoryCreationController.CreateQuestionScenes (Jam)'
2025-11-07 15:08:37.789 +01:00 [INF] Route matched with {action = "CreateQuestionScenes", controller = "StoryCreation", page = "", area = ""}. Executing controller action with signature Microsoft.AspNetCore.Mvc.IActionResult CreateQuestionScenes() on controller Jam.Controllers.StoryCreationController (Jam).
2025-11-07 15:08:37.793 +01:00 [INF] Executing ViewResult, running view CreateQuestionScenes.
2025-11-07 15:08:37.966 +01:00 [INF] Executed ViewResult - view CreateQuestionScenes executed in 173.4905ms.
2025-11-07 15:08:37.967 +01:00 [INF] Executed action Jam.Controllers.StoryCreationController.CreateQuestionScenes (Jam) in 177.5657ms
2025-11-07 15:08:37.967 +01:00 [INF] Executed endpoint 'Jam.Controllers.StoryCreationController.CreateQuestionScenes (Jam)'
2025-11-07 15:08:37.967 +01:00 [INF] Request finished HTTP/2 GET https://localhost:7025/StoryCreation/CreateQuestionScenes - 200 null text/html; charset=utf-8 204.8519ms
