2025-11-02 11:50:26.471 +01:00 [INF] User profile is available. Using '/Users/michaelnedgaardisaksen/.aspnet/DataProtection-Keys' as key repository; keys will not be encrypted at rest.
2025-11-02 11:50:27.077 +01:00 [INF] Applying migration '20251024065541_InitialCreate'.
2025-11-02 11:50:27.130 +01:00 [INF] Applying migration '20251101105657_AddIdentitySupport'.
2025-11-02 11:50:28.619 +01:00 [INF] Now listening on: https://localhost:7025
2025-11-02 11:50:28.620 +01:00 [INF] Now listening on: http://localhost:5262
2025-11-02 11:50:28.627 +01:00 [INF] Application started. Press Ctrl+C to shut down.
2025-11-02 11:50:28.628 +01:00 [INF] Hosting environment: Development
2025-11-02 11:50:28.629 +01:00 [INF] Content root path: /Users/michaelnedgaardisaksen/Documents/ITPE3100_Webapplikasjoner/Demo-Jam/Jam
2025-11-02 11:50:28.876 +01:00 [INF] Request starting HTTP/2 GET https://localhost:7025/ - null null
2025-11-02 11:50:28.917 +01:00 [INF] Executing endpoint 'Jam.Controllers.HomeController.Index (Jam)'
2025-11-02 11:50:28.924 +01:00 [INF] Route matched with {action = "Index", controller = "Home", page = "", area = ""}. Executing controller action with signature System.Threading.Tasks.Task`1[Microsoft.AspNetCore.Mvc.IActionResult] Index() on controller Jam.Controllers.HomeController (Jam).
2025-11-02 11:50:28.936 +01:00 [WRN] [HomeController -> Index] User not logged in, redirecting to Login page.
2025-11-02 11:50:28.938 +01:00 [INF] Executing LocalRedirectResult, redirecting to /Identity/Account/Login.
2025-11-02 11:50:28.940 +01:00 [INF] Executed action Jam.Controllers.HomeController.Index (Jam) in 13.6984ms
2025-11-02 11:50:28.940 +01:00 [INF] Executed endpoint 'Jam.Controllers.HomeController.Index (Jam)'
2025-11-02 11:50:28.943 +01:00 [INF] Request finished HTTP/2 GET https://localhost:7025/ - 302 0 null 67.6047ms
2025-11-02 11:50:29.024 +01:00 [INF] Request starting HTTP/2 GET https://localhost:7025/Identity/Account/Login - null null
2025-11-02 11:50:29.052 +01:00 [INF] Executing endpoint '/Account/Login'
2025-11-02 11:50:29.061 +01:00 [INF] Route matched with {page = "/Account/Login", area = "Identity", action = "", controller = ""}. Executing page /Account/Login
2025-11-02 11:50:29.067 +01:00 [INF] Executing handler method Jam.Areas.Identity.Pages.Account.LoginModel.OnGetAsync - ModelState is "Valid"
2025-11-02 11:50:29.071 +01:00 [INF] AuthenticationScheme: Identity.External signed out.
2025-11-02 11:50:29.071 +01:00 [INF] Executed handler method OnGetAsync, returned result .
2025-11-02 11:50:29.072 +01:00 [INF] Executing an implicit handler method - ModelState is "Valid"
2025-11-02 11:50:29.072 +01:00 [INF] Executed an implicit handler method, returned result Microsoft.AspNetCore.Mvc.RazorPages.PageResult.
2025-11-02 11:50:29.122 +01:00 [INF] Executed page /Account/Login in 60.5836ms
2025-11-02 11:50:29.122 +01:00 [INF] Executed endpoint '/Account/Login'
2025-11-02 11:50:29.124 +01:00 [INF] Request finished HTTP/2 GET https://localhost:7025/Identity/Account/Login - 200 null text/html; charset=utf-8 99.7494ms
2025-11-02 11:50:29.142 +01:00 [INF] Request starting HTTP/2 GET https://localhost:7025/lib/jquery-validation/dist/jquery.validate.min.js - null null
2025-11-02 11:50:29.145 +01:00 [INF] Request starting HTTP/2 GET https://localhost:7025/lib/jquery-validation-unobtrusive/jquery.validate.unobtrusive.min.js - null null
2025-11-02 11:50:29.150 +01:00 [INF] Request finished HTTP/2 GET https://localhost:7025/lib/jquery-validation/dist/jquery.validate.min.js - 404 0 null 8.1485ms
2025-11-02 11:50:29.150 +01:00 [INF] Request finished HTTP/2 GET https://localhost:7025/lib/jquery-validation-unobtrusive/jquery.validate.unobtrusive.min.js - 404 0 null 4.6718ms
2025-11-02 11:50:29.150 +01:00 [INF] Request reached the end of the middleware pipeline without being handled by application code. Request path: GET https://localhost:7025/lib/jquery-validation/dist/jquery.validate.min.js, Response status code: 404
2025-11-02 11:50:29.151 +01:00 [INF] Request reached the end of the middleware pipeline without being handled by application code. Request path: GET https://localhost:7025/lib/jquery-validation-unobtrusive/jquery.validate.unobtrusive.min.js, Response status code: 404
2025-11-02 11:50:35.544 +01:00 [INF] Request starting HTTP/2 POST https://localhost:7025/Identity/Account/Login - application/x-www-form-urlencoded 310
2025-11-02 11:50:35.642 +01:00 [INF] Executing endpoint '/Account/Login'
2025-11-02 11:50:35.643 +01:00 [INF] Route matched with {page = "/Account/Login", area = "Identity", action = "", controller = ""}. Executing page /Account/Login
2025-11-02 11:50:35.656 +01:00 [INF] Executing handler method Jam.Areas.Identity.Pages.Account.LoginModel.OnPostAsync - ModelState is "Valid"
2025-11-02 11:50:35.761 +01:00 [INF] AuthenticationScheme: Identity.Application signed in.
2025-11-02 11:50:35.762 +01:00 [INF] User logged in.
2025-11-02 11:50:35.762 +01:00 [INF] Executed handler method OnPostAsync, returned result Microsoft.AspNetCore.Mvc.LocalRedirectResult.
2025-11-02 11:50:35.762 +01:00 [INF] Executing LocalRedirectResult, redirecting to /.
2025-11-02 11:50:35.762 +01:00 [INF] Executed page /Account/Login in 119.4671ms
2025-11-02 11:50:35.762 +01:00 [INF] Executed endpoint '/Account/Login'
2025-11-02 11:50:35.763 +01:00 [INF] Request finished HTTP/2 POST https://localhost:7025/Identity/Account/Login - 302 0 null 218.9838ms
2025-11-02 11:50:35.841 +01:00 [INF] Request starting HTTP/2 GET https://localhost:7025/ - null null
2025-11-02 11:50:35.843 +01:00 [INF] Executing endpoint 'Jam.Controllers.HomeController.Index (Jam)'
2025-11-02 11:50:35.843 +01:00 [INF] Route matched with {action = "Index", controller = "Home", page = "", area = ""}. Executing controller action with signature System.Threading.Tasks.Task`1[Microsoft.AspNetCore.Mvc.IActionResult] Index() on controller Jam.Controllers.HomeController (Jam).
2025-11-02 11:50:35.870 +01:00 [INF] Executing ViewResult, running view Index.
2025-11-02 11:50:35.878 +01:00 [INF] Executed ViewResult - view Index executed in 8.1533ms.
2025-11-02 11:50:35.879 +01:00 [INF] Executed action Jam.Controllers.HomeController.Index (Jam) in 35.8593ms
2025-11-02 11:50:35.879 +01:00 [INF] Executed endpoint 'Jam.Controllers.HomeController.Index (Jam)'
2025-11-02 11:50:35.879 +01:00 [INF] Request finished HTTP/2 GET https://localhost:7025/ - 200 null text/html; charset=utf-8 38.0576ms
2025-11-02 11:50:36.890 +01:00 [INF] Request starting HTTP/2 GET https://localhost:7025/StoryPlaying/StartStory?storyId=1 - null null
2025-11-02 11:50:36.922 +01:00 [INF] Executing endpoint 'Jam.Controllers.StoryPlayingController.StartStory (Jam)'
2025-11-02 11:50:36.930 +01:00 [INF] Route matched with {action = "StartStory", controller = "StoryPlaying", page = "", area = ""}. Executing controller action with signature System.Threading.Tasks.Task`1[Microsoft.AspNetCore.Mvc.IActionResult] StartStory(Int32) on controller Jam.Controllers.StoryPlayingController (Jam).
2025-11-02 11:50:36.989 +01:00 [INF] Executing RedirectResult, redirecting to /StoryPlaying/PlayScene?sceneId=3&SceneType=Intro&sessionId=3.
2025-11-02 11:50:36.989 +01:00 [INF] Executed action Jam.Controllers.StoryPlayingController.StartStory (Jam) in 58.9702ms
2025-11-02 11:50:36.989 +01:00 [INF] Executed endpoint 'Jam.Controllers.StoryPlayingController.StartStory (Jam)'
2025-11-02 11:50:36.989 +01:00 [INF] Request finished HTTP/2 GET https://localhost:7025/StoryPlaying/StartStory?storyId=1 - 302 0 null 98.7599ms
2025-11-02 11:50:36.992 +01:00 [INF] Request starting HTTP/2 GET https://localhost:7025/StoryPlaying/PlayScene?sceneId=3&SceneType=Intro&sessionId=3 - null null
2025-11-02 11:50:36.994 +01:00 [INF] Executing endpoint 'Jam.Controllers.StoryPlayingController.PlayScene (Jam)'
2025-11-02 11:50:36.996 +01:00 [INF] Route matched with {action = "PlayScene", controller = "StoryPlaying", page = "", area = ""}. Executing controller action with signature System.Threading.Tasks.Task`1[Microsoft.AspNetCore.Mvc.IActionResult] PlayScene(Int32, Jam.Models.Enums.SceneType, Int32) on controller Jam.Controllers.StoryPlayingController (Jam).
2025-11-02 11:50:37.004 +01:00 [INF] Executing ViewResult, running view PlayScene.
2025-11-02 11:50:37.043 +01:00 [INF] Executed ViewResult - view PlayScene executed in 39.1417ms.
2025-11-02 11:50:37.066 +01:00 [INF] Request starting HTTP/2 GET https://localhost:7025/lib/jquery-validation-unobtrusive/jquery.validate.unobtrusive.min.js - null null
2025-11-02 11:50:37.066 +01:00 [INF] Executed action Jam.Controllers.StoryPlayingController.PlayScene (Jam) in 69.6053ms
2025-11-02 11:50:37.066 +01:00 [INF] Request starting HTTP/2 GET https://localhost:7025/lib/jquery-validation/dist/jquery.validate.min.js - null null
2025-11-02 11:50:37.116 +01:00 [INF] Executed endpoint 'Jam.Controllers.StoryPlayingController.PlayScene (Jam)'
2025-11-02 11:50:37.116 +01:00 [INF] Request finished HTTP/2 GET https://localhost:7025/StoryPlaying/PlayScene?sceneId=3&SceneType=Intro&sessionId=3 - 200 null text/html; charset=utf-8 123.8515ms
2025-11-02 11:50:37.117 +01:00 [INF] Request finished HTTP/2 GET https://localhost:7025/lib/jquery-validation/dist/jquery.validate.min.js - 404 0 null 51.2395ms
2025-11-02 11:50:37.117 +01:00 [INF] Request finished HTTP/2 GET https://localhost:7025/lib/jquery-validation-unobtrusive/jquery.validate.unobtrusive.min.js - 404 0 null 51.2792ms
2025-11-02 11:50:37.117 +01:00 [INF] Request reached the end of the middleware pipeline without being handled by application code. Request path: GET https://localhost:7025/lib/jquery-validation/dist/jquery.validate.min.js, Response status code: 404
2025-11-02 11:50:37.117 +01:00 [INF] Request reached the end of the middleware pipeline without being handled by application code. Request path: GET https://localhost:7025/lib/jquery-validation-unobtrusive/jquery.validate.unobtrusive.min.js, Response status code: 404
2025-11-02 11:50:38.153 +01:00 [INF] Request starting HTTP/2 POST https://localhost:7025/StoryPlaying/PlayScene - application/x-www-form-urlencoded 540
2025-11-02 11:50:38.155 +01:00 [INF] Executing endpoint 'Jam.Controllers.StoryPlayingController.PlayScene (Jam)'
2025-11-02 11:50:38.172 +01:00 [INF] Route matched with {action = "PlayScene", controller = "StoryPlaying", page = "", area = ""}. Executing controller action with signature System.Threading.Tasks.Task`1[Microsoft.AspNetCore.Mvc.IActionResult] PlayScene(Jam.ViewModels.StoryPlaying.PlaySceneViewModel) on controller Jam.Controllers.StoryPlayingController (Jam).
2025-11-02 11:50:38.214 +01:00 [INF] Executing RedirectResult, redirecting to /StoryPlaying/PlayScene?sceneId=4&sceneType=Question&sessionId=3.
2025-11-02 11:50:38.214 +01:00 [INF] Executed action Jam.Controllers.StoryPlayingController.PlayScene (Jam) in 42.0753ms
2025-11-02 11:50:38.214 +01:00 [INF] Executed endpoint 'Jam.Controllers.StoryPlayingController.PlayScene (Jam)'
2025-11-02 11:50:38.214 +01:00 [INF] Request finished HTTP/2 POST https://localhost:7025/StoryPlaying/PlayScene - 302 0 null 61.4674ms
2025-11-02 11:50:38.218 +01:00 [INF] Request starting HTTP/2 GET https://localhost:7025/StoryPlaying/PlayScene?sceneId=4&sceneType=Question&sessionId=3 - null null
2025-11-02 11:50:38.219 +01:00 [INF] Executing endpoint 'Jam.Controllers.StoryPlayingController.PlayScene (Jam)'
2025-11-02 11:50:38.219 +01:00 [INF] Route matched with {action = "PlayScene", controller = "StoryPlaying", page = "", area = ""}. Executing controller action with signature System.Threading.Tasks.Task`1[Microsoft.AspNetCore.Mvc.IActionResult] PlayScene(Int32, Jam.Models.Enums.SceneType, Int32) on controller Jam.Controllers.StoryPlayingController (Jam).
2025-11-02 11:50:38.237 +01:00 [INF] Executing ViewResult, running view PlayScene.
2025-11-02 11:50:38.365 +01:00 [INF] Request starting HTTP/2 GET https://localhost:7025/lib/jquery-validation/dist/jquery.validate.min.js - null null
2025-11-02 11:50:38.365 +01:00 [INF] Request starting HTTP/2 GET https://localhost:7025/lib/jquery-validation-unobtrusive/jquery.validate.unobtrusive.min.js - null null
2025-11-02 11:50:38.365 +01:00 [INF] Executed ViewResult - view PlayScene executed in 128.3157ms.
2025-11-02 11:50:38.367 +01:00 [INF] Executed action Jam.Controllers.StoryPlayingController.PlayScene (Jam) in 148.6022ms
2025-11-02 11:50:38.367 +01:00 [INF] Executed endpoint 'Jam.Controllers.StoryPlayingController.PlayScene (Jam)'
2025-11-02 11:50:38.369 +01:00 [INF] Request finished HTTP/2 GET https://localhost:7025/StoryPlaying/PlayScene?sceneId=4&sceneType=Question&sessionId=3 - 200 null text/html; charset=utf-8 150.714ms
2025-11-02 11:50:38.369 +01:00 [INF] Request finished HTTP/2 GET https://localhost:7025/lib/jquery-validation-unobtrusive/jquery.validate.unobtrusive.min.js - 404 0 null 4.5637ms
2025-11-02 11:50:38.369 +01:00 [INF] Request reached the end of the middleware pipeline without being handled by application code. Request path: GET https://localhost:7025/lib/jquery-validation-unobtrusive/jquery.validate.unobtrusive.min.js, Response status code: 404
2025-11-02 11:50:38.370 +01:00 [INF] Request finished HTTP/2 GET https://localhost:7025/lib/jquery-validation/dist/jquery.validate.min.js - 404 0 null 4.8464ms
2025-11-02 11:50:38.370 +01:00 [INF] Request reached the end of the middleware pipeline without being handled by application code. Request path: GET https://localhost:7025/lib/jquery-validation/dist/jquery.validate.min.js, Response status code: 404
2025-11-02 11:50:39.480 +01:00 [INF] Request starting HTTP/2 POST https://localhost:7025/StoryPlaying/PlayScene - application/x-www-form-urlencoded 643
2025-11-02 11:50:39.481 +01:00 [INF] Executing endpoint 'Jam.Controllers.StoryPlayingController.PlayScene (Jam)'
2025-11-02 11:50:39.481 +01:00 [INF] Route matched with {action = "PlayScene", controller = "StoryPlaying", page = "", area = ""}. Executing controller action with signature System.Threading.Tasks.Task`1[Microsoft.AspNetCore.Mvc.IActionResult] PlayScene(Jam.ViewModels.StoryPlaying.PlaySceneViewModel) on controller Jam.Controllers.StoryPlayingController (Jam).
2025-11-02 11:50:39.492 +01:00 [WRN] [StoryPlayingController -> PlayScene:POST] Model state invalid
2025-11-02 11:50:39.492 +01:00 [INF] Executing ViewResult, running view PlayScene.
2025-11-02 11:50:39.497 +01:00 [INF] Executed ViewResult - view PlayScene executed in 5.3427ms.
2025-11-02 11:50:39.548 +01:00 [INF] Executed action Jam.Controllers.StoryPlayingController.PlayScene (Jam) in 66.9585ms
2025-11-02 11:50:39.549 +01:00 [INF] Request starting HTTP/2 GET https://localhost:7025/lib/jquery-validation/dist/jquery.validate.min.js - null null
2025-11-02 11:50:39.549 +01:00 [INF] Request starting HTTP/2 GET https://localhost:7025/lib/jquery-validation-unobtrusive/jquery.validate.unobtrusive.min.js - null null
2025-11-02 11:50:39.550 +01:00 [INF] Request finished HTTP/2 GET https://localhost:7025/lib/jquery-validation/dist/jquery.validate.min.js - 404 0 null 1.5149ms
2025-11-02 11:50:39.551 +01:00 [INF] Request reached the end of the middleware pipeline without being handled by application code. Request path: GET https://localhost:7025/lib/jquery-validation/dist/jquery.validate.min.js, Response status code: 404
2025-11-02 11:50:39.551 +01:00 [INF] Executed endpoint 'Jam.Controllers.StoryPlayingController.PlayScene (Jam)'
2025-11-02 11:50:39.551 +01:00 [INF] Request finished HTTP/2 GET https://localhost:7025/lib/jquery-validation-unobtrusive/jquery.validate.unobtrusive.min.js - 404 0 null 1.3651ms
2025-11-02 11:50:39.551 +01:00 [INF] Request reached the end of the middleware pipeline without being handled by application code. Request path: GET https://localhost:7025/lib/jquery-validation-unobtrusive/jquery.validate.unobtrusive.min.js, Response status code: 404
2025-11-02 11:50:39.552 +01:00 [INF] Request finished HTTP/2 POST https://localhost:7025/StoryPlaying/PlayScene - 200 null text/html; charset=utf-8 72.0464ms
