2025-10-30 12:37:31.395 +01:00 [INF] Applying migration '20251024065541_InitialCreate'.
2025-10-30 12:37:31.803 +01:00 [INF] User profile is available. Using '/Users/michaelnedgaardisaksen/.aspnet/DataProtection-Keys' as key repository; keys will not be encrypted at rest.
2025-10-30 12:37:32.023 +01:00 [INF] Now listening on: https://localhost:7025
2025-10-30 12:37:32.023 +01:00 [INF] Now listening on: http://localhost:5262
2025-10-30 12:37:32.057 +01:00 [INF] Application started. Press Ctrl+C to shut down.
2025-10-30 12:37:32.058 +01:00 [INF] Hosting environment: Development
2025-10-30 12:37:32.059 +01:00 [INF] Content root path: /Users/michaelnedgaardisaksen/Documents/ITPE3100_Webapplikasjoner/Demo-Jam/Jam
2025-10-30 12:37:32.229 +01:00 [INF] Request starting HTTP/2 GET https://localhost:7025/ - null null
2025-10-30 12:37:32.240 +01:00 [INF] Executing endpoint 'Jam.Controllers.HomeController.Index (Jam)'
2025-10-30 12:37:32.252 +01:00 [INF] Route matched with {action = "Index", controller = "Home"}. Executing controller action with signature System.Threading.Tasks.Task`1[Microsoft.AspNetCore.Mvc.IActionResult] Index() on controller Jam.Controllers.HomeController (Jam).
2025-10-30 12:37:32.332 +01:00 [INF] Executing ViewResult, running view Index.
2025-10-30 12:37:32.369 +01:00 [INF] Executed ViewResult - view Index executed in 36.9028ms.
2025-10-30 12:37:32.372 +01:00 [INF] Executed action Jam.Controllers.HomeController.Index (Jam) in 119.3331ms
2025-10-30 12:37:32.372 +01:00 [INF] Executed endpoint 'Jam.Controllers.HomeController.Index (Jam)'
2025-10-30 12:37:32.376 +01:00 [INF] Request finished HTTP/2 GET https://localhost:7025/ - 200 null text/html; charset=utf-8 147.8365ms
2025-10-30 12:37:36.647 +01:00 [INF] Request starting HTTP/2 GET https://localhost:7025/StoryEditing/EditStory?storyId=1 - null null
2025-10-30 12:37:36.651 +01:00 [INF] Executing endpoint 'Jam.Controllers.StoryEditingController.EditStory (Jam)'
2025-10-30 12:37:36.665 +01:00 [INF] Route matched with {action = "EditStory", controller = "StoryEditing"}. Executing controller action with signature System.Threading.Tasks.Task`1[Microsoft.AspNetCore.Mvc.IActionResult] EditStory(Int32) on controller Jam.Controllers.StoryEditingController (Jam).
2025-10-30 12:37:36.709 +01:00 [INF] Executing ViewResult, running view EditStory.
2025-10-30 12:37:36.720 +01:00 [INF] Executed ViewResult - view EditStory executed in 11.2475ms.
2025-10-30 12:37:36.720 +01:00 [INF] Executed action Jam.Controllers.StoryEditingController.EditStory (Jam) in 54.8702ms
2025-10-30 12:37:36.720 +01:00 [INF] Executed endpoint 'Jam.Controllers.StoryEditingController.EditStory (Jam)'
2025-10-30 12:37:36.720 +01:00 [INF] Request finished HTTP/2 GET https://localhost:7025/StoryEditing/EditStory?storyId=1 - 200 null text/html; charset=utf-8 73.3843ms
2025-10-30 12:37:38.482 +01:00 [INF] Request starting HTTP/2 GET https://localhost:7025/StoryEdit/EditIntroScene?storyId=1 - null null
2025-10-30 12:37:38.490 +01:00 [INF] Request finished HTTP/2 GET https://localhost:7025/StoryEdit/EditIntroScene?storyId=1 - 404 0 null 8.4846ms
2025-10-30 12:37:38.492 +01:00 [INF] Request reached the end of the middleware pipeline without being handled by application code. Request path: GET https://localhost:7025/StoryEdit/EditIntroScene, Response status code: 404
