2025-11-01 22:36:33.602 +01:00 [INF] User profile is available. Using '/Users/michaelnedgaardisaksen/.aspnet/DataProtection-Keys' as key repository; keys will not be encrypted at rest.
2025-11-01 22:36:33.976 +01:00 [INF] Applying migration '20251024065541_InitialCreate'.
2025-11-01 22:36:34.008 +01:00 [INF] Applying migration '20251101105657_AddIdentitySupport'.
2025-11-01 22:36:35.268 +01:00 [INF] Now listening on: https://localhost:7025
2025-11-01 22:36:35.300 +01:00 [INF] Now listening on: http://localhost:5262
2025-11-01 22:36:35.307 +01:00 [INF] Application started. Press Ctrl+C to shut down.
2025-11-01 22:36:35.309 +01:00 [INF] Hosting environment: Development
2025-11-01 22:36:35.310 +01:00 [INF] Content root path: /Users/michaelnedgaardisaksen/Documents/ITPE3100_Webapplikasjoner/Demo-Jam/Jam
2025-11-01 22:36:35.643 +01:00 [INF] Request starting HTTP/2 GET https://localhost:7025/ - null null
2025-11-01 22:36:35.673 +01:00 [INF] Authorization failed. These requirements were not met:
DenyAnonymousAuthorizationRequirement: Requires an authenticated user.
2025-11-01 22:36:35.690 +01:00 [INF] AuthenticationScheme: Identity.Application was challenged.
2025-11-01 22:36:35.691 +01:00 [INF] Request finished HTTP/2 GET https://localhost:7025/ - 302 0 null 49.7846ms
2025-11-01 22:36:35.726 +01:00 [INF] Request starting HTTP/2 GET https://localhost:7025/Identity/Account/Login?ReturnUrl=%2F - null null
2025-11-01 22:36:35.731 +01:00 [INF] Executing endpoint '/Account/Login'
2025-11-01 22:36:35.755 +01:00 [INF] Route matched with {page = "/Account/Login", area = "Identity", action = "", controller = ""}. Executing page /Account/Login
2025-11-01 22:36:35.767 +01:00 [INF] Executing handler method Jam.Areas.Identity.Pages.Account.LoginModel.OnGetAsync - ModelState is "Valid"
2025-11-01 22:36:35.770 +01:00 [INF] AuthenticationScheme: Identity.External signed out.
2025-11-01 22:36:35.770 +01:00 [INF] Executed handler method OnGetAsync, returned result .
2025-11-01 22:36:35.771 +01:00 [INF] Executing an implicit handler method - ModelState is "Valid"
2025-11-01 22:36:35.771 +01:00 [INF] Executed an implicit handler method, returned result Microsoft.AspNetCore.Mvc.RazorPages.PageResult.
2025-11-01 22:36:35.864 +01:00 [INF] Executed page /Account/Login in 106.6937ms
2025-11-01 22:36:35.864 +01:00 [INF] Executed endpoint '/Account/Login'
2025-11-01 22:36:35.867 +01:00 [INF] Request finished HTTP/2 GET https://localhost:7025/Identity/Account/Login?ReturnUrl=%2F - 200 null text/html; charset=utf-8 140.787ms
2025-11-01 22:36:36.088 +01:00 [INF] Request starting HTTP/2 GET https://localhost:7025/lib/jquery-validation-unobtrusive/jquery.validate.unobtrusive.min.js - null null
2025-11-01 22:36:36.062 +01:00 [INF] Request starting HTTP/2 GET https://localhost:7025/lib/jquery-validation/dist/jquery.validate.min.js - null null
2025-11-01 22:36:36.117 +01:00 [INF] Request finished HTTP/2 GET https://localhost:7025/lib/jquery-validation/dist/jquery.validate.min.js - 404 0 null 79.286ms
2025-11-01 22:36:36.118 +01:00 [INF] Request reached the end of the middleware pipeline without being handled by application code. Request path: GET https://localhost:7025/lib/jquery-validation/dist/jquery.validate.min.js, Response status code: 404
2025-11-01 22:36:36.119 +01:00 [INF] Request finished HTTP/2 GET https://localhost:7025/lib/jquery-validation-unobtrusive/jquery.validate.unobtrusive.min.js - 404 0 null 80.9967ms
2025-11-01 22:36:36.119 +01:00 [INF] Request reached the end of the middleware pipeline without being handled by application code. Request path: GET https://localhost:7025/lib/jquery-validation-unobtrusive/jquery.validate.unobtrusive.min.js, Response status code: 404
2025-11-01 22:36:49.029 +01:00 [INF] Request starting HTTP/2 POST https://localhost:7025/Identity/Account/Login?ReturnUrl=%2F - application/x-www-form-urlencoded 267
2025-11-01 22:36:49.062 +01:00 [INF] Executing endpoint '/Account/Login'
2025-11-01 22:36:49.065 +01:00 [INF] Route matched with {page = "/Account/Login", area = "Identity", action = "", controller = ""}. Executing page /Account/Login
2025-11-01 22:36:49.096 +01:00 [INF] Executing handler method Jam.Areas.Identity.Pages.Account.LoginModel.OnPostAsync - ModelState is "Valid"
2025-11-01 22:36:49.273 +01:00 [INF] AuthenticationScheme: Identity.Application signed in.
2025-11-01 22:36:49.283 +01:00 [INF] User logged in.
2025-11-01 22:36:49.294 +01:00 [INF] Executed handler method OnPostAsync, returned result Microsoft.AspNetCore.Mvc.LocalRedirectResult.
2025-11-01 22:36:49.302 +01:00 [INF] Executing LocalRedirectResult, redirecting to /.
2025-11-01 22:36:49.332 +01:00 [INF] Executed page /Account/Login in 267.3104ms
2025-11-01 22:36:49.332 +01:00 [INF] Executed endpoint '/Account/Login'
2025-11-01 22:36:49.344 +01:00 [INF] Request finished HTTP/2 POST https://localhost:7025/Identity/Account/Login?ReturnUrl=%2F - 302 0 null 359.7556ms
2025-11-01 22:36:49.395 +01:00 [INF] Request starting HTTP/2 GET https://localhost:7025/ - null null
2025-11-01 22:36:49.400 +01:00 [INF] Executing endpoint 'Jam.Controllers.HomeController.Index (Jam)'
2025-11-01 22:36:49.405 +01:00 [INF] Route matched with {action = "Index", controller = "Home", page = "", area = ""}. Executing controller action with signature System.Threading.Tasks.Task`1[Microsoft.AspNetCore.Mvc.IActionResult] Index() on controller Jam.Controllers.HomeController (Jam).
2025-11-01 22:36:49.449 +01:00 [INF] Executing ViewResult, running view Index.
2025-11-01 22:36:49.457 +01:00 [INF] Executed ViewResult - view Index executed in 8.4588ms.
2025-11-01 22:36:49.478 +01:00 [INF] Executed action Jam.Controllers.HomeController.Index (Jam) in 72.8322ms
2025-11-01 22:36:49.478 +01:00 [INF] Executed endpoint 'Jam.Controllers.HomeController.Index (Jam)'
2025-11-01 22:36:49.478 +01:00 [INF] Request finished HTTP/2 GET https://localhost:7025/ - 200 null text/html; charset=utf-8 83.0734ms
2025-11-01 22:37:00.492 +01:00 [INF] Request starting HTTP/2 GET https://localhost:7025/StoryPlaying/StartStory?storyId=1 - null null
2025-11-01 22:37:00.526 +01:00 [INF] Executing endpoint 'Jam.Controllers.StoryPlayingController.StartStory (Jam)'
2025-11-01 22:37:00.541 +01:00 [INF] Route matched with {action = "StartStory", controller = "StoryPlaying", page = "", area = ""}. Executing controller action with signature System.Threading.Tasks.Task`1[Microsoft.AspNetCore.Mvc.IActionResult] StartStory(Int32) on controller Jam.Controllers.StoryPlayingController (Jam).
2025-11-01 22:37:00.616 +01:00 [INF] Executing RedirectResult, redirecting to /StoryPlaying/PlayScene?sceneId=3&SceneType=Intro&sessionId=3.
2025-11-01 22:37:00.616 +01:00 [INF] Executed action Jam.Controllers.StoryPlayingController.StartStory (Jam) in 75.4874ms
2025-11-01 22:37:00.616 +01:00 [INF] Executed endpoint 'Jam.Controllers.StoryPlayingController.StartStory (Jam)'
2025-11-01 22:37:00.616 +01:00 [INF] Request finished HTTP/2 GET https://localhost:7025/StoryPlaying/StartStory?storyId=1 - 302 0 null 172.3928ms
2025-11-01 22:37:00.621 +01:00 [INF] Request starting HTTP/2 GET https://localhost:7025/StoryPlaying/PlayScene?sceneId=3&SceneType=Intro&sessionId=3 - null null
2025-11-01 22:37:00.622 +01:00 [INF] Executing endpoint 'Jam.Controllers.StoryPlayingController.PlayScene (Jam)'
2025-11-01 22:37:00.625 +01:00 [INF] Route matched with {action = "PlayScene", controller = "StoryPlaying", page = "", area = ""}. Executing controller action with signature System.Threading.Tasks.Task`1[Microsoft.AspNetCore.Mvc.IActionResult] PlayScene(Int32, Jam.Models.Enums.SceneType, Int32) on controller Jam.Controllers.StoryPlayingController (Jam).
2025-11-01 22:37:00.633 +01:00 [INF] Executing ViewResult, running view PlayScene.
2025-11-01 22:37:00.636 +01:00 [INF] Executed ViewResult - view PlayScene executed in 3.7848ms.
2025-11-01 22:37:00.636 +01:00 [INF] Executed action Jam.Controllers.StoryPlayingController.PlayScene (Jam) in 10.9188ms
2025-11-01 22:37:00.636 +01:00 [INF] Executed endpoint 'Jam.Controllers.StoryPlayingController.PlayScene (Jam)'
2025-11-01 22:37:00.636 +01:00 [INF] Request finished HTTP/2 GET https://localhost:7025/StoryPlaying/PlayScene?sceneId=3&SceneType=Intro&sessionId=3 - 200 null text/html; charset=utf-8 15.63ms
2025-11-01 22:37:01.778 +01:00 [INF] Request starting HTTP/2 POST https://localhost:7025/StoryPlaying/PlayScene - application/x-www-form-urlencoded 247
2025-11-01 22:37:01.780 +01:00 [INF] Executing endpoint 'Jam.Controllers.StoryPlayingController.PlayScene (Jam)'
2025-11-01 22:37:01.800 +01:00 [INF] Route matched with {action = "PlayScene", controller = "StoryPlaying", page = "", area = ""}. Executing controller action with signature System.Threading.Tasks.Task`1[Microsoft.AspNetCore.Mvc.IActionResult] PlayScene(Jam.ViewModels.StoryPlaying.PlaySceneViewModel) on controller Jam.Controllers.StoryPlayingController (Jam).
2025-11-01 22:37:01.809 +01:00 [WRN] [StoryPlayingController -> PlayScene:POST] Model state invalid
2025-11-01 22:37:01.809 +01:00 [INF] Executing ViewResult, running view PlayScene.
2025-11-01 22:37:01.811 +01:00 [INF] Executed ViewResult - view PlayScene executed in 1.7888ms.
2025-11-01 22:37:01.811 +01:00 [INF] Executed action Jam.Controllers.StoryPlayingController.PlayScene (Jam) in 10.7117ms
2025-11-01 22:37:01.811 +01:00 [INF] Executed endpoint 'Jam.Controllers.StoryPlayingController.PlayScene (Jam)'
2025-11-01 22:37:01.811 +01:00 [INF] Request finished HTTP/2 POST https://localhost:7025/StoryPlaying/PlayScene - 200 null text/html; charset=utf-8 33.4692ms
2025-11-01 22:37:20.030 +01:00 [INF] Request starting HTTP/2 POST https://localhost:7025/StoryPlaying/PlayScene - application/x-www-form-urlencoded 247
2025-11-01 22:37:20.083 +01:00 [INF] Executing endpoint 'Jam.Controllers.StoryPlayingController.PlayScene (Jam)'
2025-11-01 22:37:20.083 +01:00 [INF] Route matched with {action = "PlayScene", controller = "StoryPlaying", page = "", area = ""}. Executing controller action with signature System.Threading.Tasks.Task`1[Microsoft.AspNetCore.Mvc.IActionResult] PlayScene(Jam.ViewModels.StoryPlaying.PlaySceneViewModel) on controller Jam.Controllers.StoryPlayingController (Jam).
2025-11-01 22:37:20.088 +01:00 [WRN] [StoryPlayingController -> PlayScene:POST] Model state invalid
2025-11-01 22:37:20.088 +01:00 [INF] Executing ViewResult, running view PlayScene.
2025-11-01 22:37:20.092 +01:00 [INF] Executed ViewResult - view PlayScene executed in 4.2924ms.
2025-11-01 22:37:20.093 +01:00 [INF] Executed action Jam.Controllers.StoryPlayingController.PlayScene (Jam) in 9.2701ms
2025-11-01 22:37:20.093 +01:00 [INF] Executed endpoint 'Jam.Controllers.StoryPlayingController.PlayScene (Jam)'
2025-11-01 22:37:20.093 +01:00 [INF] Request finished HTTP/2 POST https://localhost:7025/StoryPlaying/PlayScene - 200 null text/html; charset=utf-8 63.6112ms
2025-11-01 22:37:22.343 +01:00 [INF] Request starting HTTP/2 POST https://localhost:7025/StoryPlaying/PlayScene - application/x-www-form-urlencoded 247
2025-11-01 22:37:22.345 +01:00 [INF] Executing endpoint 'Jam.Controllers.StoryPlayingController.PlayScene (Jam)'
2025-11-01 22:37:22.345 +01:00 [INF] Route matched with {action = "PlayScene", controller = "StoryPlaying", page = "", area = ""}. Executing controller action with signature System.Threading.Tasks.Task`1[Microsoft.AspNetCore.Mvc.IActionResult] PlayScene(Jam.ViewModels.StoryPlaying.PlaySceneViewModel) on controller Jam.Controllers.StoryPlayingController (Jam).
2025-11-01 22:37:22.347 +01:00 [WRN] [StoryPlayingController -> PlayScene:POST] Model state invalid
2025-11-01 22:37:22.347 +01:00 [INF] Executing ViewResult, running view PlayScene.
2025-11-01 22:37:22.349 +01:00 [INF] Executed ViewResult - view PlayScene executed in 1.7546ms.
2025-11-01 22:37:22.349 +01:00 [INF] Executed action Jam.Controllers.StoryPlayingController.PlayScene (Jam) in 4.2546ms
2025-11-01 22:37:22.349 +01:00 [INF] Executed endpoint 'Jam.Controllers.StoryPlayingController.PlayScene (Jam)'
2025-11-01 22:37:22.349 +01:00 [INF] Request finished HTTP/2 POST https://localhost:7025/StoryPlaying/PlayScene - 200 null text/html; charset=utf-8 5.9663ms
2025-11-01 22:37:23.879 +01:00 [INF] Request starting HTTP/2 POST https://localhost:7025/StoryPlaying/PlayScene - application/x-www-form-urlencoded 247
2025-11-01 22:37:23.882 +01:00 [INF] Executing endpoint 'Jam.Controllers.StoryPlayingController.PlayScene (Jam)'
2025-11-01 22:37:23.882 +01:00 [INF] Route matched with {action = "PlayScene", controller = "StoryPlaying", page = "", area = ""}. Executing controller action with signature System.Threading.Tasks.Task`1[Microsoft.AspNetCore.Mvc.IActionResult] PlayScene(Jam.ViewModels.StoryPlaying.PlaySceneViewModel) on controller Jam.Controllers.StoryPlayingController (Jam).
2025-11-01 22:37:23.885 +01:00 [WRN] [StoryPlayingController -> PlayScene:POST] Model state invalid
2025-11-01 22:37:23.886 +01:00 [INF] Executing ViewResult, running view PlayScene.
2025-11-01 22:37:23.888 +01:00 [INF] Executed ViewResult - view PlayScene executed in 2.4646ms.
2025-11-01 22:37:23.888 +01:00 [INF] Executed action Jam.Controllers.StoryPlayingController.PlayScene (Jam) in 6.2404ms
2025-11-01 22:37:23.888 +01:00 [INF] Executed endpoint 'Jam.Controllers.StoryPlayingController.PlayScene (Jam)'
2025-11-01 22:37:23.889 +01:00 [INF] Request finished HTTP/2 POST https://localhost:7025/StoryPlaying/PlayScene - 200 null text/html; charset=utf-8 60.3603ms
2025-11-01 22:37:24.486 +01:00 [INF] Request starting HTTP/2 POST https://localhost:7025/StoryPlaying/PlayScene - application/x-www-form-urlencoded 247
2025-11-01 22:37:24.488 +01:00 [INF] Executing endpoint 'Jam.Controllers.StoryPlayingController.PlayScene (Jam)'
2025-11-01 22:37:24.489 +01:00 [INF] Route matched with {action = "PlayScene", controller = "StoryPlaying", page = "", area = ""}. Executing controller action with signature System.Threading.Tasks.Task`1[Microsoft.AspNetCore.Mvc.IActionResult] PlayScene(Jam.ViewModels.StoryPlaying.PlaySceneViewModel) on controller Jam.Controllers.StoryPlayingController (Jam).
2025-11-01 22:37:24.492 +01:00 [WRN] [StoryPlayingController -> PlayScene:POST] Model state invalid
2025-11-01 22:37:24.492 +01:00 [INF] Executing ViewResult, running view PlayScene.
2025-11-01 22:37:24.494 +01:00 [INF] Executed ViewResult - view PlayScene executed in 2.5421ms.
2025-11-01 22:37:24.495 +01:00 [INF] Executed action Jam.Controllers.StoryPlayingController.PlayScene (Jam) in 5.8498ms
2025-11-01 22:37:24.495 +01:00 [INF] Executed endpoint 'Jam.Controllers.StoryPlayingController.PlayScene (Jam)'
2025-11-01 22:37:24.495 +01:00 [INF] Request finished HTTP/2 POST https://localhost:7025/StoryPlaying/PlayScene - 200 null text/html; charset=utf-8 9.1182ms
2025-11-01 22:37:24.976 +01:00 [INF] Request starting HTTP/2 POST https://localhost:7025/StoryPlaying/PlayScene - application/x-www-form-urlencoded 247
2025-11-01 22:37:24.977 +01:00 [INF] Executing endpoint 'Jam.Controllers.StoryPlayingController.PlayScene (Jam)'
2025-11-01 22:37:24.977 +01:00 [INF] Route matched with {action = "PlayScene", controller = "StoryPlaying", page = "", area = ""}. Executing controller action with signature System.Threading.Tasks.Task`1[Microsoft.AspNetCore.Mvc.IActionResult] PlayScene(Jam.ViewModels.StoryPlaying.PlaySceneViewModel) on controller Jam.Controllers.StoryPlayingController (Jam).
2025-11-01 22:37:24.980 +01:00 [WRN] [StoryPlayingController -> PlayScene:POST] Model state invalid
2025-11-01 22:37:24.980 +01:00 [INF] Executing ViewResult, running view PlayScene.
2025-11-01 22:37:24.982 +01:00 [INF] Executed ViewResult - view PlayScene executed in 1.6167ms.
2025-11-01 22:37:24.982 +01:00 [INF] Executed action Jam.Controllers.StoryPlayingController.PlayScene (Jam) in 4.1667ms
2025-11-01 22:37:24.982 +01:00 [INF] Executed endpoint 'Jam.Controllers.StoryPlayingController.PlayScene (Jam)'
2025-11-01 22:37:24.982 +01:00 [INF] Request finished HTTP/2 POST https://localhost:7025/StoryPlaying/PlayScene - 200 null text/html; charset=utf-8 6.4943ms
2025-11-01 22:37:25.426 +01:00 [INF] Request starting HTTP/2 POST https://localhost:7025/StoryPlaying/PlayScene - application/x-www-form-urlencoded 247
2025-11-01 22:37:25.428 +01:00 [INF] Executing endpoint 'Jam.Controllers.StoryPlayingController.PlayScene (Jam)'
2025-11-01 22:37:25.428 +01:00 [INF] Route matched with {action = "PlayScene", controller = "StoryPlaying", page = "", area = ""}. Executing controller action with signature System.Threading.Tasks.Task`1[Microsoft.AspNetCore.Mvc.IActionResult] PlayScene(Jam.ViewModels.StoryPlaying.PlaySceneViewModel) on controller Jam.Controllers.StoryPlayingController (Jam).
2025-11-01 22:37:25.432 +01:00 [WRN] [StoryPlayingController -> PlayScene:POST] Model state invalid
2025-11-01 22:37:25.433 +01:00 [INF] Executing ViewResult, running view PlayScene.
2025-11-01 22:37:25.435 +01:00 [INF] Executed ViewResult - view PlayScene executed in 2.4458ms.
2025-11-01 22:37:25.435 +01:00 [INF] Executed action Jam.Controllers.StoryPlayingController.PlayScene (Jam) in 6.811ms
2025-11-01 22:37:25.435 +01:00 [INF] Executed endpoint 'Jam.Controllers.StoryPlayingController.PlayScene (Jam)'
2025-11-01 22:37:25.435 +01:00 [INF] Request finished HTTP/2 POST https://localhost:7025/StoryPlaying/PlayScene - 200 null text/html; charset=utf-8 32.8674ms
2025-11-01 22:37:25.626 +01:00 [INF] Request starting HTTP/2 POST https://localhost:7025/StoryPlaying/PlayScene - application/x-www-form-urlencoded 247
2025-11-01 22:37:25.652 +01:00 [INF] Executing endpoint 'Jam.Controllers.StoryPlayingController.PlayScene (Jam)'
2025-11-01 22:37:25.652 +01:00 [INF] Route matched with {action = "PlayScene", controller = "StoryPlaying", page = "", area = ""}. Executing controller action with signature System.Threading.Tasks.Task`1[Microsoft.AspNetCore.Mvc.IActionResult] PlayScene(Jam.ViewModels.StoryPlaying.PlaySceneViewModel) on controller Jam.Controllers.StoryPlayingController (Jam).
2025-11-01 22:37:25.653 +01:00 [WRN] [StoryPlayingController -> PlayScene:POST] Model state invalid
2025-11-01 22:37:25.653 +01:00 [INF] Executing ViewResult, running view PlayScene.
2025-11-01 22:37:25.654 +01:00 [INF] Executed ViewResult - view PlayScene executed in 0.6627ms.
2025-11-01 22:37:25.654 +01:00 [INF] Executed action Jam.Controllers.StoryPlayingController.PlayScene (Jam) in 1.8804ms
2025-11-01 22:37:25.654 +01:00 [INF] Executed endpoint 'Jam.Controllers.StoryPlayingController.PlayScene (Jam)'
2025-11-01 22:37:25.654 +01:00 [INF] Request finished HTTP/2 POST https://localhost:7025/StoryPlaying/PlayScene - 200 null text/html; charset=utf-8 28.0105ms
2025-11-01 22:37:25.839 +01:00 [INF] Request starting HTTP/2 POST https://localhost:7025/StoryPlaying/PlayScene - application/x-www-form-urlencoded 247
2025-11-01 22:37:25.840 +01:00 [INF] Executing endpoint 'Jam.Controllers.StoryPlayingController.PlayScene (Jam)'
2025-11-01 22:37:25.840 +01:00 [INF] Route matched with {action = "PlayScene", controller = "StoryPlaying", page = "", area = ""}. Executing controller action with signature System.Threading.Tasks.Task`1[Microsoft.AspNetCore.Mvc.IActionResult] PlayScene(Jam.ViewModels.StoryPlaying.PlaySceneViewModel) on controller Jam.Controllers.StoryPlayingController (Jam).
2025-11-01 22:37:25.842 +01:00 [WRN] [StoryPlayingController -> PlayScene:POST] Model state invalid
2025-11-01 22:37:25.842 +01:00 [INF] Executing ViewResult, running view PlayScene.
2025-11-01 22:37:25.843 +01:00 [INF] Executed ViewResult - view PlayScene executed in 0.9173ms.
2025-11-01 22:37:25.843 +01:00 [INF] Executed action Jam.Controllers.StoryPlayingController.PlayScene (Jam) in 2.8219ms
2025-11-01 22:37:25.843 +01:00 [INF] Executed endpoint 'Jam.Controllers.StoryPlayingController.PlayScene (Jam)'
2025-11-01 22:37:25.843 +01:00 [INF] Request finished HTTP/2 POST https://localhost:7025/StoryPlaying/PlayScene - 200 null text/html; charset=utf-8 4.484ms
2025-11-01 22:37:26.038 +01:00 [INF] Request starting HTTP/2 POST https://localhost:7025/StoryPlaying/PlayScene - application/x-www-form-urlencoded 247
2025-11-01 22:37:26.040 +01:00 [INF] Executing endpoint 'Jam.Controllers.StoryPlayingController.PlayScene (Jam)'
2025-11-01 22:37:26.040 +01:00 [INF] Route matched with {action = "PlayScene", controller = "StoryPlaying", page = "", area = ""}. Executing controller action with signature System.Threading.Tasks.Task`1[Microsoft.AspNetCore.Mvc.IActionResult] PlayScene(Jam.ViewModels.StoryPlaying.PlaySceneViewModel) on controller Jam.Controllers.StoryPlayingController (Jam).
2025-11-01 22:37:26.042 +01:00 [WRN] [StoryPlayingController -> PlayScene:POST] Model state invalid
2025-11-01 22:37:26.042 +01:00 [INF] Executing ViewResult, running view PlayScene.
2025-11-01 22:37:26.044 +01:00 [INF] Executed ViewResult - view PlayScene executed in 1.7081ms.
2025-11-01 22:37:26.044 +01:00 [INF] Executed action Jam.Controllers.StoryPlayingController.PlayScene (Jam) in 3.9249ms
2025-11-01 22:37:26.044 +01:00 [INF] Executed endpoint 'Jam.Controllers.StoryPlayingController.PlayScene (Jam)'
2025-11-01 22:37:26.044 +01:00 [INF] Request finished HTTP/2 POST https://localhost:7025/StoryPlaying/PlayScene - 200 null text/html; charset=utf-8 6.0373ms
2025-11-01 22:37:26.259 +01:00 [INF] Request starting HTTP/2 POST https://localhost:7025/StoryPlaying/PlayScene - application/x-www-form-urlencoded 247
2025-11-01 22:37:26.286 +01:00 [INF] Executing endpoint 'Jam.Controllers.StoryPlayingController.PlayScene (Jam)'
2025-11-01 22:37:26.286 +01:00 [INF] Route matched with {action = "PlayScene", controller = "StoryPlaying", page = "", area = ""}. Executing controller action with signature System.Threading.Tasks.Task`1[Microsoft.AspNetCore.Mvc.IActionResult] PlayScene(Jam.ViewModels.StoryPlaying.PlaySceneViewModel) on controller Jam.Controllers.StoryPlayingController (Jam).
2025-11-01 22:37:26.289 +01:00 [WRN] [StoryPlayingController -> PlayScene:POST] Model state invalid
2025-11-01 22:37:26.289 +01:00 [INF] Executing ViewResult, running view PlayScene.
2025-11-01 22:37:26.291 +01:00 [INF] Executed ViewResult - view PlayScene executed in 1.2405ms.
2025-11-01 22:37:26.291 +01:00 [INF] Executed action Jam.Controllers.StoryPlayingController.PlayScene (Jam) in 4.4026ms
2025-11-01 22:37:26.291 +01:00 [INF] Executed endpoint 'Jam.Controllers.StoryPlayingController.PlayScene (Jam)'
2025-11-01 22:37:26.291 +01:00 [INF] Request finished HTTP/2 POST https://localhost:7025/StoryPlaying/PlayScene - 200 null text/html; charset=utf-8 32.4056ms
2025-11-01 22:37:30.732 +01:00 [INF] Request starting HTTP/2 GET https://localhost:7025/ - null null
2025-11-01 22:37:30.734 +01:00 [INF] Executing endpoint 'Jam.Controllers.HomeController.Index (Jam)'
2025-11-01 22:37:30.735 +01:00 [INF] Route matched with {action = "Index", controller = "Home", page = "", area = ""}. Executing controller action with signature System.Threading.Tasks.Task`1[Microsoft.AspNetCore.Mvc.IActionResult] Index() on controller Jam.Controllers.HomeController (Jam).
2025-11-01 22:37:30.750 +01:00 [INF] Executing ViewResult, running view Index.
2025-11-01 22:37:30.831 +01:00 [INF] Executed ViewResult - view Index executed in 81.1108ms.
2025-11-01 22:37:30.831 +01:00 [INF] Executed action Jam.Controllers.HomeController.Index (Jam) in 96.4677ms
2025-11-01 22:37:30.831 +01:00 [INF] Executed endpoint 'Jam.Controllers.HomeController.Index (Jam)'
2025-11-01 22:37:30.832 +01:00 [INF] Request finished HTTP/2 GET https://localhost:7025/ - 200 null text/html; charset=utf-8 100.3754ms
2025-11-01 22:37:34.146 +01:00 [INF] Request starting HTTP/2 GET https://localhost:7025/StoryPlaying/StartStory?storyId=1 - null null
2025-11-01 22:37:34.148 +01:00 [INF] Executing endpoint 'Jam.Controllers.StoryPlayingController.StartStory (Jam)'
2025-11-01 22:37:34.148 +01:00 [INF] Route matched with {action = "StartStory", controller = "StoryPlaying", page = "", area = ""}. Executing controller action with signature System.Threading.Tasks.Task`1[Microsoft.AspNetCore.Mvc.IActionResult] StartStory(Int32) on controller Jam.Controllers.StoryPlayingController (Jam).
2025-11-01 22:37:34.164 +01:00 [INF] Executing RedirectResult, redirecting to /StoryPlaying/PlayScene?sceneId=3&SceneType=Intro&sessionId=4.
2025-11-01 22:37:34.164 +01:00 [INF] Executed action Jam.Controllers.StoryPlayingController.StartStory (Jam) in 16.1033ms
2025-11-01 22:37:34.164 +01:00 [INF] Executed endpoint 'Jam.Controllers.StoryPlayingController.StartStory (Jam)'
2025-11-01 22:37:34.164 +01:00 [INF] Request finished HTTP/2 GET https://localhost:7025/StoryPlaying/StartStory?storyId=1 - 302 0 null 18.1257ms
2025-11-01 22:37:34.167 +01:00 [INF] Request starting HTTP/2 GET https://localhost:7025/StoryPlaying/PlayScene?sceneId=3&SceneType=Intro&sessionId=4 - null null
2025-11-01 22:37:34.168 +01:00 [INF] Executing endpoint 'Jam.Controllers.StoryPlayingController.PlayScene (Jam)'
2025-11-01 22:37:34.168 +01:00 [INF] Route matched with {action = "PlayScene", controller = "StoryPlaying", page = "", area = ""}. Executing controller action with signature System.Threading.Tasks.Task`1[Microsoft.AspNetCore.Mvc.IActionResult] PlayScene(Int32, Jam.Models.Enums.SceneType, Int32) on controller Jam.Controllers.StoryPlayingController (Jam).
2025-11-01 22:37:34.171 +01:00 [INF] Executing ViewResult, running view PlayScene.
2025-11-01 22:37:34.172 +01:00 [INF] Executed ViewResult - view PlayScene executed in 0.7339ms.
2025-11-01 22:37:34.172 +01:00 [INF] Executed action Jam.Controllers.StoryPlayingController.PlayScene (Jam) in 3.7613ms
2025-11-01 22:37:34.172 +01:00 [INF] Executed endpoint 'Jam.Controllers.StoryPlayingController.PlayScene (Jam)'
2025-11-01 22:37:34.172 +01:00 [INF] Request finished HTTP/2 GET https://localhost:7025/StoryPlaying/PlayScene?sceneId=3&SceneType=Intro&sessionId=4 - 200 null text/html; charset=utf-8 4.6766ms
2025-11-01 22:37:44.894 +01:00 [INF] Request starting HTTP/2 POST https://localhost:7025/StoryPlaying/PlayScene - application/x-www-form-urlencoded 247
2025-11-01 22:37:44.922 +01:00 [INF] Executing endpoint 'Jam.Controllers.StoryPlayingController.PlayScene (Jam)'
2025-11-01 22:37:44.922 +01:00 [INF] Route matched with {action = "PlayScene", controller = "StoryPlaying", page = "", area = ""}. Executing controller action with signature System.Threading.Tasks.Task`1[Microsoft.AspNetCore.Mvc.IActionResult] PlayScene(Jam.ViewModels.StoryPlaying.PlaySceneViewModel) on controller Jam.Controllers.StoryPlayingController (Jam).
2025-11-01 22:37:44.925 +01:00 [WRN] [StoryPlayingController -> PlayScene:POST] Model state invalid
2025-11-01 22:37:44.926 +01:00 [INF] Executing ViewResult, running view PlayScene.
2025-11-01 22:37:44.928 +01:00 [INF] Executed ViewResult - view PlayScene executed in 2.223ms.
2025-11-01 22:37:44.928 +01:00 [INF] Executed action Jam.Controllers.StoryPlayingController.PlayScene (Jam) in 5.3058ms
2025-11-01 22:37:44.928 +01:00 [INF] Executed endpoint 'Jam.Controllers.StoryPlayingController.PlayScene (Jam)'
2025-11-01 22:37:44.928 +01:00 [INF] Request finished HTTP/2 POST https://localhost:7025/StoryPlaying/PlayScene - 200 null text/html; charset=utf-8 59.4688ms
2025-11-01 22:37:47.981 +01:00 [INF] Request starting HTTP/2 POST https://localhost:7025/StoryPlaying/PlayScene - application/x-www-form-urlencoded 247
2025-11-01 22:37:47.983 +01:00 [INF] Executing endpoint 'Jam.Controllers.StoryPlayingController.PlayScene (Jam)'
2025-11-01 22:37:47.984 +01:00 [INF] Route matched with {action = "PlayScene", controller = "StoryPlaying", page = "", area = ""}. Executing controller action with signature System.Threading.Tasks.Task`1[Microsoft.AspNetCore.Mvc.IActionResult] PlayScene(Jam.ViewModels.StoryPlaying.PlaySceneViewModel) on controller Jam.Controllers.StoryPlayingController (Jam).
2025-11-01 22:37:47.986 +01:00 [WRN] [StoryPlayingController -> PlayScene:POST] Model state invalid
2025-11-01 22:37:47.987 +01:00 [INF] Executing ViewResult, running view PlayScene.
2025-11-01 22:37:47.989 +01:00 [INF] Executed ViewResult - view PlayScene executed in 2.173ms.
2025-11-01 22:37:47.989 +01:00 [INF] Executed action Jam.Controllers.StoryPlayingController.PlayScene (Jam) in 5.4872ms
2025-11-01 22:37:47.989 +01:00 [INF] Executed endpoint 'Jam.Controllers.StoryPlayingController.PlayScene (Jam)'
2025-11-01 22:37:47.989 +01:00 [INF] Request finished HTTP/2 POST https://localhost:7025/StoryPlaying/PlayScene - 200 null text/html; charset=utf-8 8.5655ms
2025-11-01 22:37:49.348 +01:00 [INF] Request starting HTTP/2 GET https://localhost:7025/ - null null
2025-11-01 22:37:49.350 +01:00 [INF] Executing endpoint 'Jam.Controllers.HomeController.Index (Jam)'
2025-11-01 22:37:49.350 +01:00 [INF] Route matched with {action = "Index", controller = "Home", page = "", area = ""}. Executing controller action with signature System.Threading.Tasks.Task`1[Microsoft.AspNetCore.Mvc.IActionResult] Index() on controller Jam.Controllers.HomeController (Jam).
2025-11-01 22:37:49.363 +01:00 [INF] Executing ViewResult, running view Index.
2025-11-01 22:37:49.416 +01:00 [INF] Executed ViewResult - view Index executed in 53.1625ms.
2025-11-01 22:37:49.417 +01:00 [INF] Executed action Jam.Controllers.HomeController.Index (Jam) in 66.0618ms
2025-11-01 22:37:49.417 +01:00 [INF] Executed endpoint 'Jam.Controllers.HomeController.Index (Jam)'
2025-11-01 22:37:49.417 +01:00 [INF] Request finished HTTP/2 GET https://localhost:7025/ - 200 null text/html; charset=utf-8 68.7629ms
2025-11-01 22:37:51.193 +01:00 [INF] Request starting HTTP/2 GET https://localhost:7025/StoryPlaying/StartStory?storyId=1 - null null
2025-11-01 22:37:51.195 +01:00 [INF] Executing endpoint 'Jam.Controllers.StoryPlayingController.StartStory (Jam)'
2025-11-01 22:37:51.195 +01:00 [INF] Route matched with {action = "StartStory", controller = "StoryPlaying", page = "", area = ""}. Executing controller action with signature System.Threading.Tasks.Task`1[Microsoft.AspNetCore.Mvc.IActionResult] StartStory(Int32) on controller Jam.Controllers.StoryPlayingController (Jam).
2025-11-01 22:37:51.213 +01:00 [INF] Executing RedirectResult, redirecting to /StoryPlaying/PlayScene?sceneId=3&SceneType=Intro&sessionId=5.
2025-11-01 22:37:51.213 +01:00 [INF] Executed action Jam.Controllers.StoryPlayingController.StartStory (Jam) in 18.2411ms
2025-11-01 22:37:51.213 +01:00 [INF] Executed endpoint 'Jam.Controllers.StoryPlayingController.StartStory (Jam)'
2025-11-01 22:37:51.214 +01:00 [INF] Request finished HTTP/2 GET https://localhost:7025/StoryPlaying/StartStory?storyId=1 - 302 0 null 20.3086ms
2025-11-01 22:37:51.292 +01:00 [INF] Request starting HTTP/2 GET https://localhost:7025/StoryPlaying/PlayScene?sceneId=3&SceneType=Intro&sessionId=5 - null null
2025-11-01 22:37:51.293 +01:00 [INF] Executing endpoint 'Jam.Controllers.StoryPlayingController.PlayScene (Jam)'
2025-11-01 22:37:51.293 +01:00 [INF] Route matched with {action = "PlayScene", controller = "StoryPlaying", page = "", area = ""}. Executing controller action with signature System.Threading.Tasks.Task`1[Microsoft.AspNetCore.Mvc.IActionResult] PlayScene(Int32, Jam.Models.Enums.SceneType, Int32) on controller Jam.Controllers.StoryPlayingController (Jam).
2025-11-01 22:37:51.298 +01:00 [INF] Executing ViewResult, running view PlayScene.
2025-11-01 22:37:51.298 +01:00 [INF] Executed ViewResult - view PlayScene executed in 0.773ms.
2025-11-01 22:37:51.298 +01:00 [INF] Executed action Jam.Controllers.StoryPlayingController.PlayScene (Jam) in 5.6669ms
2025-11-01 22:37:51.298 +01:00 [INF] Executed endpoint 'Jam.Controllers.StoryPlayingController.PlayScene (Jam)'
2025-11-01 22:37:51.298 +01:00 [INF] Request finished HTTP/2 GET https://localhost:7025/StoryPlaying/PlayScene?sceneId=3&SceneType=Intro&sessionId=5 - 200 null text/html; charset=utf-8 6.8297ms
2025-11-01 22:37:52.503 +01:00 [INF] Request starting HTTP/2 POST https://localhost:7025/StoryPlaying/PlayScene - application/x-www-form-urlencoded 247
2025-11-01 22:37:52.505 +01:00 [INF] Executing endpoint 'Jam.Controllers.StoryPlayingController.PlayScene (Jam)'
2025-11-01 22:37:52.505 +01:00 [INF] Route matched with {action = "PlayScene", controller = "StoryPlaying", page = "", area = ""}. Executing controller action with signature System.Threading.Tasks.Task`1[Microsoft.AspNetCore.Mvc.IActionResult] PlayScene(Jam.ViewModels.StoryPlaying.PlaySceneViewModel) on controller Jam.Controllers.StoryPlayingController (Jam).
2025-11-01 22:37:52.508 +01:00 [WRN] [StoryPlayingController -> PlayScene:POST] Model state invalid
2025-11-01 22:37:52.508 +01:00 [INF] Executing ViewResult, running view PlayScene.
2025-11-01 22:37:52.509 +01:00 [INF] Executed ViewResult - view PlayScene executed in 1.2897ms.
2025-11-01 22:37:52.509 +01:00 [INF] Executed action Jam.Controllers.StoryPlayingController.PlayScene (Jam) in 4.1987ms
2025-11-01 22:37:52.509 +01:00 [INF] Executed endpoint 'Jam.Controllers.StoryPlayingController.PlayScene (Jam)'
2025-11-01 22:37:52.510 +01:00 [INF] Request finished HTTP/2 POST https://localhost:7025/StoryPlaying/PlayScene - 200 null text/html; charset=utf-8 6.675ms
2025-11-01 22:37:53.794 +01:00 [INF] Request starting HTTP/2 POST https://localhost:7025/StoryPlaying/PlayScene - application/x-www-form-urlencoded 247
2025-11-01 22:37:53.847 +01:00 [INF] Executing endpoint 'Jam.Controllers.StoryPlayingController.PlayScene (Jam)'
2025-11-01 22:37:53.847 +01:00 [INF] Route matched with {action = "PlayScene", controller = "StoryPlaying", page = "", area = ""}. Executing controller action with signature System.Threading.Tasks.Task`1[Microsoft.AspNetCore.Mvc.IActionResult] PlayScene(Jam.ViewModels.StoryPlaying.PlaySceneViewModel) on controller Jam.Controllers.StoryPlayingController (Jam).
2025-11-01 22:37:53.850 +01:00 [WRN] [StoryPlayingController -> PlayScene:POST] Model state invalid
2025-11-01 22:37:53.851 +01:00 [INF] Executing ViewResult, running view PlayScene.
2025-11-01 22:37:53.852 +01:00 [INF] Executed ViewResult - view PlayScene executed in 1.4644ms.
2025-11-01 22:37:53.852 +01:00 [INF] Executed action Jam.Controllers.StoryPlayingController.PlayScene (Jam) in 4.571ms
2025-11-01 22:37:53.852 +01:00 [INF] Executed endpoint 'Jam.Controllers.StoryPlayingController.PlayScene (Jam)'
2025-11-01 22:37:53.852 +01:00 [INF] Request finished HTTP/2 POST https://localhost:7025/StoryPlaying/PlayScene - 200 null text/html; charset=utf-8 58.4363ms
2025-11-01 22:37:54.438 +01:00 [INF] Request starting HTTP/2 POST https://localhost:7025/StoryPlaying/PlayScene - application/x-www-form-urlencoded 247
2025-11-01 22:37:54.439 +01:00 [INF] Executing endpoint 'Jam.Controllers.StoryPlayingController.PlayScene (Jam)'
2025-11-01 22:37:54.439 +01:00 [INF] Route matched with {action = "PlayScene", controller = "StoryPlaying", page = "", area = ""}. Executing controller action with signature System.Threading.Tasks.Task`1[Microsoft.AspNetCore.Mvc.IActionResult] PlayScene(Jam.ViewModels.StoryPlaying.PlaySceneViewModel) on controller Jam.Controllers.StoryPlayingController (Jam).
2025-11-01 22:37:54.441 +01:00 [WRN] [StoryPlayingController -> PlayScene:POST] Model state invalid
2025-11-01 22:37:54.441 +01:00 [INF] Executing ViewResult, running view PlayScene.
2025-11-01 22:37:54.443 +01:00 [INF] Executed ViewResult - view PlayScene executed in 1.3901ms.
2025-11-01 22:37:54.443 +01:00 [INF] Executed action Jam.Controllers.StoryPlayingController.PlayScene (Jam) in 3.6002ms
2025-11-01 22:37:54.443 +01:00 [INF] Executed endpoint 'Jam.Controllers.StoryPlayingController.PlayScene (Jam)'
2025-11-01 22:37:54.443 +01:00 [INF] Request finished HTTP/2 POST https://localhost:7025/StoryPlaying/PlayScene - 200 null text/html; charset=utf-8 5.3992ms
