2025-10-30 18:37:50.656 +01:00 [INF] Applying migration '20251024065541_InitialCreate'.
2025-10-30 18:37:51.166 +01:00 [INF] User profile is available. Using '/Users/michaelnedgaardisaksen/.aspnet/DataProtection-Keys' as key repository; keys will not be encrypted at rest.
2025-10-30 18:37:51.528 +01:00 [INF] Now listening on: https://localhost:7025
2025-10-30 18:37:51.529 +01:00 [INF] Now listening on: http://localhost:5262
2025-10-30 18:37:51.535 +01:00 [INF] Application started. Press Ctrl+C to shut down.
2025-10-30 18:37:51.537 +01:00 [INF] Hosting environment: Development
2025-10-30 18:37:51.538 +01:00 [INF] Content root path: /Users/michaelnedgaardisaksen/Documents/ITPE3100_Webapplikasjoner/Demo-Jam/Jam
2025-10-30 18:37:51.961 +01:00 [INF] Request starting HTTP/2 GET https://localhost:7025/ - null null
2025-10-30 18:37:51.983 +01:00 [INF] Executing endpoint 'Jam.Controllers.HomeController.Index (Jam)'
2025-10-30 18:37:51.995 +01:00 [INF] Route matched with {action = "Index", controller = "Home"}. Executing controller action with signature System.Threading.Tasks.Task`1[Microsoft.AspNetCore.Mvc.IActionResult] Index() on controller Jam.Controllers.HomeController (Jam).
2025-10-30 18:37:52.160 +01:00 [INF] Executing ViewResult, running view Index.
2025-10-30 18:37:52.211 +01:00 [INF] Executed ViewResult - view Index executed in 51.0875ms.
2025-10-30 18:37:52.213 +01:00 [INF] Executed action Jam.Controllers.HomeController.Index (Jam) in 217.7759ms
2025-10-30 18:37:52.213 +01:00 [INF] Executed endpoint 'Jam.Controllers.HomeController.Index (Jam)'
2025-10-30 18:37:52.220 +01:00 [INF] Request finished HTTP/2 GET https://localhost:7025/ - 200 null text/html; charset=utf-8 261.1124ms
2025-10-30 18:37:54.528 +01:00 [INF] Request starting HTTP/2 GET https://localhost:7025/StoryCreation/CreateStoryAndIntro - null null
2025-10-30 18:37:54.533 +01:00 [INF] Executing endpoint 'Jam.Controllers.StoryCreationController.CreateStoryAndIntro (Jam)'
2025-10-30 18:37:54.540 +01:00 [INF] Route matched with {action = "CreateStoryAndIntro", controller = "StoryCreation"}. Executing controller action with signature Microsoft.AspNetCore.Mvc.IActionResult CreateStoryAndIntro() on controller Jam.Controllers.StoryCreationController (Jam).
2025-10-30 18:37:54.549 +01:00 [INF] Executing ViewResult, running view CreateStoryAndIntro.
2025-10-30 18:37:54.584 +01:00 [INF] Executed ViewResult - view CreateStoryAndIntro executed in 36.2031ms.
2025-10-30 18:37:54.584 +01:00 [INF] Executed action Jam.Controllers.StoryCreationController.CreateStoryAndIntro (Jam) in 44.2265ms
2025-10-30 18:37:54.585 +01:00 [INF] Executed endpoint 'Jam.Controllers.StoryCreationController.CreateStoryAndIntro (Jam)'
2025-10-30 18:37:54.585 +01:00 [INF] Request finished HTTP/2 GET https://localhost:7025/StoryCreation/CreateStoryAndIntro - 200 null text/html; charset=utf-8 57.1802ms
2025-10-30 18:38:08.175 +01:00 [INF] Request starting HTTP/2 POST https://localhost:7025/StoryCreation/CreateStoryAndIntro - application/x-www-form-urlencoded 310
2025-10-30 18:38:08.280 +01:00 [INF] Executing endpoint 'Jam.Controllers.StoryCreationController.CreateStoryAndIntro (Jam)'
2025-10-30 18:38:08.297 +01:00 [INF] Route matched with {action = "CreateStoryAndIntro", controller = "StoryCreation"}. Executing controller action with signature System.Threading.Tasks.Task`1[Microsoft.AspNetCore.Mvc.IActionResult] CreateStoryAndIntro(Jam.ViewModels.StoryCreation.CreateStoryAndIntroViewModel) on controller Jam.Controllers.StoryCreationController (Jam).
2025-10-30 18:38:08.360 +01:00 [INF] Executing RedirectResult, redirecting to /StoryCreation/CreateQuestionScenes?storyId=4.
2025-10-30 18:38:08.361 +01:00 [INF] Executed action Jam.Controllers.StoryCreationController.CreateStoryAndIntro (Jam) in 63.645ms
2025-10-30 18:38:08.361 +01:00 [INF] Executed endpoint 'Jam.Controllers.StoryCreationController.CreateStoryAndIntro (Jam)'
2025-10-30 18:38:08.361 +01:00 [INF] Request finished HTTP/2 POST https://localhost:7025/StoryCreation/CreateStoryAndIntro - 302 0 null 185.8632ms
2025-10-30 18:38:08.366 +01:00 [INF] Request starting HTTP/2 GET https://localhost:7025/StoryCreation/CreateQuestionScenes?storyId=4 - null null
2025-10-30 18:38:08.367 +01:00 [INF] Executing endpoint 'Jam.Controllers.StoryCreationController.CreateQuestionScenes (Jam)'
2025-10-30 18:38:08.367 +01:00 [INF] Route matched with {action = "CreateQuestionScenes", controller = "StoryCreation"}. Executing controller action with signature Microsoft.AspNetCore.Mvc.IActionResult CreateQuestionScenes(Int32, System.Nullable`1[System.Int32]) on controller Jam.Controllers.StoryCreationController (Jam).
2025-10-30 18:38:08.370 +01:00 [INF] Executing ViewResult, running view CreateQuestionScenes.
2025-10-30 18:38:08.434 +01:00 [INF] Executed ViewResult - view CreateQuestionScenes executed in 41.9254ms.
2025-10-30 18:38:08.435 +01:00 [INF] Executed action Jam.Controllers.StoryCreationController.CreateQuestionScenes (Jam) in 67.2727ms
2025-10-30 18:38:08.435 +01:00 [INF] Executed endpoint 'Jam.Controllers.StoryCreationController.CreateQuestionScenes (Jam)'
2025-10-30 18:38:08.435 +01:00 [INF] Request finished HTTP/2 GET https://localhost:7025/StoryCreation/CreateQuestionScenes?storyId=4 - 200 null text/html; charset=utf-8 68.6269ms
2025-10-30 18:38:40.030 +01:00 [INF] Request starting HTTP/2 GET https://localhost:7025/StoryCreation/GetQuestionScenePartial?index=1 - null null
2025-10-30 18:38:40.034 +01:00 [INF] Executing endpoint 'Jam.Controllers.StoryCreationController.GetQuestionScenePartial (Jam)'
2025-10-30 18:38:40.040 +01:00 [INF] Route matched with {action = "GetQuestionScenePartial", controller = "StoryCreation"}. Executing controller action with signature Microsoft.AspNetCore.Mvc.IActionResult GetQuestionScenePartial(Int32) on controller Jam.Controllers.StoryCreationController (Jam).
2025-10-30 18:38:40.046 +01:00 [INF] Executing PartialViewResult, running view _QuestionScenePartial.
2025-10-30 18:38:40.082 +01:00 [INF] Executed PartialViewResult - view _QuestionScenePartial executed in 36.8464ms.
2025-10-30 18:38:40.082 +01:00 [INF] Executed action Jam.Controllers.StoryCreationController.GetQuestionScenePartial (Jam) in 41.836ms
2025-10-30 18:38:40.082 +01:00 [INF] Executed endpoint 'Jam.Controllers.StoryCreationController.GetQuestionScenePartial (Jam)'
2025-10-30 18:38:40.083 +01:00 [INF] Request finished HTTP/2 GET https://localhost:7025/StoryCreation/GetQuestionScenePartial?index=1 - 200 null text/html; charset=utf-8 52.8359ms
2025-10-30 18:39:17.889 +01:00 [INF] Request starting HTTP/2 POST https://localhost:7025/StoryCreation/CreateQuestionScenes - application/x-www-form-urlencoded 1212
2025-10-30 18:39:17.994 +01:00 [INF] Executing endpoint 'Jam.Controllers.StoryCreationController.CreateQuestionScenes (Jam)'
2025-10-30 18:39:18.006 +01:00 [INF] Route matched with {action = "CreateQuestionScenes", controller = "StoryCreation"}. Executing controller action with signature System.Threading.Tasks.Task`1[Microsoft.AspNetCore.Mvc.IActionResult] CreateQuestionScenes(Jam.ViewModels.StoryCreation.CreateMultipleQuestionScenesViewModel) on controller Jam.Controllers.StoryCreationController (Jam).
2025-10-30 18:39:18.030 +01:00 [INF] Executing RedirectResult, redirecting to /StoryCreation/CreateEndings?storyId=4.
2025-10-30 18:39:18.030 +01:00 [INF] Executed action Jam.Controllers.StoryCreationController.CreateQuestionScenes (Jam) in 24.0614ms
2025-10-30 18:39:18.030 +01:00 [INF] Executed endpoint 'Jam.Controllers.StoryCreationController.CreateQuestionScenes (Jam)'
2025-10-30 18:39:18.030 +01:00 [INF] Request finished HTTP/2 POST https://localhost:7025/StoryCreation/CreateQuestionScenes - 302 0 null 141.1603ms
2025-10-30 18:39:18.033 +01:00 [INF] Request starting HTTP/2 GET https://localhost:7025/StoryCreation/CreateEndings?storyId=4 - null null
2025-10-30 18:39:18.033 +01:00 [INF] Executing endpoint 'Jam.Controllers.StoryCreationController.CreateEndings (Jam)'
2025-10-30 18:39:18.034 +01:00 [INF] Route matched with {action = "CreateEndings", controller = "StoryCreation"}. Executing controller action with signature Microsoft.AspNetCore.Mvc.IActionResult CreateEndings(Int32) on controller Jam.Controllers.StoryCreationController (Jam).
2025-10-30 18:39:18.035 +01:00 [INF] Executing ViewResult, running view CreateEndings.
2025-10-30 18:39:18.044 +01:00 [INF] Executed ViewResult - view CreateEndings executed in 9.2943ms.
2025-10-30 18:39:18.044 +01:00 [INF] Executed action Jam.Controllers.StoryCreationController.CreateEndings (Jam) in 9.889ms
2025-10-30 18:39:18.044 +01:00 [INF] Executed endpoint 'Jam.Controllers.StoryCreationController.CreateEndings (Jam)'
2025-10-30 18:39:18.044 +01:00 [INF] Request finished HTTP/2 GET https://localhost:7025/StoryCreation/CreateEndings?storyId=4 - 200 null text/html; charset=utf-8 11.0396ms
2025-10-30 18:39:30.183 +01:00 [INF] Request starting HTTP/2 POST https://localhost:7025/StoryCreation/CreateEndings - application/x-www-form-urlencoded 256
2025-10-30 18:39:30.212 +01:00 [INF] Executing endpoint 'Jam.Controllers.StoryCreationController.CreateEndings (Jam)'
2025-10-30 18:39:30.218 +01:00 [INF] Route matched with {action = "CreateEndings", controller = "StoryCreation"}. Executing controller action with signature System.Threading.Tasks.Task`1[Microsoft.AspNetCore.Mvc.IActionResult] CreateEndings(Jam.ViewModels.StoryCreation.CreateEndingsViewModel) on controller Jam.Controllers.StoryCreationController (Jam).
2025-10-30 18:39:30.233 +01:00 [INF] Executing RedirectResult, redirecting to /.
2025-10-30 18:39:30.233 +01:00 [INF] Executed action Jam.Controllers.StoryCreationController.CreateEndings (Jam) in 15.1413ms
2025-10-30 18:39:30.233 +01:00 [INF] Executed endpoint 'Jam.Controllers.StoryCreationController.CreateEndings (Jam)'
2025-10-30 18:39:30.233 +01:00 [INF] Request finished HTTP/2 POST https://localhost:7025/StoryCreation/CreateEndings - 302 0 null 50.5385ms
2025-10-30 18:39:30.262 +01:00 [INF] Request starting HTTP/2 GET https://localhost:7025/ - null null
2025-10-30 18:39:30.262 +01:00 [INF] Executing endpoint 'Jam.Controllers.HomeController.Index (Jam)'
2025-10-30 18:39:30.263 +01:00 [INF] Route matched with {action = "Index", controller = "Home"}. Executing controller action with signature System.Threading.Tasks.Task`1[Microsoft.AspNetCore.Mvc.IActionResult] Index() on controller Jam.Controllers.HomeController (Jam).
2025-10-30 18:39:30.275 +01:00 [INF] Executing ViewResult, running view Index.
2025-10-30 18:39:30.331 +01:00 [INF] Executed ViewResult - view Index executed in 55.5725ms.
2025-10-30 18:39:30.331 +01:00 [INF] Executed action Jam.Controllers.HomeController.Index (Jam) in 68.2792ms
2025-10-30 18:39:30.332 +01:00 [INF] Executed endpoint 'Jam.Controllers.HomeController.Index (Jam)'
2025-10-30 18:39:30.332 +01:00 [INF] Request finished HTTP/2 GET https://localhost:7025/ - 200 null text/html; charset=utf-8 70.2529ms
