2025-11-06 15:11:50.862 +01:00 [INF] User profile is available. Using '/Users/jaraazad/.aspnet/DataProtection-Keys' as key repository; keys will not be encrypted at rest.
2025-11-06 15:11:51.382 +01:00 [INF] Applying migration '20251024065541_InitialCreate'.
2025-11-06 15:11:51.419 +01:00 [INF] Applying migration '20251101105657_AddIdentitySupport'.
2025-11-06 15:11:51.459 +01:00 [INF] Applying migration '20251103080324_UpdateNextQuestionSceneDeleteBehavior'.
2025-11-06 15:11:52.402 +01:00 [INF] Now listening on: https://localhost:7025
2025-11-06 15:11:52.403 +01:00 [INF] Now listening on: http://localhost:5262
2025-11-06 15:11:52.408 +01:00 [INF] Application started. Press Ctrl+C to shut down.
2025-11-06 15:11:52.409 +01:00 [INF] Hosting environment: Development
2025-11-06 15:11:52.409 +01:00 [INF] Content root path: /Users/jaraazad/Desktop/Jam
2025-11-06 15:11:52.741 +01:00 [INF] Request starting HTTP/2 GET https://localhost:7025/ - null null
2025-11-06 15:11:52.772 +01:00 [INF] Executing endpoint 'Jam.Controllers.HomeController.Index (Jam)'
2025-11-06 15:11:52.779 +01:00 [INF] Route matched with {action = "Index", controller = "Home", page = "", area = ""}. Executing controller action with signature System.Threading.Tasks.Task`1[Microsoft.AspNetCore.Mvc.IActionResult] Index() on controller Jam.Controllers.HomeController (Jam).
2025-11-06 15:11:52.817 +01:00 [WRN] [HomeController -> Index] Auth cookie invalid or user no longer exists. Redirecting to login.
2025-11-06 15:11:52.821 +01:00 [INF] AuthenticationScheme: Identity.Application signed out.
2025-11-06 15:11:52.822 +01:00 [INF] AuthenticationScheme: Identity.External signed out.
2025-11-06 15:11:52.822 +01:00 [INF] AuthenticationScheme: Identity.TwoFactorUserId signed out.
2025-11-06 15:11:52.823 +01:00 [INF] Executing LocalRedirectResult, redirecting to /Identity/Account/Login.
2025-11-06 15:11:52.825 +01:00 [INF] Executed action Jam.Controllers.HomeController.Index (Jam) in 44.4264ms
2025-11-06 15:11:52.826 +01:00 [INF] Executed endpoint 'Jam.Controllers.HomeController.Index (Jam)'
2025-11-06 15:11:52.833 +01:00 [INF] Request finished HTTP/2 GET https://localhost:7025/ - 302 0 null 92.399ms
2025-11-06 15:11:52.864 +01:00 [INF] Request starting HTTP/2 GET https://localhost:7025/Identity/Account/Login - null null
2025-11-06 15:11:52.869 +01:00 [INF] Executing endpoint '/Account/Login'
2025-11-06 15:11:52.881 +01:00 [INF] Route matched with {page = "/Account/Login", area = "Identity", action = "", controller = ""}. Executing page /Account/Login
2025-11-06 15:11:52.890 +01:00 [INF] Executing handler method Jam.Areas.Identity.Pages.Account.LoginModel.OnGetAsync - ModelState is "Valid"
2025-11-06 15:11:52.891 +01:00 [INF] AuthenticationScheme: Identity.External signed out.
2025-11-06 15:11:52.892 +01:00 [INF] Executed handler method OnGetAsync, returned result .
2025-11-06 15:11:52.893 +01:00 [INF] Executing an implicit handler method - ModelState is "Valid"
2025-11-06 15:11:52.893 +01:00 [INF] Executed an implicit handler method, returned result Microsoft.AspNetCore.Mvc.RazorPages.PageResult.
2025-11-06 15:11:52.945 +01:00 [INF] Executed page /Account/Login in 63.762ms
2025-11-06 15:11:52.945 +01:00 [INF] Executed endpoint '/Account/Login'
2025-11-06 15:11:52.946 +01:00 [INF] Request finished HTTP/2 GET https://localhost:7025/Identity/Account/Login - 200 null text/html; charset=utf-8 82.1222ms
2025-11-06 15:11:52.994 +01:00 [INF] Request starting HTTP/2 GET https://localhost:7025/lib/jquery-validation/dist/jquery.validate.min.js - null null
2025-11-06 15:11:53.017 +01:00 [INF] Request starting HTTP/2 GET https://localhost:7025/lib/jquery-validation-unobtrusive/jquery.validate.unobtrusive.min.js - null null
2025-11-06 15:11:53.021 +01:00 [INF] Request finished HTTP/2 GET https://localhost:7025/lib/jquery-validation-unobtrusive/jquery.validate.unobtrusive.min.js - 404 0 null 4.3125ms
2025-11-06 15:11:53.021 +01:00 [INF] Request finished HTTP/2 GET https://localhost:7025/lib/jquery-validation/dist/jquery.validate.min.js - 404 0 null 26.8151ms
2025-11-06 15:11:53.022 +01:00 [INF] Request reached the end of the middleware pipeline without being handled by application code. Request path: GET https://localhost:7025/lib/jquery-validation/dist/jquery.validate.min.js, Response status code: 404
2025-11-06 15:11:53.022 +01:00 [INF] Request reached the end of the middleware pipeline without being handled by application code. Request path: GET https://localhost:7025/lib/jquery-validation-unobtrusive/jquery.validate.unobtrusive.min.js, Response status code: 404
2025-11-06 15:11:53.813 +01:00 [INF] Request starting HTTP/2 POST https://localhost:7025/Identity/Account/Login - application/x-www-form-urlencoded 236
2025-11-06 15:11:53.888 +01:00 [INF] Executing endpoint '/Account/Login'
2025-11-06 15:11:53.889 +01:00 [INF] Route matched with {page = "/Account/Login", area = "Identity", action = "", controller = ""}. Executing page /Account/Login
2025-11-06 15:11:53.918 +01:00 [INF] Executing handler method Jam.Areas.Identity.Pages.Account.LoginModel.OnPostAsync - ModelState is "Valid"
2025-11-06 15:11:54.042 +01:00 [INF] AuthenticationScheme: Identity.Application signed in.
2025-11-06 15:11:54.043 +01:00 [INF] User logged in.
2025-11-06 15:11:54.043 +01:00 [INF] Executed handler method OnPostAsync, returned result Microsoft.AspNetCore.Mvc.LocalRedirectResult.
2025-11-06 15:11:54.043 +01:00 [INF] Executing LocalRedirectResult, redirecting to /.
2025-11-06 15:11:54.043 +01:00 [INF] Executed page /Account/Login in 154.4069ms
2025-11-06 15:11:54.043 +01:00 [INF] Executed endpoint '/Account/Login'
2025-11-06 15:11:54.043 +01:00 [INF] Request finished HTTP/2 POST https://localhost:7025/Identity/Account/Login - 302 0 null 230.8187ms
2025-11-06 15:11:54.072 +01:00 [INF] Request starting HTTP/2 GET https://localhost:7025/ - null null
2025-11-06 15:11:54.074 +01:00 [INF] Executing endpoint 'Jam.Controllers.HomeController.Index (Jam)'
2025-11-06 15:11:54.074 +01:00 [INF] Route matched with {action = "Index", controller = "Home", page = "", area = ""}. Executing controller action with signature System.Threading.Tasks.Task`1[Microsoft.AspNetCore.Mvc.IActionResult] Index() on controller Jam.Controllers.HomeController (Jam).
2025-11-06 15:11:54.111 +01:00 [INF] Executing ViewResult, running view Index.
2025-11-06 15:11:54.152 +01:00 [INF] Executed ViewResult - view Index executed in 42.0861ms.
2025-11-06 15:11:54.153 +01:00 [INF] Executed action Jam.Controllers.HomeController.Index (Jam) in 79.5905ms
2025-11-06 15:11:54.153 +01:00 [INF] Executed endpoint 'Jam.Controllers.HomeController.Index (Jam)'
2025-11-06 15:11:54.153 +01:00 [INF] Request finished HTTP/2 GET https://localhost:7025/ - 200 null text/html; charset=utf-8 81.7684ms
2025-11-06 15:11:54.789 +01:00 [INF] Request starting HTTP/2 GET https://localhost:7025/StoryCreation/CreateStoryAndIntro - null null
2025-11-06 15:11:54.794 +01:00 [INF] Executing endpoint 'Jam.Controllers.StoryCreationController.CreateStoryAndIntro (Jam)'
2025-11-06 15:11:54.796 +01:00 [INF] Route matched with {action = "CreateStoryAndIntro", controller = "StoryCreation", page = "", area = ""}. Executing controller action with signature Microsoft.AspNetCore.Mvc.IActionResult CreateStoryAndIntro() on controller Jam.Controllers.StoryCreationController (Jam).
2025-11-06 15:11:54.799 +01:00 [INF] Accessing expired session, Key:2d0cc344-df3d-072e-4af7-3508e4f5cd8c
2025-11-06 15:11:54.806 +01:00 [INF] Executing ViewResult, running view CreateStoryAndIntro.
2025-11-06 15:11:54.835 +01:00 [INF] Executed ViewResult - view CreateStoryAndIntro executed in 30.111ms.
2025-11-06 15:11:54.836 +01:00 [INF] Executed action Jam.Controllers.StoryCreationController.CreateStoryAndIntro (Jam) in 39.9335ms
2025-11-06 15:11:54.838 +01:00 [INF] Executed endpoint 'Jam.Controllers.StoryCreationController.CreateStoryAndIntro (Jam)'
2025-11-06 15:11:54.840 +01:00 [INF] Request finished HTTP/2 GET https://localhost:7025/StoryCreation/CreateStoryAndIntro - 200 null text/html; charset=utf-8 51.6602ms
2025-11-06 15:11:58.132 +01:00 [INF] Request starting HTTP/2 POST https://localhost:7025/StoryCreation/CreateStoryAndIntro - application/x-www-form-urlencoded 304
2025-11-06 15:11:58.137 +01:00 [INF] Executing endpoint 'Jam.Controllers.StoryCreationController.CreateStoryAndIntro (Jam)'
2025-11-06 15:11:58.144 +01:00 [INF] Route matched with {action = "CreateStoryAndIntro", controller = "StoryCreation", page = "", area = ""}. Executing controller action with signature Microsoft.AspNetCore.Mvc.IActionResult CreateStoryAndIntro(Jam.ViewModels.StoryCreation.CreateStoryAndIntroViewModel) on controller Jam.Controllers.StoryCreationController (Jam).
2025-11-06 15:11:58.153 +01:00 [INF] Accessing expired session, Key:2d0cc344-df3d-072e-4af7-3508e4f5cd8c
2025-11-06 15:11:58.173 +01:00 [INF] Executing RedirectResult, redirecting to /StoryCreation/CreateQuestionScenes.
2025-11-06 15:11:58.173 +01:00 [INF] Executed action Jam.Controllers.StoryCreationController.CreateStoryAndIntro (Jam) in 29.762ms
2025-11-06 15:11:58.173 +01:00 [INF] Executed endpoint 'Jam.Controllers.StoryCreationController.CreateStoryAndIntro (Jam)'
2025-11-06 15:11:58.174 +01:00 [INF] Session started; Key:2d0cc344-df3d-072e-4af7-3508e4f5cd8c, Id:8220b298-b208-cef1-75df-fd862fa94a43
2025-11-06 15:11:58.174 +01:00 [INF] Request finished HTTP/2 POST https://localhost:7025/StoryCreation/CreateStoryAndIntro - 302 0 null 42.1091ms
2025-11-06 15:11:58.199 +01:00 [INF] Request starting HTTP/2 GET https://localhost:7025/StoryCreation/CreateQuestionScenes - null null
2025-11-06 15:11:58.200 +01:00 [INF] Executing endpoint 'Jam.Controllers.StoryCreationController.CreateQuestionScenes (Jam)'
2025-11-06 15:11:58.201 +01:00 [INF] Route matched with {action = "CreateQuestionScenes", controller = "StoryCreation", page = "", area = ""}. Executing controller action with signature Microsoft.AspNetCore.Mvc.IActionResult CreateQuestionScenes() on controller Jam.Controllers.StoryCreationController (Jam).
2025-11-06 15:11:58.205 +01:00 [INF] Executing ViewResult, running view CreateQuestionScenes.
2025-11-06 15:11:58.316 +01:00 [INF] Executed ViewResult - view CreateQuestionScenes executed in 111.2684ms.
2025-11-06 15:11:58.316 +01:00 [INF] Executed action Jam.Controllers.StoryCreationController.CreateQuestionScenes (Jam) in 115.0631ms
2025-11-06 15:11:58.317 +01:00 [INF] Executed endpoint 'Jam.Controllers.StoryCreationController.CreateQuestionScenes (Jam)'
2025-11-06 15:11:58.319 +01:00 [INF] Request finished HTTP/2 GET https://localhost:7025/StoryCreation/CreateQuestionScenes - 200 null text/html; charset=utf-8 141.4206ms
2025-11-06 15:11:59.296 +01:00 [INF] Request starting HTTP/2 GET https://localhost:7025/StoryCreation/GetQuestionScenePartial?index=1 - null null
2025-11-06 15:11:59.298 +01:00 [INF] Executing endpoint 'Jam.Controllers.StoryCreationController.GetQuestionScenePartial (Jam)'
2025-11-06 15:11:59.301 +01:00 [INF] Route matched with {action = "GetQuestionScenePartial", controller = "StoryCreation", page = "", area = ""}. Executing controller action with signature Microsoft.AspNetCore.Mvc.IActionResult GetQuestionScenePartial(Int32) on controller Jam.Controllers.StoryCreationController (Jam).
2025-11-06 15:11:59.305 +01:00 [INF] Executing PartialViewResult, running view _QuestionScenePartial.
2025-11-06 15:11:59.339 +01:00 [INF] Executed PartialViewResult - view _QuestionScenePartial executed in 33.4987ms.
2025-11-06 15:11:59.339 +01:00 [INF] Executed action Jam.Controllers.StoryCreationController.GetQuestionScenePartial (Jam) in 38.0821ms
2025-11-06 15:11:59.339 +01:00 [INF] Executed endpoint 'Jam.Controllers.StoryCreationController.GetQuestionScenePartial (Jam)'
2025-11-06 15:11:59.339 +01:00 [INF] Request finished HTTP/2 GET https://localhost:7025/StoryCreation/GetQuestionScenePartial?index=1 - 200 null text/html; charset=utf-8 43.753ms
