2025-11-06 15:13:35.732 +01:00 [INF] User profile is available. Using '/Users/jaraazad/.aspnet/DataProtection-Keys' as key repository; keys will not be encrypted at rest.
2025-11-06 15:13:36.248 +01:00 [INF] Applying migration '20251024065541_InitialCreate'.
2025-11-06 15:13:36.286 +01:00 [INF] Applying migration '20251101105657_AddIdentitySupport'.
2025-11-06 15:13:36.322 +01:00 [INF] Applying migration '20251103080324_UpdateNextQuestionSceneDeleteBehavior'.
2025-11-06 15:13:37.204 +01:00 [INF] Now listening on: https://localhost:7025
2025-11-06 15:13:37.205 +01:00 [INF] Now listening on: http://localhost:5262
2025-11-06 15:13:37.210 +01:00 [INF] Application started. Press Ctrl+C to shut down.
2025-11-06 15:13:37.211 +01:00 [INF] Hosting environment: Development
2025-11-06 15:13:37.211 +01:00 [INF] Content root path: /Users/jaraazad/Desktop/Jam
2025-11-06 15:13:37.626 +01:00 [INF] Request starting HTTP/2 GET https://localhost:7025/ - null null
2025-11-06 15:13:37.660 +01:00 [INF] Executing endpoint 'Jam.Controllers.HomeController.Index (Jam)'
2025-11-06 15:13:37.670 +01:00 [INF] Route matched with {action = "Index", controller = "Home", page = "", area = ""}. Executing controller action with signature System.Threading.Tasks.Task`1[Microsoft.AspNetCore.Mvc.IActionResult] Index() on controller Jam.Controllers.HomeController (Jam).
2025-11-06 15:13:37.692 +01:00 [WRN] [HomeController -> Index] Auth cookie invalid or user no longer exists. Redirecting to login.
2025-11-06 15:13:37.697 +01:00 [INF] AuthenticationScheme: Identity.Application signed out.
2025-11-06 15:13:37.698 +01:00 [INF] AuthenticationScheme: Identity.External signed out.
2025-11-06 15:13:37.699 +01:00 [INF] AuthenticationScheme: Identity.TwoFactorUserId signed out.
2025-11-06 15:13:37.700 +01:00 [INF] Executing LocalRedirectResult, redirecting to /Identity/Account/Login.
2025-11-06 15:13:37.702 +01:00 [INF] Executed action Jam.Controllers.HomeController.Index (Jam) in 30.6407ms
2025-11-06 15:13:37.703 +01:00 [INF] Executed endpoint 'Jam.Controllers.HomeController.Index (Jam)'
2025-11-06 15:13:37.707 +01:00 [INF] Request finished HTTP/2 GET https://localhost:7025/ - 302 0 null 81.5299ms
2025-11-06 15:13:37.725 +01:00 [INF] Request starting HTTP/2 GET https://localhost:7025/Identity/Account/Login - null null
2025-11-06 15:13:37.728 +01:00 [INF] Executing endpoint '/Account/Login'
2025-11-06 15:13:37.739 +01:00 [INF] Route matched with {page = "/Account/Login", area = "Identity", action = "", controller = ""}. Executing page /Account/Login
2025-11-06 15:13:37.751 +01:00 [INF] Executing handler method Jam.Areas.Identity.Pages.Account.LoginModel.OnGetAsync - ModelState is "Valid"
2025-11-06 15:13:37.752 +01:00 [INF] AuthenticationScheme: Identity.External signed out.
2025-11-06 15:13:37.752 +01:00 [INF] Executed handler method OnGetAsync, returned result .
2025-11-06 15:13:37.754 +01:00 [INF] Executing an implicit handler method - ModelState is "Valid"
2025-11-06 15:13:37.754 +01:00 [INF] Executed an implicit handler method, returned result Microsoft.AspNetCore.Mvc.RazorPages.PageResult.
2025-11-06 15:13:37.868 +01:00 [INF] Executed page /Account/Login in 128.8173ms
2025-11-06 15:13:37.890 +01:00 [INF] Executed endpoint '/Account/Login'
2025-11-06 15:13:37.918 +01:00 [INF] Request finished HTTP/2 GET https://localhost:7025/Identity/Account/Login - 200 null text/html; charset=utf-8 192.5704ms
2025-11-06 15:13:38.202 +01:00 [INF] Request starting HTTP/2 GET https://localhost:7025/lib/jquery-validation/dist/jquery.validate.min.js - null null
2025-11-06 15:13:38.225 +01:00 [INF] Request starting HTTP/2 GET https://localhost:7025/lib/jquery-validation-unobtrusive/jquery.validate.unobtrusive.min.js - null null
2025-11-06 15:13:38.229 +01:00 [INF] Request finished HTTP/2 GET https://localhost:7025/lib/jquery-validation/dist/jquery.validate.min.js - 404 0 null 28.181ms
2025-11-06 15:13:38.229 +01:00 [INF] Request finished HTTP/2 GET https://localhost:7025/lib/jquery-validation-unobtrusive/jquery.validate.unobtrusive.min.js - 404 0 null 27.4612ms
2025-11-06 15:13:38.230 +01:00 [INF] Request reached the end of the middleware pipeline without being handled by application code. Request path: GET https://localhost:7025/lib/jquery-validation-unobtrusive/jquery.validate.unobtrusive.min.js, Response status code: 404
2025-11-06 15:13:38.231 +01:00 [INF] Request reached the end of the middleware pipeline without being handled by application code. Request path: GET https://localhost:7025/lib/jquery-validation/dist/jquery.validate.min.js, Response status code: 404
2025-11-06 15:13:39.016 +01:00 [INF] Request starting HTTP/2 POST https://localhost:7025/Identity/Account/Login - application/x-www-form-urlencoded 236
2025-11-06 15:13:39.020 +01:00 [INF] Executing endpoint '/Account/Login'
2025-11-06 15:13:39.020 +01:00 [INF] Route matched with {page = "/Account/Login", area = "Identity", action = "", controller = ""}. Executing page /Account/Login
2025-11-06 15:13:39.038 +01:00 [INF] Executing handler method Jam.Areas.Identity.Pages.Account.LoginModel.OnPostAsync - ModelState is "Valid"
2025-11-06 15:13:39.154 +01:00 [INF] AuthenticationScheme: Identity.Application signed in.
2025-11-06 15:13:39.154 +01:00 [INF] User logged in.
2025-11-06 15:13:39.155 +01:00 [INF] Executed handler method OnPostAsync, returned result Microsoft.AspNetCore.Mvc.LocalRedirectResult.
2025-11-06 15:13:39.155 +01:00 [INF] Executing LocalRedirectResult, redirecting to /.
2025-11-06 15:13:39.155 +01:00 [INF] Executed page /Account/Login in 134.5598ms
2025-11-06 15:13:39.155 +01:00 [INF] Executed endpoint '/Account/Login'
2025-11-06 15:13:39.155 +01:00 [INF] Request finished HTTP/2 POST https://localhost:7025/Identity/Account/Login - 302 0 null 139.1387ms
2025-11-06 15:13:39.184 +01:00 [INF] Request starting HTTP/2 GET https://localhost:7025/ - null null
2025-11-06 15:13:39.186 +01:00 [INF] Executing endpoint 'Jam.Controllers.HomeController.Index (Jam)'
2025-11-06 15:13:39.186 +01:00 [INF] Route matched with {action = "Index", controller = "Home", page = "", area = ""}. Executing controller action with signature System.Threading.Tasks.Task`1[Microsoft.AspNetCore.Mvc.IActionResult] Index() on controller Jam.Controllers.HomeController (Jam).
2025-11-06 15:13:39.222 +01:00 [INF] Executing ViewResult, running view Index.
2025-11-06 15:13:39.237 +01:00 [INF] Executed ViewResult - view Index executed in 15.5787ms.
2025-11-06 15:13:39.237 +01:00 [INF] Executed action Jam.Controllers.HomeController.Index (Jam) in 51.2043ms
2025-11-06 15:13:39.237 +01:00 [INF] Executed endpoint 'Jam.Controllers.HomeController.Index (Jam)'
2025-11-06 15:13:39.238 +01:00 [INF] Request finished HTTP/2 GET https://localhost:7025/ - 200 null text/html; charset=utf-8 53.9014ms
2025-11-06 15:13:39.983 +01:00 [INF] Request starting HTTP/2 GET https://localhost:7025/StoryCreation/CreateStoryAndIntro - null null
2025-11-06 15:13:40.007 +01:00 [INF] Executing endpoint 'Jam.Controllers.StoryCreationController.CreateStoryAndIntro (Jam)'
2025-11-06 15:13:40.008 +01:00 [INF] Route matched with {action = "CreateStoryAndIntro", controller = "StoryCreation", page = "", area = ""}. Executing controller action with signature Microsoft.AspNetCore.Mvc.IActionResult CreateStoryAndIntro() on controller Jam.Controllers.StoryCreationController (Jam).
2025-11-06 15:13:40.010 +01:00 [INF] Accessing expired session, Key:2d0cc344-df3d-072e-4af7-3508e4f5cd8c
2025-11-06 15:13:40.015 +01:00 [INF] Executing ViewResult, running view CreateStoryAndIntro.
2025-11-06 15:13:40.140 +01:00 [INF] Executed ViewResult - view CreateStoryAndIntro executed in 125.5344ms.
2025-11-06 15:13:40.140 +01:00 [INF] Executed action Jam.Controllers.StoryCreationController.CreateStoryAndIntro (Jam) in 131.6177ms
2025-11-06 15:13:40.140 +01:00 [INF] Executed endpoint 'Jam.Controllers.StoryCreationController.CreateStoryAndIntro (Jam)'
2025-11-06 15:13:40.140 +01:00 [INF] Request finished HTTP/2 GET https://localhost:7025/StoryCreation/CreateStoryAndIntro - 200 null text/html; charset=utf-8 157.7037ms
2025-11-06 15:13:43.093 +01:00 [INF] Request starting HTTP/2 POST https://localhost:7025/StoryCreation/CreateStoryAndIntro - application/x-www-form-urlencoded 304
2025-11-06 15:13:43.198 +01:00 [INF] Executing endpoint 'Jam.Controllers.StoryCreationController.CreateStoryAndIntro (Jam)'
2025-11-06 15:13:43.210 +01:00 [INF] Route matched with {action = "CreateStoryAndIntro", controller = "StoryCreation", page = "", area = ""}. Executing controller action with signature Microsoft.AspNetCore.Mvc.IActionResult CreateStoryAndIntro(Jam.ViewModels.StoryCreation.CreateStoryAndIntroViewModel) on controller Jam.Controllers.StoryCreationController (Jam).
2025-11-06 15:13:43.218 +01:00 [INF] Accessing expired session, Key:2d0cc344-df3d-072e-4af7-3508e4f5cd8c
2025-11-06 15:13:43.249 +01:00 [INF] Executing RedirectResult, redirecting to /StoryCreation/CreateQuestionScenes.
2025-11-06 15:13:43.249 +01:00 [INF] Executed action Jam.Controllers.StoryCreationController.CreateStoryAndIntro (Jam) in 39.4514ms
2025-11-06 15:13:43.249 +01:00 [INF] Executed endpoint 'Jam.Controllers.StoryCreationController.CreateStoryAndIntro (Jam)'
2025-11-06 15:13:43.250 +01:00 [INF] Session started; Key:2d0cc344-df3d-072e-4af7-3508e4f5cd8c, Id:3118c56e-ce49-b718-8f10-30ef7c640cc4
2025-11-06 15:13:43.250 +01:00 [INF] Request finished HTTP/2 POST https://localhost:7025/StoryCreation/CreateStoryAndIntro - 302 0 null 157.5401ms
2025-11-06 15:13:43.281 +01:00 [INF] Request starting HTTP/2 GET https://localhost:7025/StoryCreation/CreateQuestionScenes - null null
2025-11-06 15:13:43.282 +01:00 [INF] Executing endpoint 'Jam.Controllers.StoryCreationController.CreateQuestionScenes (Jam)'
2025-11-06 15:13:43.283 +01:00 [INF] Route matched with {action = "CreateQuestionScenes", controller = "StoryCreation", page = "", area = ""}. Executing controller action with signature Microsoft.AspNetCore.Mvc.IActionResult CreateQuestionScenes() on controller Jam.Controllers.StoryCreationController (Jam).
2025-11-06 15:13:43.288 +01:00 [INF] Executing ViewResult, running view CreateQuestionScenes.
2025-11-06 15:13:43.366 +01:00 [INF] Executed ViewResult - view CreateQuestionScenes executed in 77.6935ms.
2025-11-06 15:13:43.391 +01:00 [INF] Executed action Jam.Controllers.StoryCreationController.CreateQuestionScenes (Jam) in 107.949ms
2025-11-06 15:13:43.391 +01:00 [INF] Executed endpoint 'Jam.Controllers.StoryCreationController.CreateQuestionScenes (Jam)'
2025-11-06 15:13:43.391 +01:00 [INF] Request finished HTTP/2 GET https://localhost:7025/StoryCreation/CreateQuestionScenes - 200 null text/html; charset=utf-8 110.696ms
2025-11-06 15:13:45.767 +01:00 [INF] Request starting HTTP/2 POST https://localhost:7025/StoryCreation/CreateQuestionScenes - application/x-www-form-urlencoded 734
2025-11-06 15:13:45.769 +01:00 [INF] Executing endpoint 'Jam.Controllers.StoryCreationController.CreateQuestionScenes (Jam)'
2025-11-06 15:13:45.773 +01:00 [INF] Route matched with {action = "CreateQuestionScenes", controller = "StoryCreation", page = "", area = ""}. Executing controller action with signature Microsoft.AspNetCore.Mvc.IActionResult CreateQuestionScenes(Jam.ViewModels.StoryCreation.CreateMultipleQuestionScenesViewModel, System.String) on controller Jam.Controllers.StoryCreationController (Jam).
2025-11-06 15:13:45.784 +01:00 [INF] Executing ViewResult, running view CreateQuestionScenes.
2025-11-06 15:13:45.815 +01:00 [INF] Executed ViewResult - view CreateQuestionScenes executed in 31.5891ms.
2025-11-06 15:13:45.817 +01:00 [INF] Executed action Jam.Controllers.StoryCreationController.CreateQuestionScenes (Jam) in 42.8927ms
2025-11-06 15:13:45.817 +01:00 [INF] Executed endpoint 'Jam.Controllers.StoryCreationController.CreateQuestionScenes (Jam)'
2025-11-06 15:13:45.819 +01:00 [INF] Request finished HTTP/2 POST https://localhost:7025/StoryCreation/CreateQuestionScenes - 200 null text/html; charset=utf-8 51.8128ms
2025-11-06 15:13:47.340 +01:00 [INF] Request starting HTTP/2 POST https://localhost:7025/StoryCreation/CreateQuestionScenes - application/x-www-form-urlencoded 734
2025-11-06 15:13:47.342 +01:00 [INF] Executing endpoint 'Jam.Controllers.StoryCreationController.CreateQuestionScenes (Jam)'
2025-11-06 15:13:47.343 +01:00 [INF] Route matched with {action = "CreateQuestionScenes", controller = "StoryCreation", page = "", area = ""}. Executing controller action with signature Microsoft.AspNetCore.Mvc.IActionResult CreateQuestionScenes(Jam.ViewModels.StoryCreation.CreateMultipleQuestionScenesViewModel, System.String) on controller Jam.Controllers.StoryCreationController (Jam).
2025-11-06 15:13:47.344 +01:00 [INF] Executing ViewResult, running view CreateQuestionScenes.
2025-11-06 15:13:47.437 +01:00 [INF] Executed ViewResult - view CreateQuestionScenes executed in 91.8859ms.
2025-11-06 15:13:47.438 +01:00 [INF] Executed action Jam.Controllers.StoryCreationController.CreateQuestionScenes (Jam) in 95.6541ms
2025-11-06 15:13:47.439 +01:00 [INF] Executed endpoint 'Jam.Controllers.StoryCreationController.CreateQuestionScenes (Jam)'
2025-11-06 15:13:47.442 +01:00 [INF] Request finished HTTP/2 POST https://localhost:7025/StoryCreation/CreateQuestionScenes - 200 null text/html; charset=utf-8 123.352ms
