2025-10-29 16:35:29.921 +01:00 [INF] Applying migration '20251024065541_InitialCreate'.
2025-10-29 16:35:30.307 +01:00 [INF] User profile is available. Using '/Users/michaelnedgaardisaksen/.aspnet/DataProtection-Keys' as key repository; keys will not be encrypted at rest.
2025-10-29 16:35:30.590 +01:00 [INF] Now listening on: https://localhost:7025
2025-10-29 16:35:30.590 +01:00 [INF] Now listening on: http://localhost:5262
2025-10-29 16:35:30.622 +01:00 [INF] Application started. Press Ctrl+C to shut down.
2025-10-29 16:35:30.623 +01:00 [INF] Hosting environment: Development
2025-10-29 16:35:30.624 +01:00 [INF] Content root path: /Users/michaelnedgaardisaksen/Documents/ITPE3100_Webapplikasjoner/Demo-Jam/Jam
2025-10-29 16:35:31.057 +01:00 [INF] Request starting HTTP/2 GET https://localhost:7025/ - null null
2025-10-29 16:35:31.070 +01:00 [INF] Executing endpoint 'Jam.Controllers.HomeController.Index (Jam)'
2025-10-29 16:35:31.081 +01:00 [INF] Route matched with {action = "Index", controller = "Home"}. Executing controller action with signature System.Threading.Tasks.Task`1[Microsoft.AspNetCore.Mvc.IActionResult] Index() on controller Jam.Controllers.HomeController (Jam).
2025-10-29 16:35:31.184 +01:00 [INF] Executing ViewResult, running view Index.
2025-10-29 16:35:31.230 +01:00 [INF] Executed ViewResult - view Index executed in 45.3309ms.
2025-10-29 16:35:31.232 +01:00 [INF] Executed action Jam.Controllers.HomeController.Index (Jam) in 151.2729ms
2025-10-29 16:35:31.233 +01:00 [INF] Executed endpoint 'Jam.Controllers.HomeController.Index (Jam)'
2025-10-29 16:35:31.236 +01:00 [INF] Request finished HTTP/2 GET https://localhost:7025/ - 200 null text/html; charset=utf-8 179.6571ms
2025-10-29 16:35:33.879 +01:00 [INF] Request starting HTTP/2 GET https://localhost:7025/StoryPlaying/StartStory?storyId=1 - null null
2025-10-29 16:35:33.884 +01:00 [INF] Executing endpoint 'Jam.Controllers.StoryPlayingController.StartStory (Jam)'
2025-10-29 16:35:33.898 +01:00 [INF] Route matched with {action = "StartStory", controller = "StoryPlaying"}. Executing controller action with signature System.Threading.Tasks.Task`1[Microsoft.AspNetCore.Mvc.IActionResult] StartStory(Int32) on controller Jam.Controllers.StoryPlayingController (Jam).
2025-10-29 16:35:33.981 +01:00 [INF] Executing RedirectResult, redirecting to /StoryPlaying/PlayScene?sceneId=3&SceneType=Intro&sessionId=3.
2025-10-29 16:35:33.981 +01:00 [INF] Executed action Jam.Controllers.StoryPlayingController.StartStory (Jam) in 82.3255ms
2025-10-29 16:35:33.981 +01:00 [INF] Executed endpoint 'Jam.Controllers.StoryPlayingController.StartStory (Jam)'
2025-10-29 16:35:33.981 +01:00 [INF] Request finished HTTP/2 GET https://localhost:7025/StoryPlaying/StartStory?storyId=1 - 302 0 null 102.3661ms
2025-10-29 16:35:33.986 +01:00 [INF] Request starting HTTP/2 GET https://localhost:7025/StoryPlaying/PlayScene?sceneId=3&SceneType=Intro&sessionId=3 - null null
2025-10-29 16:35:33.988 +01:00 [INF] Executing endpoint 'Jam.Controllers.StoryPlayingController.PlayScene (Jam)'
2025-10-29 16:35:33.990 +01:00 [INF] Route matched with {action = "PlayScene", controller = "StoryPlaying"}. Executing controller action with signature System.Threading.Tasks.Task`1[Microsoft.AspNetCore.Mvc.IActionResult] PlayScene(Int32, Jam.Models.Enums.SceneType, Int32) on controller Jam.Controllers.StoryPlayingController (Jam).
2025-10-29 16:35:33.998 +01:00 [INF] Executing ViewResult, running view PlayScene.
2025-10-29 16:35:34.006 +01:00 [INF] Executed ViewResult - view PlayScene executed in 8.6742ms.
2025-10-29 16:35:34.006 +01:00 [INF] Executed action Jam.Controllers.StoryPlayingController.PlayScene (Jam) in 16.3402ms
2025-10-29 16:35:34.006 +01:00 [INF] Executed endpoint 'Jam.Controllers.StoryPlayingController.PlayScene (Jam)'
2025-10-29 16:35:34.006 +01:00 [INF] Request finished HTTP/2 GET https://localhost:7025/StoryPlaying/PlayScene?sceneId=3&SceneType=Intro&sessionId=3 - 200 null text/html; charset=utf-8 19.802ms
2025-10-29 16:35:35.608 +01:00 [INF] Request starting HTTP/2 POST https://localhost:7025/StoryPlaying/PlayScene - application/x-www-form-urlencoded 204
2025-10-29 16:35:35.661 +01:00 [INF] Executing endpoint 'Jam.Controllers.StoryPlayingController.PlayScene (Jam)'
2025-10-29 16:35:35.685 +01:00 [INF] Route matched with {action = "PlayScene", controller = "StoryPlaying"}. Executing controller action with signature System.Threading.Tasks.Task`1[Microsoft.AspNetCore.Mvc.IActionResult] PlayScene(Jam.ViewModels.StoryPlaying.PlaySceneViewModel) on controller Jam.Controllers.StoryPlayingController (Jam).
2025-10-29 16:35:35.737 +01:00 [INF] Executing RedirectResult, redirecting to /StoryPlaying/PlayScene?sceneId=4&sceneType=Question&sessionId=3.
2025-10-29 16:35:35.737 +01:00 [INF] Executed action Jam.Controllers.StoryPlayingController.PlayScene (Jam) in 51.2315ms
2025-10-29 16:35:35.737 +01:00 [INF] Executed endpoint 'Jam.Controllers.StoryPlayingController.PlayScene (Jam)'
2025-10-29 16:35:35.737 +01:00 [INF] Request finished HTTP/2 POST https://localhost:7025/StoryPlaying/PlayScene - 302 0 null 128.7104ms
2025-10-29 16:35:35.741 +01:00 [INF] Request starting HTTP/2 GET https://localhost:7025/StoryPlaying/PlayScene?sceneId=4&sceneType=Question&sessionId=3 - null null
2025-10-29 16:35:35.741 +01:00 [INF] Executing endpoint 'Jam.Controllers.StoryPlayingController.PlayScene (Jam)'
2025-10-29 16:35:35.741 +01:00 [INF] Route matched with {action = "PlayScene", controller = "StoryPlaying"}. Executing controller action with signature System.Threading.Tasks.Task`1[Microsoft.AspNetCore.Mvc.IActionResult] PlayScene(Int32, Jam.Models.Enums.SceneType, Int32) on controller Jam.Controllers.StoryPlayingController (Jam).
2025-10-29 16:35:35.759 +01:00 [INF] Executing ViewResult, running view PlayScene.
2025-10-29 16:35:35.762 +01:00 [INF] Executed ViewResult - view PlayScene executed in 2.5498ms.
2025-10-29 16:35:35.762 +01:00 [INF] Executed action Jam.Controllers.StoryPlayingController.PlayScene (Jam) in 20.4941ms
2025-10-29 16:35:35.762 +01:00 [INF] Executed endpoint 'Jam.Controllers.StoryPlayingController.PlayScene (Jam)'
2025-10-29 16:35:35.762 +01:00 [INF] Request finished HTTP/2 GET https://localhost:7025/StoryPlaying/PlayScene?sceneId=4&sceneType=Question&sessionId=3 - 200 null text/html; charset=utf-8 20.8289ms
2025-10-29 16:35:37.973 +01:00 [INF] Request starting HTTP/2 POST https://localhost:7025/StoryPlaying/PlayScene - application/x-www-form-urlencoded 243
2025-10-29 16:35:37.974 +01:00 [INF] Executing endpoint 'Jam.Controllers.StoryPlayingController.PlayScene (Jam)'
2025-10-29 16:35:37.974 +01:00 [INF] Route matched with {action = "PlayScene", controller = "StoryPlaying"}. Executing controller action with signature System.Threading.Tasks.Task`1[Microsoft.AspNetCore.Mvc.IActionResult] PlayScene(Jam.ViewModels.StoryPlaying.PlaySceneViewModel) on controller Jam.Controllers.StoryPlayingController (Jam).
2025-10-29 16:35:38.000 +01:00 [INF] Executing RedirectResult, redirecting to /StoryPlaying/AnswerFeedback.
2025-10-29 16:35:38.005 +01:00 [INF] Executed action Jam.Controllers.StoryPlayingController.PlayScene (Jam) in 30.2819ms
2025-10-29 16:35:38.005 +01:00 [INF] Executed endpoint 'Jam.Controllers.StoryPlayingController.PlayScene (Jam)'
2025-10-29 16:35:38.005 +01:00 [INF] Request finished HTTP/2 POST https://localhost:7025/StoryPlaying/PlayScene - 302 0 null 31.4173ms
2025-10-29 16:35:38.011 +01:00 [INF] Request starting HTTP/2 GET https://localhost:7025/StoryPlaying/AnswerFeedback - null null
2025-10-29 16:35:38.011 +01:00 [INF] Executing endpoint 'Jam.Controllers.StoryPlayingController.AnswerFeedback (Jam)'
2025-10-29 16:35:38.012 +01:00 [INF] Route matched with {action = "AnswerFeedback", controller = "StoryPlaying"}. Executing controller action with signature Microsoft.AspNetCore.Mvc.IActionResult AnswerFeedback() on controller Jam.Controllers.StoryPlayingController (Jam).
2025-10-29 16:35:38.014 +01:00 [INF] Executing ViewResult, running view AnswerFeedback.
2025-10-29 16:35:38.031 +01:00 [INF] Executed ViewResult - view AnswerFeedback executed in 17.928ms.
2025-10-29 16:35:38.031 +01:00 [INF] Executed action Jam.Controllers.StoryPlayingController.AnswerFeedback (Jam) in 19.6159ms
2025-10-29 16:35:38.032 +01:00 [INF] Executed endpoint 'Jam.Controllers.StoryPlayingController.AnswerFeedback (Jam)'
2025-10-29 16:35:38.032 +01:00 [INF] Request finished HTTP/2 GET https://localhost:7025/StoryPlaying/AnswerFeedback - 200 null text/html; charset=utf-8 21.1724ms
2025-10-29 16:35:39.238 +01:00 [INF] Request starting HTTP/2 POST https://localhost:7025/StoryPlaying/AnswerFeedback - application/x-www-form-urlencoded 264
2025-10-29 16:35:39.239 +01:00 [INF] Executing endpoint 'Jam.Controllers.StoryPlayingController.AnswerFeedback (Jam)'
2025-10-29 16:35:39.243 +01:00 [INF] Route matched with {action = "AnswerFeedback", controller = "StoryPlaying"}. Executing controller action with signature System.Threading.Tasks.Task`1[Microsoft.AspNetCore.Mvc.IActionResult] AnswerFeedback(Jam.ViewModels.StoryPlaying.AnswerFeedbackViewModel) on controller Jam.Controllers.StoryPlayingController (Jam).
2025-10-29 16:35:39.253 +01:00 [INF] Executing RedirectResult, redirecting to /StoryPlaying/PlayScene?sceneId=3&sceneType=Question&sessionId=3.
2025-10-29 16:35:39.253 +01:00 [INF] Executed action Jam.Controllers.StoryPlayingController.AnswerFeedback (Jam) in 10.3342ms
2025-10-29 16:35:39.253 +01:00 [INF] Executed endpoint 'Jam.Controllers.StoryPlayingController.AnswerFeedback (Jam)'
2025-10-29 16:35:39.253 +01:00 [INF] Request finished HTTP/2 POST https://localhost:7025/StoryPlaying/AnswerFeedback - 302 0 null 15.3774ms
2025-10-29 16:35:39.257 +01:00 [INF] Request starting HTTP/2 GET https://localhost:7025/StoryPlaying/PlayScene?sceneId=3&sceneType=Question&sessionId=3 - null null
2025-10-29 16:35:39.308 +01:00 [INF] Executing endpoint 'Jam.Controllers.StoryPlayingController.PlayScene (Jam)'
2025-10-29 16:35:39.308 +01:00 [INF] Route matched with {action = "PlayScene", controller = "StoryPlaying"}. Executing controller action with signature System.Threading.Tasks.Task`1[Microsoft.AspNetCore.Mvc.IActionResult] PlayScene(Int32, Jam.Models.Enums.SceneType, Int32) on controller Jam.Controllers.StoryPlayingController (Jam).
2025-10-29 16:35:39.315 +01:00 [INF] Executing ViewResult, running view PlayScene.
2025-10-29 16:35:39.317 +01:00 [INF] Executed ViewResult - view PlayScene executed in 1.9483ms.
2025-10-29 16:35:39.317 +01:00 [INF] Executed action Jam.Controllers.StoryPlayingController.PlayScene (Jam) in 8.5666ms
2025-10-29 16:35:39.317 +01:00 [INF] Executed endpoint 'Jam.Controllers.StoryPlayingController.PlayScene (Jam)'
2025-10-29 16:35:39.317 +01:00 [INF] Request finished HTTP/2 GET https://localhost:7025/StoryPlaying/PlayScene?sceneId=3&sceneType=Question&sessionId=3 - 200 null text/html; charset=utf-8 59.95ms
2025-10-29 16:35:41.625 +01:00 [INF] Request starting HTTP/2 POST https://localhost:7025/StoryPlaying/PlayScene - application/x-www-form-urlencoded 242
2025-10-29 16:35:41.625 +01:00 [INF] Executing endpoint 'Jam.Controllers.StoryPlayingController.PlayScene (Jam)'
2025-10-29 16:35:41.626 +01:00 [INF] Route matched with {action = "PlayScene", controller = "StoryPlaying"}. Executing controller action with signature System.Threading.Tasks.Task`1[Microsoft.AspNetCore.Mvc.IActionResult] PlayScene(Jam.ViewModels.StoryPlaying.PlaySceneViewModel) on controller Jam.Controllers.StoryPlayingController (Jam).
2025-10-29 16:35:41.641 +01:00 [INF] Executing RedirectResult, redirecting to /StoryPlaying/AnswerFeedback.
2025-10-29 16:35:41.641 +01:00 [INF] Executed action Jam.Controllers.StoryPlayingController.PlayScene (Jam) in 15.3718ms
2025-10-29 16:35:41.641 +01:00 [INF] Executed endpoint 'Jam.Controllers.StoryPlayingController.PlayScene (Jam)'
2025-10-29 16:35:41.641 +01:00 [INF] Request finished HTTP/2 POST https://localhost:7025/StoryPlaying/PlayScene - 302 0 null 16.1495ms
2025-10-29 16:35:41.669 +01:00 [INF] Request starting HTTP/2 GET https://localhost:7025/StoryPlaying/AnswerFeedback - null null
2025-10-29 16:35:41.670 +01:00 [INF] Executing endpoint 'Jam.Controllers.StoryPlayingController.AnswerFeedback (Jam)'
2025-10-29 16:35:41.670 +01:00 [INF] Route matched with {action = "AnswerFeedback", controller = "StoryPlaying"}. Executing controller action with signature Microsoft.AspNetCore.Mvc.IActionResult AnswerFeedback() on controller Jam.Controllers.StoryPlayingController (Jam).
2025-10-29 16:35:41.671 +01:00 [INF] Executing ViewResult, running view AnswerFeedback.
2025-10-29 16:35:41.674 +01:00 [INF] Executed ViewResult - view AnswerFeedback executed in 2.6566ms.
2025-10-29 16:35:41.674 +01:00 [INF] Executed action Jam.Controllers.StoryPlayingController.AnswerFeedback (Jam) in 3.564ms
2025-10-29 16:35:41.674 +01:00 [INF] Executed endpoint 'Jam.Controllers.StoryPlayingController.AnswerFeedback (Jam)'
2025-10-29 16:35:41.674 +01:00 [INF] Request finished HTTP/2 GET https://localhost:7025/StoryPlaying/AnswerFeedback - 200 null text/html; charset=utf-8 4.662ms
2025-10-29 16:35:42.893 +01:00 [INF] Request starting HTTP/2 POST https://localhost:7025/StoryPlaying/AnswerFeedback - application/x-www-form-urlencoded 264
2025-10-29 16:35:43.014 +01:00 [INF] Executing endpoint 'Jam.Controllers.StoryPlayingController.AnswerFeedback (Jam)'
2025-10-29 16:35:43.015 +01:00 [INF] Route matched with {action = "AnswerFeedback", controller = "StoryPlaying"}. Executing controller action with signature System.Threading.Tasks.Task`1[Microsoft.AspNetCore.Mvc.IActionResult] AnswerFeedback(Jam.ViewModels.StoryPlaying.AnswerFeedbackViewModel) on controller Jam.Controllers.StoryPlayingController (Jam).
2025-10-29 16:35:43.025 +01:00 [INF] Executing RedirectResult, redirecting to /StoryPlaying/PlayScene?sceneId=2&sceneType=Question&sessionId=3.
2025-10-29 16:35:43.026 +01:00 [INF] Executed action Jam.Controllers.StoryPlayingController.AnswerFeedback (Jam) in 10.6947ms
2025-10-29 16:35:43.026 +01:00 [INF] Executed endpoint 'Jam.Controllers.StoryPlayingController.AnswerFeedback (Jam)'
2025-10-29 16:35:43.026 +01:00 [INF] Request finished HTTP/2 POST https://localhost:7025/StoryPlaying/AnswerFeedback - 302 0 null 132.7758ms
2025-10-29 16:35:43.056 +01:00 [INF] Request starting HTTP/2 GET https://localhost:7025/StoryPlaying/PlayScene?sceneId=2&sceneType=Question&sessionId=3 - null null
2025-10-29 16:35:43.077 +01:00 [INF] Executing endpoint 'Jam.Controllers.StoryPlayingController.PlayScene (Jam)'
2025-10-29 16:35:43.078 +01:00 [INF] Route matched with {action = "PlayScene", controller = "StoryPlaying"}. Executing controller action with signature System.Threading.Tasks.Task`1[Microsoft.AspNetCore.Mvc.IActionResult] PlayScene(Int32, Jam.Models.Enums.SceneType, Int32) on controller Jam.Controllers.StoryPlayingController (Jam).
2025-10-29 16:35:43.090 +01:00 [INF] Executing ViewResult, running view PlayScene.
2025-10-29 16:35:43.091 +01:00 [INF] Executed ViewResult - view PlayScene executed in 1.3781ms.
2025-10-29 16:35:43.091 +01:00 [INF] Executed action Jam.Controllers.StoryPlayingController.PlayScene (Jam) in 13.6674ms
2025-10-29 16:35:43.091 +01:00 [INF] Executed endpoint 'Jam.Controllers.StoryPlayingController.PlayScene (Jam)'
2025-10-29 16:35:43.092 +01:00 [INF] Request finished HTTP/2 GET https://localhost:7025/StoryPlaying/PlayScene?sceneId=2&sceneType=Question&sessionId=3 - 200 null text/html; charset=utf-8 35.5873ms
2025-10-29 16:35:47.684 +01:00 [INF] Request starting HTTP/2 POST https://localhost:7025/StoryPlaying/PlayScene - application/x-www-form-urlencoded 242
2025-10-29 16:35:47.686 +01:00 [INF] Executing endpoint 'Jam.Controllers.StoryPlayingController.PlayScene (Jam)'
2025-10-29 16:35:47.686 +01:00 [INF] Route matched with {action = "PlayScene", controller = "StoryPlaying"}. Executing controller action with signature System.Threading.Tasks.Task`1[Microsoft.AspNetCore.Mvc.IActionResult] PlayScene(Jam.ViewModels.StoryPlaying.PlaySceneViewModel) on controller Jam.Controllers.StoryPlayingController (Jam).
2025-10-29 16:35:47.694 +01:00 [INF] Executing RedirectResult, redirecting to /StoryPlaying/AnswerFeedback.
2025-10-29 16:35:47.694 +01:00 [INF] Executed action Jam.Controllers.StoryPlayingController.PlayScene (Jam) in 8.4971ms
2025-10-29 16:35:47.694 +01:00 [INF] Executed endpoint 'Jam.Controllers.StoryPlayingController.PlayScene (Jam)'
2025-10-29 16:35:47.694 +01:00 [INF] Request finished HTTP/2 POST https://localhost:7025/StoryPlaying/PlayScene - 302 0 null 10.6914ms
2025-10-29 16:35:47.697 +01:00 [INF] Request starting HTTP/2 GET https://localhost:7025/StoryPlaying/AnswerFeedback - null null
2025-10-29 16:35:47.697 +01:00 [INF] Executing endpoint 'Jam.Controllers.StoryPlayingController.AnswerFeedback (Jam)'
2025-10-29 16:35:47.697 +01:00 [INF] Route matched with {action = "AnswerFeedback", controller = "StoryPlaying"}. Executing controller action with signature Microsoft.AspNetCore.Mvc.IActionResult AnswerFeedback() on controller Jam.Controllers.StoryPlayingController (Jam).
2025-10-29 16:35:47.698 +01:00 [INF] Executing ViewResult, running view AnswerFeedback.
2025-10-29 16:35:47.699 +01:00 [INF] Executed ViewResult - view AnswerFeedback executed in 1.4612ms.
2025-10-29 16:35:47.699 +01:00 [INF] Executed action Jam.Controllers.StoryPlayingController.AnswerFeedback (Jam) in 1.7766ms
2025-10-29 16:35:47.699 +01:00 [INF] Executed endpoint 'Jam.Controllers.StoryPlayingController.AnswerFeedback (Jam)'
2025-10-29 16:35:47.699 +01:00 [INF] Request finished HTTP/2 GET https://localhost:7025/StoryPlaying/AnswerFeedback - 200 null text/html; charset=utf-8 2.123ms
2025-10-29 16:35:48.826 +01:00 [INF] Request starting HTTP/2 POST https://localhost:7025/StoryPlaying/AnswerFeedback - application/x-www-form-urlencoded 264
2025-10-29 16:35:48.826 +01:00 [INF] Executing endpoint 'Jam.Controllers.StoryPlayingController.AnswerFeedback (Jam)'
2025-10-29 16:35:48.826 +01:00 [INF] Route matched with {action = "AnswerFeedback", controller = "StoryPlaying"}. Executing controller action with signature System.Threading.Tasks.Task`1[Microsoft.AspNetCore.Mvc.IActionResult] AnswerFeedback(Jam.ViewModels.StoryPlaying.AnswerFeedbackViewModel) on controller Jam.Controllers.StoryPlayingController (Jam).
2025-10-29 16:35:48.837 +01:00 [INF] Executing RedirectResult, redirecting to /StoryPlaying/PlayScene?sceneId=1&sceneType=Question&sessionId=3.
2025-10-29 16:35:48.837 +01:00 [INF] Executed action Jam.Controllers.StoryPlayingController.AnswerFeedback (Jam) in 10.4336ms
2025-10-29 16:35:48.837 +01:00 [INF] Executed endpoint 'Jam.Controllers.StoryPlayingController.AnswerFeedback (Jam)'
2025-10-29 16:35:48.837 +01:00 [INF] Request finished HTTP/2 POST https://localhost:7025/StoryPlaying/AnswerFeedback - 302 0 null 11.5167ms
2025-10-29 16:35:48.840 +01:00 [INF] Request starting HTTP/2 GET https://localhost:7025/StoryPlaying/PlayScene?sceneId=1&sceneType=Question&sessionId=3 - null null
2025-10-29 16:35:48.840 +01:00 [INF] Executing endpoint 'Jam.Controllers.StoryPlayingController.PlayScene (Jam)'
2025-10-29 16:35:48.840 +01:00 [INF] Route matched with {action = "PlayScene", controller = "StoryPlaying"}. Executing controller action with signature System.Threading.Tasks.Task`1[Microsoft.AspNetCore.Mvc.IActionResult] PlayScene(Int32, Jam.Models.Enums.SceneType, Int32) on controller Jam.Controllers.StoryPlayingController (Jam).
2025-10-29 16:35:48.846 +01:00 [INF] Executing ViewResult, running view PlayScene.
2025-10-29 16:35:48.847 +01:00 [INF] Executed ViewResult - view PlayScene executed in 0.9158ms.
2025-10-29 16:35:48.847 +01:00 [INF] Executed action Jam.Controllers.StoryPlayingController.PlayScene (Jam) in 6.7113ms
2025-10-29 16:35:48.847 +01:00 [INF] Executed endpoint 'Jam.Controllers.StoryPlayingController.PlayScene (Jam)'
2025-10-29 16:35:48.848 +01:00 [INF] Request finished HTTP/2 GET https://localhost:7025/StoryPlaying/PlayScene?sceneId=1&sceneType=Question&sessionId=3 - 200 null text/html; charset=utf-8 7.5812ms
2025-10-29 16:35:51.950 +01:00 [INF] Request starting HTTP/2 POST https://localhost:7025/StoryPlaying/PlayScene - application/x-www-form-urlencoded 242
2025-10-29 16:35:51.950 +01:00 [INF] Executing endpoint 'Jam.Controllers.StoryPlayingController.PlayScene (Jam)'
2025-10-29 16:35:51.950 +01:00 [INF] Route matched with {action = "PlayScene", controller = "StoryPlaying"}. Executing controller action with signature System.Threading.Tasks.Task`1[Microsoft.AspNetCore.Mvc.IActionResult] PlayScene(Jam.ViewModels.StoryPlaying.PlaySceneViewModel) on controller Jam.Controllers.StoryPlayingController (Jam).
2025-10-29 16:35:51.960 +01:00 [INF] Executing RedirectResult, redirecting to /StoryPlaying/AnswerFeedback.
2025-10-29 16:35:51.961 +01:00 [INF] Executed action Jam.Controllers.StoryPlayingController.PlayScene (Jam) in 10.4715ms
2025-10-29 16:35:51.961 +01:00 [INF] Executed endpoint 'Jam.Controllers.StoryPlayingController.PlayScene (Jam)'
2025-10-29 16:35:51.961 +01:00 [INF] Request finished HTTP/2 POST https://localhost:7025/StoryPlaying/PlayScene - 302 0 null 35.9715ms
2025-10-29 16:35:51.964 +01:00 [INF] Request starting HTTP/2 GET https://localhost:7025/StoryPlaying/AnswerFeedback - null null
2025-10-29 16:35:51.990 +01:00 [INF] Executing endpoint 'Jam.Controllers.StoryPlayingController.AnswerFeedback (Jam)'
2025-10-29 16:35:51.990 +01:00 [INF] Route matched with {action = "AnswerFeedback", controller = "StoryPlaying"}. Executing controller action with signature Microsoft.AspNetCore.Mvc.IActionResult AnswerFeedback() on controller Jam.Controllers.StoryPlayingController (Jam).
2025-10-29 16:35:51.990 +01:00 [INF] Executing ViewResult, running view AnswerFeedback.
2025-10-29 16:35:51.991 +01:00 [INF] Executed ViewResult - view AnswerFeedback executed in 1.0108ms.
2025-10-29 16:35:51.992 +01:00 [INF] Executed action Jam.Controllers.StoryPlayingController.AnswerFeedback (Jam) in 1.5878ms
2025-10-29 16:35:51.992 +01:00 [INF] Executed endpoint 'Jam.Controllers.StoryPlayingController.AnswerFeedback (Jam)'
2025-10-29 16:35:51.992 +01:00 [INF] Request finished HTTP/2 GET https://localhost:7025/StoryPlaying/AnswerFeedback - 200 null text/html; charset=utf-8 27.4225ms
2025-10-29 16:35:54.966 +01:00 [INF] Request starting HTTP/2 POST https://localhost:7025/StoryPlaying/AnswerFeedback - application/x-www-form-urlencoded 261
2025-10-29 16:35:54.993 +01:00 [INF] Executing endpoint 'Jam.Controllers.StoryPlayingController.AnswerFeedback (Jam)'
2025-10-29 16:35:54.993 +01:00 [INF] Route matched with {action = "AnswerFeedback", controller = "StoryPlaying"}. Executing controller action with signature System.Threading.Tasks.Task`1[Microsoft.AspNetCore.Mvc.IActionResult] AnswerFeedback(Jam.ViewModels.StoryPlaying.AnswerFeedbackViewModel) on controller Jam.Controllers.StoryPlayingController (Jam).
2025-10-29 16:35:55.016 +01:00 [INF] Executing RedirectResult, redirecting to /StoryPlaying/PlayScene?sceneId=2&sceneType=Ending&sessionId=3.
2025-10-29 16:35:55.016 +01:00 [INF] Executed action Jam.Controllers.StoryPlayingController.AnswerFeedback (Jam) in 22.565ms
2025-10-29 16:35:55.016 +01:00 [INF] Executed endpoint 'Jam.Controllers.StoryPlayingController.AnswerFeedback (Jam)'
2025-10-29 16:35:55.016 +01:00 [INF] Request finished HTTP/2 POST https://localhost:7025/StoryPlaying/AnswerFeedback - 302 0 null 50.3095ms
2025-10-29 16:35:55.021 +01:00 [INF] Request starting HTTP/2 GET https://localhost:7025/StoryPlaying/PlayScene?sceneId=2&sceneType=Ending&sessionId=3 - null null
2025-10-29 16:35:55.022 +01:00 [INF] Executing endpoint 'Jam.Controllers.StoryPlayingController.PlayScene (Jam)'
2025-10-29 16:35:55.022 +01:00 [INF] Route matched with {action = "PlayScene", controller = "StoryPlaying"}. Executing controller action with signature System.Threading.Tasks.Task`1[Microsoft.AspNetCore.Mvc.IActionResult] PlayScene(Int32, Jam.Models.Enums.SceneType, Int32) on controller Jam.Controllers.StoryPlayingController (Jam).
2025-10-29 16:35:55.029 +01:00 [INF] Executing ViewResult, running view PlayScene.
2025-10-29 16:35:55.030 +01:00 [INF] Executed ViewResult - view PlayScene executed in 1.5425ms.
2025-10-29 16:35:55.030 +01:00 [INF] Executed action Jam.Controllers.StoryPlayingController.PlayScene (Jam) in 8.4595ms
2025-10-29 16:35:55.030 +01:00 [INF] Executed endpoint 'Jam.Controllers.StoryPlayingController.PlayScene (Jam)'
2025-10-29 16:35:55.030 +01:00 [INF] Request finished HTTP/2 GET https://localhost:7025/StoryPlaying/PlayScene?sceneId=2&sceneType=Ending&sessionId=3 - 200 null text/html; charset=utf-8 8.8404ms
2025-10-29 16:35:56.413 +01:00 [INF] Request starting HTTP/2 POST https://localhost:7025/StoryPlaying/PlayScene - application/x-www-form-urlencoded 252
2025-10-29 16:35:56.414 +01:00 [INF] Executing endpoint 'Jam.Controllers.StoryPlayingController.PlayScene (Jam)'
2025-10-29 16:35:56.414 +01:00 [INF] Route matched with {action = "PlayScene", controller = "StoryPlaying"}. Executing controller action with signature System.Threading.Tasks.Task`1[Microsoft.AspNetCore.Mvc.IActionResult] PlayScene(Jam.ViewModels.StoryPlaying.PlaySceneViewModel) on controller Jam.Controllers.StoryPlayingController (Jam).
2025-10-29 16:35:56.442 +01:00 [INF] Executing RedirectResult, redirecting to /StoryPlaying/FinishStory?sessionId=3.
2025-10-29 16:35:56.442 +01:00 [INF] Executed action Jam.Controllers.StoryPlayingController.PlayScene (Jam) in 27.2207ms
2025-10-29 16:35:56.442 +01:00 [INF] Executed endpoint 'Jam.Controllers.StoryPlayingController.PlayScene (Jam)'
2025-10-29 16:35:56.442 +01:00 [INF] Request finished HTTP/2 POST https://localhost:7025/StoryPlaying/PlayScene - 302 0 null 29.3084ms
2025-10-29 16:35:56.445 +01:00 [INF] Request starting HTTP/2 GET https://localhost:7025/StoryPlaying/FinishStory?sessionId=3 - null null
2025-10-29 16:35:56.445 +01:00 [INF] Executing endpoint 'Jam.Controllers.StoryPlayingController.FinishStory (Jam)'
2025-10-29 16:35:56.448 +01:00 [INF] Route matched with {action = "FinishStory", controller = "StoryPlaying"}. Executing controller action with signature System.Threading.Tasks.Task`1[Microsoft.AspNetCore.Mvc.IActionResult] FinishStory(Int32) on controller Jam.Controllers.StoryPlayingController (Jam).
2025-10-29 16:35:56.453 +01:00 [INF] Executing ViewResult, running view FinishStory.
2025-10-29 16:35:56.456 +01:00 [INF] Executed ViewResult - view FinishStory executed in 3.5043ms.
2025-10-29 16:35:56.456 +01:00 [INF] Executed action Jam.Controllers.StoryPlayingController.FinishStory (Jam) in 8.3983ms
2025-10-29 16:35:56.456 +01:00 [INF] Executed endpoint 'Jam.Controllers.StoryPlayingController.FinishStory (Jam)'
2025-10-29 16:35:56.456 +01:00 [INF] Request finished HTTP/2 GET https://localhost:7025/StoryPlaying/FinishStory?sessionId=3 - 200 null text/html; charset=utf-8 11.7481ms
2025-10-29 16:36:09.631 +01:00 [INF] Request starting HTTP/2 POST https://localhost:7025/StoryPlaying/FinishStory - application/x-www-form-urlencoded 182
2025-10-29 16:36:09.657 +01:00 [INF] Executing endpoint 'Jam.Controllers.StoryPlayingController.FinishStory (Jam)'
2025-10-29 16:36:09.691 +01:00 [INF] Route matched with {action = "FinishStory", controller = "StoryPlaying"}. Executing controller action with signature Microsoft.AspNetCore.Mvc.IActionResult FinishStory() on controller Jam.Controllers.StoryPlayingController (Jam).
2025-10-29 16:36:09.692 +01:00 [INF] Executing RedirectResult, redirecting to /.
2025-10-29 16:36:09.693 +01:00 [INF] Executed action Jam.Controllers.StoryPlayingController.FinishStory (Jam) in 1.2745ms
2025-10-29 16:36:09.693 +01:00 [INF] Executed endpoint 'Jam.Controllers.StoryPlayingController.FinishStory (Jam)'
2025-10-29 16:36:09.693 +01:00 [INF] Request finished HTTP/2 POST https://localhost:7025/StoryPlaying/FinishStory - 302 0 null 62.5362ms
2025-10-29 16:36:09.698 +01:00 [INF] Request starting HTTP/2 GET https://localhost:7025/ - null null
2025-10-29 16:36:09.698 +01:00 [INF] Executing endpoint 'Jam.Controllers.HomeController.Index (Jam)'
2025-10-29 16:36:09.724 +01:00 [INF] Route matched with {action = "Index", controller = "Home"}. Executing controller action with signature System.Threading.Tasks.Task`1[Microsoft.AspNetCore.Mvc.IActionResult] Index() on controller Jam.Controllers.HomeController (Jam).
2025-10-29 16:36:09.734 +01:00 [INF] Executing ViewResult, running view Index.
2025-10-29 16:36:09.737 +01:00 [INF] Executed ViewResult - view Index executed in 2.5314ms.
2025-10-29 16:36:09.737 +01:00 [INF] Executed action Jam.Controllers.HomeController.Index (Jam) in 13.1243ms
2025-10-29 16:36:09.737 +01:00 [INF] Executed endpoint 'Jam.Controllers.HomeController.Index (Jam)'
2025-10-29 16:36:09.737 +01:00 [INF] Request finished HTTP/2 GET https://localhost:7025/ - 200 null text/html; charset=utf-8 39.6082ms
2025-10-29 16:37:20.296 +01:00 [INF] Request starting HTTP/2 GET https://localhost:7025/StoryCreation/CreateStoryAndIntro - null null
2025-10-29 16:37:20.349 +01:00 [INF] Executing endpoint 'Jam.Controllers.StoryCreationController.CreateStoryAndIntro (Jam)'
2025-10-29 16:37:20.356 +01:00 [INF] Route matched with {action = "CreateStoryAndIntro", controller = "StoryCreation"}. Executing controller action with signature Microsoft.AspNetCore.Mvc.IActionResult CreateStoryAndIntro() on controller Jam.Controllers.StoryCreationController (Jam).
2025-10-29 16:37:20.369 +01:00 [INF] Executing ViewResult, running view CreateStoryAndIntro.
2025-10-29 16:37:20.509 +01:00 [INF] Executed ViewResult - view CreateStoryAndIntro executed in 140.9773ms.
2025-10-29 16:37:20.627 +01:00 [INF] Executed action Jam.Controllers.StoryCreationController.CreateStoryAndIntro (Jam) in 225.4258ms
2025-10-29 16:37:20.632 +01:00 [INF] Executed endpoint 'Jam.Controllers.StoryCreationController.CreateStoryAndIntro (Jam)'
2025-10-29 16:37:20.632 +01:00 [INF] Request finished HTTP/2 GET https://localhost:7025/StoryCreation/CreateStoryAndIntro - 200 null text/html; charset=utf-8 336.7752ms
2025-10-29 16:37:37.199 +01:00 [INF] Request starting HTTP/2 POST https://localhost:7025/StoryCreation/CreateStoryAndIntro - application/x-www-form-urlencoded 281
2025-10-29 16:37:37.249 +01:00 [INF] Executing endpoint 'Jam.Controllers.StoryCreationController.CreateStoryAndIntro (Jam)'
2025-10-29 16:37:37.257 +01:00 [INF] Route matched with {action = "CreateStoryAndIntro", controller = "StoryCreation"}. Executing controller action with signature System.Threading.Tasks.Task`1[Microsoft.AspNetCore.Mvc.IActionResult] CreateStoryAndIntro(Jam.ViewModels.StoryCreation.CreateStoryAndIntroViewModel) on controller Jam.Controllers.StoryCreationController (Jam).
2025-10-29 16:37:37.355 +01:00 [INF] Executing RedirectResult, redirecting to /StoryCreation/CreateQuestionScene?storyId=4.
2025-10-29 16:37:37.355 +01:00 [INF] Executed action Jam.Controllers.StoryCreationController.CreateStoryAndIntro (Jam) in 98.1155ms
2025-10-29 16:37:37.355 +01:00 [INF] Executed endpoint 'Jam.Controllers.StoryCreationController.CreateStoryAndIntro (Jam)'
2025-10-29 16:37:37.357 +01:00 [INF] Request finished HTTP/2 POST https://localhost:7025/StoryCreation/CreateStoryAndIntro - 302 0 null 159.1241ms
2025-10-29 16:37:37.371 +01:00 [INF] Request starting HTTP/2 GET https://localhost:7025/StoryCreation/CreateQuestionScene?storyId=4 - null null
2025-10-29 16:37:37.416 +01:00 [INF] Executing endpoint 'Jam.Controllers.StoryCreationController.CreateQuestionScene (Jam)'
2025-10-29 16:37:37.418 +01:00 [INF] Route matched with {action = "CreateQuestionScene", controller = "StoryCreation"}. Executing controller action with signature Microsoft.AspNetCore.Mvc.IActionResult CreateQuestionScene(Int32, System.Nullable`1[System.Int32]) on controller Jam.Controllers.StoryCreationController (Jam).
2025-10-29 16:37:37.419 +01:00 [INF] Executing ViewResult, running view CreateQuestionScene.
2025-10-29 16:37:37.484 +01:00 [INF] Executed ViewResult - view CreateQuestionScene executed in 64.9576ms.
2025-10-29 16:37:37.509 +01:00 [INF] Executed action Jam.Controllers.StoryCreationController.CreateQuestionScene (Jam) in 91.6412ms
2025-10-29 16:37:37.510 +01:00 [INF] Executed endpoint 'Jam.Controllers.StoryCreationController.CreateQuestionScene (Jam)'
2025-10-29 16:37:37.510 +01:00 [INF] Request finished HTTP/2 GET https://localhost:7025/StoryCreation/CreateQuestionScene?storyId=4 - 200 null text/html; charset=utf-8 139.2335ms
2025-10-29 16:38:01.100 +01:00 [INF] Request starting HTTP/2 POST https://localhost:7025/StoryCreation/CreateQuestionScene - application/x-www-form-urlencoded 883
2025-10-29 16:38:01.127 +01:00 [INF] Executing endpoint 'Jam.Controllers.StoryCreationController.CreateQuestionScene (Jam)'
2025-10-29 16:38:01.136 +01:00 [INF] Route matched with {action = "CreateQuestionScene", controller = "StoryCreation"}. Executing controller action with signature System.Threading.Tasks.Task`1[Microsoft.AspNetCore.Mvc.IActionResult] CreateQuestionScene(Jam.ViewModels.StoryCreation.CreateQuestionSceneViewModel) on controller Jam.Controllers.StoryCreationController (Jam).
2025-10-29 16:38:01.159 +01:00 [INF] Executing RedirectResult, redirecting to /StoryCreation/CreateEndings?storyId=4.
2025-10-29 16:38:01.159 +01:00 [INF] Executed action Jam.Controllers.StoryCreationController.CreateQuestionScene (Jam) in 23.1864ms
2025-10-29 16:38:01.159 +01:00 [INF] Executed endpoint 'Jam.Controllers.StoryCreationController.CreateQuestionScene (Jam)'
2025-10-29 16:38:01.159 +01:00 [INF] Request finished HTTP/2 POST https://localhost:7025/StoryCreation/CreateQuestionScene - 302 0 null 59.7889ms
2025-10-29 16:38:01.211 +01:00 [INF] Request starting HTTP/2 GET https://localhost:7025/StoryCreation/CreateEndings?storyId=4 - null null
2025-10-29 16:38:01.211 +01:00 [INF] Executing endpoint 'Jam.Controllers.StoryCreationController.CreateEndings (Jam)'
2025-10-29 16:38:01.212 +01:00 [INF] Route matched with {action = "CreateEndings", controller = "StoryCreation"}. Executing controller action with signature Microsoft.AspNetCore.Mvc.IActionResult CreateEndings(Int32) on controller Jam.Controllers.StoryCreationController (Jam).
2025-10-29 16:38:01.214 +01:00 [INF] Executing ViewResult, running view CreateEndings.
2025-10-29 16:38:01.225 +01:00 [INF] Executed ViewResult - view CreateEndings executed in 11.9976ms.
2025-10-29 16:38:01.225 +01:00 [INF] Executed action Jam.Controllers.StoryCreationController.CreateEndings (Jam) in 12.8498ms
2025-10-29 16:38:01.225 +01:00 [INF] Executed endpoint 'Jam.Controllers.StoryCreationController.CreateEndings (Jam)'
2025-10-29 16:38:01.225 +01:00 [INF] Request finished HTTP/2 GET https://localhost:7025/StoryCreation/CreateEndings?storyId=4 - 200 null text/html; charset=utf-8 14.637ms
2025-10-29 16:38:08.703 +01:00 [INF] Request starting HTTP/2 POST https://localhost:7025/StoryCreation/CreateEndings - application/x-www-form-urlencoded 244
2025-10-29 16:38:08.738 +01:00 [INF] Executing endpoint 'Jam.Controllers.StoryCreationController.CreateEndings (Jam)'
2025-10-29 16:38:08.745 +01:00 [INF] Route matched with {action = "CreateEndings", controller = "StoryCreation"}. Executing controller action with signature System.Threading.Tasks.Task`1[Microsoft.AspNetCore.Mvc.IActionResult] CreateEndings(Jam.ViewModels.StoryCreation.CreateEndingsViewModel) on controller Jam.Controllers.StoryCreationController (Jam).
2025-10-29 16:38:08.758 +01:00 [INF] Executing RedirectResult, redirecting to /.
2025-10-29 16:38:08.758 +01:00 [INF] Executed action Jam.Controllers.StoryCreationController.CreateEndings (Jam) in 12.6302ms
2025-10-29 16:38:08.758 +01:00 [INF] Executed endpoint 'Jam.Controllers.StoryCreationController.CreateEndings (Jam)'
2025-10-29 16:38:08.758 +01:00 [INF] Request finished HTTP/2 POST https://localhost:7025/StoryCreation/CreateEndings - 302 0 null 55.8516ms
2025-10-29 16:38:08.788 +01:00 [INF] Request starting HTTP/2 GET https://localhost:7025/ - null null
2025-10-29 16:38:08.788 +01:00 [INF] Executing endpoint 'Jam.Controllers.HomeController.Index (Jam)'
2025-10-29 16:38:08.788 +01:00 [INF] Route matched with {action = "Index", controller = "Home"}. Executing controller action with signature System.Threading.Tasks.Task`1[Microsoft.AspNetCore.Mvc.IActionResult] Index() on controller Jam.Controllers.HomeController (Jam).
2025-10-29 16:38:08.795 +01:00 [INF] Executing ViewResult, running view Index.
2025-10-29 16:38:08.870 +01:00 [INF] Executed ViewResult - view Index executed in 52.3602ms.
2025-10-29 16:38:08.917 +01:00 [INF] Executed action Jam.Controllers.HomeController.Index (Jam) in 103.3859ms
2025-10-29 16:38:08.941 +01:00 [INF] Executed endpoint 'Jam.Controllers.HomeController.Index (Jam)'
2025-10-29 16:38:08.942 +01:00 [INF] Request finished HTTP/2 GET https://localhost:7025/ - 200 null text/html; charset=utf-8 154.1168ms
2025-10-29 16:38:16.476 +01:00 [INF] Request starting HTTP/2 GET https://localhost:7025/StoryEditing/Edit?storyId=4 - null null
2025-10-29 16:38:16.503 +01:00 [INF] Executing endpoint 'Jam.Controllers.StoryEditingController.Edit (Jam)'
2025-10-29 16:38:16.509 +01:00 [INF] Route matched with {action = "Edit", controller = "StoryEditing"}. Executing controller action with signature System.Threading.Tasks.Task`1[Microsoft.AspNetCore.Mvc.IActionResult] Edit(Int32) on controller Jam.Controllers.StoryEditingController (Jam).
2025-10-29 16:38:16.534 +01:00 [INF] Executing ViewResult, running view Edit.
2025-10-29 16:38:16.544 +01:00 [INF] Executed ViewResult - view Edit executed in 10.2541ms.
2025-10-29 16:38:16.544 +01:00 [INF] Executed action Jam.Controllers.StoryEditingController.Edit (Jam) in 34.6764ms
2025-10-29 16:38:16.544 +01:00 [INF] Executed endpoint 'Jam.Controllers.StoryEditingController.Edit (Jam)'
2025-10-29 16:38:16.544 +01:00 [INF] Request finished HTTP/2 GET https://localhost:7025/StoryEditing/Edit?storyId=4 - 200 null text/html; charset=utf-8 89.5091ms
2025-10-29 16:38:22.274 +01:00 [INF] Request starting HTTP/2 POST https://localhost:7025/StoryEditing/UpdateStory - application/x-www-form-urlencoded 269
2025-10-29 16:38:22.303 +01:00 [INF] Executing endpoint 'Jam.Controllers.StoryEditingController.UpdateStory (Jam)'
2025-10-29 16:38:22.311 +01:00 [INF] Route matched with {action = "UpdateStory", controller = "StoryEditing"}. Executing controller action with signature System.Threading.Tasks.Task`1[Microsoft.AspNetCore.Mvc.IActionResult] UpdateStory(Jam.ViewModels.StoryEditing.StoryEditOverviewViewModel) on controller Jam.Controllers.StoryEditingController (Jam).
2025-10-29 16:38:22.318 +01:00 [INF] Executing ViewResult, running view Edit.
2025-10-29 16:38:22.319 +01:00 [INF] Executed ViewResult - view Edit executed in 1.5859ms.
2025-10-29 16:38:22.319 +01:00 [INF] Executed action Jam.Controllers.StoryEditingController.UpdateStory (Jam) in 8.5272ms
2025-10-29 16:38:22.320 +01:00 [INF] Executed endpoint 'Jam.Controllers.StoryEditingController.UpdateStory (Jam)'
2025-10-29 16:38:22.320 +01:00 [INF] Request finished HTTP/2 POST https://localhost:7025/StoryEditing/UpdateStory - 200 null text/html; charset=utf-8 92.8358ms
2025-10-29 16:38:25.454 +01:00 [INF] Request starting HTTP/2 GET https://localhost:7025/ - null null
2025-10-29 16:38:25.454 +01:00 [INF] Executing endpoint 'Jam.Controllers.HomeController.Index (Jam)'
2025-10-29 16:38:25.478 +01:00 [INF] Route matched with {action = "Index", controller = "Home"}. Executing controller action with signature System.Threading.Tasks.Task`1[Microsoft.AspNetCore.Mvc.IActionResult] Index() on controller Jam.Controllers.HomeController (Jam).
2025-10-29 16:38:25.489 +01:00 [INF] Executing ViewResult, running view Index.
2025-10-29 16:38:25.540 +01:00 [INF] Executed ViewResult - view Index executed in 50.8167ms.
2025-10-29 16:38:25.542 +01:00 [INF] Executed action Jam.Controllers.HomeController.Index (Jam) in 63.1597ms
2025-10-29 16:38:25.542 +01:00 [INF] Executed endpoint 'Jam.Controllers.HomeController.Index (Jam)'
2025-10-29 16:38:25.543 +01:00 [INF] Request finished HTTP/2 GET https://localhost:7025/ - 200 null text/html; charset=utf-8 89.7387ms
2025-10-29 16:38:29.505 +01:00 [INF] Request starting HTTP/2 GET https://localhost:7025/StoryPlaying/StartStory?storyId=4 - null null
2025-10-29 16:38:29.532 +01:00 [INF] Executing endpoint 'Jam.Controllers.StoryPlayingController.StartStory (Jam)'
2025-10-29 16:38:29.607 +01:00 [INF] Route matched with {action = "StartStory", controller = "StoryPlaying"}. Executing controller action with signature System.Threading.Tasks.Task`1[Microsoft.AspNetCore.Mvc.IActionResult] StartStory(Int32) on controller Jam.Controllers.StoryPlayingController (Jam).
2025-10-29 16:38:29.614 +01:00 [INF] Executing ViewResult, running view StartStory.
2025-10-29 16:38:29.623 +01:00 [INF] Executed ViewResult - view StartStory executed in 10.3859ms.
2025-10-29 16:38:29.623 +01:00 [INF] Executed action Jam.Controllers.StoryPlayingController.StartStory (Jam) in 15.5268ms
2025-10-29 16:38:29.623 +01:00 [INF] Executed endpoint 'Jam.Controllers.StoryPlayingController.StartStory (Jam)'
2025-10-29 16:38:29.623 +01:00 [INF] Request finished HTTP/2 GET https://localhost:7025/StoryPlaying/StartStory?storyId=4 - 200 null text/html; charset=utf-8 138.6194ms
