2025-11-06 14:08:26.323 +01:00 [INF] User profile is available. Using '/Users/jaraazad/.aspnet/DataProtection-Keys' as key repository; keys will not be encrypted at rest.
2025-11-06 14:08:26.928 +01:00 [INF] Applying migration '20251024065541_InitialCreate'.
2025-11-06 14:08:27.003 +01:00 [INF] Applying migration '20251101105657_AddIdentitySupport'.
2025-11-06 14:08:27.061 +01:00 [INF] Applying migration '20251103080324_UpdateNextQuestionSceneDeleteBehavior'.
2025-11-06 14:08:28.137 +01:00 [INF] Now listening on: https://localhost:7025
2025-11-06 14:08:28.137 +01:00 [INF] Now listening on: http://localhost:5262
2025-11-06 14:08:28.142 +01:00 [INF] Application started. Press Ctrl+C to shut down.
2025-11-06 14:08:28.143 +01:00 [INF] Hosting environment: Development
2025-11-06 14:08:28.143 +01:00 [INF] Content root path: /Users/jaraazad/Desktop/Jam
2025-11-06 14:08:28.611 +01:00 [INF] Request starting HTTP/2 GET https://localhost:7025/ - null null
2025-11-06 14:08:28.660 +01:00 [INF] Executing endpoint 'Jam.Controllers.HomeController.Index (Jam)'
2025-11-06 14:08:28.670 +01:00 [INF] Route matched with {action = "Index", controller = "Home", page = "", area = ""}. Executing controller action with signature System.Threading.Tasks.Task`1[Microsoft.AspNetCore.Mvc.IActionResult] Index() on controller Jam.Controllers.HomeController (Jam).
2025-11-06 14:08:28.690 +01:00 [WRN] [HomeController -> Index] Auth cookie invalid or user no longer exists. Redirecting to login.
2025-11-06 14:08:28.695 +01:00 [INF] AuthenticationScheme: Identity.Application signed out.
2025-11-06 14:08:28.698 +01:00 [INF] AuthenticationScheme: Identity.External signed out.
2025-11-06 14:08:28.699 +01:00 [INF] AuthenticationScheme: Identity.TwoFactorUserId signed out.
2025-11-06 14:08:28.701 +01:00 [INF] Executing LocalRedirectResult, redirecting to /Identity/Account/Login.
2025-11-06 14:08:28.708 +01:00 [INF] Executed action Jam.Controllers.HomeController.Index (Jam) in 34.9445ms
2025-11-06 14:08:28.708 +01:00 [INF] Executed endpoint 'Jam.Controllers.HomeController.Index (Jam)'
2025-11-06 14:08:28.714 +01:00 [INF] Request finished HTTP/2 GET https://localhost:7025/ - 302 0 null 104.3268ms
2025-11-06 14:08:28.742 +01:00 [INF] Request starting HTTP/2 GET https://localhost:7025/Identity/Account/Login - null null
2025-11-06 14:08:28.772 +01:00 [INF] Executing endpoint '/Account/Login'
2025-11-06 14:08:28.783 +01:00 [INF] Route matched with {page = "/Account/Login", area = "Identity", action = "", controller = ""}. Executing page /Account/Login
2025-11-06 14:08:28.793 +01:00 [INF] Executing handler method Jam.Areas.Identity.Pages.Account.LoginModel.OnGetAsync - ModelState is "Valid"
2025-11-06 14:08:28.794 +01:00 [INF] AuthenticationScheme: Identity.External signed out.
2025-11-06 14:08:28.795 +01:00 [INF] Executed handler method OnGetAsync, returned result .
2025-11-06 14:08:28.796 +01:00 [INF] Executing an implicit handler method - ModelState is "Valid"
2025-11-06 14:08:28.796 +01:00 [INF] Executed an implicit handler method, returned result Microsoft.AspNetCore.Mvc.RazorPages.PageResult.
2025-11-06 14:08:28.854 +01:00 [INF] Executed page /Account/Login in 70.788ms
2025-11-06 14:08:28.854 +01:00 [INF] Executed endpoint '/Account/Login'
2025-11-06 14:08:28.882 +01:00 [INF] Request finished HTTP/2 GET https://localhost:7025/Identity/Account/Login - 200 null text/html; charset=utf-8 139.0124ms
2025-11-06 14:08:28.897 +01:00 [INF] Request starting HTTP/2 GET https://localhost:7025/lib/jquery-validation/dist/jquery.validate.min.js - null null
2025-11-06 14:08:28.921 +01:00 [INF] Request starting HTTP/2 GET https://localhost:7025/lib/jquery-validation-unobtrusive/jquery.validate.unobtrusive.min.js - null null
2025-11-06 14:08:28.949 +01:00 [INF] Request finished HTTP/2 GET https://localhost:7025/lib/jquery-validation-unobtrusive/jquery.validate.unobtrusive.min.js - 404 0 null 50.9343ms
2025-11-06 14:08:28.949 +01:00 [INF] Request finished HTTP/2 GET https://localhost:7025/lib/jquery-validation/dist/jquery.validate.min.js - 404 0 null 53.141ms
2025-11-06 14:08:28.950 +01:00 [INF] Request reached the end of the middleware pipeline without being handled by application code. Request path: GET https://localhost:7025/lib/jquery-validation/dist/jquery.validate.min.js, Response status code: 404
2025-11-06 14:08:28.950 +01:00 [INF] Request reached the end of the middleware pipeline without being handled by application code. Request path: GET https://localhost:7025/lib/jquery-validation-unobtrusive/jquery.validate.unobtrusive.min.js, Response status code: 404
2025-11-06 14:08:33.681 +01:00 [INF] Request starting HTTP/2 POST https://localhost:7025/Identity/Account/Login - application/x-www-form-urlencoded 236
2025-11-06 14:08:33.690 +01:00 [INF] Executing endpoint '/Account/Login'
2025-11-06 14:08:33.691 +01:00 [INF] Route matched with {page = "/Account/Login", area = "Identity", action = "", controller = ""}. Executing page /Account/Login
2025-11-06 14:08:33.722 +01:00 [INF] Executing handler method Jam.Areas.Identity.Pages.Account.LoginModel.OnPostAsync - ModelState is "Valid"
2025-11-06 14:08:33.852 +01:00 [INF] AuthenticationScheme: Identity.Application signed in.
2025-11-06 14:08:33.853 +01:00 [INF] User logged in.
2025-11-06 14:08:33.853 +01:00 [INF] Executed handler method OnPostAsync, returned result Microsoft.AspNetCore.Mvc.LocalRedirectResult.
2025-11-06 14:08:33.853 +01:00 [INF] Executing LocalRedirectResult, redirecting to /.
2025-11-06 14:08:33.854 +01:00 [INF] Executed page /Account/Login in 162.3242ms
2025-11-06 14:08:33.854 +01:00 [INF] Executed endpoint '/Account/Login'
2025-11-06 14:08:33.854 +01:00 [INF] Request finished HTTP/2 POST https://localhost:7025/Identity/Account/Login - 302 0 null 219.392ms
2025-11-06 14:08:33.887 +01:00 [INF] Request starting HTTP/2 GET https://localhost:7025/ - null null
2025-11-06 14:08:33.889 +01:00 [INF] Executing endpoint 'Jam.Controllers.HomeController.Index (Jam)'
2025-11-06 14:08:33.889 +01:00 [INF] Route matched with {action = "Index", controller = "Home", page = "", area = ""}. Executing controller action with signature System.Threading.Tasks.Task`1[Microsoft.AspNetCore.Mvc.IActionResult] Index() on controller Jam.Controllers.HomeController (Jam).
2025-11-06 14:08:33.922 +01:00 [INF] Executing ViewResult, running view Index.
2025-11-06 14:08:34.019 +01:00 [INF] Executed ViewResult - view Index executed in 71.3867ms.
2025-11-06 14:08:34.047 +01:00 [INF] Executed action Jam.Controllers.HomeController.Index (Jam) in 158.0175ms
2025-11-06 14:08:34.047 +01:00 [INF] Executed endpoint 'Jam.Controllers.HomeController.Index (Jam)'
2025-11-06 14:08:34.048 +01:00 [INF] Request finished HTTP/2 GET https://localhost:7025/ - 200 null text/html; charset=utf-8 160.6462ms
2025-11-06 14:08:36.461 +01:00 [INF] Request starting HTTP/2 GET https://localhost:7025/StoryCreation/CreateStoryAndIntro - null null
2025-11-06 14:08:36.469 +01:00 [INF] Executing endpoint 'Jam.Controllers.StoryCreationController.CreateStoryAndIntro (Jam)'
2025-11-06 14:08:36.472 +01:00 [INF] Route matched with {action = "CreateStoryAndIntro", controller = "StoryCreation", page = "", area = ""}. Executing controller action with signature Microsoft.AspNetCore.Mvc.IActionResult CreateStoryAndIntro() on controller Jam.Controllers.StoryCreationController (Jam).
2025-11-06 14:08:36.476 +01:00 [INF] Accessing expired session, Key:2d0cc344-df3d-072e-4af7-3508e4f5cd8c
2025-11-06 14:08:36.483 +01:00 [INF] Executing ViewResult, running view CreateStoryAndIntro.
2025-11-06 14:08:36.541 +01:00 [INF] Executed ViewResult - view CreateStoryAndIntro executed in 58.7306ms.
2025-11-06 14:08:36.589 +01:00 [INF] Executed action Jam.Controllers.StoryCreationController.CreateStoryAndIntro (Jam) in 116.851ms
2025-11-06 14:08:36.590 +01:00 [INF] Executed endpoint 'Jam.Controllers.StoryCreationController.CreateStoryAndIntro (Jam)'
2025-11-06 14:08:36.590 +01:00 [INF] Request finished HTTP/2 GET https://localhost:7025/StoryCreation/CreateStoryAndIntro - 200 null text/html; charset=utf-8 129.1959ms
2025-11-06 14:08:41.917 +01:00 [INF] Request starting HTTP/2 POST https://localhost:7025/StoryCreation/CreateStoryAndIntro - application/x-www-form-urlencoded 310
2025-11-06 14:08:41.974 +01:00 [INF] Executing endpoint 'Jam.Controllers.StoryCreationController.CreateStoryAndIntro (Jam)'
2025-11-06 14:08:41.982 +01:00 [INF] Route matched with {action = "CreateStoryAndIntro", controller = "StoryCreation", page = "", area = ""}. Executing controller action with signature Microsoft.AspNetCore.Mvc.IActionResult CreateStoryAndIntro(Jam.ViewModels.StoryCreation.CreateStoryAndIntroViewModel) on controller Jam.Controllers.StoryCreationController (Jam).
2025-11-06 14:08:41.988 +01:00 [INF] Accessing expired session, Key:2d0cc344-df3d-072e-4af7-3508e4f5cd8c
2025-11-06 14:08:42.016 +01:00 [INF] Executing RedirectResult, redirecting to /StoryCreation/CreateQuestionScenes.
2025-11-06 14:08:42.016 +01:00 [INF] Executed action Jam.Controllers.StoryCreationController.CreateStoryAndIntro (Jam) in 33.8315ms
2025-11-06 14:08:42.016 +01:00 [INF] Executed endpoint 'Jam.Controllers.StoryCreationController.CreateStoryAndIntro (Jam)'
2025-11-06 14:08:42.016 +01:00 [INF] Session started; Key:2d0cc344-df3d-072e-4af7-3508e4f5cd8c, Id:a24e532a-ee65-d96c-a369-3225f6d780c1
2025-11-06 14:08:42.017 +01:00 [INF] Request finished HTTP/2 POST https://localhost:7025/StoryCreation/CreateStoryAndIntro - 302 0 null 124.9504ms
2025-11-06 14:08:42.073 +01:00 [INF] Request starting HTTP/2 GET https://localhost:7025/StoryCreation/CreateQuestionScenes - null null
2025-11-06 14:08:42.075 +01:00 [INF] Executing endpoint 'Jam.Controllers.StoryCreationController.CreateQuestionScenes (Jam)'
2025-11-06 14:08:42.076 +01:00 [INF] Route matched with {action = "CreateQuestionScenes", controller = "StoryCreation", page = "", area = ""}. Executing controller action with signature Microsoft.AspNetCore.Mvc.IActionResult CreateQuestionScenes() on controller Jam.Controllers.StoryCreationController (Jam).
2025-11-06 14:08:42.083 +01:00 [INF] Executing ViewResult, running view CreateQuestionScenes.
2025-11-06 14:08:42.143 +01:00 [INF] Executed ViewResult - view CreateQuestionScenes executed in 59.9808ms.
2025-11-06 14:08:42.167 +01:00 [INF] Executed action Jam.Controllers.StoryCreationController.CreateQuestionScenes (Jam) in 90.0947ms
2025-11-06 14:08:42.188 +01:00 [INF] Executed endpoint 'Jam.Controllers.StoryCreationController.CreateQuestionScenes (Jam)'
2025-11-06 14:08:42.213 +01:00 [INF] Request finished HTTP/2 GET https://localhost:7025/StoryCreation/CreateQuestionScenes - 200 null text/html; charset=utf-8 139.7005ms
