2025-11-09 16:57:09.495 +01:00 [INF] User profile is available. Using '/Users/jaraazad/.aspnet/DataProtection-Keys' as key repository; keys will not be encrypted at rest.
2025-11-09 16:57:10.305 +01:00 [INF] Applying migration '20251024065541_InitialCreate'.
2025-11-09 16:57:10.345 +01:00 [INF] Applying migration '20251101105657_AddIdentitySupport'.
2025-11-09 16:57:10.502 +01:00 [INF] Applying migration '20251103080324_UpdateNextQuestionSceneDeleteBehavior'.
2025-11-09 16:57:11.538 +01:00 [INF] Now listening on: https://localhost:7025
2025-11-09 16:57:11.539 +01:00 [INF] Now listening on: http://localhost:5262
2025-11-09 16:57:11.543 +01:00 [INF] Application started. Press Ctrl+C to shut down.
2025-11-09 16:57:11.544 +01:00 [INF] Hosting environment: Development
2025-11-09 16:57:11.544 +01:00 [INF] Content root path: /Users/jaraazad/Desktop/Jam
2025-11-09 16:57:11.746 +01:00 [INF] Request starting HTTP/2 GET https://localhost:7025/ - null null
2025-11-09 16:57:11.784 +01:00 [INF] Executing endpoint 'Jam.Controllers.HomeController.Index (Jam)'
2025-11-09 16:57:11.790 +01:00 [INF] Route matched with {action = "Index", controller = "Home", page = "", area = ""}. Executing controller action with signature System.Threading.Tasks.Task`1[Microsoft.AspNetCore.Mvc.IActionResult] Index() on controller Jam.Controllers.HomeController (Jam).
2025-11-09 16:57:11.826 +01:00 [WRN] [HomeController -> Index] Auth cookie invalid or user no longer exists. Redirecting to login.
2025-11-09 16:57:11.830 +01:00 [INF] AuthenticationScheme: Identity.Application signed out.
2025-11-09 16:57:11.831 +01:00 [INF] AuthenticationScheme: Identity.External signed out.
2025-11-09 16:57:11.831 +01:00 [INF] AuthenticationScheme: Identity.TwoFactorUserId signed out.
2025-11-09 16:57:11.832 +01:00 [INF] Executing LocalRedirectResult, redirecting to /Identity/Account/Login.
2025-11-09 16:57:11.835 +01:00 [INF] Executed action Jam.Controllers.HomeController.Index (Jam) in 42.1392ms
2025-11-09 16:57:11.835 +01:00 [INF] Executed endpoint 'Jam.Controllers.HomeController.Index (Jam)'
2025-11-09 16:57:11.841 +01:00 [INF] Request finished HTTP/2 GET https://localhost:7025/ - 302 0 null 96.3805ms
2025-11-09 16:57:11.895 +01:00 [INF] Request starting HTTP/2 GET https://localhost:7025/Identity/Account/Login - null null
2025-11-09 16:57:11.898 +01:00 [INF] Executing endpoint '/Account/Login'
2025-11-09 16:57:11.910 +01:00 [INF] Route matched with {page = "/Account/Login", area = "Identity", action = "", controller = ""}. Executing page /Account/Login
2025-11-09 16:57:11.919 +01:00 [INF] Executing handler method Jam.Areas.Identity.Pages.Account.LoginModel.OnGetAsync - ModelState is "Valid"
2025-11-09 16:57:11.920 +01:00 [INF] AuthenticationScheme: Identity.External signed out.
2025-11-09 16:57:11.920 +01:00 [INF] Executed handler method OnGetAsync, returned result .
2025-11-09 16:57:11.922 +01:00 [INF] Executing an implicit handler method - ModelState is "Valid"
2025-11-09 16:57:11.922 +01:00 [INF] Executed an implicit handler method, returned result Microsoft.AspNetCore.Mvc.RazorPages.PageResult.
2025-11-09 16:57:11.980 +01:00 [INF] Executed page /Account/Login in 69.3417ms
2025-11-09 16:57:11.981 +01:00 [INF] Executed endpoint '/Account/Login'
2025-11-09 16:57:11.991 +01:00 [INF] Request starting HTTP/2 GET https://localhost:7025/lib/jquery-validation/dist/jquery.validate.min.js - null null
2025-11-09 16:57:11.991 +01:00 [INF] Request starting HTTP/2 GET https://localhost:7025/lib/jquery-validation-unobtrusive/jquery.validate.unobtrusive.min.js - null null
2025-11-09 16:57:12.051 +01:00 [INF] Request finished HTTP/2 GET https://localhost:7025/lib/jquery-validation/dist/jquery.validate.min.js - 404 0 null 60.6887ms
2025-11-09 16:57:12.051 +01:00 [INF] Request finished HTTP/2 GET https://localhost:7025/lib/jquery-validation-unobtrusive/jquery.validate.unobtrusive.min.js - 404 0 null 60.3069ms
2025-11-09 16:57:12.052 +01:00 [INF] Request reached the end of the middleware pipeline without being handled by application code. Request path: GET https://localhost:7025/lib/jquery-validation-unobtrusive/jquery.validate.unobtrusive.min.js, Response status code: 404
2025-11-09 16:57:12.052 +01:00 [INF] Request reached the end of the middleware pipeline without being handled by application code. Request path: GET https://localhost:7025/lib/jquery-validation/dist/jquery.validate.min.js, Response status code: 404
2025-11-09 16:57:12.053 +01:00 [INF] Request finished HTTP/2 GET https://localhost:7025/Identity/Account/Login - 200 null text/html; charset=utf-8 157.5922ms
2025-11-09 16:57:12.667 +01:00 [INF] Request starting HTTP/2 POST https://localhost:7025/Identity/Account/Login - application/x-www-form-urlencoded 236
2025-11-09 16:57:12.673 +01:00 [INF] Executing endpoint '/Account/Login'
2025-11-09 16:57:12.674 +01:00 [INF] Route matched with {page = "/Account/Login", area = "Identity", action = "", controller = ""}. Executing page /Account/Login
2025-11-09 16:57:12.689 +01:00 [INF] Executing handler method Jam.Areas.Identity.Pages.Account.LoginModel.OnPostAsync - ModelState is "Valid"
2025-11-09 16:57:12.800 +01:00 [INF] AuthenticationScheme: Identity.Application signed in.
2025-11-09 16:57:12.801 +01:00 [INF] User logged in.
2025-11-09 16:57:12.801 +01:00 [INF] Executed handler method OnPostAsync, returned result Microsoft.AspNetCore.Mvc.LocalRedirectResult.
2025-11-09 16:57:12.801 +01:00 [INF] Executing LocalRedirectResult, redirecting to /.
2025-11-09 16:57:12.802 +01:00 [INF] Executed page /Account/Login in 127.2832ms
2025-11-09 16:57:12.802 +01:00 [INF] Executed endpoint '/Account/Login'
2025-11-09 16:57:12.802 +01:00 [INF] Request finished HTTP/2 POST https://localhost:7025/Identity/Account/Login - 302 0 null 134.765ms
2025-11-09 16:57:12.828 +01:00 [INF] Request starting HTTP/2 GET https://localhost:7025/ - null null
2025-11-09 16:57:12.830 +01:00 [INF] Executing endpoint 'Jam.Controllers.HomeController.Index (Jam)'
2025-11-09 16:57:12.830 +01:00 [INF] Route matched with {action = "Index", controller = "Home", page = "", area = ""}. Executing controller action with signature System.Threading.Tasks.Task`1[Microsoft.AspNetCore.Mvc.IActionResult] Index() on controller Jam.Controllers.HomeController (Jam).
2025-11-09 16:57:12.878 +01:00 [INF] Executing ViewResult, running view Index.
2025-11-09 16:57:12.917 +01:00 [INF] Executed ViewResult - view Index executed in 38.8907ms.
2025-11-09 16:57:12.989 +01:00 [INF] Executed action Jam.Controllers.HomeController.Index (Jam) in 158.8706ms
2025-11-09 16:57:12.989 +01:00 [INF] Executed endpoint 'Jam.Controllers.HomeController.Index (Jam)'
2025-11-09 16:57:12.990 +01:00 [INF] Request finished HTTP/2 GET https://localhost:7025/ - 200 null text/html; charset=utf-8 161.4099ms
2025-11-09 16:57:13.742 +01:00 [INF] Request starting HTTP/2 GET https://localhost:7025/StoryEditing/EditStory?storyId=1 - null null
2025-11-09 16:57:13.750 +01:00 [INF] Executing endpoint 'Jam.Controllers.StoryEditingController.EditStory (Jam)'
2025-11-09 16:57:13.756 +01:00 [INF] Route matched with {action = "EditStory", controller = "StoryEditing", page = "", area = ""}. Executing controller action with signature System.Threading.Tasks.Task`1[Microsoft.AspNetCore.Mvc.IActionResult] EditStory(Int32) on controller Jam.Controllers.StoryEditingController (Jam).
2025-11-09 16:57:13.775 +01:00 [INF] Executing ViewResult, running view EditStory.
2025-11-09 16:57:13.805 +01:00 [INF] Executed ViewResult - view EditStory executed in 30.144ms.
2025-11-09 16:57:13.805 +01:00 [INF] Executed action Jam.Controllers.StoryEditingController.EditStory (Jam) in 48.6782ms
2025-11-09 16:57:13.805 +01:00 [INF] Executed endpoint 'Jam.Controllers.StoryEditingController.EditStory (Jam)'
2025-11-09 16:57:13.805 +01:00 [INF] Request finished HTTP/2 GET https://localhost:7025/StoryEditing/EditStory?storyId=1 - 200 null text/html; charset=utf-8 63.3582ms
2025-11-09 16:57:14.470 +01:00 [INF] Request starting HTTP/2 GET https://localhost:7025/StoryEditing/EditQuestionScenes?storyId=1 - null null
2025-11-09 16:57:14.474 +01:00 [INF] Executing endpoint 'Jam.Controllers.StoryEditingController.EditQuestionScenes (Jam)'
2025-11-09 16:57:14.481 +01:00 [INF] Route matched with {action = "EditQuestionScenes", controller = "StoryEditing", page = "", area = ""}. Executing controller action with signature System.Threading.Tasks.Task`1[Microsoft.AspNetCore.Mvc.IActionResult] EditQuestionScenes(Int32) on controller Jam.Controllers.StoryEditingController (Jam).
2025-11-09 16:57:14.545 +01:00 [INF] Executing ViewResult, running view EditQuestionScenes.
2025-11-09 16:57:14.641 +01:00 [INF] Executed ViewResult - view EditQuestionScenes executed in 96.9802ms.
2025-11-09 16:57:14.663 +01:00 [INF] Executed action Jam.Controllers.StoryEditingController.EditQuestionScenes (Jam) in 181.8319ms
2025-11-09 16:57:14.663 +01:00 [INF] Executed endpoint 'Jam.Controllers.StoryEditingController.EditQuestionScenes (Jam)'
2025-11-09 16:57:14.663 +01:00 [INF] Request finished HTTP/2 GET https://localhost:7025/StoryEditing/EditQuestionScenes?storyId=1 - 200 null text/html; charset=utf-8 193.028ms
2025-11-09 16:57:16.904 +01:00 [INF] Request starting HTTP/2 GET https://localhost:7025/StoryEditing/GetEditQuestionScenePartial?index=4&questionNumber=5 - null null
2025-11-09 16:57:16.906 +01:00 [INF] Executing endpoint 'Jam.Controllers.StoryEditingController.GetEditQuestionScenePartial (Jam)'
2025-11-09 16:57:16.908 +01:00 [INF] Route matched with {action = "GetEditQuestionScenePartial", controller = "StoryEditing", page = "", area = ""}. Executing controller action with signature Microsoft.AspNetCore.Mvc.IActionResult GetEditQuestionScenePartial(Int32, Int32) on controller Jam.Controllers.StoryEditingController (Jam).
2025-11-09 16:57:16.914 +01:00 [INF] Executing PartialViewResult, running view ~/Views/Shared/_EditQuestionScenePartial.cshtml.
2025-11-09 16:57:16.966 +01:00 [INF] Executed PartialViewResult - view ~/Views/Shared/_EditQuestionScenePartial.cshtml executed in 51.9741ms.
2025-11-09 16:57:16.966 +01:00 [INF] Executed action Jam.Controllers.StoryEditingController.GetEditQuestionScenePartial (Jam) in 57.4535ms
2025-11-09 16:57:16.966 +01:00 [INF] Executed endpoint 'Jam.Controllers.StoryEditingController.GetEditQuestionScenePartial (Jam)'
2025-11-09 16:57:16.966 +01:00 [INF] Request finished HTTP/2 GET https://localhost:7025/StoryEditing/GetEditQuestionScenePartial?index=4&questionNumber=5 - 200 null text/html; charset=utf-8 62.0167ms
2025-11-09 16:57:18.267 +01:00 [INF] Request starting HTTP/2 POST https://localhost:7025/StoryEditing/EditQuestionScenes - application/x-www-form-urlencoded 6853
2025-11-09 16:57:18.269 +01:00 [INF] Executing endpoint 'Jam.Controllers.StoryEditingController.EditQuestionScenes (Jam)'
2025-11-09 16:57:18.278 +01:00 [INF] Route matched with {action = "EditQuestionScenes", controller = "StoryEditing", page = "", area = ""}. Executing controller action with signature System.Threading.Tasks.Task`1[Microsoft.AspNetCore.Mvc.IActionResult] EditQuestionScenes(Int32, System.Collections.Generic.List`1[Jam.ViewModels.QuestionSceneBaseViewModel], System.String) on controller Jam.Controllers.StoryEditingController (Jam).
2025-11-09 16:57:18.296 +01:00 [INF] Executing ViewResult, running view EditQuestionScenes.
2025-11-09 16:57:18.443 +01:00 [INF] Executed ViewResult - view EditQuestionScenes executed in 147.7664ms.
2025-11-09 16:57:18.443 +01:00 [INF] Executed action Jam.Controllers.StoryEditingController.EditQuestionScenes (Jam) in 165.4372ms
2025-11-09 16:57:18.443 +01:00 [INF] Executed endpoint 'Jam.Controllers.StoryEditingController.EditQuestionScenes (Jam)'
2025-11-09 16:57:18.443 +01:00 [INF] Request finished HTTP/2 POST https://localhost:7025/StoryEditing/EditQuestionScenes - 200 null text/html; charset=utf-8 176.5769ms
2025-11-09 16:57:29.891 +01:00 [INF] Request starting HTTP/2 POST https://localhost:7025/StoryEditing/EditQuestionScenes - application/x-www-form-urlencoded 6920
2025-11-09 16:57:29.950 +01:00 [INF] Executing endpoint 'Jam.Controllers.StoryEditingController.EditQuestionScenes (Jam)'
2025-11-09 16:57:29.951 +01:00 [INF] Route matched with {action = "EditQuestionScenes", controller = "StoryEditing", page = "", area = ""}. Executing controller action with signature System.Threading.Tasks.Task`1[Microsoft.AspNetCore.Mvc.IActionResult] EditQuestionScenes(Int32, System.Collections.Generic.List`1[Jam.ViewModels.QuestionSceneBaseViewModel], System.String) on controller Jam.Controllers.StoryEditingController (Jam).
2025-11-09 16:57:30.139 +01:00 [INF] [🔹SceneRepository -> UpdateQuestionScenes] Endringer lagret for storyId=1. 🔹Added=1, Updated=4, Deleted=0
2025-11-09 16:57:30.141 +01:00 [INF] Executing RedirectResult, redirecting to /StoryEditing/EditStory?storyId=1.
2025-11-09 16:57:30.141 +01:00 [INF] Executed action Jam.Controllers.StoryEditingController.EditQuestionScenes (Jam) in 190.2443ms
2025-11-09 16:57:30.141 +01:00 [INF] Executed endpoint 'Jam.Controllers.StoryEditingController.EditQuestionScenes (Jam)'
2025-11-09 16:57:30.141 +01:00 [INF] Request finished HTTP/2 POST https://localhost:7025/StoryEditing/EditQuestionScenes - 302 0 null 272.4659ms
2025-11-09 16:57:30.149 +01:00 [INF] Request starting HTTP/2 GET https://localhost:7025/StoryEditing/EditStory?storyId=1 - null null
2025-11-09 16:57:30.150 +01:00 [INF] Executing endpoint 'Jam.Controllers.StoryEditingController.EditStory (Jam)'
2025-11-09 16:57:30.150 +01:00 [INF] Route matched with {action = "EditStory", controller = "StoryEditing", page = "", area = ""}. Executing controller action with signature System.Threading.Tasks.Task`1[Microsoft.AspNetCore.Mvc.IActionResult] EditStory(Int32) on controller Jam.Controllers.StoryEditingController (Jam).
2025-11-09 16:57:30.161 +01:00 [INF] Executing ViewResult, running view EditStory.
2025-11-09 16:57:30.232 +01:00 [INF] Executed ViewResult - view EditStory executed in 71.628ms.
2025-11-09 16:57:30.233 +01:00 [INF] Executed action Jam.Controllers.StoryEditingController.EditStory (Jam) in 82.5557ms
2025-11-09 16:57:30.233 +01:00 [INF] Executed endpoint 'Jam.Controllers.StoryEditingController.EditStory (Jam)'
2025-11-09 16:57:30.233 +01:00 [INF] Request finished HTTP/2 GET https://localhost:7025/StoryEditing/EditStory?storyId=1 - 200 null text/html; charset=utf-8 83.8036ms
2025-11-09 16:57:31.428 +01:00 [INF] Request starting HTTP/2 GET https://localhost:7025/ - null null
2025-11-09 16:57:31.430 +01:00 [INF] Executing endpoint 'Jam.Controllers.HomeController.Index (Jam)'
2025-11-09 16:57:31.430 +01:00 [INF] Route matched with {action = "Index", controller = "Home", page = "", area = ""}. Executing controller action with signature System.Threading.Tasks.Task`1[Microsoft.AspNetCore.Mvc.IActionResult] Index() on controller Jam.Controllers.HomeController (Jam).
2025-11-09 16:57:31.449 +01:00 [INF] Executing ViewResult, running view Index.
2025-11-09 16:57:31.547 +01:00 [INF] Executed ViewResult - view Index executed in 97.4735ms.
2025-11-09 16:57:31.547 +01:00 [INF] Executed action Jam.Controllers.HomeController.Index (Jam) in 116.5843ms
2025-11-09 16:57:31.547 +01:00 [INF] Executed endpoint 'Jam.Controllers.HomeController.Index (Jam)'
2025-11-09 16:57:31.547 +01:00 [INF] Request finished HTTP/2 GET https://localhost:7025/ - 200 null text/html; charset=utf-8 118.9858ms
2025-11-09 16:57:32.720 +01:00 [INF] Request starting HTTP/2 GET https://localhost:7025/StoryEditing/EditStory?storyId=1 - null null
2025-11-09 16:57:32.722 +01:00 [INF] Executing endpoint 'Jam.Controllers.StoryEditingController.EditStory (Jam)'
2025-11-09 16:57:32.722 +01:00 [INF] Route matched with {action = "EditStory", controller = "StoryEditing", page = "", area = ""}. Executing controller action with signature System.Threading.Tasks.Task`1[Microsoft.AspNetCore.Mvc.IActionResult] EditStory(Int32) on controller Jam.Controllers.StoryEditingController (Jam).
2025-11-09 16:57:32.729 +01:00 [INF] Executing ViewResult, running view EditStory.
2025-11-09 16:57:32.733 +01:00 [INF] Executed ViewResult - view EditStory executed in 3.981ms.
2025-11-09 16:57:32.734 +01:00 [INF] Executed action Jam.Controllers.StoryEditingController.EditStory (Jam) in 11.1709ms
2025-11-09 16:57:32.734 +01:00 [INF] Executed endpoint 'Jam.Controllers.StoryEditingController.EditStory (Jam)'
2025-11-09 16:57:32.761 +01:00 [INF] Request finished HTTP/2 GET https://localhost:7025/StoryEditing/EditStory?storyId=1 - 200 null text/html; charset=utf-8 66.0381ms
2025-11-09 16:57:33.240 +01:00 [INF] Request starting HTTP/2 GET https://localhost:7025/StoryEditing/EditQuestionScenes?storyId=1 - null null
2025-11-09 16:57:33.266 +01:00 [INF] Executing endpoint 'Jam.Controllers.StoryEditingController.EditQuestionScenes (Jam)'
2025-11-09 16:57:33.267 +01:00 [INF] Route matched with {action = "EditQuestionScenes", controller = "StoryEditing", page = "", area = ""}. Executing controller action with signature System.Threading.Tasks.Task`1[Microsoft.AspNetCore.Mvc.IActionResult] EditQuestionScenes(Int32) on controller Jam.Controllers.StoryEditingController (Jam).
2025-11-09 16:57:33.272 +01:00 [INF] Executing ViewResult, running view EditQuestionScenes.
2025-11-09 16:57:33.474 +01:00 [INF] Executed ViewResult - view EditQuestionScenes executed in 201.9013ms.
2025-11-09 16:57:33.474 +01:00 [INF] Executed action Jam.Controllers.StoryEditingController.EditQuestionScenes (Jam) in 207.7369ms
2025-11-09 16:57:33.474 +01:00 [INF] Executed endpoint 'Jam.Controllers.StoryEditingController.EditQuestionScenes (Jam)'
2025-11-09 16:57:33.475 +01:00 [INF] Request finished HTTP/2 GET https://localhost:7025/StoryEditing/EditQuestionScenes?storyId=1 - 200 null text/html; charset=utf-8 234.4409ms
2025-11-09 16:57:35.463 +01:00 [INF] Request starting HTTP/2 POST https://localhost:7025/StoryEditing/EditQuestionScenes - application/x-www-form-urlencoded 6932
2025-11-09 16:57:35.464 +01:00 [INF] Executing endpoint 'Jam.Controllers.StoryEditingController.EditQuestionScenes (Jam)'
2025-11-09 16:57:35.464 +01:00 [INF] Route matched with {action = "EditQuestionScenes", controller = "StoryEditing", page = "", area = ""}. Executing controller action with signature System.Threading.Tasks.Task`1[Microsoft.AspNetCore.Mvc.IActionResult] EditQuestionScenes(Int32, System.Collections.Generic.List`1[Jam.ViewModels.QuestionSceneBaseViewModel], System.String) on controller Jam.Controllers.StoryEditingController (Jam).
2025-11-09 16:57:35.466 +01:00 [INF] Executing ViewResult, running view EditQuestionScenes.
2025-11-09 16:57:35.648 +01:00 [INF] Executed ViewResult - view EditQuestionScenes executed in 182.3067ms.
2025-11-09 16:57:35.648 +01:00 [INF] Executed action Jam.Controllers.StoryEditingController.EditQuestionScenes (Jam) in 184.1421ms
2025-11-09 16:57:35.649 +01:00 [INF] Executed endpoint 'Jam.Controllers.StoryEditingController.EditQuestionScenes (Jam)'
2025-11-09 16:57:35.649 +01:00 [INF] Request finished HTTP/2 POST https://localhost:7025/StoryEditing/EditQuestionScenes - 200 null text/html; charset=utf-8 185.813ms
