2025-11-07 20:17:19.743 +01:00 [INF] User profile is available. Using '/Users/jaraazad/.aspnet/DataProtection-Keys' as key repository; keys will not be encrypted at rest.
2025-11-07 20:17:20.276 +01:00 [INF] Applying migration '20251024065541_InitialCreate'.
2025-11-07 20:17:20.319 +01:00 [INF] Applying migration '20251101105657_AddIdentitySupport'.
2025-11-07 20:17:20.362 +01:00 [INF] Applying migration '20251103080324_UpdateNextQuestionSceneDeleteBehavior'.
2025-11-07 20:17:21.412 +01:00 [INF] Now listening on: https://localhost:7025
2025-11-07 20:17:21.412 +01:00 [INF] Now listening on: http://localhost:5262
2025-11-07 20:17:21.417 +01:00 [INF] Application started. Press Ctrl+C to shut down.
2025-11-07 20:17:21.418 +01:00 [INF] Hosting environment: Development
2025-11-07 20:17:21.418 +01:00 [INF] Content root path: /Users/jaraazad/Desktop/Jam
2025-11-07 20:17:21.698 +01:00 [INF] Request starting HTTP/2 GET https://localhost:7025/ - null null
2025-11-07 20:17:21.728 +01:00 [INF] Executing endpoint 'Jam.Controllers.HomeController.Index (Jam)'
2025-11-07 20:17:21.735 +01:00 [INF] Route matched with {action = "Index", controller = "Home", page = "", area = ""}. Executing controller action with signature System.Threading.Tasks.Task`1[Microsoft.AspNetCore.Mvc.IActionResult] Index() on controller Jam.Controllers.HomeController (Jam).
2025-11-07 20:17:21.748 +01:00 [WRN] [HomeController -> Index] Auth cookie invalid or user no longer exists. Redirecting to login.
2025-11-07 20:17:21.751 +01:00 [INF] AuthenticationScheme: Identity.Application signed out.
2025-11-07 20:17:21.752 +01:00 [INF] AuthenticationScheme: Identity.External signed out.
2025-11-07 20:17:21.753 +01:00 [INF] AuthenticationScheme: Identity.TwoFactorUserId signed out.
2025-11-07 20:17:21.754 +01:00 [INF] Executing LocalRedirectResult, redirecting to /Identity/Account/Login.
2025-11-07 20:17:21.756 +01:00 [INF] Executed action Jam.Controllers.HomeController.Index (Jam) in 19.6197ms
2025-11-07 20:17:21.757 +01:00 [INF] Executed endpoint 'Jam.Controllers.HomeController.Index (Jam)'
2025-11-07 20:17:21.760 +01:00 [INF] Request finished HTTP/2 GET https://localhost:7025/ - 302 0 null 63.531ms
2025-11-07 20:17:21.772 +01:00 [INF] Request starting HTTP/2 GET https://localhost:7025/Identity/Account/Login - null null
2025-11-07 20:17:21.776 +01:00 [INF] Executing endpoint '/Account/Login'
2025-11-07 20:17:21.788 +01:00 [INF] Route matched with {page = "/Account/Login", area = "Identity", action = "", controller = ""}. Executing page /Account/Login
2025-11-07 20:17:21.796 +01:00 [INF] Executing handler method Jam.Areas.Identity.Pages.Account.LoginModel.OnGetAsync - ModelState is "Valid"
2025-11-07 20:17:21.798 +01:00 [INF] AuthenticationScheme: Identity.External signed out.
2025-11-07 20:17:21.799 +01:00 [INF] Executed handler method OnGetAsync, returned result .
2025-11-07 20:17:21.800 +01:00 [INF] Executing an implicit handler method - ModelState is "Valid"
2025-11-07 20:17:21.800 +01:00 [INF] Executed an implicit handler method, returned result Microsoft.AspNetCore.Mvc.RazorPages.PageResult.
2025-11-07 20:17:21.849 +01:00 [INF] Executed page /Account/Login in 60.4446ms
2025-11-07 20:17:21.849 +01:00 [INF] Executed endpoint '/Account/Login'
2025-11-07 20:17:21.853 +01:00 [INF] Request finished HTTP/2 GET https://localhost:7025/Identity/Account/Login - 200 null text/html; charset=utf-8 81.3373ms
2025-11-07 20:17:21.875 +01:00 [INF] Request starting HTTP/2 GET https://localhost:7025/lib/jquery-validation-unobtrusive/jquery.validate.unobtrusive.min.js - null null
2025-11-07 20:17:21.876 +01:00 [INF] Request starting HTTP/2 GET https://localhost:7025/lib/jquery-validation/dist/jquery.validate.min.js - null null
2025-11-07 20:17:21.899 +01:00 [INF] Request finished HTTP/2 GET https://localhost:7025/lib/jquery-validation-unobtrusive/jquery.validate.unobtrusive.min.js - 404 0 null 24.7419ms
2025-11-07 20:17:21.899 +01:00 [INF] Request finished HTTP/2 GET https://localhost:7025/lib/jquery-validation/dist/jquery.validate.min.js - 404 0 null 23.7693ms
2025-11-07 20:17:21.900 +01:00 [INF] Request reached the end of the middleware pipeline without being handled by application code. Request path: GET https://localhost:7025/lib/jquery-validation-unobtrusive/jquery.validate.unobtrusive.min.js, Response status code: 404
2025-11-07 20:17:21.900 +01:00 [INF] Request reached the end of the middleware pipeline without being handled by application code. Request path: GET https://localhost:7025/lib/jquery-validation/dist/jquery.validate.min.js, Response status code: 404
2025-11-07 20:17:22.627 +01:00 [INF] Request starting HTTP/2 POST https://localhost:7025/Identity/Account/Login - application/x-www-form-urlencoded 236
2025-11-07 20:17:22.634 +01:00 [INF] Executing endpoint '/Account/Login'
2025-11-07 20:17:22.634 +01:00 [INF] Route matched with {page = "/Account/Login", area = "Identity", action = "", controller = ""}. Executing page /Account/Login
2025-11-07 20:17:22.650 +01:00 [INF] Executing handler method Jam.Areas.Identity.Pages.Account.LoginModel.OnPostAsync - ModelState is "Valid"
2025-11-07 20:17:22.796 +01:00 [INF] AuthenticationScheme: Identity.Application signed in.
2025-11-07 20:17:22.797 +01:00 [INF] User logged in.
2025-11-07 20:17:22.797 +01:00 [INF] Executed handler method OnPostAsync, returned result Microsoft.AspNetCore.Mvc.LocalRedirectResult.
2025-11-07 20:17:22.797 +01:00 [INF] Executing LocalRedirectResult, redirecting to /.
2025-11-07 20:17:22.797 +01:00 [INF] Executed page /Account/Login in 162.7227ms
2025-11-07 20:17:22.797 +01:00 [INF] Executed endpoint '/Account/Login'
2025-11-07 20:17:22.797 +01:00 [INF] Request finished HTTP/2 POST https://localhost:7025/Identity/Account/Login - 302 0 null 170.402ms
2025-11-07 20:17:22.825 +01:00 [INF] Request starting HTTP/2 GET https://localhost:7025/ - null null
2025-11-07 20:17:22.827 +01:00 [INF] Executing endpoint 'Jam.Controllers.HomeController.Index (Jam)'
2025-11-07 20:17:22.827 +01:00 [INF] Route matched with {action = "Index", controller = "Home", page = "", area = ""}. Executing controller action with signature System.Threading.Tasks.Task`1[Microsoft.AspNetCore.Mvc.IActionResult] Index() on controller Jam.Controllers.HomeController (Jam).
2025-11-07 20:17:22.874 +01:00 [INF] Executing ViewResult, running view Index.
2025-11-07 20:17:22.917 +01:00 [INF] Executed ViewResult - view Index executed in 18.3049ms.
2025-11-07 20:17:22.940 +01:00 [INF] Executed action Jam.Controllers.HomeController.Index (Jam) in 112.5759ms
2025-11-07 20:17:22.940 +01:00 [INF] Executed endpoint 'Jam.Controllers.HomeController.Index (Jam)'
2025-11-07 20:17:22.940 +01:00 [INF] Request finished HTTP/2 GET https://localhost:7025/ - 200 null text/html; charset=utf-8 114.9485ms
2025-11-07 20:17:23.834 +01:00 [INF] Request starting HTTP/2 GET https://localhost:7025/StoryEditing/EditStory?storyId=1 - null null
2025-11-07 20:17:23.841 +01:00 [INF] Executing endpoint 'Jam.Controllers.StoryEditingController.EditStory (Jam)'
2025-11-07 20:17:23.846 +01:00 [INF] Route matched with {action = "EditStory", controller = "StoryEditing", page = "", area = ""}. Executing controller action with signature System.Threading.Tasks.Task`1[Microsoft.AspNetCore.Mvc.IActionResult] EditStory(Int32) on controller Jam.Controllers.StoryEditingController (Jam).
2025-11-07 20:17:23.864 +01:00 [INF] Executing ViewResult, running view EditStory.
2025-11-07 20:17:23.898 +01:00 [INF] Executed ViewResult - view EditStory executed in 34.8313ms.
2025-11-07 20:17:23.898 +01:00 [INF] Executed action Jam.Controllers.StoryEditingController.EditStory (Jam) in 52.3684ms
2025-11-07 20:17:23.899 +01:00 [INF] Executed endpoint 'Jam.Controllers.StoryEditingController.EditStory (Jam)'
2025-11-07 20:17:23.899 +01:00 [INF] Request finished HTTP/2 GET https://localhost:7025/StoryEditing/EditStory?storyId=1 - 200 null text/html; charset=utf-8 65.0356ms
2025-11-07 20:17:24.609 +01:00 [INF] Request starting HTTP/2 GET https://localhost:7025/StoryEditing/EditQuestionScenes?storyId=1 - null null
2025-11-07 20:17:24.613 +01:00 [INF] Executing endpoint 'Jam.Controllers.StoryEditingController.EditQuestionScenes (Jam)'
2025-11-07 20:17:24.616 +01:00 [INF] Route matched with {action = "EditQuestionScenes", controller = "StoryEditing", page = "", area = ""}. Executing controller action with signature System.Threading.Tasks.Task`1[Microsoft.AspNetCore.Mvc.IActionResult] EditQuestionScenes(Int32) on controller Jam.Controllers.StoryEditingController (Jam).
2025-11-07 20:17:24.704 +01:00 [INF] Executing ViewResult, running view EditQuestionScenes.
2025-11-07 20:17:24.899 +01:00 [INF] Executed ViewResult - view EditQuestionScenes executed in 194.7774ms.
2025-11-07 20:17:24.899 +01:00 [INF] Executed action Jam.Controllers.StoryEditingController.EditQuestionScenes (Jam) in 282.4726ms
2025-11-07 20:17:24.899 +01:00 [INF] Executed endpoint 'Jam.Controllers.StoryEditingController.EditQuestionScenes (Jam)'
2025-11-07 20:17:24.899 +01:00 [INF] Request finished HTTP/2 GET https://localhost:7025/StoryEditing/EditQuestionScenes?storyId=1 - 200 null text/html; charset=utf-8 290.3032ms
2025-11-07 20:17:27.015 +01:00 [INF] Request starting HTTP/2 GET https://localhost:7025/StoryEditing/GetEditQuestionScenePartial?index=4&questionNumber=5 - null null
2025-11-07 20:17:27.040 +01:00 [INF] Executing endpoint 'Jam.Controllers.StoryEditingController.GetEditQuestionScenePartial (Jam)'
2025-11-07 20:17:27.043 +01:00 [INF] Route matched with {action = "GetEditQuestionScenePartial", controller = "StoryEditing", page = "", area = ""}. Executing controller action with signature Microsoft.AspNetCore.Mvc.IActionResult GetEditQuestionScenePartial(Int32, Int32) on controller Jam.Controllers.StoryEditingController (Jam).
2025-11-07 20:17:27.049 +01:00 [INF] Executing PartialViewResult, running view ~/Views/Shared/_EditQuestionScenePartial.cshtml.
2025-11-07 20:17:27.125 +01:00 [INF] Executed PartialViewResult - view ~/Views/Shared/_EditQuestionScenePartial.cshtml executed in 76.8341ms.
2025-11-07 20:17:27.125 +01:00 [INF] Executed action Jam.Controllers.StoryEditingController.GetEditQuestionScenePartial (Jam) in 81.7532ms
2025-11-07 20:17:27.125 +01:00 [INF] Executed endpoint 'Jam.Controllers.StoryEditingController.GetEditQuestionScenePartial (Jam)'
2025-11-07 20:17:27.125 +01:00 [INF] Request finished HTTP/2 GET https://localhost:7025/StoryEditing/GetEditQuestionScenePartial?index=4&questionNumber=5 - 200 null text/html; charset=utf-8 133.147ms
2025-11-07 20:17:31.441 +01:00 [INF] Request starting HTTP/2 POST https://localhost:7025/StoryEditing/EditQuestionScenes - application/x-www-form-urlencoded 6815
2025-11-07 20:17:31.469 +01:00 [INF] Executing endpoint 'Jam.Controllers.StoryEditingController.EditQuestionScenes (Jam)'
2025-11-07 20:17:31.477 +01:00 [INF] Route matched with {action = "EditQuestionScenes", controller = "StoryEditing", page = "", area = ""}. Executing controller action with signature System.Threading.Tasks.Task`1[Microsoft.AspNetCore.Mvc.IActionResult] EditQuestionScenes(System.Collections.Generic.List`1[Jam.ViewModels.QuestionSceneBaseViewModel], System.String) on controller Jam.Controllers.StoryEditingController (Jam).
2025-11-07 20:17:31.491 +01:00 [INF] Executing RedirectResult, redirecting to /StoryEditing/EditQuestionScenes?storyId=1.
2025-11-07 20:17:31.491 +01:00 [INF] Executed action Jam.Controllers.StoryEditingController.EditQuestionScenes (Jam) in 13.6112ms
2025-11-07 20:17:31.491 +01:00 [INF] Executed endpoint 'Jam.Controllers.StoryEditingController.EditQuestionScenes (Jam)'
2025-11-07 20:17:31.491 +01:00 [INF] Request finished HTTP/2 POST https://localhost:7025/StoryEditing/EditQuestionScenes - 302 0 null 50.2609ms
2025-11-07 20:17:31.520 +01:00 [INF] Request starting HTTP/2 GET https://localhost:7025/StoryEditing/EditQuestionScenes?storyId=1 - null null
2025-11-07 20:17:31.522 +01:00 [INF] Executing endpoint 'Jam.Controllers.StoryEditingController.EditQuestionScenes (Jam)'
2025-11-07 20:17:31.522 +01:00 [INF] Route matched with {action = "EditQuestionScenes", controller = "StoryEditing", page = "", area = ""}. Executing controller action with signature System.Threading.Tasks.Task`1[Microsoft.AspNetCore.Mvc.IActionResult] EditQuestionScenes(Int32) on controller Jam.Controllers.StoryEditingController (Jam).
2025-11-07 20:17:31.532 +01:00 [INF] Executing ViewResult, running view EditQuestionScenes.
2025-11-07 20:17:31.704 +01:00 [INF] Executed ViewResult - view EditQuestionScenes executed in 172.1675ms.
2025-11-07 20:17:31.704 +01:00 [INF] Executed action Jam.Controllers.StoryEditingController.EditQuestionScenes (Jam) in 182.3951ms
2025-11-07 20:17:31.704 +01:00 [INF] Executed endpoint 'Jam.Controllers.StoryEditingController.EditQuestionScenes (Jam)'
2025-11-07 20:17:31.704 +01:00 [INF] Request finished HTTP/2 GET https://localhost:7025/StoryEditing/EditQuestionScenes?storyId=1 - 200 null text/html; charset=utf-8 184.0351ms
