2025-11-07 19:53:26.325 +01:00 [INF] User profile is available. Using '/Users/jaraazad/.aspnet/DataProtection-Keys' as key repository; keys will not be encrypted at rest.
2025-11-07 19:53:26.834 +01:00 [INF] Applying migration '20251024065541_InitialCreate'.
2025-11-07 19:53:26.892 +01:00 [INF] Applying migration '20251101105657_AddIdentitySupport'.
2025-11-07 19:53:27.068 +01:00 [INF] Applying migration '20251103080324_UpdateNextQuestionSceneDeleteBehavior'.
2025-11-07 19:53:28.196 +01:00 [INF] Now listening on: https://localhost:7025
2025-11-07 19:53:28.197 +01:00 [INF] Now listening on: http://localhost:5262
2025-11-07 19:53:28.201 +01:00 [INF] Application started. Press Ctrl+C to shut down.
2025-11-07 19:53:28.203 +01:00 [INF] Hosting environment: Development
2025-11-07 19:53:28.203 +01:00 [INF] Content root path: /Users/jaraazad/Desktop/Jam
2025-11-07 19:53:28.458 +01:00 [INF] Request starting HTTP/2 GET https://localhost:7025/ - null null
2025-11-07 19:53:28.487 +01:00 [INF] Executing endpoint 'Jam.Controllers.HomeController.Index (Jam)'
2025-11-07 19:53:28.495 +01:00 [INF] Route matched with {action = "Index", controller = "Home", page = "", area = ""}. Executing controller action with signature System.Threading.Tasks.Task`1[Microsoft.AspNetCore.Mvc.IActionResult] Index() on controller Jam.Controllers.HomeController (Jam).
2025-11-07 19:53:28.507 +01:00 [WRN] [HomeController -> Index] Auth cookie invalid or user no longer exists. Redirecting to login.
2025-11-07 19:53:28.511 +01:00 [INF] AuthenticationScheme: Identity.Application signed out.
2025-11-07 19:53:28.512 +01:00 [INF] AuthenticationScheme: Identity.External signed out.
2025-11-07 19:53:28.512 +01:00 [INF] AuthenticationScheme: Identity.TwoFactorUserId signed out.
2025-11-07 19:53:28.513 +01:00 [INF] Executing LocalRedirectResult, redirecting to /Identity/Account/Login.
2025-11-07 19:53:28.515 +01:00 [INF] Executed action Jam.Controllers.HomeController.Index (Jam) in 18.0673ms
2025-11-07 19:53:28.516 +01:00 [INF] Executed endpoint 'Jam.Controllers.HomeController.Index (Jam)'
2025-11-07 19:53:28.521 +01:00 [INF] Request finished HTTP/2 GET https://localhost:7025/ - 302 0 null 63.4317ms
2025-11-07 19:53:28.577 +01:00 [INF] Request starting HTTP/2 GET https://localhost:7025/Identity/Account/Login - null null
2025-11-07 19:53:28.579 +01:00 [INF] Executing endpoint '/Account/Login'
2025-11-07 19:53:28.592 +01:00 [INF] Route matched with {page = "/Account/Login", area = "Identity", action = "", controller = ""}. Executing page /Account/Login
2025-11-07 19:53:28.601 +01:00 [INF] Executing handler method Jam.Areas.Identity.Pages.Account.LoginModel.OnGetAsync - ModelState is "Valid"
2025-11-07 19:53:28.603 +01:00 [INF] AuthenticationScheme: Identity.External signed out.
2025-11-07 19:53:28.603 +01:00 [INF] Executed handler method OnGetAsync, returned result .
2025-11-07 19:53:28.605 +01:00 [INF] Executing an implicit handler method - ModelState is "Valid"
2025-11-07 19:53:28.605 +01:00 [INF] Executed an implicit handler method, returned result Microsoft.AspNetCore.Mvc.RazorPages.PageResult.
2025-11-07 19:53:28.678 +01:00 [INF] Executed page /Account/Login in 85.5171ms
2025-11-07 19:53:28.678 +01:00 [INF] Executed endpoint '/Account/Login'
2025-11-07 19:53:28.682 +01:00 [INF] Request finished HTTP/2 GET https://localhost:7025/Identity/Account/Login - 200 null text/html; charset=utf-8 105.5864ms
2025-11-07 19:53:28.717 +01:00 [INF] Request starting HTTP/2 GET https://localhost:7025/lib/jquery-validation/dist/jquery.validate.min.js - null null
2025-11-07 19:53:28.717 +01:00 [INF] Request starting HTTP/2 GET https://localhost:7025/lib/jquery-validation-unobtrusive/jquery.validate.unobtrusive.min.js - null null
2025-11-07 19:53:28.720 +01:00 [INF] Request finished HTTP/2 GET https://localhost:7025/lib/jquery-validation/dist/jquery.validate.min.js - 404 0 null 3.5184ms
2025-11-07 19:53:28.720 +01:00 [INF] Request finished HTTP/2 GET https://localhost:7025/lib/jquery-validation-unobtrusive/jquery.validate.unobtrusive.min.js - 404 0 null 2.9941ms
2025-11-07 19:53:28.721 +01:00 [INF] Request reached the end of the middleware pipeline without being handled by application code. Request path: GET https://localhost:7025/lib/jquery-validation/dist/jquery.validate.min.js, Response status code: 404
2025-11-07 19:53:28.721 +01:00 [INF] Request reached the end of the middleware pipeline without being handled by application code. Request path: GET https://localhost:7025/lib/jquery-validation-unobtrusive/jquery.validate.unobtrusive.min.js, Response status code: 404
2025-11-07 19:53:30.997 +01:00 [INF] Request starting HTTP/2 POST https://localhost:7025/Identity/Account/Login - application/x-www-form-urlencoded 236
2025-11-07 19:53:31.006 +01:00 [INF] Executing endpoint '/Account/Login'
2025-11-07 19:53:31.008 +01:00 [INF] Route matched with {page = "/Account/Login", area = "Identity", action = "", controller = ""}. Executing page /Account/Login
2025-11-07 19:53:31.030 +01:00 [INF] Executing handler method Jam.Areas.Identity.Pages.Account.LoginModel.OnPostAsync - ModelState is "Valid"
2025-11-07 19:53:31.162 +01:00 [INF] AuthenticationScheme: Identity.Application signed in.
2025-11-07 19:53:31.162 +01:00 [INF] User logged in.
2025-11-07 19:53:31.163 +01:00 [INF] Executed handler method OnPostAsync, returned result Microsoft.AspNetCore.Mvc.LocalRedirectResult.
2025-11-07 19:53:31.163 +01:00 [INF] Executing LocalRedirectResult, redirecting to /.
2025-11-07 19:53:31.163 +01:00 [INF] Executed page /Account/Login in 154.8495ms
2025-11-07 19:53:31.163 +01:00 [INF] Executed endpoint '/Account/Login'
2025-11-07 19:53:31.163 +01:00 [INF] Request finished HTTP/2 POST https://localhost:7025/Identity/Account/Login - 302 0 null 166.447ms
2025-11-07 19:53:31.166 +01:00 [INF] Request starting HTTP/2 GET https://localhost:7025/ - null null
2025-11-07 19:53:31.168 +01:00 [INF] Executing endpoint 'Jam.Controllers.HomeController.Index (Jam)'
2025-11-07 19:53:31.168 +01:00 [INF] Route matched with {action = "Index", controller = "Home", page = "", area = ""}. Executing controller action with signature System.Threading.Tasks.Task`1[Microsoft.AspNetCore.Mvc.IActionResult] Index() on controller Jam.Controllers.HomeController (Jam).
2025-11-07 19:53:31.213 +01:00 [INF] Executing ViewResult, running view Index.
2025-11-07 19:53:31.231 +01:00 [INF] Executed ViewResult - view Index executed in 18.9934ms.
2025-11-07 19:53:31.239 +01:00 [INF] Executed action Jam.Controllers.HomeController.Index (Jam) in 70.763ms
2025-11-07 19:53:31.262 +01:00 [INF] Executed endpoint 'Jam.Controllers.HomeController.Index (Jam)'
2025-11-07 19:53:31.289 +01:00 [INF] Request finished HTTP/2 GET https://localhost:7025/ - 200 null text/html; charset=utf-8 122.1019ms
2025-11-07 19:53:31.907 +01:00 [INF] Request starting HTTP/2 GET https://localhost:7025/StoryCreation/CreateStoryAndIntro - null null
2025-11-07 19:53:31.911 +01:00 [INF] Executing endpoint 'Jam.Controllers.StoryCreationController.CreateStoryAndIntro (Jam)'
2025-11-07 19:53:31.913 +01:00 [INF] Route matched with {action = "CreateStoryAndIntro", controller = "StoryCreation", page = "", area = ""}. Executing controller action with signature Microsoft.AspNetCore.Mvc.IActionResult CreateStoryAndIntro() on controller Jam.Controllers.StoryCreationController (Jam).
2025-11-07 19:53:31.916 +01:00 [INF] Accessing expired session, Key:81240ac2-d632-8b42-bfc2-321f7eaa06ba
2025-11-07 19:53:31.919 +01:00 [INF] Executing ViewResult, running view CreateStoryAndIntro.
2025-11-07 19:53:31.993 +01:00 [INF] Executed ViewResult - view CreateStoryAndIntro executed in 73.6531ms.
2025-11-07 19:53:32.019 +01:00 [INF] Executed action Jam.Controllers.StoryCreationController.CreateStoryAndIntro (Jam) in 105.1569ms
2025-11-07 19:53:32.019 +01:00 [INF] Executed endpoint 'Jam.Controllers.StoryCreationController.CreateStoryAndIntro (Jam)'
2025-11-07 19:53:32.019 +01:00 [INF] Request finished HTTP/2 GET https://localhost:7025/StoryCreation/CreateStoryAndIntro - 200 null text/html; charset=utf-8 137.1929ms
2025-11-07 19:53:35.903 +01:00 [INF] Request starting HTTP/2 POST https://localhost:7025/StoryCreation/CreateStoryAndIntro - application/x-www-form-urlencoded 304
2025-11-07 19:53:35.936 +01:00 [INF] Executing endpoint 'Jam.Controllers.StoryCreationController.CreateStoryAndIntro (Jam)'
2025-11-07 19:53:35.945 +01:00 [INF] Route matched with {action = "CreateStoryAndIntro", controller = "StoryCreation", page = "", area = ""}. Executing controller action with signature Microsoft.AspNetCore.Mvc.IActionResult CreateStoryAndIntro(Jam.ViewModels.StoryCreation.CreateStoryAndIntroViewModel, System.String) on controller Jam.Controllers.StoryCreationController (Jam).
2025-11-07 19:53:35.949 +01:00 [INF] Accessing expired session, Key:81240ac2-d632-8b42-bfc2-321f7eaa06ba
2025-11-07 19:53:35.980 +01:00 [INF] Executing RedirectResult, redirecting to /StoryCreation/CreateQuestionScenes.
2025-11-07 19:53:35.980 +01:00 [INF] Executed action Jam.Controllers.StoryCreationController.CreateStoryAndIntro (Jam) in 35.5776ms
2025-11-07 19:53:35.980 +01:00 [INF] Executed endpoint 'Jam.Controllers.StoryCreationController.CreateStoryAndIntro (Jam)'
2025-11-07 19:53:35.981 +01:00 [INF] Session started; Key:81240ac2-d632-8b42-bfc2-321f7eaa06ba, Id:31327c8c-036f-9c6b-be9b-88276edac802
2025-11-07 19:53:35.981 +01:00 [INF] Request finished HTTP/2 POST https://localhost:7025/StoryCreation/CreateStoryAndIntro - 302 0 null 100.701ms
2025-11-07 19:53:35.984 +01:00 [INF] Request starting HTTP/2 GET https://localhost:7025/StoryCreation/CreateQuestionScenes - null null
2025-11-07 19:53:35.985 +01:00 [INF] Executing endpoint 'Jam.Controllers.StoryCreationController.CreateQuestionScenes (Jam)'
2025-11-07 19:53:35.986 +01:00 [INF] Route matched with {action = "CreateQuestionScenes", controller = "StoryCreation", page = "", area = ""}. Executing controller action with signature Microsoft.AspNetCore.Mvc.IActionResult CreateQuestionScenes() on controller Jam.Controllers.StoryCreationController (Jam).
2025-11-07 19:53:35.991 +01:00 [INF] Executing ViewResult, running view CreateQuestionScenes.
2025-11-07 19:53:36.136 +01:00 [INF] Executed ViewResult - view CreateQuestionScenes executed in 145.8035ms.
2025-11-07 19:53:36.136 +01:00 [INF] Executed action Jam.Controllers.StoryCreationController.CreateQuestionScenes (Jam) in 150.3325ms
2025-11-07 19:53:36.136 +01:00 [INF] Executed endpoint 'Jam.Controllers.StoryCreationController.CreateQuestionScenes (Jam)'
2025-11-07 19:53:36.137 +01:00 [INF] Request finished HTTP/2 GET https://localhost:7025/StoryCreation/CreateQuestionScenes - 200 null text/html; charset=utf-8 152.3954ms
2025-11-07 19:53:37.429 +01:00 [INF] Request starting HTTP/2 GET https://localhost:7025/StoryCreation/GetQuestionScenePartial?index=1&questionNumber=2 - null null
2025-11-07 19:53:37.431 +01:00 [INF] Executing endpoint 'Jam.Controllers.StoryCreationController.GetQuestionScenePartial (Jam)'
2025-11-07 19:53:37.433 +01:00 [INF] Route matched with {action = "GetQuestionScenePartial", controller = "StoryCreation", page = "", area = ""}. Executing controller action with signature Microsoft.AspNetCore.Mvc.IActionResult GetQuestionScenePartial(Int32, Int32) on controller Jam.Controllers.StoryCreationController (Jam).
2025-11-07 19:53:37.442 +01:00 [INF] Executing PartialViewResult, running view _QuestionScenePartial.
2025-11-07 19:53:37.454 +01:00 [INF] Executed PartialViewResult - view _QuestionScenePartial executed in 12.549ms.
2025-11-07 19:53:37.454 +01:00 [INF] Executed action Jam.Controllers.StoryCreationController.GetQuestionScenePartial (Jam) in 20.6691ms
2025-11-07 19:53:37.454 +01:00 [INF] Executed endpoint 'Jam.Controllers.StoryCreationController.GetQuestionScenePartial (Jam)'
2025-11-07 19:53:37.454 +01:00 [INF] Request finished HTTP/2 GET https://localhost:7025/StoryCreation/GetQuestionScenePartial?index=1&questionNumber=2 - 200 null text/html; charset=utf-8 25.5043ms
