2025-11-02 18:34:00.593 +01:00 [INF] User profile is available. Using '/Users/michaelnedgaardisaksen/.aspnet/DataProtection-Keys' as key repository; keys will not be encrypted at rest.
2025-11-02 18:34:01.368 +01:00 [INF] Applying migration '20251024065541_InitialCreate'.
2025-11-02 18:34:01.397 +01:00 [INF] Applying migration '20251101105657_AddIdentitySupport'.
2025-11-02 18:34:02.385 +01:00 [INF] Now listening on: https://localhost:7025
2025-11-02 18:34:02.385 +01:00 [INF] Now listening on: http://localhost:5262
2025-11-02 18:34:02.389 +01:00 [INF] Application started. Press Ctrl+C to shut down.
2025-11-02 18:34:02.391 +01:00 [INF] Hosting environment: Development
2025-11-02 18:34:02.392 +01:00 [INF] Content root path: /Users/michaelnedgaardisaksen/Documents/ITPE3100_Webapplikasjoner/Demo-Jam/Jam
2025-11-02 18:34:02.628 +01:00 [INF] Request starting HTTP/2 GET https://localhost:7025/ - null null
2025-11-02 18:34:02.659 +01:00 [INF] Executing endpoint 'Jam.Controllers.HomeController.Index (Jam)'
2025-11-02 18:34:02.665 +01:00 [INF] Route matched with {action = "Index", controller = "Home", page = "", area = ""}. Executing controller action with signature System.Threading.Tasks.Task`1[Microsoft.AspNetCore.Mvc.IActionResult] Index() on controller Jam.Controllers.HomeController (Jam).
2025-11-02 18:34:02.677 +01:00 [WRN] [HomeController -> Index] Auth cookie invalid or user no longer exists. Redirecting to login.
2025-11-02 18:34:02.680 +01:00 [INF] AuthenticationScheme: Identity.Application signed out.
2025-11-02 18:34:02.681 +01:00 [INF] AuthenticationScheme: Identity.External signed out.
2025-11-02 18:34:02.681 +01:00 [INF] AuthenticationScheme: Identity.TwoFactorUserId signed out.
2025-11-02 18:34:02.682 +01:00 [INF] Executing LocalRedirectResult, redirecting to /Identity/Account/Login.
2025-11-02 18:34:02.684 +01:00 [INF] Executed action Jam.Controllers.HomeController.Index (Jam) in 17.5049ms
2025-11-02 18:34:02.685 +01:00 [INF] Executed endpoint 'Jam.Controllers.HomeController.Index (Jam)'
2025-11-02 18:34:02.688 +01:00 [INF] Request finished HTTP/2 GET https://localhost:7025/ - 302 0 null 61.2129ms
2025-11-02 18:34:02.699 +01:00 [INF] Request starting HTTP/2 GET https://localhost:7025/Identity/Account/Login - null null
2025-11-02 18:34:02.703 +01:00 [INF] Executing endpoint '/Account/Login'
2025-11-02 18:34:02.712 +01:00 [INF] Route matched with {page = "/Account/Login", area = "Identity", action = "", controller = ""}. Executing page /Account/Login
2025-11-02 18:34:02.718 +01:00 [INF] Executing handler method Jam.Areas.Identity.Pages.Account.LoginModel.OnGetAsync - ModelState is "Valid"
2025-11-02 18:34:02.719 +01:00 [INF] AuthenticationScheme: Identity.External signed out.
2025-11-02 18:34:02.719 +01:00 [INF] Executed handler method OnGetAsync, returned result .
2025-11-02 18:34:02.721 +01:00 [INF] Executing an implicit handler method - ModelState is "Valid"
2025-11-02 18:34:02.721 +01:00 [INF] Executed an implicit handler method, returned result Microsoft.AspNetCore.Mvc.RazorPages.PageResult.
2025-11-02 18:34:02.765 +01:00 [INF] Executed page /Account/Login in 52.3683ms
2025-11-02 18:34:02.765 +01:00 [INF] Executed endpoint '/Account/Login'
2025-11-02 18:34:02.808 +01:00 [INF] Request starting HTTP/2 GET https://localhost:7025/lib/jquery-validation-unobtrusive/jquery.validate.unobtrusive.min.js - null null
2025-11-02 18:34:02.808 +01:00 [INF] Request starting HTTP/2 GET https://localhost:7025/lib/jquery-validation/dist/jquery.validate.min.js - null null
2025-11-02 18:34:02.838 +01:00 [INF] Request finished HTTP/2 GET https://localhost:7025/lib/jquery-validation/dist/jquery.validate.min.js - 404 0 null 29.9264ms
2025-11-02 18:34:02.838 +01:00 [INF] Request finished HTTP/2 GET https://localhost:7025/lib/jquery-validation-unobtrusive/jquery.validate.unobtrusive.min.js - 404 0 null 30.0055ms
2025-11-02 18:34:02.839 +01:00 [INF] Request reached the end of the middleware pipeline without being handled by application code. Request path: GET https://localhost:7025/lib/jquery-validation/dist/jquery.validate.min.js, Response status code: 404
2025-11-02 18:34:02.839 +01:00 [INF] Request reached the end of the middleware pipeline without being handled by application code. Request path: GET https://localhost:7025/lib/jquery-validation-unobtrusive/jquery.validate.unobtrusive.min.js, Response status code: 404
2025-11-02 18:34:02.839 +01:00 [INF] Request finished HTTP/2 GET https://localhost:7025/Identity/Account/Login - 200 null text/html; charset=utf-8 140.2822ms
2025-11-02 18:34:09.640 +01:00 [INF] Request starting HTTP/2 POST https://localhost:7025/Identity/Account/Login - application/x-www-form-urlencoded 244
2025-11-02 18:34:09.672 +01:00 [INF] Executing endpoint '/Account/Login'
2025-11-02 18:34:09.673 +01:00 [INF] Route matched with {page = "/Account/Login", area = "Identity", action = "", controller = ""}. Executing page /Account/Login
2025-11-02 18:34:09.698 +01:00 [INF] Executing handler method Jam.Areas.Identity.Pages.Account.LoginModel.OnPostAsync - ModelState is "Valid"
2025-11-02 18:34:09.806 +01:00 [INF] AuthenticationScheme: Identity.Application signed in.
2025-11-02 18:34:09.807 +01:00 [INF] User logged in.
2025-11-02 18:34:09.807 +01:00 [INF] Executed handler method OnPostAsync, returned result Microsoft.AspNetCore.Mvc.LocalRedirectResult.
2025-11-02 18:34:09.807 +01:00 [INF] Executing LocalRedirectResult, redirecting to /.
2025-11-02 18:34:09.807 +01:00 [INF] Executed page /Account/Login in 133.921ms
2025-11-02 18:34:09.807 +01:00 [INF] Executed endpoint '/Account/Login'
2025-11-02 18:34:09.808 +01:00 [INF] Request finished HTTP/2 POST https://localhost:7025/Identity/Account/Login - 302 0 null 190.3729ms
2025-11-02 18:34:09.836 +01:00 [INF] Request starting HTTP/2 GET https://localhost:7025/ - null null
2025-11-02 18:34:09.837 +01:00 [INF] Executing endpoint 'Jam.Controllers.HomeController.Index (Jam)'
2025-11-02 18:34:09.837 +01:00 [INF] Route matched with {action = "Index", controller = "Home", page = "", area = ""}. Executing controller action with signature System.Threading.Tasks.Task`1[Microsoft.AspNetCore.Mvc.IActionResult] Index() on controller Jam.Controllers.HomeController (Jam).
2025-11-02 18:34:09.862 +01:00 [INF] Executing ViewResult, running view Index.
2025-11-02 18:34:09.895 +01:00 [INF] Executed ViewResult - view Index executed in 33.2454ms.
2025-11-02 18:34:09.896 +01:00 [INF] Executed action Jam.Controllers.HomeController.Index (Jam) in 58.2813ms
2025-11-02 18:34:09.897 +01:00 [INF] Executed endpoint 'Jam.Controllers.HomeController.Index (Jam)'
2025-11-02 18:34:09.897 +01:00 [INF] Request finished HTTP/2 GET https://localhost:7025/ - 200 null text/html; charset=utf-8 60.7195ms
2025-11-02 18:34:11.820 +01:00 [INF] Request starting HTTP/2 GET https://localhost:7025/StoryCreation/CreateStoryAndIntro - null null
2025-11-02 18:34:11.825 +01:00 [INF] Executing endpoint 'Jam.Controllers.StoryCreationController.CreateStoryAndIntro (Jam)'
2025-11-02 18:34:11.827 +01:00 [INF] Route matched with {action = "CreateStoryAndIntro", controller = "StoryCreation", page = "", area = ""}. Executing controller action with signature Microsoft.AspNetCore.Mvc.IActionResult CreateStoryAndIntro() on controller Jam.Controllers.StoryCreationController (Jam).
2025-11-02 18:34:11.837 +01:00 [INF] Executing ViewResult, running view CreateStoryAndIntro.
2025-11-02 18:34:11.867 +01:00 [INF] Executed ViewResult - view CreateStoryAndIntro executed in 30.9715ms.
2025-11-02 18:34:11.867 +01:00 [INF] Executed action Jam.Controllers.StoryCreationController.CreateStoryAndIntro (Jam) in 39.4351ms
2025-11-02 18:34:11.867 +01:00 [INF] Executed endpoint 'Jam.Controllers.StoryCreationController.CreateStoryAndIntro (Jam)'
2025-11-02 18:34:11.868 +01:00 [INF] Request finished HTTP/2 GET https://localhost:7025/StoryCreation/CreateStoryAndIntro - 200 null text/html; charset=utf-8 69.221ms
2025-11-02 18:34:22.025 +01:00 [INF] Request starting HTTP/2 POST https://localhost:7025/StoryCreation/CreateStoryAndIntro - application/x-www-form-urlencoded 327
2025-11-02 18:34:22.081 +01:00 [INF] Executing endpoint 'Jam.Controllers.StoryCreationController.CreateStoryAndIntro (Jam)'
2025-11-02 18:34:22.095 +01:00 [INF] Route matched with {action = "CreateStoryAndIntro", controller = "StoryCreation", page = "", area = ""}. Executing controller action with signature System.Threading.Tasks.Task`1[Microsoft.AspNetCore.Mvc.IActionResult] CreateStoryAndIntro(Jam.ViewModels.StoryCreation.CreateStoryAndIntroViewModel) on controller Jam.Controllers.StoryCreationController (Jam).
2025-11-02 18:34:22.138 +01:00 [INF] Executing RedirectResult, redirecting to /StoryCreation/CreateQuestionScenes?storyId=4.
2025-11-02 18:34:22.138 +01:00 [INF] Executed action Jam.Controllers.StoryCreationController.CreateStoryAndIntro (Jam) in 42.9721ms
2025-11-02 18:34:22.138 +01:00 [INF] Executed endpoint 'Jam.Controllers.StoryCreationController.CreateStoryAndIntro (Jam)'
2025-11-02 18:34:22.138 +01:00 [INF] Request finished HTTP/2 POST https://localhost:7025/StoryCreation/CreateStoryAndIntro - 302 0 null 113.1094ms
2025-11-02 18:34:22.167 +01:00 [INF] Request starting HTTP/2 GET https://localhost:7025/StoryCreation/CreateQuestionScenes?storyId=4 - null null
2025-11-02 18:34:22.168 +01:00 [INF] Executing endpoint 'Jam.Controllers.StoryCreationController.CreateQuestionScenes (Jam)'
2025-11-02 18:34:22.169 +01:00 [INF] Route matched with {action = "CreateQuestionScenes", controller = "StoryCreation", page = "", area = ""}. Executing controller action with signature Microsoft.AspNetCore.Mvc.IActionResult CreateQuestionScenes(Int32, System.Nullable`1[System.Int32]) on controller Jam.Controllers.StoryCreationController (Jam).
2025-11-02 18:34:22.174 +01:00 [INF] Executing ViewResult, running view CreateQuestionScenes.
2025-11-02 18:34:22.343 +01:00 [INF] Executed ViewResult - view CreateQuestionScenes executed in 169.3764ms.
2025-11-02 18:34:22.394 +01:00 [INF] Executed action Jam.Controllers.StoryCreationController.CreateQuestionScenes (Jam) in 224.4215ms
2025-11-02 18:34:22.394 +01:00 [INF] Executed endpoint 'Jam.Controllers.StoryCreationController.CreateQuestionScenes (Jam)'
2025-11-02 18:34:22.394 +01:00 [INF] Request finished HTTP/2 GET https://localhost:7025/StoryCreation/CreateQuestionScenes?storyId=4 - 200 null text/html; charset=utf-8 227.3042ms
2025-11-02 18:34:40.620 +01:00 [INF] Request starting HTTP/2 POST https://localhost:7025/StoryCreation/CreateQuestionScenes - application/x-www-form-urlencoded 908
2025-11-02 18:34:40.628 +01:00 [INF] Executing endpoint 'Jam.Controllers.StoryCreationController.CreateQuestionScenes (Jam)'
2025-11-02 18:34:40.637 +01:00 [INF] Route matched with {action = "CreateQuestionScenes", controller = "StoryCreation", page = "", area = ""}. Executing controller action with signature System.Threading.Tasks.Task`1[Microsoft.AspNetCore.Mvc.IActionResult] CreateQuestionScenes(Jam.ViewModels.StoryCreation.CreateMultipleQuestionScenesViewModel) on controller Jam.Controllers.StoryCreationController (Jam).
2025-11-02 18:34:40.662 +01:00 [INF] Executing RedirectResult, redirecting to /StoryCreation/CreateEndingScenes?storyId=4.
2025-11-02 18:34:40.662 +01:00 [INF] Executed action Jam.Controllers.StoryCreationController.CreateQuestionScenes (Jam) in 24.6557ms
2025-11-02 18:34:40.662 +01:00 [INF] Executed endpoint 'Jam.Controllers.StoryCreationController.CreateQuestionScenes (Jam)'
2025-11-02 18:34:40.662 +01:00 [INF] Request finished HTTP/2 POST https://localhost:7025/StoryCreation/CreateQuestionScenes - 302 0 null 89.1026ms
2025-11-02 18:34:40.745 +01:00 [INF] Request starting HTTP/2 GET https://localhost:7025/StoryCreation/CreateEndingScenes?storyId=4 - null null
2025-11-02 18:34:40.746 +01:00 [INF] Executing endpoint 'Jam.Controllers.StoryCreationController.CreateEndingScenes (Jam)'
2025-11-02 18:34:40.748 +01:00 [INF] Route matched with {action = "CreateEndingScenes", controller = "StoryCreation", page = "", area = ""}. Executing controller action with signature Microsoft.AspNetCore.Mvc.IActionResult CreateEndingScenes(Int32) on controller Jam.Controllers.StoryCreationController (Jam).
2025-11-02 18:34:40.751 +01:00 [INF] Executing ViewResult, running view CreateEndingScenes.
2025-11-02 18:34:40.820 +01:00 [INF] Executed ViewResult - view CreateEndingScenes executed in 69.6142ms.
2025-11-02 18:34:40.895 +01:00 [INF] Executed action Jam.Controllers.StoryCreationController.CreateEndingScenes (Jam) in 121.6827ms
2025-11-02 18:34:40.920 +01:00 [INF] Executed endpoint 'Jam.Controllers.StoryCreationController.CreateEndingScenes (Jam)'
2025-11-02 18:34:40.946 +01:00 [INF] Request finished HTTP/2 GET https://localhost:7025/StoryCreation/CreateEndingScenes?storyId=4 - 200 null text/html; charset=utf-8 201.1469ms
2025-11-02 18:34:49.126 +01:00 [INF] Request starting HTTP/2 POST https://localhost:7025/StoryCreation/CreateEndingScenes - application/x-www-form-urlencoded 288
2025-11-02 18:34:49.154 +01:00 [INF] Executing endpoint 'Jam.Controllers.StoryCreationController.CreateEndingScenes (Jam)'
2025-11-02 18:34:49.159 +01:00 [INF] Route matched with {action = "CreateEndingScenes", controller = "StoryCreation", page = "", area = ""}. Executing controller action with signature System.Threading.Tasks.Task`1[Microsoft.AspNetCore.Mvc.IActionResult] CreateEndingScenes(Jam.ViewModels.Shared.EndingScenesViewModel) on controller Jam.Controllers.StoryCreationController (Jam).
2025-11-02 18:34:49.173 +01:00 [INF] Executing RedirectResult, redirecting to /.
2025-11-02 18:34:49.173 +01:00 [INF] Executed action Jam.Controllers.StoryCreationController.CreateEndingScenes (Jam) in 14.471ms
2025-11-02 18:34:49.173 +01:00 [INF] Executed endpoint 'Jam.Controllers.StoryCreationController.CreateEndingScenes (Jam)'
2025-11-02 18:34:49.173 +01:00 [INF] Request finished HTTP/2 POST https://localhost:7025/StoryCreation/CreateEndingScenes - 302 0 null 47.3988ms
2025-11-02 18:34:49.177 +01:00 [INF] Request starting HTTP/2 GET https://localhost:7025/ - null null
2025-11-02 18:34:49.177 +01:00 [INF] Executing endpoint 'Jam.Controllers.HomeController.Index (Jam)'
2025-11-02 18:34:49.177 +01:00 [INF] Route matched with {action = "Index", controller = "Home", page = "", area = ""}. Executing controller action with signature System.Threading.Tasks.Task`1[Microsoft.AspNetCore.Mvc.IActionResult] Index() on controller Jam.Controllers.HomeController (Jam).
2025-11-02 18:34:49.183 +01:00 [INF] Executing ViewResult, running view Index.
2025-11-02 18:34:49.185 +01:00 [INF] Executed ViewResult - view Index executed in 2.0766ms.
2025-11-02 18:34:49.186 +01:00 [INF] Executed action Jam.Controllers.HomeController.Index (Jam) in 8.6367ms
2025-11-02 18:34:49.186 +01:00 [INF] Executed endpoint 'Jam.Controllers.HomeController.Index (Jam)'
2025-11-02 18:34:49.187 +01:00 [INF] Request finished HTTP/2 GET https://localhost:7025/ - 200 null text/html; charset=utf-8 9.9717ms
2025-11-02 18:34:52.452 +01:00 [INF] Request starting HTTP/2 GET https://localhost:7025/StoryPlaying/StartStory?storyId=4 - null null
2025-11-02 18:34:52.454 +01:00 [INF] Executing endpoint 'Jam.Controllers.StoryPlayingController.StartStory (Jam)'
2025-11-02 18:34:52.458 +01:00 [INF] Route matched with {action = "StartStory", controller = "StoryPlaying", page = "", area = ""}. Executing controller action with signature System.Threading.Tasks.Task`1[Microsoft.AspNetCore.Mvc.IActionResult] StartStory(Int32) on controller Jam.Controllers.StoryPlayingController (Jam).
2025-11-02 18:34:52.469 +01:00 [INF] Executing ViewResult, running view StartPrivateStory.
2025-11-02 18:34:52.475 +01:00 [INF] Executed ViewResult - view StartPrivateStory executed in 6.0085ms.
2025-11-02 18:34:52.475 +01:00 [INF] Executed action Jam.Controllers.StoryPlayingController.StartStory (Jam) in 16.3936ms
2025-11-02 18:34:52.475 +01:00 [INF] Executed endpoint 'Jam.Controllers.StoryPlayingController.StartStory (Jam)'
2025-11-02 18:34:52.475 +01:00 [INF] Request finished HTTP/2 GET https://localhost:7025/StoryPlaying/StartStory?storyId=4 - 200 null text/html; charset=utf-8 23.3071ms
2025-11-02 18:36:06.105 +01:00 [INF] Request starting HTTP/2 POST https://localhost:7025/StoryPlaying/StartPrivateStory - application/x-www-form-urlencoded 249
2025-11-02 18:36:06.120 +01:00 [INF] Executing endpoint 'Jam.Controllers.StoryPlayingController.StartPrivateStory (Jam)'
2025-11-02 18:36:06.129 +01:00 [INF] Route matched with {action = "StartPrivateStory", controller = "StoryPlaying", page = "", area = ""}. Executing controller action with signature System.Threading.Tasks.Task`1[Microsoft.AspNetCore.Mvc.IActionResult] StartPrivateStory(Jam.ViewModels.StoryPlaying.StartPrivateStoryViewModel) on controller Jam.Controllers.StoryPlayingController (Jam).
2025-11-02 18:36:06.188 +01:00 [INF] Executing RedirectResult, redirecting to /StoryPlaying/PlayScene?sceneId=5&SceneType=Intro&sessionId=3.
2025-11-02 18:36:06.188 +01:00 [INF] Executed action Jam.Controllers.StoryPlayingController.StartPrivateStory (Jam) in 58.6055ms
2025-11-02 18:36:06.188 +01:00 [INF] Executed endpoint 'Jam.Controllers.StoryPlayingController.StartPrivateStory (Jam)'
2025-11-02 18:36:06.188 +01:00 [INF] Request finished HTTP/2 POST https://localhost:7025/StoryPlaying/StartPrivateStory - 302 0 null 133.6535ms
2025-11-02 18:36:06.195 +01:00 [INF] Request starting HTTP/2 GET https://localhost:7025/StoryPlaying/PlayScene?sceneId=5&SceneType=Intro&sessionId=3 - null null
2025-11-02 18:36:06.195 +01:00 [INF] Executing endpoint 'Jam.Controllers.StoryPlayingController.PlayScene (Jam)'
2025-11-02 18:36:06.197 +01:00 [INF] Route matched with {action = "PlayScene", controller = "StoryPlaying", page = "", area = ""}. Executing controller action with signature System.Threading.Tasks.Task`1[Microsoft.AspNetCore.Mvc.IActionResult] PlayScene(Int32, Jam.Models.Enums.SceneType, Int32) on controller Jam.Controllers.StoryPlayingController (Jam).
2025-11-02 18:36:06.205 +01:00 [INF] Executing ViewResult, running view PlayScene.
2025-11-02 18:36:06.267 +01:00 [INF] Executed ViewResult - view PlayScene executed in 63.1857ms.
2025-11-02 18:36:06.315 +01:00 [INF] Executed action Jam.Controllers.StoryPlayingController.PlayScene (Jam) in 118.3248ms
2025-11-02 18:36:06.337 +01:00 [INF] Executed endpoint 'Jam.Controllers.StoryPlayingController.PlayScene (Jam)'
2025-11-02 18:36:06.388 +01:00 [INF] Request starting HTTP/2 GET https://localhost:7025/lib/jquery-validation/dist/jquery.validate.min.js - null null
2025-11-02 18:36:06.388 +01:00 [INF] Request starting HTTP/2 GET https://localhost:7025/lib/jquery-validation-unobtrusive/jquery.validate.unobtrusive.min.js - null null
2025-11-02 18:36:06.413 +01:00 [INF] Request finished HTTP/2 GET https://localhost:7025/StoryPlaying/PlayScene?sceneId=5&SceneType=Intro&sessionId=3 - 200 null text/html; charset=utf-8 218.0335ms
2025-11-02 18:36:06.416 +01:00 [INF] Request finished HTTP/2 GET https://localhost:7025/lib/jquery-validation-unobtrusive/jquery.validate.unobtrusive.min.js - 404 0 null 28.7987ms
2025-11-02 18:36:06.416 +01:00 [INF] Request finished HTTP/2 GET https://localhost:7025/lib/jquery-validation/dist/jquery.validate.min.js - 404 0 null 53.9396ms
2025-11-02 18:36:06.416 +01:00 [INF] Request reached the end of the middleware pipeline without being handled by application code. Request path: GET https://localhost:7025/lib/jquery-validation-unobtrusive/jquery.validate.unobtrusive.min.js, Response status code: 404
2025-11-02 18:36:06.417 +01:00 [INF] Request reached the end of the middleware pipeline without being handled by application code. Request path: GET https://localhost:7025/lib/jquery-validation/dist/jquery.validate.min.js, Response status code: 404
2025-11-02 18:36:07.820 +01:00 [INF] Request starting HTTP/2 POST https://localhost:7025/StoryPlaying/PlayScene - application/x-www-form-urlencoded 372
2025-11-02 18:36:07.822 +01:00 [INF] Executing endpoint 'Jam.Controllers.StoryPlayingController.PlayScene (Jam)'
2025-11-02 18:36:07.838 +01:00 [INF] Route matched with {action = "PlayScene", controller = "StoryPlaying", page = "", area = ""}. Executing controller action with signature System.Threading.Tasks.Task`1[Microsoft.AspNetCore.Mvc.IActionResult] PlayScene(Jam.ViewModels.StoryPlaying.PlaySceneViewModel) on controller Jam.Controllers.StoryPlayingController (Jam).
2025-11-02 18:36:07.883 +01:00 [INF] Executing RedirectResult, redirecting to /StoryPlaying/PlayScene?sceneId=5&sceneType=Question&sessionId=3.
2025-11-02 18:36:07.883 +01:00 [INF] Executed action Jam.Controllers.StoryPlayingController.PlayScene (Jam) in 45.2782ms
2025-11-02 18:36:07.883 +01:00 [INF] Executed endpoint 'Jam.Controllers.StoryPlayingController.PlayScene (Jam)'
2025-11-02 18:36:07.884 +01:00 [INF] Request finished HTTP/2 POST https://localhost:7025/StoryPlaying/PlayScene - 302 0 null 64.163ms
2025-11-02 18:36:07.936 +01:00 [INF] Request starting HTTP/2 GET https://localhost:7025/StoryPlaying/PlayScene?sceneId=5&sceneType=Question&sessionId=3 - null null
2025-11-02 18:36:07.937 +01:00 [INF] Executing endpoint 'Jam.Controllers.StoryPlayingController.PlayScene (Jam)'
2025-11-02 18:36:07.937 +01:00 [INF] Route matched with {action = "PlayScene", controller = "StoryPlaying", page = "", area = ""}. Executing controller action with signature System.Threading.Tasks.Task`1[Microsoft.AspNetCore.Mvc.IActionResult] PlayScene(Int32, Jam.Models.Enums.SceneType, Int32) on controller Jam.Controllers.StoryPlayingController (Jam).
2025-11-02 18:36:07.960 +01:00 [INF] Executing ViewResult, running view PlayScene.
2025-11-02 18:36:07.962 +01:00 [INF] Executed ViewResult - view PlayScene executed in 1.789ms.
2025-11-02 18:36:07.962 +01:00 [INF] Executed action Jam.Controllers.StoryPlayingController.PlayScene (Jam) in 25.5343ms
2025-11-02 18:36:07.962 +01:00 [INF] Executed endpoint 'Jam.Controllers.StoryPlayingController.PlayScene (Jam)'
2025-11-02 18:36:07.962 +01:00 [INF] Request finished HTTP/2 GET https://localhost:7025/StoryPlaying/PlayScene?sceneId=5&sceneType=Question&sessionId=3 - 200 null text/html; charset=utf-8 26.3748ms
2025-11-02 18:36:07.981 +01:00 [INF] Request starting HTTP/2 GET https://localhost:7025/lib/jquery-validation/dist/jquery.validate.min.js - null null
2025-11-02 18:36:07.982 +01:00 [INF] Request starting HTTP/2 GET https://localhost:7025/lib/jquery-validation-unobtrusive/jquery.validate.unobtrusive.min.js - null null
2025-11-02 18:36:08.029 +01:00 [INF] Request finished HTTP/2 GET https://localhost:7025/lib/jquery-validation-unobtrusive/jquery.validate.unobtrusive.min.js - 404 0 null 46.5485ms
2025-11-02 18:36:08.029 +01:00 [INF] Request reached the end of the middleware pipeline without being handled by application code. Request path: GET https://localhost:7025/lib/jquery-validation-unobtrusive/jquery.validate.unobtrusive.min.js, Response status code: 404
2025-11-02 18:36:08.029 +01:00 [INF] Request finished HTTP/2 GET https://localhost:7025/lib/jquery-validation/dist/jquery.validate.min.js - 404 0 null 47.3999ms
2025-11-02 18:36:08.029 +01:00 [INF] Request reached the end of the middleware pipeline without being handled by application code. Request path: GET https://localhost:7025/lib/jquery-validation/dist/jquery.validate.min.js, Response status code: 404
2025-11-02 18:36:10.016 +01:00 [INF] Request starting HTTP/2 POST https://localhost:7025/StoryPlaying/PlayScene - application/x-www-form-urlencoded 396
2025-11-02 18:36:10.043 +01:00 [INF] Executing endpoint 'Jam.Controllers.StoryPlayingController.PlayScene (Jam)'
2025-11-02 18:36:10.043 +01:00 [INF] Route matched with {action = "PlayScene", controller = "StoryPlaying", page = "", area = ""}. Executing controller action with signature System.Threading.Tasks.Task`1[Microsoft.AspNetCore.Mvc.IActionResult] PlayScene(Jam.ViewModels.StoryPlaying.PlaySceneViewModel) on controller Jam.Controllers.StoryPlayingController (Jam).
2025-11-02 18:36:10.069 +01:00 [INF] Executing RedirectResult, redirecting to /StoryPlaying/AnswerFeedback.
2025-11-02 18:36:10.069 +01:00 [INF] Executed action Jam.Controllers.StoryPlayingController.PlayScene (Jam) in 26.1681ms
2025-11-02 18:36:10.069 +01:00 [INF] Executed endpoint 'Jam.Controllers.StoryPlayingController.PlayScene (Jam)'
2025-11-02 18:36:10.069 +01:00 [INF] Request finished HTTP/2 POST https://localhost:7025/StoryPlaying/PlayScene - 302 0 null 53.1494ms
2025-11-02 18:36:10.121 +01:00 [INF] Request starting HTTP/2 GET https://localhost:7025/StoryPlaying/AnswerFeedback - null null
2025-11-02 18:36:10.123 +01:00 [INF] Executing endpoint 'Jam.Controllers.StoryPlayingController.AnswerFeedback (Jam)'
2025-11-02 18:36:10.124 +01:00 [INF] Route matched with {action = "AnswerFeedback", controller = "StoryPlaying", page = "", area = ""}. Executing controller action with signature Microsoft.AspNetCore.Mvc.IActionResult AnswerFeedback() on controller Jam.Controllers.StoryPlayingController (Jam).
2025-11-02 18:36:10.127 +01:00 [INF] Executing ViewResult, running view AnswerFeedback.
2025-11-02 18:36:10.139 +01:00 [INF] Executed ViewResult - view AnswerFeedback executed in 12.8712ms.
2025-11-02 18:36:10.139 +01:00 [INF] Executed action Jam.Controllers.StoryPlayingController.AnswerFeedback (Jam) in 14.8128ms
2025-11-02 18:36:10.139 +01:00 [INF] Executed endpoint 'Jam.Controllers.StoryPlayingController.AnswerFeedback (Jam)'
2025-11-02 18:36:10.139 +01:00 [INF] Request finished HTTP/2 GET https://localhost:7025/StoryPlaying/AnswerFeedback - 200 null text/html; charset=utf-8 18.0136ms
2025-11-02 18:36:11.035 +01:00 [INF] Request starting HTTP/2 POST https://localhost:7025/StoryPlaying/AnswerFeedback - application/x-www-form-urlencoded 304
2025-11-02 18:36:11.037 +01:00 [INF] Executing endpoint 'Jam.Controllers.StoryPlayingController.AnswerFeedback (Jam)'
2025-11-02 18:36:11.043 +01:00 [INF] Route matched with {action = "AnswerFeedback", controller = "StoryPlaying", page = "", area = ""}. Executing controller action with signature System.Threading.Tasks.Task`1[Microsoft.AspNetCore.Mvc.IActionResult] AnswerFeedback(Jam.ViewModels.StoryPlaying.AnswerFeedbackViewModel) on controller Jam.Controllers.StoryPlayingController (Jam).
2025-11-02 18:36:11.064 +01:00 [INF] Executing RedirectResult, redirecting to /StoryPlaying/PlayScene?sceneId=4&sceneType=Ending&sessionId=3.
2025-11-02 18:36:11.064 +01:00 [INF] Executed action Jam.Controllers.StoryPlayingController.AnswerFeedback (Jam) in 21.3337ms
2025-11-02 18:36:11.064 +01:00 [INF] Executed endpoint 'Jam.Controllers.StoryPlayingController.AnswerFeedback (Jam)'
2025-11-02 18:36:11.064 +01:00 [INF] Request finished HTTP/2 POST https://localhost:7025/StoryPlaying/AnswerFeedback - 302 0 null 29.6119ms
2025-11-02 18:36:11.115 +01:00 [INF] Request starting HTTP/2 GET https://localhost:7025/StoryPlaying/PlayScene?sceneId=4&sceneType=Ending&sessionId=3 - null null
2025-11-02 18:36:11.116 +01:00 [INF] Executing endpoint 'Jam.Controllers.StoryPlayingController.PlayScene (Jam)'
2025-11-02 18:36:11.116 +01:00 [INF] Route matched with {action = "PlayScene", controller = "StoryPlaying", page = "", area = ""}. Executing controller action with signature System.Threading.Tasks.Task`1[Microsoft.AspNetCore.Mvc.IActionResult] PlayScene(Int32, Jam.Models.Enums.SceneType, Int32) on controller Jam.Controllers.StoryPlayingController (Jam).
2025-11-02 18:36:11.125 +01:00 [INF] Executing ViewResult, running view PlayScene.
2025-11-02 18:36:11.201 +01:00 [INF] Executed ViewResult - view PlayScene executed in 75.595ms.
2025-11-02 18:36:11.222 +01:00 [INF] Executed action Jam.Controllers.StoryPlayingController.PlayScene (Jam) in 106.4782ms
2025-11-02 18:36:11.223 +01:00 [INF] Executed endpoint 'Jam.Controllers.StoryPlayingController.PlayScene (Jam)'
2025-11-02 18:36:11.224 +01:00 [INF] Request finished HTTP/2 GET https://localhost:7025/StoryPlaying/PlayScene?sceneId=4&sceneType=Ending&sessionId=3 - 200 null text/html; charset=utf-8 109.2628ms
2025-11-02 18:36:11.224 +01:00 [INF] Request starting HTTP/2 GET https://localhost:7025/lib/jquery-validation/dist/jquery.validate.min.js - null null
2025-11-02 18:36:11.224 +01:00 [INF] Request starting HTTP/2 GET https://localhost:7025/lib/jquery-validation-unobtrusive/jquery.validate.unobtrusive.min.js - null null
2025-11-02 18:36:11.275 +01:00 [INF] Request finished HTTP/2 GET https://localhost:7025/lib/jquery-validation/dist/jquery.validate.min.js - 404 0 null 50.9275ms
2025-11-02 18:36:11.275 +01:00 [INF] Request finished HTTP/2 GET https://localhost:7025/lib/jquery-validation-unobtrusive/jquery.validate.unobtrusive.min.js - 404 0 null 50.9013ms
2025-11-02 18:36:11.275 +01:00 [INF] Request reached the end of the middleware pipeline without being handled by application code. Request path: GET https://localhost:7025/lib/jquery-validation-unobtrusive/jquery.validate.unobtrusive.min.js, Response status code: 404
2025-11-02 18:36:11.275 +01:00 [INF] Request reached the end of the middleware pipeline without being handled by application code. Request path: GET https://localhost:7025/lib/jquery-validation/dist/jquery.validate.min.js, Response status code: 404
2025-11-02 18:36:12.349 +01:00 [INF] Request starting HTTP/2 POST https://localhost:7025/StoryPlaying/PlayScene - application/x-www-form-urlencoded 365
2025-11-02 18:36:12.350 +01:00 [INF] Executing endpoint 'Jam.Controllers.StoryPlayingController.PlayScene (Jam)'
2025-11-02 18:36:12.351 +01:00 [INF] Route matched with {action = "PlayScene", controller = "StoryPlaying", page = "", area = ""}. Executing controller action with signature System.Threading.Tasks.Task`1[Microsoft.AspNetCore.Mvc.IActionResult] PlayScene(Jam.ViewModels.StoryPlaying.PlaySceneViewModel) on controller Jam.Controllers.StoryPlayingController (Jam).
2025-11-02 18:36:12.377 +01:00 [INF] Executing RedirectResult, redirecting to /StoryPlaying/FinishStory?sessionId=3.
2025-11-02 18:36:12.378 +01:00 [INF] Executed action Jam.Controllers.StoryPlayingController.PlayScene (Jam) in 26.8565ms
2025-11-02 18:36:12.378 +01:00 [INF] Executed endpoint 'Jam.Controllers.StoryPlayingController.PlayScene (Jam)'
2025-11-02 18:36:12.378 +01:00 [INF] Request finished HTTP/2 POST https://localhost:7025/StoryPlaying/PlayScene - 302 0 null 54.0955ms
2025-11-02 18:36:12.451 +01:00 [INF] Request starting HTTP/2 GET https://localhost:7025/StoryPlaying/FinishStory?sessionId=3 - null null
2025-11-02 18:36:12.452 +01:00 [INF] Executing endpoint 'Jam.Controllers.StoryPlayingController.FinishStory (Jam)'
2025-11-02 18:36:12.459 +01:00 [INF] Route matched with {action = "FinishStory", controller = "StoryPlaying", page = "", area = ""}. Executing controller action with signature System.Threading.Tasks.Task`1[Microsoft.AspNetCore.Mvc.IActionResult] FinishStory(Int32) on controller Jam.Controllers.StoryPlayingController (Jam).
2025-11-02 18:36:12.468 +01:00 [INF] Executing ViewResult, running view FinishStory.
2025-11-02 18:36:12.472 +01:00 [INF] Executed ViewResult - view FinishStory executed in 4.9623ms.
2025-11-02 18:36:12.472 +01:00 [INF] Executed action Jam.Controllers.StoryPlayingController.FinishStory (Jam) in 12.9425ms
2025-11-02 18:36:12.472 +01:00 [INF] Executed endpoint 'Jam.Controllers.StoryPlayingController.FinishStory (Jam)'
2025-11-02 18:36:12.472 +01:00 [INF] Request finished HTTP/2 GET https://localhost:7025/StoryPlaying/FinishStory?sessionId=3 - 200 null text/html; charset=utf-8 21.7567ms
2025-11-02 18:36:14.281 +01:00 [INF] Request starting HTTP/2 POST https://localhost:7025/StoryPlaying/FinishStory - application/x-www-form-urlencoded 225
2025-11-02 18:36:14.334 +01:00 [INF] Executing endpoint 'Jam.Controllers.StoryPlayingController.FinishStory (Jam)'
2025-11-02 18:36:14.337 +01:00 [INF] Route matched with {action = "FinishStory", controller = "StoryPlaying", page = "", area = ""}. Executing controller action with signature Microsoft.AspNetCore.Mvc.IActionResult FinishStory() on controller Jam.Controllers.StoryPlayingController (Jam).
2025-11-02 18:36:14.338 +01:00 [INF] Executing RedirectResult, redirecting to /.
2025-11-02 18:36:14.338 +01:00 [INF] Executed action Jam.Controllers.StoryPlayingController.FinishStory (Jam) in 0.824ms
2025-11-02 18:36:14.338 +01:00 [INF] Executed endpoint 'Jam.Controllers.StoryPlayingController.FinishStory (Jam)'
2025-11-02 18:36:14.339 +01:00 [INF] Request finished HTTP/2 POST https://localhost:7025/StoryPlaying/FinishStory - 302 0 null 57.4562ms
2025-11-02 18:36:14.371 +01:00 [INF] Request starting HTTP/2 GET https://localhost:7025/ - null null
2025-11-02 18:36:14.373 +01:00 [INF] Executing endpoint 'Jam.Controllers.HomeController.Index (Jam)'
2025-11-02 18:36:14.373 +01:00 [INF] Route matched with {action = "Index", controller = "Home", page = "", area = ""}. Executing controller action with signature System.Threading.Tasks.Task`1[Microsoft.AspNetCore.Mvc.IActionResult] Index() on controller Jam.Controllers.HomeController (Jam).
2025-11-02 18:36:14.384 +01:00 [INF] Executing ViewResult, running view Index.
2025-11-02 18:36:14.388 +01:00 [INF] Executed ViewResult - view Index executed in 3.2742ms.
2025-11-02 18:36:14.388 +01:00 [INF] Executed action Jam.Controllers.HomeController.Index (Jam) in 15.193ms
2025-11-02 18:36:14.389 +01:00 [INF] Executed endpoint 'Jam.Controllers.HomeController.Index (Jam)'
2025-11-02 18:36:14.389 +01:00 [INF] Request finished HTTP/2 GET https://localhost:7025/ - 200 null text/html; charset=utf-8 18.5787ms
2025-11-02 18:36:19.795 +01:00 [INF] Request starting HTTP/2 GET https://localhost:7025/StoryEditing/EditStory?storyId=4 - null null
2025-11-02 18:36:19.798 +01:00 [INF] Executing endpoint 'Jam.Controllers.StoryEditingController.EditStory (Jam)'
2025-11-02 18:36:19.804 +01:00 [INF] Route matched with {action = "EditStory", controller = "StoryEditing", page = "", area = ""}. Executing controller action with signature System.Threading.Tasks.Task`1[Microsoft.AspNetCore.Mvc.IActionResult] EditStory(Int32) on controller Jam.Controllers.StoryEditingController (Jam).
2025-11-02 18:36:19.812 +01:00 [INF] Executing ViewResult, running view EditStory.
2025-11-02 18:36:19.884 +01:00 [INF] Executed ViewResult - view EditStory executed in 72.9971ms.
2025-11-02 18:36:19.885 +01:00 [INF] Executed action Jam.Controllers.StoryEditingController.EditStory (Jam) in 81.3938ms
2025-11-02 18:36:19.885 +01:00 [INF] Executed endpoint 'Jam.Controllers.StoryEditingController.EditStory (Jam)'
2025-11-02 18:36:19.886 +01:00 [INF] Request finished HTTP/2 GET https://localhost:7025/StoryEditing/EditStory?storyId=4 - 200 null text/html; charset=utf-8 91.4317ms
2025-11-02 18:36:28.458 +01:00 [INF] Request starting HTTP/2 POST https://localhost:7025/StoryEditing/EditStory - application/x-www-form-urlencoded 303
2025-11-02 18:36:28.461 +01:00 [INF] Executing endpoint 'Jam.Controllers.StoryEditingController.EditStory (Jam)'
2025-11-02 18:36:28.466 +01:00 [INF] Route matched with {action = "EditStory", controller = "StoryEditing", page = "", area = ""}. Executing controller action with signature System.Threading.Tasks.Task`1[Microsoft.AspNetCore.Mvc.IActionResult] EditStory(Jam.ViewModels.StoryEditing.EditStoryViewModel) on controller Jam.Controllers.StoryEditingController (Jam).
2025-11-02 18:36:28.475 +01:00 [INF] Executing RedirectResult, redirecting to /.
2025-11-02 18:36:28.475 +01:00 [INF] Executed action Jam.Controllers.StoryEditingController.EditStory (Jam) in 9.1027ms
2025-11-02 18:36:28.475 +01:00 [INF] Executed endpoint 'Jam.Controllers.StoryEditingController.EditStory (Jam)'
2025-11-02 18:36:28.475 +01:00 [INF] Request finished HTTP/2 POST https://localhost:7025/StoryEditing/EditStory - 302 0 null 16.6163ms
2025-11-02 18:36:28.478 +01:00 [INF] Request starting HTTP/2 GET https://localhost:7025/ - null null
2025-11-02 18:36:28.479 +01:00 [INF] Executing endpoint 'Jam.Controllers.HomeController.Index (Jam)'
2025-11-02 18:36:28.479 +01:00 [INF] Route matched with {action = "Index", controller = "Home", page = "", area = ""}. Executing controller action with signature System.Threading.Tasks.Task`1[Microsoft.AspNetCore.Mvc.IActionResult] Index() on controller Jam.Controllers.HomeController (Jam).
2025-11-02 18:36:28.483 +01:00 [INF] Executing ViewResult, running view Index.
2025-11-02 18:36:28.510 +01:00 [INF] Executed ViewResult - view Index executed in 26.7105ms.
2025-11-02 18:36:28.511 +01:00 [INF] Executed action Jam.Controllers.HomeController.Index (Jam) in 31.7569ms
2025-11-02 18:36:28.511 +01:00 [INF] Executed endpoint 'Jam.Controllers.HomeController.Index (Jam)'
2025-11-02 18:36:28.511 +01:00 [INF] Request finished HTTP/2 GET https://localhost:7025/ - 200 null text/html; charset=utf-8 33.6269ms
2025-11-02 18:36:50.018 +01:00 [INF] Request starting HTTP/2 GET https://localhost:7025/StoryPlaying/StartStory?storyId=4 - null null
2025-11-02 18:36:50.048 +01:00 [INF] Executing endpoint 'Jam.Controllers.StoryPlayingController.StartStory (Jam)'
2025-11-02 18:36:50.049 +01:00 [INF] Route matched with {action = "StartStory", controller = "StoryPlaying", page = "", area = ""}. Executing controller action with signature System.Threading.Tasks.Task`1[Microsoft.AspNetCore.Mvc.IActionResult] StartStory(Int32) on controller Jam.Controllers.StoryPlayingController (Jam).
2025-11-02 18:36:50.073 +01:00 [INF] Executing RedirectResult, redirecting to /StoryPlaying/PlayScene?sceneId=5&SceneType=Intro&sessionId=4.
2025-11-02 18:36:50.073 +01:00 [INF] Executed action Jam.Controllers.StoryPlayingController.StartStory (Jam) in 24.0449ms
2025-11-02 18:36:50.073 +01:00 [INF] Executed endpoint 'Jam.Controllers.StoryPlayingController.StartStory (Jam)'
2025-11-02 18:36:50.073 +01:00 [INF] Request finished HTTP/2 GET https://localhost:7025/StoryPlaying/StartStory?storyId=4 - 302 0 null 80.8511ms
2025-11-02 18:36:50.080 +01:00 [INF] Request starting HTTP/2 GET https://localhost:7025/StoryPlaying/PlayScene?sceneId=5&SceneType=Intro&sessionId=4 - null null
2025-11-02 18:36:50.081 +01:00 [INF] Executing endpoint 'Jam.Controllers.StoryPlayingController.PlayScene (Jam)'
2025-11-02 18:36:50.081 +01:00 [INF] Route matched with {action = "PlayScene", controller = "StoryPlaying", page = "", area = ""}. Executing controller action with signature System.Threading.Tasks.Task`1[Microsoft.AspNetCore.Mvc.IActionResult] PlayScene(Int32, Jam.Models.Enums.SceneType, Int32) on controller Jam.Controllers.StoryPlayingController (Jam).
2025-11-02 18:36:50.084 +01:00 [INF] Executing ViewResult, running view PlayScene.
2025-11-02 18:36:50.217 +01:00 [INF] Executed ViewResult - view PlayScene executed in 132.9385ms.
2025-11-02 18:36:50.259 +01:00 [INF] Request starting HTTP/2 GET https://localhost:7025/lib/jquery-validation/dist/jquery.validate.min.js - null null
2025-11-02 18:36:50.285 +01:00 [INF] Executed action Jam.Controllers.StoryPlayingController.PlayScene (Jam) in 178.5642ms
2025-11-02 18:36:50.285 +01:00 [INF] Request starting HTTP/2 GET https://localhost:7025/lib/jquery-validation-unobtrusive/jquery.validate.unobtrusive.min.js - null null
2025-11-02 18:36:50.285 +01:00 [INF] Executed endpoint 'Jam.Controllers.StoryPlayingController.PlayScene (Jam)'
2025-11-02 18:36:50.290 +01:00 [INF] Request finished HTTP/2 GET https://localhost:7025/StoryPlaying/PlayScene?sceneId=5&SceneType=Intro&sessionId=4 - 200 null text/html; charset=utf-8 210.1237ms
2025-11-02 18:36:50.295 +01:00 [INF] Request finished HTTP/2 GET https://localhost:7025/lib/jquery-validation/dist/jquery.validate.min.js - 404 0 null 77.7499ms
2025-11-02 18:36:50.295 +01:00 [INF] Request finished HTTP/2 GET https://localhost:7025/lib/jquery-validation-unobtrusive/jquery.validate.unobtrusive.min.js - 404 0 null 9.9632ms
2025-11-02 18:36:50.295 +01:00 [INF] Request reached the end of the middleware pipeline without being handled by application code. Request path: GET https://localhost:7025/lib/jquery-validation/dist/jquery.validate.min.js, Response status code: 404
2025-11-02 18:36:50.295 +01:00 [INF] Request reached the end of the middleware pipeline without being handled by application code. Request path: GET https://localhost:7025/lib/jquery-validation-unobtrusive/jquery.validate.unobtrusive.min.js, Response status code: 404
2025-11-02 18:36:52.073 +01:00 [INF] Request starting HTTP/2 POST https://localhost:7025/StoryPlaying/PlayScene - application/x-www-form-urlencoded 372
2025-11-02 18:36:52.075 +01:00 [INF] Executing endpoint 'Jam.Controllers.StoryPlayingController.PlayScene (Jam)'
2025-11-02 18:36:52.075 +01:00 [INF] Route matched with {action = "PlayScene", controller = "StoryPlaying", page = "", area = ""}. Executing controller action with signature System.Threading.Tasks.Task`1[Microsoft.AspNetCore.Mvc.IActionResult] PlayScene(Jam.ViewModels.StoryPlaying.PlaySceneViewModel) on controller Jam.Controllers.StoryPlayingController (Jam).
2025-11-02 18:36:52.092 +01:00 [INF] Executing RedirectResult, redirecting to /StoryPlaying/PlayScene?sceneId=5&sceneType=Question&sessionId=4.
2025-11-02 18:36:52.092 +01:00 [INF] Executed action Jam.Controllers.StoryPlayingController.PlayScene (Jam) in 16.7147ms
2025-11-02 18:36:52.092 +01:00 [INF] Executed endpoint 'Jam.Controllers.StoryPlayingController.PlayScene (Jam)'
2025-11-02 18:36:52.092 +01:00 [INF] Request finished HTTP/2 POST https://localhost:7025/StoryPlaying/PlayScene - 302 0 null 40.8786ms
2025-11-02 18:36:52.145 +01:00 [INF] Request starting HTTP/2 GET https://localhost:7025/StoryPlaying/PlayScene?sceneId=5&sceneType=Question&sessionId=4 - null null
2025-11-02 18:36:52.147 +01:00 [INF] Executing endpoint 'Jam.Controllers.StoryPlayingController.PlayScene (Jam)'
2025-11-02 18:36:52.147 +01:00 [INF] Route matched with {action = "PlayScene", controller = "StoryPlaying", page = "", area = ""}. Executing controller action with signature System.Threading.Tasks.Task`1[Microsoft.AspNetCore.Mvc.IActionResult] PlayScene(Int32, Jam.Models.Enums.SceneType, Int32) on controller Jam.Controllers.StoryPlayingController (Jam).
2025-11-02 18:36:52.155 +01:00 [INF] Executing ViewResult, running view PlayScene.
2025-11-02 18:36:52.160 +01:00 [INF] Executed ViewResult - view PlayScene executed in 4.0876ms.
2025-11-02 18:36:52.160 +01:00 [INF] Executed action Jam.Controllers.StoryPlayingController.PlayScene (Jam) in 12.9051ms
2025-11-02 18:36:52.160 +01:00 [INF] Executed endpoint 'Jam.Controllers.StoryPlayingController.PlayScene (Jam)'
2025-11-02 18:36:52.161 +01:00 [INF] Request finished HTTP/2 GET https://localhost:7025/StoryPlaying/PlayScene?sceneId=5&sceneType=Question&sessionId=4 - 200 null text/html; charset=utf-8 40.4967ms
2025-11-02 18:36:52.207 +01:00 [INF] Request starting HTTP/2 GET https://localhost:7025/lib/jquery-validation/dist/jquery.validate.min.js - null null
2025-11-02 18:36:52.257 +01:00 [INF] Request starting HTTP/2 GET https://localhost:7025/lib/jquery-validation-unobtrusive/jquery.validate.unobtrusive.min.js - null null
2025-11-02 18:36:52.258 +01:00 [INF] Request finished HTTP/2 GET https://localhost:7025/lib/jquery-validation/dist/jquery.validate.min.js - 404 0 null 51.9196ms
2025-11-02 18:36:52.258 +01:00 [INF] Request reached the end of the middleware pipeline without being handled by application code. Request path: GET https://localhost:7025/lib/jquery-validation/dist/jquery.validate.min.js, Response status code: 404
2025-11-02 18:36:52.258 +01:00 [INF] Request finished HTTP/2 GET https://localhost:7025/lib/jquery-validation-unobtrusive/jquery.validate.unobtrusive.min.js - 404 0 null 26.019ms
2025-11-02 18:36:52.258 +01:00 [INF] Request reached the end of the middleware pipeline without being handled by application code. Request path: GET https://localhost:7025/lib/jquery-validation-unobtrusive/jquery.validate.unobtrusive.min.js, Response status code: 404
2025-11-02 18:36:59.644 +01:00 [INF] Request starting HTTP/2 POST https://localhost:7025/StoryPlaying/PlayScene - application/x-www-form-urlencoded 396
2025-11-02 18:36:59.690 +01:00 [INF] Executing endpoint 'Jam.Controllers.StoryPlayingController.PlayScene (Jam)'
2025-11-02 18:36:59.690 +01:00 [INF] Route matched with {action = "PlayScene", controller = "StoryPlaying", page = "", area = ""}. Executing controller action with signature System.Threading.Tasks.Task`1[Microsoft.AspNetCore.Mvc.IActionResult] PlayScene(Jam.ViewModels.StoryPlaying.PlaySceneViewModel) on controller Jam.Controllers.StoryPlayingController (Jam).
2025-11-02 18:36:59.702 +01:00 [INF] Executing RedirectResult, redirecting to /StoryPlaying/AnswerFeedback.
2025-11-02 18:36:59.703 +01:00 [INF] Executed action Jam.Controllers.StoryPlayingController.PlayScene (Jam) in 13.1685ms
2025-11-02 18:36:59.703 +01:00 [INF] Executed endpoint 'Jam.Controllers.StoryPlayingController.PlayScene (Jam)'
2025-11-02 18:36:59.704 +01:00 [INF] Request finished HTTP/2 POST https://localhost:7025/StoryPlaying/PlayScene - 302 0 null 59.9444ms
2025-11-02 18:36:59.710 +01:00 [INF] Request starting HTTP/2 GET https://localhost:7025/StoryPlaying/AnswerFeedback - null null
2025-11-02 18:36:59.711 +01:00 [INF] Executing endpoint 'Jam.Controllers.StoryPlayingController.AnswerFeedback (Jam)'
2025-11-02 18:36:59.712 +01:00 [INF] Route matched with {action = "AnswerFeedback", controller = "StoryPlaying", page = "", area = ""}. Executing controller action with signature Microsoft.AspNetCore.Mvc.IActionResult AnswerFeedback() on controller Jam.Controllers.StoryPlayingController (Jam).
2025-11-02 18:36:59.713 +01:00 [INF] Executing ViewResult, running view AnswerFeedback.
2025-11-02 18:36:59.715 +01:00 [INF] Executed ViewResult - view AnswerFeedback executed in 2.243ms.
2025-11-02 18:36:59.715 +01:00 [INF] Executed action Jam.Controllers.StoryPlayingController.AnswerFeedback (Jam) in 3.2015ms
2025-11-02 18:36:59.715 +01:00 [INF] Executed endpoint 'Jam.Controllers.StoryPlayingController.AnswerFeedback (Jam)'
2025-11-02 18:36:59.715 +01:00 [INF] Request finished HTTP/2 GET https://localhost:7025/StoryPlaying/AnswerFeedback - 200 null text/html; charset=utf-8 4.6329ms
2025-11-02 18:37:00.546 +01:00 [INF] Request starting HTTP/2 POST https://localhost:7025/StoryPlaying/AnswerFeedback - application/x-www-form-urlencoded 303
2025-11-02 18:37:00.594 +01:00 [INF] Executing endpoint 'Jam.Controllers.StoryPlayingController.AnswerFeedback (Jam)'
2025-11-02 18:37:00.594 +01:00 [INF] Route matched with {action = "AnswerFeedback", controller = "StoryPlaying", page = "", area = ""}. Executing controller action with signature System.Threading.Tasks.Task`1[Microsoft.AspNetCore.Mvc.IActionResult] AnswerFeedback(Jam.ViewModels.StoryPlaying.AnswerFeedbackViewModel) on controller Jam.Controllers.StoryPlayingController (Jam).
2025-11-02 18:37:00.607 +01:00 [INF] Executing RedirectResult, redirecting to /StoryPlaying/PlayScene?sceneId=6&sceneType=Ending&sessionId=4.
2025-11-02 18:37:00.607 +01:00 [INF] Executed action Jam.Controllers.StoryPlayingController.AnswerFeedback (Jam) in 12.5907ms
2025-11-02 18:37:00.607 +01:00 [INF] Executed endpoint 'Jam.Controllers.StoryPlayingController.AnswerFeedback (Jam)'
2025-11-02 18:37:00.607 +01:00 [INF] Request finished HTTP/2 POST https://localhost:7025/StoryPlaying/AnswerFeedback - 302 0 null 61.16ms
2025-11-02 18:37:00.611 +01:00 [INF] Request starting HTTP/2 GET https://localhost:7025/StoryPlaying/PlayScene?sceneId=6&sceneType=Ending&sessionId=4 - null null
2025-11-02 18:37:00.612 +01:00 [INF] Executing endpoint 'Jam.Controllers.StoryPlayingController.PlayScene (Jam)'
2025-11-02 18:37:00.612 +01:00 [INF] Route matched with {action = "PlayScene", controller = "StoryPlaying", page = "", area = ""}. Executing controller action with signature System.Threading.Tasks.Task`1[Microsoft.AspNetCore.Mvc.IActionResult] PlayScene(Int32, Jam.Models.Enums.SceneType, Int32) on controller Jam.Controllers.StoryPlayingController (Jam).
2025-11-02 18:37:00.617 +01:00 [INF] Executing ViewResult, running view PlayScene.
2025-11-02 18:37:00.640 +01:00 [INF] Executed ViewResult - view PlayScene executed in 22.9347ms.
2025-11-02 18:37:00.640 +01:00 [INF] Executed action Jam.Controllers.StoryPlayingController.PlayScene (Jam) in 27.8311ms
2025-11-02 18:37:00.641 +01:00 [INF] Executed endpoint 'Jam.Controllers.StoryPlayingController.PlayScene (Jam)'
2025-11-02 18:37:00.642 +01:00 [INF] Request finished HTTP/2 GET https://localhost:7025/StoryPlaying/PlayScene?sceneId=6&sceneType=Ending&sessionId=4 - 200 null text/html; charset=utf-8 30.4695ms
2025-11-02 18:37:00.654 +01:00 [INF] Request starting HTTP/2 GET https://localhost:7025/lib/jquery-validation/dist/jquery.validate.min.js - null null
2025-11-02 18:37:00.704 +01:00 [INF] Request finished HTTP/2 GET https://localhost:7025/lib/jquery-validation/dist/jquery.validate.min.js - 404 0 null 25.3069ms
2025-11-02 18:37:00.704 +01:00 [INF] Request starting HTTP/2 GET https://localhost:7025/lib/jquery-validation-unobtrusive/jquery.validate.unobtrusive.min.js - null null
2025-11-02 18:37:00.704 +01:00 [INF] Request reached the end of the middleware pipeline without being handled by application code. Request path: GET https://localhost:7025/lib/jquery-validation/dist/jquery.validate.min.js, Response status code: 404
2025-11-02 18:37:00.705 +01:00 [INF] Request finished HTTP/2 GET https://localhost:7025/lib/jquery-validation-unobtrusive/jquery.validate.unobtrusive.min.js - 404 0 null 0.6067ms
2025-11-02 18:37:00.705 +01:00 [INF] Request reached the end of the middleware pipeline without being handled by application code. Request path: GET https://localhost:7025/lib/jquery-validation-unobtrusive/jquery.validate.unobtrusive.min.js, Response status code: 404
2025-11-02 18:37:01.407 +01:00 [INF] Request starting HTTP/2 POST https://localhost:7025/StoryPlaying/PlayScene - application/x-www-form-urlencoded 362
2025-11-02 18:37:01.460 +01:00 [INF] Executing endpoint 'Jam.Controllers.StoryPlayingController.PlayScene (Jam)'
2025-11-02 18:37:01.460 +01:00 [INF] Route matched with {action = "PlayScene", controller = "StoryPlaying", page = "", area = ""}. Executing controller action with signature System.Threading.Tasks.Task`1[Microsoft.AspNetCore.Mvc.IActionResult] PlayScene(Jam.ViewModels.StoryPlaying.PlaySceneViewModel) on controller Jam.Controllers.StoryPlayingController (Jam).
2025-11-02 18:37:01.474 +01:00 [INF] Executing RedirectResult, redirecting to /StoryPlaying/FinishStory?sessionId=4.
2025-11-02 18:37:01.474 +01:00 [INF] Executed action Jam.Controllers.StoryPlayingController.PlayScene (Jam) in 13.3093ms
2025-11-02 18:37:01.474 +01:00 [INF] Executed endpoint 'Jam.Controllers.StoryPlayingController.PlayScene (Jam)'
2025-11-02 18:37:01.474 +01:00 [INF] Request finished HTTP/2 POST https://localhost:7025/StoryPlaying/PlayScene - 302 0 null 66.611ms
2025-11-02 18:37:01.477 +01:00 [INF] Request starting HTTP/2 GET https://localhost:7025/StoryPlaying/FinishStory?sessionId=4 - null null
2025-11-02 18:37:01.478 +01:00 [INF] Executing endpoint 'Jam.Controllers.StoryPlayingController.FinishStory (Jam)'
2025-11-02 18:37:01.478 +01:00 [INF] Route matched with {action = "FinishStory", controller = "StoryPlaying", page = "", area = ""}. Executing controller action with signature System.Threading.Tasks.Task`1[Microsoft.AspNetCore.Mvc.IActionResult] FinishStory(Int32) on controller Jam.Controllers.StoryPlayingController (Jam).
2025-11-02 18:37:01.482 +01:00 [INF] Executing ViewResult, running view FinishStory.
2025-11-02 18:37:01.484 +01:00 [INF] Executed ViewResult - view FinishStory executed in 1.621ms.
2025-11-02 18:37:01.484 +01:00 [INF] Executed action Jam.Controllers.StoryPlayingController.FinishStory (Jam) in 5.6771ms
2025-11-02 18:37:01.484 +01:00 [INF] Executed endpoint 'Jam.Controllers.StoryPlayingController.FinishStory (Jam)'
2025-11-02 18:37:01.484 +01:00 [INF] Request finished HTTP/2 GET https://localhost:7025/StoryPlaying/FinishStory?sessionId=4 - 200 null text/html; charset=utf-8 6.8399ms
2025-11-02 18:37:02.335 +01:00 [INF] Request starting HTTP/2 POST https://localhost:7025/StoryPlaying/FinishStory - application/x-www-form-urlencoded 225
2025-11-02 18:37:02.336 +01:00 [INF] Executing endpoint 'Jam.Controllers.StoryPlayingController.FinishStory (Jam)'
2025-11-02 18:37:02.336 +01:00 [INF] Route matched with {action = "FinishStory", controller = "StoryPlaying", page = "", area = ""}. Executing controller action with signature Microsoft.AspNetCore.Mvc.IActionResult FinishStory() on controller Jam.Controllers.StoryPlayingController (Jam).
2025-11-02 18:37:02.336 +01:00 [INF] Executing RedirectResult, redirecting to /.
2025-11-02 18:37:02.336 +01:00 [INF] Executed action Jam.Controllers.StoryPlayingController.FinishStory (Jam) in 0.2224ms
2025-11-02 18:37:02.336 +01:00 [INF] Executed endpoint 'Jam.Controllers.StoryPlayingController.FinishStory (Jam)'
2025-11-02 18:37:02.337 +01:00 [INF] Request finished HTTP/2 POST https://localhost:7025/StoryPlaying/FinishStory - 302 0 null 2.1795ms
2025-11-02 18:37:02.340 +01:00 [INF] Request starting HTTP/2 GET https://localhost:7025/ - null null
2025-11-02 18:37:02.341 +01:00 [INF] Executing endpoint 'Jam.Controllers.HomeController.Index (Jam)'
2025-11-02 18:37:02.341 +01:00 [INF] Route matched with {action = "Index", controller = "Home", page = "", area = ""}. Executing controller action with signature System.Threading.Tasks.Task`1[Microsoft.AspNetCore.Mvc.IActionResult] Index() on controller Jam.Controllers.HomeController (Jam).
2025-11-02 18:37:02.350 +01:00 [INF] Executing ViewResult, running view Index.
2025-11-02 18:37:02.352 +01:00 [INF] Executed ViewResult - view Index executed in 1.9328ms.
2025-11-02 18:37:02.354 +01:00 [INF] Executed action Jam.Controllers.HomeController.Index (Jam) in 12.7722ms
2025-11-02 18:37:02.355 +01:00 [INF] Executed endpoint 'Jam.Controllers.HomeController.Index (Jam)'
2025-11-02 18:37:02.356 +01:00 [INF] Request finished HTTP/2 GET https://localhost:7025/ - 200 null text/html; charset=utf-8 16.2301ms
