2025-11-07 19:10:38.020 +01:00 [INF] User profile is available. Using '/Users/jaraazad/.aspnet/DataProtection-Keys' as key repository; keys will not be encrypted at rest.
2025-11-07 19:10:39.421 +01:00 [INF] Applying migration '20251024065541_InitialCreate'.
2025-11-07 19:10:39.479 +01:00 [INF] Applying migration '20251101105657_AddIdentitySupport'.
2025-11-07 19:10:39.536 +01:00 [INF] Applying migration '20251103080324_UpdateNextQuestionSceneDeleteBehavior'.
2025-11-07 19:10:40.827 +01:00 [INF] Now listening on: https://localhost:7025
2025-11-07 19:10:40.828 +01:00 [INF] Now listening on: http://localhost:5262
2025-11-07 19:10:40.833 +01:00 [INF] Application started. Press Ctrl+C to shut down.
2025-11-07 19:10:40.834 +01:00 [INF] Hosting environment: Development
2025-11-07 19:10:40.835 +01:00 [INF] Content root path: /Users/jaraazad/Desktop/Jam
2025-11-07 19:10:41.050 +01:00 [INF] Request starting HTTP/2 GET https://localhost:7025/ - null null
2025-11-07 19:10:41.082 +01:00 [INF] Executing endpoint 'Jam.Controllers.HomeController.Index (Jam)'
2025-11-07 19:10:41.089 +01:00 [INF] Route matched with {action = "Index", controller = "Home", page = "", area = ""}. Executing controller action with signature System.Threading.Tasks.Task`1[Microsoft.AspNetCore.Mvc.IActionResult] Index() on controller Jam.Controllers.HomeController (Jam).
2025-11-07 19:10:41.101 +01:00 [WRN] [HomeController -> Index] Auth cookie invalid or user no longer exists. Redirecting to login.
2025-11-07 19:10:41.104 +01:00 [INF] AuthenticationScheme: Identity.Application signed out.
2025-11-07 19:10:41.105 +01:00 [INF] AuthenticationScheme: Identity.External signed out.
2025-11-07 19:10:41.106 +01:00 [INF] AuthenticationScheme: Identity.TwoFactorUserId signed out.
2025-11-07 19:10:41.106 +01:00 [INF] Executing LocalRedirectResult, redirecting to /Identity/Account/Login.
2025-11-07 19:10:41.108 +01:00 [INF] Executed action Jam.Controllers.HomeController.Index (Jam) in 17.9515ms
2025-11-07 19:10:41.109 +01:00 [INF] Executed endpoint 'Jam.Controllers.HomeController.Index (Jam)'
2025-11-07 19:10:41.113 +01:00 [INF] Request finished HTTP/2 GET https://localhost:7025/ - 302 0 null 63.8651ms
2025-11-07 19:10:41.173 +01:00 [INF] Request starting HTTP/2 GET https://localhost:7025/Identity/Account/Login - null null
2025-11-07 19:10:41.175 +01:00 [INF] Executing endpoint '/Account/Login'
2025-11-07 19:10:41.189 +01:00 [INF] Route matched with {page = "/Account/Login", area = "Identity", action = "", controller = ""}. Executing page /Account/Login
2025-11-07 19:10:41.198 +01:00 [INF] Executing handler method Jam.Areas.Identity.Pages.Account.LoginModel.OnGetAsync - ModelState is "Valid"
2025-11-07 19:10:41.199 +01:00 [INF] AuthenticationScheme: Identity.External signed out.
2025-11-07 19:10:41.200 +01:00 [INF] Executed handler method OnGetAsync, returned result .
2025-11-07 19:10:41.201 +01:00 [INF] Executing an implicit handler method - ModelState is "Valid"
2025-11-07 19:10:41.201 +01:00 [INF] Executed an implicit handler method, returned result Microsoft.AspNetCore.Mvc.RazorPages.PageResult.
2025-11-07 19:10:41.260 +01:00 [INF] Executed page /Account/Login in 70.9368ms
2025-11-07 19:10:41.286 +01:00 [INF] Request starting HTTP/2 GET https://localhost:7025/lib/jquery-validation/dist/jquery.validate.min.js - null null
2025-11-07 19:10:41.286 +01:00 [INF] Request starting HTTP/2 GET https://localhost:7025/lib/jquery-validation-unobtrusive/jquery.validate.unobtrusive.min.js - null null
2025-11-07 19:10:41.288 +01:00 [INF] Executed endpoint '/Account/Login'
2025-11-07 19:10:41.345 +01:00 [INF] Request finished HTTP/2 GET https://localhost:7025/lib/jquery-validation/dist/jquery.validate.min.js - 404 0 null 58.457ms
2025-11-07 19:10:41.345 +01:00 [INF] Request finished HTTP/2 GET https://localhost:7025/lib/jquery-validation-unobtrusive/jquery.validate.unobtrusive.min.js - 404 0 null 58.1583ms
2025-11-07 19:10:41.346 +01:00 [INF] Request reached the end of the middleware pipeline without being handled by application code. Request path: GET https://localhost:7025/lib/jquery-validation/dist/jquery.validate.min.js, Response status code: 404
2025-11-07 19:10:41.346 +01:00 [INF] Request reached the end of the middleware pipeline without being handled by application code. Request path: GET https://localhost:7025/lib/jquery-validation-unobtrusive/jquery.validate.unobtrusive.min.js, Response status code: 404
2025-11-07 19:10:41.347 +01:00 [INF] Request finished HTTP/2 GET https://localhost:7025/Identity/Account/Login - 200 null text/html; charset=utf-8 174.0056ms
2025-11-07 19:10:42.597 +01:00 [INF] Request starting HTTP/2 POST https://localhost:7025/Identity/Account/Login - application/x-www-form-urlencoded 236
2025-11-07 19:10:42.651 +01:00 [INF] Executing endpoint '/Account/Login'
2025-11-07 19:10:42.652 +01:00 [INF] Route matched with {page = "/Account/Login", area = "Identity", action = "", controller = ""}. Executing page /Account/Login
2025-11-07 19:10:42.670 +01:00 [INF] Executing handler method Jam.Areas.Identity.Pages.Account.LoginModel.OnPostAsync - ModelState is "Valid"
2025-11-07 19:10:42.801 +01:00 [INF] AuthenticationScheme: Identity.Application signed in.
2025-11-07 19:10:42.802 +01:00 [INF] User logged in.
2025-11-07 19:10:42.802 +01:00 [INF] Executed handler method OnPostAsync, returned result Microsoft.AspNetCore.Mvc.LocalRedirectResult.
2025-11-07 19:10:42.802 +01:00 [INF] Executing LocalRedirectResult, redirecting to /.
2025-11-07 19:10:42.802 +01:00 [INF] Executed page /Account/Login in 150.4445ms
2025-11-07 19:10:42.803 +01:00 [INF] Executed endpoint '/Account/Login'
2025-11-07 19:10:42.803 +01:00 [INF] Request finished HTTP/2 POST https://localhost:7025/Identity/Account/Login - 302 0 null 206.1975ms
2025-11-07 19:10:42.833 +01:00 [INF] Request starting HTTP/2 GET https://localhost:7025/ - null null
2025-11-07 19:10:42.834 +01:00 [INF] Executing endpoint 'Jam.Controllers.HomeController.Index (Jam)'
2025-11-07 19:10:42.834 +01:00 [INF] Route matched with {action = "Index", controller = "Home", page = "", area = ""}. Executing controller action with signature System.Threading.Tasks.Task`1[Microsoft.AspNetCore.Mvc.IActionResult] Index() on controller Jam.Controllers.HomeController (Jam).
2025-11-07 19:10:42.880 +01:00 [INF] Executing ViewResult, running view Index.
2025-11-07 19:10:42.894 +01:00 [INF] Executed ViewResult - view Index executed in 15.4047ms.
2025-11-07 19:10:42.895 +01:00 [INF] Executed action Jam.Controllers.HomeController.Index (Jam) in 60.1703ms
2025-11-07 19:10:42.895 +01:00 [INF] Executed endpoint 'Jam.Controllers.HomeController.Index (Jam)'
2025-11-07 19:10:42.895 +01:00 [INF] Request finished HTTP/2 GET https://localhost:7025/ - 200 null text/html; charset=utf-8 62.7704ms
2025-11-07 19:10:43.964 +01:00 [INF] Request starting HTTP/2 GET https://localhost:7025/StoryEditing/EditStory?storyId=1 - null null
2025-11-07 19:10:43.968 +01:00 [INF] Executing endpoint 'Jam.Controllers.StoryEditingController.EditStory (Jam)'
2025-11-07 19:10:43.971 +01:00 [INF] Route matched with {action = "EditStory", controller = "StoryEditing", page = "", area = ""}. Executing controller action with signature System.Threading.Tasks.Task`1[Microsoft.AspNetCore.Mvc.IActionResult] EditStory(Int32) on controller Jam.Controllers.StoryEditingController (Jam).
2025-11-07 19:10:43.983 +01:00 [INF] Executing ViewResult, running view EditStory.
2025-11-07 19:10:44.013 +01:00 [INF] Executed ViewResult - view EditStory executed in 30.7346ms.
2025-11-07 19:10:44.083 +01:00 [INF] Executed action Jam.Controllers.StoryEditingController.EditStory (Jam) in 111.8329ms
2025-11-07 19:10:44.083 +01:00 [INF] Executed endpoint 'Jam.Controllers.StoryEditingController.EditStory (Jam)'
2025-11-07 19:10:44.083 +01:00 [INF] Request finished HTTP/2 GET https://localhost:7025/StoryEditing/EditStory?storyId=1 - 200 null text/html; charset=utf-8 119.4508ms
2025-11-07 19:10:44.732 +01:00 [INF] Request starting HTTP/2 GET https://localhost:7025/StoryEditing/EditQuestionScenes?storyId=1 - null null
2025-11-07 19:10:44.735 +01:00 [INF] Executing endpoint 'Jam.Controllers.StoryEditingController.EditQuestionScenes (Jam)'
2025-11-07 19:10:44.740 +01:00 [INF] Route matched with {action = "EditQuestionScenes", controller = "StoryEditing", page = "", area = ""}. Executing controller action with signature System.Threading.Tasks.Task`1[Microsoft.AspNetCore.Mvc.IActionResult] EditQuestionScenes(Int32) on controller Jam.Controllers.StoryEditingController (Jam).
2025-11-07 19:10:44.830 +01:00 [INF] Executing ViewResult, running view EditQuestionScenes.
2025-11-07 19:10:44.887 +01:00 [INF] Executed ViewResult - view EditQuestionScenes executed in 57.4425ms.
2025-11-07 19:10:44.887 +01:00 [INF] Executed action Jam.Controllers.StoryEditingController.EditQuestionScenes (Jam) in 147.2363ms
2025-11-07 19:10:44.887 +01:00 [INF] Executed endpoint 'Jam.Controllers.StoryEditingController.EditQuestionScenes (Jam)'
2025-11-07 19:10:44.887 +01:00 [INF] Request finished HTTP/2 GET https://localhost:7025/StoryEditing/EditQuestionScenes?storyId=1 - 200 null text/html; charset=utf-8 155.8246ms
2025-11-07 19:10:47.177 +01:00 [INF] Request starting HTTP/2 POST https://localhost:7025/StoryEditing/DeleteQuestion - application/x-www-form-urlencoded 253
2025-11-07 19:10:47.202 +01:00 [INF] Executing endpoint 'Jam.Controllers.StoryEditingController.DeleteQuestion (Jam)'
2025-11-07 19:10:47.210 +01:00 [INF] Route matched with {action = "DeleteQuestion", controller = "StoryEditing", page = "", area = ""}. Executing controller action with signature System.Threading.Tasks.Task`1[System.Boolean] DeleteQuestion(Int32, System.Nullable`1[System.Int32]) on controller Jam.Controllers.StoryEditingController (Jam).
2025-11-07 19:10:47.250 +01:00 [INF] [SceneRepository] Deleted QuestionScene 3
2025-11-07 19:10:47.259 +01:00 [INF] Executing ObjectResult, writing value of type 'System.Boolean'.
2025-11-07 19:10:47.266 +01:00 [INF] Executed action Jam.Controllers.StoryEditingController.DeleteQuestion (Jam) in 55.9225ms
2025-11-07 19:10:47.266 +01:00 [INF] Executed endpoint 'Jam.Controllers.StoryEditingController.DeleteQuestion (Jam)'
2025-11-07 19:10:47.266 +01:00 [INF] Request finished HTTP/2 POST https://localhost:7025/StoryEditing/DeleteQuestion - 200 null application/json; charset=utf-8 88.983ms
