2025-11-06 20:16:41.355 +01:00 [INF] User profile is available. Using '/Users/jaraazad/.aspnet/DataProtection-Keys' as key repository; keys will not be encrypted at rest.
2025-11-06 20:16:41.898 +01:00 [INF] Applying migration '20251024065541_InitialCreate'.
2025-11-06 20:16:41.942 +01:00 [INF] Applying migration '20251101105657_AddIdentitySupport'.
2025-11-06 20:16:41.982 +01:00 [INF] Applying migration '20251103080324_UpdateNextQuestionSceneDeleteBehavior'.
2025-11-06 20:16:42.929 +01:00 [INF] Now listening on: https://localhost:7025
2025-11-06 20:16:42.930 +01:00 [INF] Now listening on: http://localhost:5262
2025-11-06 20:16:42.934 +01:00 [INF] Application started. Press Ctrl+C to shut down.
2025-11-06 20:16:42.935 +01:00 [INF] Hosting environment: Development
2025-11-06 20:16:42.936 +01:00 [INF] Content root path: /Users/jaraazad/Desktop/Jam
2025-11-06 20:16:43.376 +01:00 [INF] Request starting HTTP/2 GET https://localhost:7025/ - null null
2025-11-06 20:16:43.423 +01:00 [INF] Executing endpoint 'Jam.Controllers.HomeController.Index (Jam)'
2025-11-06 20:16:43.433 +01:00 [INF] Route matched with {action = "Index", controller = "Home", page = "", area = ""}. Executing controller action with signature System.Threading.Tasks.Task`1[Microsoft.AspNetCore.Mvc.IActionResult] Index() on controller Jam.Controllers.HomeController (Jam).
2025-11-06 20:16:43.463 +01:00 [WRN] [HomeController -> Index] Auth cookie invalid or user no longer exists. Redirecting to login.
2025-11-06 20:16:43.498 +01:00 [INF] AuthenticationScheme: Identity.Application signed out.
2025-11-06 20:16:43.596 +01:00 [INF] AuthenticationScheme: Identity.External signed out.
2025-11-06 20:16:43.600 +01:00 [INF] AuthenticationScheme: Identity.TwoFactorUserId signed out.
2025-11-06 20:16:43.610 +01:00 [INF] Executing LocalRedirectResult, redirecting to /Identity/Account/Login.
2025-11-06 20:16:43.620 +01:00 [INF] Executed action Jam.Controllers.HomeController.Index (Jam) in 179.35ms
2025-11-06 20:16:43.621 +01:00 [INF] Executed endpoint 'Jam.Controllers.HomeController.Index (Jam)'
2025-11-06 20:16:43.643 +01:00 [INF] Request finished HTTP/2 GET https://localhost:7025/ - 302 0 null 264.5851ms
2025-11-06 20:16:43.688 +01:00 [INF] Request starting HTTP/2 GET https://localhost:7025/Identity/Account/Login - null null
2025-11-06 20:16:43.709 +01:00 [INF] Executing endpoint '/Account/Login'
2025-11-06 20:16:43.801 +01:00 [INF] Route matched with {page = "/Account/Login", area = "Identity", action = "", controller = ""}. Executing page /Account/Login
2025-11-06 20:16:43.839 +01:00 [INF] Executing handler method Jam.Areas.Identity.Pages.Account.LoginModel.OnGetAsync - ModelState is "Valid"
2025-11-06 20:16:43.844 +01:00 [INF] AuthenticationScheme: Identity.External signed out.
2025-11-06 20:16:43.845 +01:00 [INF] Executed handler method OnGetAsync, returned result .
2025-11-06 20:16:43.846 +01:00 [INF] Executing an implicit handler method - ModelState is "Valid"
2025-11-06 20:16:43.846 +01:00 [INF] Executed an implicit handler method, returned result Microsoft.AspNetCore.Mvc.RazorPages.PageResult.
2025-11-06 20:16:43.930 +01:00 [INF] Executed page /Account/Login in 128.7797ms
2025-11-06 20:16:43.956 +01:00 [INF] Executed endpoint '/Account/Login'
2025-11-06 20:16:43.995 +01:00 [INF] Request starting HTTP/2 GET https://localhost:7025/lib/jquery-validation/dist/jquery.validate.min.js - null null
2025-11-06 20:16:43.997 +01:00 [INF] Request starting HTTP/2 GET https://localhost:7025/lib/jquery-validation-unobtrusive/jquery.validate.unobtrusive.min.js - null null
2025-11-06 20:16:44.000 +01:00 [INF] Request finished HTTP/2 GET https://localhost:7025/Identity/Account/Login - 200 null text/html; charset=utf-8 311.8413ms
2025-11-06 20:16:44.002 +01:00 [INF] Request finished HTTP/2 GET https://localhost:7025/lib/jquery-validation-unobtrusive/jquery.validate.unobtrusive.min.js - 404 0 null 4.7527ms
2025-11-06 20:16:44.002 +01:00 [INF] Request finished HTTP/2 GET https://localhost:7025/lib/jquery-validation/dist/jquery.validate.min.js - 404 0 null 6.631ms
2025-11-06 20:16:44.003 +01:00 [INF] Request reached the end of the middleware pipeline without being handled by application code. Request path: GET https://localhost:7025/lib/jquery-validation-unobtrusive/jquery.validate.unobtrusive.min.js, Response status code: 404
2025-11-06 20:16:44.004 +01:00 [INF] Request reached the end of the middleware pipeline without being handled by application code. Request path: GET https://localhost:7025/lib/jquery-validation/dist/jquery.validate.min.js, Response status code: 404
2025-11-06 20:16:44.973 +01:00 [INF] Request starting HTTP/2 POST https://localhost:7025/Identity/Account/Login - application/x-www-form-urlencoded 236
2025-11-06 20:16:44.977 +01:00 [INF] Executing endpoint '/Account/Login'
2025-11-06 20:16:44.979 +01:00 [INF] Route matched with {page = "/Account/Login", area = "Identity", action = "", controller = ""}. Executing page /Account/Login
2025-11-06 20:16:44.997 +01:00 [INF] Executing handler method Jam.Areas.Identity.Pages.Account.LoginModel.OnPostAsync - ModelState is "Valid"
2025-11-06 20:16:45.120 +01:00 [INF] AuthenticationScheme: Identity.Application signed in.
2025-11-06 20:16:45.121 +01:00 [INF] User logged in.
2025-11-06 20:16:45.122 +01:00 [INF] Executed handler method OnPostAsync, returned result Microsoft.AspNetCore.Mvc.LocalRedirectResult.
2025-11-06 20:16:45.122 +01:00 [INF] Executing LocalRedirectResult, redirecting to /.
2025-11-06 20:16:45.123 +01:00 [INF] Executed page /Account/Login in 143.1831ms
2025-11-06 20:16:45.123 +01:00 [INF] Executed endpoint '/Account/Login'
2025-11-06 20:16:45.123 +01:00 [INF] Request finished HTTP/2 POST https://localhost:7025/Identity/Account/Login - 302 0 null 149.9396ms
2025-11-06 20:16:45.176 +01:00 [INF] Request starting HTTP/2 GET https://localhost:7025/ - null null
2025-11-06 20:16:45.178 +01:00 [INF] Executing endpoint 'Jam.Controllers.HomeController.Index (Jam)'
2025-11-06 20:16:45.178 +01:00 [INF] Route matched with {action = "Index", controller = "Home", page = "", area = ""}. Executing controller action with signature System.Threading.Tasks.Task`1[Microsoft.AspNetCore.Mvc.IActionResult] Index() on controller Jam.Controllers.HomeController (Jam).
2025-11-06 20:16:45.232 +01:00 [INF] Executing ViewResult, running view Index.
2025-11-06 20:16:45.251 +01:00 [INF] Executed ViewResult - view Index executed in 20.45ms.
2025-11-06 20:16:45.298 +01:00 [INF] Executed action Jam.Controllers.HomeController.Index (Jam) in 119.308ms
2025-11-06 20:16:45.298 +01:00 [INF] Executed endpoint 'Jam.Controllers.HomeController.Index (Jam)'
2025-11-06 20:16:45.298 +01:00 [INF] Request finished HTTP/2 GET https://localhost:7025/ - 200 null text/html; charset=utf-8 147.195ms
2025-11-06 20:16:46.170 +01:00 [INF] Request starting HTTP/2 GET https://localhost:7025/StoryCreation/CreateStoryAndIntro - null null
2025-11-06 20:16:46.198 +01:00 [INF] Executing endpoint 'Jam.Controllers.StoryCreationController.CreateStoryAndIntro (Jam)'
2025-11-06 20:16:46.200 +01:00 [INF] Route matched with {action = "CreateStoryAndIntro", controller = "StoryCreation", page = "", area = ""}. Executing controller action with signature Microsoft.AspNetCore.Mvc.IActionResult CreateStoryAndIntro() on controller Jam.Controllers.StoryCreationController (Jam).
2025-11-06 20:16:46.201 +01:00 [INF] Accessing expired session, Key:2d0cc344-df3d-072e-4af7-3508e4f5cd8c
2025-11-06 20:16:46.206 +01:00 [INF] Executing ViewResult, running view CreateStoryAndIntro.
2025-11-06 20:16:46.226 +01:00 [INF] Executed ViewResult - view CreateStoryAndIntro executed in 21.3862ms.
2025-11-06 20:16:46.252 +01:00 [INF] Executed action Jam.Controllers.StoryCreationController.CreateStoryAndIntro (Jam) in 52.3615ms
2025-11-06 20:16:46.278 +01:00 [INF] Executed endpoint 'Jam.Controllers.StoryCreationController.CreateStoryAndIntro (Jam)'
2025-11-06 20:16:46.304 +01:00 [INF] Request finished HTTP/2 GET https://localhost:7025/StoryCreation/CreateStoryAndIntro - 200 null text/html; charset=utf-8 133.8041ms
