2025-10-31 14:14:47.857 +01:00 [INF] Applying migration '20251024065541_InitialCreate'.
2025-10-31 14:14:48.458 +01:00 [INF] User profile is available. Using '/Users/michaelnedgaardisaksen/.aspnet/DataProtection-Keys' as key repository; keys will not be encrypted at rest.
2025-10-31 14:14:49.086 +01:00 [INF] Now listening on: https://localhost:7025
2025-10-31 14:14:49.090 +01:00 [INF] Now listening on: http://localhost:5262
2025-10-31 14:14:49.109 +01:00 [INF] Application started. Press Ctrl+C to shut down.
2025-10-31 14:14:49.111 +01:00 [INF] Hosting environment: Development
2025-10-31 14:14:49.111 +01:00 [INF] Content root path: /Users/michaelnedgaardisaksen/Documents/ITPE3100_Webapplikasjoner/Demo-Jam/Jam
2025-10-31 14:14:50.252 +01:00 [INF] Request starting HTTP/2 GET https://localhost:7025/ - null null
2025-10-31 14:14:50.322 +01:00 [INF] Executing endpoint 'Jam.Controllers.HomeController.Index (Jam)'
2025-10-31 14:14:50.337 +01:00 [INF] Route matched with {action = "Index", controller = "Home"}. Executing controller action with signature System.Threading.Tasks.Task`1[Microsoft.AspNetCore.Mvc.IActionResult] Index() on controller Jam.Controllers.HomeController (Jam).
2025-10-31 14:14:50.501 +01:00 [INF] Executing ViewResult, running view Index.
2025-10-31 14:14:50.588 +01:00 [INF] Executed ViewResult - view Index executed in 87.5327ms.
2025-10-31 14:14:50.591 +01:00 [INF] Executed action Jam.Controllers.HomeController.Index (Jam) in 253.8645ms
2025-10-31 14:14:50.591 +01:00 [INF] Executed endpoint 'Jam.Controllers.HomeController.Index (Jam)'
2025-10-31 14:14:50.598 +01:00 [INF] Request finished HTTP/2 GET https://localhost:7025/ - 200 null text/html; charset=utf-8 385.1902ms
2025-10-31 14:15:03.384 +01:00 [INF] Request starting HTTP/2 GET https://localhost:7025/StoryPlaying/StartStory?storyId=2 - null null
2025-10-31 14:15:03.389 +01:00 [INF] Executing endpoint 'Jam.Controllers.StoryPlayingController.StartStory (Jam)'
2025-10-31 14:15:03.402 +01:00 [INF] Route matched with {action = "StartStory", controller = "StoryPlaying"}. Executing controller action with signature System.Threading.Tasks.Task`1[Microsoft.AspNetCore.Mvc.IActionResult] StartStory(Int32) on controller Jam.Controllers.StoryPlayingController (Jam).
2025-10-31 14:15:03.453 +01:00 [INF] Executing ViewResult, running view StartStory.
2025-10-31 14:15:03.472 +01:00 [INF] Executed ViewResult - view StartStory executed in 19.6072ms.
2025-10-31 14:15:03.472 +01:00 [INF] Executed action Jam.Controllers.StoryPlayingController.StartStory (Jam) in 69.6484ms
2025-10-31 14:15:03.472 +01:00 [INF] Executed endpoint 'Jam.Controllers.StoryPlayingController.StartStory (Jam)'
2025-10-31 14:15:03.472 +01:00 [INF] Request finished HTTP/2 GET https://localhost:7025/StoryPlaying/StartStory?storyId=2 - 200 null text/html; charset=utf-8 87.8752ms
2025-10-31 14:15:07.527 +01:00 [INF] Request starting HTTP/2 POST https://localhost:7025/StoryPlaying/StartStory - application/x-www-form-urlencoded 206
2025-10-31 14:15:07.532 +01:00 [INF] Executing endpoint 'Jam.Controllers.StoryPlayingController.StartStory (Jam)'
2025-10-31 14:15:07.538 +01:00 [INF] Route matched with {action = "StartStory", controller = "StoryPlaying"}. Executing controller action with signature System.Threading.Tasks.Task`1[Microsoft.AspNetCore.Mvc.IActionResult] StartStory(Jam.ViewModels.StoryPlaying.StartStoryViewModel) on controller Jam.Controllers.StoryPlayingController (Jam).
2025-10-31 14:15:07.559 +01:00 [INF] Executing ViewResult, running view StartStory.
2025-10-31 14:15:07.561 +01:00 [INF] Executed ViewResult - view StartStory executed in 2.237ms.
2025-10-31 14:15:07.562 +01:00 [INF] Executed action Jam.Controllers.StoryPlayingController.StartStory (Jam) in 23.0556ms
2025-10-31 14:15:07.562 +01:00 [INF] Executed endpoint 'Jam.Controllers.StoryPlayingController.StartStory (Jam)'
2025-10-31 14:15:07.562 +01:00 [INF] Request finished HTTP/2 POST https://localhost:7025/StoryPlaying/StartStory - 200 null text/html; charset=utf-8 34.957ms
2025-10-31 14:15:23.532 +01:00 [INF] Request starting HTTP/2 POST https://localhost:7025/StoryPlaying/StartStory - application/x-www-form-urlencoded 205
2025-10-31 14:15:23.534 +01:00 [INF] Executing endpoint 'Jam.Controllers.StoryPlayingController.StartStory (Jam)'
2025-10-31 14:15:23.535 +01:00 [INF] Route matched with {action = "StartStory", controller = "StoryPlaying"}. Executing controller action with signature System.Threading.Tasks.Task`1[Microsoft.AspNetCore.Mvc.IActionResult] StartStory(Jam.ViewModels.StoryPlaying.StartStoryViewModel) on controller Jam.Controllers.StoryPlayingController (Jam).
2025-10-31 14:15:23.631 +01:00 [INF] Executing RedirectResult, redirecting to /StoryPlaying/PlayScene?sceneId=1&SceneType=Intro&sessionId=3.
2025-10-31 14:15:23.631 +01:00 [INF] Executed action Jam.Controllers.StoryPlayingController.StartStory (Jam) in 95.751ms
2025-10-31 14:15:23.631 +01:00 [INF] Executed endpoint 'Jam.Controllers.StoryPlayingController.StartStory (Jam)'
2025-10-31 14:15:23.631 +01:00 [INF] Request finished HTTP/2 POST https://localhost:7025/StoryPlaying/StartStory - 302 0 null 99.5058ms
2025-10-31 14:15:23.639 +01:00 [INF] Request starting HTTP/2 GET https://localhost:7025/StoryPlaying/PlayScene?sceneId=1&SceneType=Intro&sessionId=3 - null null
2025-10-31 14:15:23.639 +01:00 [INF] Executing endpoint 'Jam.Controllers.StoryPlayingController.PlayScene (Jam)'
2025-10-31 14:15:23.641 +01:00 [INF] Route matched with {action = "PlayScene", controller = "StoryPlaying"}. Executing controller action with signature System.Threading.Tasks.Task`1[Microsoft.AspNetCore.Mvc.IActionResult] PlayScene(Int32, Jam.Models.Enums.SceneType, Int32) on controller Jam.Controllers.StoryPlayingController (Jam).
2025-10-31 14:15:23.649 +01:00 [INF] Executing ViewResult, running view PlayScene.
2025-10-31 14:15:23.652 +01:00 [INF] Executed ViewResult - view PlayScene executed in 3.1819ms.
2025-10-31 14:15:23.652 +01:00 [INF] Executed action Jam.Controllers.StoryPlayingController.PlayScene (Jam) in 10.8005ms
2025-10-31 14:15:23.652 +01:00 [INF] Executed endpoint 'Jam.Controllers.StoryPlayingController.PlayScene (Jam)'
2025-10-31 14:15:23.652 +01:00 [INF] Request finished HTTP/2 GET https://localhost:7025/StoryPlaying/PlayScene?sceneId=1&SceneType=Intro&sessionId=3 - 200 null text/html; charset=utf-8 12.9762ms
