2025-11-02 12:08:47.812 +01:00 [INF] User profile is available. Using '/Users/michaelnedgaardisaksen/.aspnet/DataProtection-Keys' as key repository; keys will not be encrypted at rest.
2025-11-02 12:08:48.455 +01:00 [INF] Applying migration '20251024065541_InitialCreate'.
2025-11-02 12:08:48.532 +01:00 [INF] Applying migration '20251101105657_AddIdentitySupport'.
2025-11-02 12:08:49.378 +01:00 [INF] Now listening on: https://localhost:7025
2025-11-02 12:08:49.379 +01:00 [INF] Now listening on: http://localhost:5262
2025-11-02 12:08:49.383 +01:00 [INF] Application started. Press Ctrl+C to shut down.
2025-11-02 12:08:49.383 +01:00 [INF] Hosting environment: Development
2025-11-02 12:08:49.384 +01:00 [INF] Content root path: /Users/michaelnedgaardisaksen/Documents/ITPE3100_Webapplikasjoner/Demo-Jam/Jam
2025-11-02 12:08:49.703 +01:00 [INF] Request starting HTTP/2 GET https://localhost:7025/ - null null
2025-11-02 12:08:49.738 +01:00 [INF] Executing endpoint 'Jam.Controllers.HomeController.Index (Jam)'
2025-11-02 12:08:49.746 +01:00 [INF] Route matched with {action = "Index", controller = "Home", page = "", area = ""}. Executing controller action with signature System.Threading.Tasks.Task`1[Microsoft.AspNetCore.Mvc.IActionResult] Index() on controller Jam.Controllers.HomeController (Jam).
2025-11-02 12:08:49.757 +01:00 [WRN] [HomeController -> Index] User not logged in, redirecting to Login page.
2025-11-02 12:08:49.757 +01:00 [INF] Executing LocalRedirectResult, redirecting to /Identity/Account/Login.
2025-11-02 12:08:49.759 +01:00 [INF] Executed action Jam.Controllers.HomeController.Index (Jam) in 12.1125ms
2025-11-02 12:08:49.760 +01:00 [INF] Executed endpoint 'Jam.Controllers.HomeController.Index (Jam)'
2025-11-02 12:08:49.763 +01:00 [INF] Request finished HTTP/2 GET https://localhost:7025/ - 302 0 null 60.8718ms
2025-11-02 12:08:49.794 +01:00 [INF] Request starting HTTP/2 GET https://localhost:7025/Identity/Account/Login - null null
2025-11-02 12:08:49.796 +01:00 [INF] Executing endpoint '/Account/Login'
2025-11-02 12:08:49.805 +01:00 [INF] Route matched with {page = "/Account/Login", area = "Identity", action = "", controller = ""}. Executing page /Account/Login
2025-11-02 12:08:49.811 +01:00 [INF] Executing handler method Jam.Areas.Identity.Pages.Account.LoginModel.OnGetAsync - ModelState is "Valid"
2025-11-02 12:08:49.815 +01:00 [INF] AuthenticationScheme: Identity.External signed out.
2025-11-02 12:08:49.815 +01:00 [INF] Executed handler method OnGetAsync, returned result .
2025-11-02 12:08:49.817 +01:00 [INF] Executing an implicit handler method - ModelState is "Valid"
2025-11-02 12:08:49.817 +01:00 [INF] Executed an implicit handler method, returned result Microsoft.AspNetCore.Mvc.RazorPages.PageResult.
2025-11-02 12:08:49.863 +01:00 [INF] Executed page /Account/Login in 58.0097ms
2025-11-02 12:08:49.863 +01:00 [INF] Executed endpoint '/Account/Login'
2025-11-02 12:08:49.865 +01:00 [INF] Request finished HTTP/2 GET https://localhost:7025/Identity/Account/Login - 200 null text/html; charset=utf-8 71.3456ms
2025-11-02 12:08:49.927 +01:00 [INF] Request starting HTTP/2 GET https://localhost:7025/lib/jquery-validation/dist/jquery.validate.min.js - null null
2025-11-02 12:08:49.927 +01:00 [INF] Request starting HTTP/2 GET https://localhost:7025/lib/jquery-validation-unobtrusive/jquery.validate.unobtrusive.min.js - null null
2025-11-02 12:08:50.001 +01:00 [INF] Request starting HTTP/2 GET https://localhost:7025/js/jquery.validate.unobtrusive.js - null null
2025-11-02 12:08:50.002 +01:00 [INF] Request starting HTTP/2 GET https://localhost:7025/js/jquery.validate.js - null null
2025-11-02 12:08:50.008 +01:00 [INF] The file /js/jquery.validate.js was not modified
2025-11-02 12:08:50.008 +01:00 [INF] The file /js/jquery.validate.unobtrusive.js was not modified
2025-11-02 12:08:50.008 +01:00 [INF] Request finished HTTP/2 GET https://localhost:7025/js/jquery.validate.unobtrusive.js - 304 null text/javascript 6.939ms
2025-11-02 12:08:50.008 +01:00 [INF] Request finished HTTP/2 GET https://localhost:7025/js/jquery.validate.js - 304 null text/javascript 6.6938ms
2025-11-02 12:08:50.015 +01:00 [INF] Request finished HTTP/2 GET https://localhost:7025/lib/jquery-validation/dist/jquery.validate.min.js - 404 0 null 107.7533ms
2025-11-02 12:08:50.015 +01:00 [INF] Request finished HTTP/2 GET https://localhost:7025/lib/jquery-validation-unobtrusive/jquery.validate.unobtrusive.min.js - 404 0 null 107.734ms
2025-11-02 12:08:50.015 +01:00 [INF] Request reached the end of the middleware pipeline without being handled by application code. Request path: GET https://localhost:7025/lib/jquery-validation-unobtrusive/jquery.validate.unobtrusive.min.js, Response status code: 404
2025-11-02 12:08:50.015 +01:00 [INF] Request reached the end of the middleware pipeline without being handled by application code. Request path: GET https://localhost:7025/lib/jquery-validation/dist/jquery.validate.min.js, Response status code: 404
2025-11-02 12:08:59.326 +01:00 [INF] Request starting HTTP/2 POST https://localhost:7025/Identity/Account/Login - application/x-www-form-urlencoded 310
2025-11-02 12:08:59.334 +01:00 [INF] Executing endpoint '/Account/Login'
2025-11-02 12:08:59.335 +01:00 [INF] Route matched with {page = "/Account/Login", area = "Identity", action = "", controller = ""}. Executing page /Account/Login
2025-11-02 12:08:59.353 +01:00 [INF] Executing handler method Jam.Areas.Identity.Pages.Account.LoginModel.OnPostAsync - ModelState is "Valid"
2025-11-02 12:08:59.463 +01:00 [INF] AuthenticationScheme: Identity.Application signed in.
2025-11-02 12:08:59.465 +01:00 [INF] User logged in.
2025-11-02 12:08:59.465 +01:00 [INF] Executed handler method OnPostAsync, returned result Microsoft.AspNetCore.Mvc.LocalRedirectResult.
2025-11-02 12:08:59.466 +01:00 [INF] Executing LocalRedirectResult, redirecting to /.
2025-11-02 12:08:59.466 +01:00 [INF] Executed page /Account/Login in 130.76ms
2025-11-02 12:08:59.466 +01:00 [INF] Executed endpoint '/Account/Login'
2025-11-02 12:08:59.467 +01:00 [INF] Request finished HTTP/2 POST https://localhost:7025/Identity/Account/Login - 302 0 null 167.6111ms
2025-11-02 12:08:59.481 +01:00 [INF] Request starting HTTP/2 GET https://localhost:7025/ - null null
2025-11-02 12:08:59.482 +01:00 [INF] Executing endpoint 'Jam.Controllers.HomeController.Index (Jam)'
2025-11-02 12:08:59.482 +01:00 [INF] Route matched with {action = "Index", controller = "Home", page = "", area = ""}. Executing controller action with signature System.Threading.Tasks.Task`1[Microsoft.AspNetCore.Mvc.IActionResult] Index() on controller Jam.Controllers.HomeController (Jam).
2025-11-02 12:08:59.508 +01:00 [INF] Executing ViewResult, running view Index.
2025-11-02 12:08:59.541 +01:00 [INF] Executed ViewResult - view Index executed in 33.6966ms.
2025-11-02 12:08:59.541 +01:00 [INF] Executed action Jam.Controllers.HomeController.Index (Jam) in 59.0428ms
2025-11-02 12:08:59.541 +01:00 [INF] Executed endpoint 'Jam.Controllers.HomeController.Index (Jam)'
2025-11-02 12:08:59.541 +01:00 [INF] Request finished HTTP/2 GET https://localhost:7025/ - 200 null text/html; charset=utf-8 60.5085ms
2025-11-02 12:09:00.764 +01:00 [INF] Request starting HTTP/2 GET https://localhost:7025/StoryPlaying/StartStory?storyId=1 - null null
2025-11-02 12:09:00.796 +01:00 [INF] Executing endpoint 'Jam.Controllers.StoryPlayingController.StartStory (Jam)'
2025-11-02 12:09:00.802 +01:00 [INF] Route matched with {action = "StartStory", controller = "StoryPlaying", page = "", area = ""}. Executing controller action with signature System.Threading.Tasks.Task`1[Microsoft.AspNetCore.Mvc.IActionResult] StartStory(Int32) on controller Jam.Controllers.StoryPlayingController (Jam).
2025-11-02 12:09:00.862 +01:00 [INF] Executing RedirectResult, redirecting to /StoryPlaying/PlayScene?sceneId=3&SceneType=Intro&sessionId=3.
2025-11-02 12:09:00.862 +01:00 [INF] Executed action Jam.Controllers.StoryPlayingController.StartStory (Jam) in 60.13ms
2025-11-02 12:09:00.862 +01:00 [INF] Executed endpoint 'Jam.Controllers.StoryPlayingController.StartStory (Jam)'
2025-11-02 12:09:00.862 +01:00 [INF] Request finished HTTP/2 GET https://localhost:7025/StoryPlaying/StartStory?storyId=1 - 302 0 null 98.9525ms
2025-11-02 12:09:00.892 +01:00 [INF] Request starting HTTP/2 GET https://localhost:7025/StoryPlaying/PlayScene?sceneId=3&SceneType=Intro&sessionId=3 - null null
2025-11-02 12:09:00.900 +01:00 [INF] Executing endpoint 'Jam.Controllers.StoryPlayingController.PlayScene (Jam)'
2025-11-02 12:09:00.910 +01:00 [INF] Route matched with {action = "PlayScene", controller = "StoryPlaying", page = "", area = ""}. Executing controller action with signature System.Threading.Tasks.Task`1[Microsoft.AspNetCore.Mvc.IActionResult] PlayScene(Int32, Jam.Models.Enums.SceneType, Int32) on controller Jam.Controllers.StoryPlayingController (Jam).
2025-11-02 12:09:01.022 +01:00 [INF] Executing ViewResult, running view PlayScene.
2025-11-02 12:09:01.304 +01:00 [INF] Executed ViewResult - view PlayScene executed in 295.0378ms.
2025-11-02 12:09:01.305 +01:00 [INF] Executed action Jam.Controllers.StoryPlayingController.PlayScene (Jam) in 394.7952ms
2025-11-02 12:09:01.305 +01:00 [INF] Executed endpoint 'Jam.Controllers.StoryPlayingController.PlayScene (Jam)'
2025-11-02 12:09:01.305 +01:00 [INF] Request finished HTTP/2 GET https://localhost:7025/StoryPlaying/PlayScene?sceneId=3&SceneType=Intro&sessionId=3 - 200 null text/html; charset=utf-8 413.0609ms
2025-11-02 12:09:01.381 +01:00 [INF] Request starting HTTP/2 GET https://localhost:7025/lib/jquery-validation/dist/jquery.validate.min.js - null null
2025-11-02 12:09:01.402 +01:00 [INF] Request starting HTTP/2 GET https://localhost:7025/lib/jquery-validation-unobtrusive/jquery.validate.unobtrusive.min.js - null null
2025-11-02 12:09:01.404 +01:00 [INF] Request finished HTTP/2 GET https://localhost:7025/lib/jquery-validation/dist/jquery.validate.min.js - 404 0 null 73.3248ms
2025-11-02 12:09:01.404 +01:00 [INF] Request finished HTTP/2 GET https://localhost:7025/lib/jquery-validation-unobtrusive/jquery.validate.unobtrusive.min.js - 404 0 null 23.0404ms
2025-11-02 12:09:01.404 +01:00 [INF] Request reached the end of the middleware pipeline without being handled by application code. Request path: GET https://localhost:7025/lib/jquery-validation-unobtrusive/jquery.validate.unobtrusive.min.js, Response status code: 404
2025-11-02 12:09:01.404 +01:00 [INF] Request reached the end of the middleware pipeline without being handled by application code. Request path: GET https://localhost:7025/lib/jquery-validation/dist/jquery.validate.min.js, Response status code: 404
2025-11-02 12:09:02.477 +01:00 [INF] Request starting HTTP/2 POST https://localhost:7025/StoryPlaying/PlayScene - application/x-www-form-urlencoded 540
2025-11-02 12:09:02.479 +01:00 [INF] Executing endpoint 'Jam.Controllers.StoryPlayingController.PlayScene (Jam)'
2025-11-02 12:09:02.501 +01:00 [INF] Route matched with {action = "PlayScene", controller = "StoryPlaying", page = "", area = ""}. Executing controller action with signature System.Threading.Tasks.Task`1[Microsoft.AspNetCore.Mvc.IActionResult] PlayScene(Jam.ViewModels.StoryPlaying.PlaySceneViewModel) on controller Jam.Controllers.StoryPlayingController (Jam).
2025-11-02 12:09:02.511 +01:00 [WRN] [StoryPlayingController -> PlayScene:POST] Model state invalid
2025-11-02 12:09:02.511 +01:00 [INF] Executing ViewResult, running view PlayScene.
2025-11-02 12:09:02.631 +01:00 [INF] Executed ViewResult - view PlayScene executed in 73.4568ms.
2025-11-02 12:09:02.656 +01:00 [INF] Executed action Jam.Controllers.StoryPlayingController.PlayScene (Jam) in 154.9114ms
2025-11-02 12:09:02.657 +01:00 [INF] Request starting HTTP/2 GET https://localhost:7025/lib/jquery-validation/dist/jquery.validate.min.js - null null
2025-11-02 12:09:02.657 +01:00 [INF] Executed endpoint 'Jam.Controllers.StoryPlayingController.PlayScene (Jam)'
2025-11-02 12:09:02.657 +01:00 [INF] Request starting HTTP/2 GET https://localhost:7025/lib/jquery-validation-unobtrusive/jquery.validate.unobtrusive.min.js - null null
2025-11-02 12:09:02.657 +01:00 [INF] Request finished HTTP/2 POST https://localhost:7025/StoryPlaying/PlayScene - 200 null text/html; charset=utf-8 179.9191ms
2025-11-02 12:09:02.658 +01:00 [INF] Request finished HTTP/2 GET https://localhost:7025/lib/jquery-validation/dist/jquery.validate.min.js - 404 0 null 1.1782ms
2025-11-02 12:09:02.658 +01:00 [INF] Request finished HTTP/2 GET https://localhost:7025/lib/jquery-validation-unobtrusive/jquery.validate.unobtrusive.min.js - 404 0 null 0.9503ms
2025-11-02 12:09:02.658 +01:00 [INF] Request reached the end of the middleware pipeline without being handled by application code. Request path: GET https://localhost:7025/lib/jquery-validation/dist/jquery.validate.min.js, Response status code: 404
2025-11-02 12:09:02.658 +01:00 [INF] Request reached the end of the middleware pipeline without being handled by application code. Request path: GET https://localhost:7025/lib/jquery-validation-unobtrusive/jquery.validate.unobtrusive.min.js, Response status code: 404
2025-11-02 12:09:08.397 +01:00 [INF] Request starting HTTP/2 POST https://localhost:7025/StoryPlaying/PlayScene - application/x-www-form-urlencoded 540
2025-11-02 12:09:08.424 +01:00 [INF] Executing endpoint 'Jam.Controllers.StoryPlayingController.PlayScene (Jam)'
2025-11-02 12:09:08.424 +01:00 [INF] Route matched with {action = "PlayScene", controller = "StoryPlaying", page = "", area = ""}. Executing controller action with signature System.Threading.Tasks.Task`1[Microsoft.AspNetCore.Mvc.IActionResult] PlayScene(Jam.ViewModels.StoryPlaying.PlaySceneViewModel) on controller Jam.Controllers.StoryPlayingController (Jam).
2025-11-02 12:09:08.426 +01:00 [WRN] [StoryPlayingController -> PlayScene:POST] Model state invalid
2025-11-02 12:09:08.426 +01:00 [INF] Executing ViewResult, running view PlayScene.
2025-11-02 12:09:08.430 +01:00 [INF] Executed ViewResult - view PlayScene executed in 3.3434ms.
2025-11-02 12:09:08.552 +01:00 [INF] Request starting HTTP/2 GET https://localhost:7025/lib/jquery-validation/dist/jquery.validate.min.js - null null
2025-11-02 12:09:08.552 +01:00 [INF] Request starting HTTP/2 GET https://localhost:7025/lib/jquery-validation-unobtrusive/jquery.validate.unobtrusive.min.js - null null
2025-11-02 12:09:08.552 +01:00 [INF] Executed action Jam.Controllers.StoryPlayingController.PlayScene (Jam) in 128.2157ms
2025-11-02 12:09:08.553 +01:00 [INF] Executed endpoint 'Jam.Controllers.StoryPlayingController.PlayScene (Jam)'
2025-11-02 12:09:08.554 +01:00 [INF] Request finished HTTP/2 POST https://localhost:7025/StoryPlaying/PlayScene - 200 null text/html; charset=utf-8 181.7242ms
2025-11-02 12:09:08.554 +01:00 [INF] Request finished HTTP/2 GET https://localhost:7025/lib/jquery-validation-unobtrusive/jquery.validate.unobtrusive.min.js - 404 0 null 2.092ms
2025-11-02 12:09:08.554 +01:00 [INF] Request finished HTTP/2 GET https://localhost:7025/lib/jquery-validation/dist/jquery.validate.min.js - 404 0 null 2.118ms
2025-11-02 12:09:08.554 +01:00 [INF] Request reached the end of the middleware pipeline without being handled by application code. Request path: GET https://localhost:7025/lib/jquery-validation-unobtrusive/jquery.validate.unobtrusive.min.js, Response status code: 404
2025-11-02 12:09:08.554 +01:00 [INF] Request reached the end of the middleware pipeline without being handled by application code. Request path: GET https://localhost:7025/lib/jquery-validation/dist/jquery.validate.min.js, Response status code: 404
