2025-11-09 16:32:22.508 +01:00 [INF] User profile is available. Using '/Users/jaraazad/.aspnet/DataProtection-Keys' as key repository; keys will not be encrypted at rest.
2025-11-09 16:32:23.201 +01:00 [INF] Applying migration '20251024065541_InitialCreate'.
2025-11-09 16:32:23.240 +01:00 [INF] Applying migration '20251101105657_AddIdentitySupport'.
2025-11-09 16:32:23.280 +01:00 [INF] Applying migration '20251103080324_UpdateNextQuestionSceneDeleteBehavior'.
2025-11-09 16:32:24.428 +01:00 [INF] Now listening on: https://localhost:7025
2025-11-09 16:32:24.428 +01:00 [INF] Now listening on: http://localhost:5262
2025-11-09 16:32:24.433 +01:00 [INF] Application started. Press Ctrl+C to shut down.
2025-11-09 16:32:24.434 +01:00 [INF] Hosting environment: Development
2025-11-09 16:32:24.435 +01:00 [INF] Content root path: /Users/jaraazad/Desktop/Jam
2025-11-09 16:32:24.658 +01:00 [INF] Request starting HTTP/2 GET https://localhost:7025/ - null null
2025-11-09 16:32:24.685 +01:00 [INF] Executing endpoint 'Jam.Controllers.HomeController.Index (Jam)'
2025-11-09 16:32:24.693 +01:00 [INF] Route matched with {action = "Index", controller = "Home", page = "", area = ""}. Executing controller action with signature System.Threading.Tasks.Task`1[Microsoft.AspNetCore.Mvc.IActionResult] Index() on controller Jam.Controllers.HomeController (Jam).
2025-11-09 16:32:24.709 +01:00 [WRN] [HomeController -> Index] Auth cookie invalid or user no longer exists. Redirecting to login.
2025-11-09 16:32:24.712 +01:00 [INF] AuthenticationScheme: Identity.Application signed out.
2025-11-09 16:32:24.712 +01:00 [INF] AuthenticationScheme: Identity.External signed out.
2025-11-09 16:32:24.713 +01:00 [INF] AuthenticationScheme: Identity.TwoFactorUserId signed out.
2025-11-09 16:32:24.714 +01:00 [INF] Executing LocalRedirectResult, redirecting to /Identity/Account/Login.
2025-11-09 16:32:24.716 +01:00 [INF] Executed action Jam.Controllers.HomeController.Index (Jam) in 20.9685ms
2025-11-09 16:32:24.716 +01:00 [INF] Executed endpoint 'Jam.Controllers.HomeController.Index (Jam)'
2025-11-09 16:32:24.719 +01:00 [INF] Request finished HTTP/2 GET https://localhost:7025/ - 302 0 null 62.496ms
2025-11-09 16:32:24.729 +01:00 [INF] Request starting HTTP/2 GET https://localhost:7025/Identity/Account/Login - null null
2025-11-09 16:32:24.757 +01:00 [INF] Executing endpoint '/Account/Login'
2025-11-09 16:32:24.769 +01:00 [INF] Route matched with {page = "/Account/Login", area = "Identity", action = "", controller = ""}. Executing page /Account/Login
2025-11-09 16:32:24.777 +01:00 [INF] Executing handler method Jam.Areas.Identity.Pages.Account.LoginModel.OnGetAsync - ModelState is "Valid"
2025-11-09 16:32:24.778 +01:00 [INF] AuthenticationScheme: Identity.External signed out.
2025-11-09 16:32:24.778 +01:00 [INF] Executed handler method OnGetAsync, returned result .
2025-11-09 16:32:24.780 +01:00 [INF] Executing an implicit handler method - ModelState is "Valid"
2025-11-09 16:32:24.780 +01:00 [INF] Executed an implicit handler method, returned result Microsoft.AspNetCore.Mvc.RazorPages.PageResult.
2025-11-09 16:32:24.832 +01:00 [INF] Executed page /Account/Login in 62.8618ms
2025-11-09 16:32:24.832 +01:00 [INF] Executed endpoint '/Account/Login'
2025-11-09 16:32:24.835 +01:00 [INF] Request finished HTTP/2 GET https://localhost:7025/Identity/Account/Login - 200 null text/html; charset=utf-8 105.9607ms
2025-11-09 16:32:24.849 +01:00 [INF] Request starting HTTP/2 GET https://localhost:7025/lib/jquery-validation/dist/jquery.validate.min.js - null null
2025-11-09 16:32:24.850 +01:00 [INF] Request starting HTTP/2 GET https://localhost:7025/lib/jquery-validation-unobtrusive/jquery.validate.unobtrusive.min.js - null null
2025-11-09 16:32:24.858 +01:00 [INF] Request finished HTTP/2 GET https://localhost:7025/lib/jquery-validation/dist/jquery.validate.min.js - 404 0 null 8.5642ms
2025-11-09 16:32:24.859 +01:00 [INF] Request reached the end of the middleware pipeline without being handled by application code. Request path: GET https://localhost:7025/lib/jquery-validation/dist/jquery.validate.min.js, Response status code: 404
2025-11-09 16:32:24.859 +01:00 [INF] Request finished HTTP/2 GET https://localhost:7025/lib/jquery-validation-unobtrusive/jquery.validate.unobtrusive.min.js - 404 0 null 7.7409ms
2025-11-09 16:32:24.859 +01:00 [INF] Request reached the end of the middleware pipeline without being handled by application code. Request path: GET https://localhost:7025/lib/jquery-validation-unobtrusive/jquery.validate.unobtrusive.min.js, Response status code: 404
2025-11-09 16:32:26.585 +01:00 [INF] Request starting HTTP/2 POST https://localhost:7025/Identity/Account/Login - application/x-www-form-urlencoded 236
2025-11-09 16:32:26.614 +01:00 [INF] Executing endpoint '/Account/Login'
2025-11-09 16:32:26.615 +01:00 [INF] Route matched with {page = "/Account/Login", area = "Identity", action = "", controller = ""}. Executing page /Account/Login
2025-11-09 16:32:26.632 +01:00 [INF] Executing handler method Jam.Areas.Identity.Pages.Account.LoginModel.OnPostAsync - ModelState is "Valid"
2025-11-09 16:32:26.757 +01:00 [INF] AuthenticationScheme: Identity.Application signed in.
2025-11-09 16:32:26.757 +01:00 [INF] User logged in.
2025-11-09 16:32:26.758 +01:00 [INF] Executed handler method OnPostAsync, returned result Microsoft.AspNetCore.Mvc.LocalRedirectResult.
2025-11-09 16:32:26.758 +01:00 [INF] Executing LocalRedirectResult, redirecting to /.
2025-11-09 16:32:26.758 +01:00 [INF] Executed page /Account/Login in 142.882ms
2025-11-09 16:32:26.758 +01:00 [INF] Executed endpoint '/Account/Login'
2025-11-09 16:32:26.758 +01:00 [INF] Request finished HTTP/2 POST https://localhost:7025/Identity/Account/Login - 302 0 null 172.7307ms
2025-11-09 16:32:26.786 +01:00 [INF] Request starting HTTP/2 GET https://localhost:7025/ - null null
2025-11-09 16:32:26.788 +01:00 [INF] Executing endpoint 'Jam.Controllers.HomeController.Index (Jam)'
2025-11-09 16:32:26.788 +01:00 [INF] Route matched with {action = "Index", controller = "Home", page = "", area = ""}. Executing controller action with signature System.Threading.Tasks.Task`1[Microsoft.AspNetCore.Mvc.IActionResult] Index() on controller Jam.Controllers.HomeController (Jam).
2025-11-09 16:32:26.834 +01:00 [INF] Executing ViewResult, running view Index.
2025-11-09 16:32:26.850 +01:00 [INF] Executed ViewResult - view Index executed in 16.6403ms.
2025-11-09 16:32:26.898 +01:00 [INF] Executed action Jam.Controllers.HomeController.Index (Jam) in 110.418ms
2025-11-09 16:32:26.898 +01:00 [INF] Executed endpoint 'Jam.Controllers.HomeController.Index (Jam)'
2025-11-09 16:32:26.899 +01:00 [INF] Request finished HTTP/2 GET https://localhost:7025/ - 200 null text/html; charset=utf-8 113.0148ms
2025-11-09 16:32:27.810 +01:00 [INF] Request starting HTTP/2 GET https://localhost:7025/StoryEditing/EditStory?storyId=1 - null null
2025-11-09 16:32:27.815 +01:00 [INF] Executing endpoint 'Jam.Controllers.StoryEditingController.EditStory (Jam)'
2025-11-09 16:32:27.819 +01:00 [INF] Route matched with {action = "EditStory", controller = "StoryEditing", page = "", area = ""}. Executing controller action with signature System.Threading.Tasks.Task`1[Microsoft.AspNetCore.Mvc.IActionResult] EditStory(Int32) on controller Jam.Controllers.StoryEditingController (Jam).
2025-11-09 16:32:27.833 +01:00 [INF] Executing ViewResult, running view EditStory.
2025-11-09 16:32:27.942 +01:00 [INF] Executed ViewResult - view EditStory executed in 109.9247ms.
2025-11-09 16:32:28.131 +01:00 [INF] Executed action Jam.Controllers.StoryEditingController.EditStory (Jam) in 290.1897ms
2025-11-09 16:32:28.131 +01:00 [INF] Executed endpoint 'Jam.Controllers.StoryEditingController.EditStory (Jam)'
2025-11-09 16:32:28.132 +01:00 [INF] Request finished HTTP/2 GET https://localhost:7025/StoryEditing/EditStory?storyId=1 - 200 null text/html; charset=utf-8 322.2312ms
2025-11-09 16:32:28.530 +01:00 [INF] Request starting HTTP/2 GET https://localhost:7025/StoryEditing/EditQuestionScenes?storyId=1 - null null
2025-11-09 16:32:28.532 +01:00 [INF] Executing endpoint 'Jam.Controllers.StoryEditingController.EditQuestionScenes (Jam)'
2025-11-09 16:32:28.536 +01:00 [INF] Route matched with {action = "EditQuestionScenes", controller = "StoryEditing", page = "", area = ""}. Executing controller action with signature System.Threading.Tasks.Task`1[Microsoft.AspNetCore.Mvc.IActionResult] EditQuestionScenes(Int32) on controller Jam.Controllers.StoryEditingController (Jam).
2025-11-09 16:32:28.593 +01:00 [INF] Executing ViewResult, running view EditQuestionScenes.
2025-11-09 16:32:28.651 +01:00 [INF] Executed ViewResult - view EditQuestionScenes executed in 58.0768ms.
2025-11-09 16:32:28.651 +01:00 [INF] Executed action Jam.Controllers.StoryEditingController.EditQuestionScenes (Jam) in 115.3472ms
2025-11-09 16:32:28.651 +01:00 [INF] Executed endpoint 'Jam.Controllers.StoryEditingController.EditQuestionScenes (Jam)'
2025-11-09 16:32:28.651 +01:00 [INF] Request finished HTTP/2 GET https://localhost:7025/StoryEditing/EditQuestionScenes?storyId=1 - 200 null text/html; charset=utf-8 143.089ms
2025-11-09 16:32:31.492 +01:00 [INF] Request starting HTTP/2 POST https://localhost:7025/StoryEditing/EditQuestionScenes - application/x-www-form-urlencoded 6522
2025-11-09 16:32:31.493 +01:00 [INF] Executing endpoint 'Jam.Controllers.StoryEditingController.EditQuestionScenes (Jam)'
2025-11-09 16:32:31.502 +01:00 [INF] Route matched with {action = "EditQuestionScenes", controller = "StoryEditing", page = "", area = ""}. Executing controller action with signature System.Threading.Tasks.Task`1[Microsoft.AspNetCore.Mvc.IActionResult] EditQuestionScenes(Int32, System.Collections.Generic.List`1[Jam.ViewModels.QuestionSceneBaseViewModel], System.String) on controller Jam.Controllers.StoryEditingController (Jam).
2025-11-09 16:32:31.521 +01:00 [INF] Executing ViewResult, running view EditQuestionScenes.
2025-11-09 16:32:31.653 +01:00 [INF] Executed ViewResult - view EditQuestionScenes executed in 132.7267ms.
2025-11-09 16:32:31.653 +01:00 [INF] Executed action Jam.Controllers.StoryEditingController.EditQuestionScenes (Jam) in 151.3978ms
2025-11-09 16:32:31.654 +01:00 [INF] Executed endpoint 'Jam.Controllers.StoryEditingController.EditQuestionScenes (Jam)'
2025-11-09 16:32:31.654 +01:00 [INF] Request finished HTTP/2 POST https://localhost:7025/StoryEditing/EditQuestionScenes - 200 null text/html; charset=utf-8 162.3426ms
2025-11-09 16:32:33.531 +01:00 [INF] Request starting HTTP/2 POST https://localhost:7025/StoryEditing/EditQuestionScenes - application/x-www-form-urlencoded 4712
2025-11-09 16:32:33.557 +01:00 [INF] Executing endpoint 'Jam.Controllers.StoryEditingController.EditQuestionScenes (Jam)'
2025-11-09 16:32:33.557 +01:00 [INF] Route matched with {action = "EditQuestionScenes", controller = "StoryEditing", page = "", area = ""}. Executing controller action with signature System.Threading.Tasks.Task`1[Microsoft.AspNetCore.Mvc.IActionResult] EditQuestionScenes(Int32, System.Collections.Generic.List`1[Jam.ViewModels.QuestionSceneBaseViewModel], System.String) on controller Jam.Controllers.StoryEditingController (Jam).
2025-11-09 16:32:33.661 +01:00 [INF] [🔹SceneRepository -> UpdateQuestionScenes] Endringer lagret for storyId=1. 🔹Added=0, Updated=3, Deleted=1
2025-11-09 16:32:33.662 +01:00 [INF] Executing RedirectResult, redirecting to /StoryEditing/EditQuestionScenes?storyId=1.
2025-11-09 16:32:33.663 +01:00 [INF] Executed action Jam.Controllers.StoryEditingController.EditQuestionScenes (Jam) in 105.528ms
2025-11-09 16:32:33.663 +01:00 [INF] Executed endpoint 'Jam.Controllers.StoryEditingController.EditQuestionScenes (Jam)'
2025-11-09 16:32:33.663 +01:00 [INF] Request finished HTTP/2 POST https://localhost:7025/StoryEditing/EditQuestionScenes - 302 0 null 131.8908ms
2025-11-09 16:32:33.666 +01:00 [INF] Request starting HTTP/2 GET https://localhost:7025/StoryEditing/EditQuestionScenes?storyId=1 - null null
2025-11-09 16:32:33.667 +01:00 [INF] Executing endpoint 'Jam.Controllers.StoryEditingController.EditQuestionScenes (Jam)'
2025-11-09 16:32:33.667 +01:00 [INF] Route matched with {action = "EditQuestionScenes", controller = "StoryEditing", page = "", area = ""}. Executing controller action with signature System.Threading.Tasks.Task`1[Microsoft.AspNetCore.Mvc.IActionResult] EditQuestionScenes(Int32) on controller Jam.Controllers.StoryEditingController (Jam).
2025-11-09 16:32:33.669 +01:00 [INF] Executing ViewResult, running view EditQuestionScenes.
2025-11-09 16:32:33.717 +01:00 [INF] Executed ViewResult - view EditQuestionScenes executed in 47.9057ms.
2025-11-09 16:32:33.717 +01:00 [INF] Executed action Jam.Controllers.StoryEditingController.EditQuestionScenes (Jam) in 50.435ms
2025-11-09 16:32:33.717 +01:00 [INF] Executed endpoint 'Jam.Controllers.StoryEditingController.EditQuestionScenes (Jam)'
2025-11-09 16:32:33.718 +01:00 [INF] Request finished HTTP/2 GET https://localhost:7025/StoryEditing/EditQuestionScenes?storyId=1 - 200 null text/html; charset=utf-8 51.539ms
2025-11-09 16:32:35.212 +01:00 [INF] Request starting HTTP/2 GET https://localhost:7025/ - null null
2025-11-09 16:32:35.215 +01:00 [INF] Executing endpoint 'Jam.Controllers.HomeController.Index (Jam)'
2025-11-09 16:32:35.215 +01:00 [INF] Route matched with {action = "Index", controller = "Home", page = "", area = ""}. Executing controller action with signature System.Threading.Tasks.Task`1[Microsoft.AspNetCore.Mvc.IActionResult] Index() on controller Jam.Controllers.HomeController (Jam).
2025-11-09 16:32:35.229 +01:00 [INF] Executing ViewResult, running view Index.
2025-11-09 16:32:35.234 +01:00 [INF] Executed ViewResult - view Index executed in 4.3071ms.
2025-11-09 16:32:35.235 +01:00 [INF] Executed action Jam.Controllers.HomeController.Index (Jam) in 19.5156ms
2025-11-09 16:32:35.235 +01:00 [INF] Executed endpoint 'Jam.Controllers.HomeController.Index (Jam)'
2025-11-09 16:32:35.236 +01:00 [INF] Request finished HTTP/2 GET https://localhost:7025/ - 200 null text/html; charset=utf-8 23.3565ms
