2025-11-03 08:46:27.645 +01:00 [INF] User profile is available. Using '/Users/michaelnedgaardisaksen/.aspnet/DataProtection-Keys' as key repository; keys will not be encrypted at rest.
2025-11-03 08:46:28.018 +01:00 [INF] Applying migration '20251024065541_InitialCreate'.
2025-11-03 08:46:28.050 +01:00 [INF] Applying migration '20251101105657_AddIdentitySupport'.
2025-11-03 08:46:29.428 +01:00 [INF] Now listening on: https://localhost:7025
2025-11-03 08:46:29.428 +01:00 [INF] Now listening on: http://localhost:5262
2025-11-03 08:46:29.432 +01:00 [INF] Application started. Press Ctrl+C to shut down.
2025-11-03 08:46:29.433 +01:00 [INF] Hosting environment: Development
2025-11-03 08:46:29.434 +01:00 [INF] Content root path: /Users/michaelnedgaardisaksen/Documents/ITPE3100_Webapplikasjoner/Demo-Jam/Jam
2025-11-03 08:46:29.800 +01:00 [INF] Request starting HTTP/2 GET https://localhost:7025/ - null null
2025-11-03 08:46:29.832 +01:00 [INF] Executing endpoint 'Jam.Controllers.HomeController.Index (Jam)'
2025-11-03 08:46:29.840 +01:00 [INF] Route matched with {action = "Index", controller = "Home", page = "", area = ""}. Executing controller action with signature System.Threading.Tasks.Task`1[Microsoft.AspNetCore.Mvc.IActionResult] Index() on controller Jam.Controllers.HomeController (Jam).
2025-11-03 08:46:29.864 +01:00 [WRN] [HomeController -> Index] Auth cookie invalid or user no longer exists. Redirecting to login.
2025-11-03 08:46:29.868 +01:00 [INF] AuthenticationScheme: Identity.Application signed out.
2025-11-03 08:46:29.869 +01:00 [INF] AuthenticationScheme: Identity.External signed out.
2025-11-03 08:46:29.870 +01:00 [INF] AuthenticationScheme: Identity.TwoFactorUserId signed out.
2025-11-03 08:46:29.871 +01:00 [INF] Executing LocalRedirectResult, redirecting to /Identity/Account/Login.
2025-11-03 08:46:29.874 +01:00 [INF] Executed action Jam.Controllers.HomeController.Index (Jam) in 31.5685ms
2025-11-03 08:46:29.874 +01:00 [INF] Executed endpoint 'Jam.Controllers.HomeController.Index (Jam)'
2025-11-03 08:46:29.878 +01:00 [INF] Request finished HTTP/2 GET https://localhost:7025/ - 302 0 null 78.871ms
2025-11-03 08:46:29.898 +01:00 [INF] Request starting HTTP/2 GET https://localhost:7025/Identity/Account/Login - null null
2025-11-03 08:46:29.924 +01:00 [INF] Executing endpoint '/Account/Login'
2025-11-03 08:46:29.936 +01:00 [INF] Route matched with {page = "/Account/Login", area = "Identity", action = "", controller = ""}. Executing page /Account/Login
2025-11-03 08:46:29.954 +01:00 [INF] Executing handler method Jam.Areas.Identity.Pages.Account.LoginModel.OnGetAsync - ModelState is "Valid"
2025-11-03 08:46:29.955 +01:00 [INF] AuthenticationScheme: Identity.External signed out.
2025-11-03 08:46:29.956 +01:00 [INF] Executed handler method OnGetAsync, returned result .
2025-11-03 08:46:29.958 +01:00 [INF] Executing an implicit handler method - ModelState is "Valid"
2025-11-03 08:46:29.958 +01:00 [INF] Executed an implicit handler method, returned result Microsoft.AspNetCore.Mvc.RazorPages.PageResult.
2025-11-03 08:46:30.034 +01:00 [INF] Executed page /Account/Login in 97.7011ms
2025-11-03 08:46:30.035 +01:00 [INF] Executed endpoint '/Account/Login'
2025-11-03 08:46:30.037 +01:00 [INF] Request finished HTTP/2 GET https://localhost:7025/Identity/Account/Login - 200 null text/html; charset=utf-8 138.7415ms
2025-11-03 08:46:30.262 +01:00 [INF] Request starting HTTP/2 GET https://localhost:7025/lib/jquery-validation/dist/jquery.validate.min.js - null null
2025-11-03 08:46:30.263 +01:00 [INF] Request starting HTTP/2 GET https://localhost:7025/lib/jquery-validation-unobtrusive/jquery.validate.unobtrusive.min.js - null null
2025-11-03 08:46:30.266 +01:00 [INF] Request finished HTTP/2 GET https://localhost:7025/lib/jquery-validation-unobtrusive/jquery.validate.unobtrusive.min.js - 404 0 null 3.7687ms
2025-11-03 08:46:30.266 +01:00 [INF] Request finished HTTP/2 GET https://localhost:7025/lib/jquery-validation/dist/jquery.validate.min.js - 404 0 null 4.237ms
2025-11-03 08:46:30.267 +01:00 [INF] Request reached the end of the middleware pipeline without being handled by application code. Request path: GET https://localhost:7025/lib/jquery-validation/dist/jquery.validate.min.js, Response status code: 404
2025-11-03 08:46:30.267 +01:00 [INF] Request reached the end of the middleware pipeline without being handled by application code. Request path: GET https://localhost:7025/lib/jquery-validation-unobtrusive/jquery.validate.unobtrusive.min.js, Response status code: 404
2025-11-03 08:46:37.789 +01:00 [INF] Request starting HTTP/2 POST https://localhost:7025/Identity/Account/Login - application/x-www-form-urlencoded 242
2025-11-03 08:46:37.896 +01:00 [INF] Executing endpoint '/Account/Login'
2025-11-03 08:46:37.898 +01:00 [INF] Route matched with {page = "/Account/Login", area = "Identity", action = "", controller = ""}. Executing page /Account/Login
2025-11-03 08:46:37.924 +01:00 [INF] Executing handler method Jam.Areas.Identity.Pages.Account.LoginModel.OnPostAsync - ModelState is "Valid"
2025-11-03 08:46:38.035 +01:00 [INF] AuthenticationScheme: Identity.Application signed in.
2025-11-03 08:46:38.036 +01:00 [INF] User logged in.
2025-11-03 08:46:38.036 +01:00 [INF] Executed handler method OnPostAsync, returned result Microsoft.AspNetCore.Mvc.LocalRedirectResult.
2025-11-03 08:46:38.036 +01:00 [INF] Executing LocalRedirectResult, redirecting to /.
2025-11-03 08:46:38.037 +01:00 [INF] Executed page /Account/Login in 138.4627ms
2025-11-03 08:46:38.037 +01:00 [INF] Executed endpoint '/Account/Login'
2025-11-03 08:46:38.037 +01:00 [INF] Request finished HTTP/2 POST https://localhost:7025/Identity/Account/Login - 302 0 null 248.5187ms
2025-11-03 08:46:38.068 +01:00 [INF] Request starting HTTP/2 GET https://localhost:7025/ - null null
2025-11-03 08:46:38.070 +01:00 [INF] Executing endpoint 'Jam.Controllers.HomeController.Index (Jam)'
2025-11-03 08:46:38.070 +01:00 [INF] Route matched with {action = "Index", controller = "Home", page = "", area = ""}. Executing controller action with signature System.Threading.Tasks.Task`1[Microsoft.AspNetCore.Mvc.IActionResult] Index() on controller Jam.Controllers.HomeController (Jam).
2025-11-03 08:46:38.093 +01:00 [INF] Executing ViewResult, running view Index.
2025-11-03 08:46:38.100 +01:00 [INF] Executed ViewResult - view Index executed in 7.1055ms.
2025-11-03 08:46:38.100 +01:00 [INF] Executed action Jam.Controllers.HomeController.Index (Jam) in 29.8819ms
2025-11-03 08:46:38.100 +01:00 [INF] Executed endpoint 'Jam.Controllers.HomeController.Index (Jam)'
2025-11-03 08:46:38.100 +01:00 [INF] Request finished HTTP/2 GET https://localhost:7025/ - 200 null text/html; charset=utf-8 31.7806ms
2025-11-03 08:46:42.973 +01:00 [INF] Request starting HTTP/2 GET https://localhost:7025/Admin/Stories - null null
2025-11-03 08:46:43.012 +01:00 [INF] Executing endpoint 'Jam.Controllers.AdminController.Stories (Jam)'
2025-11-03 08:46:43.017 +01:00 [INF] Route matched with {action = "Stories", controller = "Admin", page = "", area = ""}. Executing controller action with signature System.Threading.Tasks.Task`1[Microsoft.AspNetCore.Mvc.IActionResult] Stories() on controller Jam.Controllers.AdminController (Jam).
2025-11-03 08:46:43.036 +01:00 [INF] Executing ViewResult, running view Stories.
2025-11-03 08:46:43.047 +01:00 [INF] Executed ViewResult - view Stories executed in 10.8328ms.
2025-11-03 08:46:43.048 +01:00 [INF] Executed action Jam.Controllers.AdminController.Stories (Jam) in 30.3139ms
2025-11-03 08:46:43.048 +01:00 [INF] Executed endpoint 'Jam.Controllers.AdminController.Stories (Jam)'
2025-11-03 08:46:43.048 +01:00 [INF] Request finished HTTP/2 GET https://localhost:7025/Admin/Stories - 200 null text/html; charset=utf-8 75.7973ms
2025-11-03 08:46:50.111 +01:00 [INF] Request starting HTTP/2 GET https://localhost:7025/js/bootstrap.js.map - null null
2025-11-03 08:46:50.110 +01:00 [INF] Request starting HTTP/2 GET https://localhost:7025/.well-known/appspecific/com.chrome.devtools.json - null null
2025-11-03 08:46:50.121 +01:00 [INF] Request finished HTTP/2 GET https://localhost:7025/.well-known/appspecific/com.chrome.devtools.json - 404 0 null 11.0299ms
2025-11-03 08:46:50.121 +01:00 [INF] Request finished HTTP/2 GET https://localhost:7025/js/bootstrap.js.map - 404 0 null 10.5249ms
2025-11-03 08:46:50.123 +01:00 [INF] Request reached the end of the middleware pipeline without being handled by application code. Request path: GET https://localhost:7025/.well-known/appspecific/com.chrome.devtools.json, Response status code: 404
2025-11-03 08:46:50.123 +01:00 [INF] Request reached the end of the middleware pipeline without being handled by application code. Request path: GET https://localhost:7025/js/bootstrap.js.map, Response status code: 404
2025-11-03 08:49:03.408 +01:00 [INF] Request starting HTTP/2 POST https://localhost:7025/Admin/DeleteStory - application/x-www-form-urlencoded 235
2025-11-03 08:49:03.421 +01:00 [INF] Executing endpoint 'Jam.Controllers.AdminController.DeleteStory (Jam)'
2025-11-03 08:49:03.431 +01:00 [INF] Route matched with {action = "DeleteStory", controller = "Admin", page = "", area = ""}. Executing controller action with signature System.Threading.Tasks.Task`1[Microsoft.AspNetCore.Mvc.IActionResult] DeleteStory(Int32) on controller Jam.Controllers.AdminController (Jam).
2025-11-03 08:49:03.470 +01:00 [ERR] Failed executing DbCommand (3ms) [Parameters=[@p0='?' (DbType = Int32)], CommandType='"Text"', CommandTimeout='30']
DELETE FROM "Stories"
WHERE "StoryId" = @p0
RETURNING 1;
2025-11-03 08:49:03.496 +01:00 [ERR] An exception occurred in the database while saving changes for context type 'Jam.DAL.StoryDbContext'.
Microsoft.EntityFrameworkCore.DbUpdateException: An error occurred while saving the entity changes. See the inner exception for details.
 ---> Microsoft.Data.Sqlite.SqliteException (0x80004005): SQLite Error 19: 'FOREIGN KEY constraint failed'.
   at Microsoft.Data.Sqlite.SqliteException.ThrowExceptionForRC(Int32 rc, sqlite3 db)
   at Microsoft.Data.Sqlite.SqliteDataReader.NextResult()
   at Microsoft.Data.Sqlite.SqliteCommand.ExecuteReader(CommandBehavior behavior)
   at Microsoft.Data.Sqlite.SqliteCommand.ExecuteReaderAsync(CommandBehavior behavior, CancellationToken cancellationToken)
   at Microsoft.Data.Sqlite.SqliteCommand.ExecuteDbDataReaderAsync(CommandBehavior behavior, CancellationToken cancellationToken)
   at Microsoft.EntityFrameworkCore.Storage.RelationalCommand.ExecuteReaderAsync(RelationalCommandParameterObject parameterObject, CancellationToken cancellationToken)
   at Microsoft.EntityFrameworkCore.Storage.RelationalCommand.ExecuteReaderAsync(RelationalCommandParameterObject parameterObject, CancellationToken cancellationToken)
   at Microsoft.EntityFrameworkCore.Update.ReaderModificationCommandBatch.ExecuteAsync(IRelationalConnection connection, CancellationToken cancellationToken)
   --- End of inner exception stack trace ---
   at Microsoft.EntityFrameworkCore.Update.ReaderModificationCommandBatch.ExecuteAsync(IRelationalConnection connection, CancellationToken cancellationToken)
   at Microsoft.EntityFrameworkCore.Update.Internal.BatchExecutor.ExecuteAsync(IEnumerable`1 commandBatches, IRelationalConnection connection, CancellationToken cancellationToken)
   at Microsoft.EntityFrameworkCore.Update.Internal.BatchExecutor.ExecuteAsync(IEnumerable`1 commandBatches, IRelationalConnection connection, CancellationToken cancellationToken)
   at Microsoft.EntityFrameworkCore.Update.Internal.BatchExecutor.ExecuteAsync(IEnumerable`1 commandBatches, IRelationalConnection connection, CancellationToken cancellationToken)
   at Microsoft.EntityFrameworkCore.ChangeTracking.Internal.StateManager.SaveChangesAsync(IList`1 entriesToSave, CancellationToken cancellationToken)
   at Microsoft.EntityFrameworkCore.ChangeTracking.Internal.StateManager.SaveChangesAsync(StateManager stateManager, Boolean acceptAllChangesOnSuccess, CancellationToken cancellationToken)
   at Microsoft.EntityFrameworkCore.DbContext.SaveChangesAsync(Boolean acceptAllChangesOnSuccess, CancellationToken cancellationToken)
Microsoft.EntityFrameworkCore.DbUpdateException: An error occurred while saving the entity changes. See the inner exception for details.
 ---> Microsoft.Data.Sqlite.SqliteException (0x80004005): SQLite Error 19: 'FOREIGN KEY constraint failed'.
   at Microsoft.Data.Sqlite.SqliteException.ThrowExceptionForRC(Int32 rc, sqlite3 db)
   at Microsoft.Data.Sqlite.SqliteDataReader.NextResult()
   at Microsoft.Data.Sqlite.SqliteCommand.ExecuteReader(CommandBehavior behavior)
   at Microsoft.Data.Sqlite.SqliteCommand.ExecuteReaderAsync(CommandBehavior behavior, CancellationToken cancellationToken)
   at Microsoft.Data.Sqlite.SqliteCommand.ExecuteDbDataReaderAsync(CommandBehavior behavior, CancellationToken cancellationToken)
   at Microsoft.EntityFrameworkCore.Storage.RelationalCommand.ExecuteReaderAsync(RelationalCommandParameterObject parameterObject, CancellationToken cancellationToken)
   at Microsoft.EntityFrameworkCore.Storage.RelationalCommand.ExecuteReaderAsync(RelationalCommandParameterObject parameterObject, CancellationToken cancellationToken)
   at Microsoft.EntityFrameworkCore.Update.ReaderModificationCommandBatch.ExecuteAsync(IRelationalConnection connection, CancellationToken cancellationToken)
   --- End of inner exception stack trace ---
   at Microsoft.EntityFrameworkCore.Update.ReaderModificationCommandBatch.ExecuteAsync(IRelationalConnection connection, CancellationToken cancellationToken)
   at Microsoft.EntityFrameworkCore.Update.Internal.BatchExecutor.ExecuteAsync(IEnumerable`1 commandBatches, IRelationalConnection connection, CancellationToken cancellationToken)
   at Microsoft.EntityFrameworkCore.Update.Internal.BatchExecutor.ExecuteAsync(IEnumerable`1 commandBatches, IRelationalConnection connection, CancellationToken cancellationToken)
   at Microsoft.EntityFrameworkCore.Update.Internal.BatchExecutor.ExecuteAsync(IEnumerable`1 commandBatches, IRelationalConnection connection, CancellationToken cancellationToken)
   at Microsoft.EntityFrameworkCore.ChangeTracking.Internal.StateManager.SaveChangesAsync(IList`1 entriesToSave, CancellationToken cancellationToken)
   at Microsoft.EntityFrameworkCore.ChangeTracking.Internal.StateManager.SaveChangesAsync(StateManager stateManager, Boolean acceptAllChangesOnSuccess, CancellationToken cancellationToken)
   at Microsoft.EntityFrameworkCore.DbContext.SaveChangesAsync(Boolean acceptAllChangesOnSuccess, CancellationToken cancellationToken)
2025-11-03 08:49:03.557 +01:00 [ERR] [StoryRepository -> DeleteStory] Failed to delete story with id 1
Microsoft.EntityFrameworkCore.DbUpdateException: An error occurred while saving the entity changes. See the inner exception for details.
 ---> Microsoft.Data.Sqlite.SqliteException (0x80004005): SQLite Error 19: 'FOREIGN KEY constraint failed'.
   at Microsoft.Data.Sqlite.SqliteException.ThrowExceptionForRC(Int32 rc, sqlite3 db)
   at Microsoft.Data.Sqlite.SqliteDataReader.NextResult()
   at Microsoft.Data.Sqlite.SqliteCommand.ExecuteReader(CommandBehavior behavior)
   at Microsoft.Data.Sqlite.SqliteCommand.ExecuteReaderAsync(CommandBehavior behavior, CancellationToken cancellationToken)
   at Microsoft.Data.Sqlite.SqliteCommand.ExecuteDbDataReaderAsync(CommandBehavior behavior, CancellationToken cancellationToken)
   at Microsoft.EntityFrameworkCore.Storage.RelationalCommand.ExecuteReaderAsync(RelationalCommandParameterObject parameterObject, CancellationToken cancellationToken)
   at Microsoft.EntityFrameworkCore.Storage.RelationalCommand.ExecuteReaderAsync(RelationalCommandParameterObject parameterObject, CancellationToken cancellationToken)
   at Microsoft.EntityFrameworkCore.Update.ReaderModificationCommandBatch.ExecuteAsync(IRelationalConnection connection, CancellationToken cancellationToken)
   --- End of inner exception stack trace ---
   at Microsoft.EntityFrameworkCore.Update.ReaderModificationCommandBatch.ExecuteAsync(IRelationalConnection connection, CancellationToken cancellationToken)
   at Microsoft.EntityFrameworkCore.Update.Internal.BatchExecutor.ExecuteAsync(IEnumerable`1 commandBatches, IRelationalConnection connection, CancellationToken cancellationToken)
   at Microsoft.EntityFrameworkCore.Update.Internal.BatchExecutor.ExecuteAsync(IEnumerable`1 commandBatches, IRelationalConnection connection, CancellationToken cancellationToken)
   at Microsoft.EntityFrameworkCore.Update.Internal.BatchExecutor.ExecuteAsync(IEnumerable`1 commandBatches, IRelationalConnection connection, CancellationToken cancellationToken)
   at Microsoft.EntityFrameworkCore.ChangeTracking.Internal.StateManager.SaveChangesAsync(IList`1 entriesToSave, CancellationToken cancellationToken)
   at Microsoft.EntityFrameworkCore.ChangeTracking.Internal.StateManager.SaveChangesAsync(StateManager stateManager, Boolean acceptAllChangesOnSuccess, CancellationToken cancellationToken)
   at Microsoft.EntityFrameworkCore.DbContext.SaveChangesAsync(Boolean acceptAllChangesOnSuccess, CancellationToken cancellationToken)
   at Microsoft.EntityFrameworkCore.DbContext.SaveChangesAsync(Boolean acceptAllChangesOnSuccess, CancellationToken cancellationToken)
   at Jam.DAL.StoryDAL.StoryRepository.DeleteStory(Int32 storyId) in /Users/michaelnedgaardisaksen/Documents/ITPE3100_Webapplikasjoner/Demo-Jam/Jam/DAL/StoryDAL/StoryRepository.cs:line 320
2025-11-03 08:49:03.558 +01:00 [WRN] [AdminController -> DeleteStory] Failed to delete story 1
2025-11-03 08:49:03.559 +01:00 [INF] Executing RedirectResult, redirecting to /Admin/Stories.
2025-11-03 08:49:03.559 +01:00 [INF] Executed action Jam.Controllers.AdminController.DeleteStory (Jam) in 128.1197ms
2025-11-03 08:49:03.559 +01:00 [INF] Executed endpoint 'Jam.Controllers.AdminController.DeleteStory (Jam)'
2025-11-03 08:49:03.559 +01:00 [INF] Request finished HTTP/2 POST https://localhost:7025/Admin/DeleteStory - 302 0 null 176.7185ms
2025-11-03 08:49:03.606 +01:00 [INF] Request starting HTTP/2 GET https://localhost:7025/Admin/Stories - null null
2025-11-03 08:49:03.637 +01:00 [INF] Executing endpoint 'Jam.Controllers.AdminController.Stories (Jam)'
2025-11-03 08:49:03.641 +01:00 [INF] Route matched with {action = "Stories", controller = "Admin", page = "", area = ""}. Executing controller action with signature System.Threading.Tasks.Task`1[Microsoft.AspNetCore.Mvc.IActionResult] Stories() on controller Jam.Controllers.AdminController (Jam).
2025-11-03 08:49:03.664 +01:00 [INF] Executing ViewResult, running view Stories.
2025-11-03 08:49:03.739 +01:00 [INF] Executed ViewResult - view Stories executed in 75.4527ms.
2025-11-03 08:49:03.740 +01:00 [INF] Executed action Jam.Controllers.AdminController.Stories (Jam) in 98.6097ms
2025-11-03 08:49:03.740 +01:00 [INF] Executed endpoint 'Jam.Controllers.AdminController.Stories (Jam)'
2025-11-03 08:49:03.741 +01:00 [INF] Request finished HTTP/2 GET https://localhost:7025/Admin/Stories - 200 null text/html; charset=utf-8 134.2632ms
