2025-11-06 14:30:41.214 +01:00 [INF] User profile is available. Using '/Users/jaraazad/.aspnet/DataProtection-Keys' as key repository; keys will not be encrypted at rest.
2025-11-06 14:30:41.732 +01:00 [INF] Applying migration '20251024065541_InitialCreate'.
2025-11-06 14:30:41.825 +01:00 [INF] Applying migration '20251101105657_AddIdentitySupport'.
2025-11-06 14:30:41.874 +01:00 [INF] Applying migration '20251103080324_UpdateNextQuestionSceneDeleteBehavior'.
2025-11-06 14:30:42.828 +01:00 [INF] Now listening on: https://localhost:7025
2025-11-06 14:30:42.828 +01:00 [INF] Now listening on: http://localhost:5262
2025-11-06 14:30:42.832 +01:00 [INF] Application started. Press Ctrl+C to shut down.
2025-11-06 14:30:42.833 +01:00 [INF] Hosting environment: Development
2025-11-06 14:30:42.834 +01:00 [INF] Content root path: /Users/jaraazad/Desktop/Jam
2025-11-06 14:30:43.128 +01:00 [INF] Request starting HTTP/2 GET https://localhost:7025/ - null null
2025-11-06 14:30:43.165 +01:00 [INF] Executing endpoint 'Jam.Controllers.HomeController.Index (Jam)'
2025-11-06 14:30:43.172 +01:00 [INF] Route matched with {action = "Index", controller = "Home", page = "", area = ""}. Executing controller action with signature System.Threading.Tasks.Task`1[Microsoft.AspNetCore.Mvc.IActionResult] Index() on controller Jam.Controllers.HomeController (Jam).
2025-11-06 14:30:43.185 +01:00 [WRN] [HomeController -> Index] Auth cookie invalid or user no longer exists. Redirecting to login.
2025-11-06 14:30:43.189 +01:00 [INF] AuthenticationScheme: Identity.Application signed out.
2025-11-06 14:30:43.190 +01:00 [INF] AuthenticationScheme: Identity.External signed out.
2025-11-06 14:30:43.190 +01:00 [INF] AuthenticationScheme: Identity.TwoFactorUserId signed out.
2025-11-06 14:30:43.191 +01:00 [INF] Executing LocalRedirectResult, redirecting to /Identity/Account/Login.
2025-11-06 14:30:43.194 +01:00 [INF] Executed action Jam.Controllers.HomeController.Index (Jam) in 19.268ms
2025-11-06 14:30:43.194 +01:00 [INF] Executed endpoint 'Jam.Controllers.HomeController.Index (Jam)'
2025-11-06 14:30:43.200 +01:00 [INF] Request finished HTTP/2 GET https://localhost:7025/ - 302 0 null 72.9627ms
2025-11-06 14:30:43.257 +01:00 [INF] Request starting HTTP/2 GET https://localhost:7025/Identity/Account/Login - null null
2025-11-06 14:30:43.260 +01:00 [INF] Executing endpoint '/Account/Login'
2025-11-06 14:30:43.272 +01:00 [INF] Route matched with {page = "/Account/Login", area = "Identity", action = "", controller = ""}. Executing page /Account/Login
2025-11-06 14:30:43.281 +01:00 [INF] Executing handler method Jam.Areas.Identity.Pages.Account.LoginModel.OnGetAsync - ModelState is "Valid"
2025-11-06 14:30:43.283 +01:00 [INF] AuthenticationScheme: Identity.External signed out.
2025-11-06 14:30:43.283 +01:00 [INF] Executed handler method OnGetAsync, returned result .
2025-11-06 14:30:43.284 +01:00 [INF] Executing an implicit handler method - ModelState is "Valid"
2025-11-06 14:30:43.284 +01:00 [INF] Executed an implicit handler method, returned result Microsoft.AspNetCore.Mvc.RazorPages.PageResult.
2025-11-06 14:30:43.353 +01:00 [INF] Executed page /Account/Login in 80.9687ms
2025-11-06 14:30:43.354 +01:00 [INF] Executed endpoint '/Account/Login'
2025-11-06 14:30:43.360 +01:00 [INF] Request finished HTTP/2 GET https://localhost:7025/Identity/Account/Login - 200 null text/html; charset=utf-8 103.511ms
2025-11-06 14:30:43.393 +01:00 [INF] Request starting HTTP/2 GET https://localhost:7025/lib/jquery-validation/dist/jquery.validate.min.js - null null
2025-11-06 14:30:43.416 +01:00 [INF] Request starting HTTP/2 GET https://localhost:7025/lib/jquery-validation-unobtrusive/jquery.validate.unobtrusive.min.js - null null
2025-11-06 14:30:43.419 +01:00 [INF] Request finished HTTP/2 GET https://localhost:7025/lib/jquery-validation-unobtrusive/jquery.validate.unobtrusive.min.js - 404 0 null 2.6622ms
2025-11-06 14:30:43.419 +01:00 [INF] Request finished HTTP/2 GET https://localhost:7025/lib/jquery-validation/dist/jquery.validate.min.js - 404 0 null 25.8787ms
2025-11-06 14:30:43.419 +01:00 [INF] Request reached the end of the middleware pipeline without being handled by application code. Request path: GET https://localhost:7025/lib/jquery-validation/dist/jquery.validate.min.js, Response status code: 404
2025-11-06 14:30:43.419 +01:00 [INF] Request reached the end of the middleware pipeline without being handled by application code. Request path: GET https://localhost:7025/lib/jquery-validation-unobtrusive/jquery.validate.unobtrusive.min.js, Response status code: 404
2025-11-06 14:30:44.654 +01:00 [INF] Request starting HTTP/2 POST https://localhost:7025/Identity/Account/Login - application/x-www-form-urlencoded 236
2025-11-06 14:30:44.660 +01:00 [INF] Executing endpoint '/Account/Login'
2025-11-06 14:30:44.661 +01:00 [INF] Route matched with {page = "/Account/Login", area = "Identity", action = "", controller = ""}. Executing page /Account/Login
2025-11-06 14:30:44.683 +01:00 [INF] Executing handler method Jam.Areas.Identity.Pages.Account.LoginModel.OnPostAsync - ModelState is "Valid"
2025-11-06 14:30:44.807 +01:00 [INF] AuthenticationScheme: Identity.Application signed in.
2025-11-06 14:30:44.808 +01:00 [INF] User logged in.
2025-11-06 14:30:44.809 +01:00 [INF] Executed handler method OnPostAsync, returned result Microsoft.AspNetCore.Mvc.LocalRedirectResult.
2025-11-06 14:30:44.809 +01:00 [INF] Executing LocalRedirectResult, redirecting to /.
2025-11-06 14:30:44.809 +01:00 [INF] Executed page /Account/Login in 148.6516ms
2025-11-06 14:30:44.809 +01:00 [INF] Executed endpoint '/Account/Login'
2025-11-06 14:30:44.809 +01:00 [INF] Request finished HTTP/2 POST https://localhost:7025/Identity/Account/Login - 302 0 null 155.6091ms
2025-11-06 14:30:44.813 +01:00 [INF] Request starting HTTP/2 GET https://localhost:7025/ - null null
2025-11-06 14:30:44.840 +01:00 [INF] Executing endpoint 'Jam.Controllers.HomeController.Index (Jam)'
2025-11-06 14:30:44.840 +01:00 [INF] Route matched with {action = "Index", controller = "Home", page = "", area = ""}. Executing controller action with signature System.Threading.Tasks.Task`1[Microsoft.AspNetCore.Mvc.IActionResult] Index() on controller Jam.Controllers.HomeController (Jam).
2025-11-06 14:30:44.872 +01:00 [INF] Executing ViewResult, running view Index.
2025-11-06 14:30:44.888 +01:00 [INF] Executed ViewResult - view Index executed in 16.0255ms.
2025-11-06 14:30:44.888 +01:00 [INF] Executed action Jam.Controllers.HomeController.Index (Jam) in 48.2748ms
2025-11-06 14:30:44.888 +01:00 [INF] Executed endpoint 'Jam.Controllers.HomeController.Index (Jam)'
2025-11-06 14:30:44.889 +01:00 [INF] Request finished HTTP/2 GET https://localhost:7025/ - 200 null text/html; charset=utf-8 75.9456ms
2025-11-06 14:30:45.612 +01:00 [INF] Request starting HTTP/2 GET https://localhost:7025/StoryCreation/CreateStoryAndIntro - null null
2025-11-06 14:30:45.619 +01:00 [INF] Executing endpoint 'Jam.Controllers.StoryCreationController.CreateStoryAndIntro (Jam)'
2025-11-06 14:30:45.622 +01:00 [INF] Route matched with {action = "CreateStoryAndIntro", controller = "StoryCreation", page = "", area = ""}. Executing controller action with signature Microsoft.AspNetCore.Mvc.IActionResult CreateStoryAndIntro() on controller Jam.Controllers.StoryCreationController (Jam).
2025-11-06 14:30:45.624 +01:00 [INF] Accessing expired session, Key:2d0cc344-df3d-072e-4af7-3508e4f5cd8c
2025-11-06 14:30:45.631 +01:00 [INF] Executing ViewResult, running view CreateStoryAndIntro.
2025-11-06 14:30:45.771 +01:00 [INF] Executed ViewResult - view CreateStoryAndIntro executed in 141.2384ms.
2025-11-06 14:30:45.772 +01:00 [INF] Executed action Jam.Controllers.StoryCreationController.CreateStoryAndIntro (Jam) in 149.8476ms
2025-11-06 14:30:45.772 +01:00 [INF] Executed endpoint 'Jam.Controllers.StoryCreationController.CreateStoryAndIntro (Jam)'
2025-11-06 14:30:45.772 +01:00 [INF] Request finished HTTP/2 GET https://localhost:7025/StoryCreation/CreateStoryAndIntro - 200 null text/html; charset=utf-8 160.2815ms
2025-11-06 14:30:48.264 +01:00 [INF] Request starting HTTP/2 POST https://localhost:7025/StoryCreation/CreateStoryAndIntro - application/x-www-form-urlencoded 304
2025-11-06 14:30:48.295 +01:00 [INF] Executing endpoint 'Jam.Controllers.StoryCreationController.CreateStoryAndIntro (Jam)'
2025-11-06 14:30:48.301 +01:00 [INF] Route matched with {action = "CreateStoryAndIntro", controller = "StoryCreation", page = "", area = ""}. Executing controller action with signature Microsoft.AspNetCore.Mvc.IActionResult CreateStoryAndIntro(Jam.ViewModels.StoryCreation.CreateStoryAndIntroViewModel) on controller Jam.Controllers.StoryCreationController (Jam).
2025-11-06 14:30:48.309 +01:00 [INF] Accessing expired session, Key:2d0cc344-df3d-072e-4af7-3508e4f5cd8c
2025-11-06 14:30:48.342 +01:00 [INF] Executing RedirectResult, redirecting to /StoryCreation/CreateQuestionScenes.
2025-11-06 14:30:48.342 +01:00 [INF] Executed action Jam.Controllers.StoryCreationController.CreateStoryAndIntro (Jam) in 40.8447ms
2025-11-06 14:30:48.342 +01:00 [INF] Executed endpoint 'Jam.Controllers.StoryCreationController.CreateStoryAndIntro (Jam)'
2025-11-06 14:30:48.343 +01:00 [INF] Session started; Key:2d0cc344-df3d-072e-4af7-3508e4f5cd8c, Id:45bc91c3-d5d5-cd1c-03e6-29e6d809fd89
2025-11-06 14:30:48.344 +01:00 [INF] Request finished HTTP/2 POST https://localhost:7025/StoryCreation/CreateStoryAndIntro - 302 0 null 80.3493ms
2025-11-06 14:30:48.398 +01:00 [INF] Request starting HTTP/2 GET https://localhost:7025/StoryCreation/CreateQuestionScenes - null null
2025-11-06 14:30:48.424 +01:00 [INF] Executing endpoint 'Jam.Controllers.StoryCreationController.CreateQuestionScenes (Jam)'
2025-11-06 14:30:48.426 +01:00 [INF] Route matched with {action = "CreateQuestionScenes", controller = "StoryCreation", page = "", area = ""}. Executing controller action with signature Microsoft.AspNetCore.Mvc.IActionResult CreateQuestionScenes() on controller Jam.Controllers.StoryCreationController (Jam).
2025-11-06 14:30:48.433 +01:00 [INF] Executing ViewResult, running view CreateQuestionScenes.
2025-11-06 14:30:48.507 +01:00 [INF] Executed ViewResult - view CreateQuestionScenes executed in 73.6205ms.
2025-11-06 14:30:48.509 +01:00 [INF] Executed action Jam.Controllers.StoryCreationController.CreateQuestionScenes (Jam) in 83.4423ms
2025-11-06 14:30:48.514 +01:00 [INF] Executed endpoint 'Jam.Controllers.StoryCreationController.CreateQuestionScenes (Jam)'
2025-11-06 14:30:48.587 +01:00 [INF] Request finished HTTP/2 GET https://localhost:7025/StoryCreation/CreateQuestionScenes - 200 null text/html; charset=utf-8 189.6917ms
2025-11-06 14:30:51.578 +01:00 [INF] Request starting HTTP/2 GET https://localhost:7025/StoryCreation/GetQuestionScenePartial?index=2 - null null
2025-11-06 14:30:51.580 +01:00 [INF] Executing endpoint 'Jam.Controllers.StoryCreationController.GetQuestionScenePartial (Jam)'
2025-11-06 14:30:51.586 +01:00 [INF] Route matched with {action = "GetQuestionScenePartial", controller = "StoryCreation", page = "", area = ""}. Executing controller action with signature Microsoft.AspNetCore.Mvc.IActionResult GetQuestionScenePartial(Int32) on controller Jam.Controllers.StoryCreationController (Jam).
2025-11-06 14:30:51.594 +01:00 [INF] Executing PartialViewResult, running view _QuestionScenePartial.
2025-11-06 14:30:51.630 +01:00 [INF] Executed PartialViewResult - view _QuestionScenePartial executed in 35.7567ms.
2025-11-06 14:30:51.630 +01:00 [INF] Executed action Jam.Controllers.StoryCreationController.GetQuestionScenePartial (Jam) in 43.501ms
2025-11-06 14:30:51.630 +01:00 [INF] Executed endpoint 'Jam.Controllers.StoryCreationController.GetQuestionScenePartial (Jam)'
2025-11-06 14:30:51.630 +01:00 [INF] Request finished HTTP/2 GET https://localhost:7025/StoryCreation/GetQuestionScenePartial?index=2 - 200 null text/html; charset=utf-8 52.9207ms
