2025-11-07 19:56:54.233 +01:00 [INF] User profile is available. Using '/Users/jaraazad/.aspnet/DataProtection-Keys' as key repository; keys will not be encrypted at rest.
2025-11-07 19:56:54.712 +01:00 [INF] Applying migration '20251024065541_InitialCreate'.
2025-11-07 19:56:54.761 +01:00 [INF] Applying migration '20251101105657_AddIdentitySupport'.
2025-11-07 19:56:54.830 +01:00 [INF] Applying migration '20251103080324_UpdateNextQuestionSceneDeleteBehavior'.
2025-11-07 19:56:55.851 +01:00 [INF] Now listening on: https://localhost:7025
2025-11-07 19:56:55.851 +01:00 [INF] Now listening on: http://localhost:5262
2025-11-07 19:56:55.856 +01:00 [INF] Application started. Press Ctrl+C to shut down.
2025-11-07 19:56:55.857 +01:00 [INF] Hosting environment: Development
2025-11-07 19:56:55.858 +01:00 [INF] Content root path: /Users/jaraazad/Desktop/Jam
2025-11-07 19:56:56.233 +01:00 [INF] Request starting HTTP/2 GET https://localhost:7025/ - null null
2025-11-07 19:56:56.264 +01:00 [INF] Executing endpoint 'Jam.Controllers.HomeController.Index (Jam)'
2025-11-07 19:56:56.271 +01:00 [INF] Route matched with {action = "Index", controller = "Home", page = "", area = ""}. Executing controller action with signature System.Threading.Tasks.Task`1[Microsoft.AspNetCore.Mvc.IActionResult] Index() on controller Jam.Controllers.HomeController (Jam).
2025-11-07 19:56:56.284 +01:00 [WRN] [HomeController -> Index] Auth cookie invalid or user no longer exists. Redirecting to login.
2025-11-07 19:56:56.287 +01:00 [INF] AuthenticationScheme: Identity.Application signed out.
2025-11-07 19:56:56.288 +01:00 [INF] AuthenticationScheme: Identity.External signed out.
2025-11-07 19:56:56.288 +01:00 [INF] AuthenticationScheme: Identity.TwoFactorUserId signed out.
2025-11-07 19:56:56.289 +01:00 [INF] Executing LocalRedirectResult, redirecting to /Identity/Account/Login.
2025-11-07 19:56:56.292 +01:00 [INF] Executed action Jam.Controllers.HomeController.Index (Jam) in 18.167ms
2025-11-07 19:56:56.292 +01:00 [INF] Executed endpoint 'Jam.Controllers.HomeController.Index (Jam)'
2025-11-07 19:56:56.298 +01:00 [INF] Request finished HTTP/2 GET https://localhost:7025/ - 302 0 null 65.7172ms
2025-11-07 19:56:56.351 +01:00 [INF] Request starting HTTP/2 GET https://localhost:7025/Identity/Account/Login - null null
2025-11-07 19:56:56.356 +01:00 [INF] Executing endpoint '/Account/Login'
2025-11-07 19:56:56.369 +01:00 [INF] Route matched with {page = "/Account/Login", area = "Identity", action = "", controller = ""}. Executing page /Account/Login
2025-11-07 19:56:56.377 +01:00 [INF] Executing handler method Jam.Areas.Identity.Pages.Account.LoginModel.OnGetAsync - ModelState is "Valid"
2025-11-07 19:56:56.379 +01:00 [INF] AuthenticationScheme: Identity.External signed out.
2025-11-07 19:56:56.379 +01:00 [INF] Executed handler method OnGetAsync, returned result .
2025-11-07 19:56:56.380 +01:00 [INF] Executing an implicit handler method - ModelState is "Valid"
2025-11-07 19:56:56.380 +01:00 [INF] Executed an implicit handler method, returned result Microsoft.AspNetCore.Mvc.RazorPages.PageResult.
2025-11-07 19:56:56.435 +01:00 [INF] Executed page /Account/Login in 65.9823ms
2025-11-07 19:56:56.462 +01:00 [INF] Request starting HTTP/2 GET https://localhost:7025/lib/jquery-validation/dist/jquery.validate.min.js - null null
2025-11-07 19:56:56.462 +01:00 [INF] Request starting HTTP/2 GET https://localhost:7025/lib/jquery-validation-unobtrusive/jquery.validate.unobtrusive.min.js - null null
2025-11-07 19:56:56.466 +01:00 [INF] Executed endpoint '/Account/Login'
2025-11-07 19:56:56.544 +01:00 [INF] Request finished HTTP/2 GET https://localhost:7025/lib/jquery-validation/dist/jquery.validate.min.js - 404 0 null 81.9874ms
2025-11-07 19:56:56.544 +01:00 [INF] Request finished HTTP/2 GET https://localhost:7025/lib/jquery-validation-unobtrusive/jquery.validate.unobtrusive.min.js - 404 0 null 81.7181ms
2025-11-07 19:56:56.570 +01:00 [INF] Request reached the end of the middleware pipeline without being handled by application code. Request path: GET https://localhost:7025/lib/jquery-validation-unobtrusive/jquery.validate.unobtrusive.min.js, Response status code: 404
2025-11-07 19:56:56.571 +01:00 [INF] Request reached the end of the middleware pipeline without being handled by application code. Request path: GET https://localhost:7025/lib/jquery-validation/dist/jquery.validate.min.js, Response status code: 404
2025-11-07 19:56:56.574 +01:00 [INF] Request finished HTTP/2 GET https://localhost:7025/Identity/Account/Login - 200 null text/html; charset=utf-8 222.3835ms
2025-11-07 19:56:57.551 +01:00 [INF] Request starting HTTP/2 POST https://localhost:7025/Identity/Account/Login - application/x-www-form-urlencoded 236
2025-11-07 19:56:57.612 +01:00 [INF] Executing endpoint '/Account/Login'
2025-11-07 19:56:57.616 +01:00 [INF] Route matched with {page = "/Account/Login", area = "Identity", action = "", controller = ""}. Executing page /Account/Login
2025-11-07 19:56:57.646 +01:00 [INF] Executing handler method Jam.Areas.Identity.Pages.Account.LoginModel.OnPostAsync - ModelState is "Valid"
2025-11-07 19:56:57.759 +01:00 [INF] AuthenticationScheme: Identity.Application signed in.
2025-11-07 19:56:57.759 +01:00 [INF] User logged in.
2025-11-07 19:56:57.760 +01:00 [INF] Executed handler method OnPostAsync, returned result Microsoft.AspNetCore.Mvc.LocalRedirectResult.
2025-11-07 19:56:57.760 +01:00 [INF] Executing LocalRedirectResult, redirecting to /.
2025-11-07 19:56:57.760 +01:00 [INF] Executed page /Account/Login in 143.2972ms
2025-11-07 19:56:57.760 +01:00 [INF] Executed endpoint '/Account/Login'
2025-11-07 19:56:57.760 +01:00 [INF] Request finished HTTP/2 POST https://localhost:7025/Identity/Account/Login - 302 0 null 209.362ms
2025-11-07 19:56:57.787 +01:00 [INF] Request starting HTTP/2 GET https://localhost:7025/ - null null
2025-11-07 19:56:57.788 +01:00 [INF] Executing endpoint 'Jam.Controllers.HomeController.Index (Jam)'
2025-11-07 19:56:57.788 +01:00 [INF] Route matched with {action = "Index", controller = "Home", page = "", area = ""}. Executing controller action with signature System.Threading.Tasks.Task`1[Microsoft.AspNetCore.Mvc.IActionResult] Index() on controller Jam.Controllers.HomeController (Jam).
2025-11-07 19:56:57.840 +01:00 [INF] Executing ViewResult, running view Index.
2025-11-07 19:56:57.883 +01:00 [INF] Executed ViewResult - view Index executed in 44.633ms.
2025-11-07 19:56:57.935 +01:00 [INF] Executed action Jam.Controllers.HomeController.Index (Jam) in 146.3268ms
2025-11-07 19:56:57.935 +01:00 [INF] Executed endpoint 'Jam.Controllers.HomeController.Index (Jam)'
2025-11-07 19:56:57.935 +01:00 [INF] Request finished HTTP/2 GET https://localhost:7025/ - 200 null text/html; charset=utf-8 148.6066ms
2025-11-07 19:56:58.767 +01:00 [INF] Request starting HTTP/2 GET https://localhost:7025/StoryCreation/CreateStoryAndIntro - null null
2025-11-07 19:56:58.796 +01:00 [INF] Executing endpoint 'Jam.Controllers.StoryCreationController.CreateStoryAndIntro (Jam)'
2025-11-07 19:56:58.800 +01:00 [INF] Route matched with {action = "CreateStoryAndIntro", controller = "StoryCreation", page = "", area = ""}. Executing controller action with signature Microsoft.AspNetCore.Mvc.IActionResult CreateStoryAndIntro() on controller Jam.Controllers.StoryCreationController (Jam).
2025-11-07 19:56:58.803 +01:00 [INF] Accessing expired session, Key:81240ac2-d632-8b42-bfc2-321f7eaa06ba
2025-11-07 19:56:58.810 +01:00 [INF] Executing ViewResult, running view CreateStoryAndIntro.
2025-11-07 19:56:58.869 +01:00 [INF] Executed ViewResult - view CreateStoryAndIntro executed in 59.7522ms.
2025-11-07 19:56:58.869 +01:00 [INF] Executed action Jam.Controllers.StoryCreationController.CreateStoryAndIntro (Jam) in 69.4917ms
2025-11-07 19:56:58.869 +01:00 [INF] Executed endpoint 'Jam.Controllers.StoryCreationController.CreateStoryAndIntro (Jam)'
2025-11-07 19:56:58.869 +01:00 [INF] Request finished HTTP/2 GET https://localhost:7025/StoryCreation/CreateStoryAndIntro - 200 null text/html; charset=utf-8 103.0392ms
2025-11-07 19:57:03.032 +01:00 [INF] Request starting HTTP/2 POST https://localhost:7025/StoryCreation/CreateStoryAndIntro - application/x-www-form-urlencoded 303
2025-11-07 19:57:03.063 +01:00 [INF] Executing endpoint 'Jam.Controllers.StoryCreationController.CreateStoryAndIntro (Jam)'
2025-11-07 19:57:03.072 +01:00 [INF] Route matched with {action = "CreateStoryAndIntro", controller = "StoryCreation", page = "", area = ""}. Executing controller action with signature Microsoft.AspNetCore.Mvc.IActionResult CreateStoryAndIntro(Jam.ViewModels.StoryCreation.CreateStoryAndIntroViewModel, System.String) on controller Jam.Controllers.StoryCreationController (Jam).
2025-11-07 19:57:03.080 +01:00 [INF] Accessing expired session, Key:81240ac2-d632-8b42-bfc2-321f7eaa06ba
2025-11-07 19:57:03.109 +01:00 [INF] Executing RedirectResult, redirecting to /StoryCreation/CreateQuestionScenes.
2025-11-07 19:57:03.109 +01:00 [INF] Executed action Jam.Controllers.StoryCreationController.CreateStoryAndIntro (Jam) in 36.9961ms
2025-11-07 19:57:03.110 +01:00 [INF] Executed endpoint 'Jam.Controllers.StoryCreationController.CreateStoryAndIntro (Jam)'
2025-11-07 19:57:03.110 +01:00 [INF] Session started; Key:81240ac2-d632-8b42-bfc2-321f7eaa06ba, Id:99d381bb-fe62-c873-c6e0-c005e42b5a52
2025-11-07 19:57:03.110 +01:00 [INF] Request finished HTTP/2 POST https://localhost:7025/StoryCreation/CreateStoryAndIntro - 302 0 null 103.7717ms
2025-11-07 19:57:03.113 +01:00 [INF] Request starting HTTP/2 GET https://localhost:7025/StoryCreation/CreateQuestionScenes - null null
2025-11-07 19:57:03.114 +01:00 [INF] Executing endpoint 'Jam.Controllers.StoryCreationController.CreateQuestionScenes (Jam)'
2025-11-07 19:57:03.115 +01:00 [INF] Route matched with {action = "CreateQuestionScenes", controller = "StoryCreation", page = "", area = ""}. Executing controller action with signature Microsoft.AspNetCore.Mvc.IActionResult CreateQuestionScenes() on controller Jam.Controllers.StoryCreationController (Jam).
2025-11-07 19:57:03.120 +01:00 [INF] Executing ViewResult, running view CreateQuestionScenes.
2025-11-07 19:57:03.190 +01:00 [INF] Executed ViewResult - view CreateQuestionScenes executed in 70.2699ms.
2025-11-07 19:57:03.190 +01:00 [INF] Executed action Jam.Controllers.StoryCreationController.CreateQuestionScenes (Jam) in 74.8448ms
2025-11-07 19:57:03.190 +01:00 [INF] Executed endpoint 'Jam.Controllers.StoryCreationController.CreateQuestionScenes (Jam)'
2025-11-07 19:57:03.191 +01:00 [INF] Request finished HTTP/2 GET https://localhost:7025/StoryCreation/CreateQuestionScenes - 200 null text/html; charset=utf-8 77.2547ms
2025-11-07 19:57:05.335 +01:00 [INF] Request starting HTTP/2 GET https://localhost:7025/StoryCreation/GetQuestionScenePartial?index=1&questionNumber=2 - null null
2025-11-07 19:57:05.337 +01:00 [INF] Executing endpoint 'Jam.Controllers.StoryCreationController.GetQuestionScenePartial (Jam)'
2025-11-07 19:57:05.340 +01:00 [INF] Route matched with {action = "GetQuestionScenePartial", controller = "StoryCreation", page = "", area = ""}. Executing controller action with signature Microsoft.AspNetCore.Mvc.IActionResult GetQuestionScenePartial(Int32, Int32) on controller Jam.Controllers.StoryCreationController (Jam).
2025-11-07 19:57:05.347 +01:00 [INF] Executing PartialViewResult, running view _QuestionScenePartial.
2025-11-07 19:57:05.383 +01:00 [INF] Executed PartialViewResult - view _QuestionScenePartial executed in 36.0762ms.
2025-11-07 19:57:05.383 +01:00 [INF] Executed action Jam.Controllers.StoryCreationController.GetQuestionScenePartial (Jam) in 42.7306ms
2025-11-07 19:57:05.383 +01:00 [INF] Executed endpoint 'Jam.Controllers.StoryCreationController.GetQuestionScenePartial (Jam)'
2025-11-07 19:57:05.383 +01:00 [INF] Request finished HTTP/2 GET https://localhost:7025/StoryCreation/GetQuestionScenePartial?index=1&questionNumber=2 - 200 null text/html; charset=utf-8 49.2158ms
