2025-11-02 09:00:50.744 +01:00 [INF] User profile is available. Using '/Users/michaelnedgaardisaksen/.aspnet/DataProtection-Keys' as key repository; keys will not be encrypted at rest.
2025-11-02 09:00:51.374 +01:00 [INF] Applying migration '20251024065541_InitialCreate'.
2025-11-02 09:00:51.458 +01:00 [INF] Applying migration '20251101105657_AddIdentitySupport'.
2025-11-02 09:00:52.635 +01:00 [INF] Now listening on: https://localhost:7025
2025-11-02 09:00:52.636 +01:00 [INF] Now listening on: http://localhost:5262
2025-11-02 09:00:52.639 +01:00 [INF] Application started. Press Ctrl+C to shut down.
2025-11-02 09:00:52.640 +01:00 [INF] Hosting environment: Development
2025-11-02 09:00:52.641 +01:00 [INF] Content root path: /Users/michaelnedgaardisaksen/Documents/ITPE3100_Webapplikasjoner/Demo-Jam/Jam
2025-11-02 09:00:52.916 +01:00 [INF] Request starting HTTP/2 GET https://localhost:7025/ - null null
2025-11-02 09:00:52.945 +01:00 [INF] Executing endpoint 'Jam.Controllers.HomeController.Index (Jam)'
2025-11-02 09:00:52.953 +01:00 [INF] Route matched with {action = "Index", controller = "Home", page = "", area = ""}. Executing controller action with signature System.Threading.Tasks.Task`1[Microsoft.AspNetCore.Mvc.IActionResult] Index() on controller Jam.Controllers.HomeController (Jam).
2025-11-02 09:00:52.964 +01:00 [WRN] [HomeController -> Index] User not logged in, redirecting to Login page.
2025-11-02 09:00:52.966 +01:00 [INF] Executing LocalRedirectResult, redirecting to /Identity/Account/Login.
2025-11-02 09:00:52.968 +01:00 [INF] Executed action Jam.Controllers.HomeController.Index (Jam) in 13.4418ms
2025-11-02 09:00:52.969 +01:00 [INF] Executed endpoint 'Jam.Controllers.HomeController.Index (Jam)'
2025-11-02 09:00:52.971 +01:00 [INF] Request finished HTTP/2 GET https://localhost:7025/ - 302 0 null 55.8752ms
2025-11-02 09:00:52.982 +01:00 [INF] Request starting HTTP/2 GET https://localhost:7025/Identity/Account/Login - null null
2025-11-02 09:00:52.984 +01:00 [INF] Executing endpoint '/Account/Login'
2025-11-02 09:00:52.993 +01:00 [INF] Route matched with {page = "/Account/Login", area = "Identity", action = "", controller = ""}. Executing page /Account/Login
2025-11-02 09:00:53.001 +01:00 [INF] Executing handler method Jam.Areas.Identity.Pages.Account.LoginModel.OnGetAsync - ModelState is "Valid"
2025-11-02 09:00:53.005 +01:00 [INF] AuthenticationScheme: Identity.External signed out.
2025-11-02 09:00:53.005 +01:00 [INF] Executed handler method OnGetAsync, returned result .
2025-11-02 09:00:53.006 +01:00 [INF] Executing an implicit handler method - ModelState is "Valid"
2025-11-02 09:00:53.006 +01:00 [INF] Executed an implicit handler method, returned result Microsoft.AspNetCore.Mvc.RazorPages.PageResult.
2025-11-02 09:00:53.061 +01:00 [INF] Executed page /Account/Login in 67.6888ms
2025-11-02 09:00:53.062 +01:00 [INF] Executed endpoint '/Account/Login'
2025-11-02 09:00:53.089 +01:00 [INF] Request finished HTTP/2 GET https://localhost:7025/Identity/Account/Login - 200 null text/html; charset=utf-8 107.5419ms
2025-11-02 09:00:53.168 +01:00 [INF] Request starting HTTP/2 GET https://localhost:7025/lib/jquery-validation/dist/jquery.validate.min.js - null null
2025-11-02 09:00:53.168 +01:00 [INF] Request starting HTTP/2 GET https://localhost:7025/lib/jquery-validation-unobtrusive/jquery.validate.unobtrusive.min.js - null null
2025-11-02 09:00:53.201 +01:00 [INF] Request finished HTTP/2 GET https://localhost:7025/lib/jquery-validation-unobtrusive/jquery.validate.unobtrusive.min.js - 404 0 null 33.0847ms
2025-11-02 09:00:53.201 +01:00 [INF] Request finished HTTP/2 GET https://localhost:7025/lib/jquery-validation/dist/jquery.validate.min.js - 404 0 null 33.2041ms
2025-11-02 09:00:53.202 +01:00 [INF] Request reached the end of the middleware pipeline without being handled by application code. Request path: GET https://localhost:7025/lib/jquery-validation/dist/jquery.validate.min.js, Response status code: 404
2025-11-02 09:00:53.202 +01:00 [INF] Request reached the end of the middleware pipeline without being handled by application code. Request path: GET https://localhost:7025/lib/jquery-validation-unobtrusive/jquery.validate.unobtrusive.min.js, Response status code: 404
2025-11-02 09:01:03.331 +01:00 [INF] Request starting HTTP/2 POST https://localhost:7025/Identity/Account/Login - application/x-www-form-urlencoded 310
2025-11-02 09:01:03.345 +01:00 [INF] Executing endpoint '/Account/Login'
2025-11-02 09:01:03.348 +01:00 [INF] Route matched with {page = "/Account/Login", area = "Identity", action = "", controller = ""}. Executing page /Account/Login
2025-11-02 09:01:03.368 +01:00 [INF] Executing handler method Jam.Areas.Identity.Pages.Account.LoginModel.OnPostAsync - ModelState is "Valid"
2025-11-02 09:01:03.476 +01:00 [INF] AuthenticationScheme: Identity.Application signed in.
2025-11-02 09:01:03.477 +01:00 [INF] User logged in.
2025-11-02 09:01:03.477 +01:00 [INF] Executed handler method OnPostAsync, returned result Microsoft.AspNetCore.Mvc.LocalRedirectResult.
2025-11-02 09:01:03.477 +01:00 [INF] Executing LocalRedirectResult, redirecting to /.
2025-11-02 09:01:03.477 +01:00 [INF] Executed page /Account/Login in 129.2631ms
2025-11-02 09:01:03.477 +01:00 [INF] Executed endpoint '/Account/Login'
2025-11-02 09:01:03.477 +01:00 [INF] Request finished HTTP/2 POST https://localhost:7025/Identity/Account/Login - 302 0 null 168.2567ms
2025-11-02 09:01:03.554 +01:00 [INF] Request starting HTTP/2 GET https://localhost:7025/ - null null
2025-11-02 09:01:03.555 +01:00 [INF] Executing endpoint 'Jam.Controllers.HomeController.Index (Jam)'
2025-11-02 09:01:03.555 +01:00 [INF] Route matched with {action = "Index", controller = "Home", page = "", area = ""}. Executing controller action with signature System.Threading.Tasks.Task`1[Microsoft.AspNetCore.Mvc.IActionResult] Index() on controller Jam.Controllers.HomeController (Jam).
2025-11-02 09:01:03.581 +01:00 [INF] Executing ViewResult, running view Index.
2025-11-02 09:01:03.613 +01:00 [INF] Executed ViewResult - view Index executed in 32.838ms.
2025-11-02 09:01:03.614 +01:00 [INF] Executed action Jam.Controllers.HomeController.Index (Jam) in 58.7191ms
2025-11-02 09:01:03.614 +01:00 [INF] Executed endpoint 'Jam.Controllers.HomeController.Index (Jam)'
2025-11-02 09:01:03.614 +01:00 [INF] Request finished HTTP/2 GET https://localhost:7025/ - 200 null text/html; charset=utf-8 85.7438ms
2025-11-02 09:01:06.305 +01:00 [INF] Request starting HTTP/2 GET https://localhost:7025/StoryPlaying/StartStory?storyId=1 - null null
2025-11-02 09:01:06.312 +01:00 [INF] Executing endpoint 'Jam.Controllers.StoryPlayingController.StartStory (Jam)'
2025-11-02 09:01:06.320 +01:00 [INF] Route matched with {action = "StartStory", controller = "StoryPlaying", page = "", area = ""}. Executing controller action with signature System.Threading.Tasks.Task`1[Microsoft.AspNetCore.Mvc.IActionResult] StartStory(Int32) on controller Jam.Controllers.StoryPlayingController (Jam).
2025-11-02 09:01:06.380 +01:00 [INF] Executing RedirectResult, redirecting to /StoryPlaying/PlayScene?sceneId=3&SceneType=Intro&sessionId=3.
2025-11-02 09:01:06.380 +01:00 [INF] Executed action Jam.Controllers.StoryPlayingController.StartStory (Jam) in 59.6481ms
2025-11-02 09:01:06.380 +01:00 [INF] Executed endpoint 'Jam.Controllers.StoryPlayingController.StartStory (Jam)'
2025-11-02 09:01:06.380 +01:00 [INF] Request finished HTTP/2 GET https://localhost:7025/StoryPlaying/StartStory?storyId=1 - 302 0 null 75.4819ms
2025-11-02 09:01:06.431 +01:00 [INF] Request starting HTTP/2 GET https://localhost:7025/StoryPlaying/PlayScene?sceneId=3&SceneType=Intro&sessionId=3 - null null
2025-11-02 09:01:06.447 +01:00 [INF] Executing endpoint 'Jam.Controllers.StoryPlayingController.PlayScene (Jam)'
2025-11-02 09:01:06.482 +01:00 [INF] Route matched with {action = "PlayScene", controller = "StoryPlaying", page = "", area = ""}. Executing controller action with signature System.Threading.Tasks.Task`1[Microsoft.AspNetCore.Mvc.IActionResult] PlayScene(Int32, Jam.Models.Enums.SceneType, Int32) on controller Jam.Controllers.StoryPlayingController (Jam).
2025-11-02 09:01:06.540 +01:00 [INF] Executing ViewResult, running view PlayScene.
2025-11-02 09:01:06.585 +01:00 [INF] Executed ViewResult - view PlayScene executed in 49.01ms.
2025-11-02 09:01:06.585 +01:00 [INF] Executed action Jam.Controllers.StoryPlayingController.PlayScene (Jam) in 102.4541ms
2025-11-02 09:01:06.585 +01:00 [INF] Executed endpoint 'Jam.Controllers.StoryPlayingController.PlayScene (Jam)'
2025-11-02 09:01:06.585 +01:00 [INF] Request finished HTTP/2 GET https://localhost:7025/StoryPlaying/PlayScene?sceneId=3&SceneType=Intro&sessionId=3 - 200 null text/html; charset=utf-8 175.8752ms
2025-11-02 09:01:06.616 +01:00 [INF] Request starting HTTP/2 GET https://localhost:7025/lib/jquery-validation/dist/jquery.validate.min.js - null null
2025-11-02 09:01:06.616 +01:00 [INF] Request starting HTTP/2 GET https://localhost:7025/lib/jquery-validation-unobtrusive/jquery.validate.unobtrusive.min.js - null null
2025-11-02 09:01:06.618 +01:00 [INF] Request finished HTTP/2 GET https://localhost:7025/lib/jquery-validation-unobtrusive/jquery.validate.unobtrusive.min.js - 404 0 null 2.3505ms
2025-11-02 09:01:06.619 +01:00 [INF] Request finished HTTP/2 GET https://localhost:7025/lib/jquery-validation/dist/jquery.validate.min.js - 404 0 null 2.8222ms
2025-11-02 09:01:06.619 +01:00 [INF] Request reached the end of the middleware pipeline without being handled by application code. Request path: GET https://localhost:7025/lib/jquery-validation-unobtrusive/jquery.validate.unobtrusive.min.js, Response status code: 404
2025-11-02 09:01:06.619 +01:00 [INF] Request reached the end of the middleware pipeline without being handled by application code. Request path: GET https://localhost:7025/lib/jquery-validation/dist/jquery.validate.min.js, Response status code: 404
2025-11-02 09:01:09.677 +01:00 [INF] Request starting HTTP/2 POST https://localhost:7025/StoryPlaying/PlayScene - application/x-www-form-urlencoded 293
2025-11-02 09:01:09.707 +01:00 [INF] Executing endpoint 'Jam.Controllers.StoryPlayingController.PlayScene (Jam)'
2025-11-02 09:01:09.732 +01:00 [INF] Route matched with {action = "PlayScene", controller = "StoryPlaying", page = "", area = ""}. Executing controller action with signature System.Threading.Tasks.Task`1[Microsoft.AspNetCore.Mvc.IActionResult] PlayScene(Jam.ViewModels.StoryPlaying.PlaySceneViewModel) on controller Jam.Controllers.StoryPlayingController (Jam).
2025-11-02 09:01:09.772 +01:00 [INF] Executing RedirectResult, redirecting to /StoryPlaying/PlayScene?sceneId=4&sceneType=Question&sessionId=3.
2025-11-02 09:01:09.772 +01:00 [INF] Executed action Jam.Controllers.StoryPlayingController.PlayScene (Jam) in 40.1081ms
2025-11-02 09:01:09.772 +01:00 [INF] Executed endpoint 'Jam.Controllers.StoryPlayingController.PlayScene (Jam)'
2025-11-02 09:01:09.772 +01:00 [INF] Request finished HTTP/2 POST https://localhost:7025/StoryPlaying/PlayScene - 302 0 null 115.8579ms
2025-11-02 09:01:09.776 +01:00 [INF] Request starting HTTP/2 GET https://localhost:7025/StoryPlaying/PlayScene?sceneId=4&sceneType=Question&sessionId=3 - null null
2025-11-02 09:01:09.776 +01:00 [INF] Executing endpoint 'Jam.Controllers.StoryPlayingController.PlayScene (Jam)'
2025-11-02 09:01:09.776 +01:00 [INF] Route matched with {action = "PlayScene", controller = "StoryPlaying", page = "", area = ""}. Executing controller action with signature System.Threading.Tasks.Task`1[Microsoft.AspNetCore.Mvc.IActionResult] PlayScene(Int32, Jam.Models.Enums.SceneType, Int32) on controller Jam.Controllers.StoryPlayingController (Jam).
2025-11-02 09:01:09.797 +01:00 [INF] Executing ViewResult, running view PlayScene.
2025-11-02 09:01:09.877 +01:00 [INF] Executed ViewResult - view PlayScene executed in 80.2004ms.
2025-11-02 09:01:09.977 +01:00 [INF] Executed action Jam.Controllers.StoryPlayingController.PlayScene (Jam) in 201.1332ms
2025-11-02 09:01:09.977 +01:00 [INF] Executed endpoint 'Jam.Controllers.StoryPlayingController.PlayScene (Jam)'
2025-11-02 09:01:09.978 +01:00 [INF] Request starting HTTP/2 GET https://localhost:7025/lib/jquery-validation/dist/jquery.validate.min.js - null null
2025-11-02 09:01:09.978 +01:00 [INF] Request starting HTTP/2 GET https://localhost:7025/lib/jquery-validation-unobtrusive/jquery.validate.unobtrusive.min.js - null null
2025-11-02 09:01:10.003 +01:00 [INF] Request finished HTTP/2 GET https://localhost:7025/StoryPlaying/PlayScene?sceneId=4&sceneType=Question&sessionId=3 - 200 null text/html; charset=utf-8 227.5372ms
2025-11-02 09:01:10.005 +01:00 [INF] Request finished HTTP/2 GET https://localhost:7025/lib/jquery-validation/dist/jquery.validate.min.js - 404 0 null 27.2943ms
2025-11-02 09:01:10.005 +01:00 [INF] Request finished HTTP/2 GET https://localhost:7025/lib/jquery-validation-unobtrusive/jquery.validate.unobtrusive.min.js - 404 0 null 27.1334ms
2025-11-02 09:01:10.005 +01:00 [INF] Request reached the end of the middleware pipeline without being handled by application code. Request path: GET https://localhost:7025/lib/jquery-validation/dist/jquery.validate.min.js, Response status code: 404
2025-11-02 09:01:10.005 +01:00 [INF] Request reached the end of the middleware pipeline without being handled by application code. Request path: GET https://localhost:7025/lib/jquery-validation-unobtrusive/jquery.validate.unobtrusive.min.js, Response status code: 404
2025-11-02 09:01:11.574 +01:00 [INF] Request starting HTTP/2 POST https://localhost:7025/StoryPlaying/PlayScene - application/x-www-form-urlencoded 296
2025-11-02 09:01:11.576 +01:00 [INF] Executing endpoint 'Jam.Controllers.StoryPlayingController.PlayScene (Jam)'
2025-11-02 09:01:11.576 +01:00 [INF] Route matched with {action = "PlayScene", controller = "StoryPlaying", page = "", area = ""}. Executing controller action with signature System.Threading.Tasks.Task`1[Microsoft.AspNetCore.Mvc.IActionResult] PlayScene(Jam.ViewModels.StoryPlaying.PlaySceneViewModel) on controller Jam.Controllers.StoryPlayingController (Jam).
2025-11-02 09:01:11.606 +01:00 [INF] Executing BadRequestObjectResult, writing value of type 'System.String'.
2025-11-02 09:01:11.607 +01:00 [INF] Executed action Jam.Controllers.StoryPlayingController.PlayScene (Jam) in 30.9463ms
2025-11-02 09:01:11.608 +01:00 [INF] Executed endpoint 'Jam.Controllers.StoryPlayingController.PlayScene (Jam)'
2025-11-02 09:01:11.608 +01:00 [INF] Request finished HTTP/2 POST https://localhost:7025/StoryPlaying/PlayScene - 400 null text/plain; charset=utf-8 33.5345ms
