2025-11-07 19:45:10.923 +01:00 [INF] User profile is available. Using '/Users/jaraazad/.aspnet/DataProtection-Keys' as key repository; keys will not be encrypted at rest.
2025-11-07 19:45:11.520 +01:00 [INF] Applying migration '20251024065541_InitialCreate'.
2025-11-07 19:45:11.564 +01:00 [INF] Applying migration '20251101105657_AddIdentitySupport'.
2025-11-07 19:45:11.689 +01:00 [INF] Applying migration '20251103080324_UpdateNextQuestionSceneDeleteBehavior'.
2025-11-07 19:45:13.072 +01:00 [INF] Now listening on: https://localhost:7025
2025-11-07 19:45:13.073 +01:00 [INF] Now listening on: http://localhost:5262
2025-11-07 19:45:13.077 +01:00 [INF] Application started. Press Ctrl+C to shut down.
2025-11-07 19:45:13.078 +01:00 [INF] Hosting environment: Development
2025-11-07 19:45:13.079 +01:00 [INF] Content root path: /Users/jaraazad/Desktop/Jam
2025-11-07 19:45:13.272 +01:00 [INF] Request starting HTTP/2 GET https://localhost:7025/ - null null
2025-11-07 19:45:13.306 +01:00 [INF] Executing endpoint 'Jam.Controllers.HomeController.Index (Jam)'
2025-11-07 19:45:13.314 +01:00 [INF] Route matched with {action = "Index", controller = "Home", page = "", area = ""}. Executing controller action with signature System.Threading.Tasks.Task`1[Microsoft.AspNetCore.Mvc.IActionResult] Index() on controller Jam.Controllers.HomeController (Jam).
2025-11-07 19:45:13.327 +01:00 [WRN] [HomeController -> Index] Auth cookie invalid or user no longer exists. Redirecting to login.
2025-11-07 19:45:13.331 +01:00 [INF] AuthenticationScheme: Identity.Application signed out.
2025-11-07 19:45:13.333 +01:00 [INF] AuthenticationScheme: Identity.External signed out.
2025-11-07 19:45:13.333 +01:00 [INF] AuthenticationScheme: Identity.TwoFactorUserId signed out.
2025-11-07 19:45:13.336 +01:00 [INF] Executing LocalRedirectResult, redirecting to /Identity/Account/Login.
2025-11-07 19:45:13.339 +01:00 [INF] Executed action Jam.Controllers.HomeController.Index (Jam) in 22.5069ms
2025-11-07 19:45:13.340 +01:00 [INF] Executed endpoint 'Jam.Controllers.HomeController.Index (Jam)'
2025-11-07 19:45:13.344 +01:00 [INF] Request finished HTTP/2 GET https://localhost:7025/ - 302 0 null 73.3316ms
2025-11-07 19:45:13.356 +01:00 [INF] Request starting HTTP/2 GET https://localhost:7025/Identity/Account/Login - null null
2025-11-07 19:45:13.385 +01:00 [INF] Executing endpoint '/Account/Login'
2025-11-07 19:45:13.396 +01:00 [INF] Route matched with {page = "/Account/Login", area = "Identity", action = "", controller = ""}. Executing page /Account/Login
2025-11-07 19:45:13.407 +01:00 [INF] Executing handler method Jam.Areas.Identity.Pages.Account.LoginModel.OnGetAsync - ModelState is "Valid"
2025-11-07 19:45:13.408 +01:00 [INF] AuthenticationScheme: Identity.External signed out.
2025-11-07 19:45:13.409 +01:00 [INF] Executed handler method OnGetAsync, returned result .
2025-11-07 19:45:13.410 +01:00 [INF] Executing an implicit handler method - ModelState is "Valid"
2025-11-07 19:45:13.785 +01:00 [INF] Executed an implicit handler method, returned result Microsoft.AspNetCore.Mvc.RazorPages.PageResult.
2025-11-07 19:45:13.888 +01:00 [INF] Executed page /Account/Login in 491.3434ms
2025-11-07 19:45:13.889 +01:00 [INF] Executed endpoint '/Account/Login'
2025-11-07 19:45:13.894 +01:00 [INF] Request finished HTTP/2 GET https://localhost:7025/Identity/Account/Login - 200 null text/html; charset=utf-8 538.4361ms
2025-11-07 19:45:13.926 +01:00 [INF] Request starting HTTP/2 GET https://localhost:7025/lib/jquery-validation-unobtrusive/jquery.validate.unobtrusive.min.js - null null
2025-11-07 19:45:13.927 +01:00 [INF] Request starting HTTP/2 GET https://localhost:7025/lib/jquery-validation/dist/jquery.validate.min.js - null null
2025-11-07 19:45:13.933 +01:00 [INF] Request finished HTTP/2 GET https://localhost:7025/lib/jquery-validation/dist/jquery.validate.min.js - 404 0 null 6.9302ms
2025-11-07 19:45:13.933 +01:00 [INF] Request finished HTTP/2 GET https://localhost:7025/lib/jquery-validation-unobtrusive/jquery.validate.unobtrusive.min.js - 404 0 null 7.2045ms
2025-11-07 19:45:13.935 +01:00 [INF] Request reached the end of the middleware pipeline without being handled by application code. Request path: GET https://localhost:7025/lib/jquery-validation/dist/jquery.validate.min.js, Response status code: 404
2025-11-07 19:45:13.935 +01:00 [INF] Request reached the end of the middleware pipeline without being handled by application code. Request path: GET https://localhost:7025/lib/jquery-validation-unobtrusive/jquery.validate.unobtrusive.min.js, Response status code: 404
2025-11-07 19:45:14.567 +01:00 [INF] Request starting HTTP/2 POST https://localhost:7025/Identity/Account/Login - application/x-www-form-urlencoded 236
2025-11-07 19:45:14.571 +01:00 [INF] Executing endpoint '/Account/Login'
2025-11-07 19:45:14.571 +01:00 [INF] Route matched with {page = "/Account/Login", area = "Identity", action = "", controller = ""}. Executing page /Account/Login
2025-11-07 19:45:14.597 +01:00 [INF] Executing handler method Jam.Areas.Identity.Pages.Account.LoginModel.OnPostAsync - ModelState is "Valid"
2025-11-07 19:45:14.835 +01:00 [INF] AuthenticationScheme: Identity.Application signed in.
2025-11-07 19:45:14.836 +01:00 [INF] User logged in.
2025-11-07 19:45:14.837 +01:00 [INF] Executed handler method OnPostAsync, returned result Microsoft.AspNetCore.Mvc.LocalRedirectResult.
2025-11-07 19:45:14.837 +01:00 [INF] Executing LocalRedirectResult, redirecting to /.
2025-11-07 19:45:14.837 +01:00 [INF] Executed page /Account/Login in 265.7996ms
2025-11-07 19:45:14.837 +01:00 [INF] Executed endpoint '/Account/Login'
2025-11-07 19:45:14.837 +01:00 [INF] Request finished HTTP/2 POST https://localhost:7025/Identity/Account/Login - 302 0 null 270.6414ms
2025-11-07 19:45:14.908 +01:00 [INF] Request starting HTTP/2 GET https://localhost:7025/ - null null
2025-11-07 19:45:14.910 +01:00 [INF] Executing endpoint 'Jam.Controllers.HomeController.Index (Jam)'
2025-11-07 19:45:14.911 +01:00 [INF] Route matched with {action = "Index", controller = "Home", page = "", area = ""}. Executing controller action with signature System.Threading.Tasks.Task`1[Microsoft.AspNetCore.Mvc.IActionResult] Index() on controller Jam.Controllers.HomeController (Jam).
2025-11-07 19:45:14.965 +01:00 [INF] Executing ViewResult, running view Index.
2025-11-07 19:45:15.012 +01:00 [INF] Executed ViewResult - view Index executed in 20.3625ms.
2025-11-07 19:45:15.038 +01:00 [INF] Executed action Jam.Controllers.HomeController.Index (Jam) in 126.8222ms
2025-11-07 19:45:15.038 +01:00 [INF] Executed endpoint 'Jam.Controllers.HomeController.Index (Jam)'
2025-11-07 19:45:15.038 +01:00 [INF] Request finished HTTP/2 GET https://localhost:7025/ - 200 null text/html; charset=utf-8 129.6951ms
2025-11-07 19:45:15.730 +01:00 [INF] Request starting HTTP/2 GET https://localhost:7025/StoryCreation/CreateStoryAndIntro - null null
2025-11-07 19:45:15.756 +01:00 [INF] Executing endpoint 'Jam.Controllers.StoryCreationController.CreateStoryAndIntro (Jam)'
2025-11-07 19:45:15.759 +01:00 [INF] Route matched with {action = "CreateStoryAndIntro", controller = "StoryCreation", page = "", area = ""}. Executing controller action with signature Microsoft.AspNetCore.Mvc.IActionResult CreateStoryAndIntro() on controller Jam.Controllers.StoryCreationController (Jam).
2025-11-07 19:45:15.762 +01:00 [INF] Accessing expired session, Key:81240ac2-d632-8b42-bfc2-321f7eaa06ba
2025-11-07 19:45:15.767 +01:00 [INF] Executing ViewResult, running view CreateStoryAndIntro.
2025-11-07 19:45:15.854 +01:00 [INF] Executed ViewResult - view CreateStoryAndIntro executed in 87.2149ms.
2025-11-07 19:45:15.900 +01:00 [INF] Executed action Jam.Controllers.StoryCreationController.CreateStoryAndIntro (Jam) in 141.6409ms
2025-11-07 19:45:15.901 +01:00 [INF] Executed endpoint 'Jam.Controllers.StoryCreationController.CreateStoryAndIntro (Jam)'
2025-11-07 19:45:15.901 +01:00 [INF] Request finished HTTP/2 GET https://localhost:7025/StoryCreation/CreateStoryAndIntro - 200 null text/html; charset=utf-8 170.65ms
2025-11-07 19:45:19.722 +01:00 [INF] Request starting HTTP/2 POST https://localhost:7025/StoryCreation/CreateStoryAndIntro - application/x-www-form-urlencoded 304
2025-11-07 19:45:19.755 +01:00 [INF] Executing endpoint 'Jam.Controllers.StoryCreationController.CreateStoryAndIntro (Jam)'
2025-11-07 19:45:19.771 +01:00 [INF] Route matched with {action = "CreateStoryAndIntro", controller = "StoryCreation", page = "", area = ""}. Executing controller action with signature Microsoft.AspNetCore.Mvc.IActionResult CreateStoryAndIntro(Jam.ViewModels.StoryCreation.CreateStoryAndIntroViewModel, System.String) on controller Jam.Controllers.StoryCreationController (Jam).
2025-11-07 19:45:19.779 +01:00 [INF] Accessing expired session, Key:81240ac2-d632-8b42-bfc2-321f7eaa06ba
2025-11-07 19:45:19.807 +01:00 [INF] Executing RedirectResult, redirecting to /StoryCreation/CreateQuestionScenes.
2025-11-07 19:45:19.807 +01:00 [INF] Executed action Jam.Controllers.StoryCreationController.CreateStoryAndIntro (Jam) in 35.7545ms
2025-11-07 19:45:19.807 +01:00 [INF] Executed endpoint 'Jam.Controllers.StoryCreationController.CreateStoryAndIntro (Jam)'
2025-11-07 19:45:19.808 +01:00 [INF] Session started; Key:81240ac2-d632-8b42-bfc2-321f7eaa06ba, Id:ae98460f-c9fc-8f75-a114-5ead9eb7e3a1
2025-11-07 19:45:19.808 +01:00 [INF] Request finished HTTP/2 POST https://localhost:7025/StoryCreation/CreateStoryAndIntro - 302 0 null 133.0289ms
2025-11-07 19:45:19.839 +01:00 [INF] Request starting HTTP/2 GET https://localhost:7025/StoryCreation/CreateQuestionScenes - null null
2025-11-07 19:45:19.840 +01:00 [INF] Executing endpoint 'Jam.Controllers.StoryCreationController.CreateQuestionScenes (Jam)'
2025-11-07 19:45:19.841 +01:00 [INF] Route matched with {action = "CreateQuestionScenes", controller = "StoryCreation", page = "", area = ""}. Executing controller action with signature Microsoft.AspNetCore.Mvc.IActionResult CreateQuestionScenes() on controller Jam.Controllers.StoryCreationController (Jam).
2025-11-07 19:45:19.847 +01:00 [INF] Executing ViewResult, running view CreateQuestionScenes.
2025-11-07 19:45:19.948 +01:00 [INF] Executed ViewResult - view CreateQuestionScenes executed in 101.725ms.
2025-11-07 19:45:19.949 +01:00 [INF] Executed action Jam.Controllers.StoryCreationController.CreateQuestionScenes (Jam) in 107.4566ms
2025-11-07 19:45:19.949 +01:00 [INF] Executed endpoint 'Jam.Controllers.StoryCreationController.CreateQuestionScenes (Jam)'
2025-11-07 19:45:19.951 +01:00 [INF] Request finished HTTP/2 GET https://localhost:7025/StoryCreation/CreateQuestionScenes - 200 null text/html; charset=utf-8 111.5853ms
2025-11-07 19:45:21.428 +01:00 [INF] Request starting HTTP/2 GET https://localhost:7025/StoryCreation/GetQuestionScenePartial?index=1&questionNumber=2 - null null
2025-11-07 19:45:21.430 +01:00 [INF] Executing endpoint 'Jam.Controllers.StoryCreationController.GetQuestionScenePartial (Jam)'
2025-11-07 19:45:21.433 +01:00 [INF] Route matched with {action = "GetQuestionScenePartial", controller = "StoryCreation", page = "", area = ""}. Executing controller action with signature Microsoft.AspNetCore.Mvc.IActionResult GetQuestionScenePartial(Int32, Int32) on controller Jam.Controllers.StoryCreationController (Jam).
2025-11-07 19:45:21.442 +01:00 [INF] Executing PartialViewResult, running view _QuestionScenePartial.
2025-11-07 19:45:21.453 +01:00 [INF] Executed PartialViewResult - view _QuestionScenePartial executed in 12.0881ms.
2025-11-07 19:45:21.453 +01:00 [INF] Executed action Jam.Controllers.StoryCreationController.GetQuestionScenePartial (Jam) in 20.3843ms
2025-11-07 19:45:21.454 +01:00 [INF] Executed endpoint 'Jam.Controllers.StoryCreationController.GetQuestionScenePartial (Jam)'
2025-11-07 19:45:21.454 +01:00 [INF] Request finished HTTP/2 GET https://localhost:7025/StoryCreation/GetQuestionScenePartial?index=1&questionNumber=2 - 200 null text/html; charset=utf-8 25.3686ms
