2025-10-30 21:27:51.585 +01:00 [INF] Applying migration '20251024065541_InitialCreate'.
2025-10-30 21:27:51.992 +01:00 [INF] User profile is available. Using '/Users/michaelnedgaardisaksen/.aspnet/DataProtection-Keys' as key repository; keys will not be encrypted at rest.
2025-10-30 21:27:52.316 +01:00 [INF] Now listening on: https://localhost:7025
2025-10-30 21:27:52.317 +01:00 [INF] Now listening on: http://localhost:5262
2025-10-30 21:27:52.324 +01:00 [INF] Application started. Press Ctrl+C to shut down.
2025-10-30 21:27:52.325 +01:00 [INF] Hosting environment: Development
2025-10-30 21:27:52.326 +01:00 [INF] Content root path: /Users/michaelnedgaardisaksen/Documents/ITPE3100_Webapplikasjoner/Demo-Jam/Jam
2025-10-30 21:27:52.607 +01:00 [INF] Request starting HTTP/2 GET https://localhost:7025/ - null null
2025-10-30 21:27:52.627 +01:00 [INF] Executing endpoint 'Jam.Controllers.HomeController.Index (Jam)'
2025-10-30 21:27:52.638 +01:00 [INF] Route matched with {action = "Index", controller = "Home"}. Executing controller action with signature System.Threading.Tasks.Task`1[Microsoft.AspNetCore.Mvc.IActionResult] Index() on controller Jam.Controllers.HomeController (Jam).
2025-10-30 21:27:52.791 +01:00 [INF] Executing ViewResult, running view Index.
2025-10-30 21:27:52.848 +01:00 [INF] Executed ViewResult - view Index executed in 52.7976ms.
2025-10-30 21:27:52.857 +01:00 [INF] Executed action Jam.Controllers.HomeController.Index (Jam) in 216.0223ms
2025-10-30 21:27:52.858 +01:00 [INF] Executed endpoint 'Jam.Controllers.HomeController.Index (Jam)'
2025-10-30 21:27:52.867 +01:00 [INF] Request finished HTTP/2 GET https://localhost:7025/ - 200 null text/html; charset=utf-8 260.9652ms
2025-10-30 21:27:55.616 +01:00 [INF] Request starting HTTP/2 GET https://localhost:7025/StoryCreation/CreateStoryAndIntro - null null
2025-10-30 21:27:55.621 +01:00 [INF] Executing endpoint 'Jam.Controllers.StoryCreationController.CreateStoryAndIntro (Jam)'
2025-10-30 21:27:55.625 +01:00 [INF] Route matched with {action = "CreateStoryAndIntro", controller = "StoryCreation"}. Executing controller action with signature Microsoft.AspNetCore.Mvc.IActionResult CreateStoryAndIntro() on controller Jam.Controllers.StoryCreationController (Jam).
2025-10-30 21:27:55.637 +01:00 [INF] Executing ViewResult, running view CreateStoryAndIntro.
2025-10-30 21:27:55.700 +01:00 [INF] Executed ViewResult - view CreateStoryAndIntro executed in 63.6544ms.
2025-10-30 21:27:55.779 +01:00 [INF] Executed action Jam.Controllers.StoryCreationController.CreateStoryAndIntro (Jam) in 154.1574ms
2025-10-30 21:27:55.779 +01:00 [INF] Executed endpoint 'Jam.Controllers.StoryCreationController.CreateStoryAndIntro (Jam)'
2025-10-30 21:27:55.780 +01:00 [INF] Request finished HTTP/2 GET https://localhost:7025/StoryCreation/CreateStoryAndIntro - 200 null text/html; charset=utf-8 163.6148ms
2025-10-30 21:28:05.715 +01:00 [INF] Request starting HTTP/2 GET https://localhost:7025/StoryEditing/EditStory?storyId=1 - null null
2025-10-30 21:28:05.721 +01:00 [INF] Executing endpoint 'Jam.Controllers.StoryEditingController.EditStory (Jam)'
2025-10-30 21:28:05.735 +01:00 [INF] Route matched with {action = "EditStory", controller = "StoryEditing"}. Executing controller action with signature System.Threading.Tasks.Task`1[Microsoft.AspNetCore.Mvc.IActionResult] EditStory(Int32) on controller Jam.Controllers.StoryEditingController (Jam).
2025-10-30 21:28:05.778 +01:00 [INF] Executing ViewResult, running view EditStory.
2025-10-30 21:28:05.867 +01:00 [INF] Executed ViewResult - view EditStory executed in 88.8153ms.
2025-10-30 21:28:05.892 +01:00 [INF] Executed action Jam.Controllers.StoryEditingController.EditStory (Jam) in 156.516ms
2025-10-30 21:28:05.892 +01:00 [INF] Executed endpoint 'Jam.Controllers.StoryEditingController.EditStory (Jam)'
2025-10-30 21:28:05.892 +01:00 [INF] Request finished HTTP/2 GET https://localhost:7025/StoryEditing/EditStory?storyId=1 - 200 null text/html; charset=utf-8 178.6101ms
2025-10-30 21:28:08.974 +01:00 [INF] Request starting HTTP/2 GET https://localhost:7025/StoryEditing/EditQuestionScenes?storyId=1%20class%3D - null null
2025-10-30 21:28:08.978 +01:00 [INF] Executing endpoint 'Jam.Controllers.StoryEditingController.EditQuestionScenes (Jam)'
2025-10-30 21:28:08.984 +01:00 [INF] Route matched with {action = "EditQuestionScenes", controller = "StoryEditing"}. Executing controller action with signature System.Threading.Tasks.Task`1[Microsoft.AspNetCore.Mvc.IActionResult] EditQuestionScenes(Int32) on controller Jam.Controllers.StoryEditingController (Jam).
2025-10-30 21:28:08.999 +01:00 [WRN] [SceneRepository -> GetQuestionScenesByStoryId] Invalid storyId provided: 0
2025-10-30 21:28:09.003 +01:00 [INF] Executing RedirectResult, redirecting to /StoryEditing/EditStory?storyId=0.
2025-10-30 21:28:09.007 +01:00 [INF] Executed action Jam.Controllers.StoryEditingController.EditQuestionScenes (Jam) in 22.588ms
2025-10-30 21:28:09.007 +01:00 [INF] Executed endpoint 'Jam.Controllers.StoryEditingController.EditQuestionScenes (Jam)'
2025-10-30 21:28:09.007 +01:00 [INF] Request finished HTTP/2 GET https://localhost:7025/StoryEditing/EditQuestionScenes?storyId=1%20class%3D - 302 0 null 33.173ms
2025-10-30 21:28:09.038 +01:00 [INF] Request starting HTTP/2 GET https://localhost:7025/StoryEditing/EditStory?storyId=0 - null null
2025-10-30 21:28:09.038 +01:00 [INF] Executing endpoint 'Jam.Controllers.StoryEditingController.EditStory (Jam)'
2025-10-30 21:28:09.038 +01:00 [INF] Route matched with {action = "EditStory", controller = "StoryEditing"}. Executing controller action with signature System.Threading.Tasks.Task`1[Microsoft.AspNetCore.Mvc.IActionResult] EditStory(Int32) on controller Jam.Controllers.StoryEditingController (Jam).
2025-10-30 21:28:09.040 +01:00 [WRN] [StoryRepository -> GetStoryById] Invalid story id 0 provided
2025-10-30 21:28:09.041 +01:00 [WRN] [StoryEditingController -> EditStory:GET] Story not found for storyId=0
2025-10-30 21:28:09.042 +01:00 [INF] Executing ViewResult, running view Error.
2025-10-30 21:28:09.046 +01:00 [INF] Executed ViewResult - view Error executed in 4.1902ms.
2025-10-30 21:28:09.046 +01:00 [INF] Executed action Jam.Controllers.StoryEditingController.EditStory (Jam) in 7.2877ms
2025-10-30 21:28:09.046 +01:00 [INF] Executed endpoint 'Jam.Controllers.StoryEditingController.EditStory (Jam)'
2025-10-30 21:28:09.046 +01:00 [INF] Request finished HTTP/2 GET https://localhost:7025/StoryEditing/EditStory?storyId=0 - 200 null text/html; charset=utf-8 7.9647ms
