2025-11-09 17:34:45.727 +01:00 [INF] User profile is available. Using '/Users/jaraazad/.aspnet/DataProtection-Keys' as key repository; keys will not be encrypted at rest.
2025-11-09 17:34:46.255 +01:00 [INF] Applying migration '20251024065541_InitialCreate'.
2025-11-09 17:34:46.364 +01:00 [INF] Applying migration '20251101105657_AddIdentitySupport'.
2025-11-09 17:34:46.418 +01:00 [INF] Applying migration '20251103080324_UpdateNextQuestionSceneDeleteBehavior'.
2025-11-09 17:34:47.458 +01:00 [INF] Now listening on: https://localhost:7025
2025-11-09 17:34:47.459 +01:00 [INF] Now listening on: http://localhost:5262
2025-11-09 17:34:47.464 +01:00 [INF] Application started. Press Ctrl+C to shut down.
2025-11-09 17:34:47.465 +01:00 [INF] Hosting environment: Development
2025-11-09 17:34:47.466 +01:00 [INF] Content root path: /Users/jaraazad/Desktop/Jam
2025-11-09 17:34:47.849 +01:00 [INF] Request starting HTTP/2 GET https://localhost:7025/ - null null
2025-11-09 17:34:47.882 +01:00 [INF] Executing endpoint 'Jam.Controllers.HomeController.Index (Jam)'
2025-11-09 17:34:47.889 +01:00 [INF] Route matched with {action = "Index", controller = "Home", page = "", area = ""}. Executing controller action with signature System.Threading.Tasks.Task`1[Microsoft.AspNetCore.Mvc.IActionResult] Index() on controller Jam.Controllers.HomeController (Jam).
2025-11-09 17:34:47.902 +01:00 [WRN] [HomeController -> Index] Auth cookie invalid or user no longer exists. Redirecting to login.
2025-11-09 17:34:47.906 +01:00 [INF] AuthenticationScheme: Identity.Application signed out.
2025-11-09 17:34:47.907 +01:00 [INF] AuthenticationScheme: Identity.External signed out.
2025-11-09 17:34:47.907 +01:00 [INF] AuthenticationScheme: Identity.TwoFactorUserId signed out.
2025-11-09 17:34:47.909 +01:00 [INF] Executing LocalRedirectResult, redirecting to /Identity/Account/Login.
2025-11-09 17:34:47.914 +01:00 [INF] Executed action Jam.Controllers.HomeController.Index (Jam) in 20.068ms
2025-11-09 17:34:47.915 +01:00 [INF] Executed endpoint 'Jam.Controllers.HomeController.Index (Jam)'
2025-11-09 17:34:47.921 +01:00 [INF] Request finished HTTP/2 GET https://localhost:7025/ - 302 0 null 73.0763ms
2025-11-09 17:34:47.973 +01:00 [INF] Request starting HTTP/2 GET https://localhost:7025/Identity/Account/Login - null null
2025-11-09 17:34:47.977 +01:00 [INF] Executing endpoint '/Account/Login'
2025-11-09 17:34:47.990 +01:00 [INF] Route matched with {page = "/Account/Login", area = "Identity", action = "", controller = ""}. Executing page /Account/Login
2025-11-09 17:34:47.998 +01:00 [INF] Executing handler method Jam.Areas.Identity.Pages.Account.LoginModel.OnGetAsync - ModelState is "Valid"
2025-11-09 17:34:47.999 +01:00 [INF] AuthenticationScheme: Identity.External signed out.
2025-11-09 17:34:48.000 +01:00 [INF] Executed handler method OnGetAsync, returned result .
2025-11-09 17:34:48.001 +01:00 [INF] Executing an implicit handler method - ModelState is "Valid"
2025-11-09 17:34:48.001 +01:00 [INF] Executed an implicit handler method, returned result Microsoft.AspNetCore.Mvc.RazorPages.PageResult.
2025-11-09 17:34:48.055 +01:00 [INF] Executed page /Account/Login in 64.3599ms
2025-11-09 17:34:48.055 +01:00 [INF] Executed endpoint '/Account/Login'
2025-11-09 17:34:48.057 +01:00 [INF] Request finished HTTP/2 GET https://localhost:7025/Identity/Account/Login - 200 null text/html; charset=utf-8 84.3509ms
2025-11-09 17:34:48.100 +01:00 [INF] Request starting HTTP/2 GET https://localhost:7025/lib/jquery-validation/dist/jquery.validate.min.js - null null
2025-11-09 17:34:48.100 +01:00 [INF] Request starting HTTP/2 GET https://localhost:7025/lib/jquery-validation-unobtrusive/jquery.validate.unobtrusive.min.js - null null
2025-11-09 17:34:48.103 +01:00 [INF] Request finished HTTP/2 GET https://localhost:7025/lib/jquery-validation/dist/jquery.validate.min.js - 404 0 null 3.0182ms
2025-11-09 17:34:48.103 +01:00 [INF] Request finished HTTP/2 GET https://localhost:7025/lib/jquery-validation-unobtrusive/jquery.validate.unobtrusive.min.js - 404 0 null 2.9153ms
2025-11-09 17:34:48.104 +01:00 [INF] Request reached the end of the middleware pipeline without being handled by application code. Request path: GET https://localhost:7025/lib/jquery-validation-unobtrusive/jquery.validate.unobtrusive.min.js, Response status code: 404
2025-11-09 17:34:48.104 +01:00 [INF] Request reached the end of the middleware pipeline without being handled by application code. Request path: GET https://localhost:7025/lib/jquery-validation/dist/jquery.validate.min.js, Response status code: 404
