2025-11-09 16:41:37.645 +01:00 [INF] User profile is available. Using '/Users/jaraazad/.aspnet/DataProtection-Keys' as key repository; keys will not be encrypted at rest.
2025-11-09 16:41:38.140 +01:00 [INF] Applying migration '20251024065541_InitialCreate'.
2025-11-09 16:41:38.183 +01:00 [INF] Applying migration '20251101105657_AddIdentitySupport'.
2025-11-09 16:41:38.228 +01:00 [INF] Applying migration '20251103080324_UpdateNextQuestionSceneDeleteBehavior'.
2025-11-09 16:41:39.146 +01:00 [INF] Now listening on: https://localhost:7025
2025-11-09 16:41:39.147 +01:00 [INF] Now listening on: http://localhost:5262
2025-11-09 16:41:39.151 +01:00 [INF] Application started. Press Ctrl+C to shut down.
2025-11-09 16:41:39.152 +01:00 [INF] Hosting environment: Development
2025-11-09 16:41:39.153 +01:00 [INF] Content root path: /Users/jaraazad/Desktop/Jam
2025-11-09 16:41:39.534 +01:00 [INF] Request starting HTTP/2 GET https://localhost:7025/ - null null
2025-11-09 16:41:39.581 +01:00 [INF] Executing endpoint 'Jam.Controllers.HomeController.Index (Jam)'
2025-11-09 16:41:39.590 +01:00 [INF] Route matched with {action = "Index", controller = "Home", page = "", area = ""}. Executing controller action with signature System.Threading.Tasks.Task`1[Microsoft.AspNetCore.Mvc.IActionResult] Index() on controller Jam.Controllers.HomeController (Jam).
2025-11-09 16:41:39.642 +01:00 [WRN] [HomeController -> Index] Auth cookie invalid or user no longer exists. Redirecting to login.
2025-11-09 16:41:39.648 +01:00 [INF] AuthenticationScheme: Identity.Application signed out.
2025-11-09 16:41:39.649 +01:00 [INF] AuthenticationScheme: Identity.External signed out.
2025-11-09 16:41:39.649 +01:00 [INF] AuthenticationScheme: Identity.TwoFactorUserId signed out.
2025-11-09 16:41:39.651 +01:00 [INF] Executing LocalRedirectResult, redirecting to /Identity/Account/Login.
2025-11-09 16:41:39.653 +01:00 [INF] Executed action Jam.Controllers.HomeController.Index (Jam) in 60.6758ms
2025-11-09 16:41:39.654 +01:00 [INF] Executed endpoint 'Jam.Controllers.HomeController.Index (Jam)'
2025-11-09 16:41:39.659 +01:00 [INF] Request finished HTTP/2 GET https://localhost:7025/ - 302 0 null 127.3102ms
2025-11-09 16:41:39.665 +01:00 [INF] Request starting HTTP/2 GET https://localhost:7025/Identity/Account/Login - null null
2025-11-09 16:41:39.667 +01:00 [INF] Executing endpoint '/Account/Login'
2025-11-09 16:41:39.676 +01:00 [INF] Route matched with {page = "/Account/Login", area = "Identity", action = "", controller = ""}. Executing page /Account/Login
2025-11-09 16:41:39.684 +01:00 [INF] Executing handler method Jam.Areas.Identity.Pages.Account.LoginModel.OnGetAsync - ModelState is "Valid"
2025-11-09 16:41:39.685 +01:00 [INF] AuthenticationScheme: Identity.External signed out.
2025-11-09 16:41:39.686 +01:00 [INF] Executed handler method OnGetAsync, returned result .
2025-11-09 16:41:39.687 +01:00 [INF] Executing an implicit handler method - ModelState is "Valid"
2025-11-09 16:41:39.687 +01:00 [INF] Executed an implicit handler method, returned result Microsoft.AspNetCore.Mvc.RazorPages.PageResult.
2025-11-09 16:41:39.747 +01:00 [INF] Executed page /Account/Login in 70.1767ms
2025-11-09 16:41:39.775 +01:00 [INF] Executed endpoint '/Account/Login'
2025-11-09 16:41:39.777 +01:00 [INF] Request starting HTTP/2 GET https://localhost:7025/lib/jquery-validation/dist/jquery.validate.min.js - null null
2025-11-09 16:41:39.783 +01:00 [INF] Request starting HTTP/2 GET https://localhost:7025/lib/jquery-validation-unobtrusive/jquery.validate.unobtrusive.min.js - null null
2025-11-09 16:41:39.812 +01:00 [INF] Request finished HTTP/2 GET https://localhost:7025/lib/jquery-validation/dist/jquery.validate.min.js - 404 0 null 11.7124ms
2025-11-09 16:41:39.812 +01:00 [INF] Request finished HTTP/2 GET https://localhost:7025/lib/jquery-validation-unobtrusive/jquery.validate.unobtrusive.min.js - 404 0 null 5.6173ms
2025-11-09 16:41:39.813 +01:00 [INF] Request reached the end of the middleware pipeline without being handled by application code. Request path: GET https://localhost:7025/lib/jquery-validation-unobtrusive/jquery.validate.unobtrusive.min.js, Response status code: 404
2025-11-09 16:41:39.813 +01:00 [INF] Request reached the end of the middleware pipeline without being handled by application code. Request path: GET https://localhost:7025/lib/jquery-validation/dist/jquery.validate.min.js, Response status code: 404
2025-11-09 16:41:39.817 +01:00 [INF] Request finished HTTP/2 GET https://localhost:7025/Identity/Account/Login - 200 null text/html; charset=utf-8 152.4617ms
2025-11-09 16:41:40.389 +01:00 [INF] Request starting HTTP/2 POST https://localhost:7025/Identity/Account/Login - application/x-www-form-urlencoded 236
2025-11-09 16:41:40.443 +01:00 [INF] Executing endpoint '/Account/Login'
2025-11-09 16:41:40.444 +01:00 [INF] Route matched with {page = "/Account/Login", area = "Identity", action = "", controller = ""}. Executing page /Account/Login
2025-11-09 16:41:40.465 +01:00 [INF] Executing handler method Jam.Areas.Identity.Pages.Account.LoginModel.OnPostAsync - ModelState is "Valid"
2025-11-09 16:41:40.578 +01:00 [INF] AuthenticationScheme: Identity.Application signed in.
2025-11-09 16:41:40.579 +01:00 [INF] User logged in.
2025-11-09 16:41:40.579 +01:00 [INF] Executed handler method OnPostAsync, returned result Microsoft.AspNetCore.Mvc.LocalRedirectResult.
2025-11-09 16:41:40.579 +01:00 [INF] Executing LocalRedirectResult, redirecting to /.
2025-11-09 16:41:40.580 +01:00 [INF] Executed page /Account/Login in 135.8145ms
2025-11-09 16:41:40.580 +01:00 [INF] Executed endpoint '/Account/Login'
2025-11-09 16:41:40.580 +01:00 [INF] Request finished HTTP/2 POST https://localhost:7025/Identity/Account/Login - 302 0 null 191.1741ms
2025-11-09 16:41:40.630 +01:00 [INF] Request starting HTTP/2 GET https://localhost:7025/ - null null
2025-11-09 16:41:40.640 +01:00 [INF] Executing endpoint 'Jam.Controllers.HomeController.Index (Jam)'
2025-11-09 16:41:40.640 +01:00 [INF] Route matched with {action = "Index", controller = "Home", page = "", area = ""}. Executing controller action with signature System.Threading.Tasks.Task`1[Microsoft.AspNetCore.Mvc.IActionResult] Index() on controller Jam.Controllers.HomeController (Jam).
2025-11-09 16:41:40.717 +01:00 [INF] Executing ViewResult, running view Index.
2025-11-09 16:41:40.764 +01:00 [INF] Executed ViewResult - view Index executed in 23.0668ms.
2025-11-09 16:41:40.792 +01:00 [INF] Executed action Jam.Controllers.HomeController.Index (Jam) in 152.2029ms
2025-11-09 16:41:40.792 +01:00 [INF] Executed endpoint 'Jam.Controllers.HomeController.Index (Jam)'
2025-11-09 16:41:40.793 +01:00 [INF] Request finished HTTP/2 GET https://localhost:7025/ - 200 null text/html; charset=utf-8 188.891ms
2025-11-09 16:41:41.496 +01:00 [INF] Request starting HTTP/2 GET https://localhost:7025/StoryEditing/EditStory?storyId=1 - null null
2025-11-09 16:41:41.500 +01:00 [INF] Executing endpoint 'Jam.Controllers.StoryEditingController.EditStory (Jam)'
2025-11-09 16:41:41.504 +01:00 [INF] Route matched with {action = "EditStory", controller = "StoryEditing", page = "", area = ""}. Executing controller action with signature System.Threading.Tasks.Task`1[Microsoft.AspNetCore.Mvc.IActionResult] EditStory(Int32) on controller Jam.Controllers.StoryEditingController (Jam).
2025-11-09 16:41:41.521 +01:00 [INF] Executing ViewResult, running view EditStory.
2025-11-09 16:41:41.547 +01:00 [INF] Executed ViewResult - view EditStory executed in 27.2962ms.
2025-11-09 16:41:41.571 +01:00 [INF] Executed action Jam.Controllers.StoryEditingController.EditStory (Jam) in 66.6569ms
2025-11-09 16:41:41.571 +01:00 [INF] Executed endpoint 'Jam.Controllers.StoryEditingController.EditStory (Jam)'
2025-11-09 16:41:41.571 +01:00 [INF] Request finished HTTP/2 GET https://localhost:7025/StoryEditing/EditStory?storyId=1 - 200 null text/html; charset=utf-8 75.457ms
2025-11-09 16:41:42.120 +01:00 [INF] Request starting HTTP/2 GET https://localhost:7025/StoryEditing/EditQuestionScenes?storyId=1 - null null
2025-11-09 16:41:42.144 +01:00 [INF] Executing endpoint 'Jam.Controllers.StoryEditingController.EditQuestionScenes (Jam)'
2025-11-09 16:41:42.149 +01:00 [INF] Route matched with {action = "EditQuestionScenes", controller = "StoryEditing", page = "", area = ""}. Executing controller action with signature System.Threading.Tasks.Task`1[Microsoft.AspNetCore.Mvc.IActionResult] EditQuestionScenes(Int32) on controller Jam.Controllers.StoryEditingController (Jam).
2025-11-09 16:41:42.208 +01:00 [INF] Executing ViewResult, running view EditQuestionScenes.
2025-11-09 16:41:42.322 +01:00 [INF] Executed ViewResult - view EditQuestionScenes executed in 114.2586ms.
2025-11-09 16:41:42.322 +01:00 [INF] Executed action Jam.Controllers.StoryEditingController.EditQuestionScenes (Jam) in 173.0049ms
2025-11-09 16:41:42.322 +01:00 [INF] Executed endpoint 'Jam.Controllers.StoryEditingController.EditQuestionScenes (Jam)'
2025-11-09 16:41:42.322 +01:00 [INF] Request finished HTTP/2 GET https://localhost:7025/StoryEditing/EditQuestionScenes?storyId=1 - 200 null text/html; charset=utf-8 202.5522ms
2025-11-09 16:41:43.608 +01:00 [INF] Request starting HTTP/2 GET https://localhost:7025/StoryEditing/GetEditQuestionScenePartial?index=4&questionNumber=5 - null null
2025-11-09 16:41:43.609 +01:00 [INF] Executing endpoint 'Jam.Controllers.StoryEditingController.GetEditQuestionScenePartial (Jam)'
2025-11-09 16:41:43.612 +01:00 [INF] Route matched with {action = "GetEditQuestionScenePartial", controller = "StoryEditing", page = "", area = ""}. Executing controller action with signature Microsoft.AspNetCore.Mvc.IActionResult GetEditQuestionScenePartial(Int32, Int32) on controller Jam.Controllers.StoryEditingController (Jam).
2025-11-09 16:41:43.616 +01:00 [INF] Executing PartialViewResult, running view ~/Views/Shared/_EditQuestionScenePartial.cshtml.
2025-11-09 16:41:43.637 +01:00 [INF] Executed PartialViewResult - view ~/Views/Shared/_EditQuestionScenePartial.cshtml executed in 21.3849ms.
2025-11-09 16:41:43.637 +01:00 [INF] Executed action Jam.Controllers.StoryEditingController.GetEditQuestionScenePartial (Jam) in 24.8024ms
2025-11-09 16:41:43.637 +01:00 [INF] Executed endpoint 'Jam.Controllers.StoryEditingController.GetEditQuestionScenePartial (Jam)'
2025-11-09 16:41:43.637 +01:00 [INF] Request finished HTTP/2 GET https://localhost:7025/StoryEditing/GetEditQuestionScenePartial?index=4&questionNumber=5 - 200 null text/html; charset=utf-8 29.9323ms
