2025-11-02 12:11:10.012 +01:00 [INF] User profile is available. Using '/Users/michaelnedgaardisaksen/.aspnet/DataProtection-Keys' as key repository; keys will not be encrypted at rest.
2025-11-02 12:11:10.680 +01:00 [INF] Applying migration '20251024065541_InitialCreate'.
2025-11-02 12:11:10.734 +01:00 [INF] Applying migration '20251101105657_AddIdentitySupport'.
2025-11-02 12:11:11.798 +01:00 [INF] Now listening on: https://localhost:7025
2025-11-02 12:11:11.799 +01:00 [INF] Now listening on: http://localhost:5262
2025-11-02 12:11:11.833 +01:00 [INF] Application started. Press Ctrl+C to shut down.
2025-11-02 12:11:11.835 +01:00 [INF] Hosting environment: Development
2025-11-02 12:11:11.836 +01:00 [INF] Content root path: /Users/michaelnedgaardisaksen/Documents/ITPE3100_Webapplikasjoner/Demo-Jam/Jam
2025-11-02 12:11:12.139 +01:00 [INF] Request starting HTTP/2 GET https://localhost:7025/ - null null
2025-11-02 12:11:12.172 +01:00 [INF] Executing endpoint 'Jam.Controllers.HomeController.Index (Jam)'
2025-11-02 12:11:12.180 +01:00 [INF] Route matched with {action = "Index", controller = "Home", page = "", area = ""}. Executing controller action with signature System.Threading.Tasks.Task`1[Microsoft.AspNetCore.Mvc.IActionResult] Index() on controller Jam.Controllers.HomeController (Jam).
2025-11-02 12:11:12.192 +01:00 [WRN] [HomeController -> Index] User not logged in, redirecting to Login page.
2025-11-02 12:11:12.193 +01:00 [INF] Executing LocalRedirectResult, redirecting to /Identity/Account/Login.
2025-11-02 12:11:12.195 +01:00 [INF] Executed action Jam.Controllers.HomeController.Index (Jam) in 13.4286ms
2025-11-02 12:11:12.196 +01:00 [INF] Executed endpoint 'Jam.Controllers.HomeController.Index (Jam)'
2025-11-02 12:11:12.199 +01:00 [INF] Request finished HTTP/2 GET https://localhost:7025/ - 302 0 null 60.9817ms
2025-11-02 12:11:12.211 +01:00 [INF] Request starting HTTP/2 GET https://localhost:7025/Identity/Account/Login - null null
2025-11-02 12:11:12.215 +01:00 [INF] Executing endpoint '/Account/Login'
2025-11-02 12:11:12.226 +01:00 [INF] Route matched with {page = "/Account/Login", area = "Identity", action = "", controller = ""}. Executing page /Account/Login
2025-11-02 12:11:12.234 +01:00 [INF] Executing handler method Jam.Areas.Identity.Pages.Account.LoginModel.OnGetAsync - ModelState is "Valid"
2025-11-02 12:11:12.237 +01:00 [INF] AuthenticationScheme: Identity.External signed out.
2025-11-02 12:11:12.237 +01:00 [INF] Executed handler method OnGetAsync, returned result .
2025-11-02 12:11:12.239 +01:00 [INF] Executing an implicit handler method - ModelState is "Valid"
2025-11-02 12:11:12.239 +01:00 [INF] Executed an implicit handler method, returned result Microsoft.AspNetCore.Mvc.RazorPages.PageResult.
2025-11-02 12:11:12.287 +01:00 [INF] Executed page /Account/Login in 61.2752ms
2025-11-02 12:11:12.288 +01:00 [INF] Executed endpoint '/Account/Login'
2025-11-02 12:11:12.292 +01:00 [INF] Request finished HTTP/2 GET https://localhost:7025/Identity/Account/Login - 200 null text/html; charset=utf-8 81.7291ms
2025-11-02 12:11:12.510 +01:00 [INF] Request starting HTTP/2 GET https://localhost:7025/lib/jquery-validation/dist/jquery.validate.min.js - null null
2025-11-02 12:11:12.510 +01:00 [INF] Request starting HTTP/2 GET https://localhost:7025/lib/jquery-validation-unobtrusive/jquery.validate.unobtrusive.min.js - null null
2025-11-02 12:11:12.521 +01:00 [INF] Request finished HTTP/2 GET https://localhost:7025/lib/jquery-validation/dist/jquery.validate.min.js - 404 0 null 11.066ms
2025-11-02 12:11:12.521 +01:00 [INF] Request finished HTTP/2 GET https://localhost:7025/lib/jquery-validation-unobtrusive/jquery.validate.unobtrusive.min.js - 404 0 null 11.0099ms
2025-11-02 12:11:12.522 +01:00 [INF] Request reached the end of the middleware pipeline without being handled by application code. Request path: GET https://localhost:7025/lib/jquery-validation/dist/jquery.validate.min.js, Response status code: 404
2025-11-02 12:11:12.522 +01:00 [INF] Request reached the end of the middleware pipeline without being handled by application code. Request path: GET https://localhost:7025/lib/jquery-validation-unobtrusive/jquery.validate.unobtrusive.min.js, Response status code: 404
2025-11-02 12:11:19.514 +01:00 [INF] Request starting HTTP/2 POST https://localhost:7025/Identity/Account/Login - application/x-www-form-urlencoded 310
2025-11-02 12:11:19.522 +01:00 [INF] Executing endpoint '/Account/Login'
2025-11-02 12:11:19.524 +01:00 [INF] Route matched with {page = "/Account/Login", area = "Identity", action = "", controller = ""}. Executing page /Account/Login
2025-11-02 12:11:19.540 +01:00 [INF] Executing handler method Jam.Areas.Identity.Pages.Account.LoginModel.OnPostAsync - ModelState is "Valid"
2025-11-02 12:11:19.654 +01:00 [INF] AuthenticationScheme: Identity.Application signed in.
2025-11-02 12:11:19.655 +01:00 [INF] User logged in.
2025-11-02 12:11:19.655 +01:00 [INF] Executed handler method OnPostAsync, returned result Microsoft.AspNetCore.Mvc.LocalRedirectResult.
2025-11-02 12:11:19.655 +01:00 [INF] Executing LocalRedirectResult, redirecting to /.
2025-11-02 12:11:19.655 +01:00 [INF] Executed page /Account/Login in 131.3306ms
2025-11-02 12:11:19.655 +01:00 [INF] Executed endpoint '/Account/Login'
2025-11-02 12:11:19.656 +01:00 [INF] Request finished HTTP/2 POST https://localhost:7025/Identity/Account/Login - 302 0 null 193.4631ms
2025-11-02 12:11:19.734 +01:00 [INF] Request starting HTTP/2 GET https://localhost:7025/ - null null
2025-11-02 12:11:19.736 +01:00 [INF] Executing endpoint 'Jam.Controllers.HomeController.Index (Jam)'
2025-11-02 12:11:19.736 +01:00 [INF] Route matched with {action = "Index", controller = "Home", page = "", area = ""}. Executing controller action with signature System.Threading.Tasks.Task`1[Microsoft.AspNetCore.Mvc.IActionResult] Index() on controller Jam.Controllers.HomeController (Jam).
2025-11-02 12:11:19.765 +01:00 [INF] Executing ViewResult, running view Index.
2025-11-02 12:11:19.772 +01:00 [INF] Executed ViewResult - view Index executed in 8.129ms.
2025-11-02 12:11:19.773 +01:00 [INF] Executed action Jam.Controllers.HomeController.Index (Jam) in 36.4989ms
2025-11-02 12:11:19.773 +01:00 [INF] Executed endpoint 'Jam.Controllers.HomeController.Index (Jam)'
2025-11-02 12:11:19.773 +01:00 [INF] Request finished HTTP/2 GET https://localhost:7025/ - 200 null text/html; charset=utf-8 38.4017ms
2025-11-02 12:11:23.639 +01:00 [INF] Request starting HTTP/2 GET https://localhost:7025/StoryPlaying/StartStory?storyId=1 - null null
2025-11-02 12:11:23.667 +01:00 [INF] Executing endpoint 'Jam.Controllers.StoryPlayingController.StartStory (Jam)'
2025-11-02 12:11:23.673 +01:00 [INF] Route matched with {action = "StartStory", controller = "StoryPlaying", page = "", area = ""}. Executing controller action with signature System.Threading.Tasks.Task`1[Microsoft.AspNetCore.Mvc.IActionResult] StartStory(Int32) on controller Jam.Controllers.StoryPlayingController (Jam).
2025-11-02 12:11:23.734 +01:00 [INF] Executing RedirectResult, redirecting to /StoryPlaying/PlayScene?sceneId=3&SceneType=Intro&sessionId=3.
2025-11-02 12:11:23.734 +01:00 [INF] Executed action Jam.Controllers.StoryPlayingController.StartStory (Jam) in 60.9821ms
2025-11-02 12:11:23.734 +01:00 [INF] Executed endpoint 'Jam.Controllers.StoryPlayingController.StartStory (Jam)'
2025-11-02 12:11:23.734 +01:00 [INF] Request finished HTTP/2 GET https://localhost:7025/StoryPlaying/StartStory?storyId=1 - 302 0 null 95.9337ms
2025-11-02 12:11:23.742 +01:00 [INF] Request starting HTTP/2 GET https://localhost:7025/StoryPlaying/PlayScene?sceneId=3&SceneType=Intro&sessionId=3 - null null
2025-11-02 12:11:23.744 +01:00 [INF] Executing endpoint 'Jam.Controllers.StoryPlayingController.PlayScene (Jam)'
2025-11-02 12:11:23.747 +01:00 [INF] Route matched with {action = "PlayScene", controller = "StoryPlaying", page = "", area = ""}. Executing controller action with signature System.Threading.Tasks.Task`1[Microsoft.AspNetCore.Mvc.IActionResult] PlayScene(Int32, Jam.Models.Enums.SceneType, Int32) on controller Jam.Controllers.StoryPlayingController (Jam).
2025-11-02 12:11:23.756 +01:00 [INF] Executing ViewResult, running view PlayScene.
2025-11-02 12:11:23.795 +01:00 [INF] Executed ViewResult - view PlayScene executed in 38.3565ms.
2025-11-02 12:11:23.795 +01:00 [INF] Request starting HTTP/2 GET https://localhost:7025/lib/jquery-validation-unobtrusive/jquery.validate.unobtrusive.min.js - null null
2025-11-02 12:11:23.795 +01:00 [INF] Request starting HTTP/2 GET https://localhost:7025/lib/jquery-validation/dist/jquery.validate.min.js - null null
2025-11-02 12:11:23.870 +01:00 [INF] Executed action Jam.Controllers.StoryPlayingController.PlayScene (Jam) in 123.4367ms
2025-11-02 12:11:23.871 +01:00 [INF] Executed endpoint 'Jam.Controllers.StoryPlayingController.PlayScene (Jam)'
2025-11-02 12:11:23.871 +01:00 [INF] Request finished HTTP/2 GET https://localhost:7025/StoryPlaying/PlayScene?sceneId=3&SceneType=Intro&sessionId=3 - 200 null text/html; charset=utf-8 128.534ms
2025-11-02 12:11:23.871 +01:00 [INF] Request finished HTTP/2 GET https://localhost:7025/lib/jquery-validation/dist/jquery.validate.min.js - 404 0 null 76.4334ms
2025-11-02 12:11:23.871 +01:00 [INF] Request finished HTTP/2 GET https://localhost:7025/lib/jquery-validation-unobtrusive/jquery.validate.unobtrusive.min.js - 404 0 null 76.427ms
2025-11-02 12:11:23.871 +01:00 [INF] Request reached the end of the middleware pipeline without being handled by application code. Request path: GET https://localhost:7025/lib/jquery-validation/dist/jquery.validate.min.js, Response status code: 404
2025-11-02 12:11:23.871 +01:00 [INF] Request reached the end of the middleware pipeline without being handled by application code. Request path: GET https://localhost:7025/lib/jquery-validation-unobtrusive/jquery.validate.unobtrusive.min.js, Response status code: 404
2025-11-02 12:11:25.527 +01:00 [INF] Request starting HTTP/2 POST https://localhost:7025/StoryPlaying/PlayScene - application/x-www-form-urlencoded 540
2025-11-02 12:11:25.528 +01:00 [INF] Executing endpoint 'Jam.Controllers.StoryPlayingController.PlayScene (Jam)'
2025-11-02 12:11:25.548 +01:00 [INF] Route matched with {action = "PlayScene", controller = "StoryPlaying", page = "", area = ""}. Executing controller action with signature System.Threading.Tasks.Task`1[Microsoft.AspNetCore.Mvc.IActionResult] PlayScene(Jam.ViewModels.StoryPlaying.PlaySceneViewModel) on controller Jam.Controllers.StoryPlayingController (Jam).
2025-11-02 12:11:25.592 +01:00 [INF] Executing RedirectResult, redirecting to /StoryPlaying/PlayScene?sceneId=4&sceneType=Question&sessionId=3.
2025-11-02 12:11:25.592 +01:00 [INF] Executed action Jam.Controllers.StoryPlayingController.PlayScene (Jam) in 44.22ms
2025-11-02 12:11:25.592 +01:00 [INF] Executed endpoint 'Jam.Controllers.StoryPlayingController.PlayScene (Jam)'
2025-11-02 12:11:25.592 +01:00 [INF] Request finished HTTP/2 POST https://localhost:7025/StoryPlaying/PlayScene - 302 0 null 65.7929ms
2025-11-02 12:11:25.644 +01:00 [INF] Request starting HTTP/2 GET https://localhost:7025/StoryPlaying/PlayScene?sceneId=4&sceneType=Question&sessionId=3 - null null
2025-11-02 12:11:25.645 +01:00 [INF] Executing endpoint 'Jam.Controllers.StoryPlayingController.PlayScene (Jam)'
2025-11-02 12:11:25.645 +01:00 [INF] Route matched with {action = "PlayScene", controller = "StoryPlaying", page = "", area = ""}. Executing controller action with signature System.Threading.Tasks.Task`1[Microsoft.AspNetCore.Mvc.IActionResult] PlayScene(Int32, Jam.Models.Enums.SceneType, Int32) on controller Jam.Controllers.StoryPlayingController (Jam).
2025-11-02 12:11:25.667 +01:00 [INF] Executing ViewResult, running view PlayScene.
2025-11-02 12:11:25.719 +01:00 [INF] Executed ViewResult - view PlayScene executed in 52.8942ms.
2025-11-02 12:11:25.794 +01:00 [INF] Executed action Jam.Controllers.StoryPlayingController.PlayScene (Jam) in 149.0058ms
2025-11-02 12:11:25.794 +01:00 [INF] Executed endpoint 'Jam.Controllers.StoryPlayingController.PlayScene (Jam)'
2025-11-02 12:11:25.794 +01:00 [INF] Request starting HTTP/2 GET https://localhost:7025/lib/jquery-validation/dist/jquery.validate.min.js - null null
2025-11-02 12:11:25.794 +01:00 [INF] Request finished HTTP/2 GET https://localhost:7025/StoryPlaying/PlayScene?sceneId=4&sceneType=Question&sessionId=3 - 200 null text/html; charset=utf-8 150.445ms
2025-11-02 12:11:25.794 +01:00 [INF] Request starting HTTP/2 GET https://localhost:7025/lib/jquery-validation-unobtrusive/jquery.validate.unobtrusive.min.js - null null
2025-11-02 12:11:25.850 +01:00 [INF] Request finished HTTP/2 GET https://localhost:7025/lib/jquery-validation-unobtrusive/jquery.validate.unobtrusive.min.js - 404 0 null 56.1737ms
2025-11-02 12:11:25.850 +01:00 [INF] Request finished HTTP/2 GET https://localhost:7025/lib/jquery-validation/dist/jquery.validate.min.js - 404 0 null 56.208ms
2025-11-02 12:11:25.851 +01:00 [INF] Request reached the end of the middleware pipeline without being handled by application code. Request path: GET https://localhost:7025/lib/jquery-validation-unobtrusive/jquery.validate.unobtrusive.min.js, Response status code: 404
2025-11-02 12:11:25.851 +01:00 [INF] Request reached the end of the middleware pipeline without being handled by application code. Request path: GET https://localhost:7025/lib/jquery-validation/dist/jquery.validate.min.js, Response status code: 404
