2025-11-06 15:04:26.984 +01:00 [INF] User profile is available. Using '/Users/jaraazad/.aspnet/DataProtection-Keys' as key repository; keys will not be encrypted at rest.
2025-11-06 15:04:27.470 +01:00 [INF] Applying migration '20251024065541_InitialCreate'.
2025-11-06 15:04:27.531 +01:00 [INF] Applying migration '20251101105657_AddIdentitySupport'.
2025-11-06 15:04:27.572 +01:00 [INF] Applying migration '20251103080324_UpdateNextQuestionSceneDeleteBehavior'.
2025-11-06 15:04:28.592 +01:00 [INF] Now listening on: https://localhost:7025
2025-11-06 15:04:28.593 +01:00 [INF] Now listening on: http://localhost:5262
2025-11-06 15:04:28.598 +01:00 [INF] Application started. Press Ctrl+C to shut down.
2025-11-06 15:04:28.600 +01:00 [INF] Hosting environment: Development
2025-11-06 15:04:28.601 +01:00 [INF] Content root path: /Users/jaraazad/Desktop/Jam
2025-11-06 15:04:28.894 +01:00 [INF] Request starting HTTP/2 GET https://localhost:7025/ - null null
2025-11-06 15:04:28.917 +01:00 [INF] Authorization failed. These requirements were not met:
DenyAnonymousAuthorizationRequirement: Requires an authenticated user.
2025-11-06 15:04:28.922 +01:00 [INF] AuthenticationScheme: Identity.Application was challenged.
2025-11-06 15:04:28.924 +01:00 [INF] Request finished HTTP/2 GET https://localhost:7025/ - 302 0 null 31.5479ms
2025-11-06 15:04:28.934 +01:00 [INF] Request starting HTTP/2 GET https://localhost:7025/Identity/Account/Login?ReturnUrl=%2F - null null
2025-11-06 15:04:28.942 +01:00 [INF] Executing endpoint '/Account/Login'
2025-11-06 15:04:28.956 +01:00 [INF] Route matched with {page = "/Account/Login", area = "Identity", action = "", controller = ""}. Executing page /Account/Login
2025-11-06 15:04:28.967 +01:00 [INF] Executing handler method Jam.Areas.Identity.Pages.Account.LoginModel.OnGetAsync - ModelState is "Valid"
2025-11-06 15:04:28.971 +01:00 [INF] AuthenticationScheme: Identity.External signed out.
2025-11-06 15:04:28.971 +01:00 [INF] Executed handler method OnGetAsync, returned result .
2025-11-06 15:04:28.973 +01:00 [INF] Executing an implicit handler method - ModelState is "Valid"
2025-11-06 15:04:28.973 +01:00 [INF] Executed an implicit handler method, returned result Microsoft.AspNetCore.Mvc.RazorPages.PageResult.
2025-11-06 15:04:29.035 +01:00 [INF] Executed page /Account/Login in 76.5485ms
2025-11-06 15:04:29.036 +01:00 [INF] Executed endpoint '/Account/Login'
2025-11-06 15:04:29.039 +01:00 [INF] Request finished HTTP/2 GET https://localhost:7025/Identity/Account/Login?ReturnUrl=%2F - 200 null text/html; charset=utf-8 104.1388ms
2025-11-06 15:04:29.331 +01:00 [INF] Request starting HTTP/2 GET https://localhost:7025/lib/jquery-validation/dist/jquery.validate.min.js - null null
2025-11-06 15:04:29.331 +01:00 [INF] Request starting HTTP/2 GET https://localhost:7025/lib/jquery-validation-unobtrusive/jquery.validate.unobtrusive.min.js - null null
2025-11-06 15:04:29.342 +01:00 [INF] Request finished HTTP/2 GET https://localhost:7025/lib/jquery-validation-unobtrusive/jquery.validate.unobtrusive.min.js - 404 0 null 10.2952ms
2025-11-06 15:04:29.342 +01:00 [INF] Request finished HTTP/2 GET https://localhost:7025/lib/jquery-validation/dist/jquery.validate.min.js - 404 0 null 10.802ms
2025-11-06 15:04:29.342 +01:00 [INF] Request reached the end of the middleware pipeline without being handled by application code. Request path: GET https://localhost:7025/lib/jquery-validation/dist/jquery.validate.min.js, Response status code: 404
2025-11-06 15:04:29.342 +01:00 [INF] Request reached the end of the middleware pipeline without being handled by application code. Request path: GET https://localhost:7025/lib/jquery-validation-unobtrusive/jquery.validate.unobtrusive.min.js, Response status code: 404
2025-11-06 15:04:30.165 +01:00 [INF] Request starting HTTP/2 POST https://localhost:7025/Identity/Account/Login?ReturnUrl=%2F - application/x-www-form-urlencoded 236
2025-11-06 15:04:30.193 +01:00 [INF] Executing endpoint '/Account/Login'
2025-11-06 15:04:30.194 +01:00 [INF] Route matched with {page = "/Account/Login", area = "Identity", action = "", controller = ""}. Executing page /Account/Login
2025-11-06 15:04:30.219 +01:00 [INF] Executing handler method Jam.Areas.Identity.Pages.Account.LoginModel.OnPostAsync - ModelState is "Valid"
2025-11-06 15:04:30.362 +01:00 [INF] AuthenticationScheme: Identity.Application signed in.
2025-11-06 15:04:30.362 +01:00 [INF] User logged in.
2025-11-06 15:04:30.363 +01:00 [INF] Executed handler method OnPostAsync, returned result Microsoft.AspNetCore.Mvc.LocalRedirectResult.
2025-11-06 15:04:30.363 +01:00 [INF] Executing LocalRedirectResult, redirecting to /.
2025-11-06 15:04:30.363 +01:00 [INF] Executed page /Account/Login in 168.7449ms
2025-11-06 15:04:30.363 +01:00 [INF] Executed endpoint '/Account/Login'
2025-11-06 15:04:30.366 +01:00 [INF] Request finished HTTP/2 POST https://localhost:7025/Identity/Account/Login?ReturnUrl=%2F - 302 0 null 201.0981ms
2025-11-06 15:04:30.417 +01:00 [INF] Request starting HTTP/2 GET https://localhost:7025/ - null null
2025-11-06 15:04:30.421 +01:00 [INF] Executing endpoint 'Jam.Controllers.HomeController.Index (Jam)'
2025-11-06 15:04:30.427 +01:00 [INF] Route matched with {action = "Index", controller = "Home", page = "", area = ""}. Executing controller action with signature System.Threading.Tasks.Task`1[Microsoft.AspNetCore.Mvc.IActionResult] Index() on controller Jam.Controllers.HomeController (Jam).
2025-11-06 15:04:30.513 +01:00 [INF] Executing ViewResult, running view Index.
2025-11-06 15:04:30.530 +01:00 [INF] Executed ViewResult - view Index executed in 18.0118ms.
2025-11-06 15:04:30.559 +01:00 [INF] Executed action Jam.Controllers.HomeController.Index (Jam) in 132.0958ms
2025-11-06 15:04:30.559 +01:00 [INF] Executed endpoint 'Jam.Controllers.HomeController.Index (Jam)'
2025-11-06 15:04:30.560 +01:00 [INF] Request finished HTTP/2 GET https://localhost:7025/ - 200 null text/html; charset=utf-8 167.7488ms
2025-11-06 15:04:31.152 +01:00 [INF] Request starting HTTP/2 GET https://localhost:7025/StoryCreation/CreateStoryAndIntro - null null
2025-11-06 15:04:31.157 +01:00 [INF] Executing endpoint 'Jam.Controllers.StoryCreationController.CreateStoryAndIntro (Jam)'
2025-11-06 15:04:31.159 +01:00 [INF] Route matched with {action = "CreateStoryAndIntro", controller = "StoryCreation", page = "", area = ""}. Executing controller action with signature Microsoft.AspNetCore.Mvc.IActionResult CreateStoryAndIntro() on controller Jam.Controllers.StoryCreationController (Jam).
2025-11-06 15:04:31.161 +01:00 [INF] Accessing expired session, Key:2d0cc344-df3d-072e-4af7-3508e4f5cd8c
2025-11-06 15:04:31.165 +01:00 [INF] Executing ViewResult, running view CreateStoryAndIntro.
2025-11-06 15:04:31.214 +01:00 [INF] Executed ViewResult - view CreateStoryAndIntro executed in 48.8072ms.
2025-11-06 15:04:31.215 +01:00 [INF] Executed action Jam.Controllers.StoryCreationController.CreateStoryAndIntro (Jam) in 55.6077ms
2025-11-06 15:04:31.215 +01:00 [INF] Executed endpoint 'Jam.Controllers.StoryCreationController.CreateStoryAndIntro (Jam)'
2025-11-06 15:04:31.215 +01:00 [INF] Request finished HTTP/2 GET https://localhost:7025/StoryCreation/CreateStoryAndIntro - 200 null text/html; charset=utf-8 85.186ms
2025-11-06 15:04:34.415 +01:00 [INF] Request starting HTTP/2 POST https://localhost:7025/StoryCreation/CreateStoryAndIntro - application/x-www-form-urlencoded 304
2025-11-06 15:04:34.424 +01:00 [INF] Executing endpoint 'Jam.Controllers.StoryCreationController.CreateStoryAndIntro (Jam)'
2025-11-06 15:04:34.437 +01:00 [INF] Route matched with {action = "CreateStoryAndIntro", controller = "StoryCreation", page = "", area = ""}. Executing controller action with signature Microsoft.AspNetCore.Mvc.IActionResult CreateStoryAndIntro(Jam.ViewModels.StoryCreation.CreateStoryAndIntroViewModel) on controller Jam.Controllers.StoryCreationController (Jam).
2025-11-06 15:04:34.445 +01:00 [INF] Accessing expired session, Key:2d0cc344-df3d-072e-4af7-3508e4f5cd8c
2025-11-06 15:04:34.472 +01:00 [INF] Executing RedirectResult, redirecting to /StoryCreation/CreateQuestionScenes.
2025-11-06 15:04:34.472 +01:00 [INF] Executed action Jam.Controllers.StoryCreationController.CreateStoryAndIntro (Jam) in 34.8528ms
2025-11-06 15:04:34.472 +01:00 [INF] Executed endpoint 'Jam.Controllers.StoryCreationController.CreateStoryAndIntro (Jam)'
2025-11-06 15:04:34.473 +01:00 [INF] Session started; Key:2d0cc344-df3d-072e-4af7-3508e4f5cd8c, Id:e4c720da-29bb-ffd0-50b3-5269fc9a8c09
2025-11-06 15:04:34.473 +01:00 [INF] Request finished HTTP/2 POST https://localhost:7025/StoryCreation/CreateStoryAndIntro - 302 0 null 82.0436ms
2025-11-06 15:04:34.502 +01:00 [INF] Request starting HTTP/2 GET https://localhost:7025/StoryCreation/CreateQuestionScenes - null null
2025-11-06 15:04:34.503 +01:00 [INF] Executing endpoint 'Jam.Controllers.StoryCreationController.CreateQuestionScenes (Jam)'
2025-11-06 15:04:34.504 +01:00 [INF] Route matched with {action = "CreateQuestionScenes", controller = "StoryCreation", page = "", area = ""}. Executing controller action with signature Microsoft.AspNetCore.Mvc.IActionResult CreateQuestionScenes() on controller Jam.Controllers.StoryCreationController (Jam).
2025-11-06 15:04:34.510 +01:00 [INF] Executing ViewResult, running view CreateQuestionScenes.
2025-11-06 15:04:34.605 +01:00 [INF] Executed ViewResult - view CreateQuestionScenes executed in 96.3799ms.
2025-11-06 15:04:34.606 +01:00 [INF] Executed action Jam.Controllers.StoryCreationController.CreateQuestionScenes (Jam) in 101.0864ms
2025-11-06 15:04:34.606 +01:00 [INF] Executed endpoint 'Jam.Controllers.StoryCreationController.CreateQuestionScenes (Jam)'
2025-11-06 15:04:34.606 +01:00 [INF] Request finished HTTP/2 GET https://localhost:7025/StoryCreation/CreateQuestionScenes - 200 null text/html; charset=utf-8 103.584ms
2025-11-06 15:04:39.283 +01:00 [INF] Request starting HTTP/2 GET https://localhost:7025/StoryEditing/EditStory?storyId=1 - null null
2025-11-06 15:04:39.335 +01:00 [INF] Executing endpoint 'Jam.Controllers.StoryEditingController.EditStory (Jam)'
2025-11-06 15:04:39.343 +01:00 [INF] Route matched with {action = "EditStory", controller = "StoryEditing", page = "", area = ""}. Executing controller action with signature System.Threading.Tasks.Task`1[Microsoft.AspNetCore.Mvc.IActionResult] EditStory(Int32) on controller Jam.Controllers.StoryEditingController (Jam).
2025-11-06 15:04:39.367 +01:00 [INF] Executing ViewResult, running view EditStory.
2025-11-06 15:04:39.392 +01:00 [INF] Executed ViewResult - view EditStory executed in 25.4724ms.
2025-11-06 15:04:39.465 +01:00 [INF] Executed action Jam.Controllers.StoryEditingController.EditStory (Jam) in 122.0327ms
2025-11-06 15:04:39.466 +01:00 [INF] Executed endpoint 'Jam.Controllers.StoryEditingController.EditStory (Jam)'
2025-11-06 15:04:39.466 +01:00 [INF] Request finished HTTP/2 GET https://localhost:7025/StoryEditing/EditStory?storyId=1 - 200 null text/html; charset=utf-8 208.2754ms
2025-11-06 15:04:40.110 +01:00 [INF] Request starting HTTP/2 GET https://localhost:7025/StoryEditing/EditQuestionScenes?storyId=1 - null null
2025-11-06 15:04:40.139 +01:00 [INF] Executing endpoint 'Jam.Controllers.StoryEditingController.EditQuestionScenes (Jam)'
2025-11-06 15:04:40.143 +01:00 [INF] Route matched with {action = "EditQuestionScenes", controller = "StoryEditing", page = "", area = ""}. Executing controller action with signature System.Threading.Tasks.Task`1[Microsoft.AspNetCore.Mvc.IActionResult] EditQuestionScenes(Int32) on controller Jam.Controllers.StoryEditingController (Jam).
2025-11-06 15:04:40.222 +01:00 [INF] Executing ViewResult, running view EditQuestionScenes.
2025-11-06 15:04:40.422 +01:00 [INF] Executed ViewResult - view EditQuestionScenes executed in 200.5852ms.
2025-11-06 15:04:40.422 +01:00 [INF] Executed action Jam.Controllers.StoryEditingController.EditQuestionScenes (Jam) in 279.6952ms
2025-11-06 15:04:40.422 +01:00 [INF] Executed endpoint 'Jam.Controllers.StoryEditingController.EditQuestionScenes (Jam)'
2025-11-06 15:04:40.423 +01:00 [INF] Request finished HTTP/2 GET https://localhost:7025/StoryEditing/EditQuestionScenes?storyId=1 - 200 null text/html; charset=utf-8 312.3956ms
2025-11-06 15:04:41.527 +01:00 [INF] Request starting HTTP/2 POST https://localhost:7025/StoryCreation/DeleteQuestionInline - application/x-www-form-urlencoded 6515
2025-11-06 15:04:41.574 +01:00 [INF] Executing endpoint 'Jam.Controllers.StoryCreationController.DeleteQuestionInline (Jam)'
2025-11-06 15:04:41.578 +01:00 [INF] Route matched with {action = "DeleteQuestionInline", controller = "StoryCreation", page = "", area = ""}. Executing controller action with signature Microsoft.AspNetCore.Mvc.IActionResult DeleteQuestionInline(Jam.ViewModels.StoryCreation.CreateMultipleQuestionScenesViewModel, Int32) on controller Jam.Controllers.StoryCreationController (Jam).
2025-11-06 15:04:41.590 +01:00 [INF] Executing ViewResult, running view CreateQuestionScenes.
2025-11-06 15:04:41.616 +01:00 [INF] Executed ViewResult - view CreateQuestionScenes executed in 2.5373ms.
2025-11-06 15:04:41.667 +01:00 [INF] Executed action Jam.Controllers.StoryCreationController.DeleteQuestionInline (Jam) in 63.1754ms
2025-11-06 15:04:41.668 +01:00 [INF] Executed endpoint 'Jam.Controllers.StoryCreationController.DeleteQuestionInline (Jam)'
2025-11-06 15:04:41.669 +01:00 [INF] Request finished HTTP/2 POST https://localhost:7025/StoryCreation/DeleteQuestionInline - 200 null text/html; charset=utf-8 141.128ms
2025-11-06 15:04:43.423 +01:00 [INF] Request starting HTTP/2 POST https://localhost:7025/StoryEditing - application/x-www-form-urlencoded 6515
2025-11-06 15:04:43.467 +01:00 [INF] Request finished HTTP/2 POST https://localhost:7025/StoryEditing - 404 0 null 90.2524ms
2025-11-06 15:04:43.467 +01:00 [INF] Request reached the end of the middleware pipeline without being handled by application code. Request path: POST https://localhost:7025/StoryEditing, Response status code: 404
