2025-11-06 16:09:40.832 +01:00 [INF] User profile is available. Using '/Users/jaraazad/.aspnet/DataProtection-Keys' as key repository; keys will not be encrypted at rest.
2025-11-06 16:09:41.381 +01:00 [INF] Applying migration '20251024065541_InitialCreate'.
2025-11-06 16:09:41.490 +01:00 [INF] Applying migration '20251101105657_AddIdentitySupport'.
2025-11-06 16:09:41.530 +01:00 [INF] Applying migration '20251103080324_UpdateNextQuestionSceneDeleteBehavior'.
2025-11-06 16:09:42.437 +01:00 [INF] Now listening on: https://localhost:7025
2025-11-06 16:09:42.462 +01:00 [INF] Now listening on: http://localhost:5262
2025-11-06 16:09:42.467 +01:00 [INF] Application started. Press Ctrl+C to shut down.
2025-11-06 16:09:42.468 +01:00 [INF] Hosting environment: Development
2025-11-06 16:09:42.468 +01:00 [INF] Content root path: /Users/jaraazad/Desktop/Jam
2025-11-06 16:09:42.843 +01:00 [INF] Request starting HTTP/2 GET https://localhost:7025/ - null null
2025-11-06 16:09:42.878 +01:00 [INF] Executing endpoint 'Jam.Controllers.HomeController.Index (Jam)'
2025-11-06 16:09:42.885 +01:00 [INF] Route matched with {action = "Index", controller = "Home", page = "", area = ""}. Executing controller action with signature System.Threading.Tasks.Task`1[Microsoft.AspNetCore.Mvc.IActionResult] Index() on controller Jam.Controllers.HomeController (Jam).
2025-11-06 16:09:42.897 +01:00 [WRN] [HomeController -> Index] Auth cookie invalid or user no longer exists. Redirecting to login.
2025-11-06 16:09:42.900 +01:00 [INF] AuthenticationScheme: Identity.Application signed out.
2025-11-06 16:09:42.901 +01:00 [INF] AuthenticationScheme: Identity.External signed out.
2025-11-06 16:09:42.901 +01:00 [INF] AuthenticationScheme: Identity.TwoFactorUserId signed out.
2025-11-06 16:09:42.902 +01:00 [INF] Executing LocalRedirectResult, redirecting to /Identity/Account/Login.
2025-11-06 16:09:42.904 +01:00 [INF] Executed action Jam.Controllers.HomeController.Index (Jam) in 17.0905ms
2025-11-06 16:09:42.904 +01:00 [INF] Executed endpoint 'Jam.Controllers.HomeController.Index (Jam)'
2025-11-06 16:09:42.907 +01:00 [INF] Request finished HTTP/2 GET https://localhost:7025/ - 302 0 null 65.623ms
2025-11-06 16:09:42.919 +01:00 [INF] Request starting HTTP/2 GET https://localhost:7025/Identity/Account/Login - null null
2025-11-06 16:09:42.921 +01:00 [INF] Executing endpoint '/Account/Login'
2025-11-06 16:09:42.933 +01:00 [INF] Route matched with {page = "/Account/Login", area = "Identity", action = "", controller = ""}. Executing page /Account/Login
2025-11-06 16:09:42.942 +01:00 [INF] Executing handler method Jam.Areas.Identity.Pages.Account.LoginModel.OnGetAsync - ModelState is "Valid"
2025-11-06 16:09:42.944 +01:00 [INF] AuthenticationScheme: Identity.External signed out.
2025-11-06 16:09:42.945 +01:00 [INF] Executed handler method OnGetAsync, returned result .
2025-11-06 16:09:42.946 +01:00 [INF] Executing an implicit handler method - ModelState is "Valid"
2025-11-06 16:09:42.947 +01:00 [INF] Executed an implicit handler method, returned result Microsoft.AspNetCore.Mvc.RazorPages.PageResult.
2025-11-06 16:09:43.043 +01:00 [INF] Executed page /Account/Login in 82.5737ms
2025-11-06 16:09:43.046 +01:00 [INF] Request starting HTTP/2 GET https://localhost:7025/lib/jquery-validation/dist/jquery.validate.min.js - null null
2025-11-06 16:09:43.047 +01:00 [INF] Request starting HTTP/2 GET https://localhost:7025/lib/jquery-validation-unobtrusive/jquery.validate.unobtrusive.min.js - null null
2025-11-06 16:09:43.051 +01:00 [INF] Executed endpoint '/Account/Login'
2025-11-06 16:09:43.055 +01:00 [INF] Request finished HTTP/2 GET https://localhost:7025/lib/jquery-validation/dist/jquery.validate.min.js - 404 0 null 8.5962ms
2025-11-06 16:09:43.055 +01:00 [INF] Request finished HTTP/2 GET https://localhost:7025/lib/jquery-validation-unobtrusive/jquery.validate.unobtrusive.min.js - 404 0 null 7.6877ms
2025-11-06 16:09:43.079 +01:00 [INF] Request reached the end of the middleware pipeline without being handled by application code. Request path: GET https://localhost:7025/lib/jquery-validation/dist/jquery.validate.min.js, Response status code: 404
2025-11-06 16:09:43.080 +01:00 [INF] Request reached the end of the middleware pipeline without being handled by application code. Request path: GET https://localhost:7025/lib/jquery-validation-unobtrusive/jquery.validate.unobtrusive.min.js, Response status code: 404
2025-11-06 16:09:43.116 +01:00 [INF] Request finished HTTP/2 GET https://localhost:7025/Identity/Account/Login - 200 null text/html; charset=utf-8 197.2425ms
2025-11-06 16:09:44.032 +01:00 [INF] Request starting HTTP/2 POST https://localhost:7025/Identity/Account/Login - application/x-www-form-urlencoded 236
2025-11-06 16:09:44.038 +01:00 [INF] Executing endpoint '/Account/Login'
2025-11-06 16:09:44.039 +01:00 [INF] Route matched with {page = "/Account/Login", area = "Identity", action = "", controller = ""}. Executing page /Account/Login
2025-11-06 16:09:44.063 +01:00 [INF] Executing handler method Jam.Areas.Identity.Pages.Account.LoginModel.OnPostAsync - ModelState is "Valid"
2025-11-06 16:09:44.183 +01:00 [INF] AuthenticationScheme: Identity.Application signed in.
2025-11-06 16:09:44.184 +01:00 [INF] User logged in.
2025-11-06 16:09:44.184 +01:00 [INF] Executed handler method OnPostAsync, returned result Microsoft.AspNetCore.Mvc.LocalRedirectResult.
2025-11-06 16:09:44.185 +01:00 [INF] Executing LocalRedirectResult, redirecting to /.
2025-11-06 16:09:44.185 +01:00 [INF] Executed page /Account/Login in 146.4048ms
2025-11-06 16:09:44.185 +01:00 [INF] Executed endpoint '/Account/Login'
2025-11-06 16:09:44.185 +01:00 [INF] Request finished HTTP/2 POST https://localhost:7025/Identity/Account/Login - 302 0 null 153.9388ms
2025-11-06 16:09:44.218 +01:00 [INF] Request starting HTTP/2 GET https://localhost:7025/ - null null
2025-11-06 16:09:44.220 +01:00 [INF] Executing endpoint 'Jam.Controllers.HomeController.Index (Jam)'
2025-11-06 16:09:44.220 +01:00 [INF] Route matched with {action = "Index", controller = "Home", page = "", area = ""}. Executing controller action with signature System.Threading.Tasks.Task`1[Microsoft.AspNetCore.Mvc.IActionResult] Index() on controller Jam.Controllers.HomeController (Jam).
2025-11-06 16:09:44.255 +01:00 [INF] Executing ViewResult, running view Index.
2025-11-06 16:09:44.270 +01:00 [INF] Executed ViewResult - view Index executed in 15.7992ms.
2025-11-06 16:09:44.270 +01:00 [INF] Executed action Jam.Controllers.HomeController.Index (Jam) in 50.4999ms
2025-11-06 16:09:44.270 +01:00 [INF] Executed endpoint 'Jam.Controllers.HomeController.Index (Jam)'
2025-11-06 16:09:44.271 +01:00 [INF] Request finished HTTP/2 GET https://localhost:7025/ - 200 null text/html; charset=utf-8 53.0379ms
2025-11-06 16:09:45.732 +01:00 [INF] Request starting HTTP/2 GET https://localhost:7025/StoryCreation/CreateStoryAndIntro - null null
2025-11-06 16:09:45.761 +01:00 [INF] Executing endpoint 'Jam.Controllers.StoryCreationController.CreateStoryAndIntro (Jam)'
2025-11-06 16:09:45.763 +01:00 [INF] Route matched with {action = "CreateStoryAndIntro", controller = "StoryCreation", page = "", area = ""}. Executing controller action with signature Microsoft.AspNetCore.Mvc.IActionResult CreateStoryAndIntro() on controller Jam.Controllers.StoryCreationController (Jam).
2025-11-06 16:09:45.765 +01:00 [INF] Accessing expired session, Key:2d0cc344-df3d-072e-4af7-3508e4f5cd8c
2025-11-06 16:09:45.771 +01:00 [INF] Executing ViewResult, running view CreateStoryAndIntro.
2025-11-06 16:09:45.839 +01:00 [INF] Executed ViewResult - view CreateStoryAndIntro executed in 68.3211ms.
2025-11-06 16:09:45.865 +01:00 [INF] Executed action Jam.Controllers.StoryCreationController.CreateStoryAndIntro (Jam) in 76.8615ms
2025-11-06 16:09:45.916 +01:00 [INF] Executed endpoint 'Jam.Controllers.StoryCreationController.CreateStoryAndIntro (Jam)'
2025-11-06 16:09:45.917 +01:00 [INF] Request finished HTTP/2 GET https://localhost:7025/StoryCreation/CreateStoryAndIntro - 200 null text/html; charset=utf-8 184.3785ms
2025-11-06 16:10:18.123 +01:00 [INF] Request starting HTTP/2 GET https://localhost:7025/StoryCreation/CreateStoryAndIntro - null null
2025-11-06 16:10:18.164 +01:00 [INF] Executing endpoint 'Jam.Controllers.StoryCreationController.CreateStoryAndIntro (Jam)'
2025-11-06 16:10:18.165 +01:00 [INF] Route matched with {action = "CreateStoryAndIntro", controller = "StoryCreation", page = "", area = ""}. Executing controller action with signature Microsoft.AspNetCore.Mvc.IActionResult CreateStoryAndIntro() on controller Jam.Controllers.StoryCreationController (Jam).
2025-11-06 16:10:18.167 +01:00 [INF] Accessing expired session, Key:2d0cc344-df3d-072e-4af7-3508e4f5cd8c
2025-11-06 16:10:18.170 +01:00 [INF] Executing ViewResult, running view CreateStoryAndIntro.
2025-11-06 16:10:18.332 +01:00 [INF] Executed ViewResult - view CreateStoryAndIntro executed in 115.8276ms.
2025-11-06 16:10:18.358 +01:00 [INF] Executed action Jam.Controllers.StoryCreationController.CreateStoryAndIntro (Jam) in 193.2452ms
2025-11-06 16:10:18.360 +01:00 [INF] Executed endpoint 'Jam.Controllers.StoryCreationController.CreateStoryAndIntro (Jam)'
2025-11-06 16:10:18.361 +01:00 [INF] Request finished HTTP/2 GET https://localhost:7025/StoryCreation/CreateStoryAndIntro - 200 null text/html; charset=utf-8 287.1866ms
2025-11-06 16:10:19.473 +01:00 [INF] Request starting HTTP/2 GET https://localhost:7025/ - null null
2025-11-06 16:10:19.525 +01:00 [INF] Executing endpoint 'Jam.Controllers.HomeController.Index (Jam)'
2025-11-06 16:10:19.526 +01:00 [INF] Route matched with {action = "Index", controller = "Home", page = "", area = ""}. Executing controller action with signature System.Threading.Tasks.Task`1[Microsoft.AspNetCore.Mvc.IActionResult] Index() on controller Jam.Controllers.HomeController (Jam).
2025-11-06 16:10:19.539 +01:00 [INF] Executing ViewResult, running view Index.
2025-11-06 16:10:19.610 +01:00 [INF] Executed ViewResult - view Index executed in 69.9837ms.
2025-11-06 16:10:19.631 +01:00 [INF] Executed action Jam.Controllers.HomeController.Index (Jam) in 105.3757ms
2025-11-06 16:10:19.657 +01:00 [INF] Executed endpoint 'Jam.Controllers.HomeController.Index (Jam)'
2025-11-06 16:10:19.657 +01:00 [INF] Request finished HTTP/2 GET https://localhost:7025/ - 200 null text/html; charset=utf-8 184.7356ms
