2025-11-02 09:55:16.168 +01:00 [INF] User profile is available. Using '/Users/michaelnedgaardisaksen/.aspnet/DataProtection-Keys' as key repository; keys will not be encrypted at rest.
2025-11-02 09:55:16.544 +01:00 [INF] Applying migration '20251024065541_InitialCreate'.
2025-11-02 09:55:16.573 +01:00 [INF] Applying migration '20251101105657_AddIdentitySupport'.
2025-11-02 09:55:18.060 +01:00 [INF] Now listening on: https://localhost:7025
2025-11-02 09:55:18.062 +01:00 [INF] Now listening on: http://localhost:5262
2025-11-02 09:55:18.068 +01:00 [INF] Application started. Press Ctrl+C to shut down.
2025-11-02 09:55:18.070 +01:00 [INF] Hosting environment: Development
2025-11-02 09:55:18.071 +01:00 [INF] Content root path: /Users/michaelnedgaardisaksen/Documents/ITPE3100_Webapplikasjoner/Demo-Jam/Jam
2025-11-02 09:55:18.731 +01:00 [INF] Request starting HTTP/2 GET https://localhost:7025/ - null null
2025-11-02 09:55:18.756 +01:00 [INF] Executing endpoint 'Jam.Controllers.HomeController.Index (Jam)'
2025-11-02 09:55:18.764 +01:00 [INF] Route matched with {action = "Index", controller = "Home", page = "", area = ""}. Executing controller action with signature System.Threading.Tasks.Task`1[Microsoft.AspNetCore.Mvc.IActionResult] Index() on controller Jam.Controllers.HomeController (Jam).
2025-11-02 09:55:18.781 +01:00 [WRN] [HomeController -> Index] User not logged in, redirecting to Login page.
2025-11-02 09:55:18.784 +01:00 [INF] Executing LocalRedirectResult, redirecting to /Identity/Account/Login.
2025-11-02 09:55:18.787 +01:00 [INF] Executed action Jam.Controllers.HomeController.Index (Jam) in 20.969ms
2025-11-02 09:55:18.787 +01:00 [INF] Executed endpoint 'Jam.Controllers.HomeController.Index (Jam)'
2025-11-02 09:55:18.790 +01:00 [INF] Request finished HTTP/2 GET https://localhost:7025/ - 302 0 null 60.3013ms
2025-11-02 09:55:18.812 +01:00 [INF] Request starting HTTP/2 GET https://localhost:7025/Identity/Account/Login - null null
2025-11-02 09:55:18.817 +01:00 [INF] Executing endpoint '/Account/Login'
2025-11-02 09:55:18.826 +01:00 [INF] Route matched with {page = "/Account/Login", area = "Identity", action = "", controller = ""}. Executing page /Account/Login
2025-11-02 09:55:18.833 +01:00 [INF] Executing handler method Jam.Areas.Identity.Pages.Account.LoginModel.OnGetAsync - ModelState is "Valid"
2025-11-02 09:55:18.836 +01:00 [INF] AuthenticationScheme: Identity.External signed out.
2025-11-02 09:55:18.837 +01:00 [INF] Executed handler method OnGetAsync, returned result .
2025-11-02 09:55:18.838 +01:00 [INF] Executing an implicit handler method - ModelState is "Valid"
2025-11-02 09:55:18.838 +01:00 [INF] Executed an implicit handler method, returned result Microsoft.AspNetCore.Mvc.RazorPages.PageResult.
2025-11-02 09:55:18.889 +01:00 [INF] Executed page /Account/Login in 62.373ms
2025-11-02 09:55:18.889 +01:00 [INF] Executed endpoint '/Account/Login'
2025-11-02 09:55:18.890 +01:00 [INF] Request finished HTTP/2 GET https://localhost:7025/Identity/Account/Login - 200 null text/html; charset=utf-8 77.217ms
2025-11-02 09:55:18.916 +01:00 [INF] Request starting HTTP/2 GET https://localhost:7025/lib/jquery-validation/dist/jquery.validate.min.js - null null
2025-11-02 09:55:18.990 +01:00 [INF] Request starting HTTP/2 GET https://localhost:7025/lib/jquery-validation-unobtrusive/jquery.validate.unobtrusive.min.js - null null
2025-11-02 09:55:18.998 +01:00 [INF] Request finished HTTP/2 GET https://localhost:7025/lib/jquery-validation/dist/jquery.validate.min.js - 404 0 null 82.7189ms
2025-11-02 09:55:18.998 +01:00 [INF] Request finished HTTP/2 GET https://localhost:7025/lib/jquery-validation-unobtrusive/jquery.validate.unobtrusive.min.js - 404 0 null 58.232ms
2025-11-02 09:55:18.999 +01:00 [INF] Request reached the end of the middleware pipeline without being handled by application code. Request path: GET https://localhost:7025/lib/jquery-validation/dist/jquery.validate.min.js, Response status code: 404
2025-11-02 09:55:18.999 +01:00 [INF] Request reached the end of the middleware pipeline without being handled by application code. Request path: GET https://localhost:7025/lib/jquery-validation-unobtrusive/jquery.validate.unobtrusive.min.js, Response status code: 404
2025-11-02 09:55:29.616 +01:00 [INF] Request starting HTTP/2 POST https://localhost:7025/Identity/Account/Login - application/x-www-form-urlencoded 307
2025-11-02 09:55:29.631 +01:00 [INF] Executing endpoint '/Account/Login'
2025-11-02 09:55:29.634 +01:00 [INF] Route matched with {page = "/Account/Login", area = "Identity", action = "", controller = ""}. Executing page /Account/Login
2025-11-02 09:55:29.655 +01:00 [INF] Executing handler method Jam.Areas.Identity.Pages.Account.LoginModel.OnPostAsync - ModelState is "Valid"
2025-11-02 09:55:29.735 +01:00 [INF] Executed handler method OnPostAsync, returned result Microsoft.AspNetCore.Mvc.RazorPages.PageResult.
2025-11-02 09:55:29.842 +01:00 [INF] Executed page /Account/Login in 207.4124ms
2025-11-02 09:55:29.842 +01:00 [INF] Executed endpoint '/Account/Login'
2025-11-02 09:55:29.870 +01:00 [INF] Request finished HTTP/2 POST https://localhost:7025/Identity/Account/Login - 200 null text/html; charset=utf-8 306.5486ms
2025-11-02 09:55:29.872 +01:00 [INF] Request starting HTTP/2 GET https://localhost:7025/lib/jquery-validation/dist/jquery.validate.min.js - null null
2025-11-02 09:55:29.898 +01:00 [INF] Request starting HTTP/2 GET https://localhost:7025/lib/jquery-validation-unobtrusive/jquery.validate.unobtrusive.min.js - null null
2025-11-02 09:55:29.899 +01:00 [INF] Request finished HTTP/2 GET https://localhost:7025/lib/jquery-validation/dist/jquery.validate.min.js - 404 0 null 26.8012ms
2025-11-02 09:55:29.899 +01:00 [INF] Request finished HTTP/2 GET https://localhost:7025/lib/jquery-validation-unobtrusive/jquery.validate.unobtrusive.min.js - 404 0 null 0.8594ms
2025-11-02 09:55:29.899 +01:00 [INF] Request reached the end of the middleware pipeline without being handled by application code. Request path: GET https://localhost:7025/lib/jquery-validation/dist/jquery.validate.min.js, Response status code: 404
2025-11-02 09:55:29.899 +01:00 [INF] Request reached the end of the middleware pipeline without being handled by application code. Request path: GET https://localhost:7025/lib/jquery-validation-unobtrusive/jquery.validate.unobtrusive.min.js, Response status code: 404
2025-11-02 09:55:35.692 +01:00 [INF] Request starting HTTP/2 POST https://localhost:7025/Identity/Account/Login - application/x-www-form-urlencoded 310
2025-11-02 09:55:35.695 +01:00 [INF] Executing endpoint '/Account/Login'
2025-11-02 09:55:35.697 +01:00 [INF] Route matched with {page = "/Account/Login", area = "Identity", action = "", controller = ""}. Executing page /Account/Login
2025-11-02 09:55:35.703 +01:00 [INF] Executing handler method Jam.Areas.Identity.Pages.Account.LoginModel.OnPostAsync - ModelState is "Valid"
2025-11-02 09:55:35.814 +01:00 [INF] AuthenticationScheme: Identity.Application signed in.
2025-11-02 09:55:35.815 +01:00 [INF] User logged in.
2025-11-02 09:55:35.815 +01:00 [INF] Executed handler method OnPostAsync, returned result Microsoft.AspNetCore.Mvc.LocalRedirectResult.
2025-11-02 09:55:35.815 +01:00 [INF] Executing LocalRedirectResult, redirecting to /.
2025-11-02 09:55:35.815 +01:00 [INF] Executed page /Account/Login in 118.3568ms
2025-11-02 09:55:35.815 +01:00 [INF] Executed endpoint '/Account/Login'
2025-11-02 09:55:35.815 +01:00 [INF] Request finished HTTP/2 POST https://localhost:7025/Identity/Account/Login - 302 0 null 145.5992ms
2025-11-02 09:55:35.822 +01:00 [INF] Request starting HTTP/2 GET https://localhost:7025/ - null null
2025-11-02 09:55:35.823 +01:00 [INF] Executing endpoint 'Jam.Controllers.HomeController.Index (Jam)'
2025-11-02 09:55:35.823 +01:00 [INF] Route matched with {action = "Index", controller = "Home", page = "", area = ""}. Executing controller action with signature System.Threading.Tasks.Task`1[Microsoft.AspNetCore.Mvc.IActionResult] Index() on controller Jam.Controllers.HomeController (Jam).
2025-11-02 09:55:35.852 +01:00 [INF] Executing ViewResult, running view Index.
2025-11-02 09:55:35.858 +01:00 [INF] Executed ViewResult - view Index executed in 7.8015ms.
2025-11-02 09:55:35.859 +01:00 [INF] Executed action Jam.Controllers.HomeController.Index (Jam) in 36.0643ms
2025-11-02 09:55:35.859 +01:00 [INF] Executed endpoint 'Jam.Controllers.HomeController.Index (Jam)'
2025-11-02 09:55:35.859 +01:00 [INF] Request finished HTTP/2 GET https://localhost:7025/ - 200 null text/html; charset=utf-8 37.6225ms
2025-11-02 09:55:37.816 +01:00 [INF] Request starting HTTP/2 GET https://localhost:7025/StoryPlaying/StartStory?storyId=1 - null null
2025-11-02 09:55:37.844 +01:00 [INF] Executing endpoint 'Jam.Controllers.StoryPlayingController.StartStory (Jam)'
2025-11-02 09:55:37.850 +01:00 [INF] Route matched with {action = "StartStory", controller = "StoryPlaying", page = "", area = ""}. Executing controller action with signature System.Threading.Tasks.Task`1[Microsoft.AspNetCore.Mvc.IActionResult] StartStory(Int32) on controller Jam.Controllers.StoryPlayingController (Jam).
2025-11-02 09:55:37.910 +01:00 [INF] Executing RedirectResult, redirecting to /StoryPlaying/PlayScene?sceneId=3&SceneType=Intro&sessionId=3.
2025-11-02 09:55:37.910 +01:00 [INF] Executed action Jam.Controllers.StoryPlayingController.StartStory (Jam) in 59.339ms
2025-11-02 09:55:37.910 +01:00 [INF] Executed endpoint 'Jam.Controllers.StoryPlayingController.StartStory (Jam)'
2025-11-02 09:55:37.910 +01:00 [INF] Request finished HTTP/2 GET https://localhost:7025/StoryPlaying/StartStory?storyId=1 - 302 0 null 93.3146ms
2025-11-02 09:55:37.938 +01:00 [INF] Request starting HTTP/2 GET https://localhost:7025/StoryPlaying/PlayScene?sceneId=3&SceneType=Intro&sessionId=3 - null null
2025-11-02 09:55:37.939 +01:00 [INF] Executing endpoint 'Jam.Controllers.StoryPlayingController.PlayScene (Jam)'
2025-11-02 09:55:37.942 +01:00 [INF] Route matched with {action = "PlayScene", controller = "StoryPlaying", page = "", area = ""}. Executing controller action with signature System.Threading.Tasks.Task`1[Microsoft.AspNetCore.Mvc.IActionResult] PlayScene(Int32, Jam.Models.Enums.SceneType, Int32) on controller Jam.Controllers.StoryPlayingController (Jam).
2025-11-02 09:55:37.951 +01:00 [INF] Executing ViewResult, running view PlayScene.
2025-11-02 09:55:37.956 +01:00 [INF] Executed ViewResult - view PlayScene executed in 5.9103ms.
2025-11-02 09:55:37.956 +01:00 [INF] Executed action Jam.Controllers.StoryPlayingController.PlayScene (Jam) in 14.028ms
2025-11-02 09:55:37.956 +01:00 [INF] Executed endpoint 'Jam.Controllers.StoryPlayingController.PlayScene (Jam)'
2025-11-02 09:55:37.956 +01:00 [INF] Request finished HTTP/2 GET https://localhost:7025/StoryPlaying/PlayScene?sceneId=3&SceneType=Intro&sessionId=3 - 200 null text/html; charset=utf-8 18.5857ms
2025-11-02 09:55:38.002 +01:00 [INF] Request starting HTTP/2 GET https://localhost:7025/lib/jquery-validation/dist/jquery.validate.min.js - null null
2025-11-02 09:55:38.002 +01:00 [INF] Request starting HTTP/2 GET https://localhost:7025/lib/jquery-validation-unobtrusive/jquery.validate.unobtrusive.min.js - null null
2025-11-02 09:55:38.027 +01:00 [INF] Request finished HTTP/2 GET https://localhost:7025/lib/jquery-validation-unobtrusive/jquery.validate.unobtrusive.min.js - 404 0 null 24.1289ms
2025-11-02 09:55:38.027 +01:00 [INF] Request reached the end of the middleware pipeline without being handled by application code. Request path: GET https://localhost:7025/lib/jquery-validation-unobtrusive/jquery.validate.unobtrusive.min.js, Response status code: 404
2025-11-02 09:55:38.027 +01:00 [INF] Request finished HTTP/2 GET https://localhost:7025/lib/jquery-validation/dist/jquery.validate.min.js - 404 0 null 49.8348ms
2025-11-02 09:55:38.027 +01:00 [INF] Request reached the end of the middleware pipeline without being handled by application code. Request path: GET https://localhost:7025/lib/jquery-validation/dist/jquery.validate.min.js, Response status code: 404
2025-11-02 09:55:39.398 +01:00 [INF] Request starting HTTP/2 POST https://localhost:7025/StoryPlaying/PlayScene - application/x-www-form-urlencoded 293
2025-11-02 09:55:39.399 +01:00 [INF] Executing endpoint 'Jam.Controllers.StoryPlayingController.PlayScene (Jam)'
2025-11-02 09:55:39.414 +01:00 [INF] Route matched with {action = "PlayScene", controller = "StoryPlaying", page = "", area = ""}. Executing controller action with signature System.Threading.Tasks.Task`1[Microsoft.AspNetCore.Mvc.IActionResult] PlayScene(Jam.ViewModels.StoryPlaying.PlaySceneViewModel) on controller Jam.Controllers.StoryPlayingController (Jam).
2025-11-02 09:55:39.452 +01:00 [INF] Executing RedirectResult, redirecting to /StoryPlaying/PlayScene?sceneId=4&sceneType=Question&sessionId=3.
2025-11-02 09:55:39.452 +01:00 [INF] Executed action Jam.Controllers.StoryPlayingController.PlayScene (Jam) in 38.7112ms
2025-11-02 09:55:39.452 +01:00 [INF] Executed endpoint 'Jam.Controllers.StoryPlayingController.PlayScene (Jam)'
2025-11-02 09:55:39.452 +01:00 [INF] Request finished HTTP/2 POST https://localhost:7025/StoryPlaying/PlayScene - 302 0 null 54.8911ms
2025-11-02 09:55:39.525 +01:00 [INF] Request starting HTTP/2 GET https://localhost:7025/StoryPlaying/PlayScene?sceneId=4&sceneType=Question&sessionId=3 - null null
2025-11-02 09:55:39.525 +01:00 [INF] Executing endpoint 'Jam.Controllers.StoryPlayingController.PlayScene (Jam)'
2025-11-02 09:55:39.525 +01:00 [INF] Route matched with {action = "PlayScene", controller = "StoryPlaying", page = "", area = ""}. Executing controller action with signature System.Threading.Tasks.Task`1[Microsoft.AspNetCore.Mvc.IActionResult] PlayScene(Int32, Jam.Models.Enums.SceneType, Int32) on controller Jam.Controllers.StoryPlayingController (Jam).
2025-11-02 09:55:39.549 +01:00 [INF] Executing ViewResult, running view PlayScene.
2025-11-02 09:55:39.672 +01:00 [INF] Executed ViewResult - view PlayScene executed in 97.2616ms.
2025-11-02 09:55:39.693 +01:00 [INF] Request starting HTTP/2 GET https://localhost:7025/lib/jquery-validation/dist/jquery.validate.min.js - null null
2025-11-02 09:55:39.716 +01:00 [INF] Request starting HTTP/2 GET https://localhost:7025/lib/jquery-validation-unobtrusive/jquery.validate.unobtrusive.min.js - null null
2025-11-02 09:55:39.743 +01:00 [INF] Request finished HTTP/2 GET https://localhost:7025/lib/jquery-validation/dist/jquery.validate.min.js - 404 0 null 70.1636ms
2025-11-02 09:55:39.746 +01:00 [INF] Executed action Jam.Controllers.StoryPlayingController.PlayScene (Jam) in 220.2853ms
2025-11-02 09:55:39.748 +01:00 [INF] Executed endpoint 'Jam.Controllers.StoryPlayingController.PlayScene (Jam)'
2025-11-02 09:55:39.748 +01:00 [INF] Request reached the end of the middleware pipeline without being handled by application code. Request path: GET https://localhost:7025/lib/jquery-validation/dist/jquery.validate.min.js, Response status code: 404
2025-11-02 09:55:39.749 +01:00 [INF] Request finished HTTP/2 GET https://localhost:7025/StoryPlaying/PlayScene?sceneId=4&sceneType=Question&sessionId=3 - 200 null text/html; charset=utf-8 249.1413ms
2025-11-02 09:55:39.750 +01:00 [INF] Request finished HTTP/2 GET https://localhost:7025/lib/jquery-validation-unobtrusive/jquery.validate.unobtrusive.min.js - 404 0 null 33.6959ms
2025-11-02 09:55:39.750 +01:00 [INF] Request reached the end of the middleware pipeline without being handled by application code. Request path: GET https://localhost:7025/lib/jquery-validation-unobtrusive/jquery.validate.unobtrusive.min.js, Response status code: 404
