2025-10-29 09:36:02.914 +01:00 [INF] Applying migration '20251024065541_InitialCreate'.
2025-10-29 09:36:03.255 +01:00 [INF] User profile is available. Using '/Users/michaelnedgaardisaksen/.aspnet/DataProtection-Keys' as key repository; keys will not be encrypted at rest.
2025-10-29 09:36:03.509 +01:00 [INF] Now listening on: https://localhost:7025
2025-10-29 09:36:03.510 +01:00 [INF] Now listening on: http://localhost:5262
2025-10-29 09:36:03.513 +01:00 [INF] Application started. Press Ctrl+C to shut down.
2025-10-29 09:36:03.514 +01:00 [INF] Hosting environment: Development
2025-10-29 09:36:03.515 +01:00 [INF] Content root path: /Users/michaelnedgaardisaksen/Documents/ITPE3100_Webapplikasjoner/Demo-Jam/Jam
2025-10-29 09:36:03.766 +01:00 [INF] Request starting HTTP/2 GET https://localhost:7025/ - null null
2025-10-29 09:36:03.781 +01:00 [INF] Executing endpoint 'Jam.Controllers.HomeController.Index (Jam)'
2025-10-29 09:36:03.791 +01:00 [INF] Route matched with {action = "Index", controller = "Home"}. Executing controller action with signature System.Threading.Tasks.Task`1[Microsoft.AspNetCore.Mvc.IActionResult] Index() on controller Jam.Controllers.HomeController (Jam).
2025-10-29 09:36:03.967 +01:00 [INF] Executing ViewResult, running view Index.
2025-10-29 09:36:04.010 +01:00 [INF] Executed ViewResult - view Index executed in 42.925ms.
2025-10-29 09:36:04.012 +01:00 [INF] Executed action Jam.Controllers.HomeController.Index (Jam) in 220.628ms
2025-10-29 09:36:04.012 +01:00 [INF] Executed endpoint 'Jam.Controllers.HomeController.Index (Jam)'
2025-10-29 09:36:04.016 +01:00 [INF] Request finished HTTP/2 GET https://localhost:7025/ - 200 null text/html; charset=utf-8 250.6592ms
2025-10-29 09:36:07.634 +01:00 [INF] Request starting HTTP/2 GET https://localhost:7025/StoryPlaying/StartStory?storyId=1 - null null
2025-10-29 09:36:07.638 +01:00 [INF] Executing endpoint 'Jam.Controllers.StoryPlayingController.StartStory (Jam)'
2025-10-29 09:36:07.656 +01:00 [INF] Route matched with {action = "StartStory", controller = "StoryPlaying"}. Executing controller action with signature System.Threading.Tasks.Task`1[Microsoft.AspNetCore.Mvc.IActionResult] StartStory(Int32) on controller Jam.Controllers.StoryPlayingController (Jam).
2025-10-29 09:36:07.737 +01:00 [INF] Executing RedirectResult, redirecting to /StoryPlaying/PlayScene?sceneId=1&SceneType=Intro&sessionId=3.
2025-10-29 09:36:07.738 +01:00 [INF] Executed action Jam.Controllers.StoryPlayingController.StartStory (Jam) in 81.3427ms
2025-10-29 09:36:07.738 +01:00 [INF] Executed endpoint 'Jam.Controllers.StoryPlayingController.StartStory (Jam)'
2025-10-29 09:36:07.738 +01:00 [INF] Request finished HTTP/2 GET https://localhost:7025/StoryPlaying/StartStory?storyId=1 - 302 0 null 104.3589ms
2025-10-29 09:36:07.741 +01:00 [INF] Request starting HTTP/2 GET https://localhost:7025/StoryPlaying/PlayScene?sceneId=1&SceneType=Intro&sessionId=3 - null null
2025-10-29 09:36:07.742 +01:00 [INF] Executing endpoint 'Jam.Controllers.StoryPlayingController.PlayScene (Jam)'
2025-10-29 09:36:07.745 +01:00 [INF] Route matched with {action = "PlayScene", controller = "StoryPlaying"}. Executing controller action with signature System.Threading.Tasks.Task`1[Microsoft.AspNetCore.Mvc.IActionResult] PlayScene(Int32, Jam.Models.Enums.SceneType, Int32) on controller Jam.Controllers.StoryPlayingController (Jam).
2025-10-29 09:36:07.752 +01:00 [INF] Executing ViewResult, running view PlayScene.
2025-10-29 09:36:07.759 +01:00 [INF] Executed ViewResult - view PlayScene executed in 7.9227ms.
2025-10-29 09:36:07.760 +01:00 [INF] Executed action Jam.Controllers.StoryPlayingController.PlayScene (Jam) in 14.9724ms
2025-10-29 09:36:07.760 +01:00 [INF] Executed endpoint 'Jam.Controllers.StoryPlayingController.PlayScene (Jam)'
2025-10-29 09:36:07.760 +01:00 [INF] Request finished HTTP/2 GET https://localhost:7025/StoryPlaying/PlayScene?sceneId=1&SceneType=Intro&sessionId=3 - 200 null text/html; charset=utf-8 18.4679ms
2025-10-29 09:36:43.141 +01:00 [INF] Request starting HTTP/2 POST https://localhost:7025/StoryPlaying/PlayScene - application/x-www-form-urlencoded 204
2025-10-29 09:36:43.144 +01:00 [INF] Executing endpoint 'Jam.Controllers.StoryPlayingController.PlayScene (Jam)'
2025-10-29 09:36:43.169 +01:00 [INF] Route matched with {action = "PlayScene", controller = "StoryPlaying"}. Executing controller action with signature System.Threading.Tasks.Task`1[Microsoft.AspNetCore.Mvc.IActionResult] PlayScene(Jam.ViewModels.StoryPlaying.PlaySceneViewModel) on controller Jam.Controllers.StoryPlayingController (Jam).
2025-10-29 09:36:43.211 +01:00 [INF] Executing BadRequestObjectResult, writing value of type 'System.String'.
2025-10-29 09:36:43.212 +01:00 [INF] Executed action Jam.Controllers.StoryPlayingController.PlayScene (Jam) in 42.8039ms
2025-10-29 09:36:43.212 +01:00 [INF] Executed endpoint 'Jam.Controllers.StoryPlayingController.PlayScene (Jam)'
2025-10-29 09:36:43.212 +01:00 [INF] Request finished HTTP/2 POST https://localhost:7025/StoryPlaying/PlayScene - 400 null text/plain; charset=utf-8 121.9279ms
