2025-11-07 19:25:23.988 +01:00 [INF] User profile is available. Using '/Users/jaraazad/.aspnet/DataProtection-Keys' as key repository; keys will not be encrypted at rest.
2025-11-07 19:25:24.594 +01:00 [INF] Applying migration '20251024065541_InitialCreate'.
2025-11-07 19:25:24.634 +01:00 [INF] Applying migration '20251101105657_AddIdentitySupport'.
2025-11-07 19:25:24.706 +01:00 [INF] Applying migration '20251103080324_UpdateNextQuestionSceneDeleteBehavior'.
2025-11-07 19:25:25.878 +01:00 [INF] Now listening on: https://localhost:7025
2025-11-07 19:25:25.878 +01:00 [INF] Now listening on: http://localhost:5262
2025-11-07 19:25:25.883 +01:00 [INF] Application started. Press Ctrl+C to shut down.
2025-11-07 19:25:25.884 +01:00 [INF] Hosting environment: Development
2025-11-07 19:25:25.885 +01:00 [INF] Content root path: /Users/jaraazad/Desktop/Jam
2025-11-07 19:25:26.087 +01:00 [INF] Request starting HTTP/2 GET https://localhost:7025/ - null null
2025-11-07 19:25:26.114 +01:00 [INF] Executing endpoint 'Jam.Controllers.HomeController.Index (Jam)'
2025-11-07 19:25:26.120 +01:00 [INF] Route matched with {action = "Index", controller = "Home", page = "", area = ""}. Executing controller action with signature System.Threading.Tasks.Task`1[Microsoft.AspNetCore.Mvc.IActionResult] Index() on controller Jam.Controllers.HomeController (Jam).
2025-11-07 19:25:26.132 +01:00 [WRN] [HomeController -> Index] Auth cookie invalid or user no longer exists. Redirecting to login.
2025-11-07 19:25:26.135 +01:00 [INF] AuthenticationScheme: Identity.Application signed out.
2025-11-07 19:25:26.136 +01:00 [INF] AuthenticationScheme: Identity.External signed out.
2025-11-07 19:25:26.136 +01:00 [INF] AuthenticationScheme: Identity.TwoFactorUserId signed out.
2025-11-07 19:25:26.137 +01:00 [INF] Executing LocalRedirectResult, redirecting to /Identity/Account/Login.
2025-11-07 19:25:26.139 +01:00 [INF] Executed action Jam.Controllers.HomeController.Index (Jam) in 17.3905ms
2025-11-07 19:25:26.140 +01:00 [INF] Executed endpoint 'Jam.Controllers.HomeController.Index (Jam)'
2025-11-07 19:25:26.146 +01:00 [INF] Request finished HTTP/2 GET https://localhost:7025/ - 302 0 null 59.4419ms
2025-11-07 19:25:26.150 +01:00 [INF] Request starting HTTP/2 GET https://localhost:7025/Identity/Account/Login - null null
2025-11-07 19:25:26.153 +01:00 [INF] Executing endpoint '/Account/Login'
2025-11-07 19:25:26.163 +01:00 [INF] Route matched with {page = "/Account/Login", area = "Identity", action = "", controller = ""}. Executing page /Account/Login
2025-11-07 19:25:26.170 +01:00 [INF] Executing handler method Jam.Areas.Identity.Pages.Account.LoginModel.OnGetAsync - ModelState is "Valid"
2025-11-07 19:25:26.171 +01:00 [INF] AuthenticationScheme: Identity.External signed out.
2025-11-07 19:25:26.171 +01:00 [INF] Executed handler method OnGetAsync, returned result .
2025-11-07 19:25:26.173 +01:00 [INF] Executing an implicit handler method - ModelState is "Valid"
2025-11-07 19:25:26.173 +01:00 [INF] Executed an implicit handler method, returned result Microsoft.AspNetCore.Mvc.RazorPages.PageResult.
2025-11-07 19:25:26.225 +01:00 [INF] Executed page /Account/Login in 61.2697ms
2025-11-07 19:25:26.225 +01:00 [INF] Executed endpoint '/Account/Login'
2025-11-07 19:25:26.230 +01:00 [INF] Request finished HTTP/2 GET https://localhost:7025/Identity/Account/Login - 200 null text/html; charset=utf-8 79.5707ms
2025-11-07 19:25:26.241 +01:00 [INF] Request starting HTTP/2 GET https://localhost:7025/lib/jquery-validation/dist/jquery.validate.min.js - null null
2025-11-07 19:25:26.248 +01:00 [INF] Request starting HTTP/2 GET https://localhost:7025/lib/jquery-validation-unobtrusive/jquery.validate.unobtrusive.min.js - null null
2025-11-07 19:25:26.251 +01:00 [INF] Request finished HTTP/2 GET https://localhost:7025/lib/jquery-validation/dist/jquery.validate.min.js - 404 0 null 9.5947ms
2025-11-07 19:25:26.251 +01:00 [INF] Request finished HTTP/2 GET https://localhost:7025/lib/jquery-validation-unobtrusive/jquery.validate.unobtrusive.min.js - 404 0 null 2.4113ms
2025-11-07 19:25:26.252 +01:00 [INF] Request reached the end of the middleware pipeline without being handled by application code. Request path: GET https://localhost:7025/lib/jquery-validation/dist/jquery.validate.min.js, Response status code: 404
2025-11-07 19:25:26.252 +01:00 [INF] Request reached the end of the middleware pipeline without being handled by application code. Request path: GET https://localhost:7025/lib/jquery-validation-unobtrusive/jquery.validate.unobtrusive.min.js, Response status code: 404
2025-11-07 19:25:34.218 +01:00 [INF] Request starting HTTP/2 POST https://localhost:7025/Identity/Account/Login - application/x-www-form-urlencoded 236
2025-11-07 19:25:34.256 +01:00 [INF] Executing endpoint '/Account/Login'
2025-11-07 19:25:34.258 +01:00 [INF] Route matched with {page = "/Account/Login", area = "Identity", action = "", controller = ""}. Executing page /Account/Login
2025-11-07 19:25:34.289 +01:00 [INF] Executing handler method Jam.Areas.Identity.Pages.Account.LoginModel.OnPostAsync - ModelState is "Valid"
2025-11-07 19:25:34.416 +01:00 [INF] AuthenticationScheme: Identity.Application signed in.
2025-11-07 19:25:34.416 +01:00 [INF] User logged in.
2025-11-07 19:25:34.417 +01:00 [INF] Executed handler method OnPostAsync, returned result Microsoft.AspNetCore.Mvc.LocalRedirectResult.
2025-11-07 19:25:34.417 +01:00 [INF] Executing LocalRedirectResult, redirecting to /.
2025-11-07 19:25:34.418 +01:00 [INF] Executed page /Account/Login in 159.1657ms
2025-11-07 19:25:34.418 +01:00 [INF] Executed endpoint '/Account/Login'
2025-11-07 19:25:34.418 +01:00 [INF] Request finished HTTP/2 POST https://localhost:7025/Identity/Account/Login - 302 0 null 274.6964ms
2025-11-07 19:25:34.499 +01:00 [INF] Request starting HTTP/2 GET https://localhost:7025/ - null null
2025-11-07 19:25:34.501 +01:00 [INF] Executing endpoint 'Jam.Controllers.HomeController.Index (Jam)'
2025-11-07 19:25:34.502 +01:00 [INF] Route matched with {action = "Index", controller = "Home", page = "", area = ""}. Executing controller action with signature System.Threading.Tasks.Task`1[Microsoft.AspNetCore.Mvc.IActionResult] Index() on controller Jam.Controllers.HomeController (Jam).
2025-11-07 19:25:34.555 +01:00 [INF] Executing ViewResult, running view Index.
2025-11-07 19:25:34.570 +01:00 [INF] Executed ViewResult - view Index executed in 16.0715ms.
2025-11-07 19:25:34.571 +01:00 [INF] Executed action Jam.Controllers.HomeController.Index (Jam) in 69.0122ms
2025-11-07 19:25:34.571 +01:00 [INF] Executed endpoint 'Jam.Controllers.HomeController.Index (Jam)'
2025-11-07 19:25:34.571 +01:00 [INF] Request finished HTTP/2 GET https://localhost:7025/ - 200 null text/html; charset=utf-8 97.3339ms
2025-11-07 19:25:36.472 +01:00 [INF] Request starting HTTP/2 GET https://localhost:7025/StoryCreation/CreateStoryAndIntro - null null
2025-11-07 19:25:36.481 +01:00 [INF] Executing endpoint 'Jam.Controllers.StoryCreationController.CreateStoryAndIntro (Jam)'
2025-11-07 19:25:36.484 +01:00 [INF] Route matched with {action = "CreateStoryAndIntro", controller = "StoryCreation", page = "", area = ""}. Executing controller action with signature Microsoft.AspNetCore.Mvc.IActionResult CreateStoryAndIntro() on controller Jam.Controllers.StoryCreationController (Jam).
2025-11-07 19:25:36.488 +01:00 [INF] Accessing expired session, Key:81240ac2-d632-8b42-bfc2-321f7eaa06ba
2025-11-07 19:25:36.495 +01:00 [INF] Executing ViewResult, running view CreateStoryAndIntro.
2025-11-07 19:25:36.622 +01:00 [INF] Executed ViewResult - view CreateStoryAndIntro executed in 127.7655ms.
2025-11-07 19:25:36.622 +01:00 [INF] Executed action Jam.Controllers.StoryCreationController.CreateStoryAndIntro (Jam) in 137.6379ms
2025-11-07 19:25:36.622 +01:00 [INF] Executed endpoint 'Jam.Controllers.StoryCreationController.CreateStoryAndIntro (Jam)'
2025-11-07 19:25:36.622 +01:00 [INF] Request finished HTTP/2 GET https://localhost:7025/StoryCreation/CreateStoryAndIntro - 200 null text/html; charset=utf-8 154.0026ms
2025-11-07 19:25:41.280 +01:00 [INF] Request starting HTTP/2 POST https://localhost:7025/StoryCreation/CreateStoryAndIntro - application/x-www-form-urlencoded 306
2025-11-07 19:25:41.286 +01:00 [INF] Executing endpoint 'Jam.Controllers.StoryCreationController.CreateStoryAndIntro (Jam)'
2025-11-07 19:25:41.296 +01:00 [INF] Route matched with {action = "CreateStoryAndIntro", controller = "StoryCreation", page = "", area = ""}. Executing controller action with signature Microsoft.AspNetCore.Mvc.IActionResult CreateStoryAndIntro(Jam.ViewModels.StoryCreation.CreateStoryAndIntroViewModel, System.String) on controller Jam.Controllers.StoryCreationController (Jam).
2025-11-07 19:25:41.302 +01:00 [INF] Accessing expired session, Key:81240ac2-d632-8b42-bfc2-321f7eaa06ba
2025-11-07 19:25:41.333 +01:00 [INF] Executing RedirectResult, redirecting to /StoryCreation/CreateQuestionScenes.
2025-11-07 19:25:41.333 +01:00 [INF] Executed action Jam.Controllers.StoryCreationController.CreateStoryAndIntro (Jam) in 37.4254ms
2025-11-07 19:25:41.333 +01:00 [INF] Executed endpoint 'Jam.Controllers.StoryCreationController.CreateStoryAndIntro (Jam)'
2025-11-07 19:25:41.333 +01:00 [INF] Session started; Key:81240ac2-d632-8b42-bfc2-321f7eaa06ba, Id:8d933aba-5a11-7316-764a-b1637c34db68
2025-11-07 19:25:41.334 +01:00 [INF] Request finished HTTP/2 POST https://localhost:7025/StoryCreation/CreateStoryAndIntro - 302 0 null 54.17ms
2025-11-07 19:25:41.413 +01:00 [INF] Request starting HTTP/2 GET https://localhost:7025/StoryCreation/CreateQuestionScenes - null null
2025-11-07 19:25:41.414 +01:00 [INF] Executing endpoint 'Jam.Controllers.StoryCreationController.CreateQuestionScenes (Jam)'
2025-11-07 19:25:41.416 +01:00 [INF] Route matched with {action = "CreateQuestionScenes", controller = "StoryCreation", page = "", area = ""}. Executing controller action with signature Microsoft.AspNetCore.Mvc.IActionResult CreateQuestionScenes() on controller Jam.Controllers.StoryCreationController (Jam).
2025-11-07 19:25:41.422 +01:00 [INF] Executing ViewResult, running view CreateQuestionScenes.
2025-11-07 19:25:41.429 +01:00 [INF] Executed ViewResult - view CreateQuestionScenes executed in 6.7584ms.
2025-11-07 19:25:41.450 +01:00 [INF] Executed action Jam.Controllers.StoryCreationController.CreateQuestionScenes (Jam) in 34.2755ms
2025-11-07 19:25:41.472 +01:00 [INF] Executed endpoint 'Jam.Controllers.StoryCreationController.CreateQuestionScenes (Jam)'
2025-11-07 19:25:41.515 +01:00 [INF] Request finished HTTP/2 GET https://localhost:7025/StoryCreation/CreateQuestionScenes - 200 null text/html; charset=utf-8 102.2805ms
2025-11-07 19:25:42.831 +01:00 [INF] Request starting HTTP/2 GET https://localhost:7025/StoryCreation/GetQuestionScenePartial?index=0 - null null
2025-11-07 19:25:42.832 +01:00 [INF] Executing endpoint 'Jam.Controllers.StoryCreationController.GetQuestionScenePartial (Jam)'
2025-11-07 19:25:42.835 +01:00 [INF] Route matched with {action = "GetQuestionScenePartial", controller = "StoryCreation", page = "", area = ""}. Executing controller action with signature Microsoft.AspNetCore.Mvc.IActionResult GetQuestionScenePartial(Int32, Int32) on controller Jam.Controllers.StoryCreationController (Jam).
2025-11-07 19:25:42.845 +01:00 [INF] Executing PartialViewResult, running view _QuestionScenePartial.
2025-11-07 19:25:42.878 +01:00 [INF] Executed PartialViewResult - view _QuestionScenePartial executed in 33.8402ms.
2025-11-07 19:25:42.878 +01:00 [INF] Executed action Jam.Controllers.StoryCreationController.GetQuestionScenePartial (Jam) in 42.6676ms
2025-11-07 19:25:42.878 +01:00 [INF] Executed endpoint 'Jam.Controllers.StoryCreationController.GetQuestionScenePartial (Jam)'
2025-11-07 19:25:42.878 +01:00 [INF] Request finished HTTP/2 GET https://localhost:7025/StoryCreation/GetQuestionScenePartial?index=0 - 200 null text/html; charset=utf-8 47.1369ms
2025-11-07 19:25:44.704 +01:00 [INF] Request starting HTTP/2 GET https://localhost:7025/StoryCreation/GetQuestionScenePartial?index=1 - null null
2025-11-07 19:25:44.705 +01:00 [INF] Executing endpoint 'Jam.Controllers.StoryCreationController.GetQuestionScenePartial (Jam)'
2025-11-07 19:25:44.705 +01:00 [INF] Route matched with {action = "GetQuestionScenePartial", controller = "StoryCreation", page = "", area = ""}. Executing controller action with signature Microsoft.AspNetCore.Mvc.IActionResult GetQuestionScenePartial(Int32, Int32) on controller Jam.Controllers.StoryCreationController (Jam).
2025-11-07 19:25:44.707 +01:00 [INF] Executing PartialViewResult, running view _QuestionScenePartial.
2025-11-07 19:25:44.769 +01:00 [INF] Executed PartialViewResult - view _QuestionScenePartial executed in 39.4755ms.
2025-11-07 19:25:44.770 +01:00 [INF] Executed action Jam.Controllers.StoryCreationController.GetQuestionScenePartial (Jam) in 64.164ms
2025-11-07 19:25:44.774 +01:00 [INF] Executed endpoint 'Jam.Controllers.StoryCreationController.GetQuestionScenePartial (Jam)'
2025-11-07 19:25:44.797 +01:00 [INF] Request finished HTTP/2 GET https://localhost:7025/StoryCreation/GetQuestionScenePartial?index=1 - 200 null text/html; charset=utf-8 93.5767ms
2025-11-07 19:25:45.939 +01:00 [INF] Request starting HTTP/2 GET https://localhost:7025/StoryCreation/GetQuestionScenePartial?index=2 - null null
2025-11-07 19:25:45.943 +01:00 [INF] Executing endpoint 'Jam.Controllers.StoryCreationController.GetQuestionScenePartial (Jam)'
2025-11-07 19:25:45.943 +01:00 [INF] Route matched with {action = "GetQuestionScenePartial", controller = "StoryCreation", page = "", area = ""}. Executing controller action with signature Microsoft.AspNetCore.Mvc.IActionResult GetQuestionScenePartial(Int32, Int32) on controller Jam.Controllers.StoryCreationController (Jam).
2025-11-07 19:25:45.945 +01:00 [INF] Executing PartialViewResult, running view _QuestionScenePartial.
2025-11-07 19:25:46.005 +01:00 [INF] Executed PartialViewResult - view _QuestionScenePartial executed in 38.9059ms.
2025-11-07 19:25:46.005 +01:00 [INF] Executed action Jam.Controllers.StoryCreationController.GetQuestionScenePartial (Jam) in 61.9849ms
2025-11-07 19:25:46.006 +01:00 [INF] Executed endpoint 'Jam.Controllers.StoryCreationController.GetQuestionScenePartial (Jam)'
2025-11-07 19:25:46.006 +01:00 [INF] Request finished HTTP/2 GET https://localhost:7025/StoryCreation/GetQuestionScenePartial?index=2 - 200 null text/html; charset=utf-8 66.6485ms
2025-11-07 19:25:48.622 +01:00 [INF] Request starting HTTP/2 POST https://localhost:7025/StoryCreation/CreateQuestionScenes - application/x-www-form-urlencoded 2556
2025-11-07 19:25:48.669 +01:00 [INF] Executing endpoint 'Jam.Controllers.StoryCreationController.CreateQuestionScenes (Jam)'
2025-11-07 19:25:48.674 +01:00 [INF] Route matched with {action = "CreateQuestionScenes", controller = "StoryCreation", page = "", area = ""}. Executing controller action with signature Microsoft.AspNetCore.Mvc.IActionResult CreateQuestionScenes(Jam.ViewModels.StoryCreation.CreateMultipleQuestionScenesViewModel, System.String) on controller Jam.Controllers.StoryCreationController (Jam).
2025-11-07 19:25:48.680 +01:00 [INF] Antiforgery token validation failed. The antiforgery token could not be decrypted.
Microsoft.AspNetCore.Antiforgery.AntiforgeryValidationException: The antiforgery token could not be decrypted.
 ---> System.FormatException: The input is not a valid Base-64 string as it contains a non-base 64 character, more than two padding characters, or an illegal character among the padding characters.
   at System.Convert.FromBase64CharPtr(Char* inputPtr, Int32 inputLength)
   at System.Convert.FromBase64CharArray(Char[] inArray, Int32 offset, Int32 length)
   at Microsoft.AspNetCore.Antiforgery.DefaultAntiforgeryTokenSerializer.Deserialize(String serializedToken)
   --- End of inner exception stack trace ---
   at Microsoft.AspNetCore.Antiforgery.DefaultAntiforgeryTokenSerializer.Deserialize(String serializedToken)
   at Microsoft.AspNetCore.Antiforgery.DefaultAntiforgery.DeserializeTokens(HttpContext httpContext, AntiforgeryTokenSet antiforgeryTokenSet, AntiforgeryToken& cookieToken, AntiforgeryToken& requestToken)
   at Microsoft.AspNetCore.Antiforgery.DefaultAntiforgery.ValidateTokens(HttpContext httpContext, AntiforgeryTokenSet antiforgeryTokenSet)
   at Microsoft.AspNetCore.Antiforgery.DefaultAntiforgery.ValidateRequestAsync(HttpContext httpContext)
   at Microsoft.AspNetCore.Mvc.ViewFeatures.Filters.ValidateAntiforgeryTokenAuthorizationFilter.OnAuthorizationAsync(AuthorizationFilterContext context)
2025-11-07 19:25:48.709 +01:00 [INF] Authorization failed for the request at filter 'Microsoft.AspNetCore.Mvc.ViewFeatures.Filters.ValidateAntiforgeryTokenAuthorizationFilter'.
2025-11-07 19:25:48.714 +01:00 [INF] Executing StatusCodeResult, setting HTTP status code 400
2025-11-07 19:25:48.714 +01:00 [INF] Executed action Jam.Controllers.StoryCreationController.CreateQuestionScenes (Jam) in 40.2731ms
2025-11-07 19:25:48.714 +01:00 [INF] Executed endpoint 'Jam.Controllers.StoryCreationController.CreateQuestionScenes (Jam)'
2025-11-07 19:25:48.714 +01:00 [INF] Request finished HTTP/2 POST https://localhost:7025/StoryCreation/CreateQuestionScenes - 400 0 null 117.5512ms
