2025-11-03 08:04:31.334 +01:00 [INF] User profile is available. Using '/Users/michaelnedgaardisaksen/.aspnet/DataProtection-Keys' as key repository; keys will not be encrypted at rest.
2025-11-03 08:04:32.192 +01:00 [INF] Applying migration '20251024065541_InitialCreate'.
2025-11-03 08:04:32.251 +01:00 [INF] Applying migration '20251101105657_AddIdentitySupport'.
2025-11-03 08:04:33.517 +01:00 [INF] Now listening on: https://localhost:7025
2025-11-03 08:04:33.517 +01:00 [INF] Now listening on: http://localhost:5262
2025-11-03 08:04:33.521 +01:00 [INF] Application started. Press Ctrl+C to shut down.
2025-11-03 08:04:33.521 +01:00 [INF] Hosting environment: Development
2025-11-03 08:04:33.522 +01:00 [INF] Content root path: /Users/michaelnedgaardisaksen/Documents/ITPE3100_Webapplikasjoner/Demo-Jam/Jam
2025-11-03 08:04:34.102 +01:00 [INF] Request starting HTTP/2 GET https://localhost:7025/ - null null
2025-11-03 08:04:34.133 +01:00 [INF] Executing endpoint 'Jam.Controllers.HomeController.Index (Jam)'
2025-11-03 08:04:34.140 +01:00 [INF] Route matched with {action = "Index", controller = "Home", page = "", area = ""}. Executing controller action with signature System.Threading.Tasks.Task`1[Microsoft.AspNetCore.Mvc.IActionResult] Index() on controller Jam.Controllers.HomeController (Jam).
2025-11-03 08:04:34.151 +01:00 [WRN] [HomeController -> Index] Auth cookie invalid or user no longer exists. Redirecting to login.
2025-11-03 08:04:34.154 +01:00 [INF] AuthenticationScheme: Identity.Application signed out.
2025-11-03 08:04:34.154 +01:00 [INF] AuthenticationScheme: Identity.External signed out.
2025-11-03 08:04:34.155 +01:00 [INF] AuthenticationScheme: Identity.TwoFactorUserId signed out.
2025-11-03 08:04:34.155 +01:00 [INF] Executing LocalRedirectResult, redirecting to /Identity/Account/Login.
2025-11-03 08:04:34.157 +01:00 [INF] Executed action Jam.Controllers.HomeController.Index (Jam) in 15.3522ms
2025-11-03 08:04:34.158 +01:00 [INF] Executed endpoint 'Jam.Controllers.HomeController.Index (Jam)'
2025-11-03 08:04:34.160 +01:00 [INF] Request finished HTTP/2 GET https://localhost:7025/ - 302 0 null 59.5856ms
2025-11-03 08:04:34.176 +01:00 [INF] Request starting HTTP/2 GET https://localhost:7025/Identity/Account/Login - null null
2025-11-03 08:04:34.177 +01:00 [INF] Executing endpoint '/Account/Login'
2025-11-03 08:04:34.190 +01:00 [INF] Route matched with {page = "/Account/Login", area = "Identity", action = "", controller = ""}. Executing page /Account/Login
2025-11-03 08:04:34.199 +01:00 [INF] Executing handler method Jam.Areas.Identity.Pages.Account.LoginModel.OnGetAsync - ModelState is "Valid"
2025-11-03 08:04:34.201 +01:00 [INF] AuthenticationScheme: Identity.External signed out.
2025-11-03 08:04:34.201 +01:00 [INF] Executed handler method OnGetAsync, returned result .
2025-11-03 08:04:34.202 +01:00 [INF] Executing an implicit handler method - ModelState is "Valid"
2025-11-03 08:04:34.202 +01:00 [INF] Executed an implicit handler method, returned result Microsoft.AspNetCore.Mvc.RazorPages.PageResult.
2025-11-03 08:04:34.253 +01:00 [INF] Executed page /Account/Login in 63.2533ms
2025-11-03 08:04:34.254 +01:00 [INF] Executed endpoint '/Account/Login'
2025-11-03 08:04:34.257 +01:00 [INF] Request finished HTTP/2 GET https://localhost:7025/Identity/Account/Login - 200 null text/html; charset=utf-8 81.2328ms
2025-11-03 08:04:34.327 +01:00 [INF] Request starting HTTP/2 GET https://localhost:7025/lib/jquery-validation-unobtrusive/jquery.validate.unobtrusive.min.js - null null
2025-11-03 08:04:34.352 +01:00 [INF] Request starting HTTP/2 GET https://localhost:7025/lib/jquery-validation/dist/jquery.validate.min.js - null null
2025-11-03 08:04:34.378 +01:00 [INF] Request finished HTTP/2 GET https://localhost:7025/lib/jquery-validation-unobtrusive/jquery.validate.unobtrusive.min.js - 404 0 null 51.0692ms
2025-11-03 08:04:34.385 +01:00 [INF] Request finished HTTP/2 GET https://localhost:7025/lib/jquery-validation/dist/jquery.validate.min.js - 404 0 null 32.9707ms
2025-11-03 08:04:34.386 +01:00 [INF] Request reached the end of the middleware pipeline without being handled by application code. Request path: GET https://localhost:7025/lib/jquery-validation-unobtrusive/jquery.validate.unobtrusive.min.js, Response status code: 404
2025-11-03 08:04:34.387 +01:00 [INF] Request reached the end of the middleware pipeline without being handled by application code. Request path: GET https://localhost:7025/lib/jquery-validation/dist/jquery.validate.min.js, Response status code: 404
2025-11-03 08:04:43.196 +01:00 [INF] Request starting HTTP/2 POST https://localhost:7025/Identity/Account/Login - application/x-www-form-urlencoded 242
2025-11-03 08:04:43.206 +01:00 [INF] Executing endpoint '/Account/Login'
2025-11-03 08:04:43.208 +01:00 [INF] Route matched with {page = "/Account/Login", area = "Identity", action = "", controller = ""}. Executing page /Account/Login
2025-11-03 08:04:43.235 +01:00 [INF] Executing handler method Jam.Areas.Identity.Pages.Account.LoginModel.OnPostAsync - ModelState is "Valid"
2025-11-03 08:04:43.346 +01:00 [INF] AuthenticationScheme: Identity.Application signed in.
2025-11-03 08:04:43.347 +01:00 [INF] User logged in.
2025-11-03 08:04:43.347 +01:00 [INF] Executed handler method OnPostAsync, returned result Microsoft.AspNetCore.Mvc.LocalRedirectResult.
2025-11-03 08:04:43.348 +01:00 [INF] Executing LocalRedirectResult, redirecting to /.
2025-11-03 08:04:43.348 +01:00 [INF] Executed page /Account/Login in 140.0034ms
2025-11-03 08:04:43.348 +01:00 [INF] Executed endpoint '/Account/Login'
2025-11-03 08:04:43.348 +01:00 [INF] Request finished HTTP/2 POST https://localhost:7025/Identity/Account/Login - 302 0 null 197.473ms
2025-11-03 08:04:43.403 +01:00 [INF] Request starting HTTP/2 GET https://localhost:7025/ - null null
2025-11-03 08:04:43.404 +01:00 [INF] Executing endpoint 'Jam.Controllers.HomeController.Index (Jam)'
2025-11-03 08:04:43.404 +01:00 [INF] Route matched with {action = "Index", controller = "Home", page = "", area = ""}. Executing controller action with signature System.Threading.Tasks.Task`1[Microsoft.AspNetCore.Mvc.IActionResult] Index() on controller Jam.Controllers.HomeController (Jam).
2025-11-03 08:04:43.427 +01:00 [INF] Executing ViewResult, running view Index.
2025-11-03 08:04:43.434 +01:00 [INF] Executed ViewResult - view Index executed in 7.7013ms.
2025-11-03 08:04:43.434 +01:00 [INF] Executed action Jam.Controllers.HomeController.Index (Jam) in 29.9582ms
2025-11-03 08:04:43.434 +01:00 [INF] Executed endpoint 'Jam.Controllers.HomeController.Index (Jam)'
2025-11-03 08:04:43.434 +01:00 [INF] Request finished HTTP/2 GET https://localhost:7025/ - 200 null text/html; charset=utf-8 31.6289ms
2025-11-03 08:04:49.716 +01:00 [INF] Request starting HTTP/2 GET https://localhost:7025/Admin/Users - null null
2025-11-03 08:04:49.750 +01:00 [INF] Executing endpoint 'Jam.Controllers.AdminController.Users (Jam)'
2025-11-03 08:04:49.756 +01:00 [INF] Route matched with {action = "Users", controller = "Admin", page = "", area = ""}. Executing controller action with signature System.Threading.Tasks.Task`1[Microsoft.AspNetCore.Mvc.IActionResult] Users() on controller Jam.Controllers.AdminController (Jam).
2025-11-03 08:04:49.769 +01:00 [INF] Executing ViewResult, running view Users.
2025-11-03 08:04:49.803 +01:00 [INF] Executed ViewResult - view Users executed in 34.6077ms.
2025-11-03 08:04:49.805 +01:00 [INF] Executed action Jam.Controllers.AdminController.Users (Jam) in 48.8094ms
2025-11-03 08:04:49.805 +01:00 [INF] Executed endpoint 'Jam.Controllers.AdminController.Users (Jam)'
2025-11-03 08:04:49.805 +01:00 [INF] Request finished HTTP/2 GET https://localhost:7025/Admin/Users - 200 null text/html; charset=utf-8 114.379ms
2025-11-03 08:04:52.495 +01:00 [INF] Request starting HTTP/2 GET https://localhost:7025/Admin/Stories - null null
2025-11-03 08:04:52.500 +01:00 [INF] Executing endpoint 'Jam.Controllers.AdminController.Stories (Jam)'
2025-11-03 08:04:52.505 +01:00 [INF] Route matched with {action = "Stories", controller = "Admin", page = "", area = ""}. Executing controller action with signature System.Threading.Tasks.Task`1[Microsoft.AspNetCore.Mvc.IActionResult] Stories() on controller Jam.Controllers.AdminController (Jam).
2025-11-03 08:04:52.528 +01:00 [INF] Executing ViewResult, running view Stories.
2025-11-03 08:04:52.662 +01:00 [INF] Executed ViewResult - view Stories executed in 84.1717ms.
2025-11-03 08:04:52.662 +01:00 [INF] Executed action Jam.Controllers.AdminController.Stories (Jam) in 157.3538ms
2025-11-03 08:04:52.662 +01:00 [INF] Executed endpoint 'Jam.Controllers.AdminController.Stories (Jam)'
2025-11-03 08:04:52.663 +01:00 [INF] Request finished HTTP/2 GET https://localhost:7025/Admin/Stories - 200 null text/html; charset=utf-8 167.9723ms
