2025-11-09 17:26:04.098 +01:00 [INF] User profile is available. Using '/Users/jaraazad/.aspnet/DataProtection-Keys' as key repository; keys will not be encrypted at rest.
2025-11-09 17:26:04.632 +01:00 [INF] Applying migration '20251024065541_InitialCreate'.
2025-11-09 17:26:04.715 +01:00 [INF] Applying migration '20251101105657_AddIdentitySupport'.
2025-11-09 17:26:04.765 +01:00 [INF] Applying migration '20251103080324_UpdateNextQuestionSceneDeleteBehavior'.
2025-11-09 17:26:05.744 +01:00 [INF] Now listening on: https://localhost:7025
2025-11-09 17:26:05.746 +01:00 [INF] Now listening on: http://localhost:5262
2025-11-09 17:26:05.750 +01:00 [INF] Application started. Press Ctrl+C to shut down.
2025-11-09 17:26:05.751 +01:00 [INF] Hosting environment: Development
2025-11-09 17:26:05.751 +01:00 [INF] Content root path: /Users/jaraazad/Desktop/Jam
2025-11-09 17:26:06.022 +01:00 [INF] Request starting HTTP/2 GET https://localhost:7025/ - null null
2025-11-09 17:26:06.057 +01:00 [INF] Executing endpoint 'Jam.Controllers.HomeController.Index (Jam)'
2025-11-09 17:26:06.067 +01:00 [INF] Route matched with {action = "Index", controller = "Home", page = "", area = ""}. Executing controller action with signature System.Threading.Tasks.Task`1[Microsoft.AspNetCore.Mvc.IActionResult] Index() on controller Jam.Controllers.HomeController (Jam).
2025-11-09 17:26:06.079 +01:00 [WRN] [HomeController -> Index] Auth cookie invalid or user no longer exists. Redirecting to login.
2025-11-09 17:26:06.082 +01:00 [INF] AuthenticationScheme: Identity.Application signed out.
2025-11-09 17:26:06.083 +01:00 [INF] AuthenticationScheme: Identity.External signed out.
2025-11-09 17:26:06.084 +01:00 [INF] AuthenticationScheme: Identity.TwoFactorUserId signed out.
2025-11-09 17:26:06.085 +01:00 [INF] Executing LocalRedirectResult, redirecting to /Identity/Account/Login.
2025-11-09 17:26:06.087 +01:00 [INF] Executed action Jam.Controllers.HomeController.Index (Jam) in 17.977ms
2025-11-09 17:26:06.087 +01:00 [INF] Executed endpoint 'Jam.Controllers.HomeController.Index (Jam)'
2025-11-09 17:26:06.098 +01:00 [INF] Request finished HTTP/2 GET https://localhost:7025/ - 302 0 null 76.7989ms
2025-11-09 17:26:06.129 +01:00 [INF] Request starting HTTP/2 GET https://localhost:7025/Identity/Account/Login - null null
2025-11-09 17:26:06.133 +01:00 [INF] Executing endpoint '/Account/Login'
2025-11-09 17:26:06.144 +01:00 [INF] Route matched with {page = "/Account/Login", area = "Identity", action = "", controller = ""}. Executing page /Account/Login
2025-11-09 17:26:06.152 +01:00 [INF] Executing handler method Jam.Areas.Identity.Pages.Account.LoginModel.OnGetAsync - ModelState is "Valid"
2025-11-09 17:26:06.153 +01:00 [INF] AuthenticationScheme: Identity.External signed out.
2025-11-09 17:26:06.153 +01:00 [INF] Executed handler method OnGetAsync, returned result .
2025-11-09 17:26:06.154 +01:00 [INF] Executing an implicit handler method - ModelState is "Valid"
2025-11-09 17:26:06.155 +01:00 [INF] Executed an implicit handler method, returned result Microsoft.AspNetCore.Mvc.RazorPages.PageResult.
2025-11-09 17:26:06.211 +01:00 [INF] Executed page /Account/Login in 67.131ms
2025-11-09 17:26:06.212 +01:00 [INF] Executed endpoint '/Account/Login'
2025-11-09 17:26:06.297 +01:00 [INF] Request starting HTTP/2 GET https://localhost:7025/lib/jquery-validation/dist/jquery.validate.min.js - null null
2025-11-09 17:26:06.297 +01:00 [INF] Request starting HTTP/2 GET https://localhost:7025/lib/jquery-validation-unobtrusive/jquery.validate.unobtrusive.min.js - null null
2025-11-09 17:26:06.299 +01:00 [INF] Request finished HTTP/2 GET https://localhost:7025/Identity/Account/Login - 200 null text/html; charset=utf-8 169.7627ms
2025-11-09 17:26:06.300 +01:00 [INF] Request finished HTTP/2 GET https://localhost:7025/lib/jquery-validation/dist/jquery.validate.min.js - 404 0 null 2.4952ms
2025-11-09 17:26:06.300 +01:00 [INF] Request finished HTTP/2 GET https://localhost:7025/lib/jquery-validation-unobtrusive/jquery.validate.unobtrusive.min.js - 404 0 null 2.492ms
2025-11-09 17:26:06.300 +01:00 [INF] Request reached the end of the middleware pipeline without being handled by application code. Request path: GET https://localhost:7025/lib/jquery-validation/dist/jquery.validate.min.js, Response status code: 404
2025-11-09 17:26:06.300 +01:00 [INF] Request reached the end of the middleware pipeline without being handled by application code. Request path: GET https://localhost:7025/lib/jquery-validation-unobtrusive/jquery.validate.unobtrusive.min.js, Response status code: 404
2025-11-09 17:26:09.677 +01:00 [INF] Request starting HTTP/2 POST https://localhost:7025/Identity/Account/Login - application/x-www-form-urlencoded 236
2025-11-09 17:26:09.755 +01:00 [INF] Executing endpoint '/Account/Login'
2025-11-09 17:26:09.756 +01:00 [INF] Route matched with {page = "/Account/Login", area = "Identity", action = "", controller = ""}. Executing page /Account/Login
2025-11-09 17:26:09.784 +01:00 [INF] Executing handler method Jam.Areas.Identity.Pages.Account.LoginModel.OnPostAsync - ModelState is "Valid"
2025-11-09 17:26:09.900 +01:00 [INF] AuthenticationScheme: Identity.Application signed in.
2025-11-09 17:26:09.901 +01:00 [INF] User logged in.
2025-11-09 17:26:09.901 +01:00 [INF] Executed handler method OnPostAsync, returned result Microsoft.AspNetCore.Mvc.LocalRedirectResult.
2025-11-09 17:26:09.901 +01:00 [INF] Executing LocalRedirectResult, redirecting to /.
2025-11-09 17:26:09.901 +01:00 [INF] Executed page /Account/Login in 145.0237ms
2025-11-09 17:26:09.901 +01:00 [INF] Executed endpoint '/Account/Login'
2025-11-09 17:26:09.902 +01:00 [INF] Request finished HTTP/2 POST https://localhost:7025/Identity/Account/Login - 302 0 null 224.3968ms
2025-11-09 17:26:09.908 +01:00 [INF] Request starting HTTP/2 GET https://localhost:7025/ - null null
2025-11-09 17:26:09.909 +01:00 [INF] Executing endpoint 'Jam.Controllers.HomeController.Index (Jam)'
2025-11-09 17:26:09.910 +01:00 [INF] Route matched with {action = "Index", controller = "Home", page = "", area = ""}. Executing controller action with signature System.Threading.Tasks.Task`1[Microsoft.AspNetCore.Mvc.IActionResult] Index() on controller Jam.Controllers.HomeController (Jam).
2025-11-09 17:26:09.952 +01:00 [INF] Executing ViewResult, running view Index.
2025-11-09 17:26:09.993 +01:00 [INF] Executed ViewResult - view Index executed in 41.4198ms.
2025-11-09 17:26:10.045 +01:00 [INF] Executed action Jam.Controllers.HomeController.Index (Jam) in 135.7945ms
2025-11-09 17:26:10.046 +01:00 [INF] Executed endpoint 'Jam.Controllers.HomeController.Index (Jam)'
2025-11-09 17:26:10.046 +01:00 [INF] Request finished HTTP/2 GET https://localhost:7025/ - 200 null text/html; charset=utf-8 137.7297ms
