2025-11-07 21:31:46.554 +01:00 [INF] User profile is available. Using '/Users/jaraazad/.aspnet/DataProtection-Keys' as key repository; keys will not be encrypted at rest.
2025-11-07 21:31:47.072 +01:00 [INF] Applying migration '20251024065541_InitialCreate'.
2025-11-07 21:31:47.109 +01:00 [INF] Applying migration '20251101105657_AddIdentitySupport'.
2025-11-07 21:31:47.256 +01:00 [INF] Applying migration '20251103080324_UpdateNextQuestionSceneDeleteBehavior'.
2025-11-07 21:31:48.242 +01:00 [INF] Now listening on: https://localhost:7025
2025-11-07 21:31:48.243 +01:00 [INF] Now listening on: http://localhost:5262
2025-11-07 21:31:48.247 +01:00 [INF] Application started. Press Ctrl+C to shut down.
2025-11-07 21:31:48.248 +01:00 [INF] Hosting environment: Development
2025-11-07 21:31:48.248 +01:00 [INF] Content root path: /Users/jaraazad/Desktop/Jam
2025-11-07 21:31:48.697 +01:00 [INF] Request starting HTTP/2 GET https://localhost:7025/ - null null
2025-11-07 21:31:48.733 +01:00 [INF] Executing endpoint 'Jam.Controllers.HomeController.Index (Jam)'
2025-11-07 21:31:48.743 +01:00 [INF] Route matched with {action = "Index", controller = "Home", page = "", area = ""}. Executing controller action with signature System.Threading.Tasks.Task`1[Microsoft.AspNetCore.Mvc.IActionResult] Index() on controller Jam.Controllers.HomeController (Jam).
2025-11-07 21:31:48.764 +01:00 [WRN] [HomeController -> Index] Auth cookie invalid or user no longer exists. Redirecting to login.
2025-11-07 21:31:48.768 +01:00 [INF] AuthenticationScheme: Identity.Application signed out.
2025-11-07 21:31:48.769 +01:00 [INF] AuthenticationScheme: Identity.External signed out.
2025-11-07 21:31:48.769 +01:00 [INF] AuthenticationScheme: Identity.TwoFactorUserId signed out.
2025-11-07 21:31:48.770 +01:00 [INF] Executing LocalRedirectResult, redirecting to /Identity/Account/Login.
2025-11-07 21:31:48.772 +01:00 [INF] Executed action Jam.Controllers.HomeController.Index (Jam) in 27.0447ms
2025-11-07 21:31:48.773 +01:00 [INF] Executed endpoint 'Jam.Controllers.HomeController.Index (Jam)'
2025-11-07 21:31:48.781 +01:00 [INF] Request finished HTTP/2 GET https://localhost:7025/ - 302 0 null 84.3117ms
2025-11-07 21:31:48.834 +01:00 [INF] Request starting HTTP/2 GET https://localhost:7025/Identity/Account/Login - null null
2025-11-07 21:31:48.865 +01:00 [INF] Executing endpoint '/Account/Login'
2025-11-07 21:31:48.882 +01:00 [INF] Route matched with {page = "/Account/Login", area = "Identity", action = "", controller = ""}. Executing page /Account/Login
2025-11-07 21:31:48.891 +01:00 [INF] Executing handler method Jam.Areas.Identity.Pages.Account.LoginModel.OnGetAsync - ModelState is "Valid"
2025-11-07 21:31:48.893 +01:00 [INF] AuthenticationScheme: Identity.External signed out.
2025-11-07 21:31:48.893 +01:00 [INF] Executed handler method OnGetAsync, returned result .
2025-11-07 21:31:48.894 +01:00 [INF] Executing an implicit handler method - ModelState is "Valid"
2025-11-07 21:31:48.895 +01:00 [INF] Executed an implicit handler method, returned result Microsoft.AspNetCore.Mvc.RazorPages.PageResult.
2025-11-07 21:31:48.964 +01:00 [INF] Executed page /Account/Login in 79.8242ms
2025-11-07 21:31:48.965 +01:00 [INF] Executed endpoint '/Account/Login'
2025-11-07 21:31:49.027 +01:00 [INF] Request starting HTTP/2 GET https://localhost:7025/lib/jquery-validation/dist/jquery.validate.min.js - null null
2025-11-07 21:31:49.028 +01:00 [INF] Request starting HTTP/2 GET https://localhost:7025/lib/jquery-validation-unobtrusive/jquery.validate.unobtrusive.min.js - null null
2025-11-07 21:31:49.028 +01:00 [INF] Request finished HTTP/2 GET https://localhost:7025/Identity/Account/Login - 200 null text/html; charset=utf-8 194.3687ms
2025-11-07 21:31:49.030 +01:00 [INF] Request finished HTTP/2 GET https://localhost:7025/lib/jquery-validation-unobtrusive/jquery.validate.unobtrusive.min.js - 404 0 null 2.059ms
2025-11-07 21:31:49.030 +01:00 [INF] Request finished HTTP/2 GET https://localhost:7025/lib/jquery-validation/dist/jquery.validate.min.js - 404 0 null 2.689ms
2025-11-07 21:31:49.030 +01:00 [INF] Request reached the end of the middleware pipeline without being handled by application code. Request path: GET https://localhost:7025/lib/jquery-validation/dist/jquery.validate.min.js, Response status code: 404
2025-11-07 21:31:49.030 +01:00 [INF] Request reached the end of the middleware pipeline without being handled by application code. Request path: GET https://localhost:7025/lib/jquery-validation-unobtrusive/jquery.validate.unobtrusive.min.js, Response status code: 404
2025-11-07 21:31:50.378 +01:00 [INF] Request starting HTTP/2 POST https://localhost:7025/Identity/Account/Login - application/x-www-form-urlencoded 236
2025-11-07 21:31:50.384 +01:00 [INF] Executing endpoint '/Account/Login'
2025-11-07 21:31:50.385 +01:00 [INF] Route matched with {page = "/Account/Login", area = "Identity", action = "", controller = ""}. Executing page /Account/Login
2025-11-07 21:31:50.412 +01:00 [INF] Executing handler method Jam.Areas.Identity.Pages.Account.LoginModel.OnPostAsync - ModelState is "Valid"
2025-11-07 21:31:50.562 +01:00 [INF] AuthenticationScheme: Identity.Application signed in.
2025-11-07 21:31:50.562 +01:00 [INF] User logged in.
2025-11-07 21:31:50.563 +01:00 [INF] Executed handler method OnPostAsync, returned result Microsoft.AspNetCore.Mvc.LocalRedirectResult.
2025-11-07 21:31:50.563 +01:00 [INF] Executing LocalRedirectResult, redirecting to /.
2025-11-07 21:31:50.563 +01:00 [INF] Executed page /Account/Login in 177.7642ms
2025-11-07 21:31:50.563 +01:00 [INF] Executed endpoint '/Account/Login'
2025-11-07 21:31:50.563 +01:00 [INF] Request finished HTTP/2 POST https://localhost:7025/Identity/Account/Login - 302 0 null 185.6145ms
2025-11-07 21:31:50.568 +01:00 [INF] Request starting HTTP/2 GET https://localhost:7025/ - null null
2025-11-07 21:31:50.569 +01:00 [INF] Executing endpoint 'Jam.Controllers.HomeController.Index (Jam)'
2025-11-07 21:31:50.569 +01:00 [INF] Route matched with {action = "Index", controller = "Home", page = "", area = ""}. Executing controller action with signature System.Threading.Tasks.Task`1[Microsoft.AspNetCore.Mvc.IActionResult] Index() on controller Jam.Controllers.HomeController (Jam).
2025-11-07 21:31:50.624 +01:00 [INF] Executing ViewResult, running view Index.
2025-11-07 21:31:50.647 +01:00 [INF] Executed ViewResult - view Index executed in 24.5062ms.
2025-11-07 21:31:50.690 +01:00 [INF] Executed action Jam.Controllers.HomeController.Index (Jam) in 120.2179ms
2025-11-07 21:31:50.690 +01:00 [INF] Executed endpoint 'Jam.Controllers.HomeController.Index (Jam)'
2025-11-07 21:31:50.690 +01:00 [INF] Request finished HTTP/2 GET https://localhost:7025/ - 200 null text/html; charset=utf-8 122.7538ms
2025-11-07 21:31:51.541 +01:00 [INF] Request starting HTTP/2 GET https://localhost:7025/StoryEditing/EditStory?storyId=1 - null null
2025-11-07 21:31:51.572 +01:00 [INF] Executing endpoint 'Jam.Controllers.StoryEditingController.EditStory (Jam)'
2025-11-07 21:31:51.577 +01:00 [INF] Route matched with {action = "EditStory", controller = "StoryEditing", page = "", area = ""}. Executing controller action with signature System.Threading.Tasks.Task`1[Microsoft.AspNetCore.Mvc.IActionResult] EditStory(Int32) on controller Jam.Controllers.StoryEditingController (Jam).
2025-11-07 21:31:51.593 +01:00 [INF] Executing ViewResult, running view EditStory.
2025-11-07 21:31:51.705 +01:00 [INF] Executed ViewResult - view EditStory executed in 112.3432ms.
2025-11-07 21:31:51.706 +01:00 [INF] Executed action Jam.Controllers.StoryEditingController.EditStory (Jam) in 128.9115ms
2025-11-07 21:31:51.706 +01:00 [INF] Executed endpoint 'Jam.Controllers.StoryEditingController.EditStory (Jam)'
2025-11-07 21:31:51.706 +01:00 [INF] Request finished HTTP/2 GET https://localhost:7025/StoryEditing/EditStory?storyId=1 - 200 null text/html; charset=utf-8 164.5445ms
2025-11-07 21:31:52.272 +01:00 [INF] Request starting HTTP/2 GET https://localhost:7025/StoryEditing/EditQuestionScenes?storyId=1 - null null
2025-11-07 21:31:52.274 +01:00 [INF] Executing endpoint 'Jam.Controllers.StoryEditingController.EditQuestionScenes (Jam)'
2025-11-07 21:31:52.277 +01:00 [INF] Route matched with {action = "EditQuestionScenes", controller = "StoryEditing", page = "", area = ""}. Executing controller action with signature System.Threading.Tasks.Task`1[Microsoft.AspNetCore.Mvc.IActionResult] EditQuestionScenes(Int32) on controller Jam.Controllers.StoryEditingController (Jam).
2025-11-07 21:31:52.346 +01:00 [INF] Executing ViewResult, running view EditQuestionScenes.
2025-11-07 21:31:52.435 +01:00 [INF] Executed ViewResult - view EditQuestionScenes executed in 88.9065ms.
2025-11-07 21:31:52.435 +01:00 [INF] Executed action Jam.Controllers.StoryEditingController.EditQuestionScenes (Jam) in 157.4551ms
2025-11-07 21:31:52.435 +01:00 [INF] Executed endpoint 'Jam.Controllers.StoryEditingController.EditQuestionScenes (Jam)'
2025-11-07 21:31:52.435 +01:00 [INF] Request finished HTTP/2 GET https://localhost:7025/StoryEditing/EditQuestionScenes?storyId=1 - 200 null text/html; charset=utf-8 163.4493ms
2025-11-07 21:31:54.384 +01:00 [INF] Request starting HTTP/2 GET https://localhost:7025/StoryEditing/GetEditQuestionScenePartial?index=4&questionNumber=5 - null null
2025-11-07 21:31:54.385 +01:00 [INF] Executing endpoint 'Jam.Controllers.StoryEditingController.GetEditQuestionScenePartial (Jam)'
2025-11-07 21:31:54.388 +01:00 [INF] Route matched with {action = "GetEditQuestionScenePartial", controller = "StoryEditing", page = "", area = ""}. Executing controller action with signature Microsoft.AspNetCore.Mvc.IActionResult GetEditQuestionScenePartial(Int32, Int32) on controller Jam.Controllers.StoryEditingController (Jam).
2025-11-07 21:31:54.393 +01:00 [INF] Executing PartialViewResult, running view ~/Views/Shared/_EditQuestionScenePartial.cshtml.
2025-11-07 21:31:54.420 +01:00 [INF] Executed PartialViewResult - view ~/Views/Shared/_EditQuestionScenePartial.cshtml executed in 28.5539ms.
2025-11-07 21:31:54.420 +01:00 [INF] Executed action Jam.Controllers.StoryEditingController.GetEditQuestionScenePartial (Jam) in 32.2437ms
2025-11-07 21:31:54.420 +01:00 [INF] Executed endpoint 'Jam.Controllers.StoryEditingController.GetEditQuestionScenePartial (Jam)'
2025-11-07 21:31:54.420 +01:00 [INF] Request finished HTTP/2 GET https://localhost:7025/StoryEditing/GetEditQuestionScenePartial?index=4&questionNumber=5 - 200 null text/html; charset=utf-8 36.3479ms
2025-11-07 21:32:33.642 +01:00 [INF] Request starting HTTP/2 GET https://localhost:7025/StoryEditing/GetEditQuestionScenePartial?index=4&questionNumber=5 - null null
2025-11-07 21:32:33.656 +01:00 [INF] Executing endpoint 'Jam.Controllers.StoryEditingController.GetEditQuestionScenePartial (Jam)'
2025-11-07 21:32:33.657 +01:00 [INF] Route matched with {action = "GetEditQuestionScenePartial", controller = "StoryEditing", page = "", area = ""}. Executing controller action with signature Microsoft.AspNetCore.Mvc.IActionResult GetEditQuestionScenePartial(Int32, Int32) on controller Jam.Controllers.StoryEditingController (Jam).
2025-11-07 21:32:33.660 +01:00 [INF] Executing PartialViewResult, running view ~/Views/Shared/_EditQuestionScenePartial.cshtml.
2025-11-07 21:32:33.672 +01:00 [INF] Executed PartialViewResult - view ~/Views/Shared/_EditQuestionScenePartial.cshtml executed in 11.963ms.
2025-11-07 21:32:33.723 +01:00 [INF] Executed action Jam.Controllers.StoryEditingController.GetEditQuestionScenePartial (Jam) in 65.6639ms
2025-11-07 21:32:33.724 +01:00 [INF] Executed endpoint 'Jam.Controllers.StoryEditingController.GetEditQuestionScenePartial (Jam)'
2025-11-07 21:32:33.724 +01:00 [INF] Request finished HTTP/2 GET https://localhost:7025/StoryEditing/GetEditQuestionScenePartial?index=4&questionNumber=5 - 200 null text/html; charset=utf-8 108.39ms
