2025-11-01 22:11:13.538 +01:00 [INF] User profile is available. Using '/Users/michaelnedgaardisaksen/.aspnet/DataProtection-Keys' as key repository; keys will not be encrypted at rest.
2025-11-01 22:11:13.921 +01:00 [INF] Applying migration '20251024065541_InitialCreate'.
2025-11-01 22:11:13.977 +01:00 [INF] Applying migration '20251101105657_AddIdentitySupport'.
2025-11-01 22:11:15.031 +01:00 [INF] Now listening on: https://localhost:7025
2025-11-01 22:11:15.057 +01:00 [INF] Now listening on: http://localhost:5262
2025-11-01 22:11:15.089 +01:00 [INF] Application started. Press Ctrl+C to shut down.
2025-11-01 22:11:15.096 +01:00 [INF] Hosting environment: Development
2025-11-01 22:11:15.101 +01:00 [INF] Content root path: /Users/michaelnedgaardisaksen/Documents/ITPE3100_Webapplikasjoner/Demo-Jam/Jam
2025-11-01 22:11:15.443 +01:00 [INF] Request starting HTTP/2 GET https://localhost:7025/ - null null
2025-11-01 22:11:15.462 +01:00 [INF] Authorization failed. These requirements were not met:
DenyAnonymousAuthorizationRequirement: Requires an authenticated user.
2025-11-01 22:11:15.468 +01:00 [INF] AuthenticationScheme: Identity.Application was challenged.
2025-11-01 22:11:15.474 +01:00 [INF] Request finished HTTP/2 GET https://localhost:7025/ - 302 0 null 30.9959ms
2025-11-01 22:11:15.524 +01:00 [INF] Request starting HTTP/2 GET https://localhost:7025/Identity/Account/Login?ReturnUrl=%2F - null null
2025-11-01 22:11:15.533 +01:00 [INF] Executing endpoint '/Account/Login'
2025-11-01 22:11:15.565 +01:00 [INF] Route matched with {page = "/Account/Login", area = "Identity", action = "", controller = ""}. Executing page /Account/Login
2025-11-01 22:11:15.585 +01:00 [INF] Executing handler method Jam.Areas.Identity.Pages.Account.LoginModel.OnGetAsync - ModelState is "Valid"
2025-11-01 22:11:15.588 +01:00 [INF] AuthenticationScheme: Identity.External signed out.
2025-11-01 22:11:15.589 +01:00 [INF] Executed handler method OnGetAsync, returned result .
2025-11-01 22:11:15.590 +01:00 [INF] Executing an implicit handler method - ModelState is "Valid"
2025-11-01 22:11:15.591 +01:00 [INF] Executed an implicit handler method, returned result Microsoft.AspNetCore.Mvc.RazorPages.PageResult.
2025-11-01 22:11:15.648 +01:00 [INF] Executed page /Account/Login in 79.9005ms
2025-11-01 22:11:15.648 +01:00 [INF] Executed endpoint '/Account/Login'
2025-11-01 22:11:15.650 +01:00 [INF] Request finished HTTP/2 GET https://localhost:7025/Identity/Account/Login?ReturnUrl=%2F - 200 null text/html; charset=utf-8 126.0179ms
2025-11-01 22:11:15.669 +01:00 [INF] Request starting HTTP/2 GET https://localhost:7025/lib/jquery-validation/dist/jquery.validate.min.js - null null
2025-11-01 22:11:15.768 +01:00 [INF] Request starting HTTP/2 GET https://localhost:7025/lib/jquery-validation-unobtrusive/jquery.validate.unobtrusive.min.js - null null
2025-11-01 22:11:15.770 +01:00 [INF] Request finished HTTP/2 GET https://localhost:7025/lib/jquery-validation-unobtrusive/jquery.validate.unobtrusive.min.js - 404 0 null 2.0633ms
2025-11-01 22:11:15.770 +01:00 [INF] Request finished HTTP/2 GET https://localhost:7025/lib/jquery-validation/dist/jquery.validate.min.js - 404 0 null 101.0469ms
2025-11-01 22:11:15.770 +01:00 [INF] Request reached the end of the middleware pipeline without being handled by application code. Request path: GET https://localhost:7025/lib/jquery-validation-unobtrusive/jquery.validate.unobtrusive.min.js, Response status code: 404
2025-11-01 22:11:15.770 +01:00 [INF] Request reached the end of the middleware pipeline without being handled by application code. Request path: GET https://localhost:7025/lib/jquery-validation/dist/jquery.validate.min.js, Response status code: 404
2025-11-01 22:11:24.548 +01:00 [INF] Request starting HTTP/2 POST https://localhost:7025/Identity/Account/Login?ReturnUrl=%2F - application/x-www-form-urlencoded 267
2025-11-01 22:11:24.556 +01:00 [INF] Executing endpoint '/Account/Login'
2025-11-01 22:11:24.558 +01:00 [INF] Route matched with {page = "/Account/Login", area = "Identity", action = "", controller = ""}. Executing page /Account/Login
2025-11-01 22:11:24.575 +01:00 [INF] Executing handler method Jam.Areas.Identity.Pages.Account.LoginModel.OnPostAsync - ModelState is "Valid"
2025-11-01 22:11:24.685 +01:00 [INF] AuthenticationScheme: Identity.Application signed in.
2025-11-01 22:11:24.687 +01:00 [INF] User logged in.
2025-11-01 22:11:24.687 +01:00 [INF] Executed handler method OnPostAsync, returned result Microsoft.AspNetCore.Mvc.LocalRedirectResult.
2025-11-01 22:11:24.688 +01:00 [INF] Executing LocalRedirectResult, redirecting to /.
2025-11-01 22:11:24.690 +01:00 [INF] Executed page /Account/Login in 131.503ms
2025-11-01 22:11:24.690 +01:00 [INF] Executed endpoint '/Account/Login'
2025-11-01 22:11:24.693 +01:00 [INF] Request finished HTTP/2 POST https://localhost:7025/Identity/Account/Login?ReturnUrl=%2F - 302 0 null 196.2515ms
2025-11-01 22:11:24.725 +01:00 [INF] Request starting HTTP/2 GET https://localhost:7025/ - null null
2025-11-01 22:11:24.803 +01:00 [INF] Executing endpoint 'Jam.Controllers.HomeController.Index (Jam)'
2025-11-01 22:11:24.894 +01:00 [INF] Route matched with {action = "Index", controller = "Home", page = "", area = ""}. Executing controller action with signature System.Threading.Tasks.Task`1[Microsoft.AspNetCore.Mvc.IActionResult] Index() on controller Jam.Controllers.HomeController (Jam).
2025-11-01 22:11:24.969 +01:00 [INF] Executing ViewResult, running view Index.
2025-11-01 22:11:24.977 +01:00 [INF] Executed ViewResult - view Index executed in 9.4303ms.
2025-11-01 22:11:24.977 +01:00 [INF] Executed action Jam.Controllers.HomeController.Index (Jam) in 82.6412ms
2025-11-01 22:11:24.977 +01:00 [INF] Executed endpoint 'Jam.Controllers.HomeController.Index (Jam)'
2025-11-01 22:11:24.977 +01:00 [INF] Request finished HTTP/2 GET https://localhost:7025/ - 200 null text/html; charset=utf-8 252.238ms
2025-11-01 22:12:00.640 +01:00 [INF] Request starting HTTP/2 GET https://localhost:7025/StoryPlaying/SelectStory - null null
2025-11-01 22:12:00.685 +01:00 [INF] Executing endpoint 'Jam.Controllers.StoryPlayingController.SelectStory (Jam)'
2025-11-01 22:12:00.692 +01:00 [INF] Route matched with {action = "SelectStory", controller = "StoryPlaying", page = "", area = ""}. Executing controller action with signature System.Threading.Tasks.Task`1[Microsoft.AspNetCore.Mvc.IActionResult] SelectStory() on controller Jam.Controllers.StoryPlayingController (Jam).
2025-11-01 22:12:00.727 +01:00 [INF] Executing ViewResult, running view SelectStory.
2025-11-01 22:12:00.762 +01:00 [INF] Executed ViewResult - view SelectStory executed in 35.6471ms.
2025-11-01 22:12:00.764 +01:00 [INF] Executed action Jam.Controllers.StoryPlayingController.SelectStory (Jam) in 71.8351ms
2025-11-01 22:12:00.764 +01:00 [INF] Executed endpoint 'Jam.Controllers.StoryPlayingController.SelectStory (Jam)'
2025-11-01 22:12:00.765 +01:00 [INF] Request finished HTTP/2 GET https://localhost:7025/StoryPlaying/SelectStory - 200 null text/html; charset=utf-8 171.5278ms
2025-11-01 22:12:11.722 +01:00 [INF] Request starting HTTP/2 POST https://localhost:7025/Identity/Account/Logout?returnUrl=%2F - application/x-www-form-urlencoded 225
2025-11-01 22:12:11.779 +01:00 [INF] Executing endpoint '/Account/Logout'
2025-11-01 22:12:11.787 +01:00 [INF] Route matched with {page = "/Account/Logout", area = "Identity", action = "", controller = ""}. Executing page /Account/Logout
2025-11-01 22:12:11.789 +01:00 [INF] Executing handler method Jam.Areas.Identity.Pages.Account.LogoutModel.OnPost - ModelState is "Valid"
2025-11-01 22:12:11.792 +01:00 [INF] AuthenticationScheme: Identity.Application signed out.
2025-11-01 22:12:11.792 +01:00 [INF] AuthenticationScheme: Identity.External signed out.
2025-11-01 22:12:11.792 +01:00 [INF] AuthenticationScheme: Identity.TwoFactorUserId signed out.
2025-11-01 22:12:11.794 +01:00 [INF] User logged out.
2025-11-01 22:12:11.794 +01:00 [INF] Executed handler method OnPost, returned result Microsoft.AspNetCore.Mvc.LocalRedirectResult.
2025-11-01 22:12:11.794 +01:00 [INF] Executing LocalRedirectResult, redirecting to /.
2025-11-01 22:12:11.794 +01:00 [INF] Executed page /Account/Logout in 7.2961ms
2025-11-01 22:12:11.795 +01:00 [INF] Executed endpoint '/Account/Logout'
2025-11-01 22:12:11.795 +01:00 [INF] Request finished HTTP/2 POST https://localhost:7025/Identity/Account/Logout?returnUrl=%2F - 302 0 null 97.9768ms
2025-11-01 22:12:11.825 +01:00 [INF] Request starting HTTP/2 GET https://localhost:7025/ - null null
2025-11-01 22:12:11.826 +01:00 [INF] Authorization failed. These requirements were not met:
DenyAnonymousAuthorizationRequirement: Requires an authenticated user.
2025-11-01 22:12:11.826 +01:00 [INF] AuthenticationScheme: Identity.Application was challenged.
2025-11-01 22:12:11.826 +01:00 [INF] Request finished HTTP/2 GET https://localhost:7025/ - 302 0 null 0.7571ms
2025-11-01 22:12:11.851 +01:00 [INF] Request starting HTTP/2 GET https://localhost:7025/Identity/Account/Login?ReturnUrl=%2F - null null
2025-11-01 22:12:11.852 +01:00 [INF] Executing endpoint '/Account/Login'
2025-11-01 22:12:11.853 +01:00 [INF] Route matched with {page = "/Account/Login", area = "Identity", action = "", controller = ""}. Executing page /Account/Login
2025-11-01 22:12:11.854 +01:00 [INF] Executing handler method Jam.Areas.Identity.Pages.Account.LoginModel.OnGetAsync - ModelState is "Valid"
2025-11-01 22:12:11.855 +01:00 [INF] AuthenticationScheme: Identity.External signed out.
2025-11-01 22:12:11.855 +01:00 [INF] Executed handler method OnGetAsync, returned result .
2025-11-01 22:12:11.855 +01:00 [INF] Executing an implicit handler method - ModelState is "Valid"
2025-11-01 22:12:11.855 +01:00 [INF] Executed an implicit handler method, returned result Microsoft.AspNetCore.Mvc.RazorPages.PageResult.
2025-11-01 22:12:11.938 +01:00 [INF] Executed page /Account/Login in 84.5337ms
2025-11-01 22:12:11.938 +01:00 [INF] Executed endpoint '/Account/Login'
2025-11-01 22:12:11.939 +01:00 [INF] Request finished HTTP/2 GET https://localhost:7025/Identity/Account/Login?ReturnUrl=%2F - 200 null text/html; charset=utf-8 87.6838ms
2025-11-01 22:12:11.970 +01:00 [INF] Request starting HTTP/2 GET https://localhost:7025/lib/jquery-validation/dist/jquery.validate.min.js - null null
2025-11-01 22:12:12.070 +01:00 [INF] Request starting HTTP/2 GET https://localhost:7025/lib/jquery-validation-unobtrusive/jquery.validate.unobtrusive.min.js - null null
2025-11-01 22:12:12.070 +01:00 [INF] Request finished HTTP/2 GET https://localhost:7025/lib/jquery-validation/dist/jquery.validate.min.js - 404 0 null 100.0822ms
2025-11-01 22:12:12.070 +01:00 [INF] Request finished HTTP/2 GET https://localhost:7025/lib/jquery-validation-unobtrusive/jquery.validate.unobtrusive.min.js - 404 0 null 0.8719ms
2025-11-01 22:12:12.070 +01:00 [INF] Request reached the end of the middleware pipeline without being handled by application code. Request path: GET https://localhost:7025/lib/jquery-validation-unobtrusive/jquery.validate.unobtrusive.min.js, Response status code: 404
2025-11-01 22:12:12.070 +01:00 [INF] Request reached the end of the middleware pipeline without being handled by application code. Request path: GET https://localhost:7025/lib/jquery-validation/dist/jquery.validate.min.js, Response status code: 404
2025-11-01 22:12:23.568 +01:00 [INF] Request starting HTTP/2 POST https://localhost:7025/Identity/Account/Login?ReturnUrl=%2F - application/x-www-form-urlencoded 266
2025-11-01 22:12:23.595 +01:00 [INF] Executing endpoint '/Account/Login'
2025-11-01 22:12:23.596 +01:00 [INF] Route matched with {page = "/Account/Login", area = "Identity", action = "", controller = ""}. Executing page /Account/Login
2025-11-01 22:12:23.600 +01:00 [INF] Executing handler method Jam.Areas.Identity.Pages.Account.LoginModel.OnPostAsync - ModelState is "Valid"
2025-11-01 22:12:23.675 +01:00 [INF] AuthenticationScheme: Identity.Application signed in.
2025-11-01 22:12:23.676 +01:00 [INF] User logged in.
2025-11-01 22:12:23.676 +01:00 [INF] Executed handler method OnPostAsync, returned result Microsoft.AspNetCore.Mvc.LocalRedirectResult.
2025-11-01 22:12:23.676 +01:00 [INF] Executing LocalRedirectResult, redirecting to /.
2025-11-01 22:12:23.676 +01:00 [INF] Executed page /Account/Login in 80.2363ms
2025-11-01 22:12:23.676 +01:00 [INF] Executed endpoint '/Account/Login'
2025-11-01 22:12:23.676 +01:00 [INF] Request finished HTTP/2 POST https://localhost:7025/Identity/Account/Login?ReturnUrl=%2F - 302 0 null 133.6417ms
2025-11-01 22:12:23.754 +01:00 [INF] Request starting HTTP/2 GET https://localhost:7025/ - null null
2025-11-01 22:12:23.757 +01:00 [INF] Executing endpoint 'Jam.Controllers.HomeController.Index (Jam)'
2025-11-01 22:12:23.758 +01:00 [INF] Route matched with {action = "Index", controller = "Home", page = "", area = ""}. Executing controller action with signature System.Threading.Tasks.Task`1[Microsoft.AspNetCore.Mvc.IActionResult] Index() on controller Jam.Controllers.HomeController (Jam).
2025-11-01 22:12:23.807 +01:00 [INF] Executing ViewResult, running view Index.
2025-11-01 22:12:23.823 +01:00 [INF] Executed ViewResult - view Index executed in 16.3167ms.
2025-11-01 22:12:23.823 +01:00 [INF] Executed action Jam.Controllers.HomeController.Index (Jam) in 65.2445ms
2025-11-01 22:12:23.823 +01:00 [INF] Executed endpoint 'Jam.Controllers.HomeController.Index (Jam)'
2025-11-01 22:12:23.824 +01:00 [INF] Request finished HTTP/2 GET https://localhost:7025/ - 200 null text/html; charset=utf-8 96.1455ms
