2025-11-07 20:01:16.750 +01:00 [INF] User profile is available. Using '/Users/jaraazad/.aspnet/DataProtection-Keys' as key repository; keys will not be encrypted at rest.
2025-11-07 20:01:17.318 +01:00 [INF] Applying migration '20251024065541_InitialCreate'.
2025-11-07 20:01:17.355 +01:00 [INF] Applying migration '20251101105657_AddIdentitySupport'.
2025-11-07 20:01:17.400 +01:00 [INF] Applying migration '20251103080324_UpdateNextQuestionSceneDeleteBehavior'.
2025-11-07 20:01:18.507 +01:00 [INF] Now listening on: https://localhost:7025
2025-11-07 20:01:18.508 +01:00 [INF] Now listening on: http://localhost:5262
2025-11-07 20:01:18.513 +01:00 [INF] Application started. Press Ctrl+C to shut down.
2025-11-07 20:01:18.514 +01:00 [INF] Hosting environment: Development
2025-11-07 20:01:18.514 +01:00 [INF] Content root path: /Users/jaraazad/Desktop/Jam
2025-11-07 20:01:19.048 +01:00 [INF] Request starting HTTP/2 GET https://localhost:7025/ - null null
2025-11-07 20:01:19.142 +01:00 [INF] Executing endpoint 'Jam.Controllers.HomeController.Index (Jam)'
2025-11-07 20:01:19.156 +01:00 [INF] Route matched with {action = "Index", controller = "Home", page = "", area = ""}. Executing controller action with signature System.Threading.Tasks.Task`1[Microsoft.AspNetCore.Mvc.IActionResult] Index() on controller Jam.Controllers.HomeController (Jam).
2025-11-07 20:01:19.203 +01:00 [WRN] [HomeController -> Index] Auth cookie invalid or user no longer exists. Redirecting to login.
2025-11-07 20:01:19.207 +01:00 [INF] AuthenticationScheme: Identity.Application signed out.
2025-11-07 20:01:19.209 +01:00 [INF] AuthenticationScheme: Identity.External signed out.
2025-11-07 20:01:19.209 +01:00 [INF] AuthenticationScheme: Identity.TwoFactorUserId signed out.
2025-11-07 20:01:19.210 +01:00 [INF] Executing LocalRedirectResult, redirecting to /Identity/Account/Login.
2025-11-07 20:01:19.213 +01:00 [INF] Executed action Jam.Controllers.HomeController.Index (Jam) in 54.2844ms
2025-11-07 20:01:19.213 +01:00 [INF] Executed endpoint 'Jam.Controllers.HomeController.Index (Jam)'
2025-11-07 20:01:19.218 +01:00 [INF] Request finished HTTP/2 GET https://localhost:7025/ - 302 0 null 171.654ms
2025-11-07 20:01:19.231 +01:00 [INF] Request starting HTTP/2 GET https://localhost:7025/Identity/Account/Login - null null
2025-11-07 20:01:19.233 +01:00 [INF] Executing endpoint '/Account/Login'
2025-11-07 20:01:19.246 +01:00 [INF] Route matched with {page = "/Account/Login", area = "Identity", action = "", controller = ""}. Executing page /Account/Login
2025-11-07 20:01:19.263 +01:00 [INF] Executing handler method Jam.Areas.Identity.Pages.Account.LoginModel.OnGetAsync - ModelState is "Valid"
2025-11-07 20:01:19.265 +01:00 [INF] AuthenticationScheme: Identity.External signed out.
2025-11-07 20:01:19.266 +01:00 [INF] Executed handler method OnGetAsync, returned result .
2025-11-07 20:01:19.267 +01:00 [INF] Executing an implicit handler method - ModelState is "Valid"
2025-11-07 20:01:19.267 +01:00 [INF] Executed an implicit handler method, returned result Microsoft.AspNetCore.Mvc.RazorPages.PageResult.
2025-11-07 20:01:19.358 +01:00 [INF] Executed page /Account/Login in 111.8377ms
2025-11-07 20:01:19.359 +01:00 [INF] Executed endpoint '/Account/Login'
2025-11-07 20:01:19.362 +01:00 [INF] Request finished HTTP/2 GET https://localhost:7025/Identity/Account/Login - 200 null text/html; charset=utf-8 131.6113ms
2025-11-07 20:01:19.392 +01:00 [INF] Request starting HTTP/2 GET https://localhost:7025/lib/jquery-validation-unobtrusive/jquery.validate.unobtrusive.min.js - null null
2025-11-07 20:01:19.390 +01:00 [INF] Request starting HTTP/2 GET https://localhost:7025/lib/jquery-validation/dist/jquery.validate.min.js - null null
2025-11-07 20:01:19.405 +01:00 [INF] Request finished HTTP/2 GET https://localhost:7025/lib/jquery-validation/dist/jquery.validate.min.js - 404 0 null 15.2157ms
2025-11-07 20:01:19.405 +01:00 [INF] Request finished HTTP/2 GET https://localhost:7025/lib/jquery-validation-unobtrusive/jquery.validate.unobtrusive.min.js - 404 0 null 14.2279ms
2025-11-07 20:01:19.406 +01:00 [INF] Request reached the end of the middleware pipeline without being handled by application code. Request path: GET https://localhost:7025/lib/jquery-validation-unobtrusive/jquery.validate.unobtrusive.min.js, Response status code: 404
2025-11-07 20:01:19.407 +01:00 [INF] Request reached the end of the middleware pipeline without being handled by application code. Request path: GET https://localhost:7025/lib/jquery-validation/dist/jquery.validate.min.js, Response status code: 404
2025-11-07 20:01:20.487 +01:00 [INF] Request starting HTTP/2 POST https://localhost:7025/Identity/Account/Login - application/x-www-form-urlencoded 236
2025-11-07 20:01:20.490 +01:00 [INF] Executing endpoint '/Account/Login'
2025-11-07 20:01:20.491 +01:00 [INF] Route matched with {page = "/Account/Login", area = "Identity", action = "", controller = ""}. Executing page /Account/Login
2025-11-07 20:01:20.506 +01:00 [INF] Executing handler method Jam.Areas.Identity.Pages.Account.LoginModel.OnPostAsync - ModelState is "Valid"
2025-11-07 20:01:20.625 +01:00 [INF] AuthenticationScheme: Identity.Application signed in.
2025-11-07 20:01:20.626 +01:00 [INF] User logged in.
2025-11-07 20:01:20.626 +01:00 [INF] Executed handler method OnPostAsync, returned result Microsoft.AspNetCore.Mvc.LocalRedirectResult.
2025-11-07 20:01:20.626 +01:00 [INF] Executing LocalRedirectResult, redirecting to /.
2025-11-07 20:01:20.626 +01:00 [INF] Executed page /Account/Login in 135.4014ms
2025-11-07 20:01:20.626 +01:00 [INF] Executed endpoint '/Account/Login'
2025-11-07 20:01:20.627 +01:00 [INF] Request finished HTTP/2 POST https://localhost:7025/Identity/Account/Login - 302 0 null 140.0767ms
2025-11-07 20:01:20.652 +01:00 [INF] Request starting HTTP/2 GET https://localhost:7025/ - null null
2025-11-07 20:01:20.676 +01:00 [INF] Executing endpoint 'Jam.Controllers.HomeController.Index (Jam)'
2025-11-07 20:01:20.676 +01:00 [INF] Route matched with {action = "Index", controller = "Home", page = "", area = ""}. Executing controller action with signature System.Threading.Tasks.Task`1[Microsoft.AspNetCore.Mvc.IActionResult] Index() on controller Jam.Controllers.HomeController (Jam).
2025-11-07 20:01:20.733 +01:00 [INF] Executing ViewResult, running view Index.
2025-11-07 20:01:20.779 +01:00 [INF] Executed ViewResult - view Index executed in 46.6258ms.
2025-11-07 20:01:20.804 +01:00 [INF] Executed action Jam.Controllers.HomeController.Index (Jam) in 128.0746ms
2025-11-07 20:01:20.806 +01:00 [INF] Executed endpoint 'Jam.Controllers.HomeController.Index (Jam)'
2025-11-07 20:01:20.809 +01:00 [INF] Request finished HTTP/2 GET https://localhost:7025/ - 200 null text/html; charset=utf-8 156.4612ms
2025-11-07 20:01:21.425 +01:00 [INF] Request starting HTTP/2 GET https://localhost:7025/StoryCreation/CreateStoryAndIntro - null null
2025-11-07 20:01:21.482 +01:00 [INF] Executing endpoint 'Jam.Controllers.StoryCreationController.CreateStoryAndIntro (Jam)'
2025-11-07 20:01:21.483 +01:00 [INF] Route matched with {action = "CreateStoryAndIntro", controller = "StoryCreation", page = "", area = ""}. Executing controller action with signature Microsoft.AspNetCore.Mvc.IActionResult CreateStoryAndIntro() on controller Jam.Controllers.StoryCreationController (Jam).
2025-11-07 20:01:21.485 +01:00 [INF] Accessing expired session, Key:81240ac2-d632-8b42-bfc2-321f7eaa06ba
2025-11-07 20:01:21.490 +01:00 [INF] Executing ViewResult, running view CreateStoryAndIntro.
2025-11-07 20:01:21.560 +01:00 [INF] Executed ViewResult - view CreateStoryAndIntro executed in 71.2362ms.
2025-11-07 20:01:21.562 +01:00 [INF] Executed action Jam.Controllers.StoryCreationController.CreateStoryAndIntro (Jam) in 78.8245ms
2025-11-07 20:01:21.563 +01:00 [INF] Executed endpoint 'Jam.Controllers.StoryCreationController.CreateStoryAndIntro (Jam)'
2025-11-07 20:01:21.563 +01:00 [INF] Request finished HTTP/2 GET https://localhost:7025/StoryCreation/CreateStoryAndIntro - 200 null text/html; charset=utf-8 138.303ms
2025-11-07 20:01:25.674 +01:00 [INF] Request starting HTTP/2 POST https://localhost:7025/StoryCreation/CreateStoryAndIntro - application/x-www-form-urlencoded 302
2025-11-07 20:01:25.702 +01:00 [INF] Executing endpoint 'Jam.Controllers.StoryCreationController.CreateStoryAndIntro (Jam)'
2025-11-07 20:01:25.713 +01:00 [INF] Route matched with {action = "CreateStoryAndIntro", controller = "StoryCreation", page = "", area = ""}. Executing controller action with signature Microsoft.AspNetCore.Mvc.IActionResult CreateStoryAndIntro(Jam.ViewModels.StoryCreation.CreateStoryAndIntroViewModel, System.String) on controller Jam.Controllers.StoryCreationController (Jam).
2025-11-07 20:01:25.718 +01:00 [INF] Accessing expired session, Key:81240ac2-d632-8b42-bfc2-321f7eaa06ba
2025-11-07 20:01:25.747 +01:00 [INF] Executing RedirectResult, redirecting to /StoryCreation/CreateQuestionScenes.
2025-11-07 20:01:25.747 +01:00 [INF] Executed action Jam.Controllers.StoryCreationController.CreateStoryAndIntro (Jam) in 34.5705ms
2025-11-07 20:01:25.747 +01:00 [INF] Executed endpoint 'Jam.Controllers.StoryCreationController.CreateStoryAndIntro (Jam)'
2025-11-07 20:01:25.748 +01:00 [INF] Session started; Key:81240ac2-d632-8b42-bfc2-321f7eaa06ba, Id:52673437-5f60-90db-1eba-f681f3ceaa21
2025-11-07 20:01:25.748 +01:00 [INF] Request finished HTTP/2 POST https://localhost:7025/StoryCreation/CreateStoryAndIntro - 302 0 null 119.3304ms
2025-11-07 20:01:25.799 +01:00 [INF] Request starting HTTP/2 GET https://localhost:7025/StoryCreation/CreateQuestionScenes - null null
2025-11-07 20:01:25.800 +01:00 [INF] Executing endpoint 'Jam.Controllers.StoryCreationController.CreateQuestionScenes (Jam)'
2025-11-07 20:01:25.801 +01:00 [INF] Route matched with {action = "CreateQuestionScenes", controller = "StoryCreation", page = "", area = ""}. Executing controller action with signature Microsoft.AspNetCore.Mvc.IActionResult CreateQuestionScenes() on controller Jam.Controllers.StoryCreationController (Jam).
2025-11-07 20:01:25.808 +01:00 [INF] Executing ViewResult, running view CreateQuestionScenes.
2025-11-07 20:01:25.842 +01:00 [INF] Executed ViewResult - view CreateQuestionScenes executed in 34.7934ms.
2025-11-07 20:01:25.843 +01:00 [INF] Executed action Jam.Controllers.StoryCreationController.CreateQuestionScenes (Jam) in 41.409ms
2025-11-07 20:01:25.843 +01:00 [INF] Executed endpoint 'Jam.Controllers.StoryCreationController.CreateQuestionScenes (Jam)'
2025-11-07 20:01:25.843 +01:00 [INF] Request finished HTTP/2 GET https://localhost:7025/StoryCreation/CreateQuestionScenes - 200 null text/html; charset=utf-8 69.6777ms
2025-11-07 20:01:27.346 +01:00 [INF] Request starting HTTP/2 POST https://localhost:7025/StoryCreation/DeleteQuestionInline - application/x-www-form-urlencoded 775
2025-11-07 20:01:27.351 +01:00 [INF] Executing endpoint 'Jam.Controllers.StoryCreationController.DeleteQuestionInline (Jam)'
2025-11-07 20:01:27.359 +01:00 [INF] Route matched with {action = "DeleteQuestionInline", controller = "StoryCreation", page = "", area = ""}. Executing controller action with signature Microsoft.AspNetCore.Mvc.IActionResult DeleteQuestionInline(Jam.ViewModels.StoryCreation.CreateMultipleQuestionScenesViewModel, Int32) on controller Jam.Controllers.StoryCreationController (Jam).
2025-11-07 20:01:27.369 +01:00 [INF] Executing ViewResult, running view CreateQuestionScenes.
2025-11-07 20:01:27.379 +01:00 [INF] Executed ViewResult - view CreateQuestionScenes executed in 10.6494ms.
2025-11-07 20:01:27.379 +01:00 [INF] Executed action Jam.Controllers.StoryCreationController.DeleteQuestionInline (Jam) in 20.2489ms
2025-11-07 20:01:27.379 +01:00 [INF] Executed endpoint 'Jam.Controllers.StoryCreationController.DeleteQuestionInline (Jam)'
2025-11-07 20:01:27.380 +01:00 [INF] Request finished HTTP/2 POST https://localhost:7025/StoryCreation/DeleteQuestionInline - 200 null text/html; charset=utf-8 34.9232ms
2025-11-07 20:01:30.102 +01:00 [INF] Request starting HTTP/2 GET https://localhost:7025/StoryCreation/GetQuestionScenePartial?index=1&questionNumber=2 - null null
2025-11-07 20:01:30.110 +01:00 [INF] Executing endpoint 'Jam.Controllers.StoryCreationController.GetQuestionScenePartial (Jam)'
2025-11-07 20:01:30.114 +01:00 [INF] Route matched with {action = "GetQuestionScenePartial", controller = "StoryCreation", page = "", area = ""}. Executing controller action with signature Microsoft.AspNetCore.Mvc.IActionResult GetQuestionScenePartial(Int32, Int32) on controller Jam.Controllers.StoryCreationController (Jam).
2025-11-07 20:01:30.123 +01:00 [INF] Executing PartialViewResult, running view _QuestionScenePartial.
2025-11-07 20:01:30.188 +01:00 [INF] Executed PartialViewResult - view _QuestionScenePartial executed in 13.8687ms.
2025-11-07 20:01:30.188 +01:00 [INF] Executed action Jam.Controllers.StoryCreationController.GetQuestionScenePartial (Jam) in 73.5361ms
2025-11-07 20:01:30.188 +01:00 [INF] Executed endpoint 'Jam.Controllers.StoryCreationController.GetQuestionScenePartial (Jam)'
2025-11-07 20:01:30.188 +01:00 [INF] Request finished HTTP/2 GET https://localhost:7025/StoryCreation/GetQuestionScenePartial?index=1&questionNumber=2 - 200 null text/html; charset=utf-8 136.0236ms
