2025-10-29 12:07:15.106 +01:00 [INF] Applying migration '20251024065541_InitialCreate'.
2025-10-29 12:07:15.425 +01:00 [INF] User profile is available. Using '/Users/michaelnedgaardisaksen/.aspnet/DataProtection-Keys' as key repository; keys will not be encrypted at rest.
2025-10-29 12:07:15.684 +01:00 [INF] Now listening on: https://localhost:7025
2025-10-29 12:07:15.684 +01:00 [INF] Now listening on: http://localhost:5262
2025-10-29 12:07:15.688 +01:00 [INF] Application started. Press Ctrl+C to shut down.
2025-10-29 12:07:15.689 +01:00 [INF] Hosting environment: Development
2025-10-29 12:07:15.690 +01:00 [INF] Content root path: /Users/michaelnedgaardisaksen/Documents/ITPE3100_Webapplikasjoner/Demo-Jam/Jam
2025-10-29 12:07:15.907 +01:00 [INF] Request starting HTTP/2 GET https://localhost:7025/ - null null
2025-10-29 12:07:15.920 +01:00 [INF] Executing endpoint 'Jam.Controllers.HomeController.Index (Jam)'
2025-10-29 12:07:15.928 +01:00 [INF] Route matched with {action = "Index", controller = "Home"}. Executing controller action with signature System.Threading.Tasks.Task`1[Microsoft.AspNetCore.Mvc.IActionResult] Index() on controller Jam.Controllers.HomeController (Jam).
2025-10-29 12:07:16.025 +01:00 [INF] Executing ViewResult, running view Index.
2025-10-29 12:07:16.074 +01:00 [INF] Executed ViewResult - view Index executed in 49.0683ms.
2025-10-29 12:07:16.076 +01:00 [INF] Executed action Jam.Controllers.HomeController.Index (Jam) in 147.2586ms
2025-10-29 12:07:16.076 +01:00 [INF] Executed endpoint 'Jam.Controllers.HomeController.Index (Jam)'
2025-10-29 12:07:16.080 +01:00 [INF] Request finished HTTP/2 GET https://localhost:7025/ - 200 null text/html; charset=utf-8 174.0132ms
2025-10-29 12:07:18.736 +01:00 [INF] Request starting HTTP/2 GET https://localhost:7025/StoryCreation/CreateStoryAndIntro - null null
2025-10-29 12:07:18.742 +01:00 [INF] Executing endpoint 'Jam.Controllers.StoryCreationController.CreateStoryAndIntro (Jam)'
2025-10-29 12:07:18.746 +01:00 [INF] Route matched with {action = "CreateStoryAndIntro", controller = "StoryCreation"}. Executing controller action with signature Microsoft.AspNetCore.Mvc.IActionResult CreateStoryAndIntro() on controller Jam.Controllers.StoryCreationController (Jam).
2025-10-29 12:07:18.755 +01:00 [INF] Executing ViewResult, running view CreateStoryAndIntro.
2025-10-29 12:07:18.818 +01:00 [INF] Executed ViewResult - view CreateStoryAndIntro executed in 64.1786ms.
2025-10-29 12:07:18.818 +01:00 [INF] Executed action Jam.Controllers.StoryCreationController.CreateStoryAndIntro (Jam) in 71.8761ms
2025-10-29 12:07:18.818 +01:00 [INF] Executed endpoint 'Jam.Controllers.StoryCreationController.CreateStoryAndIntro (Jam)'
2025-10-29 12:07:18.818 +01:00 [INF] Request finished HTTP/2 GET https://localhost:7025/StoryCreation/CreateStoryAndIntro - 200 null text/html; charset=utf-8 82.2976ms
2025-10-29 12:07:41.980 +01:00 [INF] Request starting HTTP/2 POST https://localhost:7025/StoryCreation/CreateStoryAndIntro - application/x-www-form-urlencoded 328
2025-10-29 12:07:42.037 +01:00 [INF] Executing endpoint 'Jam.Controllers.StoryCreationController.CreateStoryAndIntro (Jam)'
2025-10-29 12:07:42.052 +01:00 [INF] Route matched with {action = "CreateStoryAndIntro", controller = "StoryCreation"}. Executing controller action with signature System.Threading.Tasks.Task`1[Microsoft.AspNetCore.Mvc.IActionResult] CreateStoryAndIntro(Jam.ViewModels.StoryCreation.CreateStoryAndIntroViewModel) on controller Jam.Controllers.StoryCreationController (Jam).
2025-10-29 12:07:42.124 +01:00 [INF] Executing RedirectResult, redirecting to /StoryCreation/CreateQuestionScene?storyId=4.
2025-10-29 12:07:42.124 +01:00 [INF] Executed action Jam.Controllers.StoryCreationController.CreateStoryAndIntro (Jam) in 71.5918ms
2025-10-29 12:07:42.124 +01:00 [INF] Executed endpoint 'Jam.Controllers.StoryCreationController.CreateStoryAndIntro (Jam)'
2025-10-29 12:07:42.124 +01:00 [INF] Request finished HTTP/2 POST https://localhost:7025/StoryCreation/CreateStoryAndIntro - 302 0 null 168.0595ms
2025-10-29 12:07:42.154 +01:00 [INF] Request starting HTTP/2 GET https://localhost:7025/StoryCreation/CreateQuestionScene?storyId=4 - null null
2025-10-29 12:07:42.154 +01:00 [INF] Executing endpoint 'Jam.Controllers.StoryCreationController.CreateQuestionScene (Jam)'
2025-10-29 12:07:42.155 +01:00 [INF] Route matched with {action = "CreateQuestionScene", controller = "StoryCreation"}. Executing controller action with signature Microsoft.AspNetCore.Mvc.IActionResult CreateQuestionScene(Int32, System.Nullable`1[System.Int32]) on controller Jam.Controllers.StoryCreationController (Jam).
2025-10-29 12:07:42.158 +01:00 [INF] Executing ViewResult, running view CreateQuestionScene.
2025-10-29 12:07:42.224 +01:00 [INF] Executed ViewResult - view CreateQuestionScene executed in 65.6682ms.
2025-10-29 12:07:42.273 +01:00 [INF] Executed action Jam.Controllers.StoryCreationController.CreateQuestionScene (Jam) in 92.8107ms
2025-10-29 12:07:42.273 +01:00 [INF] Executed endpoint 'Jam.Controllers.StoryCreationController.CreateQuestionScene (Jam)'
2025-10-29 12:07:42.273 +01:00 [INF] Request finished HTTP/2 GET https://localhost:7025/StoryCreation/CreateQuestionScene?storyId=4 - 200 null text/html; charset=utf-8 119.4822ms
2025-10-29 12:08:07.043 +01:00 [INF] Request starting HTTP/2 POST https://localhost:7025/StoryCreation/CreateQuestionScene - application/x-www-form-urlencoded 889
2025-10-29 12:08:07.046 +01:00 [INF] Executing endpoint 'Jam.Controllers.StoryCreationController.CreateQuestionScene (Jam)'
2025-10-29 12:08:07.056 +01:00 [INF] Route matched with {action = "CreateQuestionScene", controller = "StoryCreation"}. Executing controller action with signature System.Threading.Tasks.Task`1[Microsoft.AspNetCore.Mvc.IActionResult] CreateQuestionScene(Jam.ViewModels.StoryCreation.CreateQuestionSceneViewModel) on controller Jam.Controllers.StoryCreationController (Jam).
2025-10-29 12:08:07.081 +01:00 [INF] Executing RedirectResult, redirecting to /StoryCreation/CreateEndings?storyId=4.
2025-10-29 12:08:07.081 +01:00 [INF] Executed action Jam.Controllers.StoryCreationController.CreateQuestionScene (Jam) in 24.6414ms
2025-10-29 12:08:07.081 +01:00 [INF] Executed endpoint 'Jam.Controllers.StoryCreationController.CreateQuestionScene (Jam)'
2025-10-29 12:08:07.081 +01:00 [INF] Request finished HTTP/2 POST https://localhost:7025/StoryCreation/CreateQuestionScene - 302 0 null 64.2454ms
2025-10-29 12:08:07.111 +01:00 [INF] Request starting HTTP/2 GET https://localhost:7025/StoryCreation/CreateEndings?storyId=4 - null null
2025-10-29 12:08:07.112 +01:00 [INF] Executing endpoint 'Jam.Controllers.StoryCreationController.CreateEndings (Jam)'
2025-10-29 12:08:07.113 +01:00 [INF] Route matched with {action = "CreateEndings", controller = "StoryCreation"}. Executing controller action with signature Microsoft.AspNetCore.Mvc.IActionResult CreateEndings(Int32) on controller Jam.Controllers.StoryCreationController (Jam).
2025-10-29 12:08:07.115 +01:00 [INF] Executing ViewResult, running view CreateEndings.
2025-10-29 12:08:07.126 +01:00 [INF] Executed ViewResult - view CreateEndings executed in 11.8913ms.
2025-10-29 12:08:07.126 +01:00 [INF] Executed action Jam.Controllers.StoryCreationController.CreateEndings (Jam) in 13.02ms
2025-10-29 12:08:07.126 +01:00 [INF] Executed endpoint 'Jam.Controllers.StoryCreationController.CreateEndings (Jam)'
2025-10-29 12:08:07.126 +01:00 [INF] Request finished HTTP/2 GET https://localhost:7025/StoryCreation/CreateEndings?storyId=4 - 200 null text/html; charset=utf-8 14.9476ms
2025-10-29 12:08:13.198 +01:00 [INF] Request starting HTTP/2 POST https://localhost:7025/StoryCreation/CreateEndings - application/x-www-form-urlencoded 244
2025-10-29 12:08:13.201 +01:00 [INF] Executing endpoint 'Jam.Controllers.StoryCreationController.CreateEndings (Jam)'
2025-10-29 12:08:13.211 +01:00 [INF] Route matched with {action = "CreateEndings", controller = "StoryCreation"}. Executing controller action with signature System.Threading.Tasks.Task`1[Microsoft.AspNetCore.Mvc.IActionResult] CreateEndings(Jam.ViewModels.StoryCreation.CreateEndingsViewModel) on controller Jam.Controllers.StoryCreationController (Jam).
2025-10-29 12:08:13.224 +01:00 [INF] Executing RedirectResult, redirecting to /.
2025-10-29 12:08:13.224 +01:00 [INF] Executed action Jam.Controllers.StoryCreationController.CreateEndings (Jam) in 12.2067ms
2025-10-29 12:08:13.224 +01:00 [INF] Executed endpoint 'Jam.Controllers.StoryCreationController.CreateEndings (Jam)'
2025-10-29 12:08:13.224 +01:00 [INF] Request finished HTTP/2 POST https://localhost:7025/StoryCreation/CreateEndings - 302 0 null 25.449ms
2025-10-29 12:08:13.254 +01:00 [INF] Request starting HTTP/2 GET https://localhost:7025/ - null null
2025-10-29 12:08:13.256 +01:00 [INF] Executing endpoint 'Jam.Controllers.HomeController.Index (Jam)'
2025-10-29 12:08:13.257 +01:00 [INF] Route matched with {action = "Index", controller = "Home"}. Executing controller action with signature System.Threading.Tasks.Task`1[Microsoft.AspNetCore.Mvc.IActionResult] Index() on controller Jam.Controllers.HomeController (Jam).
2025-10-29 12:08:13.268 +01:00 [INF] Executing ViewResult, running view Index.
2025-10-29 12:08:13.363 +01:00 [INF] Executed ViewResult - view Index executed in 69.6839ms.
2025-10-29 12:08:13.539 +01:00 [INF] Executed action Jam.Controllers.HomeController.Index (Jam) in 282.2397ms
2025-10-29 12:08:13.565 +01:00 [INF] Executed endpoint 'Jam.Controllers.HomeController.Index (Jam)'
2025-10-29 12:08:13.565 +01:00 [INF] Request finished HTTP/2 GET https://localhost:7025/ - 200 null text/html; charset=utf-8 311.5058ms
2025-10-29 12:08:44.392 +01:00 [INF] Request starting HTTP/2 GET https://localhost:7025/StoryPlaying/StartStory?storyId=4 - null null
2025-10-29 12:08:44.423 +01:00 [INF] Executing endpoint 'Jam.Controllers.StoryPlayingController.StartStory (Jam)'
2025-10-29 12:08:44.434 +01:00 [INF] Route matched with {action = "StartStory", controller = "StoryPlaying"}. Executing controller action with signature System.Threading.Tasks.Task`1[Microsoft.AspNetCore.Mvc.IActionResult] StartStory(Int32) on controller Jam.Controllers.StoryPlayingController (Jam).
2025-10-29 12:08:44.455 +01:00 [INF] Executing ViewResult, running view StartStory.
2025-10-29 12:08:44.465 +01:00 [INF] Executed ViewResult - view StartStory executed in 10.2493ms.
2025-10-29 12:08:44.465 +01:00 [INF] Executed action Jam.Controllers.StoryPlayingController.StartStory (Jam) in 30.9552ms
2025-10-29 12:08:44.465 +01:00 [INF] Executed endpoint 'Jam.Controllers.StoryPlayingController.StartStory (Jam)'
2025-10-29 12:08:44.465 +01:00 [INF] Request finished HTTP/2 GET https://localhost:7025/StoryPlaying/StartStory?storyId=4 - 200 null text/html; charset=utf-8 73.5177ms
2025-10-29 12:09:04.180 +01:00 [INF] Request starting HTTP/2 POST https://localhost:7025/StoryPlaying/StartStory - application/x-www-form-urlencoded 206
2025-10-29 12:09:04.209 +01:00 [INF] Executing endpoint 'Jam.Controllers.StoryPlayingController.StartStory (Jam)'
2025-10-29 12:09:04.214 +01:00 [INF] Route matched with {action = "StartStory", controller = "StoryPlaying"}. Executing controller action with signature System.Threading.Tasks.Task`1[Microsoft.AspNetCore.Mvc.IActionResult] StartStory(Jam.ViewModels.StoryPlaying.StartStoryViewModel) on controller Jam.Controllers.StoryPlayingController (Jam).
2025-10-29 12:09:04.270 +01:00 [INF] Executing RedirectResult, redirecting to /StoryPlaying/PlayScene?sceneId=5&SceneType=Intro&sessionId=3.
2025-10-29 12:09:04.270 +01:00 [INF] Executed action Jam.Controllers.StoryPlayingController.StartStory (Jam) in 55.2875ms
2025-10-29 12:09:04.270 +01:00 [INF] Executed endpoint 'Jam.Controllers.StoryPlayingController.StartStory (Jam)'
2025-10-29 12:09:04.270 +01:00 [INF] Request finished HTTP/2 POST https://localhost:7025/StoryPlaying/StartStory - 302 0 null 115.0146ms
2025-10-29 12:09:04.273 +01:00 [INF] Request starting HTTP/2 GET https://localhost:7025/StoryPlaying/PlayScene?sceneId=5&SceneType=Intro&sessionId=3 - null null
2025-10-29 12:09:04.274 +01:00 [INF] Executing endpoint 'Jam.Controllers.StoryPlayingController.PlayScene (Jam)'
2025-10-29 12:09:04.275 +01:00 [INF] Route matched with {action = "PlayScene", controller = "StoryPlaying"}. Executing controller action with signature System.Threading.Tasks.Task`1[Microsoft.AspNetCore.Mvc.IActionResult] PlayScene(Int32, Jam.Models.Enums.SceneType, Int32) on controller Jam.Controllers.StoryPlayingController (Jam).
2025-10-29 12:09:04.285 +01:00 [INF] Executing ViewResult, running view PlayScene.
2025-10-29 12:09:04.288 +01:00 [INF] Executed ViewResult - view PlayScene executed in 2.8475ms.
2025-10-29 12:09:04.288 +01:00 [INF] Executed action Jam.Controllers.StoryPlayingController.PlayScene (Jam) in 12.3761ms
2025-10-29 12:09:04.288 +01:00 [INF] Executed endpoint 'Jam.Controllers.StoryPlayingController.PlayScene (Jam)'
2025-10-29 12:09:04.288 +01:00 [INF] Request finished HTTP/2 GET https://localhost:7025/StoryPlaying/PlayScene?sceneId=5&SceneType=Intro&sessionId=3 - 200 null text/html; charset=utf-8 14.4527ms
2025-10-29 12:09:10.507 +01:00 [INF] Request starting HTTP/2 POST https://localhost:7025/StoryPlaying/PlayScene - application/x-www-form-urlencoded 204
2025-10-29 12:09:10.508 +01:00 [INF] Executing endpoint 'Jam.Controllers.StoryPlayingController.PlayScene (Jam)'
2025-10-29 12:09:10.522 +01:00 [INF] Route matched with {action = "PlayScene", controller = "StoryPlaying"}. Executing controller action with signature System.Threading.Tasks.Task`1[Microsoft.AspNetCore.Mvc.IActionResult] PlayScene(Jam.ViewModels.StoryPlaying.PlaySceneViewModel) on controller Jam.Controllers.StoryPlayingController (Jam).
2025-10-29 12:09:10.567 +01:00 [INF] Executing RedirectResult, redirecting to /StoryPlaying/PlayScene?sceneId=5&sceneType=Question&sessionId=3.
2025-10-29 12:09:10.567 +01:00 [INF] Executed action Jam.Controllers.StoryPlayingController.PlayScene (Jam) in 45.1463ms
2025-10-29 12:09:10.567 +01:00 [INF] Executed endpoint 'Jam.Controllers.StoryPlayingController.PlayScene (Jam)'
2025-10-29 12:09:10.567 +01:00 [INF] Request finished HTTP/2 POST https://localhost:7025/StoryPlaying/PlayScene - 302 0 null 60.386ms
2025-10-29 12:09:10.571 +01:00 [INF] Request starting HTTP/2 GET https://localhost:7025/StoryPlaying/PlayScene?sceneId=5&sceneType=Question&sessionId=3 - null null
2025-10-29 12:09:10.571 +01:00 [INF] Executing endpoint 'Jam.Controllers.StoryPlayingController.PlayScene (Jam)'
2025-10-29 12:09:10.571 +01:00 [INF] Route matched with {action = "PlayScene", controller = "StoryPlaying"}. Executing controller action with signature System.Threading.Tasks.Task`1[Microsoft.AspNetCore.Mvc.IActionResult] PlayScene(Int32, Jam.Models.Enums.SceneType, Int32) on controller Jam.Controllers.StoryPlayingController (Jam).
2025-10-29 12:09:10.591 +01:00 [INF] Executing ViewResult, running view PlayScene.
2025-10-29 12:09:10.592 +01:00 [INF] Executed ViewResult - view PlayScene executed in 1.3365ms.
2025-10-29 12:09:10.592 +01:00 [INF] Executed action Jam.Controllers.StoryPlayingController.PlayScene (Jam) in 21.454ms
2025-10-29 12:09:10.593 +01:00 [INF] Executed endpoint 'Jam.Controllers.StoryPlayingController.PlayScene (Jam)'
2025-10-29 12:09:10.593 +01:00 [INF] Request finished HTTP/2 GET https://localhost:7025/StoryPlaying/PlayScene?sceneId=5&sceneType=Question&sessionId=3 - 200 null text/html; charset=utf-8 21.7502ms
2025-10-29 12:09:13.379 +01:00 [INF] Request starting HTTP/2 POST https://localhost:7025/StoryPlaying/PlayScene - application/x-www-form-urlencoded 243
2025-10-29 12:09:13.380 +01:00 [INF] Executing endpoint 'Jam.Controllers.StoryPlayingController.PlayScene (Jam)'
2025-10-29 12:09:13.380 +01:00 [INF] Route matched with {action = "PlayScene", controller = "StoryPlaying"}. Executing controller action with signature System.Threading.Tasks.Task`1[Microsoft.AspNetCore.Mvc.IActionResult] PlayScene(Jam.ViewModels.StoryPlaying.PlaySceneViewModel) on controller Jam.Controllers.StoryPlayingController (Jam).
2025-10-29 12:09:13.410 +01:00 [INF] Executing RedirectResult, redirecting to /StoryPlaying/AnswerFeedback.
2025-10-29 12:09:13.415 +01:00 [INF] Executed action Jam.Controllers.StoryPlayingController.PlayScene (Jam) in 35.0706ms
2025-10-29 12:09:13.415 +01:00 [INF] Executed endpoint 'Jam.Controllers.StoryPlayingController.PlayScene (Jam)'
2025-10-29 12:09:13.416 +01:00 [INF] Request finished HTTP/2 POST https://localhost:7025/StoryPlaying/PlayScene - 302 0 null 36.3894ms
2025-10-29 12:09:13.446 +01:00 [INF] Request starting HTTP/2 GET https://localhost:7025/StoryPlaying/AnswerFeedback - null null
2025-10-29 12:09:13.468 +01:00 [INF] Executing endpoint 'Jam.Controllers.StoryPlayingController.AnswerFeedback (Jam)'
2025-10-29 12:09:13.469 +01:00 [INF] Route matched with {action = "AnswerFeedback", controller = "StoryPlaying"}. Executing controller action with signature Microsoft.AspNetCore.Mvc.IActionResult AnswerFeedback() on controller Jam.Controllers.StoryPlayingController (Jam).
2025-10-29 12:09:13.471 +01:00 [INF] Executing ViewResult, running view AnswerFeedback.
2025-10-29 12:09:13.481 +01:00 [INF] Executed ViewResult - view AnswerFeedback executed in 10.4577ms.
2025-10-29 12:09:13.481 +01:00 [INF] Executed action Jam.Controllers.StoryPlayingController.AnswerFeedback (Jam) in 12.2539ms
2025-10-29 12:09:13.481 +01:00 [INF] Executed endpoint 'Jam.Controllers.StoryPlayingController.AnswerFeedback (Jam)'
2025-10-29 12:09:13.481 +01:00 [INF] Request finished HTTP/2 GET https://localhost:7025/StoryPlaying/AnswerFeedback - 200 null text/html; charset=utf-8 35.2929ms
2025-10-29 12:09:20.332 +01:00 [INF] Request starting HTTP/2 POST https://localhost:7025/StoryPlaying/AnswerFeedback - application/x-www-form-urlencoded 260
2025-10-29 12:09:20.333 +01:00 [INF] Executing endpoint 'Jam.Controllers.StoryPlayingController.AnswerFeedback (Jam)'
2025-10-29 12:09:20.339 +01:00 [INF] Route matched with {action = "AnswerFeedback", controller = "StoryPlaying"}. Executing controller action with signature System.Threading.Tasks.Task`1[Microsoft.AspNetCore.Mvc.IActionResult] AnswerFeedback(Jam.ViewModels.StoryPlaying.AnswerFeedbackViewModel) on controller Jam.Controllers.StoryPlayingController (Jam).
2025-10-29 12:09:20.361 +01:00 [INF] Executing RedirectResult, redirecting to /StoryPlaying/PlayScene?sceneId=6&sceneType=Ending&sessionId=3.
2025-10-29 12:09:20.361 +01:00 [INF] Executed action Jam.Controllers.StoryPlayingController.AnswerFeedback (Jam) in 21.6182ms
2025-10-29 12:09:20.361 +01:00 [INF] Executed endpoint 'Jam.Controllers.StoryPlayingController.AnswerFeedback (Jam)'
2025-10-29 12:09:20.361 +01:00 [INF] Request finished HTTP/2 POST https://localhost:7025/StoryPlaying/AnswerFeedback - 302 0 null 30.6542ms
2025-10-29 12:09:20.393 +01:00 [INF] Request starting HTTP/2 GET https://localhost:7025/StoryPlaying/PlayScene?sceneId=6&sceneType=Ending&sessionId=3 - null null
2025-10-29 12:09:20.393 +01:00 [INF] Executing endpoint 'Jam.Controllers.StoryPlayingController.PlayScene (Jam)'
2025-10-29 12:09:20.393 +01:00 [INF] Route matched with {action = "PlayScene", controller = "StoryPlaying"}. Executing controller action with signature System.Threading.Tasks.Task`1[Microsoft.AspNetCore.Mvc.IActionResult] PlayScene(Int32, Jam.Models.Enums.SceneType, Int32) on controller Jam.Controllers.StoryPlayingController (Jam).
2025-10-29 12:09:20.401 +01:00 [INF] Executing ViewResult, running view PlayScene.
2025-10-29 12:09:20.403 +01:00 [INF] Executed ViewResult - view PlayScene executed in 2.184ms.
2025-10-29 12:09:20.403 +01:00 [INF] Executed action Jam.Controllers.StoryPlayingController.PlayScene (Jam) in 9.969ms
2025-10-29 12:09:20.403 +01:00 [INF] Executed endpoint 'Jam.Controllers.StoryPlayingController.PlayScene (Jam)'
2025-10-29 12:09:20.403 +01:00 [INF] Request finished HTTP/2 GET https://localhost:7025/StoryPlaying/PlayScene?sceneId=6&sceneType=Ending&sessionId=3 - 200 null text/html; charset=utf-8 10.5391ms
2025-10-29 12:09:24.343 +01:00 [INF] Request starting HTTP/2 POST https://localhost:7025/StoryPlaying/PlayScene - application/x-www-form-urlencoded 251
2025-10-29 12:09:24.446 +01:00 [INF] Executing endpoint 'Jam.Controllers.StoryPlayingController.PlayScene (Jam)'
2025-10-29 12:09:24.449 +01:00 [INF] Route matched with {action = "PlayScene", controller = "StoryPlaying"}. Executing controller action with signature System.Threading.Tasks.Task`1[Microsoft.AspNetCore.Mvc.IActionResult] PlayScene(Jam.ViewModels.StoryPlaying.PlaySceneViewModel) on controller Jam.Controllers.StoryPlayingController (Jam).
2025-10-29 12:09:24.476 +01:00 [INF] Executing RedirectResult, redirecting to /StoryPlaying/FinishStory?sessionId=3.
2025-10-29 12:09:24.476 +01:00 [INF] Executed action Jam.Controllers.StoryPlayingController.PlayScene (Jam) in 27.1355ms
2025-10-29 12:09:24.476 +01:00 [INF] Executed endpoint 'Jam.Controllers.StoryPlayingController.PlayScene (Jam)'
2025-10-29 12:09:24.476 +01:00 [INF] Request finished HTTP/2 POST https://localhost:7025/StoryPlaying/PlayScene - 302 0 null 133.7668ms
2025-10-29 12:09:24.506 +01:00 [INF] Request starting HTTP/2 GET https://localhost:7025/StoryPlaying/FinishStory?sessionId=3 - null null
2025-10-29 12:09:24.506 +01:00 [INF] Executing endpoint 'Jam.Controllers.StoryPlayingController.FinishStory (Jam)'
2025-10-29 12:09:24.509 +01:00 [INF] Route matched with {action = "FinishStory", controller = "StoryPlaying"}. Executing controller action with signature System.Threading.Tasks.Task`1[Microsoft.AspNetCore.Mvc.IActionResult] FinishStory(Int32) on controller Jam.Controllers.StoryPlayingController (Jam).
2025-10-29 12:09:24.514 +01:00 [INF] Executing ViewResult, running view FinishStory.
2025-10-29 12:09:24.517 +01:00 [INF] Executed ViewResult - view FinishStory executed in 3.9355ms.
2025-10-29 12:09:24.517 +01:00 [INF] Executed action Jam.Controllers.StoryPlayingController.FinishStory (Jam) in 8.3775ms
2025-10-29 12:09:24.517 +01:00 [INF] Executed endpoint 'Jam.Controllers.StoryPlayingController.FinishStory (Jam)'
2025-10-29 12:09:24.517 +01:00 [INF] Request finished HTTP/2 GET https://localhost:7025/StoryPlaying/FinishStory?sessionId=3 - 200 null text/html; charset=utf-8 11.5081ms
2025-10-29 12:09:27.096 +01:00 [INF] Request starting HTTP/2 POST https://localhost:7025/StoryPlaying/FinishStory - application/x-www-form-urlencoded 182
2025-10-29 12:09:27.144 +01:00 [INF] Executing endpoint 'Jam.Controllers.StoryPlayingController.FinishStory (Jam)'
2025-10-29 12:09:27.147 +01:00 [INF] Route matched with {action = "FinishStory", controller = "StoryPlaying"}. Executing controller action with signature Microsoft.AspNetCore.Mvc.IActionResult FinishStory() on controller Jam.Controllers.StoryPlayingController (Jam).
2025-10-29 12:09:27.149 +01:00 [INF] Executing RedirectResult, redirecting to /.
2025-10-29 12:09:27.149 +01:00 [INF] Executed action Jam.Controllers.StoryPlayingController.FinishStory (Jam) in 1.9757ms
2025-10-29 12:09:27.149 +01:00 [INF] Executed endpoint 'Jam.Controllers.StoryPlayingController.FinishStory (Jam)'
2025-10-29 12:09:27.149 +01:00 [INF] Request finished HTTP/2 POST https://localhost:7025/StoryPlaying/FinishStory - 302 0 null 54.1998ms
2025-10-29 12:09:27.177 +01:00 [INF] Request starting HTTP/2 GET https://localhost:7025/ - null null
2025-10-29 12:09:27.177 +01:00 [INF] Executing endpoint 'Jam.Controllers.HomeController.Index (Jam)'
2025-10-29 12:09:27.178 +01:00 [INF] Route matched with {action = "Index", controller = "Home"}. Executing controller action with signature System.Threading.Tasks.Task`1[Microsoft.AspNetCore.Mvc.IActionResult] Index() on controller Jam.Controllers.HomeController (Jam).
2025-10-29 12:09:27.191 +01:00 [INF] Executing ViewResult, running view Index.
2025-10-29 12:09:27.244 +01:00 [INF] Executed ViewResult - view Index executed in 52.7962ms.
2025-10-29 12:09:27.245 +01:00 [INF] Executed action Jam.Controllers.HomeController.Index (Jam) in 66.7487ms
2025-10-29 12:09:27.245 +01:00 [INF] Executed endpoint 'Jam.Controllers.HomeController.Index (Jam)'
2025-10-29 12:09:27.245 +01:00 [INF] Request finished HTTP/2 GET https://localhost:7025/ - 200 null text/html; charset=utf-8 68.1497ms
2025-10-29 12:09:30.303 +01:00 [INF] Request starting HTTP/2 GET https://localhost:7025/StoryPlaying/StartStory?storyId=4 - null null
2025-10-29 12:09:30.303 +01:00 [INF] Executing endpoint 'Jam.Controllers.StoryPlayingController.StartStory (Jam)'
2025-10-29 12:09:30.304 +01:00 [INF] Route matched with {action = "StartStory", controller = "StoryPlaying"}. Executing controller action with signature System.Threading.Tasks.Task`1[Microsoft.AspNetCore.Mvc.IActionResult] StartStory(Int32) on controller Jam.Controllers.StoryPlayingController (Jam).
2025-10-29 12:09:30.310 +01:00 [INF] Executing ViewResult, running view StartStory.
2025-10-29 12:09:30.313 +01:00 [INF] Executed ViewResult - view StartStory executed in 3.0137ms.
2025-10-29 12:09:30.313 +01:00 [INF] Executed action Jam.Controllers.StoryPlayingController.StartStory (Jam) in 9.2005ms
2025-10-29 12:09:30.313 +01:00 [INF] Executed endpoint 'Jam.Controllers.StoryPlayingController.StartStory (Jam)'
2025-10-29 12:09:30.313 +01:00 [INF] Request finished HTTP/2 GET https://localhost:7025/StoryPlaying/StartStory?storyId=4 - 200 null text/html; charset=utf-8 10.4238ms
2025-10-29 12:09:33.485 +01:00 [INF] Request starting HTTP/2 POST https://localhost:7025/StoryPlaying/StartStory - application/x-www-form-urlencoded 206
2025-10-29 12:09:33.511 +01:00 [INF] Executing endpoint 'Jam.Controllers.StoryPlayingController.StartStory (Jam)'
2025-10-29 12:09:33.512 +01:00 [INF] Route matched with {action = "StartStory", controller = "StoryPlaying"}. Executing controller action with signature System.Threading.Tasks.Task`1[Microsoft.AspNetCore.Mvc.IActionResult] StartStory(Jam.ViewModels.StoryPlaying.StartStoryViewModel) on controller Jam.Controllers.StoryPlayingController (Jam).
2025-10-29 12:09:33.519 +01:00 [INF] Executing ViewResult, running view StartStory.
2025-10-29 12:09:33.521 +01:00 [INF] Executed ViewResult - view StartStory executed in 1.6303ms.
2025-10-29 12:09:33.521 +01:00 [INF] Executed action Jam.Controllers.StoryPlayingController.StartStory (Jam) in 9.2232ms
2025-10-29 12:09:33.521 +01:00 [INF] Executed endpoint 'Jam.Controllers.StoryPlayingController.StartStory (Jam)'
2025-10-29 12:09:33.521 +01:00 [INF] Request finished HTTP/2 POST https://localhost:7025/StoryPlaying/StartStory - 200 null text/html; charset=utf-8 58.4605ms
2025-10-29 12:09:42.873 +01:00 [INF] Request starting HTTP/2 POST https://localhost:7025/StoryPlaying/StartStory - application/x-www-form-urlencoded 206
2025-10-29 12:09:42.899 +01:00 [INF] Executing endpoint 'Jam.Controllers.StoryPlayingController.StartStory (Jam)'
2025-10-29 12:09:42.900 +01:00 [INF] Route matched with {action = "StartStory", controller = "StoryPlaying"}. Executing controller action with signature System.Threading.Tasks.Task`1[Microsoft.AspNetCore.Mvc.IActionResult] StartStory(Jam.ViewModels.StoryPlaying.StartStoryViewModel) on controller Jam.Controllers.StoryPlayingController (Jam).
2025-10-29 12:09:42.917 +01:00 [INF] Executing RedirectResult, redirecting to /StoryPlaying/PlayScene?sceneId=5&SceneType=Intro&sessionId=4.
2025-10-29 12:09:42.918 +01:00 [INF] Executed action Jam.Controllers.StoryPlayingController.StartStory (Jam) in 17.816ms
2025-10-29 12:09:42.918 +01:00 [INF] Executed endpoint 'Jam.Controllers.StoryPlayingController.StartStory (Jam)'
2025-10-29 12:09:42.918 +01:00 [INF] Request finished HTTP/2 POST https://localhost:7025/StoryPlaying/StartStory - 302 0 null 45.1415ms
2025-10-29 12:09:42.947 +01:00 [INF] Request starting HTTP/2 GET https://localhost:7025/StoryPlaying/PlayScene?sceneId=5&SceneType=Intro&sessionId=4 - null null
2025-10-29 12:09:42.948 +01:00 [INF] Executing endpoint 'Jam.Controllers.StoryPlayingController.PlayScene (Jam)'
2025-10-29 12:09:42.948 +01:00 [INF] Route matched with {action = "PlayScene", controller = "StoryPlaying"}. Executing controller action with signature System.Threading.Tasks.Task`1[Microsoft.AspNetCore.Mvc.IActionResult] PlayScene(Int32, Jam.Models.Enums.SceneType, Int32) on controller Jam.Controllers.StoryPlayingController (Jam).
2025-10-29 12:09:42.952 +01:00 [INF] Executing ViewResult, running view PlayScene.
2025-10-29 12:09:42.953 +01:00 [INF] Executed ViewResult - view PlayScene executed in 0.8449ms.
2025-10-29 12:09:42.953 +01:00 [INF] Executed action Jam.Controllers.StoryPlayingController.PlayScene (Jam) in 5.1456ms
2025-10-29 12:09:42.953 +01:00 [INF] Executed endpoint 'Jam.Controllers.StoryPlayingController.PlayScene (Jam)'
2025-10-29 12:09:42.953 +01:00 [INF] Request finished HTTP/2 GET https://localhost:7025/StoryPlaying/PlayScene?sceneId=5&SceneType=Intro&sessionId=4 - 200 null text/html; charset=utf-8 5.864ms
2025-10-29 12:09:44.268 +01:00 [INF] Request starting HTTP/2 POST https://localhost:7025/StoryPlaying/PlayScene - application/x-www-form-urlencoded 204
2025-10-29 12:09:44.268 +01:00 [INF] Executing endpoint 'Jam.Controllers.StoryPlayingController.PlayScene (Jam)'
2025-10-29 12:09:44.269 +01:00 [INF] Route matched with {action = "PlayScene", controller = "StoryPlaying"}. Executing controller action with signature System.Threading.Tasks.Task`1[Microsoft.AspNetCore.Mvc.IActionResult] PlayScene(Jam.ViewModels.StoryPlaying.PlaySceneViewModel) on controller Jam.Controllers.StoryPlayingController (Jam).
2025-10-29 12:09:44.285 +01:00 [INF] Executing RedirectResult, redirecting to /StoryPlaying/PlayScene?sceneId=5&sceneType=Question&sessionId=4.
2025-10-29 12:09:44.285 +01:00 [INF] Executed action Jam.Controllers.StoryPlayingController.PlayScene (Jam) in 16.5116ms
2025-10-29 12:09:44.285 +01:00 [INF] Executed endpoint 'Jam.Controllers.StoryPlayingController.PlayScene (Jam)'
2025-10-29 12:09:44.285 +01:00 [INF] Request finished HTTP/2 POST https://localhost:7025/StoryPlaying/PlayScene - 302 0 null 38.9183ms
2025-10-29 12:09:44.293 +01:00 [INF] Request starting HTTP/2 GET https://localhost:7025/StoryPlaying/PlayScene?sceneId=5&sceneType=Question&sessionId=4 - null null
2025-10-29 12:09:44.293 +01:00 [INF] Executing endpoint 'Jam.Controllers.StoryPlayingController.PlayScene (Jam)'
2025-10-29 12:09:44.301 +01:00 [INF] Route matched with {action = "PlayScene", controller = "StoryPlaying"}. Executing controller action with signature System.Threading.Tasks.Task`1[Microsoft.AspNetCore.Mvc.IActionResult] PlayScene(Int32, Jam.Models.Enums.SceneType, Int32) on controller Jam.Controllers.StoryPlayingController (Jam).
2025-10-29 12:09:44.325 +01:00 [INF] Executing ViewResult, running view PlayScene.
2025-10-29 12:09:44.337 +01:00 [INF] Executed ViewResult - view PlayScene executed in 12.3301ms.
2025-10-29 12:09:44.337 +01:00 [INF] Executed action Jam.Controllers.StoryPlayingController.PlayScene (Jam) in 36.0838ms
2025-10-29 12:09:44.337 +01:00 [INF] Executed endpoint 'Jam.Controllers.StoryPlayingController.PlayScene (Jam)'
2025-10-29 12:09:44.338 +01:00 [INF] Request finished HTTP/2 GET https://localhost:7025/StoryPlaying/PlayScene?sceneId=5&sceneType=Question&sessionId=4 - 200 null text/html; charset=utf-8 44.775ms
2025-10-29 12:09:47.378 +01:00 [INF] Request starting HTTP/2 POST https://localhost:7025/StoryPlaying/PlayScene - application/x-www-form-urlencoded 243
2025-10-29 12:09:47.379 +01:00 [INF] Executing endpoint 'Jam.Controllers.StoryPlayingController.PlayScene (Jam)'
2025-10-29 12:09:47.379 +01:00 [INF] Route matched with {action = "PlayScene", controller = "StoryPlaying"}. Executing controller action with signature System.Threading.Tasks.Task`1[Microsoft.AspNetCore.Mvc.IActionResult] PlayScene(Jam.ViewModels.StoryPlaying.PlaySceneViewModel) on controller Jam.Controllers.StoryPlayingController (Jam).
2025-10-29 12:09:47.411 +01:00 [INF] Executing RedirectResult, redirecting to /StoryPlaying/AnswerFeedback.
2025-10-29 12:09:47.412 +01:00 [INF] Executed action Jam.Controllers.StoryPlayingController.PlayScene (Jam) in 29.7327ms
2025-10-29 12:09:47.412 +01:00 [INF] Executed endpoint 'Jam.Controllers.StoryPlayingController.PlayScene (Jam)'
2025-10-29 12:09:47.412 +01:00 [INF] Request finished HTTP/2 POST https://localhost:7025/StoryPlaying/PlayScene - 302 0 null 33.8297ms
2025-10-29 12:09:47.442 +01:00 [INF] Request starting HTTP/2 GET https://localhost:7025/StoryPlaying/AnswerFeedback - null null
2025-10-29 12:09:47.443 +01:00 [INF] Executing endpoint 'Jam.Controllers.StoryPlayingController.AnswerFeedback (Jam)'
2025-10-29 12:09:47.443 +01:00 [INF] Route matched with {action = "AnswerFeedback", controller = "StoryPlaying"}. Executing controller action with signature Microsoft.AspNetCore.Mvc.IActionResult AnswerFeedback() on controller Jam.Controllers.StoryPlayingController (Jam).
2025-10-29 12:09:47.443 +01:00 [INF] Executing ViewResult, running view AnswerFeedback.
2025-10-29 12:09:47.446 +01:00 [INF] Executed ViewResult - view AnswerFeedback executed in 2.1419ms.
2025-10-29 12:09:47.446 +01:00 [INF] Executed action Jam.Controllers.StoryPlayingController.AnswerFeedback (Jam) in 2.9192ms
2025-10-29 12:09:47.446 +01:00 [INF] Executed endpoint 'Jam.Controllers.StoryPlayingController.AnswerFeedback (Jam)'
2025-10-29 12:09:47.446 +01:00 [INF] Request finished HTTP/2 GET https://localhost:7025/StoryPlaying/AnswerFeedback - 200 null text/html; charset=utf-8 3.4259ms
2025-10-29 12:09:49.000 +01:00 [INF] Request starting HTTP/2 POST https://localhost:7025/StoryPlaying/AnswerFeedback - application/x-www-form-urlencoded 261
2025-10-29 12:09:49.002 +01:00 [INF] Executing endpoint 'Jam.Controllers.StoryPlayingController.AnswerFeedback (Jam)'
2025-10-29 12:09:49.002 +01:00 [INF] Route matched with {action = "AnswerFeedback", controller = "StoryPlaying"}. Executing controller action with signature System.Threading.Tasks.Task`1[Microsoft.AspNetCore.Mvc.IActionResult] AnswerFeedback(Jam.ViewModels.StoryPlaying.AnswerFeedbackViewModel) on controller Jam.Controllers.StoryPlayingController (Jam).
2025-10-29 12:09:49.017 +01:00 [INF] Executing RedirectResult, redirecting to /StoryPlaying/PlayScene?sceneId=4&sceneType=Ending&sessionId=4.
2025-10-29 12:09:49.018 +01:00 [INF] Executed action Jam.Controllers.StoryPlayingController.AnswerFeedback (Jam) in 15.1336ms
2025-10-29 12:09:49.018 +01:00 [INF] Executed endpoint 'Jam.Controllers.StoryPlayingController.AnswerFeedback (Jam)'
2025-10-29 12:09:49.018 +01:00 [INF] Request finished HTTP/2 POST https://localhost:7025/StoryPlaying/AnswerFeedback - 302 0 null 42.1036ms
2025-10-29 12:09:49.022 +01:00 [INF] Request starting HTTP/2 GET https://localhost:7025/StoryPlaying/PlayScene?sceneId=4&sceneType=Ending&sessionId=4 - null null
2025-10-29 12:09:49.022 +01:00 [INF] Executing endpoint 'Jam.Controllers.StoryPlayingController.PlayScene (Jam)'
2025-10-29 12:09:49.022 +01:00 [INF] Route matched with {action = "PlayScene", controller = "StoryPlaying"}. Executing controller action with signature System.Threading.Tasks.Task`1[Microsoft.AspNetCore.Mvc.IActionResult] PlayScene(Int32, Jam.Models.Enums.SceneType, Int32) on controller Jam.Controllers.StoryPlayingController (Jam).
2025-10-29 12:09:49.026 +01:00 [INF] Executing ViewResult, running view PlayScene.
2025-10-29 12:09:49.027 +01:00 [INF] Executed ViewResult - view PlayScene executed in 1.1433ms.
2025-10-29 12:09:49.027 +01:00 [INF] Executed action Jam.Controllers.StoryPlayingController.PlayScene (Jam) in 4.6292ms
2025-10-29 12:09:49.027 +01:00 [INF] Executed endpoint 'Jam.Controllers.StoryPlayingController.PlayScene (Jam)'
2025-10-29 12:09:49.027 +01:00 [INF] Request finished HTTP/2 GET https://localhost:7025/StoryPlaying/PlayScene?sceneId=4&sceneType=Ending&sessionId=4 - 200 null text/html; charset=utf-8 5.071ms
2025-10-29 12:09:50.031 +01:00 [INF] Request starting HTTP/2 POST https://localhost:7025/StoryPlaying/PlayScene - application/x-www-form-urlencoded 252
2025-10-29 12:09:50.031 +01:00 [INF] Executing endpoint 'Jam.Controllers.StoryPlayingController.PlayScene (Jam)'
2025-10-29 12:09:50.032 +01:00 [INF] Route matched with {action = "PlayScene", controller = "StoryPlaying"}. Executing controller action with signature System.Threading.Tasks.Task`1[Microsoft.AspNetCore.Mvc.IActionResult] PlayScene(Jam.ViewModels.StoryPlaying.PlaySceneViewModel) on controller Jam.Controllers.StoryPlayingController (Jam).
2025-10-29 12:09:50.045 +01:00 [INF] Executing RedirectResult, redirecting to /StoryPlaying/FinishStory?sessionId=4.
2025-10-29 12:09:50.045 +01:00 [INF] Executed action Jam.Controllers.StoryPlayingController.PlayScene (Jam) in 13.5561ms
2025-10-29 12:09:50.045 +01:00 [INF] Executed endpoint 'Jam.Controllers.StoryPlayingController.PlayScene (Jam)'
2025-10-29 12:09:50.045 +01:00 [INF] Request finished HTTP/2 POST https://localhost:7025/StoryPlaying/PlayScene - 302 0 null 14.8344ms
2025-10-29 12:09:50.118 +01:00 [INF] Request starting HTTP/2 GET https://localhost:7025/StoryPlaying/FinishStory?sessionId=4 - null null
2025-10-29 12:09:50.143 +01:00 [INF] Executing endpoint 'Jam.Controllers.StoryPlayingController.FinishStory (Jam)'
2025-10-29 12:09:50.143 +01:00 [INF] Route matched with {action = "FinishStory", controller = "StoryPlaying"}. Executing controller action with signature System.Threading.Tasks.Task`1[Microsoft.AspNetCore.Mvc.IActionResult] FinishStory(Int32) on controller Jam.Controllers.StoryPlayingController (Jam).
2025-10-29 12:09:50.148 +01:00 [INF] Executing ViewResult, running view FinishStory.
2025-10-29 12:09:50.150 +01:00 [INF] Executed ViewResult - view FinishStory executed in 1.8158ms.
2025-10-29 12:09:50.150 +01:00 [INF] Executed action Jam.Controllers.StoryPlayingController.FinishStory (Jam) in 6.3429ms
2025-10-29 12:09:50.150 +01:00 [INF] Executed endpoint 'Jam.Controllers.StoryPlayingController.FinishStory (Jam)'
2025-10-29 12:09:50.150 +01:00 [INF] Request finished HTTP/2 GET https://localhost:7025/StoryPlaying/FinishStory?sessionId=4 - 200 null text/html; charset=utf-8 77.7352ms
2025-10-29 12:09:51.302 +01:00 [INF] Request starting HTTP/2 POST https://localhost:7025/StoryPlaying/FinishStory - application/x-www-form-urlencoded 182
2025-10-29 12:09:51.303 +01:00 [INF] Executing endpoint 'Jam.Controllers.StoryPlayingController.FinishStory (Jam)'
2025-10-29 12:09:51.303 +01:00 [INF] Route matched with {action = "FinishStory", controller = "StoryPlaying"}. Executing controller action with signature Microsoft.AspNetCore.Mvc.IActionResult FinishStory() on controller Jam.Controllers.StoryPlayingController (Jam).
2025-10-29 12:09:51.304 +01:00 [INF] Executing RedirectResult, redirecting to /.
2025-10-29 12:09:51.304 +01:00 [INF] Executed action Jam.Controllers.StoryPlayingController.FinishStory (Jam) in 0.7967ms
2025-10-29 12:09:51.304 +01:00 [INF] Executed endpoint 'Jam.Controllers.StoryPlayingController.FinishStory (Jam)'
2025-10-29 12:09:51.305 +01:00 [INF] Request finished HTTP/2 POST https://localhost:7025/StoryPlaying/FinishStory - 302 0 null 2.9955ms
2025-10-29 12:09:51.310 +01:00 [INF] Request starting HTTP/2 GET https://localhost:7025/ - null null
2025-10-29 12:09:51.310 +01:00 [INF] Executing endpoint 'Jam.Controllers.HomeController.Index (Jam)'
2025-10-29 12:09:51.310 +01:00 [INF] Route matched with {action = "Index", controller = "Home"}. Executing controller action with signature System.Threading.Tasks.Task`1[Microsoft.AspNetCore.Mvc.IActionResult] Index() on controller Jam.Controllers.HomeController (Jam).
2025-10-29 12:09:51.320 +01:00 [INF] Executing ViewResult, running view Index.
2025-10-29 12:09:51.371 +01:00 [INF] Executed ViewResult - view Index executed in 51.3439ms.
2025-10-29 12:09:51.397 +01:00 [INF] Executed action Jam.Controllers.HomeController.Index (Jam) in 62.0151ms
2025-10-29 12:09:51.397 +01:00 [INF] Executed endpoint 'Jam.Controllers.HomeController.Index (Jam)'
2025-10-29 12:09:51.397 +01:00 [INF] Request finished HTTP/2 GET https://localhost:7025/ - 200 null text/html; charset=utf-8 87.7645ms
