2025-11-07 20:55:10.308 +01:00 [INF] User profile is available. Using '/Users/jaraazad/.aspnet/DataProtection-Keys' as key repository; keys will not be encrypted at rest.
2025-11-07 20:55:10.829 +01:00 [INF] Applying migration '20251024065541_InitialCreate'.
2025-11-07 20:55:10.927 +01:00 [INF] Applying migration '20251101105657_AddIdentitySupport'.
2025-11-07 20:55:10.967 +01:00 [INF] Applying migration '20251103080324_UpdateNextQuestionSceneDeleteBehavior'.
2025-11-07 20:55:11.939 +01:00 [INF] Now listening on: https://localhost:7025
2025-11-07 20:55:11.940 +01:00 [INF] Now listening on: http://localhost:5262
2025-11-07 20:55:11.944 +01:00 [INF] Application started. Press Ctrl+C to shut down.
2025-11-07 20:55:11.945 +01:00 [INF] Hosting environment: Development
2025-11-07 20:55:11.945 +01:00 [INF] Content root path: /Users/jaraazad/Desktop/Jam
2025-11-07 20:55:12.392 +01:00 [INF] Request starting HTTP/2 GET https://localhost:7025/ - null null
2025-11-07 20:55:12.425 +01:00 [INF] Executing endpoint 'Jam.Controllers.HomeController.Index (Jam)'
2025-11-07 20:55:12.436 +01:00 [INF] Route matched with {action = "Index", controller = "Home", page = "", area = ""}. Executing controller action with signature System.Threading.Tasks.Task`1[Microsoft.AspNetCore.Mvc.IActionResult] Index() on controller Jam.Controllers.HomeController (Jam).
2025-11-07 20:55:12.452 +01:00 [WRN] [HomeController -> Index] Auth cookie invalid or user no longer exists. Redirecting to login.
2025-11-07 20:55:12.455 +01:00 [INF] AuthenticationScheme: Identity.Application signed out.
2025-11-07 20:55:12.457 +01:00 [INF] AuthenticationScheme: Identity.External signed out.
2025-11-07 20:55:12.457 +01:00 [INF] AuthenticationScheme: Identity.TwoFactorUserId signed out.
2025-11-07 20:55:12.458 +01:00 [INF] Executing LocalRedirectResult, redirecting to /Identity/Account/Login.
2025-11-07 20:55:12.461 +01:00 [INF] Executed action Jam.Controllers.HomeController.Index (Jam) in 23.1336ms
2025-11-07 20:55:12.462 +01:00 [INF] Executed endpoint 'Jam.Controllers.HomeController.Index (Jam)'
2025-11-07 20:55:12.466 +01:00 [INF] Request finished HTTP/2 GET https://localhost:7025/ - 302 0 null 74.9225ms
2025-11-07 20:55:12.529 +01:00 [INF] Request starting HTTP/2 GET https://localhost:7025/Identity/Account/Login - null null
2025-11-07 20:55:12.553 +01:00 [INF] Executing endpoint '/Account/Login'
2025-11-07 20:55:12.573 +01:00 [INF] Route matched with {page = "/Account/Login", area = "Identity", action = "", controller = ""}. Executing page /Account/Login
2025-11-07 20:55:12.581 +01:00 [INF] Executing handler method Jam.Areas.Identity.Pages.Account.LoginModel.OnGetAsync - ModelState is "Valid"
2025-11-07 20:55:12.582 +01:00 [INF] AuthenticationScheme: Identity.External signed out.
2025-11-07 20:55:12.583 +01:00 [INF] Executed handler method OnGetAsync, returned result .
2025-11-07 20:55:12.585 +01:00 [INF] Executing an implicit handler method - ModelState is "Valid"
2025-11-07 20:55:12.585 +01:00 [INF] Executed an implicit handler method, returned result Microsoft.AspNetCore.Mvc.RazorPages.PageResult.
2025-11-07 20:55:12.731 +01:00 [INF] Executed page /Account/Login in 157.8287ms
2025-11-07 20:55:12.731 +01:00 [INF] Executed endpoint '/Account/Login'
2025-11-07 20:55:12.735 +01:00 [INF] Request finished HTTP/2 GET https://localhost:7025/Identity/Account/Login - 200 null text/html; charset=utf-8 206.1774ms
2025-11-07 20:55:12.761 +01:00 [INF] Request starting HTTP/2 GET https://localhost:7025/lib/jquery-validation/dist/jquery.validate.min.js - null null
2025-11-07 20:55:12.764 +01:00 [INF] Request starting HTTP/2 GET https://localhost:7025/lib/jquery-validation-unobtrusive/jquery.validate.unobtrusive.min.js - null null
2025-11-07 20:55:12.771 +01:00 [INF] Request finished HTTP/2 GET https://localhost:7025/lib/jquery-validation/dist/jquery.validate.min.js - 404 0 null 14.5024ms
2025-11-07 20:55:12.771 +01:00 [INF] Request finished HTTP/2 GET https://localhost:7025/lib/jquery-validation-unobtrusive/jquery.validate.unobtrusive.min.js - 404 0 null 6.775ms
2025-11-07 20:55:12.773 +01:00 [INF] Request reached the end of the middleware pipeline without being handled by application code. Request path: GET https://localhost:7025/lib/jquery-validation/dist/jquery.validate.min.js, Response status code: 404
2025-11-07 20:55:12.773 +01:00 [INF] Request reached the end of the middleware pipeline without being handled by application code. Request path: GET https://localhost:7025/lib/jquery-validation-unobtrusive/jquery.validate.unobtrusive.min.js, Response status code: 404
2025-11-07 20:55:13.654 +01:00 [INF] Request starting HTTP/2 POST https://localhost:7025/Identity/Account/Login - application/x-www-form-urlencoded 236
2025-11-07 20:55:13.707 +01:00 [INF] Executing endpoint '/Account/Login'
2025-11-07 20:55:13.708 +01:00 [INF] Route matched with {page = "/Account/Login", area = "Identity", action = "", controller = ""}. Executing page /Account/Login
2025-11-07 20:55:13.724 +01:00 [INF] Executing handler method Jam.Areas.Identity.Pages.Account.LoginModel.OnPostAsync - ModelState is "Valid"
2025-11-07 20:55:13.855 +01:00 [INF] AuthenticationScheme: Identity.Application signed in.
2025-11-07 20:55:13.855 +01:00 [INF] User logged in.
2025-11-07 20:55:13.856 +01:00 [INF] Executed handler method OnPostAsync, returned result Microsoft.AspNetCore.Mvc.LocalRedirectResult.
2025-11-07 20:55:13.856 +01:00 [INF] Executing LocalRedirectResult, redirecting to /.
2025-11-07 20:55:13.856 +01:00 [INF] Executed page /Account/Login in 147.9861ms
2025-11-07 20:55:13.856 +01:00 [INF] Executed endpoint '/Account/Login'
2025-11-07 20:55:13.856 +01:00 [INF] Request finished HTTP/2 POST https://localhost:7025/Identity/Account/Login - 302 0 null 202.7613ms
2025-11-07 20:55:13.859 +01:00 [INF] Request starting HTTP/2 GET https://localhost:7025/ - null null
2025-11-07 20:55:13.911 +01:00 [INF] Executing endpoint 'Jam.Controllers.HomeController.Index (Jam)'
2025-11-07 20:55:13.911 +01:00 [INF] Route matched with {action = "Index", controller = "Home", page = "", area = ""}. Executing controller action with signature System.Threading.Tasks.Task`1[Microsoft.AspNetCore.Mvc.IActionResult] Index() on controller Jam.Controllers.HomeController (Jam).
2025-11-07 20:55:13.965 +01:00 [INF] Executing ViewResult, running view Index.
2025-11-07 20:55:13.980 +01:00 [INF] Executed ViewResult - view Index executed in 16.3604ms.
2025-11-07 20:55:14.007 +01:00 [INF] Executed action Jam.Controllers.HomeController.Index (Jam) in 95.9479ms
2025-11-07 20:55:14.007 +01:00 [INF] Executed endpoint 'Jam.Controllers.HomeController.Index (Jam)'
2025-11-07 20:55:14.007 +01:00 [INF] Request finished HTTP/2 GET https://localhost:7025/ - 200 null text/html; charset=utf-8 148.3332ms
2025-11-07 20:55:15.766 +01:00 [INF] Request starting HTTP/2 GET https://localhost:7025/StoryEditing/EditStory?storyId=1 - null null
2025-11-07 20:55:15.774 +01:00 [INF] Executing endpoint 'Jam.Controllers.StoryEditingController.EditStory (Jam)'
2025-11-07 20:55:15.778 +01:00 [INF] Route matched with {action = "EditStory", controller = "StoryEditing", page = "", area = ""}. Executing controller action with signature System.Threading.Tasks.Task`1[Microsoft.AspNetCore.Mvc.IActionResult] EditStory(Int32) on controller Jam.Controllers.StoryEditingController (Jam).
2025-11-07 20:55:15.793 +01:00 [INF] Executing ViewResult, running view EditStory.
2025-11-07 20:55:15.878 +01:00 [INF] Executed ViewResult - view EditStory executed in 86.0924ms.
2025-11-07 20:55:15.980 +01:00 [INF] Executed action Jam.Controllers.StoryEditingController.EditStory (Jam) in 202.1216ms
2025-11-07 20:55:15.980 +01:00 [INF] Executed endpoint 'Jam.Controllers.StoryEditingController.EditStory (Jam)'
2025-11-07 20:55:15.980 +01:00 [INF] Request finished HTTP/2 GET https://localhost:7025/StoryEditing/EditStory?storyId=1 - 200 null text/html; charset=utf-8 214.6066ms
2025-11-07 20:55:16.639 +01:00 [INF] Request starting HTTP/2 GET https://localhost:7025/StoryEditing/EditQuestionScenes?storyId=1 - null null
2025-11-07 20:55:16.648 +01:00 [INF] Executing endpoint 'Jam.Controllers.StoryEditingController.EditQuestionScenes (Jam)'
2025-11-07 20:55:16.651 +01:00 [INF] Route matched with {action = "EditQuestionScenes", controller = "StoryEditing", page = "", area = ""}. Executing controller action with signature System.Threading.Tasks.Task`1[Microsoft.AspNetCore.Mvc.IActionResult] EditQuestionScenes(Int32) on controller Jam.Controllers.StoryEditingController (Jam).
2025-11-07 20:55:16.749 +01:00 [INF] Executing ViewResult, running view EditQuestionScenes.
2025-11-07 20:55:16.844 +01:00 [INF] Executed ViewResult - view EditQuestionScenes executed in 95.8874ms.
2025-11-07 20:55:16.856 +01:00 [INF] Executed action Jam.Controllers.StoryEditingController.EditQuestionScenes (Jam) in 204.6956ms
2025-11-07 20:55:16.857 +01:00 [INF] Executed endpoint 'Jam.Controllers.StoryEditingController.EditQuestionScenes (Jam)'
2025-11-07 20:55:16.858 +01:00 [INF] Request finished HTTP/2 GET https://localhost:7025/StoryEditing/EditQuestionScenes?storyId=1 - 200 null text/html; charset=utf-8 220.0432ms
2025-11-07 20:55:19.510 +01:00 [INF] Request starting HTTP/2 POST https://localhost:7025/StoryEditing/EditQuestionScenes - application/x-www-form-urlencoded 5181
2025-11-07 20:55:19.607 +01:00 [INF] Executing endpoint 'Jam.Controllers.StoryEditingController.EditQuestionScenes (Jam)'
2025-11-07 20:55:19.623 +01:00 [INF] Route matched with {action = "EditQuestionScenes", controller = "StoryEditing", page = "", area = ""}. Executing controller action with signature System.Threading.Tasks.Task`1[Microsoft.AspNetCore.Mvc.IActionResult] EditQuestionScenes(Int32, System.Collections.Generic.List`1[Jam.ViewModels.QuestionSceneBaseViewModel], System.String) on controller Jam.Controllers.StoryEditingController (Jam).
2025-11-07 20:55:19.650 +01:00 [INF] Executing RedirectResult, redirecting to /StoryEditing/EditQuestionScenes?storyId=1.
2025-11-07 20:55:19.650 +01:00 [INF] Executed action Jam.Controllers.StoryEditingController.EditQuestionScenes (Jam) in 27.1307ms
2025-11-07 20:55:19.650 +01:00 [INF] Executed endpoint 'Jam.Controllers.StoryEditingController.EditQuestionScenes (Jam)'
2025-11-07 20:55:19.650 +01:00 [INF] Request finished HTTP/2 POST https://localhost:7025/StoryEditing/EditQuestionScenes - 302 0 null 140.8623ms
2025-11-07 20:55:19.702 +01:00 [INF] Request starting HTTP/2 GET https://localhost:7025/StoryEditing/EditQuestionScenes?storyId=1 - null null
2025-11-07 20:55:19.703 +01:00 [INF] Executing endpoint 'Jam.Controllers.StoryEditingController.EditQuestionScenes (Jam)'
2025-11-07 20:55:19.703 +01:00 [INF] Route matched with {action = "EditQuestionScenes", controller = "StoryEditing", page = "", area = ""}. Executing controller action with signature System.Threading.Tasks.Task`1[Microsoft.AspNetCore.Mvc.IActionResult] EditQuestionScenes(Int32) on controller Jam.Controllers.StoryEditingController (Jam).
2025-11-07 20:55:19.715 +01:00 [INF] Executing ViewResult, running view EditQuestionScenes.
2025-11-07 20:55:19.840 +01:00 [INF] Executed ViewResult - view EditQuestionScenes executed in 124.7525ms.
2025-11-07 20:55:19.840 +01:00 [INF] Executed action Jam.Controllers.StoryEditingController.EditQuestionScenes (Jam) in 137.1869ms
2025-11-07 20:55:19.840 +01:00 [INF] Executed endpoint 'Jam.Controllers.StoryEditingController.EditQuestionScenes (Jam)'
2025-11-07 20:55:19.841 +01:00 [INF] Request finished HTTP/2 GET https://localhost:7025/StoryEditing/EditQuestionScenes?storyId=1 - 200 null text/html; charset=utf-8 138.743ms
2025-11-07 20:55:22.646 +01:00 [INF] Request starting HTTP/2 GET https://localhost:7025/ - null null
2025-11-07 20:55:22.670 +01:00 [INF] Executing endpoint 'Jam.Controllers.HomeController.Index (Jam)'
2025-11-07 20:55:22.670 +01:00 [INF] Route matched with {action = "Index", controller = "Home", page = "", area = ""}. Executing controller action with signature System.Threading.Tasks.Task`1[Microsoft.AspNetCore.Mvc.IActionResult] Index() on controller Jam.Controllers.HomeController (Jam).
2025-11-07 20:55:22.688 +01:00 [INF] Executing ViewResult, running view Index.
2025-11-07 20:55:22.718 +01:00 [INF] Executed ViewResult - view Index executed in 29.8644ms.
2025-11-07 20:55:22.718 +01:00 [INF] Executed action Jam.Controllers.HomeController.Index (Jam) in 48.0531ms
2025-11-07 20:55:22.718 +01:00 [INF] Executed endpoint 'Jam.Controllers.HomeController.Index (Jam)'
2025-11-07 20:55:22.720 +01:00 [INF] Request finished HTTP/2 GET https://localhost:7025/ - 200 null text/html; charset=utf-8 74.5337ms
2025-11-07 20:55:24.364 +01:00 [INF] Request starting HTTP/2 GET https://localhost:7025/StoryEditing/EditStory?storyId=1 - null null
2025-11-07 20:55:24.366 +01:00 [INF] Executing endpoint 'Jam.Controllers.StoryEditingController.EditStory (Jam)'
2025-11-07 20:55:24.366 +01:00 [INF] Route matched with {action = "EditStory", controller = "StoryEditing", page = "", area = ""}. Executing controller action with signature System.Threading.Tasks.Task`1[Microsoft.AspNetCore.Mvc.IActionResult] EditStory(Int32) on controller Jam.Controllers.StoryEditingController (Jam).
2025-11-07 20:55:24.372 +01:00 [INF] Executing ViewResult, running view EditStory.
2025-11-07 20:55:24.425 +01:00 [INF] Executed ViewResult - view EditStory executed in 53.5238ms.
2025-11-07 20:55:24.448 +01:00 [INF] Executed action Jam.Controllers.StoryEditingController.EditStory (Jam) in 81.3796ms
2025-11-07 20:55:24.448 +01:00 [INF] Executed endpoint 'Jam.Controllers.StoryEditingController.EditStory (Jam)'
2025-11-07 20:55:24.448 +01:00 [INF] Request finished HTTP/2 GET https://localhost:7025/StoryEditing/EditStory?storyId=1 - 200 null text/html; charset=utf-8 85.0333ms
2025-11-07 20:55:25.269 +01:00 [INF] Request starting HTTP/2 GET https://localhost:7025/StoryEditing/EditQuestionScenes?storyId=1 - null null
2025-11-07 20:55:25.272 +01:00 [INF] Executing endpoint 'Jam.Controllers.StoryEditingController.EditQuestionScenes (Jam)'
2025-11-07 20:55:25.272 +01:00 [INF] Route matched with {action = "EditQuestionScenes", controller = "StoryEditing", page = "", area = ""}. Executing controller action with signature System.Threading.Tasks.Task`1[Microsoft.AspNetCore.Mvc.IActionResult] EditQuestionScenes(Int32) on controller Jam.Controllers.StoryEditingController (Jam).
2025-11-07 20:55:25.283 +01:00 [INF] Executing ViewResult, running view EditQuestionScenes.
2025-11-07 20:55:25.474 +01:00 [INF] Executed ViewResult - view EditQuestionScenes executed in 191.6969ms.
2025-11-07 20:55:25.475 +01:00 [INF] Executed action Jam.Controllers.StoryEditingController.EditQuestionScenes (Jam) in 202.6987ms
2025-11-07 20:55:25.475 +01:00 [INF] Executed endpoint 'Jam.Controllers.StoryEditingController.EditQuestionScenes (Jam)'
2025-11-07 20:55:25.475 +01:00 [INF] Request finished HTTP/2 GET https://localhost:7025/StoryEditing/EditQuestionScenes?storyId=1 - 200 null text/html; charset=utf-8 206.0507ms
2025-11-07 20:55:28.785 +01:00 [INF] Request starting HTTP/2 GET https://localhost:7025/StoryEditing/EditStory?storyId=1 - null null
2025-11-07 20:55:28.787 +01:00 [INF] Executing endpoint 'Jam.Controllers.StoryEditingController.EditStory (Jam)'
2025-11-07 20:55:28.787 +01:00 [INF] Route matched with {action = "EditStory", controller = "StoryEditing", page = "", area = ""}. Executing controller action with signature System.Threading.Tasks.Task`1[Microsoft.AspNetCore.Mvc.IActionResult] EditStory(Int32) on controller Jam.Controllers.StoryEditingController (Jam).
2025-11-07 20:55:28.791 +01:00 [INF] Executing ViewResult, running view EditStory.
2025-11-07 20:55:28.843 +01:00 [INF] Executed ViewResult - view EditStory executed in 51.9427ms.
2025-11-07 20:55:28.868 +01:00 [INF] Executed action Jam.Controllers.StoryEditingController.EditStory (Jam) in 80.4899ms
2025-11-07 20:55:28.890 +01:00 [INF] Executed endpoint 'Jam.Controllers.StoryEditingController.EditStory (Jam)'
2025-11-07 20:55:28.891 +01:00 [INF] Request finished HTTP/2 GET https://localhost:7025/StoryEditing/EditStory?storyId=1 - 200 null text/html; charset=utf-8 106.0963ms
2025-11-07 20:55:29.760 +01:00 [INF] Request starting HTTP/2 GET https://localhost:7025/StoryEditing/EditQuestionScenes?storyId=1 - null null
2025-11-07 20:55:29.762 +01:00 [INF] Executing endpoint 'Jam.Controllers.StoryEditingController.EditQuestionScenes (Jam)'
2025-11-07 20:55:29.762 +01:00 [INF] Route matched with {action = "EditQuestionScenes", controller = "StoryEditing", page = "", area = ""}. Executing controller action with signature System.Threading.Tasks.Task`1[Microsoft.AspNetCore.Mvc.IActionResult] EditQuestionScenes(Int32) on controller Jam.Controllers.StoryEditingController (Jam).
2025-11-07 20:55:29.769 +01:00 [INF] Executing ViewResult, running view EditQuestionScenes.
2025-11-07 20:55:29.915 +01:00 [INF] Executed ViewResult - view EditQuestionScenes executed in 145.7645ms.
2025-11-07 20:55:29.915 +01:00 [INF] Executed action Jam.Controllers.StoryEditingController.EditQuestionScenes (Jam) in 153.3877ms
2025-11-07 20:55:29.915 +01:00 [INF] Executed endpoint 'Jam.Controllers.StoryEditingController.EditQuestionScenes (Jam)'
2025-11-07 20:55:29.915 +01:00 [INF] Request finished HTTP/2 GET https://localhost:7025/StoryEditing/EditQuestionScenes?storyId=1 - 200 null text/html; charset=utf-8 156.0004ms
