2025-10-30 18:10:06.431 +01:00 [INF] Applying migration '20251024065541_InitialCreate'.
2025-10-30 18:10:07.134 +01:00 [INF] User profile is available. Using '/Users/michaelnedgaardisaksen/.aspnet/DataProtection-Keys' as key repository; keys will not be encrypted at rest.
2025-10-30 18:10:07.462 +01:00 [INF] Now listening on: https://localhost:7025
2025-10-30 18:10:07.463 +01:00 [INF] Now listening on: http://localhost:5262
2025-10-30 18:10:07.468 +01:00 [INF] Application started. Press Ctrl+C to shut down.
2025-10-30 18:10:07.469 +01:00 [INF] Hosting environment: Development
2025-10-30 18:10:07.470 +01:00 [INF] Content root path: /Users/michaelnedgaardisaksen/Documents/ITPE3100_Webapplikasjoner/Demo-Jam/Jam
2025-10-30 18:10:07.740 +01:00 [INF] Request starting HTTP/2 GET https://localhost:7025/ - null null
2025-10-30 18:10:07.764 +01:00 [INF] Executing endpoint 'Jam.Controllers.HomeController.Index (Jam)'
2025-10-30 18:10:07.777 +01:00 [INF] Route matched with {action = "Index", controller = "Home"}. Executing controller action with signature System.Threading.Tasks.Task`1[Microsoft.AspNetCore.Mvc.IActionResult] Index() on controller Jam.Controllers.HomeController (Jam).
2025-10-30 18:10:07.918 +01:00 [INF] Executing ViewResult, running view Index.
2025-10-30 18:10:07.972 +01:00 [INF] Executed ViewResult - view Index executed in 53.3944ms.
2025-10-30 18:10:07.976 +01:00 [INF] Executed action Jam.Controllers.HomeController.Index (Jam) in 197.8009ms
2025-10-30 18:10:07.976 +01:00 [INF] Executed endpoint 'Jam.Controllers.HomeController.Index (Jam)'
2025-10-30 18:10:07.984 +01:00 [INF] Request finished HTTP/2 GET https://localhost:7025/ - 200 null text/html; charset=utf-8 245.3483ms
2025-10-30 18:10:10.323 +01:00 [INF] Request starting HTTP/2 GET https://localhost:7025/StoryCreation/CreateStoryAndIntro - null null
2025-10-30 18:10:10.356 +01:00 [INF] Executing endpoint 'Jam.Controllers.StoryCreationController.CreateStoryAndIntro (Jam)'
2025-10-30 18:10:10.362 +01:00 [INF] Route matched with {action = "CreateStoryAndIntro", controller = "StoryCreation"}. Executing controller action with signature Microsoft.AspNetCore.Mvc.IActionResult CreateStoryAndIntro() on controller Jam.Controllers.StoryCreationController (Jam).
2025-10-30 18:10:10.369 +01:00 [INF] Executing ViewResult, running view CreateStoryAndIntro.
2025-10-30 18:10:10.407 +01:00 [INF] Executed ViewResult - view CreateStoryAndIntro executed in 38.2543ms.
2025-10-30 18:10:10.407 +01:00 [INF] Executed action Jam.Controllers.StoryCreationController.CreateStoryAndIntro (Jam) in 45.5284ms
2025-10-30 18:10:10.407 +01:00 [INF] Executed endpoint 'Jam.Controllers.StoryCreationController.CreateStoryAndIntro (Jam)'
2025-10-30 18:10:10.408 +01:00 [INF] Request finished HTTP/2 GET https://localhost:7025/StoryCreation/CreateStoryAndIntro - 200 null text/html; charset=utf-8 84.3722ms
2025-10-30 18:10:24.520 +01:00 [INF] Request starting HTTP/2 POST https://localhost:7025/StoryCreation/CreateStoryAndIntro - application/x-www-form-urlencoded 304
2025-10-30 18:10:24.571 +01:00 [INF] Executing endpoint 'Jam.Controllers.StoryCreationController.CreateStoryAndIntro (Jam)'
2025-10-30 18:10:24.590 +01:00 [INF] Route matched with {action = "CreateStoryAndIntro", controller = "StoryCreation"}. Executing controller action with signature System.Threading.Tasks.Task`1[Microsoft.AspNetCore.Mvc.IActionResult] CreateStoryAndIntro(Jam.ViewModels.StoryCreation.CreateStoryAndIntroViewModel) on controller Jam.Controllers.StoryCreationController (Jam).
2025-10-30 18:10:24.653 +01:00 [INF] Executing RedirectResult, redirecting to /StoryCreation/CreateQuestionScenes?storyId=4.
2025-10-30 18:10:24.653 +01:00 [INF] Executed action Jam.Controllers.StoryCreationController.CreateStoryAndIntro (Jam) in 62.5382ms
2025-10-30 18:10:24.653 +01:00 [INF] Executed endpoint 'Jam.Controllers.StoryCreationController.CreateStoryAndIntro (Jam)'
2025-10-30 18:10:24.653 +01:00 [INF] Request finished HTTP/2 POST https://localhost:7025/StoryCreation/CreateStoryAndIntro - 302 0 null 133.0515ms
2025-10-30 18:10:24.658 +01:00 [INF] Request starting HTTP/2 GET https://localhost:7025/StoryCreation/CreateQuestionScenes?storyId=4 - null null
2025-10-30 18:10:24.658 +01:00 [INF] Executing endpoint 'Jam.Controllers.StoryCreationController.CreateQuestionScenes (Jam)'
2025-10-30 18:10:24.659 +01:00 [INF] Route matched with {action = "CreateQuestionScenes", controller = "StoryCreation"}. Executing controller action with signature Microsoft.AspNetCore.Mvc.IActionResult CreateQuestionScenes(Int32, System.Nullable`1[System.Int32]) on controller Jam.Controllers.StoryCreationController (Jam).
2025-10-30 18:10:24.662 +01:00 [INF] Executing ViewResult, running view CreateQuestionScenes.
2025-10-30 18:10:24.849 +01:00 [INF] Executed ViewResult - view CreateQuestionScenes executed in 136.376ms.
2025-10-30 18:10:24.874 +01:00 [INF] Executed action Jam.Controllers.StoryCreationController.CreateQuestionScenes (Jam) in 214.9792ms
2025-10-30 18:10:24.905 +01:00 [INF] Executed endpoint 'Jam.Controllers.StoryCreationController.CreateQuestionScenes (Jam)'
2025-10-30 18:10:24.905 +01:00 [INF] Request finished HTTP/2 GET https://localhost:7025/StoryCreation/CreateQuestionScenes?storyId=4 - 200 null text/html; charset=utf-8 247.0801ms
2025-10-30 18:10:57.899 +01:00 [INF] Request starting HTTP/2 GET https://localhost:7025/StoryCreation/GetQuestionScenePartial?index=1 - null null
2025-10-30 18:10:57.901 +01:00 [INF] Executing endpoint 'Jam.Controllers.StoryCreationController.GetQuestionScenePartial (Jam)'
2025-10-30 18:10:57.903 +01:00 [INF] Route matched with {action = "GetQuestionScenePartial", controller = "StoryCreation"}. Executing controller action with signature Microsoft.AspNetCore.Mvc.IActionResult GetQuestionScenePartial(Int32) on controller Jam.Controllers.StoryCreationController (Jam).
2025-10-30 18:10:57.906 +01:00 [INF] Executing PartialViewResult, running view _QuestionScenePartial.
2025-10-30 18:10:57.964 +01:00 [INF] Executed PartialViewResult - view _QuestionScenePartial executed in 58.5607ms.
2025-10-30 18:10:57.964 +01:00 [INF] Executed action Jam.Controllers.StoryCreationController.GetQuestionScenePartial (Jam) in 60.6756ms
2025-10-30 18:10:57.964 +01:00 [INF] Executed endpoint 'Jam.Controllers.StoryCreationController.GetQuestionScenePartial (Jam)'
2025-10-30 18:10:57.964 +01:00 [INF] Request finished HTTP/2 GET https://localhost:7025/StoryCreation/GetQuestionScenePartial?index=1 - 200 null text/html; charset=utf-8 69.0849ms
2025-10-30 18:11:35.511 +01:00 [INF] Request starting HTTP/2 GET https://localhost:7025/StoryCreation/GetQuestionScenePartial?index=2 - null null
2025-10-30 18:11:35.515 +01:00 [INF] Executing endpoint 'Jam.Controllers.StoryCreationController.GetQuestionScenePartial (Jam)'
2025-10-30 18:11:35.517 +01:00 [INF] Route matched with {action = "GetQuestionScenePartial", controller = "StoryCreation"}. Executing controller action with signature Microsoft.AspNetCore.Mvc.IActionResult GetQuestionScenePartial(Int32) on controller Jam.Controllers.StoryCreationController (Jam).
2025-10-30 18:11:35.523 +01:00 [INF] Executing PartialViewResult, running view _QuestionScenePartial.
2025-10-30 18:11:35.684 +01:00 [INF] Executed PartialViewResult - view _QuestionScenePartial executed in 137.4431ms.
2025-10-30 18:11:35.712 +01:00 [INF] Executed action Jam.Controllers.StoryCreationController.GetQuestionScenePartial (Jam) in 195.2127ms
2025-10-30 18:11:35.712 +01:00 [INF] Executed endpoint 'Jam.Controllers.StoryCreationController.GetQuestionScenePartial (Jam)'
2025-10-30 18:11:35.713 +01:00 [INF] Request finished HTTP/2 GET https://localhost:7025/StoryCreation/GetQuestionScenePartial?index=2 - 200 null text/html; charset=utf-8 202.1219ms
2025-10-30 18:12:28.282 +01:00 [INF] Request starting HTTP/2 POST https://localhost:7025/StoryCreation/CreateQuestionScenes - application/x-www-form-urlencoded 1567
2025-10-30 18:12:28.358 +01:00 [INF] Executing endpoint 'Jam.Controllers.StoryCreationController.CreateQuestionScenes (Jam)'
2025-10-30 18:12:28.372 +01:00 [INF] Route matched with {action = "CreateQuestionScenes", controller = "StoryCreation"}. Executing controller action with signature System.Threading.Tasks.Task`1[Microsoft.AspNetCore.Mvc.IActionResult] CreateQuestionScenes(Jam.ViewModels.StoryCreation.CreateMultipleQuestionScenesViewModel) on controller Jam.Controllers.StoryCreationController (Jam).
2025-10-30 18:12:28.399 +01:00 [INF] Executing RedirectResult, redirecting to /StoryCreation/CreateEndings?storyId=4.
2025-10-30 18:12:28.399 +01:00 [INF] Executed action Jam.Controllers.StoryCreationController.CreateQuestionScenes (Jam) in 26.674ms
2025-10-30 18:12:28.399 +01:00 [INF] Executed endpoint 'Jam.Controllers.StoryCreationController.CreateQuestionScenes (Jam)'
2025-10-30 18:12:28.399 +01:00 [INF] Request finished HTTP/2 POST https://localhost:7025/StoryCreation/CreateQuestionScenes - 302 0 null 142.3424ms
2025-10-30 18:12:28.403 +01:00 [INF] Request starting HTTP/2 GET https://localhost:7025/StoryCreation/CreateEndings?storyId=4 - null null
2025-10-30 18:12:28.403 +01:00 [INF] Executing endpoint 'Jam.Controllers.StoryCreationController.CreateEndings (Jam)'
2025-10-30 18:12:28.404 +01:00 [INF] Route matched with {action = "CreateEndings", controller = "StoryCreation"}. Executing controller action with signature Microsoft.AspNetCore.Mvc.IActionResult CreateEndings(Int32) on controller Jam.Controllers.StoryCreationController (Jam).
2025-10-30 18:12:28.405 +01:00 [INF] Executing ViewResult, running view CreateEndings.
2025-10-30 18:12:28.414 +01:00 [INF] Executed ViewResult - view CreateEndings executed in 9.1606ms.
2025-10-30 18:12:28.414 +01:00 [INF] Executed action Jam.Controllers.StoryCreationController.CreateEndings (Jam) in 9.7224ms
2025-10-30 18:12:28.414 +01:00 [INF] Executed endpoint 'Jam.Controllers.StoryCreationController.CreateEndings (Jam)'
2025-10-30 18:12:28.414 +01:00 [INF] Request finished HTTP/2 GET https://localhost:7025/StoryCreation/CreateEndings?storyId=4 - 200 null text/html; charset=utf-8 10.9145ms
2025-10-30 18:12:37.006 +01:00 [INF] Request starting HTTP/2 POST https://localhost:7025/StoryCreation/CreateEndings - application/x-www-form-urlencoded 256
2025-10-30 18:12:37.008 +01:00 [INF] Executing endpoint 'Jam.Controllers.StoryCreationController.CreateEndings (Jam)'
2025-10-30 18:12:37.015 +01:00 [INF] Route matched with {action = "CreateEndings", controller = "StoryCreation"}. Executing controller action with signature System.Threading.Tasks.Task`1[Microsoft.AspNetCore.Mvc.IActionResult] CreateEndings(Jam.ViewModels.StoryCreation.CreateEndingsViewModel) on controller Jam.Controllers.StoryCreationController (Jam).
2025-10-30 18:12:37.028 +01:00 [INF] Executing RedirectResult, redirecting to /.
2025-10-30 18:12:37.028 +01:00 [INF] Executed action Jam.Controllers.StoryCreationController.CreateEndings (Jam) in 12.5022ms
2025-10-30 18:12:37.028 +01:00 [INF] Executed endpoint 'Jam.Controllers.StoryCreationController.CreateEndings (Jam)'
2025-10-30 18:12:37.028 +01:00 [INF] Request finished HTTP/2 POST https://localhost:7025/StoryCreation/CreateEndings - 302 0 null 44.6908ms
2025-10-30 18:12:37.081 +01:00 [INF] Request starting HTTP/2 GET https://localhost:7025/ - null null
2025-10-30 18:12:37.106 +01:00 [INF] Executing endpoint 'Jam.Controllers.HomeController.Index (Jam)'
2025-10-30 18:12:37.106 +01:00 [INF] Route matched with {action = "Index", controller = "Home"}. Executing controller action with signature System.Threading.Tasks.Task`1[Microsoft.AspNetCore.Mvc.IActionResult] Index() on controller Jam.Controllers.HomeController (Jam).
2025-10-30 18:12:37.116 +01:00 [INF] Executing ViewResult, running view Index.
2025-10-30 18:12:37.240 +01:00 [INF] Executed ViewResult - view Index executed in 123.6478ms.
2025-10-30 18:12:37.310 +01:00 [INF] Executed action Jam.Controllers.HomeController.Index (Jam) in 203.9242ms
2025-10-30 18:12:37.334 +01:00 [INF] Executed endpoint 'Jam.Controllers.HomeController.Index (Jam)'
2025-10-30 18:12:37.335 +01:00 [INF] Request finished HTTP/2 GET https://localhost:7025/ - 200 null text/html; charset=utf-8 254.5715ms
2025-10-30 18:13:16.684 +01:00 [INF] Request starting HTTP/2 GET https://localhost:7025/StoryPlaying/StartStory?storyId=4 - null null
2025-10-30 18:13:16.715 +01:00 [INF] Executing endpoint 'Jam.Controllers.StoryPlayingController.StartStory (Jam)'
2025-10-30 18:13:16.726 +01:00 [INF] Route matched with {action = "StartStory", controller = "StoryPlaying"}. Executing controller action with signature System.Threading.Tasks.Task`1[Microsoft.AspNetCore.Mvc.IActionResult] StartStory(Int32) on controller Jam.Controllers.StoryPlayingController (Jam).
2025-10-30 18:13:16.786 +01:00 [INF] Executing RedirectResult, redirecting to /StoryPlaying/PlayScene?sceneId=5&SceneType=Intro&sessionId=3.
2025-10-30 18:13:16.786 +01:00 [INF] Executed action Jam.Controllers.StoryPlayingController.StartStory (Jam) in 59.8288ms
2025-10-30 18:13:16.786 +01:00 [INF] Executed endpoint 'Jam.Controllers.StoryPlayingController.StartStory (Jam)'
2025-10-30 18:13:16.786 +01:00 [INF] Request finished HTTP/2 GET https://localhost:7025/StoryPlaying/StartStory?storyId=4 - 302 0 null 102.7032ms
2025-10-30 18:13:16.815 +01:00 [INF] Request starting HTTP/2 GET https://localhost:7025/StoryPlaying/PlayScene?sceneId=5&SceneType=Intro&sessionId=3 - null null
2025-10-30 18:13:16.816 +01:00 [INF] Executing endpoint 'Jam.Controllers.StoryPlayingController.PlayScene (Jam)'
2025-10-30 18:13:16.818 +01:00 [INF] Route matched with {action = "PlayScene", controller = "StoryPlaying"}. Executing controller action with signature System.Threading.Tasks.Task`1[Microsoft.AspNetCore.Mvc.IActionResult] PlayScene(Int32, Jam.Models.Enums.SceneType, Int32) on controller Jam.Controllers.StoryPlayingController (Jam).
2025-10-30 18:13:16.825 +01:00 [INF] Executing ViewResult, running view PlayScene.
2025-10-30 18:13:16.829 +01:00 [INF] Executed ViewResult - view PlayScene executed in 4.1563ms.
2025-10-30 18:13:16.829 +01:00 [INF] Executed action Jam.Controllers.StoryPlayingController.PlayScene (Jam) in 11.5539ms
2025-10-30 18:13:16.829 +01:00 [INF] Executed endpoint 'Jam.Controllers.StoryPlayingController.PlayScene (Jam)'
2025-10-30 18:13:16.829 +01:00 [INF] Request finished HTTP/2 GET https://localhost:7025/StoryPlaying/PlayScene?sceneId=5&SceneType=Intro&sessionId=3 - 200 null text/html; charset=utf-8 14.1784ms
2025-10-30 18:13:17.640 +01:00 [INF] Request starting HTTP/2 POST https://localhost:7025/StoryPlaying/PlayScene - application/x-www-form-urlencoded 204
2025-10-30 18:13:17.641 +01:00 [INF] Executing endpoint 'Jam.Controllers.StoryPlayingController.PlayScene (Jam)'
2025-10-30 18:13:17.659 +01:00 [INF] Route matched with {action = "PlayScene", controller = "StoryPlaying"}. Executing controller action with signature System.Threading.Tasks.Task`1[Microsoft.AspNetCore.Mvc.IActionResult] PlayScene(Jam.ViewModels.StoryPlaying.PlaySceneViewModel) on controller Jam.Controllers.StoryPlayingController (Jam).
2025-10-30 18:13:17.707 +01:00 [INF] Executing RedirectResult, redirecting to /StoryPlaying/PlayScene?sceneId=5&sceneType=Question&sessionId=3.
2025-10-30 18:13:17.707 +01:00 [INF] Executed action Jam.Controllers.StoryPlayingController.PlayScene (Jam) in 48.5806ms
2025-10-30 18:13:17.708 +01:00 [INF] Executed endpoint 'Jam.Controllers.StoryPlayingController.PlayScene (Jam)'
2025-10-30 18:13:17.708 +01:00 [INF] Request finished HTTP/2 POST https://localhost:7025/StoryPlaying/PlayScene - 302 0 null 67.8432ms
2025-10-30 18:13:17.710 +01:00 [INF] Request starting HTTP/2 GET https://localhost:7025/StoryPlaying/PlayScene?sceneId=5&sceneType=Question&sessionId=3 - null null
2025-10-30 18:13:17.711 +01:00 [INF] Executing endpoint 'Jam.Controllers.StoryPlayingController.PlayScene (Jam)'
2025-10-30 18:13:17.711 +01:00 [INF] Route matched with {action = "PlayScene", controller = "StoryPlaying"}. Executing controller action with signature System.Threading.Tasks.Task`1[Microsoft.AspNetCore.Mvc.IActionResult] PlayScene(Int32, Jam.Models.Enums.SceneType, Int32) on controller Jam.Controllers.StoryPlayingController (Jam).
2025-10-30 18:13:17.731 +01:00 [INF] Executing ViewResult, running view PlayScene.
2025-10-30 18:13:17.733 +01:00 [INF] Executed ViewResult - view PlayScene executed in 1.5397ms.
2025-10-30 18:13:17.733 +01:00 [INF] Executed action Jam.Controllers.StoryPlayingController.PlayScene (Jam) in 22.203ms
2025-10-30 18:13:17.733 +01:00 [INF] Executed endpoint 'Jam.Controllers.StoryPlayingController.PlayScene (Jam)'
2025-10-30 18:13:17.733 +01:00 [INF] Request finished HTTP/2 GET https://localhost:7025/StoryPlaying/PlayScene?sceneId=5&sceneType=Question&sessionId=3 - 200 null text/html; charset=utf-8 22.5218ms
2025-10-30 18:13:19.531 +01:00 [INF] Request starting HTTP/2 POST https://localhost:7025/StoryPlaying/PlayScene - application/x-www-form-urlencoded 243
2025-10-30 18:13:19.581 +01:00 [INF] Executing endpoint 'Jam.Controllers.StoryPlayingController.PlayScene (Jam)'
2025-10-30 18:13:19.581 +01:00 [INF] Route matched with {action = "PlayScene", controller = "StoryPlaying"}. Executing controller action with signature System.Threading.Tasks.Task`1[Microsoft.AspNetCore.Mvc.IActionResult] PlayScene(Jam.ViewModels.StoryPlaying.PlaySceneViewModel) on controller Jam.Controllers.StoryPlayingController (Jam).
2025-10-30 18:13:19.605 +01:00 [INF] Executing RedirectResult, redirecting to /StoryPlaying/AnswerFeedback.
2025-10-30 18:13:19.609 +01:00 [INF] Executed action Jam.Controllers.StoryPlayingController.PlayScene (Jam) in 28.1017ms
2025-10-30 18:13:19.609 +01:00 [INF] Executed endpoint 'Jam.Controllers.StoryPlayingController.PlayScene (Jam)'
2025-10-30 18:13:19.610 +01:00 [INF] Request finished HTTP/2 POST https://localhost:7025/StoryPlaying/PlayScene - 302 0 null 78.6177ms
2025-10-30 18:13:19.665 +01:00 [INF] Request starting HTTP/2 GET https://localhost:7025/StoryPlaying/AnswerFeedback - null null
2025-10-30 18:13:19.665 +01:00 [INF] Executing endpoint 'Jam.Controllers.StoryPlayingController.AnswerFeedback (Jam)'
2025-10-30 18:13:19.666 +01:00 [INF] Route matched with {action = "AnswerFeedback", controller = "StoryPlaying"}. Executing controller action with signature Microsoft.AspNetCore.Mvc.IActionResult AnswerFeedback() on controller Jam.Controllers.StoryPlayingController (Jam).
2025-10-30 18:13:19.668 +01:00 [INF] Executing ViewResult, running view AnswerFeedback.
2025-10-30 18:13:19.677 +01:00 [INF] Executed ViewResult - view AnswerFeedback executed in 9.7005ms.
2025-10-30 18:13:19.678 +01:00 [INF] Executed action Jam.Controllers.StoryPlayingController.AnswerFeedback (Jam) in 11.1843ms
2025-10-30 18:13:19.678 +01:00 [INF] Executed endpoint 'Jam.Controllers.StoryPlayingController.AnswerFeedback (Jam)'
2025-10-30 18:13:19.678 +01:00 [INF] Request finished HTTP/2 GET https://localhost:7025/StoryPlaying/AnswerFeedback - 200 null text/html; charset=utf-8 12.517ms
2025-10-30 18:13:20.862 +01:00 [INF] Request starting HTTP/2 POST https://localhost:7025/StoryPlaying/AnswerFeedback - application/x-www-form-urlencoded 260
2025-10-30 18:13:20.862 +01:00 [INF] Executing endpoint 'Jam.Controllers.StoryPlayingController.AnswerFeedback (Jam)'
2025-10-30 18:13:20.869 +01:00 [INF] Route matched with {action = "AnswerFeedback", controller = "StoryPlaying"}. Executing controller action with signature System.Threading.Tasks.Task`1[Microsoft.AspNetCore.Mvc.IActionResult] AnswerFeedback(Jam.ViewModels.StoryPlaying.AnswerFeedbackViewModel) on controller Jam.Controllers.StoryPlayingController (Jam).
2025-10-30 18:13:20.893 +01:00 [INF] Executing RedirectResult, redirecting to /StoryPlaying/PlayScene?sceneId=6&sceneType=Ending&sessionId=3.
2025-10-30 18:13:20.893 +01:00 [INF] Executed action Jam.Controllers.StoryPlayingController.AnswerFeedback (Jam) in 23.7261ms
2025-10-30 18:13:20.893 +01:00 [INF] Executed endpoint 'Jam.Controllers.StoryPlayingController.AnswerFeedback (Jam)'
2025-10-30 18:13:20.893 +01:00 [INF] Request finished HTTP/2 POST https://localhost:7025/StoryPlaying/AnswerFeedback - 302 0 null 31.5137ms
2025-10-30 18:13:20.924 +01:00 [INF] Request starting HTTP/2 GET https://localhost:7025/StoryPlaying/PlayScene?sceneId=6&sceneType=Ending&sessionId=3 - null null
2025-10-30 18:13:20.925 +01:00 [INF] Executing endpoint 'Jam.Controllers.StoryPlayingController.PlayScene (Jam)'
2025-10-30 18:13:20.925 +01:00 [INF] Route matched with {action = "PlayScene", controller = "StoryPlaying"}. Executing controller action with signature System.Threading.Tasks.Task`1[Microsoft.AspNetCore.Mvc.IActionResult] PlayScene(Int32, Jam.Models.Enums.SceneType, Int32) on controller Jam.Controllers.StoryPlayingController (Jam).
2025-10-30 18:13:20.932 +01:00 [INF] Executing ViewResult, running view PlayScene.
2025-10-30 18:13:20.934 +01:00 [INF] Executed ViewResult - view PlayScene executed in 2.0333ms.
2025-10-30 18:13:20.934 +01:00 [INF] Executed action Jam.Controllers.StoryPlayingController.PlayScene (Jam) in 9.4517ms
2025-10-30 18:13:20.934 +01:00 [INF] Executed endpoint 'Jam.Controllers.StoryPlayingController.PlayScene (Jam)'
2025-10-30 18:13:20.934 +01:00 [INF] Request finished HTTP/2 GET https://localhost:7025/StoryPlaying/PlayScene?sceneId=6&sceneType=Ending&sessionId=3 - 200 null text/html; charset=utf-8 10.2603ms
2025-10-30 18:13:22.066 +01:00 [INF] Request starting HTTP/2 POST https://localhost:7025/StoryPlaying/PlayScene - application/x-www-form-urlencoded 251
2025-10-30 18:13:22.067 +01:00 [INF] Executing endpoint 'Jam.Controllers.StoryPlayingController.PlayScene (Jam)'
2025-10-30 18:13:22.067 +01:00 [INF] Route matched with {action = "PlayScene", controller = "StoryPlaying"}. Executing controller action with signature System.Threading.Tasks.Task`1[Microsoft.AspNetCore.Mvc.IActionResult] PlayScene(Jam.ViewModels.StoryPlaying.PlaySceneViewModel) on controller Jam.Controllers.StoryPlayingController (Jam).
2025-10-30 18:13:22.096 +01:00 [INF] Executing RedirectResult, redirecting to /StoryPlaying/FinishStory?sessionId=3.
2025-10-30 18:13:22.096 +01:00 [INF] Executed action Jam.Controllers.StoryPlayingController.PlayScene (Jam) in 28.8302ms
2025-10-30 18:13:22.096 +01:00 [INF] Executed endpoint 'Jam.Controllers.StoryPlayingController.PlayScene (Jam)'
2025-10-30 18:13:22.096 +01:00 [INF] Request finished HTTP/2 POST https://localhost:7025/StoryPlaying/PlayScene - 302 0 null 55.5489ms
2025-10-30 18:13:22.123 +01:00 [INF] Request starting HTTP/2 GET https://localhost:7025/StoryPlaying/FinishStory?sessionId=3 - null null
2025-10-30 18:13:22.123 +01:00 [INF] Executing endpoint 'Jam.Controllers.StoryPlayingController.FinishStory (Jam)'
2025-10-30 18:13:22.126 +01:00 [INF] Route matched with {action = "FinishStory", controller = "StoryPlaying"}. Executing controller action with signature System.Threading.Tasks.Task`1[Microsoft.AspNetCore.Mvc.IActionResult] FinishStory(Int32) on controller Jam.Controllers.StoryPlayingController (Jam).
2025-10-30 18:13:22.132 +01:00 [INF] Executing ViewResult, running view FinishStory.
2025-10-30 18:13:22.135 +01:00 [INF] Executed ViewResult - view FinishStory executed in 3.5294ms.
2025-10-30 18:13:22.135 +01:00 [INF] Executed action Jam.Controllers.StoryPlayingController.FinishStory (Jam) in 8.8882ms
2025-10-30 18:13:22.135 +01:00 [INF] Executed endpoint 'Jam.Controllers.StoryPlayingController.FinishStory (Jam)'
2025-10-30 18:13:22.135 +01:00 [INF] Request finished HTTP/2 GET https://localhost:7025/StoryPlaying/FinishStory?sessionId=3 - 200 null text/html; charset=utf-8 12.3691ms
2025-10-30 18:13:24.892 +01:00 [INF] Request starting HTTP/2 POST https://localhost:7025/StoryPlaying/FinishStory - application/x-www-form-urlencoded 182
2025-10-30 18:13:24.919 +01:00 [INF] Executing endpoint 'Jam.Controllers.StoryPlayingController.FinishStory (Jam)'
2025-10-30 18:13:24.922 +01:00 [INF] Route matched with {action = "FinishStory", controller = "StoryPlaying"}. Executing controller action with signature Microsoft.AspNetCore.Mvc.IActionResult FinishStory() on controller Jam.Controllers.StoryPlayingController (Jam).
2025-10-30 18:13:24.923 +01:00 [INF] Executing RedirectResult, redirecting to /.
2025-10-30 18:13:24.923 +01:00 [INF] Executed action Jam.Controllers.StoryPlayingController.FinishStory (Jam) in 1.3132ms
2025-10-30 18:13:24.924 +01:00 [INF] Executed endpoint 'Jam.Controllers.StoryPlayingController.FinishStory (Jam)'
2025-10-30 18:13:24.924 +01:00 [INF] Request finished HTTP/2 POST https://localhost:7025/StoryPlaying/FinishStory - 302 0 null 31.6112ms
2025-10-30 18:13:24.928 +01:00 [INF] Request starting HTTP/2 GET https://localhost:7025/ - null null
2025-10-30 18:13:24.928 +01:00 [INF] Executing endpoint 'Jam.Controllers.HomeController.Index (Jam)'
2025-10-30 18:13:24.929 +01:00 [INF] Route matched with {action = "Index", controller = "Home"}. Executing controller action with signature System.Threading.Tasks.Task`1[Microsoft.AspNetCore.Mvc.IActionResult] Index() on controller Jam.Controllers.HomeController (Jam).
2025-10-30 18:13:24.937 +01:00 [INF] Executing ViewResult, running view Index.
2025-10-30 18:13:24.939 +01:00 [INF] Executed ViewResult - view Index executed in 2.0476ms.
2025-10-30 18:13:24.965 +01:00 [INF] Executed action Jam.Controllers.HomeController.Index (Jam) in 35.9158ms
2025-10-30 18:13:24.965 +01:00 [INF] Executed endpoint 'Jam.Controllers.HomeController.Index (Jam)'
2025-10-30 18:13:24.966 +01:00 [INF] Request finished HTTP/2 GET https://localhost:7025/ - 200 null text/html; charset=utf-8 37.6512ms
