2025-11-06 14:47:51.998 +01:00 [INF] User profile is available. Using '/Users/jaraazad/.aspnet/DataProtection-Keys' as key repository; keys will not be encrypted at rest.
2025-11-06 14:47:52.434 +01:00 [INF] Applying migration '20251024065541_InitialCreate'.
2025-11-06 14:47:52.587 +01:00 [INF] Applying migration '20251101105657_AddIdentitySupport'.
2025-11-06 14:47:52.667 +01:00 [INF] Applying migration '20251103080324_UpdateNextQuestionSceneDeleteBehavior'.
2025-11-06 14:47:53.765 +01:00 [INF] Now listening on: https://localhost:7025
2025-11-06 14:47:53.765 +01:00 [INF] Now listening on: http://localhost:5262
2025-11-06 14:47:53.771 +01:00 [INF] Application started. Press Ctrl+C to shut down.
2025-11-06 14:47:53.772 +01:00 [INF] Hosting environment: Development
2025-11-06 14:47:53.772 +01:00 [INF] Content root path: /Users/jaraazad/Desktop/Jam
2025-11-06 14:47:54.254 +01:00 [INF] Request starting HTTP/2 GET https://localhost:7025/ - null null
2025-11-06 14:47:54.292 +01:00 [INF] Executing endpoint 'Jam.Controllers.HomeController.Index (Jam)'
2025-11-06 14:47:54.301 +01:00 [INF] Route matched with {action = "Index", controller = "Home", page = "", area = ""}. Executing controller action with signature System.Threading.Tasks.Task`1[Microsoft.AspNetCore.Mvc.IActionResult] Index() on controller Jam.Controllers.HomeController (Jam).
2025-11-06 14:47:54.315 +01:00 [WRN] [HomeController -> Index] Auth cookie invalid or user no longer exists. Redirecting to login.
2025-11-06 14:47:54.318 +01:00 [INF] AuthenticationScheme: Identity.Application signed out.
2025-11-06 14:47:54.320 +01:00 [INF] AuthenticationScheme: Identity.External signed out.
2025-11-06 14:47:54.320 +01:00 [INF] AuthenticationScheme: Identity.TwoFactorUserId signed out.
2025-11-06 14:47:54.321 +01:00 [INF] Executing LocalRedirectResult, redirecting to /Identity/Account/Login.
2025-11-06 14:47:54.324 +01:00 [INF] Executed action Jam.Controllers.HomeController.Index (Jam) in 21.0209ms
2025-11-06 14:47:54.324 +01:00 [INF] Executed endpoint 'Jam.Controllers.HomeController.Index (Jam)'
2025-11-06 14:47:54.333 +01:00 [INF] Request finished HTTP/2 GET https://localhost:7025/ - 302 0 null 79.962ms
2025-11-06 14:47:54.348 +01:00 [INF] Request starting HTTP/2 GET https://localhost:7025/Identity/Account/Login - null null
2025-11-06 14:47:54.351 +01:00 [INF] Executing endpoint '/Account/Login'
2025-11-06 14:47:54.363 +01:00 [INF] Route matched with {page = "/Account/Login", area = "Identity", action = "", controller = ""}. Executing page /Account/Login
2025-11-06 14:47:54.374 +01:00 [INF] Executing handler method Jam.Areas.Identity.Pages.Account.LoginModel.OnGetAsync - ModelState is "Valid"
2025-11-06 14:47:54.376 +01:00 [INF] AuthenticationScheme: Identity.External signed out.
2025-11-06 14:47:54.377 +01:00 [INF] Executed handler method OnGetAsync, returned result .
2025-11-06 14:47:54.380 +01:00 [INF] Executing an implicit handler method - ModelState is "Valid"
2025-11-06 14:47:54.380 +01:00 [INF] Executed an implicit handler method, returned result Microsoft.AspNetCore.Mvc.RazorPages.PageResult.
2025-11-06 14:47:54.468 +01:00 [INF] Executed page /Account/Login in 104.7339ms
2025-11-06 14:47:54.469 +01:00 [INF] Executed endpoint '/Account/Login'
2025-11-06 14:47:54.472 +01:00 [INF] Request finished HTTP/2 GET https://localhost:7025/Identity/Account/Login - 200 null text/html; charset=utf-8 123.3939ms
2025-11-06 14:47:54.539 +01:00 [INF] Request starting HTTP/2 GET https://localhost:7025/lib/jquery-validation/dist/jquery.validate.min.js - null null
2025-11-06 14:47:54.544 +01:00 [INF] Request starting HTTP/2 GET https://localhost:7025/lib/jquery-validation-unobtrusive/jquery.validate.unobtrusive.min.js - null null
2025-11-06 14:47:54.557 +01:00 [INF] Request finished HTTP/2 GET https://localhost:7025/lib/jquery-validation-unobtrusive/jquery.validate.unobtrusive.min.js - 404 0 null 12.1485ms
2025-11-06 14:47:54.558 +01:00 [INF] Request finished HTTP/2 GET https://localhost:7025/lib/jquery-validation/dist/jquery.validate.min.js - 404 0 null 17.5512ms
2025-11-06 14:47:54.561 +01:00 [INF] Request reached the end of the middleware pipeline without being handled by application code. Request path: GET https://localhost:7025/lib/jquery-validation-unobtrusive/jquery.validate.unobtrusive.min.js, Response status code: 404
2025-11-06 14:47:54.561 +01:00 [INF] Request reached the end of the middleware pipeline without being handled by application code. Request path: GET https://localhost:7025/lib/jquery-validation/dist/jquery.validate.min.js, Response status code: 404
2025-11-06 14:47:55.419 +01:00 [INF] Request starting HTTP/2 POST https://localhost:7025/Identity/Account/Login - application/x-www-form-urlencoded 236
2025-11-06 14:47:55.430 +01:00 [INF] Executing endpoint '/Account/Login'
2025-11-06 14:47:55.431 +01:00 [INF] Route matched with {page = "/Account/Login", area = "Identity", action = "", controller = ""}. Executing page /Account/Login
2025-11-06 14:47:55.455 +01:00 [INF] Executing handler method Jam.Areas.Identity.Pages.Account.LoginModel.OnPostAsync - ModelState is "Valid"
2025-11-06 14:47:55.613 +01:00 [INF] AuthenticationScheme: Identity.Application signed in.
2025-11-06 14:47:55.614 +01:00 [INF] User logged in.
2025-11-06 14:47:55.614 +01:00 [INF] Executed handler method OnPostAsync, returned result Microsoft.AspNetCore.Mvc.LocalRedirectResult.
2025-11-06 14:47:55.614 +01:00 [INF] Executing LocalRedirectResult, redirecting to /.
2025-11-06 14:47:55.615 +01:00 [INF] Executed page /Account/Login in 183.9352ms
2025-11-06 14:47:55.615 +01:00 [INF] Executed endpoint '/Account/Login'
2025-11-06 14:47:55.615 +01:00 [INF] Request finished HTTP/2 POST https://localhost:7025/Identity/Account/Login - 302 0 null 220.7132ms
2025-11-06 14:47:55.643 +01:00 [INF] Request starting HTTP/2 GET https://localhost:7025/ - null null
2025-11-06 14:47:55.667 +01:00 [INF] Executing endpoint 'Jam.Controllers.HomeController.Index (Jam)'
2025-11-06 14:47:55.667 +01:00 [INF] Route matched with {action = "Index", controller = "Home", page = "", area = ""}. Executing controller action with signature System.Threading.Tasks.Task`1[Microsoft.AspNetCore.Mvc.IActionResult] Index() on controller Jam.Controllers.HomeController (Jam).
2025-11-06 14:47:55.703 +01:00 [INF] Executing ViewResult, running view Index.
2025-11-06 14:47:55.720 +01:00 [INF] Executed ViewResult - view Index executed in 17.5274ms.
2025-11-06 14:47:55.750 +01:00 [INF] Executed action Jam.Controllers.HomeController.Index (Jam) in 83.0945ms
2025-11-06 14:47:55.751 +01:00 [INF] Executed endpoint 'Jam.Controllers.HomeController.Index (Jam)'
2025-11-06 14:47:55.754 +01:00 [INF] Request finished HTTP/2 GET https://localhost:7025/ - 200 null text/html; charset=utf-8 110.6712ms
2025-11-06 14:47:56.307 +01:00 [INF] Request starting HTTP/2 GET https://localhost:7025/StoryCreation/CreateStoryAndIntro - null null
2025-11-06 14:47:56.309 +01:00 [INF] Executing endpoint 'Jam.Controllers.StoryCreationController.CreateStoryAndIntro (Jam)'
2025-11-06 14:47:56.310 +01:00 [INF] Route matched with {action = "CreateStoryAndIntro", controller = "StoryCreation", page = "", area = ""}. Executing controller action with signature Microsoft.AspNetCore.Mvc.IActionResult CreateStoryAndIntro() on controller Jam.Controllers.StoryCreationController (Jam).
2025-11-06 14:47:56.312 +01:00 [INF] Accessing expired session, Key:2d0cc344-df3d-072e-4af7-3508e4f5cd8c
2025-11-06 14:47:56.316 +01:00 [INF] Executing ViewResult, running view CreateStoryAndIntro.
2025-11-06 14:47:56.380 +01:00 [INF] Executed ViewResult - view CreateStoryAndIntro executed in 65.1494ms.
2025-11-06 14:47:56.407 +01:00 [INF] Executed action Jam.Controllers.StoryCreationController.CreateStoryAndIntro (Jam) in 97.0196ms
2025-11-06 14:47:56.407 +01:00 [INF] Executed endpoint 'Jam.Controllers.StoryCreationController.CreateStoryAndIntro (Jam)'
2025-11-06 14:47:56.408 +01:00 [INF] Request finished HTTP/2 GET https://localhost:7025/StoryCreation/CreateStoryAndIntro - 200 null text/html; charset=utf-8 101.096ms
2025-11-06 14:47:58.616 +01:00 [INF] Request starting HTTP/2 POST https://localhost:7025/StoryCreation/CreateStoryAndIntro - application/x-www-form-urlencoded 304
2025-11-06 14:47:58.622 +01:00 [INF] Executing endpoint 'Jam.Controllers.StoryCreationController.CreateStoryAndIntro (Jam)'
2025-11-06 14:47:58.638 +01:00 [INF] Route matched with {action = "CreateStoryAndIntro", controller = "StoryCreation", page = "", area = ""}. Executing controller action with signature Microsoft.AspNetCore.Mvc.IActionResult CreateStoryAndIntro(Jam.ViewModels.StoryCreation.CreateStoryAndIntroViewModel) on controller Jam.Controllers.StoryCreationController (Jam).
2025-11-06 14:47:58.643 +01:00 [INF] Accessing expired session, Key:2d0cc344-df3d-072e-4af7-3508e4f5cd8c
2025-11-06 14:47:58.666 +01:00 [INF] Executing RedirectResult, redirecting to /StoryCreation/CreateQuestionScenes.
2025-11-06 14:47:58.666 +01:00 [INF] Executed action Jam.Controllers.StoryCreationController.CreateStoryAndIntro (Jam) in 27.7623ms
2025-11-06 14:47:58.666 +01:00 [INF] Executed endpoint 'Jam.Controllers.StoryCreationController.CreateStoryAndIntro (Jam)'
2025-11-06 14:47:58.666 +01:00 [INF] Session started; Key:2d0cc344-df3d-072e-4af7-3508e4f5cd8c, Id:bf82b263-b15c-cdad-a1b2-eab7a3fdc512
2025-11-06 14:47:58.667 +01:00 [INF] Request finished HTTP/2 POST https://localhost:7025/StoryCreation/CreateStoryAndIntro - 302 0 null 51.1067ms
2025-11-06 14:47:58.670 +01:00 [INF] Request starting HTTP/2 GET https://localhost:7025/StoryCreation/CreateQuestionScenes - null null
2025-11-06 14:47:58.671 +01:00 [INF] Executing endpoint 'Jam.Controllers.StoryCreationController.CreateQuestionScenes (Jam)'
2025-11-06 14:47:58.672 +01:00 [INF] Route matched with {action = "CreateQuestionScenes", controller = "StoryCreation", page = "", area = ""}. Executing controller action with signature Microsoft.AspNetCore.Mvc.IActionResult CreateQuestionScenes() on controller Jam.Controllers.StoryCreationController (Jam).
2025-11-06 14:47:58.676 +01:00 [INF] Executing ViewResult, running view CreateQuestionScenes.
2025-11-06 14:47:58.746 +01:00 [INF] Executed ViewResult - view CreateQuestionScenes executed in 70.5187ms.
2025-11-06 14:47:58.779 +01:00 [INF] Executed action Jam.Controllers.StoryCreationController.CreateQuestionScenes (Jam) in 106.6375ms
2025-11-06 14:47:58.779 +01:00 [INF] Executed endpoint 'Jam.Controllers.StoryCreationController.CreateQuestionScenes (Jam)'
2025-11-06 14:47:58.779 +01:00 [INF] Request finished HTTP/2 GET https://localhost:7025/StoryCreation/CreateQuestionScenes - 200 null text/html; charset=utf-8 108.7044ms
