2025-10-30 20:20:43.656 +01:00 [INF] Applying migration '20251024065541_InitialCreate'.
2025-10-30 20:20:44.330 +01:00 [INF] User profile is available. Using '/Users/michaelnedgaardisaksen/.aspnet/DataProtection-Keys' as key repository; keys will not be encrypted at rest.
2025-10-30 20:20:44.646 +01:00 [INF] Now listening on: https://localhost:7025
2025-10-30 20:20:44.647 +01:00 [INF] Now listening on: http://localhost:5262
2025-10-30 20:20:44.650 +01:00 [INF] Application started. Press Ctrl+C to shut down.
2025-10-30 20:20:44.651 +01:00 [INF] Hosting environment: Development
2025-10-30 20:20:44.652 +01:00 [INF] Content root path: /Users/michaelnedgaardisaksen/Documents/ITPE3100_Webapplikasjoner/Demo-Jam/Jam
2025-10-30 20:20:45.061 +01:00 [INF] Request starting HTTP/2 GET https://localhost:7025/ - null null
2025-10-30 20:20:45.074 +01:00 [INF] Executing endpoint 'Jam.Controllers.HomeController.Index (Jam)'
2025-10-30 20:20:45.087 +01:00 [INF] Route matched with {action = "Index", controller = "Home"}. Executing controller action with signature System.Threading.Tasks.Task`1[Microsoft.AspNetCore.Mvc.IActionResult] Index() on controller Jam.Controllers.HomeController (Jam).
2025-10-30 20:20:45.182 +01:00 [INF] Executing ViewResult, running view Index.
2025-10-30 20:20:45.222 +01:00 [INF] Executed ViewResult - view Index executed in 40.4091ms.
2025-10-30 20:20:45.224 +01:00 [INF] Executed action Jam.Controllers.HomeController.Index (Jam) in 136.8547ms
2025-10-30 20:20:45.224 +01:00 [INF] Executed endpoint 'Jam.Controllers.HomeController.Index (Jam)'
2025-10-30 20:20:45.227 +01:00 [INF] Request finished HTTP/2 GET https://localhost:7025/ - 200 null text/html; charset=utf-8 167.8296ms
2025-10-30 20:20:48.644 +01:00 [INF] Request starting HTTP/2 GET https://localhost:7025/StoryCreation/CreateStoryAndIntro - null null
2025-10-30 20:20:48.649 +01:00 [INF] Executing endpoint 'Jam.Controllers.StoryCreationController.CreateStoryAndIntro (Jam)'
2025-10-30 20:20:48.654 +01:00 [INF] Route matched with {action = "CreateStoryAndIntro", controller = "StoryCreation"}. Executing controller action with signature Microsoft.AspNetCore.Mvc.IActionResult CreateStoryAndIntro() on controller Jam.Controllers.StoryCreationController (Jam).
2025-10-30 20:20:48.665 +01:00 [INF] Executing ViewResult, running view CreateStoryAndIntro.
2025-10-30 20:20:48.704 +01:00 [INF] Executed ViewResult - view CreateStoryAndIntro executed in 39.8589ms.
2025-10-30 20:20:48.704 +01:00 [INF] Executed action Jam.Controllers.StoryCreationController.CreateStoryAndIntro (Jam) in 49.7504ms
2025-10-30 20:20:48.704 +01:00 [INF] Executed endpoint 'Jam.Controllers.StoryCreationController.CreateStoryAndIntro (Jam)'
2025-10-30 20:20:48.705 +01:00 [INF] Request finished HTTP/2 GET https://localhost:7025/StoryCreation/CreateStoryAndIntro - 200 null text/html; charset=utf-8 61.3997ms
2025-10-30 20:21:06.057 +01:00 [INF] Request starting HTTP/2 POST https://localhost:7025/StoryCreation/CreateStoryAndIntro - application/x-www-form-urlencoded 304
2025-10-30 20:21:06.091 +01:00 [INF] Executing endpoint 'Jam.Controllers.StoryCreationController.CreateStoryAndIntro (Jam)'
2025-10-30 20:21:06.120 +01:00 [INF] Route matched with {action = "CreateStoryAndIntro", controller = "StoryCreation"}. Executing controller action with signature System.Threading.Tasks.Task`1[Microsoft.AspNetCore.Mvc.IActionResult] CreateStoryAndIntro(Jam.ViewModels.StoryCreation.CreateStoryAndIntroViewModel) on controller Jam.Controllers.StoryCreationController (Jam).
2025-10-30 20:21:06.184 +01:00 [INF] Executing RedirectResult, redirecting to /StoryCreation/CreateQuestionScenes?storyId=4.
2025-10-30 20:21:06.184 +01:00 [INF] Executed action Jam.Controllers.StoryCreationController.CreateStoryAndIntro (Jam) in 64.206ms
2025-10-30 20:21:06.184 +01:00 [INF] Executed endpoint 'Jam.Controllers.StoryCreationController.CreateStoryAndIntro (Jam)'
2025-10-30 20:21:06.185 +01:00 [INF] Request finished HTTP/2 POST https://localhost:7025/StoryCreation/CreateStoryAndIntro - 302 0 null 149.348ms
2025-10-30 20:21:06.215 +01:00 [INF] Request starting HTTP/2 GET https://localhost:7025/StoryCreation/CreateQuestionScenes?storyId=4 - null null
2025-10-30 20:21:06.215 +01:00 [INF] Executing endpoint 'Jam.Controllers.StoryCreationController.CreateQuestionScenes (Jam)'
2025-10-30 20:21:06.216 +01:00 [INF] Route matched with {action = "CreateQuestionScenes", controller = "StoryCreation"}. Executing controller action with signature Microsoft.AspNetCore.Mvc.IActionResult CreateQuestionScenes(Int32, System.Nullable`1[System.Int32]) on controller Jam.Controllers.StoryCreationController (Jam).
2025-10-30 20:21:06.219 +01:00 [INF] Executing ViewResult, running view CreateQuestionScenes.
2025-10-30 20:21:06.358 +01:00 [INF] Executed ViewResult - view CreateQuestionScenes executed in 139.3576ms.
2025-10-30 20:21:06.358 +01:00 [INF] Executed action Jam.Controllers.StoryCreationController.CreateQuestionScenes (Jam) in 142.8225ms
2025-10-30 20:21:06.361 +01:00 [INF] Executed endpoint 'Jam.Controllers.StoryCreationController.CreateQuestionScenes (Jam)'
2025-10-30 20:21:06.363 +01:00 [INF] Request finished HTTP/2 GET https://localhost:7025/StoryCreation/CreateQuestionScenes?storyId=4 - 200 null text/html; charset=utf-8 148.273ms
2025-10-30 20:21:27.957 +01:00 [INF] Request starting HTTP/2 GET https://localhost:7025/StoryCreation/GetQuestionScenePartial?index=1 - null null
2025-10-30 20:21:27.961 +01:00 [INF] Executing endpoint 'Jam.Controllers.StoryCreationController.GetQuestionScenePartial (Jam)'
2025-10-30 20:21:27.964 +01:00 [INF] Route matched with {action = "GetQuestionScenePartial", controller = "StoryCreation"}. Executing controller action with signature Microsoft.AspNetCore.Mvc.IActionResult GetQuestionScenePartial(Int32) on controller Jam.Controllers.StoryCreationController (Jam).
2025-10-30 20:21:27.968 +01:00 [INF] Executing PartialViewResult, running view _QuestionScenePartial.
2025-10-30 20:21:28.028 +01:00 [INF] Executed PartialViewResult - view _QuestionScenePartial executed in 60.7248ms.
2025-10-30 20:21:28.028 +01:00 [INF] Executed action Jam.Controllers.StoryCreationController.GetQuestionScenePartial (Jam) in 63.569ms
2025-10-30 20:21:28.028 +01:00 [INF] Executed endpoint 'Jam.Controllers.StoryCreationController.GetQuestionScenePartial (Jam)'
2025-10-30 20:21:28.028 +01:00 [INF] Request finished HTTP/2 GET https://localhost:7025/StoryCreation/GetQuestionScenePartial?index=1 - 200 null text/html; charset=utf-8 97.089ms
2025-10-30 20:21:53.514 +01:00 [INF] Request starting HTTP/2 GET https://localhost:7025/StoryCreation/GetQuestionScenePartial?index=2 - null null
2025-10-30 20:21:53.561 +01:00 [INF] Executing endpoint 'Jam.Controllers.StoryCreationController.GetQuestionScenePartial (Jam)'
2025-10-30 20:21:53.561 +01:00 [INF] Route matched with {action = "GetQuestionScenePartial", controller = "StoryCreation"}. Executing controller action with signature Microsoft.AspNetCore.Mvc.IActionResult GetQuestionScenePartial(Int32) on controller Jam.Controllers.StoryCreationController (Jam).
2025-10-30 20:21:53.563 +01:00 [INF] Executing PartialViewResult, running view _QuestionScenePartial.
2025-10-30 20:21:53.697 +01:00 [INF] Executed PartialViewResult - view _QuestionScenePartial executed in 105.9093ms.
2025-10-30 20:21:53.721 +01:00 [INF] Executed action Jam.Controllers.StoryCreationController.GetQuestionScenePartial (Jam) in 159.2981ms
2025-10-30 20:21:53.721 +01:00 [INF] Executed endpoint 'Jam.Controllers.StoryCreationController.GetQuestionScenePartial (Jam)'
2025-10-30 20:21:53.721 +01:00 [INF] Request finished HTTP/2 GET https://localhost:7025/StoryCreation/GetQuestionScenePartial?index=2 - 200 null text/html; charset=utf-8 230.426ms
2025-10-30 20:22:41.553 +01:00 [INF] Request starting HTTP/2 POST https://localhost:7025/StoryCreation/CreateQuestionScenes - application/x-www-form-urlencoded 2072
2025-10-30 20:22:41.633 +01:00 [INF] Executing endpoint 'Jam.Controllers.StoryCreationController.CreateQuestionScenes (Jam)'
2025-10-30 20:22:41.648 +01:00 [INF] Route matched with {action = "CreateQuestionScenes", controller = "StoryCreation"}. Executing controller action with signature System.Threading.Tasks.Task`1[Microsoft.AspNetCore.Mvc.IActionResult] CreateQuestionScenes(Jam.ViewModels.StoryCreation.CreateMultipleQuestionScenesViewModel) on controller Jam.Controllers.StoryCreationController (Jam).
2025-10-30 20:22:41.713 +01:00 [INF] Executing RedirectResult, redirecting to /StoryCreation/CreateEndings?storyId=4.
2025-10-30 20:22:41.713 +01:00 [INF] Executed action Jam.Controllers.StoryCreationController.CreateQuestionScenes (Jam) in 65.3433ms
2025-10-30 20:22:41.713 +01:00 [INF] Executed endpoint 'Jam.Controllers.StoryCreationController.CreateQuestionScenes (Jam)'
2025-10-30 20:22:41.713 +01:00 [INF] Request finished HTTP/2 POST https://localhost:7025/StoryCreation/CreateQuestionScenes - 302 0 null 185.8407ms
2025-10-30 20:22:41.717 +01:00 [INF] Request starting HTTP/2 GET https://localhost:7025/StoryCreation/CreateEndings?storyId=4 - null null
2025-10-30 20:22:41.743 +01:00 [INF] Executing endpoint 'Jam.Controllers.StoryCreationController.CreateEndings (Jam)'
2025-10-30 20:22:41.744 +01:00 [INF] Route matched with {action = "CreateEndings", controller = "StoryCreation"}. Executing controller action with signature Microsoft.AspNetCore.Mvc.IActionResult CreateEndings(Int32) on controller Jam.Controllers.StoryCreationController (Jam).
2025-10-30 20:22:41.745 +01:00 [INF] Executing ViewResult, running view CreateEndings.
2025-10-30 20:22:41.753 +01:00 [INF] Executed ViewResult - view CreateEndings executed in 8.4592ms.
2025-10-30 20:22:41.753 +01:00 [INF] Executed action Jam.Controllers.StoryCreationController.CreateEndings (Jam) in 9.0655ms
2025-10-30 20:22:41.753 +01:00 [INF] Executed endpoint 'Jam.Controllers.StoryCreationController.CreateEndings (Jam)'
2025-10-30 20:22:41.753 +01:00 [INF] Request finished HTTP/2 GET https://localhost:7025/StoryCreation/CreateEndings?storyId=4 - 200 null text/html; charset=utf-8 35.4697ms
2025-10-30 20:22:50.896 +01:00 [INF] Request starting HTTP/2 POST https://localhost:7025/StoryCreation/CreateEndings - application/x-www-form-urlencoded 256
2025-10-30 20:22:50.918 +01:00 [INF] Executing endpoint 'Jam.Controllers.StoryCreationController.CreateEndings (Jam)'
2025-10-30 20:22:50.924 +01:00 [INF] Route matched with {action = "CreateEndings", controller = "StoryCreation"}. Executing controller action with signature System.Threading.Tasks.Task`1[Microsoft.AspNetCore.Mvc.IActionResult] CreateEndings(Jam.ViewModels.StoryCreation.CreateEndingsViewModel) on controller Jam.Controllers.StoryCreationController (Jam).
2025-10-30 20:22:50.939 +01:00 [INF] Executing RedirectResult, redirecting to /.
2025-10-30 20:22:50.939 +01:00 [INF] Executed action Jam.Controllers.StoryCreationController.CreateEndings (Jam) in 15.4133ms
2025-10-30 20:22:50.939 +01:00 [INF] Executed endpoint 'Jam.Controllers.StoryCreationController.CreateEndings (Jam)'
2025-10-30 20:22:50.940 +01:00 [INF] Request finished HTTP/2 POST https://localhost:7025/StoryCreation/CreateEndings - 302 0 null 69.5328ms
2025-10-30 20:22:50.944 +01:00 [INF] Request starting HTTP/2 GET https://localhost:7025/ - null null
2025-10-30 20:22:50.944 +01:00 [INF] Executing endpoint 'Jam.Controllers.HomeController.Index (Jam)'
2025-10-30 20:22:50.944 +01:00 [INF] Route matched with {action = "Index", controller = "Home"}. Executing controller action with signature System.Threading.Tasks.Task`1[Microsoft.AspNetCore.Mvc.IActionResult] Index() on controller Jam.Controllers.HomeController (Jam).
2025-10-30 20:22:50.955 +01:00 [INF] Executing ViewResult, running view Index.
2025-10-30 20:22:51.077 +01:00 [INF] Executed ViewResult - view Index executed in 96.366ms.
2025-10-30 20:22:51.077 +01:00 [INF] Executed action Jam.Controllers.HomeController.Index (Jam) in 132.7116ms
2025-10-30 20:22:51.077 +01:00 [INF] Executed endpoint 'Jam.Controllers.HomeController.Index (Jam)'
2025-10-30 20:22:51.077 +01:00 [INF] Request finished HTTP/2 GET https://localhost:7025/ - 200 null text/html; charset=utf-8 133.5526ms
2025-10-30 20:23:47.702 +01:00 [INF] Request starting HTTP/2 GET https://localhost:7025/StoryPlaying/StartStory?storyId=4 - null null
2025-10-30 20:23:47.733 +01:00 [INF] Executing endpoint 'Jam.Controllers.StoryPlayingController.StartStory (Jam)'
2025-10-30 20:23:47.744 +01:00 [INF] Route matched with {action = "StartStory", controller = "StoryPlaying"}. Executing controller action with signature System.Threading.Tasks.Task`1[Microsoft.AspNetCore.Mvc.IActionResult] StartStory(Int32) on controller Jam.Controllers.StoryPlayingController (Jam).
2025-10-30 20:23:47.806 +01:00 [INF] Executing RedirectResult, redirecting to /StoryPlaying/PlayScene?sceneId=5&SceneType=Intro&sessionId=3.
2025-10-30 20:23:47.806 +01:00 [INF] Executed action Jam.Controllers.StoryPlayingController.StartStory (Jam) in 62.6985ms
2025-10-30 20:23:47.806 +01:00 [INF] Executed endpoint 'Jam.Controllers.StoryPlayingController.StartStory (Jam)'
2025-10-30 20:23:47.807 +01:00 [INF] Request finished HTTP/2 GET https://localhost:7025/StoryPlaying/StartStory?storyId=4 - 302 0 null 105.1823ms
2025-10-30 20:23:47.861 +01:00 [INF] Request starting HTTP/2 GET https://localhost:7025/StoryPlaying/PlayScene?sceneId=5&SceneType=Intro&sessionId=3 - null null
2025-10-30 20:23:47.862 +01:00 [INF] Executing endpoint 'Jam.Controllers.StoryPlayingController.PlayScene (Jam)'
2025-10-30 20:23:47.864 +01:00 [INF] Route matched with {action = "PlayScene", controller = "StoryPlaying"}. Executing controller action with signature System.Threading.Tasks.Task`1[Microsoft.AspNetCore.Mvc.IActionResult] PlayScene(Int32, Jam.Models.Enums.SceneType, Int32) on controller Jam.Controllers.StoryPlayingController (Jam).
2025-10-30 20:23:47.873 +01:00 [INF] Executing ViewResult, running view PlayScene.
2025-10-30 20:23:47.878 +01:00 [INF] Executed ViewResult - view PlayScene executed in 4.7374ms.
2025-10-30 20:23:47.878 +01:00 [INF] Executed action Jam.Controllers.StoryPlayingController.PlayScene (Jam) in 13.5672ms
2025-10-30 20:23:47.878 +01:00 [INF] Executed endpoint 'Jam.Controllers.StoryPlayingController.PlayScene (Jam)'
2025-10-30 20:23:47.878 +01:00 [INF] Request finished HTTP/2 GET https://localhost:7025/StoryPlaying/PlayScene?sceneId=5&SceneType=Intro&sessionId=3 - 200 null text/html; charset=utf-8 16.7653ms
2025-10-30 20:23:49.497 +01:00 [INF] Request starting HTTP/2 POST https://localhost:7025/StoryPlaying/PlayScene - application/x-www-form-urlencoded 204
2025-10-30 20:23:49.520 +01:00 [INF] Executing endpoint 'Jam.Controllers.StoryPlayingController.PlayScene (Jam)'
2025-10-30 20:23:49.534 +01:00 [INF] Route matched with {action = "PlayScene", controller = "StoryPlaying"}. Executing controller action with signature System.Threading.Tasks.Task`1[Microsoft.AspNetCore.Mvc.IActionResult] PlayScene(Jam.ViewModels.StoryPlaying.PlaySceneViewModel) on controller Jam.Controllers.StoryPlayingController (Jam).
2025-10-30 20:23:49.580 +01:00 [INF] Executing RedirectResult, redirecting to /StoryPlaying/PlayScene?sceneId=5&sceneType=Question&sessionId=3.
2025-10-30 20:23:49.580 +01:00 [INF] Executed action Jam.Controllers.StoryPlayingController.PlayScene (Jam) in 45.8193ms
2025-10-30 20:23:49.580 +01:00 [INF] Executed endpoint 'Jam.Controllers.StoryPlayingController.PlayScene (Jam)'
2025-10-30 20:23:49.580 +01:00 [INF] Request finished HTTP/2 POST https://localhost:7025/StoryPlaying/PlayScene - 302 0 null 82.8288ms
2025-10-30 20:23:49.634 +01:00 [INF] Request starting HTTP/2 GET https://localhost:7025/StoryPlaying/PlayScene?sceneId=5&sceneType=Question&sessionId=3 - null null
2025-10-30 20:23:49.634 +01:00 [INF] Executing endpoint 'Jam.Controllers.StoryPlayingController.PlayScene (Jam)'
2025-10-30 20:23:49.634 +01:00 [INF] Route matched with {action = "PlayScene", controller = "StoryPlaying"}. Executing controller action with signature System.Threading.Tasks.Task`1[Microsoft.AspNetCore.Mvc.IActionResult] PlayScene(Int32, Jam.Models.Enums.SceneType, Int32) on controller Jam.Controllers.StoryPlayingController (Jam).
2025-10-30 20:23:49.657 +01:00 [INF] Executing ViewResult, running view PlayScene.
2025-10-30 20:23:49.658 +01:00 [INF] Executed ViewResult - view PlayScene executed in 1.4485ms.
2025-10-30 20:23:49.658 +01:00 [INF] Executed action Jam.Controllers.StoryPlayingController.PlayScene (Jam) in 24.5268ms
2025-10-30 20:23:49.658 +01:00 [INF] Executed endpoint 'Jam.Controllers.StoryPlayingController.PlayScene (Jam)'
2025-10-30 20:23:49.659 +01:00 [INF] Request finished HTTP/2 GET https://localhost:7025/StoryPlaying/PlayScene?sceneId=5&sceneType=Question&sessionId=3 - 200 null text/html; charset=utf-8 25.0106ms
2025-10-30 20:23:53.193 +01:00 [INF] Request starting HTTP/2 POST https://localhost:7025/StoryPlaying/PlayScene - application/x-www-form-urlencoded 243
2025-10-30 20:23:53.219 +01:00 [INF] Executing endpoint 'Jam.Controllers.StoryPlayingController.PlayScene (Jam)'
2025-10-30 20:23:53.220 +01:00 [INF] Route matched with {action = "PlayScene", controller = "StoryPlaying"}. Executing controller action with signature System.Threading.Tasks.Task`1[Microsoft.AspNetCore.Mvc.IActionResult] PlayScene(Jam.ViewModels.StoryPlaying.PlaySceneViewModel) on controller Jam.Controllers.StoryPlayingController (Jam).
2025-10-30 20:23:53.251 +01:00 [INF] Executing RedirectResult, redirecting to /StoryPlaying/AnswerFeedback.
2025-10-30 20:23:53.255 +01:00 [INF] Executed action Jam.Controllers.StoryPlayingController.PlayScene (Jam) in 35.1578ms
2025-10-30 20:23:53.255 +01:00 [INF] Executed endpoint 'Jam.Controllers.StoryPlayingController.PlayScene (Jam)'
2025-10-30 20:23:53.255 +01:00 [INF] Request finished HTTP/2 POST https://localhost:7025/StoryPlaying/PlayScene - 302 0 null 62.6862ms
2025-10-30 20:23:53.259 +01:00 [INF] Request starting HTTP/2 GET https://localhost:7025/StoryPlaying/AnswerFeedback - null null
2025-10-30 20:23:53.260 +01:00 [INF] Executing endpoint 'Jam.Controllers.StoryPlayingController.AnswerFeedback (Jam)'
2025-10-30 20:23:53.260 +01:00 [INF] Route matched with {action = "AnswerFeedback", controller = "StoryPlaying"}. Executing controller action with signature Microsoft.AspNetCore.Mvc.IActionResult AnswerFeedback() on controller Jam.Controllers.StoryPlayingController (Jam).
2025-10-30 20:23:53.262 +01:00 [INF] Executing ViewResult, running view AnswerFeedback.
2025-10-30 20:23:53.272 +01:00 [INF] Executed ViewResult - view AnswerFeedback executed in 10.3344ms.
2025-10-30 20:23:53.272 +01:00 [INF] Executed action Jam.Controllers.StoryPlayingController.AnswerFeedback (Jam) in 11.7732ms
2025-10-30 20:23:53.272 +01:00 [INF] Executed endpoint 'Jam.Controllers.StoryPlayingController.AnswerFeedback (Jam)'
2025-10-30 20:23:53.272 +01:00 [INF] Request finished HTTP/2 GET https://localhost:7025/StoryPlaying/AnswerFeedback - 200 null text/html; charset=utf-8 13.0468ms
2025-10-30 20:23:54.280 +01:00 [INF] Request starting HTTP/2 POST https://localhost:7025/StoryPlaying/AnswerFeedback - application/x-www-form-urlencoded 264
2025-10-30 20:23:54.281 +01:00 [INF] Executing endpoint 'Jam.Controllers.StoryPlayingController.AnswerFeedback (Jam)'
2025-10-30 20:23:54.286 +01:00 [INF] Route matched with {action = "AnswerFeedback", controller = "StoryPlaying"}. Executing controller action with signature System.Threading.Tasks.Task`1[Microsoft.AspNetCore.Mvc.IActionResult] AnswerFeedback(Jam.ViewModels.StoryPlaying.AnswerFeedbackViewModel) on controller Jam.Controllers.StoryPlayingController (Jam).
2025-10-30 20:23:54.298 +01:00 [INF] Executing RedirectResult, redirecting to /StoryPlaying/PlayScene?sceneId=6&sceneType=Question&sessionId=3.
2025-10-30 20:23:54.298 +01:00 [INF] Executed action Jam.Controllers.StoryPlayingController.AnswerFeedback (Jam) in 12.2371ms
2025-10-30 20:23:54.298 +01:00 [INF] Executed endpoint 'Jam.Controllers.StoryPlayingController.AnswerFeedback (Jam)'
2025-10-30 20:23:54.298 +01:00 [INF] Request finished HTTP/2 POST https://localhost:7025/StoryPlaying/AnswerFeedback - 302 0 null 17.9645ms
2025-10-30 20:23:54.378 +01:00 [INF] Request starting HTTP/2 GET https://localhost:7025/StoryPlaying/PlayScene?sceneId=6&sceneType=Question&sessionId=3 - null null
2025-10-30 20:23:54.378 +01:00 [INF] Executing endpoint 'Jam.Controllers.StoryPlayingController.PlayScene (Jam)'
2025-10-30 20:23:54.378 +01:00 [INF] Route matched with {action = "PlayScene", controller = "StoryPlaying"}. Executing controller action with signature System.Threading.Tasks.Task`1[Microsoft.AspNetCore.Mvc.IActionResult] PlayScene(Int32, Jam.Models.Enums.SceneType, Int32) on controller Jam.Controllers.StoryPlayingController (Jam).
2025-10-30 20:23:54.383 +01:00 [INF] Executing ViewResult, running view PlayScene.
2025-10-30 20:23:54.384 +01:00 [INF] Executed ViewResult - view PlayScene executed in 1.4412ms.
2025-10-30 20:23:54.384 +01:00 [INF] Executed action Jam.Controllers.StoryPlayingController.PlayScene (Jam) in 6.3083ms
2025-10-30 20:23:54.384 +01:00 [INF] Executed endpoint 'Jam.Controllers.StoryPlayingController.PlayScene (Jam)'
2025-10-30 20:23:54.384 +01:00 [INF] Request finished HTTP/2 GET https://localhost:7025/StoryPlaying/PlayScene?sceneId=6&sceneType=Question&sessionId=3 - 200 null text/html; charset=utf-8 6.9751ms
2025-10-30 20:23:57.153 +01:00 [INF] Request starting HTTP/2 POST https://localhost:7025/StoryPlaying/PlayScene - application/x-www-form-urlencoded 243
2025-10-30 20:23:57.175 +01:00 [INF] Executing endpoint 'Jam.Controllers.StoryPlayingController.PlayScene (Jam)'
2025-10-30 20:23:57.175 +01:00 [INF] Route matched with {action = "PlayScene", controller = "StoryPlaying"}. Executing controller action with signature System.Threading.Tasks.Task`1[Microsoft.AspNetCore.Mvc.IActionResult] PlayScene(Jam.ViewModels.StoryPlaying.PlaySceneViewModel) on controller Jam.Controllers.StoryPlayingController (Jam).
2025-10-30 20:23:57.191 +01:00 [INF] Executing RedirectResult, redirecting to /StoryPlaying/AnswerFeedback.
2025-10-30 20:23:57.192 +01:00 [INF] Executed action Jam.Controllers.StoryPlayingController.PlayScene (Jam) in 16.5583ms
2025-10-30 20:23:57.192 +01:00 [INF] Executed endpoint 'Jam.Controllers.StoryPlayingController.PlayScene (Jam)'
2025-10-30 20:23:57.192 +01:00 [INF] Request finished HTTP/2 POST https://localhost:7025/StoryPlaying/PlayScene - 302 0 null 39.0852ms
2025-10-30 20:23:57.197 +01:00 [INF] Request starting HTTP/2 GET https://localhost:7025/StoryPlaying/AnswerFeedback - null null
2025-10-30 20:23:57.199 +01:00 [INF] Executing endpoint 'Jam.Controllers.StoryPlayingController.AnswerFeedback (Jam)'
2025-10-30 20:23:57.199 +01:00 [INF] Route matched with {action = "AnswerFeedback", controller = "StoryPlaying"}. Executing controller action with signature Microsoft.AspNetCore.Mvc.IActionResult AnswerFeedback() on controller Jam.Controllers.StoryPlayingController (Jam).
2025-10-30 20:23:57.200 +01:00 [INF] Executing ViewResult, running view AnswerFeedback.
2025-10-30 20:23:57.202 +01:00 [INF] Executed ViewResult - view AnswerFeedback executed in 1.9066ms.
2025-10-30 20:23:57.203 +01:00 [INF] Executed action Jam.Controllers.StoryPlayingController.AnswerFeedback (Jam) in 3.265ms
2025-10-30 20:23:57.203 +01:00 [INF] Executed endpoint 'Jam.Controllers.StoryPlayingController.AnswerFeedback (Jam)'
2025-10-30 20:23:57.203 +01:00 [INF] Request finished HTTP/2 GET https://localhost:7025/StoryPlaying/AnswerFeedback - 200 null text/html; charset=utf-8 5.5888ms
2025-10-30 20:23:58.364 +01:00 [INF] Request starting HTTP/2 POST https://localhost:7025/StoryPlaying/AnswerFeedback - application/x-www-form-urlencoded 264
2025-10-30 20:23:58.365 +01:00 [INF] Executing endpoint 'Jam.Controllers.StoryPlayingController.AnswerFeedback (Jam)'
2025-10-30 20:23:58.365 +01:00 [INF] Route matched with {action = "AnswerFeedback", controller = "StoryPlaying"}. Executing controller action with signature System.Threading.Tasks.Task`1[Microsoft.AspNetCore.Mvc.IActionResult] AnswerFeedback(Jam.ViewModels.StoryPlaying.AnswerFeedbackViewModel) on controller Jam.Controllers.StoryPlayingController (Jam).
2025-10-30 20:23:58.377 +01:00 [INF] Executing RedirectResult, redirecting to /StoryPlaying/PlayScene?sceneId=7&sceneType=Question&sessionId=3.
2025-10-30 20:23:58.377 +01:00 [INF] Executed action Jam.Controllers.StoryPlayingController.AnswerFeedback (Jam) in 12.0107ms
2025-10-30 20:23:58.377 +01:00 [INF] Executed endpoint 'Jam.Controllers.StoryPlayingController.AnswerFeedback (Jam)'
2025-10-30 20:23:58.377 +01:00 [INF] Request finished HTTP/2 POST https://localhost:7025/StoryPlaying/AnswerFeedback - 302 0 null 13.1796ms
2025-10-30 20:23:58.382 +01:00 [INF] Request starting HTTP/2 GET https://localhost:7025/StoryPlaying/PlayScene?sceneId=7&sceneType=Question&sessionId=3 - null null
2025-10-30 20:23:58.382 +01:00 [INF] Executing endpoint 'Jam.Controllers.StoryPlayingController.PlayScene (Jam)'
2025-10-30 20:23:58.383 +01:00 [INF] Route matched with {action = "PlayScene", controller = "StoryPlaying"}. Executing controller action with signature System.Threading.Tasks.Task`1[Microsoft.AspNetCore.Mvc.IActionResult] PlayScene(Int32, Jam.Models.Enums.SceneType, Int32) on controller Jam.Controllers.StoryPlayingController (Jam).
2025-10-30 20:23:58.390 +01:00 [INF] Executing ViewResult, running view PlayScene.
2025-10-30 20:23:58.390 +01:00 [INF] Executed ViewResult - view PlayScene executed in 0.863ms.
2025-10-30 20:23:58.390 +01:00 [INF] Executed action Jam.Controllers.StoryPlayingController.PlayScene (Jam) in 7.9555ms
2025-10-30 20:23:58.391 +01:00 [INF] Executed endpoint 'Jam.Controllers.StoryPlayingController.PlayScene (Jam)'
2025-10-30 20:23:58.391 +01:00 [INF] Request finished HTTP/2 GET https://localhost:7025/StoryPlaying/PlayScene?sceneId=7&sceneType=Question&sessionId=3 - 200 null text/html; charset=utf-8 8.7298ms
2025-10-30 20:24:01.382 +01:00 [INF] Request starting HTTP/2 POST https://localhost:7025/StoryPlaying/PlayScene - application/x-www-form-urlencoded 243
2025-10-30 20:24:01.408 +01:00 [INF] Executing endpoint 'Jam.Controllers.StoryPlayingController.PlayScene (Jam)'
2025-10-30 20:24:01.408 +01:00 [INF] Route matched with {action = "PlayScene", controller = "StoryPlaying"}. Executing controller action with signature System.Threading.Tasks.Task`1[Microsoft.AspNetCore.Mvc.IActionResult] PlayScene(Jam.ViewModels.StoryPlaying.PlaySceneViewModel) on controller Jam.Controllers.StoryPlayingController (Jam).
2025-10-30 20:24:01.421 +01:00 [INF] Executing RedirectResult, redirecting to /StoryPlaying/AnswerFeedback.
2025-10-30 20:24:01.422 +01:00 [INF] Executed action Jam.Controllers.StoryPlayingController.PlayScene (Jam) in 13.1445ms
2025-10-30 20:24:01.422 +01:00 [INF] Executed endpoint 'Jam.Controllers.StoryPlayingController.PlayScene (Jam)'
2025-10-30 20:24:01.422 +01:00 [INF] Request finished HTTP/2 POST https://localhost:7025/StoryPlaying/PlayScene - 302 0 null 40.2093ms
2025-10-30 20:24:01.472 +01:00 [INF] Request starting HTTP/2 GET https://localhost:7025/StoryPlaying/AnswerFeedback - null null
2025-10-30 20:24:01.496 +01:00 [INF] Executing endpoint 'Jam.Controllers.StoryPlayingController.AnswerFeedback (Jam)'
2025-10-30 20:24:01.496 +01:00 [INF] Route matched with {action = "AnswerFeedback", controller = "StoryPlaying"}. Executing controller action with signature Microsoft.AspNetCore.Mvc.IActionResult AnswerFeedback() on controller Jam.Controllers.StoryPlayingController (Jam).
2025-10-30 20:24:01.497 +01:00 [INF] Executing ViewResult, running view AnswerFeedback.
2025-10-30 20:24:01.498 +01:00 [INF] Executed ViewResult - view AnswerFeedback executed in 1.7407ms.
2025-10-30 20:24:01.499 +01:00 [INF] Executed action Jam.Controllers.StoryPlayingController.AnswerFeedback (Jam) in 2.3756ms
2025-10-30 20:24:01.499 +01:00 [INF] Executed endpoint 'Jam.Controllers.StoryPlayingController.AnswerFeedback (Jam)'
2025-10-30 20:24:01.499 +01:00 [INF] Request finished HTTP/2 GET https://localhost:7025/StoryPlaying/AnswerFeedback - 200 null text/html; charset=utf-8 47.1566ms
2025-10-30 20:24:02.570 +01:00 [INF] Request starting HTTP/2 POST https://localhost:7025/StoryPlaying/AnswerFeedback - application/x-www-form-urlencoded 261
2025-10-30 20:24:02.596 +01:00 [INF] Executing endpoint 'Jam.Controllers.StoryPlayingController.AnswerFeedback (Jam)'
2025-10-30 20:24:02.596 +01:00 [INF] Route matched with {action = "AnswerFeedback", controller = "StoryPlaying"}. Executing controller action with signature System.Threading.Tasks.Task`1[Microsoft.AspNetCore.Mvc.IActionResult] AnswerFeedback(Jam.ViewModels.StoryPlaying.AnswerFeedbackViewModel) on controller Jam.Controllers.StoryPlayingController (Jam).
2025-10-30 20:24:02.619 +01:00 [INF] Executing RedirectResult, redirecting to /StoryPlaying/PlayScene?sceneId=6&sceneType=Ending&sessionId=3.
2025-10-30 20:24:02.619 +01:00 [INF] Executed action Jam.Controllers.StoryPlayingController.AnswerFeedback (Jam) in 22.3704ms
2025-10-30 20:24:02.619 +01:00 [INF] Executed endpoint 'Jam.Controllers.StoryPlayingController.AnswerFeedback (Jam)'
2025-10-30 20:24:02.619 +01:00 [INF] Request finished HTTP/2 POST https://localhost:7025/StoryPlaying/AnswerFeedback - 302 0 null 49.4206ms
2025-10-30 20:24:02.624 +01:00 [INF] Request starting HTTP/2 GET https://localhost:7025/StoryPlaying/PlayScene?sceneId=6&sceneType=Ending&sessionId=3 - null null
2025-10-30 20:24:02.624 +01:00 [INF] Executing endpoint 'Jam.Controllers.StoryPlayingController.PlayScene (Jam)'
2025-10-30 20:24:02.624 +01:00 [INF] Route matched with {action = "PlayScene", controller = "StoryPlaying"}. Executing controller action with signature System.Threading.Tasks.Task`1[Microsoft.AspNetCore.Mvc.IActionResult] PlayScene(Int32, Jam.Models.Enums.SceneType, Int32) on controller Jam.Controllers.StoryPlayingController (Jam).
2025-10-30 20:24:02.631 +01:00 [INF] Executing ViewResult, running view PlayScene.
2025-10-30 20:24:02.633 +01:00 [INF] Executed ViewResult - view PlayScene executed in 1.5317ms.
2025-10-30 20:24:02.633 +01:00 [INF] Executed action Jam.Controllers.StoryPlayingController.PlayScene (Jam) in 9.063ms
2025-10-30 20:24:02.633 +01:00 [INF] Executed endpoint 'Jam.Controllers.StoryPlayingController.PlayScene (Jam)'
2025-10-30 20:24:02.633 +01:00 [INF] Request finished HTTP/2 GET https://localhost:7025/StoryPlaying/PlayScene?sceneId=6&sceneType=Ending&sessionId=3 - 200 null text/html; charset=utf-8 9.4588ms
2025-10-30 20:24:04.012 +01:00 [INF] Request starting HTTP/2 POST https://localhost:7025/StoryPlaying/PlayScene - application/x-www-form-urlencoded 252
2025-10-30 20:24:04.013 +01:00 [INF] Executing endpoint 'Jam.Controllers.StoryPlayingController.PlayScene (Jam)'
2025-10-30 20:24:04.013 +01:00 [INF] Route matched with {action = "PlayScene", controller = "StoryPlaying"}. Executing controller action with signature System.Threading.Tasks.Task`1[Microsoft.AspNetCore.Mvc.IActionResult] PlayScene(Jam.ViewModels.StoryPlaying.PlaySceneViewModel) on controller Jam.Controllers.StoryPlayingController (Jam).
2025-10-30 20:24:04.040 +01:00 [INF] Executing RedirectResult, redirecting to /StoryPlaying/FinishStory?sessionId=3.
2025-10-30 20:24:04.040 +01:00 [INF] Executed action Jam.Controllers.StoryPlayingController.PlayScene (Jam) in 27.2152ms
2025-10-30 20:24:04.040 +01:00 [INF] Executed endpoint 'Jam.Controllers.StoryPlayingController.PlayScene (Jam)'
2025-10-30 20:24:04.040 +01:00 [INF] Request finished HTTP/2 POST https://localhost:7025/StoryPlaying/PlayScene - 302 0 null 28.6655ms
2025-10-30 20:24:04.069 +01:00 [INF] Request starting HTTP/2 GET https://localhost:7025/StoryPlaying/FinishStory?sessionId=3 - null null
2025-10-30 20:24:04.070 +01:00 [INF] Executing endpoint 'Jam.Controllers.StoryPlayingController.FinishStory (Jam)'
2025-10-30 20:24:04.073 +01:00 [INF] Route matched with {action = "FinishStory", controller = "StoryPlaying"}. Executing controller action with signature System.Threading.Tasks.Task`1[Microsoft.AspNetCore.Mvc.IActionResult] FinishStory(Int32) on controller Jam.Controllers.StoryPlayingController (Jam).
2025-10-30 20:24:04.080 +01:00 [INF] Executing ViewResult, running view FinishStory.
2025-10-30 20:24:04.083 +01:00 [INF] Executed ViewResult - view FinishStory executed in 3.3558ms.
2025-10-30 20:24:04.083 +01:00 [INF] Executed action Jam.Controllers.StoryPlayingController.FinishStory (Jam) in 9.8975ms
2025-10-30 20:24:04.083 +01:00 [INF] Executed endpoint 'Jam.Controllers.StoryPlayingController.FinishStory (Jam)'
2025-10-30 20:24:04.083 +01:00 [INF] Request finished HTTP/2 GET https://localhost:7025/StoryPlaying/FinishStory?sessionId=3 - 200 null text/html; charset=utf-8 13.8563ms
2025-10-30 20:24:06.608 +01:00 [INF] Request starting HTTP/2 POST https://localhost:7025/StoryPlaying/FinishStory - application/x-www-form-urlencoded 182
2025-10-30 20:24:06.635 +01:00 [INF] Executing endpoint 'Jam.Controllers.StoryPlayingController.FinishStory (Jam)'
2025-10-30 20:24:06.638 +01:00 [INF] Route matched with {action = "FinishStory", controller = "StoryPlaying"}. Executing controller action with signature Microsoft.AspNetCore.Mvc.IActionResult FinishStory() on controller Jam.Controllers.StoryPlayingController (Jam).
2025-10-30 20:24:06.640 +01:00 [INF] Executing RedirectResult, redirecting to /.
2025-10-30 20:24:06.640 +01:00 [INF] Executed action Jam.Controllers.StoryPlayingController.FinishStory (Jam) in 1.4492ms
2025-10-30 20:24:06.640 +01:00 [INF] Executed endpoint 'Jam.Controllers.StoryPlayingController.FinishStory (Jam)'
2025-10-30 20:24:06.640 +01:00 [INF] Request finished HTTP/2 POST https://localhost:7025/StoryPlaying/FinishStory - 302 0 null 31.5962ms
2025-10-30 20:24:06.645 +01:00 [INF] Request starting HTTP/2 GET https://localhost:7025/ - null null
2025-10-30 20:24:06.669 +01:00 [INF] Executing endpoint 'Jam.Controllers.HomeController.Index (Jam)'
2025-10-30 20:24:06.670 +01:00 [INF] Route matched with {action = "Index", controller = "Home"}. Executing controller action with signature System.Threading.Tasks.Task`1[Microsoft.AspNetCore.Mvc.IActionResult] Index() on controller Jam.Controllers.HomeController (Jam).
2025-10-30 20:24:06.682 +01:00 [INF] Executing ViewResult, running view Index.
2025-10-30 20:24:06.710 +01:00 [INF] Executed ViewResult - view Index executed in 28.104ms.
2025-10-30 20:24:06.762 +01:00 [INF] Executed action Jam.Controllers.HomeController.Index (Jam) in 66.3866ms
2025-10-30 20:24:06.762 +01:00 [INF] Executed endpoint 'Jam.Controllers.HomeController.Index (Jam)'
2025-10-30 20:24:06.806 +01:00 [INF] Request finished HTTP/2 GET https://localhost:7025/ - 200 null text/html; charset=utf-8 161.0169ms
