2025-11-09 17:22:45.432 +01:00 [INF] User profile is available. Using '/Users/jaraazad/.aspnet/DataProtection-Keys' as key repository; keys will not be encrypted at rest.
2025-11-09 17:22:45.878 +01:00 [INF] Applying migration '20251024065541_InitialCreate'.
2025-11-09 17:22:45.946 +01:00 [INF] Applying migration '20251101105657_AddIdentitySupport'.
2025-11-09 17:22:46.038 +01:00 [INF] Applying migration '20251103080324_UpdateNextQuestionSceneDeleteBehavior'.
2025-11-09 17:22:47.187 +01:00 [INF] Now listening on: https://localhost:7025
2025-11-09 17:22:47.188 +01:00 [INF] Now listening on: http://localhost:5262
2025-11-09 17:22:47.192 +01:00 [INF] Application started. Press Ctrl+C to shut down.
2025-11-09 17:22:47.193 +01:00 [INF] Hosting environment: Development
2025-11-09 17:22:47.193 +01:00 [INF] Content root path: /Users/jaraazad/Desktop/Jam
2025-11-09 17:22:47.655 +01:00 [INF] Request starting HTTP/2 GET https://localhost:7025/ - null null
2025-11-09 17:22:47.714 +01:00 [INF] Executing endpoint 'Jam.Controllers.HomeController.Index (Jam)'
2025-11-09 17:22:47.726 +01:00 [INF] Route matched with {action = "Index", controller = "Home", page = "", area = ""}. Executing controller action with signature System.Threading.Tasks.Task`1[Microsoft.AspNetCore.Mvc.IActionResult] Index() on controller Jam.Controllers.HomeController (Jam).
2025-11-09 17:22:47.743 +01:00 [WRN] [HomeController -> Index] Auth cookie invalid or user no longer exists. Redirecting to login.
2025-11-09 17:22:47.791 +01:00 [INF] AuthenticationScheme: Identity.Application signed out.
2025-11-09 17:22:47.858 +01:00 [INF] AuthenticationScheme: Identity.External signed out.
2025-11-09 17:22:47.859 +01:00 [INF] AuthenticationScheme: Identity.TwoFactorUserId signed out.
2025-11-09 17:22:47.868 +01:00 [INF] Executing LocalRedirectResult, redirecting to /Identity/Account/Login.
2025-11-09 17:22:47.888 +01:00 [INF] Executed action Jam.Controllers.HomeController.Index (Jam) in 158.2477ms
2025-11-09 17:22:47.890 +01:00 [INF] Executed endpoint 'Jam.Controllers.HomeController.Index (Jam)'
2025-11-09 17:22:47.896 +01:00 [INF] Request finished HTTP/2 GET https://localhost:7025/ - 302 0 null 243.4702ms
2025-11-09 17:22:47.962 +01:00 [INF] Request starting HTTP/2 GET https://localhost:7025/Identity/Account/Login - null null
2025-11-09 17:22:47.968 +01:00 [INF] Executing endpoint '/Account/Login'
2025-11-09 17:22:47.980 +01:00 [INF] Route matched with {page = "/Account/Login", area = "Identity", action = "", controller = ""}. Executing page /Account/Login
2025-11-09 17:22:47.990 +01:00 [INF] Executing handler method Jam.Areas.Identity.Pages.Account.LoginModel.OnGetAsync - ModelState is "Valid"
2025-11-09 17:22:47.991 +01:00 [INF] AuthenticationScheme: Identity.External signed out.
2025-11-09 17:22:47.991 +01:00 [INF] Executed handler method OnGetAsync, returned result .
2025-11-09 17:22:47.993 +01:00 [INF] Executing an implicit handler method - ModelState is "Valid"
2025-11-09 17:22:47.993 +01:00 [INF] Executed an implicit handler method, returned result Microsoft.AspNetCore.Mvc.RazorPages.PageResult.
2025-11-09 17:22:48.064 +01:00 [INF] Executed page /Account/Login in 83.7256ms
2025-11-09 17:22:48.065 +01:00 [INF] Executed endpoint '/Account/Login'
2025-11-09 17:22:48.069 +01:00 [INF] Request finished HTTP/2 GET https://localhost:7025/Identity/Account/Login - 200 null text/html; charset=utf-8 106.8077ms
2025-11-09 17:22:48.392 +01:00 [INF] Request starting HTTP/2 GET https://localhost:7025/lib/jquery-validation/dist/jquery.validate.min.js - null null
2025-11-09 17:22:48.392 +01:00 [INF] Request starting HTTP/2 GET https://localhost:7025/lib/jquery-validation-unobtrusive/jquery.validate.unobtrusive.min.js - null null
2025-11-09 17:22:48.402 +01:00 [INF] Request finished HTTP/2 GET https://localhost:7025/lib/jquery-validation/dist/jquery.validate.min.js - 404 0 null 10.5677ms
2025-11-09 17:22:48.402 +01:00 [INF] Request finished HTTP/2 GET https://localhost:7025/lib/jquery-validation-unobtrusive/jquery.validate.unobtrusive.min.js - 404 0 null 9.7046ms
2025-11-09 17:22:48.402 +01:00 [INF] Request reached the end of the middleware pipeline without being handled by application code. Request path: GET https://localhost:7025/lib/jquery-validation-unobtrusive/jquery.validate.unobtrusive.min.js, Response status code: 404
2025-11-09 17:22:48.402 +01:00 [INF] Request reached the end of the middleware pipeline without being handled by application code. Request path: GET https://localhost:7025/lib/jquery-validation/dist/jquery.validate.min.js, Response status code: 404
2025-11-09 17:22:49.190 +01:00 [INF] Request starting HTTP/2 POST https://localhost:7025/Identity/Account/Login - application/x-www-form-urlencoded 236
2025-11-09 17:22:49.193 +01:00 [INF] Executing endpoint '/Account/Login'
2025-11-09 17:22:49.193 +01:00 [INF] Route matched with {page = "/Account/Login", area = "Identity", action = "", controller = ""}. Executing page /Account/Login
2025-11-09 17:22:49.206 +01:00 [INF] Executing handler method Jam.Areas.Identity.Pages.Account.LoginModel.OnPostAsync - ModelState is "Valid"
2025-11-09 17:22:49.313 +01:00 [INF] AuthenticationScheme: Identity.Application signed in.
2025-11-09 17:22:49.314 +01:00 [INF] User logged in.
2025-11-09 17:22:49.314 +01:00 [INF] Executed handler method OnPostAsync, returned result Microsoft.AspNetCore.Mvc.LocalRedirectResult.
2025-11-09 17:22:49.314 +01:00 [INF] Executing LocalRedirectResult, redirecting to /.
2025-11-09 17:22:49.314 +01:00 [INF] Executed page /Account/Login in 121.0878ms
2025-11-09 17:22:49.314 +01:00 [INF] Executed endpoint '/Account/Login'
2025-11-09 17:22:49.314 +01:00 [INF] Request finished HTTP/2 POST https://localhost:7025/Identity/Account/Login - 302 0 null 124.6045ms
2025-11-09 17:22:49.321 +01:00 [INF] Request starting HTTP/2 GET https://localhost:7025/ - null null
2025-11-09 17:22:49.345 +01:00 [INF] Executing endpoint 'Jam.Controllers.HomeController.Index (Jam)'
2025-11-09 17:22:49.345 +01:00 [INF] Route matched with {action = "Index", controller = "Home", page = "", area = ""}. Executing controller action with signature System.Threading.Tasks.Task`1[Microsoft.AspNetCore.Mvc.IActionResult] Index() on controller Jam.Controllers.HomeController (Jam).
2025-11-09 17:22:49.392 +01:00 [INF] Executing ViewResult, running view Index.
2025-11-09 17:22:49.407 +01:00 [INF] Executed ViewResult - view Index executed in 15.7401ms.
2025-11-09 17:22:49.436 +01:00 [INF] Executed action Jam.Controllers.HomeController.Index (Jam) in 90.2041ms
2025-11-09 17:22:49.436 +01:00 [INF] Executed endpoint 'Jam.Controllers.HomeController.Index (Jam)'
2025-11-09 17:22:49.436 +01:00 [INF] Request finished HTTP/2 GET https://localhost:7025/ - 200 null text/html; charset=utf-8 115.7204ms
2025-11-09 17:22:50.140 +01:00 [INF] Request starting HTTP/2 GET https://localhost:7025/StoryEditing/EditStory?storyId=1 - null null
2025-11-09 17:22:50.143 +01:00 [INF] Executing endpoint 'Jam.Controllers.StoryEditingController.EditStory (Jam)'
2025-11-09 17:22:50.145 +01:00 [INF] Route matched with {action = "EditStory", controller = "StoryEditing", page = "", area = ""}. Executing controller action with signature System.Threading.Tasks.Task`1[Microsoft.AspNetCore.Mvc.IActionResult] EditStory(Int32) on controller Jam.Controllers.StoryEditingController (Jam).
2025-11-09 17:22:50.154 +01:00 [INF] Executing ViewResult, running view EditStory.
2025-11-09 17:22:50.175 +01:00 [INF] Executed ViewResult - view EditStory executed in 20.7208ms.
2025-11-09 17:22:50.197 +01:00 [INF] Executed action Jam.Controllers.StoryEditingController.EditStory (Jam) in 51.2468ms
2025-11-09 17:22:50.222 +01:00 [INF] Executed endpoint 'Jam.Controllers.StoryEditingController.EditStory (Jam)'
2025-11-09 17:22:50.223 +01:00 [INF] Request finished HTTP/2 GET https://localhost:7025/StoryEditing/EditStory?storyId=1 - 200 null text/html; charset=utf-8 82.429ms
2025-11-09 17:22:51.006 +01:00 [INF] Request starting HTTP/2 GET https://localhost:7025/StoryEditing/EditQuestionScenes?storyId=1 - null null
2025-11-09 17:22:51.009 +01:00 [INF] Executing endpoint 'Jam.Controllers.StoryEditingController.EditQuestionScenes (Jam)'
2025-11-09 17:22:51.014 +01:00 [INF] Route matched with {action = "EditQuestionScenes", controller = "StoryEditing", page = "", area = ""}. Executing controller action with signature System.Threading.Tasks.Task`1[Microsoft.AspNetCore.Mvc.IActionResult] EditQuestionScenes(Int32) on controller Jam.Controllers.StoryEditingController (Jam).
2025-11-09 17:22:51.080 +01:00 [INF] Executing ViewResult, running view EditQuestionScenes.
2025-11-09 17:22:51.120 +01:00 [INF] Executed ViewResult - view EditQuestionScenes executed in 40.4252ms.
2025-11-09 17:22:51.120 +01:00 [INF] Executed action Jam.Controllers.StoryEditingController.EditQuestionScenes (Jam) in 106.1941ms
2025-11-09 17:22:51.120 +01:00 [INF] Executed endpoint 'Jam.Controllers.StoryEditingController.EditQuestionScenes (Jam)'
2025-11-09 17:22:51.120 +01:00 [INF] Request finished HTTP/2 GET https://localhost:7025/StoryEditing/EditQuestionScenes?storyId=1 - 200 null text/html; charset=utf-8 114.6636ms
2025-11-09 17:22:53.230 +01:00 [INF] Request starting HTTP/2 GET https://localhost:7025/StoryEditing/GetEditQuestionScenePartial?index=4&questionNumber=5 - null null
2025-11-09 17:22:53.252 +01:00 [INF] Executing endpoint 'Jam.Controllers.StoryEditingController.GetEditQuestionScenePartial (Jam)'
2025-11-09 17:22:53.255 +01:00 [INF] Route matched with {action = "GetEditQuestionScenePartial", controller = "StoryEditing", page = "", area = ""}. Executing controller action with signature Microsoft.AspNetCore.Mvc.IActionResult GetEditQuestionScenePartial(Int32, Int32) on controller Jam.Controllers.StoryEditingController (Jam).
2025-11-09 17:22:53.262 +01:00 [INF] Executing PartialViewResult, running view ~/Views/Shared/_EditQuestionScenePartial.cshtml.
2025-11-09 17:22:53.340 +01:00 [INF] Executed PartialViewResult - view ~/Views/Shared/_EditQuestionScenePartial.cshtml executed in 78.629ms.
2025-11-09 17:22:53.340 +01:00 [INF] Executed action Jam.Controllers.StoryEditingController.GetEditQuestionScenePartial (Jam) in 84.7666ms
2025-11-09 17:22:53.340 +01:00 [INF] Executed endpoint 'Jam.Controllers.StoryEditingController.GetEditQuestionScenePartial (Jam)'
2025-11-09 17:22:53.341 +01:00 [INF] Request finished HTTP/2 GET https://localhost:7025/StoryEditing/GetEditQuestionScenePartial?index=4&questionNumber=5 - 200 null text/html; charset=utf-8 136.4376ms
2025-11-09 17:23:01.917 +01:00 [INF] Request starting HTTP/2 POST https://localhost:7025/StoryEditing/EditQuestionScenes - application/x-www-form-urlencoded 6874
2025-11-09 17:23:01.920 +01:00 [INF] Executing endpoint 'Jam.Controllers.StoryEditingController.EditQuestionScenes (Jam)'
2025-11-09 17:23:01.930 +01:00 [INF] Route matched with {action = "EditQuestionScenes", controller = "StoryEditing", page = "", area = ""}. Executing controller action with signature System.Threading.Tasks.Task`1[Microsoft.AspNetCore.Mvc.IActionResult] EditQuestionScenes(Int32, System.Collections.Generic.List`1[Jam.ViewModels.QuestionSceneBaseViewModel], System.String) on controller Jam.Controllers.StoryEditingController (Jam).
2025-11-09 17:23:02.010 +01:00 [INF] [🔹SceneRepository -> UpdateQuestionScenes] Endringer lagret for storyId=1. 🔹Added=1, Updated=4, Deleted=0
2025-11-09 17:23:02.011 +01:00 [INF] Executing RedirectResult, redirecting to /StoryEditing/EditStory?storyId=1.
2025-11-09 17:23:02.011 +01:00 [INF] Executed action Jam.Controllers.StoryEditingController.EditQuestionScenes (Jam) in 81.016ms
2025-11-09 17:23:02.011 +01:00 [INF] Executed endpoint 'Jam.Controllers.StoryEditingController.EditQuestionScenes (Jam)'
2025-11-09 17:23:02.012 +01:00 [INF] Request finished HTTP/2 POST https://localhost:7025/StoryEditing/EditQuestionScenes - 302 0 null 119.8087ms
2025-11-09 17:23:02.018 +01:00 [INF] Request starting HTTP/2 GET https://localhost:7025/StoryEditing/EditStory?storyId=1 - null null
2025-11-09 17:23:02.018 +01:00 [INF] Executing endpoint 'Jam.Controllers.StoryEditingController.EditStory (Jam)'
2025-11-09 17:23:02.018 +01:00 [INF] Route matched with {action = "EditStory", controller = "StoryEditing", page = "", area = ""}. Executing controller action with signature System.Threading.Tasks.Task`1[Microsoft.AspNetCore.Mvc.IActionResult] EditStory(Int32) on controller Jam.Controllers.StoryEditingController (Jam).
2025-11-09 17:23:02.022 +01:00 [INF] Executing ViewResult, running view EditStory.
2025-11-09 17:23:02.025 +01:00 [INF] Executed ViewResult - view EditStory executed in 3.0297ms.
2025-11-09 17:23:02.026 +01:00 [INF] Executed action Jam.Controllers.StoryEditingController.EditStory (Jam) in 7.941ms
2025-11-09 17:23:02.026 +01:00 [INF] Executed endpoint 'Jam.Controllers.StoryEditingController.EditStory (Jam)'
2025-11-09 17:23:02.026 +01:00 [INF] Request finished HTTP/2 GET https://localhost:7025/StoryEditing/EditStory?storyId=1 - 200 null text/html; charset=utf-8 8.8301ms
2025-11-09 17:23:03.123 +01:00 [INF] Request starting HTTP/2 GET https://localhost:7025/ - null null
2025-11-09 17:23:03.125 +01:00 [INF] Executing endpoint 'Jam.Controllers.HomeController.Index (Jam)'
2025-11-09 17:23:03.125 +01:00 [INF] Route matched with {action = "Index", controller = "Home", page = "", area = ""}. Executing controller action with signature System.Threading.Tasks.Task`1[Microsoft.AspNetCore.Mvc.IActionResult] Index() on controller Jam.Controllers.HomeController (Jam).
2025-11-09 17:23:03.139 +01:00 [INF] Executing ViewResult, running view Index.
2025-11-09 17:23:03.194 +01:00 [INF] Executed ViewResult - view Index executed in 54.2339ms.
2025-11-09 17:23:03.195 +01:00 [INF] Executed action Jam.Controllers.HomeController.Index (Jam) in 69.6412ms
2025-11-09 17:23:03.195 +01:00 [INF] Executed endpoint 'Jam.Controllers.HomeController.Index (Jam)'
2025-11-09 17:23:03.195 +01:00 [INF] Request finished HTTP/2 GET https://localhost:7025/ - 200 null text/html; charset=utf-8 72.3328ms
2025-11-09 17:23:04.002 +01:00 [INF] Request starting HTTP/2 GET https://localhost:7025/StoryManagement/StoryDetails?storyId=1 - null null
2025-11-09 17:23:04.030 +01:00 [INF] Executing endpoint 'Jam.Controllers.StoryManagementController.StoryDetails (Jam)'
2025-11-09 17:23:04.034 +01:00 [INF] Route matched with {action = "StoryDetails", controller = "StoryManagement", page = "", area = ""}. Executing controller action with signature System.Threading.Tasks.Task`1[Microsoft.AspNetCore.Mvc.IActionResult] StoryDetails(Int32) on controller Jam.Controllers.StoryManagementController (Jam).
2025-11-09 17:23:04.040 +01:00 [INF] Executing ViewResult, running view StoryDetails.
2025-11-09 17:23:04.123 +01:00 [INF] Executed ViewResult - view StoryDetails executed in 83.4925ms.
2025-11-09 17:23:04.147 +01:00 [INF] Executed action Jam.Controllers.StoryManagementController.StoryDetails (Jam) in 112.4147ms
2025-11-09 17:23:04.148 +01:00 [INF] Executed endpoint 'Jam.Controllers.StoryManagementController.StoryDetails (Jam)'
2025-11-09 17:23:04.148 +01:00 [INF] Request finished HTTP/2 GET https://localhost:7025/StoryManagement/StoryDetails?storyId=1 - 200 null text/html; charset=utf-8 145.8177ms
2025-11-09 17:23:05.419 +01:00 [INF] Request starting HTTP/2 GET https://localhost:7025/StoryPlaying/StartStory?storyId=1 - null null
2025-11-09 17:23:05.444 +01:00 [INF] Executing endpoint 'Jam.Controllers.StoryPlayingController.StartStory (Jam)'
2025-11-09 17:23:05.450 +01:00 [INF] Route matched with {action = "StartStory", controller = "StoryPlaying", page = "", area = ""}. Executing controller action with signature System.Threading.Tasks.Task`1[Microsoft.AspNetCore.Mvc.IActionResult] StartStory(Int32) on controller Jam.Controllers.StoryPlayingController (Jam).
2025-11-09 17:23:05.490 +01:00 [INF] Executing RedirectResult, redirecting to /StoryPlaying/PlayScene?sceneId=3&SceneType=Intro&sessionId=3.
2025-11-09 17:23:05.491 +01:00 [INF] Executed action Jam.Controllers.StoryPlayingController.StartStory (Jam) in 39.9776ms
2025-11-09 17:23:05.491 +01:00 [INF] Executed endpoint 'Jam.Controllers.StoryPlayingController.StartStory (Jam)'
2025-11-09 17:23:05.491 +01:00 [INF] Request finished HTTP/2 GET https://localhost:7025/StoryPlaying/StartStory?storyId=1 - 302 0 null 97.3596ms
2025-11-09 17:23:05.567 +01:00 [INF] Request starting HTTP/2 GET https://localhost:7025/StoryPlaying/PlayScene?sceneId=3&SceneType=Intro&sessionId=3 - null null
2025-11-09 17:23:05.591 +01:00 [INF] Executing endpoint 'Jam.Controllers.StoryPlayingController.PlayScene (Jam)'
2025-11-09 17:23:05.595 +01:00 [INF] Route matched with {action = "PlayScene", controller = "StoryPlaying", page = "", area = ""}. Executing controller action with signature System.Threading.Tasks.Task`1[Microsoft.AspNetCore.Mvc.IActionResult] PlayScene(Int32, Jam.Models.Enums.SceneType, Int32) on controller Jam.Controllers.StoryPlayingController (Jam).
2025-11-09 17:23:05.612 +01:00 [INF] Executing ViewResult, running view PlayScene.
2025-11-09 17:23:05.636 +01:00 [INF] Executed ViewResult - view PlayScene executed in 24.1781ms.
2025-11-09 17:23:05.636 +01:00 [INF] Executed action Jam.Controllers.StoryPlayingController.PlayScene (Jam) in 41.6117ms
2025-11-09 17:23:05.636 +01:00 [INF] Executed endpoint 'Jam.Controllers.StoryPlayingController.PlayScene (Jam)'
2025-11-09 17:23:05.637 +01:00 [INF] Request finished HTTP/2 GET https://localhost:7025/StoryPlaying/PlayScene?sceneId=3&SceneType=Intro&sessionId=3 - 200 null text/html; charset=utf-8 89.969ms
2025-11-09 17:23:05.658 +01:00 [INF] Request starting HTTP/2 GET https://localhost:7025/lib/jquery-validation/dist/jquery.validate.min.js - null null
2025-11-09 17:23:05.658 +01:00 [INF] Request starting HTTP/2 GET https://localhost:7025/lib/jquery/dist/jquery.min.js - null null
2025-11-09 17:23:05.658 +01:00 [INF] Request starting HTTP/2 GET https://localhost:7025/lib/jquery-validation-unobtrusive/jquery.validate.unobtrusive.min.js - null null
2025-11-09 17:23:05.734 +01:00 [INF] Request finished HTTP/2 GET https://localhost:7025/lib/jquery-validation-unobtrusive/jquery.validate.unobtrusive.min.js - 404 0 null 75.443ms
2025-11-09 17:23:05.734 +01:00 [INF] Request finished HTTP/2 GET https://localhost:7025/lib/jquery/dist/jquery.min.js - 404 0 null 75.4857ms
2025-11-09 17:23:05.734 +01:00 [INF] Request finished HTTP/2 GET https://localhost:7025/lib/jquery-validation/dist/jquery.validate.min.js - 404 0 null 75.4663ms
2025-11-09 17:23:05.734 +01:00 [INF] Request reached the end of the middleware pipeline without being handled by application code. Request path: GET https://localhost:7025/lib/jquery/dist/jquery.min.js, Response status code: 404
2025-11-09 17:23:05.734 +01:00 [INF] Request reached the end of the middleware pipeline without being handled by application code. Request path: GET https://localhost:7025/lib/jquery-validation/dist/jquery.validate.min.js, Response status code: 404
2025-11-09 17:23:05.734 +01:00 [INF] Request reached the end of the middleware pipeline without being handled by application code. Request path: GET https://localhost:7025/lib/jquery-validation-unobtrusive/jquery.validate.unobtrusive.min.js, Response status code: 404
2025-11-09 17:23:06.840 +01:00 [INF] Request starting HTTP/2 POST https://localhost:7025/StoryPlaying/PlayScene - application/x-www-form-urlencoded 540
2025-11-09 17:23:06.842 +01:00 [INF] Executing endpoint 'Jam.Controllers.StoryPlayingController.PlayScene (Jam)'
2025-11-09 17:23:06.856 +01:00 [INF] Route matched with {action = "PlayScene", controller = "StoryPlaying", page = "", area = ""}. Executing controller action with signature System.Threading.Tasks.Task`1[Microsoft.AspNetCore.Mvc.IActionResult] PlayScene(Jam.ViewModels.StoryPlaying.PlaySceneViewModel) on controller Jam.Controllers.StoryPlayingController (Jam).
2025-11-09 17:23:06.907 +01:00 [INF] Executing RedirectResult, redirecting to /StoryPlaying/PlayScene?sceneId=4&sceneType=Question&sessionId=3.
2025-11-09 17:23:06.907 +01:00 [INF] Executed action Jam.Controllers.StoryPlayingController.PlayScene (Jam) in 51.475ms
2025-11-09 17:23:06.907 +01:00 [INF] Executed endpoint 'Jam.Controllers.StoryPlayingController.PlayScene (Jam)'
2025-11-09 17:23:06.908 +01:00 [INF] Request finished HTTP/2 POST https://localhost:7025/StoryPlaying/PlayScene - 302 0 null 68.1995ms
2025-11-09 17:23:06.911 +01:00 [INF] Request starting HTTP/2 GET https://localhost:7025/StoryPlaying/PlayScene?sceneId=4&sceneType=Question&sessionId=3 - null null
2025-11-09 17:23:06.911 +01:00 [INF] Executing endpoint 'Jam.Controllers.StoryPlayingController.PlayScene (Jam)'
2025-11-09 17:23:06.911 +01:00 [INF] Route matched with {action = "PlayScene", controller = "StoryPlaying", page = "", area = ""}. Executing controller action with signature System.Threading.Tasks.Task`1[Microsoft.AspNetCore.Mvc.IActionResult] PlayScene(Int32, Jam.Models.Enums.SceneType, Int32) on controller Jam.Controllers.StoryPlayingController (Jam).
2025-11-09 17:23:06.925 +01:00 [INF] Executing ViewResult, running view PlayScene.
2025-11-09 17:23:06.950 +01:00 [INF] Executed ViewResult - view PlayScene executed in 25.3054ms.
2025-11-09 17:23:06.977 +01:00 [INF] Executed action Jam.Controllers.StoryPlayingController.PlayScene (Jam) in 64.9093ms
2025-11-09 17:23:07.074 +01:00 [INF] Executed endpoint 'Jam.Controllers.StoryPlayingController.PlayScene (Jam)'
2025-11-09 17:23:07.074 +01:00 [INF] Request starting HTTP/2 GET https://localhost:7025/lib/jquery/dist/jquery.min.js - null null
2025-11-09 17:23:07.074 +01:00 [INF] Request starting HTTP/2 GET https://localhost:7025/lib/jquery-validation/dist/jquery.validate.min.js - null null
2025-11-09 17:23:07.124 +01:00 [INF] Request starting HTTP/2 GET https://localhost:7025/lib/jquery-validation-unobtrusive/jquery.validate.unobtrusive.min.js - null null
2025-11-09 17:23:07.125 +01:00 [INF] Request finished HTTP/2 GET https://localhost:7025/StoryPlaying/PlayScene?sceneId=4&sceneType=Question&sessionId=3 - 200 null text/html; charset=utf-8 214.0645ms
2025-11-09 17:23:07.151 +01:00 [INF] Request finished HTTP/2 GET https://localhost:7025/lib/jquery-validation/dist/jquery.validate.min.js - 404 0 null 76.8012ms
2025-11-09 17:23:07.151 +01:00 [INF] Request reached the end of the middleware pipeline without being handled by application code. Request path: GET https://localhost:7025/lib/jquery-validation/dist/jquery.validate.min.js, Response status code: 404
2025-11-09 17:23:07.151 +01:00 [INF] Request finished HTTP/2 GET https://localhost:7025/lib/jquery/dist/jquery.min.js - 404 0 null 76.9006ms
2025-11-09 17:23:07.151 +01:00 [INF] Request finished HTTP/2 GET https://localhost:7025/lib/jquery-validation-unobtrusive/jquery.validate.unobtrusive.min.js - 404 0 null 52.3421ms
2025-11-09 17:23:07.153 +01:00 [INF] Request reached the end of the middleware pipeline without being handled by application code. Request path: GET https://localhost:7025/lib/jquery/dist/jquery.min.js, Response status code: 404
2025-11-09 17:23:07.153 +01:00 [INF] Request reached the end of the middleware pipeline without being handled by application code. Request path: GET https://localhost:7025/lib/jquery-validation-unobtrusive/jquery.validate.unobtrusive.min.js, Response status code: 404
2025-11-09 17:23:09.328 +01:00 [INF] Request starting HTTP/2 POST https://localhost:7025/StoryPlaying/PlayScene - application/x-www-form-urlencoded 645
2025-11-09 17:23:09.331 +01:00 [INF] Executing endpoint 'Jam.Controllers.StoryPlayingController.PlayScene (Jam)'
2025-11-09 17:23:09.332 +01:00 [INF] Route matched with {action = "PlayScene", controller = "StoryPlaying", page = "", area = ""}. Executing controller action with signature System.Threading.Tasks.Task`1[Microsoft.AspNetCore.Mvc.IActionResult] PlayScene(Jam.ViewModels.StoryPlaying.PlaySceneViewModel) on controller Jam.Controllers.StoryPlayingController (Jam).
2025-11-09 17:23:09.358 +01:00 [INF] Executing RedirectResult, redirecting to /StoryPlaying/AnswerFeedback.
2025-11-09 17:23:09.359 +01:00 [INF] Executed action Jam.Controllers.StoryPlayingController.PlayScene (Jam) in 26.9596ms
2025-11-09 17:23:09.359 +01:00 [INF] Executed endpoint 'Jam.Controllers.StoryPlayingController.PlayScene (Jam)'
2025-11-09 17:23:09.359 +01:00 [INF] Request finished HTTP/2 POST https://localhost:7025/StoryPlaying/PlayScene - 302 0 null 52.6746ms
2025-11-09 17:23:09.368 +01:00 [INF] Request starting HTTP/2 GET https://localhost:7025/StoryPlaying/AnswerFeedback - null null
2025-11-09 17:23:09.393 +01:00 [INF] Executing endpoint 'Jam.Controllers.StoryPlayingController.AnswerFeedback (Jam)'
2025-11-09 17:23:09.395 +01:00 [INF] Route matched with {action = "AnswerFeedback", controller = "StoryPlaying", page = "", area = ""}. Executing controller action with signature Microsoft.AspNetCore.Mvc.IActionResult AnswerFeedback() on controller Jam.Controllers.StoryPlayingController (Jam).
2025-11-09 17:23:09.398 +01:00 [INF] Executing ViewResult, running view AnswerFeedback.
2025-11-09 17:23:09.489 +01:00 [INF] Executed ViewResult - view AnswerFeedback executed in 90.9738ms.
2025-11-09 17:23:09.539 +01:00 [INF] Executed action Jam.Controllers.StoryPlayingController.AnswerFeedback (Jam) in 143.7771ms
2025-11-09 17:23:09.540 +01:00 [INF] Executed endpoint 'Jam.Controllers.StoryPlayingController.AnswerFeedback (Jam)'
2025-11-09 17:23:09.541 +01:00 [INF] Request finished HTTP/2 GET https://localhost:7025/StoryPlaying/AnswerFeedback - 200 null text/html; charset=utf-8 172.9882ms
2025-11-09 17:23:10.275 +01:00 [INF] Request starting HTTP/2 POST https://localhost:7025/StoryPlaying/AnswerFeedback - application/x-www-form-urlencoded 307
2025-11-09 17:23:10.276 +01:00 [INF] Executing endpoint 'Jam.Controllers.StoryPlayingController.AnswerFeedback (Jam)'
2025-11-09 17:23:10.281 +01:00 [INF] Route matched with {action = "AnswerFeedback", controller = "StoryPlaying", page = "", area = ""}. Executing controller action with signature System.Threading.Tasks.Task`1[Microsoft.AspNetCore.Mvc.IActionResult] AnswerFeedback(Jam.ViewModels.StoryPlaying.AnswerFeedbackViewModel) on controller Jam.Controllers.StoryPlayingController (Jam).
2025-11-09 17:23:10.291 +01:00 [INF] Executing RedirectResult, redirecting to /StoryPlaying/PlayScene?sceneId=3&sceneType=Question&sessionId=3.
2025-11-09 17:23:10.291 +01:00 [INF] Executed action Jam.Controllers.StoryPlayingController.AnswerFeedback (Jam) in 10.59ms
2025-11-09 17:23:10.291 +01:00 [INF] Executed endpoint 'Jam.Controllers.StoryPlayingController.AnswerFeedback (Jam)'
2025-11-09 17:23:10.292 +01:00 [INF] Request finished HTTP/2 POST https://localhost:7025/StoryPlaying/AnswerFeedback - 302 0 null 16.9676ms
2025-11-09 17:23:10.295 +01:00 [INF] Request starting HTTP/2 GET https://localhost:7025/StoryPlaying/PlayScene?sceneId=3&sceneType=Question&sessionId=3 - null null
2025-11-09 17:23:10.321 +01:00 [INF] Executing endpoint 'Jam.Controllers.StoryPlayingController.PlayScene (Jam)'
2025-11-09 17:23:10.321 +01:00 [INF] Route matched with {action = "PlayScene", controller = "StoryPlaying", page = "", area = ""}. Executing controller action with signature System.Threading.Tasks.Task`1[Microsoft.AspNetCore.Mvc.IActionResult] PlayScene(Int32, Jam.Models.Enums.SceneType, Int32) on controller Jam.Controllers.StoryPlayingController (Jam).
2025-11-09 17:23:10.326 +01:00 [INF] Executing ViewResult, running view PlayScene.
2025-11-09 17:23:10.329 +01:00 [INF] Executed ViewResult - view PlayScene executed in 3.1566ms.
2025-11-09 17:23:10.331 +01:00 [INF] Executed action Jam.Controllers.StoryPlayingController.PlayScene (Jam) in 9.0453ms
2025-11-09 17:23:10.331 +01:00 [INF] Executed endpoint 'Jam.Controllers.StoryPlayingController.PlayScene (Jam)'
2025-11-09 17:23:10.358 +01:00 [INF] Request starting HTTP/2 GET https://localhost:7025/lib/jquery-validation-unobtrusive/jquery.validate.unobtrusive.min.js - null null
2025-11-09 17:23:10.358 +01:00 [INF] Request starting HTTP/2 GET https://localhost:7025/lib/jquery-validation/dist/jquery.validate.min.js - null null
2025-11-09 17:23:10.382 +01:00 [INF] Request starting HTTP/2 GET https://localhost:7025/lib/jquery/dist/jquery.min.js - null null
2025-11-09 17:23:10.382 +01:00 [INF] Request finished HTTP/2 GET https://localhost:7025/lib/jquery-validation/dist/jquery.validate.min.js - 404 0 null 24.2872ms
2025-11-09 17:23:10.382 +01:00 [INF] Request finished HTTP/2 GET https://localhost:7025/StoryPlaying/PlayScene?sceneId=3&sceneType=Question&sessionId=3 - 200 null text/html; charset=utf-8 87.2345ms
2025-11-09 17:23:10.382 +01:00 [INF] Request reached the end of the middleware pipeline without being handled by application code. Request path: GET https://localhost:7025/lib/jquery-validation/dist/jquery.validate.min.js, Response status code: 404
2025-11-09 17:23:10.382 +01:00 [INF] Request finished HTTP/2 GET https://localhost:7025/lib/jquery/dist/jquery.min.js - 404 0 null 24.8498ms
2025-11-09 17:23:10.383 +01:00 [INF] Request reached the end of the middleware pipeline without being handled by application code. Request path: GET https://localhost:7025/lib/jquery/dist/jquery.min.js, Response status code: 404
2025-11-09 17:23:10.383 +01:00 [INF] Request finished HTTP/2 GET https://localhost:7025/lib/jquery-validation-unobtrusive/jquery.validate.unobtrusive.min.js - 404 0 null 25.009ms
2025-11-09 17:23:10.383 +01:00 [INF] Request reached the end of the middleware pipeline without being handled by application code. Request path: GET https://localhost:7025/lib/jquery-validation-unobtrusive/jquery.validate.unobtrusive.min.js, Response status code: 404
2025-11-09 17:23:13.841 +01:00 [INF] Request starting HTTP/2 POST https://localhost:7025/StoryPlaying/PlayScene - application/x-www-form-urlencoded 656
2025-11-09 17:23:13.844 +01:00 [INF] Executing endpoint 'Jam.Controllers.StoryPlayingController.PlayScene (Jam)'
2025-11-09 17:23:13.844 +01:00 [INF] Route matched with {action = "PlayScene", controller = "StoryPlaying", page = "", area = ""}. Executing controller action with signature System.Threading.Tasks.Task`1[Microsoft.AspNetCore.Mvc.IActionResult] PlayScene(Jam.ViewModels.StoryPlaying.PlaySceneViewModel) on controller Jam.Controllers.StoryPlayingController (Jam).
2025-11-09 17:23:13.854 +01:00 [INF] Executing RedirectResult, redirecting to /StoryPlaying/AnswerFeedback.
2025-11-09 17:23:13.855 +01:00 [INF] Executed action Jam.Controllers.StoryPlayingController.PlayScene (Jam) in 10.642ms
2025-11-09 17:23:13.855 +01:00 [INF] Executed endpoint 'Jam.Controllers.StoryPlayingController.PlayScene (Jam)'
2025-11-09 17:23:13.855 +01:00 [INF] Request finished HTTP/2 POST https://localhost:7025/StoryPlaying/PlayScene - 302 0 null 14.0291ms
2025-11-09 17:23:13.859 +01:00 [INF] Request starting HTTP/2 GET https://localhost:7025/StoryPlaying/AnswerFeedback - null null
2025-11-09 17:23:13.883 +01:00 [INF] Executing endpoint 'Jam.Controllers.StoryPlayingController.AnswerFeedback (Jam)'
2025-11-09 17:23:13.883 +01:00 [INF] Route matched with {action = "AnswerFeedback", controller = "StoryPlaying", page = "", area = ""}. Executing controller action with signature Microsoft.AspNetCore.Mvc.IActionResult AnswerFeedback() on controller Jam.Controllers.StoryPlayingController (Jam).
2025-11-09 17:23:13.883 +01:00 [INF] Executing ViewResult, running view AnswerFeedback.
2025-11-09 17:23:13.934 +01:00 [INF] Executed ViewResult - view AnswerFeedback executed in 51.1856ms.
2025-11-09 17:23:13.935 +01:00 [INF] Executed action Jam.Controllers.StoryPlayingController.AnswerFeedback (Jam) in 51.9901ms
2025-11-09 17:23:13.935 +01:00 [INF] Executed endpoint 'Jam.Controllers.StoryPlayingController.AnswerFeedback (Jam)'
2025-11-09 17:23:13.935 +01:00 [INF] Request finished HTTP/2 GET https://localhost:7025/StoryPlaying/AnswerFeedback - 200 null text/html; charset=utf-8 76.4575ms
2025-11-09 17:23:14.614 +01:00 [INF] Request starting HTTP/2 POST https://localhost:7025/StoryPlaying/AnswerFeedback - application/x-www-form-urlencoded 307
2025-11-09 17:23:14.641 +01:00 [INF] Executing endpoint 'Jam.Controllers.StoryPlayingController.AnswerFeedback (Jam)'
2025-11-09 17:23:14.642 +01:00 [INF] Route matched with {action = "AnswerFeedback", controller = "StoryPlaying", page = "", area = ""}. Executing controller action with signature System.Threading.Tasks.Task`1[Microsoft.AspNetCore.Mvc.IActionResult] AnswerFeedback(Jam.ViewModels.StoryPlaying.AnswerFeedbackViewModel) on controller Jam.Controllers.StoryPlayingController (Jam).
2025-11-09 17:23:14.650 +01:00 [INF] Executing RedirectResult, redirecting to /StoryPlaying/PlayScene?sceneId=2&sceneType=Question&sessionId=3.
2025-11-09 17:23:14.650 +01:00 [INF] Executed action Jam.Controllers.StoryPlayingController.AnswerFeedback (Jam) in 8.3399ms
2025-11-09 17:23:14.650 +01:00 [INF] Executed endpoint 'Jam.Controllers.StoryPlayingController.AnswerFeedback (Jam)'
2025-11-09 17:23:14.650 +01:00 [INF] Request finished HTTP/2 POST https://localhost:7025/StoryPlaying/AnswerFeedback - 302 0 null 61.4687ms
2025-11-09 17:23:14.654 +01:00 [INF] Request starting HTTP/2 GET https://localhost:7025/StoryPlaying/PlayScene?sceneId=2&sceneType=Question&sessionId=3 - null null
2025-11-09 17:23:14.680 +01:00 [INF] Executing endpoint 'Jam.Controllers.StoryPlayingController.PlayScene (Jam)'
2025-11-09 17:23:14.681 +01:00 [INF] Route matched with {action = "PlayScene", controller = "StoryPlaying", page = "", area = ""}. Executing controller action with signature System.Threading.Tasks.Task`1[Microsoft.AspNetCore.Mvc.IActionResult] PlayScene(Int32, Jam.Models.Enums.SceneType, Int32) on controller Jam.Controllers.StoryPlayingController (Jam).
2025-11-09 17:23:14.686 +01:00 [INF] Executing ViewResult, running view PlayScene.
2025-11-09 17:23:14.688 +01:00 [INF] Executed ViewResult - view PlayScene executed in 2.5166ms.
2025-11-09 17:23:14.690 +01:00 [INF] Executed action Jam.Controllers.StoryPlayingController.PlayScene (Jam) in 9.0477ms
2025-11-09 17:23:14.690 +01:00 [INF] Executed endpoint 'Jam.Controllers.StoryPlayingController.PlayScene (Jam)'
2025-11-09 17:23:14.715 +01:00 [INF] Request finished HTTP/2 GET https://localhost:7025/StoryPlaying/PlayScene?sceneId=2&sceneType=Question&sessionId=3 - 200 null text/html; charset=utf-8 61.2999ms
2025-11-09 17:23:14.715 +01:00 [INF] Request starting HTTP/2 GET https://localhost:7025/lib/jquery/dist/jquery.min.js - null null
2025-11-09 17:23:14.741 +01:00 [INF] Request starting HTTP/2 GET https://localhost:7025/lib/jquery-validation/dist/jquery.validate.min.js - null null
2025-11-09 17:23:14.715 +01:00 [INF] Request starting HTTP/2 GET https://localhost:7025/lib/jquery-validation-unobtrusive/jquery.validate.unobtrusive.min.js - null null
2025-11-09 17:23:14.742 +01:00 [INF] Request finished HTTP/2 GET https://localhost:7025/lib/jquery-validation-unobtrusive/jquery.validate.unobtrusive.min.js - 404 0 null 26.8444ms
2025-11-09 17:23:14.742 +01:00 [INF] Request finished HTTP/2 GET https://localhost:7025/lib/jquery/dist/jquery.min.js - 404 0 null 26.9826ms
2025-11-09 17:23:14.742 +01:00 [INF] Request reached the end of the middleware pipeline without being handled by application code. Request path: GET https://localhost:7025/lib/jquery-validation-unobtrusive/jquery.validate.unobtrusive.min.js, Response status code: 404
2025-11-09 17:23:14.742 +01:00 [INF] Request finished HTTP/2 GET https://localhost:7025/lib/jquery-validation/dist/jquery.validate.min.js - 404 0 null 25.7268ms
2025-11-09 17:23:14.742 +01:00 [INF] Request reached the end of the middleware pipeline without being handled by application code. Request path: GET https://localhost:7025/lib/jquery/dist/jquery.min.js, Response status code: 404
2025-11-09 17:23:14.742 +01:00 [INF] Request reached the end of the middleware pipeline without being handled by application code. Request path: GET https://localhost:7025/lib/jquery-validation/dist/jquery.validate.min.js, Response status code: 404
2025-11-09 17:23:16.891 +01:00 [INF] Request starting HTTP/2 POST https://localhost:7025/StoryPlaying/PlayScene - application/x-www-form-urlencoded 626
2025-11-09 17:23:16.918 +01:00 [INF] Executing endpoint 'Jam.Controllers.StoryPlayingController.PlayScene (Jam)'
2025-11-09 17:23:16.918 +01:00 [INF] Route matched with {action = "PlayScene", controller = "StoryPlaying", page = "", area = ""}. Executing controller action with signature System.Threading.Tasks.Task`1[Microsoft.AspNetCore.Mvc.IActionResult] PlayScene(Jam.ViewModels.StoryPlaying.PlaySceneViewModel) on controller Jam.Controllers.StoryPlayingController (Jam).
2025-11-09 17:23:16.933 +01:00 [INF] Executing RedirectResult, redirecting to /StoryPlaying/AnswerFeedback.
2025-11-09 17:23:16.933 +01:00 [INF] Executed action Jam.Controllers.StoryPlayingController.PlayScene (Jam) in 15.3017ms
2025-11-09 17:23:16.933 +01:00 [INF] Executed endpoint 'Jam.Controllers.StoryPlayingController.PlayScene (Jam)'
2025-11-09 17:23:16.933 +01:00 [INF] Request finished HTTP/2 POST https://localhost:7025/StoryPlaying/PlayScene - 302 0 null 42.2836ms
2025-11-09 17:23:16.936 +01:00 [INF] Request starting HTTP/2 GET https://localhost:7025/StoryPlaying/AnswerFeedback - null null
2025-11-09 17:23:16.988 +01:00 [INF] Executing endpoint 'Jam.Controllers.StoryPlayingController.AnswerFeedback (Jam)'
2025-11-09 17:23:16.988 +01:00 [INF] Route matched with {action = "AnswerFeedback", controller = "StoryPlaying", page = "", area = ""}. Executing controller action with signature Microsoft.AspNetCore.Mvc.IActionResult AnswerFeedback() on controller Jam.Controllers.StoryPlayingController (Jam).
2025-11-09 17:23:16.988 +01:00 [INF] Executing ViewResult, running view AnswerFeedback.
2025-11-09 17:23:16.995 +01:00 [INF] Executed ViewResult - view AnswerFeedback executed in 6.4717ms.
2025-11-09 17:23:16.995 +01:00 [INF] Executed action Jam.Controllers.StoryPlayingController.AnswerFeedback (Jam) in 7.504ms
2025-11-09 17:23:16.995 +01:00 [INF] Executed endpoint 'Jam.Controllers.StoryPlayingController.AnswerFeedback (Jam)'
2025-11-09 17:23:16.996 +01:00 [INF] Request finished HTTP/2 GET https://localhost:7025/StoryPlaying/AnswerFeedback - 200 null text/html; charset=utf-8 59.766ms
2025-11-09 17:23:17.527 +01:00 [INF] Request starting HTTP/2 POST https://localhost:7025/StoryPlaying/AnswerFeedback - application/x-www-form-urlencoded 307
2025-11-09 17:23:17.552 +01:00 [INF] Executing endpoint 'Jam.Controllers.StoryPlayingController.AnswerFeedback (Jam)'
2025-11-09 17:23:17.552 +01:00 [INF] Route matched with {action = "AnswerFeedback", controller = "StoryPlaying", page = "", area = ""}. Executing controller action with signature System.Threading.Tasks.Task`1[Microsoft.AspNetCore.Mvc.IActionResult] AnswerFeedback(Jam.ViewModels.StoryPlaying.AnswerFeedbackViewModel) on controller Jam.Controllers.StoryPlayingController (Jam).
2025-11-09 17:23:17.559 +01:00 [INF] Executing RedirectResult, redirecting to /StoryPlaying/PlayScene?sceneId=1&sceneType=Question&sessionId=3.
2025-11-09 17:23:17.559 +01:00 [INF] Executed action Jam.Controllers.StoryPlayingController.AnswerFeedback (Jam) in 6.5853ms
2025-11-09 17:23:17.559 +01:00 [INF] Executed endpoint 'Jam.Controllers.StoryPlayingController.AnswerFeedback (Jam)'
2025-11-09 17:23:17.559 +01:00 [INF] Request finished HTTP/2 POST https://localhost:7025/StoryPlaying/AnswerFeedback - 302 0 null 32.5556ms
2025-11-09 17:23:17.568 +01:00 [INF] Request starting HTTP/2 GET https://localhost:7025/StoryPlaying/PlayScene?sceneId=1&sceneType=Question&sessionId=3 - null null
2025-11-09 17:23:17.569 +01:00 [INF] Executing endpoint 'Jam.Controllers.StoryPlayingController.PlayScene (Jam)'
2025-11-09 17:23:17.569 +01:00 [INF] Route matched with {action = "PlayScene", controller = "StoryPlaying", page = "", area = ""}. Executing controller action with signature System.Threading.Tasks.Task`1[Microsoft.AspNetCore.Mvc.IActionResult] PlayScene(Int32, Jam.Models.Enums.SceneType, Int32) on controller Jam.Controllers.StoryPlayingController (Jam).
2025-11-09 17:23:17.573 +01:00 [INF] Executing ViewResult, running view PlayScene.
2025-11-09 17:23:17.575 +01:00 [INF] Executed ViewResult - view PlayScene executed in 1.5677ms.
2025-11-09 17:23:17.576 +01:00 [INF] Executed action Jam.Controllers.StoryPlayingController.PlayScene (Jam) in 7.1153ms
2025-11-09 17:23:17.576 +01:00 [INF] Executed endpoint 'Jam.Controllers.StoryPlayingController.PlayScene (Jam)'
2025-11-09 17:23:17.602 +01:00 [INF] Request finished HTTP/2 GET https://localhost:7025/StoryPlaying/PlayScene?sceneId=1&sceneType=Question&sessionId=3 - 200 null text/html; charset=utf-8 34.7416ms
2025-11-09 17:23:17.602 +01:00 [INF] Request starting HTTP/2 GET https://localhost:7025/lib/jquery/dist/jquery.min.js - null null
2025-11-09 17:23:17.602 +01:00 [INF] Request starting HTTP/2 GET https://localhost:7025/lib/jquery-validation-unobtrusive/jquery.validate.unobtrusive.min.js - null null
2025-11-09 17:23:17.602 +01:00 [INF] Request starting HTTP/2 GET https://localhost:7025/lib/jquery-validation/dist/jquery.validate.min.js - null null
2025-11-09 17:23:17.646 +01:00 [INF] Request finished HTTP/2 GET https://localhost:7025/lib/jquery/dist/jquery.min.js - 404 0 null 43.9597ms
2025-11-09 17:23:17.646 +01:00 [INF] Request finished HTTP/2 GET https://localhost:7025/lib/jquery-validation/dist/jquery.validate.min.js - 404 0 null 43.912ms
2025-11-09 17:23:17.646 +01:00 [INF] Request reached the end of the middleware pipeline without being handled by application code. Request path: GET https://localhost:7025/lib/jquery/dist/jquery.min.js, Response status code: 404
2025-11-09 17:23:17.646 +01:00 [INF] Request reached the end of the middleware pipeline without being handled by application code. Request path: GET https://localhost:7025/lib/jquery-validation/dist/jquery.validate.min.js, Response status code: 404
2025-11-09 17:23:17.646 +01:00 [INF] Request finished HTTP/2 GET https://localhost:7025/lib/jquery-validation-unobtrusive/jquery.validate.unobtrusive.min.js - 404 0 null 43.6261ms
2025-11-09 17:23:17.646 +01:00 [INF] Request reached the end of the middleware pipeline without being handled by application code. Request path: GET https://localhost:7025/lib/jquery-validation-unobtrusive/jquery.validate.unobtrusive.min.js, Response status code: 404
2025-11-09 17:23:19.403 +01:00 [INF] Request starting HTTP/2 POST https://localhost:7025/StoryPlaying/PlayScene - application/x-www-form-urlencoded 516
2025-11-09 17:23:19.428 +01:00 [INF] Executing endpoint 'Jam.Controllers.StoryPlayingController.PlayScene (Jam)'
2025-11-09 17:23:19.429 +01:00 [INF] Route matched with {action = "PlayScene", controller = "StoryPlaying", page = "", area = ""}. Executing controller action with signature System.Threading.Tasks.Task`1[Microsoft.AspNetCore.Mvc.IActionResult] PlayScene(Jam.ViewModels.StoryPlaying.PlaySceneViewModel) on controller Jam.Controllers.StoryPlayingController (Jam).
2025-11-09 17:23:19.440 +01:00 [INF] Executing RedirectResult, redirecting to /StoryPlaying/AnswerFeedback.
2025-11-09 17:23:19.441 +01:00 [INF] Executed action Jam.Controllers.StoryPlayingController.PlayScene (Jam) in 12.0441ms
2025-11-09 17:23:19.441 +01:00 [INF] Executed endpoint 'Jam.Controllers.StoryPlayingController.PlayScene (Jam)'
2025-11-09 17:23:19.441 +01:00 [INF] Request finished HTTP/2 POST https://localhost:7025/StoryPlaying/PlayScene - 302 0 null 38.4107ms
2025-11-09 17:23:19.446 +01:00 [INF] Request starting HTTP/2 GET https://localhost:7025/StoryPlaying/AnswerFeedback - null null
2025-11-09 17:23:19.447 +01:00 [INF] Executing endpoint 'Jam.Controllers.StoryPlayingController.AnswerFeedback (Jam)'
2025-11-09 17:23:19.447 +01:00 [INF] Route matched with {action = "AnswerFeedback", controller = "StoryPlaying", page = "", area = ""}. Executing controller action with signature Microsoft.AspNetCore.Mvc.IActionResult AnswerFeedback() on controller Jam.Controllers.StoryPlayingController (Jam).
2025-11-09 17:23:19.447 +01:00 [INF] Executing ViewResult, running view AnswerFeedback.
2025-11-09 17:23:19.450 +01:00 [INF] Executed ViewResult - view AnswerFeedback executed in 2.8449ms.
2025-11-09 17:23:19.451 +01:00 [INF] Executed action Jam.Controllers.StoryPlayingController.AnswerFeedback (Jam) in 4.6653ms
2025-11-09 17:23:19.452 +01:00 [INF] Executed endpoint 'Jam.Controllers.StoryPlayingController.AnswerFeedback (Jam)'
2025-11-09 17:23:19.475 +01:00 [INF] Request finished HTTP/2 GET https://localhost:7025/StoryPlaying/AnswerFeedback - 200 null text/html; charset=utf-8 29.2772ms
2025-11-09 17:23:20.310 +01:00 [INF] Request starting HTTP/2 POST https://localhost:7025/StoryPlaying/AnswerFeedback - application/x-www-form-urlencoded 304
2025-11-09 17:23:20.333 +01:00 [INF] Executing endpoint 'Jam.Controllers.StoryPlayingController.AnswerFeedback (Jam)'
2025-11-09 17:23:20.333 +01:00 [INF] Route matched with {action = "AnswerFeedback", controller = "StoryPlaying", page = "", area = ""}. Executing controller action with signature System.Threading.Tasks.Task`1[Microsoft.AspNetCore.Mvc.IActionResult] AnswerFeedback(Jam.ViewModels.StoryPlaying.AnswerFeedbackViewModel) on controller Jam.Controllers.StoryPlayingController (Jam).
2025-11-09 17:23:20.353 +01:00 [INF] Executing RedirectResult, redirecting to /StoryPlaying/PlayScene?sceneId=2&sceneType=Ending&sessionId=3.
2025-11-09 17:23:20.353 +01:00 [INF] Executed action Jam.Controllers.StoryPlayingController.AnswerFeedback (Jam) in 20.2539ms
2025-11-09 17:23:20.353 +01:00 [INF] Executed endpoint 'Jam.Controllers.StoryPlayingController.AnswerFeedback (Jam)'
2025-11-09 17:23:20.353 +01:00 [INF] Request finished HTTP/2 POST https://localhost:7025/StoryPlaying/AnswerFeedback - 302 0 null 43.932ms
2025-11-09 17:23:20.382 +01:00 [INF] Request starting HTTP/2 GET https://localhost:7025/StoryPlaying/PlayScene?sceneId=2&sceneType=Ending&sessionId=3 - null null
2025-11-09 17:23:20.417 +01:00 [INF] Executing endpoint 'Jam.Controllers.StoryPlayingController.PlayScene (Jam)'
2025-11-09 17:23:20.417 +01:00 [INF] Route matched with {action = "PlayScene", controller = "StoryPlaying", page = "", area = ""}. Executing controller action with signature System.Threading.Tasks.Task`1[Microsoft.AspNetCore.Mvc.IActionResult] PlayScene(Int32, Jam.Models.Enums.SceneType, Int32) on controller Jam.Controllers.StoryPlayingController (Jam).
2025-11-09 17:23:20.463 +01:00 [INF] Executing ViewResult, running view PlayScene.
2025-11-09 17:23:20.563 +01:00 [INF] Executed ViewResult - view PlayScene executed in 104.408ms.
2025-11-09 17:23:20.569 +01:00 [INF] Executed action Jam.Controllers.StoryPlayingController.PlayScene (Jam) in 151.801ms
2025-11-09 17:23:20.570 +01:00 [INF] Executed endpoint 'Jam.Controllers.StoryPlayingController.PlayScene (Jam)'
2025-11-09 17:23:20.591 +01:00 [INF] Request finished HTTP/2 GET https://localhost:7025/StoryPlaying/PlayScene?sceneId=2&sceneType=Ending&sessionId=3 - 200 null text/html; charset=utf-8 232.4825ms
2025-11-09 17:23:20.616 +01:00 [INF] Request starting HTTP/2 GET https://localhost:7025/lib/jquery-validation/dist/jquery.validate.min.js - null null
2025-11-09 17:23:20.616 +01:00 [INF] Request starting HTTP/2 GET https://localhost:7025/lib/jquery-validation-unobtrusive/jquery.validate.unobtrusive.min.js - null null
2025-11-09 17:23:20.616 +01:00 [INF] Request starting HTTP/2 GET https://localhost:7025/lib/jquery/dist/jquery.min.js - null null
2025-11-09 17:23:20.667 +01:00 [INF] Request finished HTTP/2 GET https://localhost:7025/lib/jquery-validation/dist/jquery.validate.min.js - 404 0 null 50.9125ms
2025-11-09 17:23:20.667 +01:00 [INF] Request finished HTTP/2 GET https://localhost:7025/lib/jquery-validation-unobtrusive/jquery.validate.unobtrusive.min.js - 404 0 null 50.8936ms
2025-11-09 17:23:20.667 +01:00 [INF] Request finished HTTP/2 GET https://localhost:7025/lib/jquery/dist/jquery.min.js - 404 0 null 50.9153ms
2025-11-09 17:23:20.667 +01:00 [INF] Request reached the end of the middleware pipeline without being handled by application code. Request path: GET https://localhost:7025/lib/jquery-validation/dist/jquery.validate.min.js, Response status code: 404
2025-11-09 17:23:20.667 +01:00 [INF] Request reached the end of the middleware pipeline without being handled by application code. Request path: GET https://localhost:7025/lib/jquery/dist/jquery.min.js, Response status code: 404
2025-11-09 17:23:20.667 +01:00 [INF] Request reached the end of the middleware pipeline without being handled by application code. Request path: GET https://localhost:7025/lib/jquery-validation-unobtrusive/jquery.validate.unobtrusive.min.js, Response status code: 404
2025-11-09 17:23:21.427 +01:00 [INF] Request starting HTTP/2 POST https://localhost:7025/StoryPlaying/PlayScene - application/x-www-form-urlencoded 700
2025-11-09 17:23:21.475 +01:00 [INF] Executing endpoint 'Jam.Controllers.StoryPlayingController.PlayScene (Jam)'
2025-11-09 17:23:21.476 +01:00 [INF] Route matched with {action = "PlayScene", controller = "StoryPlaying", page = "", area = ""}. Executing controller action with signature System.Threading.Tasks.Task`1[Microsoft.AspNetCore.Mvc.IActionResult] PlayScene(Jam.ViewModels.StoryPlaying.PlaySceneViewModel) on controller Jam.Controllers.StoryPlayingController (Jam).
2025-11-09 17:23:21.501 +01:00 [INF] Executing RedirectResult, redirecting to /StoryPlaying/FinishStory?sessionId=3.
2025-11-09 17:23:21.501 +01:00 [INF] Executed action Jam.Controllers.StoryPlayingController.PlayScene (Jam) in 25.5332ms
2025-11-09 17:23:21.501 +01:00 [INF] Executed endpoint 'Jam.Controllers.StoryPlayingController.PlayScene (Jam)'
2025-11-09 17:23:21.502 +01:00 [INF] Request finished HTTP/2 POST https://localhost:7025/StoryPlaying/PlayScene - 302 0 null 75.0858ms
2025-11-09 17:23:21.506 +01:00 [INF] Request starting HTTP/2 GET https://localhost:7025/StoryPlaying/FinishStory?sessionId=3 - null null
2025-11-09 17:23:21.507 +01:00 [INF] Executing endpoint 'Jam.Controllers.StoryPlayingController.FinishStory (Jam)'
2025-11-09 17:23:21.510 +01:00 [INF] Route matched with {action = "FinishStory", controller = "StoryPlaying", page = "", area = ""}. Executing controller action with signature System.Threading.Tasks.Task`1[Microsoft.AspNetCore.Mvc.IActionResult] FinishStory(Int32) on controller Jam.Controllers.StoryPlayingController (Jam).
2025-11-09 17:23:21.517 +01:00 [INF] Executing ViewResult, running view FinishStory.
2025-11-09 17:23:21.547 +01:00 [INF] Executed ViewResult - view FinishStory executed in 30.4747ms.
2025-11-09 17:23:21.549 +01:00 [INF] Executed action Jam.Controllers.StoryPlayingController.FinishStory (Jam) in 38.2207ms
2025-11-09 17:23:21.549 +01:00 [INF] Executed endpoint 'Jam.Controllers.StoryPlayingController.FinishStory (Jam)'
2025-11-09 17:23:21.575 +01:00 [INF] Request finished HTTP/2 GET https://localhost:7025/StoryPlaying/FinishStory?sessionId=3 - 200 null text/html; charset=utf-8 68.7388ms
