2025-11-07 19:26:32.848 +01:00 [INF] User profile is available. Using '/Users/jaraazad/.aspnet/DataProtection-Keys' as key repository; keys will not be encrypted at rest.
2025-11-07 19:26:33.315 +01:00 [INF] Applying migration '20251024065541_InitialCreate'.
2025-11-07 19:26:33.359 +01:00 [INF] Applying migration '20251101105657_AddIdentitySupport'.
2025-11-07 19:26:33.493 +01:00 [INF] Applying migration '20251103080324_UpdateNextQuestionSceneDeleteBehavior'.
2025-11-07 19:26:34.592 +01:00 [INF] Now listening on: https://localhost:7025
2025-11-07 19:26:34.595 +01:00 [INF] Now listening on: http://localhost:5262
2025-11-07 19:26:34.600 +01:00 [INF] Application started. Press Ctrl+C to shut down.
2025-11-07 19:26:34.601 +01:00 [INF] Hosting environment: Development
2025-11-07 19:26:34.602 +01:00 [INF] Content root path: /Users/jaraazad/Desktop/Jam
2025-11-07 19:26:34.937 +01:00 [INF] Request starting HTTP/2 GET https://localhost:7025/ - null null
2025-11-07 19:26:34.976 +01:00 [INF] Executing endpoint 'Jam.Controllers.HomeController.Index (Jam)'
2025-11-07 19:26:34.985 +01:00 [INF] Route matched with {action = "Index", controller = "Home", page = "", area = ""}. Executing controller action with signature System.Threading.Tasks.Task`1[Microsoft.AspNetCore.Mvc.IActionResult] Index() on controller Jam.Controllers.HomeController (Jam).
2025-11-07 19:26:34.999 +01:00 [WRN] [HomeController -> Index] Auth cookie invalid or user no longer exists. Redirecting to login.
2025-11-07 19:26:35.003 +01:00 [INF] AuthenticationScheme: Identity.Application signed out.
2025-11-07 19:26:35.004 +01:00 [INF] AuthenticationScheme: Identity.External signed out.
2025-11-07 19:26:35.004 +01:00 [INF] AuthenticationScheme: Identity.TwoFactorUserId signed out.
2025-11-07 19:26:35.005 +01:00 [INF] Executing LocalRedirectResult, redirecting to /Identity/Account/Login.
2025-11-07 19:26:35.007 +01:00 [INF] Executed action Jam.Controllers.HomeController.Index (Jam) in 19.4312ms
2025-11-07 19:26:35.008 +01:00 [INF] Executed endpoint 'Jam.Controllers.HomeController.Index (Jam)'
2025-11-07 19:26:35.014 +01:00 [INF] Request finished HTTP/2 GET https://localhost:7025/ - 302 0 null 77.7401ms
2025-11-07 19:26:35.063 +01:00 [INF] Request starting HTTP/2 GET https://localhost:7025/Identity/Account/Login - null null
2025-11-07 19:26:35.065 +01:00 [INF] Executing endpoint '/Account/Login'
2025-11-07 19:26:35.077 +01:00 [INF] Route matched with {page = "/Account/Login", area = "Identity", action = "", controller = ""}. Executing page /Account/Login
2025-11-07 19:26:35.087 +01:00 [INF] Executing handler method Jam.Areas.Identity.Pages.Account.LoginModel.OnGetAsync - ModelState is "Valid"
2025-11-07 19:26:35.088 +01:00 [INF] AuthenticationScheme: Identity.External signed out.
2025-11-07 19:26:35.088 +01:00 [INF] Executed handler method OnGetAsync, returned result .
2025-11-07 19:26:35.090 +01:00 [INF] Executing an implicit handler method - ModelState is "Valid"
2025-11-07 19:26:35.090 +01:00 [INF] Executed an implicit handler method, returned result Microsoft.AspNetCore.Mvc.RazorPages.PageResult.
2025-11-07 19:26:35.168 +01:00 [INF] Executed page /Account/Login in 90.6501ms
2025-11-07 19:26:35.173 +01:00 [INF] Executed endpoint '/Account/Login'
2025-11-07 19:26:35.203 +01:00 [INF] Request finished HTTP/2 GET https://localhost:7025/Identity/Account/Login - 200 null text/html; charset=utf-8 139.5841ms
2025-11-07 19:26:35.214 +01:00 [INF] Request starting HTTP/2 GET https://localhost:7025/lib/jquery-validation-unobtrusive/jquery.validate.unobtrusive.min.js - null null
2025-11-07 19:26:35.224 +01:00 [INF] Request starting HTTP/2 GET https://localhost:7025/lib/jquery-validation/dist/jquery.validate.min.js - null null
2025-11-07 19:26:35.225 +01:00 [INF] Request finished HTTP/2 GET https://localhost:7025/lib/jquery-validation/dist/jquery.validate.min.js - 404 0 null 0.7048ms
2025-11-07 19:26:35.225 +01:00 [INF] Request finished HTTP/2 GET https://localhost:7025/lib/jquery-validation-unobtrusive/jquery.validate.unobtrusive.min.js - 404 0 null 10.4682ms
2025-11-07 19:26:35.225 +01:00 [INF] Request reached the end of the middleware pipeline without being handled by application code. Request path: GET https://localhost:7025/lib/jquery-validation/dist/jquery.validate.min.js, Response status code: 404
2025-11-07 19:26:35.225 +01:00 [INF] Request reached the end of the middleware pipeline without being handled by application code. Request path: GET https://localhost:7025/lib/jquery-validation-unobtrusive/jquery.validate.unobtrusive.min.js, Response status code: 404
2025-11-07 19:26:35.937 +01:00 [INF] Request starting HTTP/2 POST https://localhost:7025/Identity/Account/Login - application/x-www-form-urlencoded 236
2025-11-07 19:26:35.943 +01:00 [INF] Executing endpoint '/Account/Login'
2025-11-07 19:26:35.943 +01:00 [INF] Route matched with {page = "/Account/Login", area = "Identity", action = "", controller = ""}. Executing page /Account/Login
2025-11-07 19:26:35.961 +01:00 [INF] Executing handler method Jam.Areas.Identity.Pages.Account.LoginModel.OnPostAsync - ModelState is "Valid"
2025-11-07 19:26:36.081 +01:00 [INF] AuthenticationScheme: Identity.Application signed in.
2025-11-07 19:26:36.082 +01:00 [INF] User logged in.
2025-11-07 19:26:36.083 +01:00 [INF] Executed handler method OnPostAsync, returned result Microsoft.AspNetCore.Mvc.LocalRedirectResult.
2025-11-07 19:26:36.083 +01:00 [INF] Executing LocalRedirectResult, redirecting to /.
2025-11-07 19:26:36.083 +01:00 [INF] Executed page /Account/Login in 140.1753ms
2025-11-07 19:26:36.084 +01:00 [INF] Executed endpoint '/Account/Login'
2025-11-07 19:26:36.084 +01:00 [INF] Request finished HTTP/2 POST https://localhost:7025/Identity/Account/Login - 302 0 null 146.8423ms
2025-11-07 19:26:36.088 +01:00 [INF] Request starting HTTP/2 GET https://localhost:7025/ - null null
2025-11-07 19:26:36.089 +01:00 [INF] Executing endpoint 'Jam.Controllers.HomeController.Index (Jam)'
2025-11-07 19:26:36.089 +01:00 [INF] Route matched with {action = "Index", controller = "Home", page = "", area = ""}. Executing controller action with signature System.Threading.Tasks.Task`1[Microsoft.AspNetCore.Mvc.IActionResult] Index() on controller Jam.Controllers.HomeController (Jam).
2025-11-07 19:26:36.153 +01:00 [INF] Executing ViewResult, running view Index.
2025-11-07 19:26:36.175 +01:00 [INF] Executed ViewResult - view Index executed in 22.788ms.
2025-11-07 19:26:36.220 +01:00 [INF] Executed action Jam.Controllers.HomeController.Index (Jam) in 130.1542ms
2025-11-07 19:26:36.220 +01:00 [INF] Executed endpoint 'Jam.Controllers.HomeController.Index (Jam)'
2025-11-07 19:26:36.220 +01:00 [INF] Request finished HTTP/2 GET https://localhost:7025/ - 200 null text/html; charset=utf-8 132.4032ms
2025-11-07 19:26:36.882 +01:00 [INF] Request starting HTTP/2 GET https://localhost:7025/StoryPlaying/SelectStory - null null
2025-11-07 19:26:36.918 +01:00 [INF] Executing endpoint 'Jam.Controllers.StoryPlayingController.SelectStory (Jam)'
2025-11-07 19:26:36.924 +01:00 [INF] Route matched with {action = "SelectStory", controller = "StoryPlaying", page = "", area = ""}. Executing controller action with signature System.Threading.Tasks.Task`1[Microsoft.AspNetCore.Mvc.IActionResult] SelectStory(System.String) on controller Jam.Controllers.StoryPlayingController (Jam).
2025-11-07 19:26:36.948 +01:00 [INF] Executing ViewResult, running view SelectStory.
2025-11-07 19:26:36.956 +01:00 [INF] Executed ViewResult - view SelectStory executed in 8.929ms.
2025-11-07 19:26:36.957 +01:00 [INF] Executed action Jam.Controllers.StoryPlayingController.SelectStory (Jam) in 33.079ms
2025-11-07 19:26:36.957 +01:00 [INF] Executed endpoint 'Jam.Controllers.StoryPlayingController.SelectStory (Jam)'
2025-11-07 19:26:36.981 +01:00 [INF] Request finished HTTP/2 GET https://localhost:7025/StoryPlaying/SelectStory - 200 null text/html; charset=utf-8 124.0822ms
2025-11-07 19:26:38.017 +01:00 [INF] Request starting HTTP/2 GET https://localhost:7025/StoryCreation/CreateStoryAndIntro - null null
2025-11-07 19:26:38.020 +01:00 [INF] Executing endpoint 'Jam.Controllers.StoryCreationController.CreateStoryAndIntro (Jam)'
2025-11-07 19:26:38.022 +01:00 [INF] Route matched with {action = "CreateStoryAndIntro", controller = "StoryCreation", page = "", area = ""}. Executing controller action with signature Microsoft.AspNetCore.Mvc.IActionResult CreateStoryAndIntro() on controller Jam.Controllers.StoryCreationController (Jam).
2025-11-07 19:26:38.026 +01:00 [INF] Accessing expired session, Key:81240ac2-d632-8b42-bfc2-321f7eaa06ba
2025-11-07 19:26:38.033 +01:00 [INF] Executing ViewResult, running view CreateStoryAndIntro.
2025-11-07 19:26:38.213 +01:00 [INF] Executed ViewResult - view CreateStoryAndIntro executed in 155.2349ms.
2025-11-07 19:26:38.260 +01:00 [INF] Executed action Jam.Controllers.StoryCreationController.CreateStoryAndIntro (Jam) in 237.2805ms
2025-11-07 19:26:38.261 +01:00 [INF] Executed endpoint 'Jam.Controllers.StoryCreationController.CreateStoryAndIntro (Jam)'
2025-11-07 19:26:38.261 +01:00 [INF] Request finished HTTP/2 GET https://localhost:7025/StoryCreation/CreateStoryAndIntro - 200 null text/html; charset=utf-8 244.5405ms
2025-11-07 19:26:43.077 +01:00 [INF] Request starting HTTP/2 POST https://localhost:7025/StoryCreation/CreateStoryAndIntro - application/x-www-form-urlencoded 302
2025-11-07 19:26:43.107 +01:00 [INF] Executing endpoint 'Jam.Controllers.StoryCreationController.CreateStoryAndIntro (Jam)'
2025-11-07 19:26:43.114 +01:00 [INF] Route matched with {action = "CreateStoryAndIntro", controller = "StoryCreation", page = "", area = ""}. Executing controller action with signature Microsoft.AspNetCore.Mvc.IActionResult CreateStoryAndIntro(Jam.ViewModels.StoryCreation.CreateStoryAndIntroViewModel, System.String) on controller Jam.Controllers.StoryCreationController (Jam).
2025-11-07 19:26:43.120 +01:00 [INF] Accessing expired session, Key:81240ac2-d632-8b42-bfc2-321f7eaa06ba
2025-11-07 19:26:43.149 +01:00 [INF] Executing RedirectResult, redirecting to /StoryCreation/CreateQuestionScenes.
2025-11-07 19:26:43.149 +01:00 [INF] Executed action Jam.Controllers.StoryCreationController.CreateStoryAndIntro (Jam) in 35.032ms
2025-11-07 19:26:43.149 +01:00 [INF] Executed endpoint 'Jam.Controllers.StoryCreationController.CreateStoryAndIntro (Jam)'
2025-11-07 19:26:43.149 +01:00 [INF] Session started; Key:81240ac2-d632-8b42-bfc2-321f7eaa06ba, Id:6fc2fbf2-fe91-8dbc-4753-4139e6ef4e7f
2025-11-07 19:26:43.150 +01:00 [INF] Request finished HTTP/2 POST https://localhost:7025/StoryCreation/CreateStoryAndIntro - 302 0 null 73.4869ms
2025-11-07 19:26:43.153 +01:00 [INF] Request starting HTTP/2 GET https://localhost:7025/StoryCreation/CreateQuestionScenes - null null
2025-11-07 19:26:43.154 +01:00 [INF] Executing endpoint 'Jam.Controllers.StoryCreationController.CreateQuestionScenes (Jam)'
2025-11-07 19:26:43.155 +01:00 [INF] Route matched with {action = "CreateQuestionScenes", controller = "StoryCreation", page = "", area = ""}. Executing controller action with signature Microsoft.AspNetCore.Mvc.IActionResult CreateQuestionScenes() on controller Jam.Controllers.StoryCreationController (Jam).
2025-11-07 19:26:43.160 +01:00 [INF] Executing ViewResult, running view CreateQuestionScenes.
2025-11-07 19:26:43.208 +01:00 [INF] Executed ViewResult - view CreateQuestionScenes executed in 47.9008ms.
2025-11-07 19:26:43.258 +01:00 [INF] Executed action Jam.Controllers.StoryCreationController.CreateQuestionScenes (Jam) in 78.695ms
2025-11-07 19:26:43.258 +01:00 [INF] Executed endpoint 'Jam.Controllers.StoryCreationController.CreateQuestionScenes (Jam)'
2025-11-07 19:26:43.258 +01:00 [INF] Request finished HTTP/2 GET https://localhost:7025/StoryCreation/CreateQuestionScenes - 200 null text/html; charset=utf-8 104.8569ms
2025-11-07 19:26:44.738 +01:00 [INF] Request starting HTTP/2 GET https://localhost:7025/StoryCreation/GetQuestionScenePartial?index=0 - null null
2025-11-07 19:26:44.742 +01:00 [INF] Executing endpoint 'Jam.Controllers.StoryCreationController.GetQuestionScenePartial (Jam)'
2025-11-07 19:26:44.745 +01:00 [INF] Route matched with {action = "GetQuestionScenePartial", controller = "StoryCreation", page = "", area = ""}. Executing controller action with signature Microsoft.AspNetCore.Mvc.IActionResult GetQuestionScenePartial(Int32, Int32) on controller Jam.Controllers.StoryCreationController (Jam).
2025-11-07 19:26:44.751 +01:00 [INF] Executing PartialViewResult, running view _QuestionScenePartial.
2025-11-07 19:26:44.797 +01:00 [INF] Executed PartialViewResult - view _QuestionScenePartial executed in 21.4709ms.
2025-11-07 19:26:44.797 +01:00 [INF] Executed action Jam.Controllers.StoryCreationController.GetQuestionScenePartial (Jam) in 52.1426ms
2025-11-07 19:26:44.797 +01:00 [INF] Executed endpoint 'Jam.Controllers.StoryCreationController.GetQuestionScenePartial (Jam)'
2025-11-07 19:26:44.797 +01:00 [INF] Request finished HTTP/2 GET https://localhost:7025/StoryCreation/GetQuestionScenePartial?index=0 - 200 null text/html; charset=utf-8 59.9967ms
2025-11-07 19:27:56.392 +01:00 [INF] Request starting HTTP/2 POST https://localhost:7025/StoryCreation/CreateQuestionScenes - application/x-www-form-urlencoded 1002
2025-11-07 19:27:56.452 +01:00 [INF] Executing endpoint 'Jam.Controllers.StoryCreationController.CreateQuestionScenes (Jam)'
2025-11-07 19:27:56.457 +01:00 [INF] Route matched with {action = "CreateQuestionScenes", controller = "StoryCreation", page = "", area = ""}. Executing controller action with signature Microsoft.AspNetCore.Mvc.IActionResult CreateQuestionScenes(Jam.ViewModels.StoryCreation.CreateMultipleQuestionScenesViewModel, System.String) on controller Jam.Controllers.StoryCreationController (Jam).
2025-11-07 19:27:56.463 +01:00 [INF] Antiforgery token validation failed. The antiforgery token could not be decrypted.
Microsoft.AspNetCore.Antiforgery.AntiforgeryValidationException: The antiforgery token could not be decrypted.
 ---> System.FormatException: Malformed input: 397 is an invalid input length.
   at Microsoft.AspNetCore.WebUtilities.WebEncoders.GetNumBase64PaddingCharsToAddForDecode(Int32 inputLength)
   at Microsoft.AspNetCore.WebUtilities.WebEncoders.GetArraySizeRequiredToDecode(Int32 count)
   at Microsoft.AspNetCore.Antiforgery.DefaultAntiforgeryTokenSerializer.Deserialize(String serializedToken)
   --- End of inner exception stack trace ---
   at Microsoft.AspNetCore.Antiforgery.DefaultAntiforgeryTokenSerializer.Deserialize(String serializedToken)
   at Microsoft.AspNetCore.Antiforgery.DefaultAntiforgery.DeserializeTokens(HttpContext httpContext, AntiforgeryTokenSet antiforgeryTokenSet, AntiforgeryToken& cookieToken, AntiforgeryToken& requestToken)
   at Microsoft.AspNetCore.Antiforgery.DefaultAntiforgery.ValidateTokens(HttpContext httpContext, AntiforgeryTokenSet antiforgeryTokenSet)
   at Microsoft.AspNetCore.Antiforgery.DefaultAntiforgery.ValidateRequestAsync(HttpContext httpContext)
   at Microsoft.AspNetCore.Mvc.ViewFeatures.Filters.ValidateAntiforgeryTokenAuthorizationFilter.OnAuthorizationAsync(AuthorizationFilterContext context)
2025-11-07 19:27:56.477 +01:00 [INF] Authorization failed for the request at filter 'Microsoft.AspNetCore.Mvc.ViewFeatures.Filters.ValidateAntiforgeryTokenAuthorizationFilter'.
2025-11-07 19:27:56.479 +01:00 [INF] Executing StatusCodeResult, setting HTTP status code 400
2025-11-07 19:27:56.480 +01:00 [INF] Executed action Jam.Controllers.StoryCreationController.CreateQuestionScenes (Jam) in 22.2221ms
2025-11-07 19:27:56.480 +01:00 [INF] Executed endpoint 'Jam.Controllers.StoryCreationController.CreateQuestionScenes (Jam)'
2025-11-07 19:27:56.480 +01:00 [INF] Request finished HTTP/2 POST https://localhost:7025/StoryCreation/CreateQuestionScenes - 400 0 null 88.3174ms
