2025-11-06 19:49:28.165 +01:00 [INF] User profile is available. Using '/Users/jaraazad/.aspnet/DataProtection-Keys' as key repository; keys will not be encrypted at rest.
2025-11-06 19:49:28.744 +01:00 [INF] Applying migration '20251024065541_InitialCreate'.
2025-11-06 19:49:28.836 +01:00 [INF] Applying migration '20251101105657_AddIdentitySupport'.
2025-11-06 19:49:28.985 +01:00 [INF] Applying migration '20251103080324_UpdateNextQuestionSceneDeleteBehavior'.
2025-11-06 19:49:30.097 +01:00 [INF] Now listening on: https://localhost:7025
2025-11-06 19:49:30.098 +01:00 [INF] Now listening on: http://localhost:5262
2025-11-06 19:49:30.103 +01:00 [INF] Application started. Press Ctrl+C to shut down.
2025-11-06 19:49:30.104 +01:00 [INF] Hosting environment: Development
2025-11-06 19:49:30.104 +01:00 [INF] Content root path: /Users/jaraazad/Desktop/Jam
2025-11-06 19:49:30.681 +01:00 [INF] Request starting HTTP/2 GET https://localhost:7025/ - null null
2025-11-06 19:49:30.730 +01:00 [INF] Executing endpoint 'Jam.Controllers.HomeController.Index (Jam)'
2025-11-06 19:49:30.738 +01:00 [INF] Route matched with {action = "Index", controller = "Home", page = "", area = ""}. Executing controller action with signature System.Threading.Tasks.Task`1[Microsoft.AspNetCore.Mvc.IActionResult] Index() on controller Jam.Controllers.HomeController (Jam).
2025-11-06 19:49:30.766 +01:00 [WRN] [HomeController -> Index] Auth cookie invalid or user no longer exists. Redirecting to login.
2025-11-06 19:49:30.770 +01:00 [INF] AuthenticationScheme: Identity.Application signed out.
2025-11-06 19:49:30.771 +01:00 [INF] AuthenticationScheme: Identity.External signed out.
2025-11-06 19:49:30.771 +01:00 [INF] AuthenticationScheme: Identity.TwoFactorUserId signed out.
2025-11-06 19:49:30.772 +01:00 [INF] Executing LocalRedirectResult, redirecting to /Identity/Account/Login.
2025-11-06 19:49:30.776 +01:00 [INF] Executed action Jam.Controllers.HomeController.Index (Jam) in 34.4932ms
2025-11-06 19:49:30.776 +01:00 [INF] Executed endpoint 'Jam.Controllers.HomeController.Index (Jam)'
2025-11-06 19:49:30.780 +01:00 [INF] Request finished HTTP/2 GET https://localhost:7025/ - 302 0 null 99.9228ms
2025-11-06 19:49:30.825 +01:00 [INF] Request starting HTTP/2 GET https://localhost:7025/Identity/Account/Login - null null
2025-11-06 19:49:30.828 +01:00 [INF] Executing endpoint '/Account/Login'
2025-11-06 19:49:30.842 +01:00 [INF] Route matched with {page = "/Account/Login", area = "Identity", action = "", controller = ""}. Executing page /Account/Login
2025-11-06 19:49:30.878 +01:00 [INF] Executing handler method Jam.Areas.Identity.Pages.Account.LoginModel.OnGetAsync - ModelState is "Valid"
2025-11-06 19:49:30.880 +01:00 [INF] AuthenticationScheme: Identity.External signed out.
2025-11-06 19:49:30.881 +01:00 [INF] Executed handler method OnGetAsync, returned result .
2025-11-06 19:49:30.883 +01:00 [INF] Executing an implicit handler method - ModelState is "Invalid"
2025-11-06 19:49:30.883 +01:00 [INF] Executed an implicit handler method, returned result Microsoft.AspNetCore.Mvc.RazorPages.PageResult.
2025-11-06 19:49:30.959 +01:00 [INF] Executed page /Account/Login in 117.1557ms
2025-11-06 19:49:30.960 +01:00 [INF] Executed endpoint '/Account/Login'
2025-11-06 19:49:30.962 +01:00 [INF] Request finished HTTP/2 GET https://localhost:7025/Identity/Account/Login - 200 null text/html; charset=utf-8 137.1709ms
2025-11-06 19:49:31.249 +01:00 [INF] Request starting HTTP/2 GET https://localhost:7025/lib/jquery-validation-unobtrusive/jquery.validate.unobtrusive.min.js - null null
2025-11-06 19:49:31.275 +01:00 [INF] Request starting HTTP/2 GET https://localhost:7025/lib/jquery-validation/dist/jquery.validate.min.js - null null
2025-11-06 19:49:31.280 +01:00 [INF] Request finished HTTP/2 GET https://localhost:7025/lib/jquery-validation-unobtrusive/jquery.validate.unobtrusive.min.js - 404 0 null 30.8056ms
2025-11-06 19:49:31.280 +01:00 [INF] Request finished HTTP/2 GET https://localhost:7025/lib/jquery-validation/dist/jquery.validate.min.js - 404 0 null 34.176ms
2025-11-06 19:49:31.281 +01:00 [INF] Request reached the end of the middleware pipeline without being handled by application code. Request path: GET https://localhost:7025/lib/jquery-validation-unobtrusive/jquery.validate.unobtrusive.min.js, Response status code: 404
2025-11-06 19:49:31.281 +01:00 [INF] Request reached the end of the middleware pipeline without being handled by application code. Request path: GET https://localhost:7025/lib/jquery-validation/dist/jquery.validate.min.js, Response status code: 404
2025-11-06 19:49:32.277 +01:00 [INF] Request starting HTTP/2 POST https://localhost:7025/Identity/Account/Login - application/x-www-form-urlencoded 236
2025-11-06 19:49:32.304 +01:00 [INF] Executing endpoint '/Account/Login'
2025-11-06 19:49:32.305 +01:00 [INF] Route matched with {page = "/Account/Login", area = "Identity", action = "", controller = ""}. Executing page /Account/Login
2025-11-06 19:49:32.330 +01:00 [INF] Executing handler method Jam.Areas.Identity.Pages.Account.LoginModel.OnPostAsync - ModelState is "Valid"
2025-11-06 19:49:32.459 +01:00 [INF] AuthenticationScheme: Identity.Application signed in.
2025-11-06 19:49:32.460 +01:00 [INF] User logged in.
2025-11-06 19:49:32.461 +01:00 [INF] Executed handler method OnPostAsync, returned result Microsoft.AspNetCore.Mvc.LocalRedirectResult.
2025-11-06 19:49:32.461 +01:00 [INF] Executing LocalRedirectResult, redirecting to /.
2025-11-06 19:49:32.461 +01:00 [INF] Executed page /Account/Login in 156.2538ms
2025-11-06 19:49:32.461 +01:00 [INF] Executed endpoint '/Account/Login'
2025-11-06 19:49:32.461 +01:00 [INF] Request finished HTTP/2 POST https://localhost:7025/Identity/Account/Login - 302 0 null 185.704ms
2025-11-06 19:49:32.489 +01:00 [INF] Request starting HTTP/2 GET https://localhost:7025/ - null null
2025-11-06 19:49:32.494 +01:00 [INF] Executing endpoint 'Jam.Controllers.HomeController.Index (Jam)'
2025-11-06 19:49:32.495 +01:00 [INF] Route matched with {action = "Index", controller = "Home", page = "", area = ""}. Executing controller action with signature System.Threading.Tasks.Task`1[Microsoft.AspNetCore.Mvc.IActionResult] Index() on controller Jam.Controllers.HomeController (Jam).
2025-11-06 19:49:32.549 +01:00 [INF] Executing ViewResult, running view Index.
2025-11-06 19:49:32.567 +01:00 [INF] Executed ViewResult - view Index executed in 18.6841ms.
2025-11-06 19:49:32.569 +01:00 [INF] Executed action Jam.Controllers.HomeController.Index (Jam) in 73.8683ms
2025-11-06 19:49:32.573 +01:00 [INF] Executed endpoint 'Jam.Controllers.HomeController.Index (Jam)'
2025-11-06 19:49:32.576 +01:00 [INF] Request finished HTTP/2 GET https://localhost:7025/ - 200 null text/html; charset=utf-8 111.2924ms
2025-11-06 19:49:41.632 +01:00 [INF] Request starting HTTP/2 GET https://localhost:7025/StoryManagement/StoryDetails?storyId=1 - null null
2025-11-06 19:49:41.671 +01:00 [INF] Executing endpoint 'Jam.Controllers.StoryManagementController.StoryDetails (Jam)'
2025-11-06 19:49:41.686 +01:00 [INF] Route matched with {action = "StoryDetails", controller = "StoryManagement", page = "", area = ""}. Executing controller action with signature System.Threading.Tasks.Task`1[Microsoft.AspNetCore.Mvc.IActionResult] StoryDetails(Int32) on controller Jam.Controllers.StoryManagementController (Jam).
2025-11-06 19:49:41.711 +01:00 [INF] Executing ViewResult, running view StoryDetails.
2025-11-06 19:49:41.772 +01:00 [INF] Executed ViewResult - view StoryDetails executed in 62.3767ms.
2025-11-06 19:49:41.772 +01:00 [INF] Executed action Jam.Controllers.StoryManagementController.StoryDetails (Jam) in 85.9341ms
2025-11-06 19:49:41.772 +01:00 [INF] Executed endpoint 'Jam.Controllers.StoryManagementController.StoryDetails (Jam)'
2025-11-06 19:49:41.783 +01:00 [INF] Request finished HTTP/2 GET https://localhost:7025/StoryManagement/StoryDetails?storyId=1 - 200 null text/html; charset=utf-8 150.9435ms
2025-11-06 19:49:44.624 +01:00 [INF] Request starting HTTP/2 GET https://localhost:7025/StoryEditing/EditStory?storyId=1 - null null
2025-11-06 19:49:44.656 +01:00 [INF] Executing endpoint 'Jam.Controllers.StoryEditingController.EditStory (Jam)'
2025-11-06 19:49:44.663 +01:00 [INF] Route matched with {action = "EditStory", controller = "StoryEditing", page = "", area = ""}. Executing controller action with signature System.Threading.Tasks.Task`1[Microsoft.AspNetCore.Mvc.IActionResult] EditStory(Int32) on controller Jam.Controllers.StoryEditingController (Jam).
2025-11-06 19:49:44.671 +01:00 [INF] Executing ViewResult, running view EditStory.
2025-11-06 19:49:44.925 +01:00 [INF] Executed ViewResult - view EditStory executed in 229.4977ms.
2025-11-06 19:49:44.926 +01:00 [INF] Executed action Jam.Controllers.StoryEditingController.EditStory (Jam) in 262.6702ms
2025-11-06 19:49:44.926 +01:00 [INF] Executed endpoint 'Jam.Controllers.StoryEditingController.EditStory (Jam)'
2025-11-06 19:49:44.926 +01:00 [INF] Request finished HTTP/2 GET https://localhost:7025/StoryEditing/EditStory?storyId=1 - 200 null text/html; charset=utf-8 301.8501ms
2025-11-06 19:49:45.629 +01:00 [INF] Request starting HTTP/2 GET https://localhost:7025/StoryEditing/EditQuestionScenes?storyId=1 - null null
2025-11-06 19:49:45.632 +01:00 [INF] Executing endpoint 'Jam.Controllers.StoryEditingController.EditQuestionScenes (Jam)'
2025-11-06 19:49:45.634 +01:00 [INF] Route matched with {action = "EditQuestionScenes", controller = "StoryEditing", page = "", area = ""}. Executing controller action with signature System.Threading.Tasks.Task`1[Microsoft.AspNetCore.Mvc.IActionResult] EditQuestionScenes(Int32) on controller Jam.Controllers.StoryEditingController (Jam).
2025-11-06 19:49:45.697 +01:00 [INF] Executing ViewResult, running view EditQuestionScenes.
2025-11-06 19:49:45.798 +01:00 [INF] Executed ViewResult - view EditQuestionScenes executed in 101.6059ms.
2025-11-06 19:49:45.798 +01:00 [INF] Executed action Jam.Controllers.StoryEditingController.EditQuestionScenes (Jam) in 164.1089ms
2025-11-06 19:49:45.798 +01:00 [INF] Executed endpoint 'Jam.Controllers.StoryEditingController.EditQuestionScenes (Jam)'
2025-11-06 19:49:45.798 +01:00 [INF] Request finished HTTP/2 GET https://localhost:7025/StoryEditing/EditQuestionScenes?storyId=1 - 200 null text/html; charset=utf-8 169.5676ms
2025-11-06 19:49:48.602 +01:00 [INF] Request starting HTTP/2 POST https://localhost:7025/StoryEditing/DeleteQuestion?storyId=1&questionSceneId=3 - application/x-www-form-urlencoded 225
2025-11-06 19:49:48.628 +01:00 [INF] Executing endpoint 'Jam.Controllers.StoryEditingController.DeleteQuestion (Jam)'
2025-11-06 19:49:48.634 +01:00 [INF] Route matched with {action = "DeleteQuestion", controller = "StoryEditing", page = "", area = ""}. Executing controller action with signature System.Threading.Tasks.Task`1[Microsoft.AspNetCore.Mvc.IActionResult] DeleteQuestion(Int32, Int32) on controller Jam.Controllers.StoryEditingController (Jam).
2025-11-06 19:49:48.650 +01:00 [INF] Deleting QuestionScene 3, previous=4, next=2
2025-11-06 19:49:48.701 +01:00 [ERR] An exception occurred in the database while saving changes for context type 'Jam.DAL.StoryDbContext'.
System.InvalidOperationException: Unable to save changes because a circular dependency was detected in the data to be saved: 'QuestionScene [Modified] ForeignKeyConstraint { 'NextQuestionSceneId' } <-
QuestionScene [Deleted] Index { 'NextQuestionSceneId' } <-
QuestionScene [Modified]To show additional information call 'DbContextOptionsBuilder.EnableSensitiveDataLogging'.'.
   at Microsoft.EntityFrameworkCore.Utilities.Multigraph`2.ThrowCycle(List`1 cycle, Func`2 formatCycle, Func`2 formatException)
   at Microsoft.EntityFrameworkCore.Utilities.Multigraph`2.TopologicalSortCore(Boolean withBatching, Func`4 canBreakEdges, Func`2 formatCycle, Func`2 formatException)
   at Microsoft.EntityFrameworkCore.Utilities.Multigraph`2.BatchingTopologicalSort(Func`4 canBreakEdges, Func`2 formatCycle, Func`2 formatException)
   at Microsoft.EntityFrameworkCore.Update.Internal.CommandBatchPreparer.TopologicalSort(IEnumerable`1 commands)
   at Microsoft.EntityFrameworkCore.Update.Internal.CommandBatchPreparer.BatchCommands(IList`1 entries, IUpdateAdapter updateAdapter)+MoveNext()
   at Microsoft.EntityFrameworkCore.Update.Internal.BatchExecutor.ExecuteAsync(IEnumerable`1 commandBatches, IRelationalConnection connection, CancellationToken cancellationToken)
   at Microsoft.EntityFrameworkCore.ChangeTracking.Internal.StateManager.SaveChangesAsync(IList`1 entriesToSave, CancellationToken cancellationToken)
   at Microsoft.EntityFrameworkCore.ChangeTracking.Internal.StateManager.SaveChangesAsync(StateManager stateManager, Boolean acceptAllChangesOnSuccess, CancellationToken cancellationToken)
   at Microsoft.EntityFrameworkCore.DbContext.SaveChangesAsync(Boolean acceptAllChangesOnSuccess, CancellationToken cancellationToken)
System.InvalidOperationException: Unable to save changes because a circular dependency was detected in the data to be saved: 'QuestionScene [Modified] ForeignKeyConstraint { 'NextQuestionSceneId' } <-
QuestionScene [Deleted] Index { 'NextQuestionSceneId' } <-
QuestionScene [Modified]To show additional information call 'DbContextOptionsBuilder.EnableSensitiveDataLogging'.'.
   at Microsoft.EntityFrameworkCore.Utilities.Multigraph`2.ThrowCycle(List`1 cycle, Func`2 formatCycle, Func`2 formatException)
   at Microsoft.EntityFrameworkCore.Utilities.Multigraph`2.TopologicalSortCore(Boolean withBatching, Func`4 canBreakEdges, Func`2 formatCycle, Func`2 formatException)
   at Microsoft.EntityFrameworkCore.Utilities.Multigraph`2.BatchingTopologicalSort(Func`4 canBreakEdges, Func`2 formatCycle, Func`2 formatException)
   at Microsoft.EntityFrameworkCore.Update.Internal.CommandBatchPreparer.TopologicalSort(IEnumerable`1 commands)
   at Microsoft.EntityFrameworkCore.Update.Internal.CommandBatchPreparer.BatchCommands(IList`1 entries, IUpdateAdapter updateAdapter)+MoveNext()
   at Microsoft.EntityFrameworkCore.Update.Internal.BatchExecutor.ExecuteAsync(IEnumerable`1 commandBatches, IRelationalConnection connection, CancellationToken cancellationToken)
   at Microsoft.EntityFrameworkCore.ChangeTracking.Internal.StateManager.SaveChangesAsync(IList`1 entriesToSave, CancellationToken cancellationToken)
   at Microsoft.EntityFrameworkCore.ChangeTracking.Internal.StateManager.SaveChangesAsync(StateManager stateManager, Boolean acceptAllChangesOnSuccess, CancellationToken cancellationToken)
   at Microsoft.EntityFrameworkCore.DbContext.SaveChangesAsync(Boolean acceptAllChangesOnSuccess, CancellationToken cancellationToken)
2025-11-06 19:49:48.781 +01:00 [ERR] [SceneRepository -> DeleteQuestionScene] Error deleting scene 3
System.InvalidOperationException: Unable to save changes because a circular dependency was detected in the data to be saved: 'QuestionScene [Modified] ForeignKeyConstraint { 'NextQuestionSceneId' } <-
QuestionScene [Deleted] Index { 'NextQuestionSceneId' } <-
QuestionScene [Modified]To show additional information call 'DbContextOptionsBuilder.EnableSensitiveDataLogging'.'.
   at Microsoft.EntityFrameworkCore.Utilities.Multigraph`2.ThrowCycle(List`1 cycle, Func`2 formatCycle, Func`2 formatException)
   at Microsoft.EntityFrameworkCore.Utilities.Multigraph`2.TopologicalSortCore(Boolean withBatching, Func`4 canBreakEdges, Func`2 formatCycle, Func`2 formatException)
   at Microsoft.EntityFrameworkCore.Utilities.Multigraph`2.BatchingTopologicalSort(Func`4 canBreakEdges, Func`2 formatCycle, Func`2 formatException)
   at Microsoft.EntityFrameworkCore.Update.Internal.CommandBatchPreparer.TopologicalSort(IEnumerable`1 commands)
   at Microsoft.EntityFrameworkCore.Update.Internal.CommandBatchPreparer.BatchCommands(IList`1 entries, IUpdateAdapter updateAdapter)+MoveNext()
   at Microsoft.EntityFrameworkCore.Update.Internal.BatchExecutor.ExecuteAsync(IEnumerable`1 commandBatches, IRelationalConnection connection, CancellationToken cancellationToken)
   at Microsoft.EntityFrameworkCore.ChangeTracking.Internal.StateManager.SaveChangesAsync(IList`1 entriesToSave, CancellationToken cancellationToken)
   at Microsoft.EntityFrameworkCore.ChangeTracking.Internal.StateManager.SaveChangesAsync(StateManager stateManager, Boolean acceptAllChangesOnSuccess, CancellationToken cancellationToken)
   at Microsoft.EntityFrameworkCore.DbContext.SaveChangesAsync(Boolean acceptAllChangesOnSuccess, CancellationToken cancellationToken)
   at Microsoft.EntityFrameworkCore.DbContext.SaveChangesAsync(Boolean acceptAllChangesOnSuccess, CancellationToken cancellationToken)
   at Jam.DAL.SceneDAL.SceneRepository.DeleteQuestionScene(Int32 questionSceneId, Nullable`1 previousSceneId) in /Users/jaraazad/Desktop/Jam/DAL/SceneDAL/SceneRepository.cs:line 440
2025-11-06 19:49:48.782 +01:00 [INF] Executing RedirectResult, redirecting to /StoryEditing/EditQuestionScenes?storyId=1.
2025-11-06 19:49:48.782 +01:00 [INF] Executed action Jam.Controllers.StoryEditingController.DeleteQuestion (Jam) in 148.5379ms
2025-11-06 19:49:48.782 +01:00 [INF] Executed endpoint 'Jam.Controllers.StoryEditingController.DeleteQuestion (Jam)'
2025-11-06 19:49:48.783 +01:00 [INF] Request finished HTTP/2 POST https://localhost:7025/StoryEditing/DeleteQuestion?storyId=1&questionSceneId=3 - 302 0 null 226.7087ms
2025-11-06 19:49:48.816 +01:00 [INF] Request starting HTTP/2 GET https://localhost:7025/StoryEditing/EditQuestionScenes?storyId=1 - null null
2025-11-06 19:49:48.817 +01:00 [INF] Executing endpoint 'Jam.Controllers.StoryEditingController.EditQuestionScenes (Jam)'
2025-11-06 19:49:48.817 +01:00 [INF] Route matched with {action = "EditQuestionScenes", controller = "StoryEditing", page = "", area = ""}. Executing controller action with signature System.Threading.Tasks.Task`1[Microsoft.AspNetCore.Mvc.IActionResult] EditQuestionScenes(Int32) on controller Jam.Controllers.StoryEditingController (Jam).
2025-11-06 19:49:48.821 +01:00 [INF] Executing ViewResult, running view EditQuestionScenes.
2025-11-06 19:49:48.985 +01:00 [INF] Executed ViewResult - view EditQuestionScenes executed in 163.9743ms.
2025-11-06 19:49:48.985 +01:00 [INF] Executed action Jam.Controllers.StoryEditingController.EditQuestionScenes (Jam) in 167.8626ms
2025-11-06 19:49:48.985 +01:00 [INF] Executed endpoint 'Jam.Controllers.StoryEditingController.EditQuestionScenes (Jam)'
2025-11-06 19:49:48.985 +01:00 [INF] Request finished HTTP/2 GET https://localhost:7025/StoryEditing/EditQuestionScenes?storyId=1 - 200 null text/html; charset=utf-8 168.828ms
2025-11-06 19:50:01.318 +01:00 [INF] Request starting HTTP/2 POST https://localhost:7025/StoryEditing/EditQuestionScenes - application/x-www-form-urlencoded 6488
2025-11-06 19:50:01.324 +01:00 [INF] Executing endpoint 'Jam.Controllers.StoryEditingController.EditQuestionScenes (Jam)'
2025-11-06 19:50:01.337 +01:00 [INF] Route matched with {action = "EditQuestionScenes", controller = "StoryEditing", page = "", area = ""}. Executing controller action with signature System.Threading.Tasks.Task`1[Microsoft.AspNetCore.Mvc.IActionResult] EditQuestionScenes(System.Collections.Generic.List`1[Jam.ViewModels.QuestionSceneBaseViewModel]) on controller Jam.Controllers.StoryEditingController (Jam).
2025-11-06 19:50:01.495 +01:00 [INF] Executing RedirectResult, redirecting to /StoryEditing/EditStory?storyId=1.
2025-11-06 19:50:01.495 +01:00 [INF] Executed action Jam.Controllers.StoryEditingController.EditQuestionScenes (Jam) in 158.1921ms
2025-11-06 19:50:01.495 +01:00 [INF] Executed endpoint 'Jam.Controllers.StoryEditingController.EditQuestionScenes (Jam)'
2025-11-06 19:50:01.496 +01:00 [INF] Request finished HTTP/2 POST https://localhost:7025/StoryEditing/EditQuestionScenes - 302 0 null 178.8153ms
2025-11-06 19:50:01.523 +01:00 [INF] Request starting HTTP/2 GET https://localhost:7025/StoryEditing/EditStory?storyId=1 - null null
2025-11-06 19:50:01.523 +01:00 [INF] Executing endpoint 'Jam.Controllers.StoryEditingController.EditStory (Jam)'
2025-11-06 19:50:01.524 +01:00 [INF] Route matched with {action = "EditStory", controller = "StoryEditing", page = "", area = ""}. Executing controller action with signature System.Threading.Tasks.Task`1[Microsoft.AspNetCore.Mvc.IActionResult] EditStory(Int32) on controller Jam.Controllers.StoryEditingController (Jam).
2025-11-06 19:50:01.528 +01:00 [INF] Executing ViewResult, running view EditStory.
2025-11-06 19:50:01.584 +01:00 [INF] Executed ViewResult - view EditStory executed in 57.0656ms.
2025-11-06 19:50:01.585 +01:00 [INF] Executed action Jam.Controllers.StoryEditingController.EditStory (Jam) in 61.0909ms
2025-11-06 19:50:01.585 +01:00 [INF] Executed endpoint 'Jam.Controllers.StoryEditingController.EditStory (Jam)'
2025-11-06 19:50:01.585 +01:00 [INF] Request finished HTTP/2 GET https://localhost:7025/StoryEditing/EditStory?storyId=1 - 200 null text/html; charset=utf-8 62.0695ms
2025-11-06 19:50:03.287 +01:00 [INF] Request starting HTTP/2 GET https://localhost:7025/StoryEditing/EditQuestionScenes?storyId=1 - null null
2025-11-06 19:50:03.288 +01:00 [INF] Executing endpoint 'Jam.Controllers.StoryEditingController.EditQuestionScenes (Jam)'
2025-11-06 19:50:03.289 +01:00 [INF] Route matched with {action = "EditQuestionScenes", controller = "StoryEditing", page = "", area = ""}. Executing controller action with signature System.Threading.Tasks.Task`1[Microsoft.AspNetCore.Mvc.IActionResult] EditQuestionScenes(Int32) on controller Jam.Controllers.StoryEditingController (Jam).
2025-11-06 19:50:03.300 +01:00 [INF] Executing ViewResult, running view EditQuestionScenes.
2025-11-06 19:50:03.439 +01:00 [INF] Executed ViewResult - view EditQuestionScenes executed in 139.1425ms.
2025-11-06 19:50:03.439 +01:00 [INF] Executed action Jam.Controllers.StoryEditingController.EditQuestionScenes (Jam) in 150.8879ms
2025-11-06 19:50:03.440 +01:00 [INF] Executed endpoint 'Jam.Controllers.StoryEditingController.EditQuestionScenes (Jam)'
2025-11-06 19:50:03.440 +01:00 [INF] Request finished HTTP/2 GET https://localhost:7025/StoryEditing/EditQuestionScenes?storyId=1 - 200 null text/html; charset=utf-8 173.618ms
2025-11-06 19:50:07.598 +01:00 [INF] Request starting HTTP/2 POST https://localhost:7025/StoryEditing/DeleteQuestion?storyId=1&questionSceneId=1 - application/x-www-form-urlencoded 225
2025-11-06 19:50:07.600 +01:00 [INF] Executing endpoint 'Jam.Controllers.StoryEditingController.DeleteQuestion (Jam)'
2025-11-06 19:50:07.601 +01:00 [INF] Route matched with {action = "DeleteQuestion", controller = "StoryEditing", page = "", area = ""}. Executing controller action with signature System.Threading.Tasks.Task`1[Microsoft.AspNetCore.Mvc.IActionResult] DeleteQuestion(Int32, Int32) on controller Jam.Controllers.StoryEditingController (Jam).
2025-11-06 19:50:07.611 +01:00 [INF] Deleting QuestionScene 1, previous=2, next=null
2025-11-06 19:50:07.623 +01:00 [INF] [SceneRepository -> DeleteQuestionScene] Deleted scene 1, linked previous=2 → next=null
2025-11-06 19:50:07.623 +01:00 [INF] Executing RedirectResult, redirecting to /StoryEditing/EditQuestionScenes?storyId=1.
2025-11-06 19:50:07.623 +01:00 [INF] Executed action Jam.Controllers.StoryEditingController.DeleteQuestion (Jam) in 22.7496ms
2025-11-06 19:50:07.624 +01:00 [INF] Executed endpoint 'Jam.Controllers.StoryEditingController.DeleteQuestion (Jam)'
2025-11-06 19:50:07.624 +01:00 [INF] Request finished HTTP/2 POST https://localhost:7025/StoryEditing/DeleteQuestion?storyId=1&questionSceneId=1 - 302 0 null 25.6167ms
2025-11-06 19:50:07.679 +01:00 [INF] Request starting HTTP/2 GET https://localhost:7025/StoryEditing/EditQuestionScenes?storyId=1 - null null
2025-11-06 19:50:07.680 +01:00 [INF] Executing endpoint 'Jam.Controllers.StoryEditingController.EditQuestionScenes (Jam)'
2025-11-06 19:50:07.680 +01:00 [INF] Route matched with {action = "EditQuestionScenes", controller = "StoryEditing", page = "", area = ""}. Executing controller action with signature System.Threading.Tasks.Task`1[Microsoft.AspNetCore.Mvc.IActionResult] EditQuestionScenes(Int32) on controller Jam.Controllers.StoryEditingController (Jam).
2025-11-06 19:50:07.685 +01:00 [INF] Executing ViewResult, running view EditQuestionScenes.
2025-11-06 19:50:07.770 +01:00 [INF] Executed ViewResult - view EditQuestionScenes executed in 84.9655ms.
2025-11-06 19:50:07.770 +01:00 [INF] Executed action Jam.Controllers.StoryEditingController.EditQuestionScenes (Jam) in 89.6063ms
2025-11-06 19:50:07.770 +01:00 [INF] Executed endpoint 'Jam.Controllers.StoryEditingController.EditQuestionScenes (Jam)'
2025-11-06 19:50:07.770 +01:00 [INF] Request finished HTTP/2 GET https://localhost:7025/StoryEditing/EditQuestionScenes?storyId=1 - 200 null text/html; charset=utf-8 91.0905ms
