2025-11-07 15:04:49.145 +01:00 [INF] User profile is available. Using '/Users/jaraazad/.aspnet/DataProtection-Keys' as key repository; keys will not be encrypted at rest.
2025-11-07 15:04:49.650 +01:00 [INF] Applying migration '20251024065541_InitialCreate'.
2025-11-07 15:04:49.689 +01:00 [INF] Applying migration '20251101105657_AddIdentitySupport'.
2025-11-07 15:04:49.729 +01:00 [INF] Applying migration '20251103080324_UpdateNextQuestionSceneDeleteBehavior'.
2025-11-07 15:04:50.664 +01:00 [INF] Now listening on: https://localhost:7025
2025-11-07 15:04:50.664 +01:00 [INF] Now listening on: http://localhost:5262
2025-11-07 15:04:50.669 +01:00 [INF] Application started. Press Ctrl+C to shut down.
2025-11-07 15:04:50.670 +01:00 [INF] Hosting environment: Development
2025-11-07 15:04:50.670 +01:00 [INF] Content root path: /Users/jaraazad/Desktop/Jam
2025-11-07 15:04:51.505 +01:00 [INF] Request starting HTTP/2 GET https://localhost:7025/ - null null
2025-11-07 15:04:51.639 +01:00 [INF] Executing endpoint 'Jam.Controllers.HomeController.Index (Jam)'
2025-11-07 15:04:51.654 +01:00 [INF] Route matched with {action = "Index", controller = "Home", page = "", area = ""}. Executing controller action with signature System.Threading.Tasks.Task`1[Microsoft.AspNetCore.Mvc.IActionResult] Index() on controller Jam.Controllers.HomeController (Jam).
2025-11-07 15:04:51.673 +01:00 [WRN] [HomeController -> Index] Auth cookie invalid or user no longer exists. Redirecting to login.
2025-11-07 15:04:51.679 +01:00 [INF] AuthenticationScheme: Identity.Application signed out.
2025-11-07 15:04:51.680 +01:00 [INF] AuthenticationScheme: Identity.External signed out.
2025-11-07 15:04:51.680 +01:00 [INF] AuthenticationScheme: Identity.TwoFactorUserId signed out.
2025-11-07 15:04:51.681 +01:00 [INF] Executing LocalRedirectResult, redirecting to /Identity/Account/Login.
2025-11-07 15:04:51.684 +01:00 [INF] Executed action Jam.Controllers.HomeController.Index (Jam) in 27.9799ms
2025-11-07 15:04:51.685 +01:00 [INF] Executed endpoint 'Jam.Controllers.HomeController.Index (Jam)'
2025-11-07 15:04:51.689 +01:00 [INF] Request finished HTTP/2 GET https://localhost:7025/ - 302 0 null 185.7871ms
2025-11-07 15:04:51.782 +01:00 [INF] Request starting HTTP/2 GET https://localhost:7025/Identity/Account/Login - null null
2025-11-07 15:04:51.810 +01:00 [INF] Executing endpoint '/Account/Login'
2025-11-07 15:04:51.823 +01:00 [INF] Route matched with {page = "/Account/Login", area = "Identity", action = "", controller = ""}. Executing page /Account/Login
2025-11-07 15:04:51.831 +01:00 [INF] Executing handler method Jam.Areas.Identity.Pages.Account.LoginModel.OnGetAsync - ModelState is "Valid"
2025-11-07 15:04:51.833 +01:00 [INF] AuthenticationScheme: Identity.External signed out.
2025-11-07 15:04:51.833 +01:00 [INF] Executed handler method OnGetAsync, returned result .
2025-11-07 15:04:51.835 +01:00 [INF] Executing an implicit handler method - ModelState is "Valid"
2025-11-07 15:04:51.835 +01:00 [INF] Executed an implicit handler method, returned result Microsoft.AspNetCore.Mvc.RazorPages.PageResult.
2025-11-07 15:04:51.927 +01:00 [INF] Executed page /Account/Login in 103.7559ms
2025-11-07 15:04:51.928 +01:00 [INF] Executed endpoint '/Account/Login'
2025-11-07 15:04:51.933 +01:00 [INF] Request finished HTTP/2 GET https://localhost:7025/Identity/Account/Login - 200 null text/html; charset=utf-8 150.9642ms
2025-11-07 15:04:51.967 +01:00 [INF] Request starting HTTP/2 GET https://localhost:7025/lib/jquery-validation/dist/jquery.validate.min.js - null null
2025-11-07 15:04:51.967 +01:00 [INF] Request starting HTTP/2 GET https://localhost:7025/lib/jquery-validation-unobtrusive/jquery.validate.unobtrusive.min.js - null null
2025-11-07 15:04:51.973 +01:00 [INF] Request finished HTTP/2 GET https://localhost:7025/lib/jquery-validation/dist/jquery.validate.min.js - 404 0 null 6.4036ms
2025-11-07 15:04:51.973 +01:00 [INF] Request finished HTTP/2 GET https://localhost:7025/lib/jquery-validation-unobtrusive/jquery.validate.unobtrusive.min.js - 404 0 null 6.2875ms
2025-11-07 15:04:51.974 +01:00 [INF] Request reached the end of the middleware pipeline without being handled by application code. Request path: GET https://localhost:7025/lib/jquery-validation/dist/jquery.validate.min.js, Response status code: 404
2025-11-07 15:04:51.974 +01:00 [INF] Request reached the end of the middleware pipeline without being handled by application code. Request path: GET https://localhost:7025/lib/jquery-validation-unobtrusive/jquery.validate.unobtrusive.min.js, Response status code: 404
2025-11-07 15:04:53.540 +01:00 [INF] Request starting HTTP/2 POST https://localhost:7025/Identity/Account/Login - application/x-www-form-urlencoded 236
2025-11-07 15:04:53.548 +01:00 [INF] Executing endpoint '/Account/Login'
2025-11-07 15:04:53.550 +01:00 [INF] Route matched with {page = "/Account/Login", area = "Identity", action = "", controller = ""}. Executing page /Account/Login
2025-11-07 15:04:53.578 +01:00 [INF] Executing handler method Jam.Areas.Identity.Pages.Account.LoginModel.OnPostAsync - ModelState is "Valid"
2025-11-07 15:04:53.697 +01:00 [INF] AuthenticationScheme: Identity.Application signed in.
2025-11-07 15:04:53.698 +01:00 [INF] User logged in.
2025-11-07 15:04:53.698 +01:00 [INF] Executed handler method OnPostAsync, returned result Microsoft.AspNetCore.Mvc.LocalRedirectResult.
2025-11-07 15:04:53.698 +01:00 [INF] Executing LocalRedirectResult, redirecting to /.
2025-11-07 15:04:53.698 +01:00 [INF] Executed page /Account/Login in 148.0722ms
2025-11-07 15:04:53.698 +01:00 [INF] Executed endpoint '/Account/Login'
2025-11-07 15:04:53.699 +01:00 [INF] Request finished HTTP/2 POST https://localhost:7025/Identity/Account/Login - 302 0 null 159.4301ms
2025-11-07 15:04:53.727 +01:00 [INF] Request starting HTTP/2 GET https://localhost:7025/ - null null
2025-11-07 15:04:53.754 +01:00 [INF] Executing endpoint 'Jam.Controllers.HomeController.Index (Jam)'
2025-11-07 15:04:53.754 +01:00 [INF] Route matched with {action = "Index", controller = "Home", page = "", area = ""}. Executing controller action with signature System.Threading.Tasks.Task`1[Microsoft.AspNetCore.Mvc.IActionResult] Index() on controller Jam.Controllers.HomeController (Jam).
2025-11-07 15:04:53.802 +01:00 [INF] Executing ViewResult, running view Index.
2025-11-07 15:04:53.816 +01:00 [INF] Executed ViewResult - view Index executed in 15.043ms.
2025-11-07 15:04:53.817 +01:00 [INF] Executed action Jam.Controllers.HomeController.Index (Jam) in 63.0096ms
2025-11-07 15:04:53.817 +01:00 [INF] Executed endpoint 'Jam.Controllers.HomeController.Index (Jam)'
2025-11-07 15:04:53.817 +01:00 [INF] Request finished HTTP/2 GET https://localhost:7025/ - 200 null text/html; charset=utf-8 115.7085ms
2025-11-07 15:04:55.049 +01:00 [INF] Request starting HTTP/2 GET https://localhost:7025/StoryCreation/CreateStoryAndIntro - null null
2025-11-07 15:04:55.081 +01:00 [INF] Executing endpoint 'Jam.Controllers.StoryCreationController.CreateStoryAndIntro (Jam)'
2025-11-07 15:04:55.084 +01:00 [INF] Route matched with {action = "CreateStoryAndIntro", controller = "StoryCreation", page = "", area = ""}. Executing controller action with signature Microsoft.AspNetCore.Mvc.IActionResult CreateStoryAndIntro() on controller Jam.Controllers.StoryCreationController (Jam).
2025-11-07 15:04:55.087 +01:00 [INF] Accessing expired session, Key:81240ac2-d632-8b42-bfc2-321f7eaa06ba
2025-11-07 15:04:55.093 +01:00 [INF] Executing ViewResult, running view CreateStoryAndIntro.
2025-11-07 15:04:55.201 +01:00 [INF] Executed ViewResult - view CreateStoryAndIntro executed in 108.7604ms.
2025-11-07 15:04:55.204 +01:00 [INF] Executed action Jam.Controllers.StoryCreationController.CreateStoryAndIntro (Jam) in 119.7909ms
2025-11-07 15:04:55.204 +01:00 [INF] Executed endpoint 'Jam.Controllers.StoryCreationController.CreateStoryAndIntro (Jam)'
2025-11-07 15:04:55.204 +01:00 [INF] Request finished HTTP/2 GET https://localhost:7025/StoryCreation/CreateStoryAndIntro - 200 null text/html; charset=utf-8 155.5375ms
2025-11-07 15:04:56.804 +01:00 [INF] Request starting HTTP/2 POST https://localhost:7025/StoryCreation/CreateStoryAndIntro - application/x-www-form-urlencoded 270
2025-11-07 15:04:56.835 +01:00 [INF] Executing endpoint 'Jam.Controllers.StoryCreationController.CreateStoryAndIntro (Jam)'
2025-11-07 15:04:56.844 +01:00 [INF] Route matched with {action = "CreateStoryAndIntro", controller = "StoryCreation", page = "", area = ""}. Executing controller action with signature Microsoft.AspNetCore.Mvc.IActionResult CreateStoryAndIntro(Jam.ViewModels.StoryCreation.CreateStoryAndIntroViewModel, System.String) on controller Jam.Controllers.StoryCreationController (Jam).
2025-11-07 15:04:56.851 +01:00 [INF] Accessing expired session, Key:81240ac2-d632-8b42-bfc2-321f7eaa06ba
2025-11-07 15:04:56.852 +01:00 [INF] Executing RedirectResult, redirecting to /.
2025-11-07 15:04:56.852 +01:00 [INF] Executed action Jam.Controllers.StoryCreationController.CreateStoryAndIntro (Jam) in 8.2369ms
2025-11-07 15:04:56.852 +01:00 [INF] Executed endpoint 'Jam.Controllers.StoryCreationController.CreateStoryAndIntro (Jam)'
2025-11-07 15:04:56.852 +01:00 [INF] Request finished HTTP/2 POST https://localhost:7025/StoryCreation/CreateStoryAndIntro - 302 0 null 72.3185ms
2025-11-07 15:04:56.886 +01:00 [INF] Request starting HTTP/2 GET https://localhost:7025/ - null null
2025-11-07 15:04:56.887 +01:00 [INF] Executing endpoint 'Jam.Controllers.HomeController.Index (Jam)'
2025-11-07 15:04:56.887 +01:00 [INF] Route matched with {action = "Index", controller = "Home", page = "", area = ""}. Executing controller action with signature System.Threading.Tasks.Task`1[Microsoft.AspNetCore.Mvc.IActionResult] Index() on controller Jam.Controllers.HomeController (Jam).
2025-11-07 15:04:56.923 +01:00 [INF] Executing ViewResult, running view Index.
2025-11-07 15:04:56.927 +01:00 [INF] Executed ViewResult - view Index executed in 3.2383ms.
2025-11-07 15:04:56.950 +01:00 [INF] Executed action Jam.Controllers.HomeController.Index (Jam) in 63.4426ms
2025-11-07 15:04:56.951 +01:00 [INF] Executed endpoint 'Jam.Controllers.HomeController.Index (Jam)'
2025-11-07 15:04:56.951 +01:00 [INF] Request finished HTTP/2 GET https://localhost:7025/ - 200 null text/html; charset=utf-8 65.2091ms
2025-11-07 15:04:57.902 +01:00 [INF] Request starting HTTP/2 GET https://localhost:7025/StoryCreation/CreateStoryAndIntro - null null
2025-11-07 15:04:57.903 +01:00 [INF] Executing endpoint 'Jam.Controllers.StoryCreationController.CreateStoryAndIntro (Jam)'
2025-11-07 15:04:57.903 +01:00 [INF] Route matched with {action = "CreateStoryAndIntro", controller = "StoryCreation", page = "", area = ""}. Executing controller action with signature Microsoft.AspNetCore.Mvc.IActionResult CreateStoryAndIntro() on controller Jam.Controllers.StoryCreationController (Jam).
2025-11-07 15:04:57.905 +01:00 [INF] Accessing expired session, Key:81240ac2-d632-8b42-bfc2-321f7eaa06ba
2025-11-07 15:04:57.905 +01:00 [INF] Executing ViewResult, running view CreateStoryAndIntro.
2025-11-07 15:04:57.932 +01:00 [INF] Executed ViewResult - view CreateStoryAndIntro executed in 27.2192ms.
2025-11-07 15:04:57.958 +01:00 [INF] Executed action Jam.Controllers.StoryCreationController.CreateStoryAndIntro (Jam) in 55.116ms
2025-11-07 15:04:57.984 +01:00 [INF] Executed endpoint 'Jam.Controllers.StoryCreationController.CreateStoryAndIntro (Jam)'
2025-11-07 15:04:57.994 +01:00 [INF] Request finished HTTP/2 GET https://localhost:7025/StoryCreation/CreateStoryAndIntro - 200 null text/html; charset=utf-8 92.7478ms
2025-11-07 15:04:59.542 +01:00 [INF] Request starting HTTP/2 POST https://localhost:7025/StoryCreation/CreateStoryAndIntro - application/x-www-form-urlencoded 273
2025-11-07 15:04:59.544 +01:00 [INF] Executing endpoint 'Jam.Controllers.StoryCreationController.CreateStoryAndIntro (Jam)'
2025-11-07 15:04:59.544 +01:00 [INF] Route matched with {action = "CreateStoryAndIntro", controller = "StoryCreation", page = "", area = ""}. Executing controller action with signature Microsoft.AspNetCore.Mvc.IActionResult CreateStoryAndIntro(Jam.ViewModels.StoryCreation.CreateStoryAndIntroViewModel, System.String) on controller Jam.Controllers.StoryCreationController (Jam).
2025-11-07 15:04:59.545 +01:00 [INF] Accessing expired session, Key:81240ac2-d632-8b42-bfc2-321f7eaa06ba
2025-11-07 15:04:59.546 +01:00 [INF] Executing RedirectResult, redirecting to /.
2025-11-07 15:04:59.546 +01:00 [INF] Executed action Jam.Controllers.StoryCreationController.CreateStoryAndIntro (Jam) in 1.5275ms
2025-11-07 15:04:59.546 +01:00 [INF] Executed endpoint 'Jam.Controllers.StoryCreationController.CreateStoryAndIntro (Jam)'
2025-11-07 15:04:59.546 +01:00 [INF] Request finished HTTP/2 POST https://localhost:7025/StoryCreation/CreateStoryAndIntro - 302 0 null 3.6702ms
2025-11-07 15:04:59.551 +01:00 [INF] Request starting HTTP/2 GET https://localhost:7025/ - null null
2025-11-07 15:04:59.552 +01:00 [INF] Executing endpoint 'Jam.Controllers.HomeController.Index (Jam)'
2025-11-07 15:04:59.552 +01:00 [INF] Route matched with {action = "Index", controller = "Home", page = "", area = ""}. Executing controller action with signature System.Threading.Tasks.Task`1[Microsoft.AspNetCore.Mvc.IActionResult] Index() on controller Jam.Controllers.HomeController (Jam).
2025-11-07 15:04:59.562 +01:00 [INF] Executing ViewResult, running view Index.
2025-11-07 15:04:59.594 +01:00 [INF] Executed ViewResult - view Index executed in 32.0576ms.
2025-11-07 15:04:59.618 +01:00 [INF] Executed action Jam.Controllers.HomeController.Index (Jam) in 65.6161ms
2025-11-07 15:04:59.668 +01:00 [INF] Executed endpoint 'Jam.Controllers.HomeController.Index (Jam)'
2025-11-07 15:04:59.694 +01:00 [INF] Request finished HTTP/2 GET https://localhost:7025/ - 200 null text/html; charset=utf-8 143.377ms
2025-11-07 15:05:00.582 +01:00 [INF] Request starting HTTP/2 GET https://localhost:7025/StoryCreation/CreateStoryAndIntro - null null
2025-11-07 15:05:00.585 +01:00 [INF] Executing endpoint 'Jam.Controllers.StoryCreationController.CreateStoryAndIntro (Jam)'
2025-11-07 15:05:00.585 +01:00 [INF] Route matched with {action = "CreateStoryAndIntro", controller = "StoryCreation", page = "", area = ""}. Executing controller action with signature Microsoft.AspNetCore.Mvc.IActionResult CreateStoryAndIntro() on controller Jam.Controllers.StoryCreationController (Jam).
2025-11-07 15:05:00.585 +01:00 [INF] Accessing expired session, Key:81240ac2-d632-8b42-bfc2-321f7eaa06ba
2025-11-07 15:05:00.594 +01:00 [INF] Executing ViewResult, running view CreateStoryAndIntro.
2025-11-07 15:05:00.649 +01:00 [INF] Executed ViewResult - view CreateStoryAndIntro executed in 55.3286ms.
2025-11-07 15:05:00.653 +01:00 [INF] Executed action Jam.Controllers.StoryCreationController.CreateStoryAndIntro (Jam) in 67.6342ms
2025-11-07 15:05:00.653 +01:00 [INF] Executed endpoint 'Jam.Controllers.StoryCreationController.CreateStoryAndIntro (Jam)'
2025-11-07 15:05:00.653 +01:00 [INF] Request finished HTTP/2 GET https://localhost:7025/StoryCreation/CreateStoryAndIntro - 200 null text/html; charset=utf-8 96.9532ms
2025-11-07 15:05:13.190 +01:00 [INF] Request starting HTTP/2 POST https://localhost:7025/StoryCreation/CreateStoryAndIntro - application/x-www-form-urlencoded 306
2025-11-07 15:05:13.195 +01:00 [INF] Executing endpoint 'Jam.Controllers.StoryCreationController.CreateStoryAndIntro (Jam)'
2025-11-07 15:05:13.196 +01:00 [INF] Route matched with {action = "CreateStoryAndIntro", controller = "StoryCreation", page = "", area = ""}. Executing controller action with signature Microsoft.AspNetCore.Mvc.IActionResult CreateStoryAndIntro(Jam.ViewModels.StoryCreation.CreateStoryAndIntroViewModel, System.String) on controller Jam.Controllers.StoryCreationController (Jam).
2025-11-07 15:05:13.199 +01:00 [INF] Accessing expired session, Key:81240ac2-d632-8b42-bfc2-321f7eaa06ba
2025-11-07 15:05:13.237 +01:00 [INF] Executing RedirectResult, redirecting to /StoryCreation/CreateQuestionScenes.
2025-11-07 15:05:13.237 +01:00 [INF] Executed action Jam.Controllers.StoryCreationController.CreateStoryAndIntro (Jam) in 41.4793ms
2025-11-07 15:05:13.237 +01:00 [INF] Executed endpoint 'Jam.Controllers.StoryCreationController.CreateStoryAndIntro (Jam)'
2025-11-07 15:05:13.238 +01:00 [INF] Session started; Key:81240ac2-d632-8b42-bfc2-321f7eaa06ba, Id:b72d0255-e0b9-ebe9-e734-a7984714747b
2025-11-07 15:05:13.239 +01:00 [INF] Request finished HTTP/2 POST https://localhost:7025/StoryCreation/CreateStoryAndIntro - 302 0 null 98.7277ms
2025-11-07 15:05:13.245 +01:00 [INF] Request starting HTTP/2 GET https://localhost:7025/StoryCreation/CreateQuestionScenes - null null
2025-11-07 15:05:13.246 +01:00 [INF] Executing endpoint 'Jam.Controllers.StoryCreationController.CreateQuestionScenes (Jam)'
2025-11-07 15:05:13.247 +01:00 [INF] Route matched with {action = "CreateQuestionScenes", controller = "StoryCreation", page = "", area = ""}. Executing controller action with signature Microsoft.AspNetCore.Mvc.IActionResult CreateQuestionScenes() on controller Jam.Controllers.StoryCreationController (Jam).
2025-11-07 15:05:13.253 +01:00 [INF] Executing ViewResult, running view CreateQuestionScenes.
2025-11-07 15:05:13.328 +01:00 [INF] Executed ViewResult - view CreateQuestionScenes executed in 50.3795ms.
2025-11-07 15:05:13.330 +01:00 [INF] Executed action Jam.Controllers.StoryCreationController.CreateQuestionScenes (Jam) in 82.2482ms
2025-11-07 15:05:13.330 +01:00 [INF] Executed endpoint 'Jam.Controllers.StoryCreationController.CreateQuestionScenes (Jam)'
2025-11-07 15:05:13.330 +01:00 [INF] Request finished HTTP/2 GET https://localhost:7025/StoryCreation/CreateQuestionScenes - 200 null text/html; charset=utf-8 84.8663ms
2025-11-07 15:05:16.005 +01:00 [INF] Request starting HTTP/2 GET https://localhost:7025/StoryCreation/GetQuestionScenePartial?index=1&questionNumber=2 - null null
2025-11-07 15:05:16.008 +01:00 [INF] Executing endpoint 'Jam.Controllers.StoryCreationController.GetQuestionScenePartial (Jam)'
2025-11-07 15:05:16.011 +01:00 [INF] Route matched with {action = "GetQuestionScenePartial", controller = "StoryCreation", page = "", area = ""}. Executing controller action with signature Microsoft.AspNetCore.Mvc.IActionResult GetQuestionScenePartial(Int32, Int32) on controller Jam.Controllers.StoryCreationController (Jam).
2025-11-07 15:05:16.016 +01:00 [INF] Executing PartialViewResult, running view _QuestionScenePartial.
2025-11-07 15:05:16.075 +01:00 [INF] Executed PartialViewResult - view _QuestionScenePartial executed in 59.0909ms.
2025-11-07 15:05:16.075 +01:00 [INF] Executed action Jam.Controllers.StoryCreationController.GetQuestionScenePartial (Jam) in 64.0727ms
2025-11-07 15:05:16.075 +01:00 [INF] Executed endpoint 'Jam.Controllers.StoryCreationController.GetQuestionScenePartial (Jam)'
2025-11-07 15:05:16.075 +01:00 [INF] Request finished HTTP/2 GET https://localhost:7025/StoryCreation/GetQuestionScenePartial?index=1&questionNumber=2 - 200 null text/html; charset=utf-8 69.6248ms
2025-11-07 15:05:16.823 +01:00 [INF] Request starting HTTP/2 POST https://localhost:7025/StoryCreation/DeleteQuestionInline - application/x-www-form-urlencoded 1313
2025-11-07 15:05:16.824 +01:00 [INF] Executing endpoint 'Jam.Controllers.StoryCreationController.DeleteQuestionInline (Jam)'
2025-11-07 15:05:16.828 +01:00 [INF] Route matched with {action = "DeleteQuestionInline", controller = "StoryCreation", page = "", area = ""}. Executing controller action with signature Microsoft.AspNetCore.Mvc.IActionResult DeleteQuestionInline(Jam.ViewModels.StoryCreation.CreateMultipleQuestionScenesViewModel, Int32) on controller Jam.Controllers.StoryCreationController (Jam).
2025-11-07 15:05:16.838 +01:00 [INF] Executing ViewResult, running view CreateQuestionScenes.
2025-11-07 15:05:16.873 +01:00 [INF] Executed ViewResult - view CreateQuestionScenes executed in 35.1345ms.
2025-11-07 15:05:16.922 +01:00 [INF] Executed action Jam.Controllers.StoryCreationController.DeleteQuestionInline (Jam) in 93.6535ms
2025-11-07 15:05:16.947 +01:00 [INF] Executed endpoint 'Jam.Controllers.StoryCreationController.DeleteQuestionInline (Jam)'
2025-11-07 15:05:16.947 +01:00 [INF] Request finished HTTP/2 POST https://localhost:7025/StoryCreation/DeleteQuestionInline - 200 null text/html; charset=utf-8 124.5658ms
2025-11-07 15:05:30.044 +01:00 [INF] Request starting HTTP/2 POST https://localhost:7025/StoryCreation/CreateQuestionScenes - application/x-www-form-urlencoded 789
2025-11-07 15:05:30.086 +01:00 [INF] Executing endpoint 'Jam.Controllers.StoryCreationController.CreateQuestionScenes (Jam)'
2025-11-07 15:05:30.091 +01:00 [INF] Route matched with {action = "CreateQuestionScenes", controller = "StoryCreation", page = "", area = ""}. Executing controller action with signature Microsoft.AspNetCore.Mvc.IActionResult CreateQuestionScenes(Jam.ViewModels.StoryCreation.CreateMultipleQuestionScenesViewModel, System.String) on controller Jam.Controllers.StoryCreationController (Jam).
2025-11-07 15:05:30.095 +01:00 [INF] Executing ViewResult, running view CreateQuestionScenes.
2025-11-07 15:05:30.156 +01:00 [INF] Executed ViewResult - view CreateQuestionScenes executed in 60.7576ms.
2025-11-07 15:05:30.183 +01:00 [INF] Executed action Jam.Controllers.StoryCreationController.CreateQuestionScenes (Jam) in 90.7682ms
2025-11-07 15:05:30.183 +01:00 [INF] Executed endpoint 'Jam.Controllers.StoryCreationController.CreateQuestionScenes (Jam)'
2025-11-07 15:05:30.184 +01:00 [INF] Request finished HTTP/2 POST https://localhost:7025/StoryCreation/CreateQuestionScenes - 200 null text/html; charset=utf-8 165.4061ms
2025-11-07 15:05:32.649 +01:00 [INF] Request starting HTTP/2 POST https://localhost:7025/StoryCreation/CreateQuestionScenes - application/x-www-form-urlencoded 832
2025-11-07 15:05:32.650 +01:00 [INF] Executing endpoint 'Jam.Controllers.StoryCreationController.CreateQuestionScenes (Jam)'
2025-11-07 15:05:32.650 +01:00 [INF] Route matched with {action = "CreateQuestionScenes", controller = "StoryCreation", page = "", area = ""}. Executing controller action with signature Microsoft.AspNetCore.Mvc.IActionResult CreateQuestionScenes(Jam.ViewModels.StoryCreation.CreateMultipleQuestionScenesViewModel, System.String) on controller Jam.Controllers.StoryCreationController (Jam).
2025-11-07 15:05:32.655 +01:00 [INF] Executing RedirectResult, redirecting to /StoryCreation/CreateEndingScenes.
2025-11-07 15:05:32.655 +01:00 [INF] Executed action Jam.Controllers.StoryCreationController.CreateQuestionScenes (Jam) in 4.3965ms
2025-11-07 15:05:32.655 +01:00 [INF] Executed endpoint 'Jam.Controllers.StoryCreationController.CreateQuestionScenes (Jam)'
2025-11-07 15:05:32.655 +01:00 [INF] Request finished HTTP/2 POST https://localhost:7025/StoryCreation/CreateQuestionScenes - 302 0 null 6.4175ms
2025-11-07 15:05:32.658 +01:00 [INF] Request starting HTTP/2 GET https://localhost:7025/StoryCreation/CreateEndingScenes - null null
2025-11-07 15:05:32.659 +01:00 [INF] Executing endpoint 'Jam.Controllers.StoryCreationController.CreateEndingScenes (Jam)'
2025-11-07 15:05:32.661 +01:00 [INF] Route matched with {action = "CreateEndingScenes", controller = "StoryCreation", page = "", area = ""}. Executing controller action with signature Microsoft.AspNetCore.Mvc.IActionResult CreateEndingScenes(System.Nullable`1[System.Int32]) on controller Jam.Controllers.StoryCreationController (Jam).
2025-11-07 15:05:32.663 +01:00 [INF] Executing ViewResult, running view CreateEndingScenes.
2025-11-07 15:05:32.685 +01:00 [INF] Executed ViewResult - view CreateEndingScenes executed in 22.0158ms.
2025-11-07 15:05:32.685 +01:00 [INF] Executed action Jam.Controllers.StoryCreationController.CreateEndingScenes (Jam) in 24.5495ms
2025-11-07 15:05:32.711 +01:00 [INF] Executed endpoint 'Jam.Controllers.StoryCreationController.CreateEndingScenes (Jam)'
2025-11-07 15:05:32.711 +01:00 [INF] Request finished HTTP/2 GET https://localhost:7025/StoryCreation/CreateEndingScenes - 200 null text/html; charset=utf-8 52.9642ms
